2024-01-13 19:48:22,370 - INFO - Start experiment: mcts_rosenbrock50d_3000
2024-01-13 19:48:22,370 - INFO - ==================================================
2024-01-13 19:48:22,370 - INFO - Config:
2024-01-13 19:48:22,370 - INFO - seed: 0
2024-01-13 19:48:22,371 - INFO - Cp: 1.0
2024-01-13 19:48:22,371 - INFO - leaf_size: 20
2024-01-13 19:48:22,371 - INFO - node_selection_type: UCB
2024-01-13 19:48:22,371 - INFO - initial_sampling_method: Sobol
2024-01-13 19:48:22,477 - INFO - bounds: tensor([[-9., -9., -9., -9., -9., -9., -9., -9., -9., -9., -9., -9., -9., -9.,
         -9., -9., -9., -9., -9., -9., -9., -9., -9., -9., -9., -9., -9., -9.,
         -9., -9., -9., -9., -9., -9., -9., -9., -9., -9., -9., -9., -9., -9.,
         -9., -9., -9., -9., -9., -9., -9., -9.],
        [10., 10., 10., 10., 10., 10., 10., 10., 10., 10., 10., 10., 10., 10.,
         10., 10., 10., 10., 10., 10., 10., 10., 10., 10., 10., 10., 10., 10.,
         10., 10., 10., 10., 10., 10., 10., 10., 10., 10., 10., 10., 10., 10.,
         10., 10., 10., 10., 10., 10., 10., 10.]], device='cuda:0',
       dtype=torch.float64)
2024-01-13 19:48:22,478 - INFO - num_init: 100
2024-01-13 19:48:22,478 - INFO - obj_func: Rosenbrock()
2024-01-13 19:48:22,478 - INFO - optimizer_type: turbo
2024-01-13 19:48:22,478 - INFO - optimizer_params: {'batch_size': 4, 'acqf': 'ts', 'num_restarts': 10, 'raw_samples': 512, 'max_cholesky_size': 2000}
2024-01-13 19:48:22,478 - INFO - classifier_type: SVM
2024-01-13 19:48:22,478 - INFO - classifier_params: {'kernel_type': 'poly', 'gamma_type': 'auto'}
2024-01-13 19:48:22,478 - INFO - ==================================================
2024-01-13 19:48:23,514 - INFO - [104 in node 3] Best value: -5892132.720 | TR length: 0.800 | num. failures: 0/13 | num. successes: 1/10
2024-01-13 19:48:24,142 - INFO - [108 in node 3] Best value: -5795721.394 | TR length: 0.800 | num. failures: 0/13 | num. successes: 2/10
2024-01-13 19:48:24,697 - INFO - [112 in node 3] Best value: -4341118.442 | TR length: 0.800 | num. failures: 0/13 | num. successes: 3/10
2024-01-13 19:48:25,224 - INFO - [116 in node 3] Best value: -3971966.478 | TR length: 0.800 | num. failures: 0/13 | num. successes: 4/10
2024-01-13 19:48:25,755 - INFO - [120 in node 3] Best value: -3971966.478 | TR length: 0.800 | num. failures: 1/13 | num. successes: 0/10
2024-01-13 19:48:26,136 - INFO - [124 in node 3] Best value: -3686782.280 | TR length: 0.800 | num. failures: 0/13 | num. successes: 1/10
2024-01-13 19:48:26,687 - INFO - [128 in node 3] Best value: -3686782.280 | TR length: 0.800 | num. failures: 1/13 | num. successes: 0/10
2024-01-13 19:48:27,386 - INFO - [132 in node 3] Best value: -3667664.597 | TR length: 0.800 | num. failures: 0/13 | num. successes: 1/10
2024-01-13 19:48:27,921 - INFO - [136 in node 3] Best value: -3667664.597 | TR length: 0.800 | num. failures: 1/13 | num. successes: 0/10
2024-01-13 19:48:28,590 - INFO - [140 in node 3] Best value: -2713039.131 | TR length: 0.800 | num. failures: 0/13 | num. successes: 1/10
2024-01-13 19:48:29,045 - INFO - [144 in node 3] Best value: -2713039.131 | TR length: 0.800 | num. failures: 1/13 | num. successes: 0/10
2024-01-13 19:48:29,871 - INFO - [148 in node 3] Best value: -2713039.131 | TR length: 0.800 | num. failures: 2/13 | num. successes: 0/10
2024-01-13 19:48:30,444 - INFO - [152 in node 3] Best value: -2713039.131 | TR length: 0.800 | num. failures: 3/13 | num. successes: 0/10
2024-01-13 19:48:31,051 - INFO - [156 in node 3] Best value: -2713039.131 | TR length: 0.800 | num. failures: 4/13 | num. successes: 0/10
2024-01-13 19:48:31,722 - INFO - [160 in node 3] Best value: -2713039.131 | TR length: 0.800 | num. failures: 5/13 | num. successes: 0/10
2024-01-13 19:48:32,280 - INFO - [164 in node 3] Best value: -2713039.131 | TR length: 0.800 | num. failures: 6/13 | num. successes: 0/10
2024-01-13 19:48:32,888 - INFO - [168 in node 3] Best value: -2713039.131 | TR length: 0.800 | num. failures: 7/13 | num. successes: 0/10
2024-01-13 19:48:33,491 - INFO - [172 in node 3] Best value: -2652590.399 | TR length: 0.800 | num. failures: 0/13 | num. successes: 1/10
2024-01-13 19:48:33,888 - INFO - [176 in node 3] Best value: -2652590.399 | TR length: 0.800 | num. failures: 1/13 | num. successes: 0/10
2024-01-13 19:48:34,391 - INFO - [180 in node 3] Best value: -2374055.189 | TR length: 0.800 | num. failures: 0/13 | num. successes: 1/10
2024-01-13 19:48:34,877 - INFO - [184 in node 3] Best value: -2190347.177 | TR length: 0.800 | num. failures: 0/13 | num. successes: 2/10
2024-01-13 19:48:35,420 - INFO - [188 in node 3] Best value: -2190347.177 | TR length: 0.800 | num. failures: 1/13 | num. successes: 0/10
2024-01-13 19:48:36,054 - INFO - [192 in node 3] Best value: -2190347.177 | TR length: 0.800 | num. failures: 2/13 | num. successes: 0/10
2024-01-13 19:48:36,699 - INFO - [196 in node 3] Best value: -2190347.177 | TR length: 0.800 | num. failures: 3/13 | num. successes: 0/10
2024-01-13 19:48:37,130 - INFO - [200 in node 3] Best value: -1919168.697 | TR length: 0.800 | num. failures: 0/13 | num. successes: 1/10
2024-01-13 19:48:37,562 - INFO - [204 in node 3] Best value: -1919168.697 | TR length: 0.800 | num. failures: 1/13 | num. successes: 0/10
2024-01-13 19:48:38,209 - INFO - [208 in node 3] Best value: -1919168.697 | TR length: 0.800 | num. failures: 2/13 | num. successes: 0/10
2024-01-13 19:48:38,658 - INFO - [212 in node 3] Best value: -1919168.697 | TR length: 0.800 | num. failures: 3/13 | num. successes: 0/10
2024-01-13 19:48:39,328 - INFO - [216 in node 3] Best value: -1831793.588 | TR length: 0.800 | num. failures: 0/13 | num. successes: 1/10
2024-01-13 19:48:40,161 - INFO - [220 in node 3] Best value: -1831793.588 | TR length: 0.800 | num. failures: 1/13 | num. successes: 0/10
2024-01-13 19:48:40,810 - INFO - [224 in node 3] Best value: -1690007.911 | TR length: 0.800 | num. failures: 0/13 | num. successes: 1/10
2024-01-13 19:48:41,377 - INFO - [228 in node 3] Best value: -1690007.911 | TR length: 0.800 | num. failures: 1/13 | num. successes: 0/10
2024-01-13 19:48:41,962 - INFO - [232 in node 3] Best value: -1690007.911 | TR length: 0.800 | num. failures: 2/13 | num. successes: 0/10
2024-01-13 19:48:42,526 - INFO - [236 in node 3] Best value: -1596283.570 | TR length: 0.800 | num. failures: 0/13 | num. successes: 1/10
2024-01-13 19:48:43,031 - INFO - [240 in node 3] Best value: -1596283.570 | TR length: 0.800 | num. failures: 1/13 | num. successes: 0/10
2024-01-13 19:48:43,645 - INFO - [244 in node 3] Best value: -1276598.409 | TR length: 0.800 | num. failures: 0/13 | num. successes: 1/10
2024-01-13 19:48:44,146 - INFO - [248 in node 3] Best value: -1276598.409 | TR length: 0.800 | num. failures: 1/13 | num. successes: 0/10
2024-01-13 19:48:44,767 - INFO - [252 in node 3] Best value: -1276598.409 | TR length: 0.800 | num. failures: 2/13 | num. successes: 0/10
2024-01-13 19:48:45,241 - INFO - [256 in node 3] Best value: -944748.547 | TR length: 0.800 | num. failures: 0/13 | num. successes: 1/10
2024-01-13 19:48:45,844 - INFO - [260 in node 3] Best value: -944748.547 | TR length: 0.800 | num. failures: 1/13 | num. successes: 0/10
2024-01-13 19:48:46,403 - INFO - [264 in node 3] Best value: -944748.547 | TR length: 0.800 | num. failures: 2/13 | num. successes: 0/10
2024-01-13 19:48:47,008 - INFO - [268 in node 3] Best value: -904864.495 | TR length: 0.800 | num. failures: 0/13 | num. successes: 1/10
2024-01-13 19:48:47,658 - INFO - [272 in node 3] Best value: -904864.495 | TR length: 0.800 | num. failures: 1/13 | num. successes: 0/10
2024-01-13 19:48:48,233 - INFO - [276 in node 3] Best value: -904864.495 | TR length: 0.800 | num. failures: 2/13 | num. successes: 0/10
2024-01-13 19:48:48,693 - INFO - [280 in node 3] Best value: -904864.495 | TR length: 0.800 | num. failures: 3/13 | num. successes: 0/10
2024-01-13 19:48:49,357 - INFO - [284 in node 3] Best value: -904864.495 | TR length: 0.800 | num. failures: 4/13 | num. successes: 0/10
2024-01-13 19:48:50,071 - INFO - [288 in node 3] Best value: -904864.495 | TR length: 0.800 | num. failures: 5/13 | num. successes: 0/10
2024-01-13 19:48:50,699 - INFO - [292 in node 3] Best value: -810528.221 | TR length: 0.800 | num. failures: 0/13 | num. successes: 1/10
2024-01-13 19:48:51,261 - INFO - [296 in node 3] Best value: -810528.221 | TR length: 0.800 | num. failures: 1/13 | num. successes: 0/10
2024-01-13 19:48:51,775 - INFO - [300 in node 3] Best value: -810528.221 | TR length: 0.800 | num. failures: 2/13 | num. successes: 0/10
2024-01-13 19:48:52,385 - INFO - [304 in node 3] Best value: -810528.221 | TR length: 0.800 | num. failures: 3/13 | num. successes: 0/10
2024-01-13 19:48:53,108 - INFO - [308 in node 3] Best value: -700410.862 | TR length: 0.800 | num. failures: 0/13 | num. successes: 1/10
2024-01-13 19:48:53,734 - INFO - [312 in node 3] Best value: -700410.862 | TR length: 0.800 | num. failures: 1/13 | num. successes: 0/10
2024-01-13 19:48:54,254 - INFO - [316 in node 3] Best value: -700410.862 | TR length: 0.800 | num. failures: 2/13 | num. successes: 0/10
2024-01-13 19:48:55,032 - INFO - [320 in node 3] Best value: -607507.622 | TR length: 0.800 | num. failures: 0/13 | num. successes: 1/10
2024-01-13 19:48:55,589 - INFO - [324 in node 3] Best value: -607507.622 | TR length: 0.800 | num. failures: 1/13 | num. successes: 0/10
2024-01-13 19:48:56,277 - INFO - [328 in node 3] Best value: -607507.622 | TR length: 0.800 | num. failures: 2/13 | num. successes: 0/10
2024-01-13 19:48:56,862 - INFO - [332 in node 3] Best value: -607507.622 | TR length: 0.800 | num. failures: 3/13 | num. successes: 0/10
2024-01-13 19:48:57,457 - INFO - [336 in node 3] Best value: -607507.622 | TR length: 0.800 | num. failures: 4/13 | num. successes: 0/10
2024-01-13 19:48:57,953 - INFO - [340 in node 3] Best value: -604024.406 | TR length: 0.800 | num. failures: 0/13 | num. successes: 1/10
2024-01-13 19:48:58,640 - INFO - [344 in node 3] Best value: -604024.406 | TR length: 0.800 | num. failures: 1/13 | num. successes: 0/10
2024-01-13 19:48:59,201 - INFO - [348 in node 3] Best value: -604024.406 | TR length: 0.800 | num. failures: 2/13 | num. successes: 0/10
2024-01-13 19:48:59,724 - INFO - [352 in node 3] Best value: -604024.406 | TR length: 0.800 | num. failures: 3/13 | num. successes: 0/10
2024-01-13 19:49:00,208 - INFO - [356 in node 3] Best value: -489493.249 | TR length: 0.800 | num. failures: 0/13 | num. successes: 1/10
2024-01-13 19:49:00,799 - INFO - [360 in node 3] Best value: -489493.249 | TR length: 0.800 | num. failures: 1/13 | num. successes: 0/10
2024-01-13 19:49:01,361 - INFO - [364 in node 3] Best value: -480450.229 | TR length: 0.800 | num. failures: 0/13 | num. successes: 1/10
2024-01-13 19:49:01,745 - INFO - [368 in node 3] Best value: -480450.229 | TR length: 0.800 | num. failures: 1/13 | num. successes: 0/10
2024-01-13 19:49:02,188 - INFO - [372 in node 3] Best value: -480450.229 | TR length: 0.800 | num. failures: 2/13 | num. successes: 0/10
2024-01-13 19:49:02,704 - INFO - [376 in node 3] Best value: -480450.229 | TR length: 0.800 | num. failures: 3/13 | num. successes: 0/10
2024-01-13 19:49:03,181 - INFO - [380 in node 3] Best value: -480450.229 | TR length: 0.800 | num. failures: 4/13 | num. successes: 0/10
2024-01-13 19:49:03,661 - INFO - [384 in node 3] Best value: -480450.229 | TR length: 0.800 | num. failures: 5/13 | num. successes: 0/10
2024-01-13 19:49:04,168 - INFO - [388 in node 3] Best value: -480450.229 | TR length: 0.800 | num. failures: 6/13 | num. successes: 0/10
2024-01-13 19:49:04,762 - INFO - [392 in node 3] Best value: -480450.229 | TR length: 0.800 | num. failures: 7/13 | num. successes: 0/10
2024-01-13 19:49:05,289 - INFO - [396 in node 3] Best value: -480450.229 | TR length: 0.800 | num. failures: 8/13 | num. successes: 0/10
2024-01-13 19:49:05,746 - INFO - [400 in node 3] Best value: -480450.229 | TR length: 0.800 | num. failures: 9/13 | num. successes: 0/10
2024-01-13 19:49:06,220 - INFO - [404 in node 3] Best value: -480450.229 | TR length: 0.800 | num. failures: 10/13 | num. successes: 0/10
2024-01-13 19:49:06,769 - INFO - [408 in node 3] Best value: -480450.229 | TR length: 0.800 | num. failures: 11/13 | num. successes: 0/10
2024-01-13 19:49:07,250 - INFO - [412 in node 3] Best value: -480450.229 | TR length: 0.800 | num. failures: 12/13 | num. successes: 0/10
2024-01-13 19:49:07,789 - INFO - [416 in node 3] Best value: -343357.322 | TR length: 0.800 | num. failures: 0/13 | num. successes: 1/10
2024-01-13 19:49:08,357 - INFO - [420 in node 3] Best value: -343357.322 | TR length: 0.800 | num. failures: 1/13 | num. successes: 0/10
2024-01-13 19:49:08,844 - INFO - [424 in node 3] Best value: -343357.322 | TR length: 0.800 | num. failures: 2/13 | num. successes: 0/10
2024-01-13 19:49:09,417 - INFO - [428 in node 3] Best value: -343357.322 | TR length: 0.800 | num. failures: 3/13 | num. successes: 0/10
2024-01-13 19:49:09,936 - INFO - [432 in node 3] Best value: -343357.322 | TR length: 0.800 | num. failures: 4/13 | num. successes: 0/10
2024-01-13 19:49:10,422 - INFO - [436 in node 3] Best value: -343357.322 | TR length: 0.800 | num. failures: 5/13 | num. successes: 0/10
2024-01-13 19:49:10,879 - INFO - [440 in node 3] Best value: -278067.633 | TR length: 0.800 | num. failures: 0/13 | num. successes: 1/10
2024-01-13 19:49:11,365 - INFO - [444 in node 3] Best value: -278067.633 | TR length: 0.800 | num. failures: 1/13 | num. successes: 0/10
2024-01-13 19:49:11,875 - INFO - [448 in node 3] Best value: -278067.633 | TR length: 0.800 | num. failures: 2/13 | num. successes: 0/10
2024-01-13 19:49:12,472 - INFO - [452 in node 3] Best value: -278067.633 | TR length: 0.800 | num. failures: 3/13 | num. successes: 0/10
2024-01-13 19:49:13,067 - INFO - [456 in node 3] Best value: -278067.633 | TR length: 0.800 | num. failures: 4/13 | num. successes: 0/10
2024-01-13 19:49:13,556 - INFO - [460 in node 3] Best value: -278067.633 | TR length: 0.800 | num. failures: 5/13 | num. successes: 0/10
2024-01-13 19:49:14,052 - INFO - [464 in node 3] Best value: -278067.633 | TR length: 0.800 | num. failures: 6/13 | num. successes: 0/10
2024-01-13 19:49:14,475 - INFO - [468 in node 3] Best value: -278067.633 | TR length: 0.800 | num. failures: 7/13 | num. successes: 0/10
2024-01-13 19:49:14,916 - INFO - [472 in node 3] Best value: -278067.633 | TR length: 0.800 | num. failures: 8/13 | num. successes: 0/10
2024-01-13 19:49:15,456 - INFO - [476 in node 3] Best value: -278067.633 | TR length: 0.800 | num. failures: 9/13 | num. successes: 0/10
2024-01-13 19:49:15,868 - INFO - [480 in node 3] Best value: -278067.633 | TR length: 0.800 | num. failures: 10/13 | num. successes: 0/10
2024-01-13 19:49:16,425 - INFO - [484 in node 3] Best value: -278067.633 | TR length: 0.800 | num. failures: 11/13 | num. successes: 0/10
2024-01-13 19:49:17,023 - INFO - [488 in node 3] Best value: -278067.633 | TR length: 0.800 | num. failures: 12/13 | num. successes: 0/10
2024-01-13 19:49:17,530 - INFO - [492 in node 3] Best value: -278067.633 | TR length: 0.400 | num. failures: 0/13 | num. successes: 0/10
2024-01-13 19:49:17,994 - INFO - [496 in node 3] Best value: -236172.404 | TR length: 0.400 | num. failures: 0/13 | num. successes: 1/10
2024-01-13 19:49:18,577 - INFO - [500 in node 3] Best value: -174427.048 | TR length: 0.400 | num. failures: 0/13 | num. successes: 2/10
2024-01-13 19:49:18,996 - INFO - [504 in node 3] Best value: -174427.048 | TR length: 0.400 | num. failures: 1/13 | num. successes: 0/10
2024-01-13 19:49:19,499 - INFO - [508 in node 3] Best value: -174427.048 | TR length: 0.400 | num. failures: 2/13 | num. successes: 0/10
2024-01-13 19:49:19,879 - INFO - [512 in node 3] Best value: -159783.597 | TR length: 0.400 | num. failures: 0/13 | num. successes: 1/10
2024-01-13 19:49:20,297 - INFO - [516 in node 3] Best value: -159783.597 | TR length: 0.400 | num. failures: 1/13 | num. successes: 0/10
2024-01-13 19:49:20,683 - INFO - [520 in node 3] Best value: -159783.597 | TR length: 0.400 | num. failures: 2/13 | num. successes: 0/10
2024-01-13 19:49:21,138 - INFO - [524 in node 3] Best value: -159783.597 | TR length: 0.400 | num. failures: 3/13 | num. successes: 0/10
2024-01-13 19:49:21,524 - INFO - [528 in node 3] Best value: -159783.597 | TR length: 0.400 | num. failures: 4/13 | num. successes: 0/10
2024-01-13 19:49:21,910 - INFO - [532 in node 3] Best value: -149158.070 | TR length: 0.400 | num. failures: 0/13 | num. successes: 1/10
2024-01-13 19:49:22,338 - INFO - [536 in node 3] Best value: -149158.070 | TR length: 0.400 | num. failures: 1/13 | num. successes: 0/10
2024-01-13 19:49:22,762 - INFO - [540 in node 3] Best value: -129807.381 | TR length: 0.400 | num. failures: 0/13 | num. successes: 1/10
2024-01-13 19:49:23,182 - INFO - [544 in node 3] Best value: -114589.107 | TR length: 0.400 | num. failures: 0/13 | num. successes: 2/10
2024-01-13 19:49:23,637 - INFO - [548 in node 3] Best value: -114589.107 | TR length: 0.400 | num. failures: 1/13 | num. successes: 0/10
2024-01-13 19:49:24,096 - INFO - [552 in node 3] Best value: -114589.107 | TR length: 0.400 | num. failures: 2/13 | num. successes: 0/10
2024-01-13 19:49:24,584 - INFO - [556 in node 3] Best value: -114589.107 | TR length: 0.400 | num. failures: 3/13 | num. successes: 0/10
2024-01-13 19:49:25,061 - INFO - [560 in node 3] Best value: -93232.733 | TR length: 0.400 | num. failures: 0/13 | num. successes: 1/10
2024-01-13 19:49:25,524 - INFO - [564 in node 3] Best value: -73280.070 | TR length: 0.400 | num. failures: 0/13 | num. successes: 2/10
2024-01-13 19:49:26,133 - INFO - [568 in node 3] Best value: -66192.319 | TR length: 0.400 | num. failures: 0/13 | num. successes: 3/10
2024-01-13 19:49:26,674 - INFO - [572 in node 3] Best value: -66192.319 | TR length: 0.400 | num. failures: 1/13 | num. successes: 0/10
2024-01-13 19:49:27,222 - INFO - [576 in node 3] Best value: -66192.319 | TR length: 0.400 | num. failures: 2/13 | num. successes: 0/10
2024-01-13 19:49:27,635 - INFO - [580 in node 3] Best value: -66192.319 | TR length: 0.400 | num. failures: 3/13 | num. successes: 0/10
2024-01-13 19:49:28,261 - INFO - [584 in node 3] Best value: -66192.319 | TR length: 0.400 | num. failures: 4/13 | num. successes: 0/10
2024-01-13 19:49:28,704 - INFO - [588 in node 3] Best value: -66192.319 | TR length: 0.400 | num. failures: 5/13 | num. successes: 0/10
2024-01-13 19:49:29,162 - INFO - [592 in node 3] Best value: -66192.319 | TR length: 0.400 | num. failures: 6/13 | num. successes: 0/10
2024-01-13 19:49:29,607 - INFO - [596 in node 3] Best value: -66192.319 | TR length: 0.400 | num. failures: 7/13 | num. successes: 0/10
2024-01-13 19:49:30,055 - INFO - [600 in node 3] Best value: -48122.163 | TR length: 0.400 | num. failures: 0/13 | num. successes: 1/10
2024-01-13 19:49:30,690 - INFO - [604 in node 3] Best value: -48122.163 | TR length: 0.400 | num. failures: 1/13 | num. successes: 0/10
2024-01-13 19:49:31,393 - INFO - [608 in node 3] Best value: -48122.163 | TR length: 0.400 | num. failures: 2/13 | num. successes: 0/10
2024-01-13 19:49:31,952 - INFO - [612 in node 3] Best value: -48122.163 | TR length: 0.400 | num. failures: 3/13 | num. successes: 0/10
2024-01-13 19:49:32,642 - INFO - [616 in node 3] Best value: -48122.163 | TR length: 0.400 | num. failures: 4/13 | num. successes: 0/10
2024-01-13 19:49:33,202 - INFO - [620 in node 3] Best value: -48122.163 | TR length: 0.400 | num. failures: 5/13 | num. successes: 0/10
2024-01-13 19:49:33,594 - INFO - [624 in node 3] Best value: -48122.163 | TR length: 0.400 | num. failures: 6/13 | num. successes: 0/10
2024-01-13 19:49:34,072 - INFO - [628 in node 3] Best value: -48122.163 | TR length: 0.400 | num. failures: 7/13 | num. successes: 0/10
2024-01-13 19:49:34,540 - INFO - [632 in node 3] Best value: -48122.163 | TR length: 0.400 | num. failures: 8/13 | num. successes: 0/10
2024-01-13 19:49:35,072 - INFO - [636 in node 3] Best value: -48122.163 | TR length: 0.400 | num. failures: 9/13 | num. successes: 0/10
2024-01-13 19:49:35,621 - INFO - [640 in node 3] Best value: -48122.163 | TR length: 0.400 | num. failures: 10/13 | num. successes: 0/10
2024-01-13 19:49:36,158 - INFO - [644 in node 3] Best value: -48122.163 | TR length: 0.400 | num. failures: 11/13 | num. successes: 0/10
2024-01-13 19:49:36,769 - INFO - [648 in node 3] Best value: -48122.163 | TR length: 0.400 | num. failures: 12/13 | num. successes: 0/10
2024-01-13 19:49:37,320 - INFO - [652 in node 3] Best value: -48122.163 | TR length: 0.200 | num. failures: 0/13 | num. successes: 0/10
2024-01-13 19:49:37,935 - INFO - [656 in node 3] Best value: -34533.361 | TR length: 0.200 | num. failures: 0/13 | num. successes: 1/10
2024-01-13 19:49:38,489 - INFO - [660 in node 3] Best value: -32597.018 | TR length: 0.200 | num. failures: 0/13 | num. successes: 2/10
2024-01-13 19:49:39,075 - INFO - [664 in node 3] Best value: -32597.018 | TR length: 0.200 | num. failures: 1/13 | num. successes: 0/10
2024-01-13 19:49:39,789 - INFO - [668 in node 3] Best value: -32597.018 | TR length: 0.200 | num. failures: 2/13 | num. successes: 0/10
2024-01-13 19:49:40,384 - INFO - [672 in node 3] Best value: -32597.018 | TR length: 0.200 | num. failures: 3/13 | num. successes: 0/10
2024-01-13 19:49:40,883 - INFO - [676 in node 3] Best value: -32597.018 | TR length: 0.200 | num. failures: 4/13 | num. successes: 0/10
2024-01-13 19:49:41,566 - INFO - [680 in node 3] Best value: -25347.834 | TR length: 0.200 | num. failures: 0/13 | num. successes: 1/10
2024-01-13 19:49:42,147 - INFO - [684 in node 3] Best value: -15480.865 | TR length: 0.200 | num. failures: 0/13 | num. successes: 2/10
2024-01-13 19:49:42,766 - INFO - [688 in node 3] Best value: -15480.865 | TR length: 0.200 | num. failures: 1/13 | num. successes: 0/10
2024-01-13 19:49:43,464 - INFO - [692 in node 3] Best value: -15480.865 | TR length: 0.200 | num. failures: 2/13 | num. successes: 0/10
2024-01-13 19:49:44,113 - INFO - [696 in node 3] Best value: -15480.865 | TR length: 0.200 | num. failures: 3/13 | num. successes: 0/10
2024-01-13 19:49:44,740 - INFO - [700 in node 3] Best value: -15480.865 | TR length: 0.200 | num. failures: 4/13 | num. successes: 0/10
2024-01-13 19:49:45,278 - INFO - [704 in node 3] Best value: -15480.865 | TR length: 0.200 | num. failures: 5/13 | num. successes: 0/10
2024-01-13 19:49:45,866 - INFO - [708 in node 3] Best value: -15480.865 | TR length: 0.200 | num. failures: 6/13 | num. successes: 0/10
2024-01-13 19:49:46,580 - INFO - [712 in node 3] Best value: -15480.865 | TR length: 0.200 | num. failures: 7/13 | num. successes: 0/10
2024-01-13 19:49:47,200 - INFO - [716 in node 3] Best value: -15480.865 | TR length: 0.200 | num. failures: 8/13 | num. successes: 0/10
2024-01-13 19:49:47,925 - INFO - [720 in node 3] Best value: -15480.865 | TR length: 0.200 | num. failures: 9/13 | num. successes: 0/10
2024-01-13 19:49:48,577 - INFO - [724 in node 3] Best value: -15480.865 | TR length: 0.200 | num. failures: 10/13 | num. successes: 0/10
2024-01-13 19:49:49,294 - INFO - [728 in node 3] Best value: -15480.865 | TR length: 0.200 | num. failures: 11/13 | num. successes: 0/10
2024-01-13 19:49:50,008 - INFO - [732 in node 3] Best value: -15480.865 | TR length: 0.200 | num. failures: 12/13 | num. successes: 0/10
2024-01-13 19:49:50,693 - INFO - [736 in node 3] Best value: -15480.865 | TR length: 0.100 | num. failures: 0/13 | num. successes: 0/10
2024-01-13 19:49:51,354 - INFO - [740 in node 3] Best value: -15399.421 | TR length: 0.100 | num. failures: 0/13 | num. successes: 1/10
2024-01-13 19:49:52,071 - INFO - [744 in node 3] Best value: -15399.421 | TR length: 0.100 | num. failures: 1/13 | num. successes: 0/10
2024-01-13 19:49:52,837 - INFO - [748 in node 3] Best value: -14943.226 | TR length: 0.100 | num. failures: 0/13 | num. successes: 1/10
2024-01-13 19:49:53,542 - INFO - [752 in node 3] Best value: -14943.226 | TR length: 0.100 | num. failures: 1/13 | num. successes: 0/10
2024-01-13 19:49:54,254 - INFO - [756 in node 3] Best value: -13421.369 | TR length: 0.100 | num. failures: 0/13 | num. successes: 1/10
2024-01-13 19:49:54,923 - INFO - [760 in node 3] Best value: -13421.369 | TR length: 0.100 | num. failures: 1/13 | num. successes: 0/10
2024-01-13 19:49:55,624 - INFO - [764 in node 3] Best value: -13421.369 | TR length: 0.100 | num. failures: 2/13 | num. successes: 0/10
2024-01-13 19:49:56,384 - INFO - [768 in node 3] Best value: -13421.369 | TR length: 0.100 | num. failures: 3/13 | num. successes: 0/10
2024-01-13 19:49:57,081 - INFO - [772 in node 3] Best value: -13421.369 | TR length: 0.100 | num. failures: 4/13 | num. successes: 0/10
2024-01-13 19:49:57,841 - INFO - [776 in node 3] Best value: -12981.212 | TR length: 0.100 | num. failures: 0/13 | num. successes: 1/10
2024-01-13 19:49:58,651 - INFO - [780 in node 3] Best value: -12902.328 | TR length: 0.100 | num. failures: 0/13 | num. successes: 2/10
2024-01-13 19:49:59,416 - INFO - [784 in node 3] Best value: -12902.328 | TR length: 0.100 | num. failures: 1/13 | num. successes: 0/10
2024-01-13 19:50:00,295 - INFO - [788 in node 3] Best value: -12902.328 | TR length: 0.100 | num. failures: 2/13 | num. successes: 0/10
2024-01-13 19:50:00,946 - INFO - [792 in node 3] Best value: -12902.328 | TR length: 0.100 | num. failures: 3/13 | num. successes: 0/10
2024-01-13 19:50:01,929 - INFO - [796 in node 3] Best value: -12902.328 | TR length: 0.100 | num. failures: 4/13 | num. successes: 0/10
2024-01-13 19:50:02,839 - INFO - [800 in node 3] Best value: -12902.328 | TR length: 0.100 | num. failures: 5/13 | num. successes: 0/10
2024-01-13 19:50:03,487 - INFO - [804 in node 3] Best value: -12902.328 | TR length: 0.100 | num. failures: 6/13 | num. successes: 0/10
2024-01-13 19:50:04,119 - INFO - [808 in node 3] Best value: -12902.328 | TR length: 0.100 | num. failures: 7/13 | num. successes: 0/10
2024-01-13 19:50:04,941 - INFO - [812 in node 3] Best value: -10776.905 | TR length: 0.100 | num. failures: 0/13 | num. successes: 1/10
2024-01-13 19:50:05,514 - INFO - [816 in node 3] Best value: -10776.905 | TR length: 0.100 | num. failures: 1/13 | num. successes: 0/10
2024-01-13 19:50:06,156 - INFO - [820 in node 3] Best value: -10776.905 | TR length: 0.100 | num. failures: 2/13 | num. successes: 0/10
2024-01-13 19:50:06,939 - INFO - [824 in node 3] Best value: -10776.905 | TR length: 0.100 | num. failures: 3/13 | num. successes: 0/10
2024-01-13 19:50:07,680 - INFO - [828 in node 3] Best value: -10776.905 | TR length: 0.100 | num. failures: 4/13 | num. successes: 0/10
2024-01-13 19:50:08,254 - INFO - [832 in node 3] Best value: -9771.500 | TR length: 0.100 | num. failures: 0/13 | num. successes: 1/10
2024-01-13 19:50:08,949 - INFO - [836 in node 3] Best value: -9771.500 | TR length: 0.100 | num. failures: 1/13 | num. successes: 0/10
2024-01-13 19:50:09,494 - INFO - [840 in node 3] Best value: -9771.500 | TR length: 0.100 | num. failures: 2/13 | num. successes: 0/10
2024-01-13 19:50:10,228 - INFO - [844 in node 3] Best value: -9771.500 | TR length: 0.100 | num. failures: 3/13 | num. successes: 0/10
2024-01-13 19:50:10,999 - INFO - [848 in node 3] Best value: -9090.736 | TR length: 0.100 | num. failures: 0/13 | num. successes: 1/10
2024-01-13 19:50:11,489 - INFO - [852 in node 3] Best value: -9090.736 | TR length: 0.100 | num. failures: 1/13 | num. successes: 0/10
2024-01-13 19:50:12,328 - INFO - [856 in node 3] Best value: -9090.736 | TR length: 0.100 | num. failures: 2/13 | num. successes: 0/10
2024-01-13 19:50:13,030 - INFO - [860 in node 3] Best value: -9001.224 | TR length: 0.100 | num. failures: 0/13 | num. successes: 1/10
2024-01-13 19:50:13,661 - INFO - [864 in node 3] Best value: -9001.224 | TR length: 0.100 | num. failures: 1/13 | num. successes: 0/10
2024-01-13 19:50:14,362 - INFO - [868 in node 3] Best value: -9001.224 | TR length: 0.100 | num. failures: 2/13 | num. successes: 0/10
2024-01-13 19:50:15,256 - INFO - [872 in node 3] Best value: -7703.768 | TR length: 0.100 | num. failures: 0/13 | num. successes: 1/10
2024-01-13 19:50:15,820 - INFO - [876 in node 3] Best value: -7615.621 | TR length: 0.100 | num. failures: 0/13 | num. successes: 2/10
2024-01-13 19:50:16,536 - INFO - [880 in node 3] Best value: -7615.621 | TR length: 0.100 | num. failures: 1/13 | num. successes: 0/10
2024-01-13 19:50:17,072 - INFO - [884 in node 3] Best value: -7615.621 | TR length: 0.100 | num. failures: 2/13 | num. successes: 0/10
2024-01-13 19:50:17,812 - INFO - [888 in node 3] Best value: -7615.621 | TR length: 0.100 | num. failures: 3/13 | num. successes: 0/10
2024-01-13 19:50:18,633 - INFO - [892 in node 3] Best value: -7615.621 | TR length: 0.100 | num. failures: 4/13 | num. successes: 0/10
2024-01-13 19:50:19,420 - INFO - [896 in node 3] Best value: -7615.621 | TR length: 0.100 | num. failures: 5/13 | num. successes: 0/10
2024-01-13 19:50:19,961 - INFO - [900 in node 3] Best value: -7615.621 | TR length: 0.100 | num. failures: 6/13 | num. successes: 0/10
2024-01-13 19:50:20,602 - INFO - [904 in node 3] Best value: -6792.724 | TR length: 0.100 | num. failures: 0/13 | num. successes: 1/10
2024-01-13 19:50:21,293 - INFO - [908 in node 3] Best value: -6792.724 | TR length: 0.100 | num. failures: 1/13 | num. successes: 0/10
2024-01-13 19:50:21,947 - INFO - [912 in node 3] Best value: -6792.724 | TR length: 0.100 | num. failures: 2/13 | num. successes: 0/10
2024-01-13 19:50:22,550 - INFO - [916 in node 3] Best value: -6792.724 | TR length: 0.100 | num. failures: 3/13 | num. successes: 0/10
2024-01-13 19:50:23,260 - INFO - [920 in node 3] Best value: -6792.724 | TR length: 0.100 | num. failures: 4/13 | num. successes: 0/10
2024-01-13 19:50:24,258 - INFO - [924 in node 3] Best value: -6792.724 | TR length: 0.100 | num. failures: 5/13 | num. successes: 0/10
2024-01-13 19:50:24,962 - INFO - [928 in node 3] Best value: -6792.724 | TR length: 0.100 | num. failures: 6/13 | num. successes: 0/10
2024-01-13 19:50:25,637 - INFO - [932 in node 3] Best value: -6792.724 | TR length: 0.100 | num. failures: 7/13 | num. successes: 0/10
2024-01-13 19:50:26,250 - INFO - [936 in node 3] Best value: -6792.724 | TR length: 0.100 | num. failures: 8/13 | num. successes: 0/10
2024-01-13 19:50:27,012 - INFO - [940 in node 3] Best value: -6792.724 | TR length: 0.100 | num. failures: 9/13 | num. successes: 0/10
2024-01-13 19:50:27,770 - INFO - [944 in node 3] Best value: -6792.724 | TR length: 0.100 | num. failures: 10/13 | num. successes: 0/10
2024-01-13 19:50:28,776 - INFO - [948 in node 3] Best value: -6792.724 | TR length: 0.100 | num. failures: 11/13 | num. successes: 0/10
2024-01-13 19:50:29,827 - INFO - [952 in node 3] Best value: -6792.724 | TR length: 0.100 | num. failures: 12/13 | num. successes: 0/10
2024-01-13 19:50:30,687 - INFO - [956 in node 3] Best value: -6792.724 | TR length: 0.050 | num. failures: 0/13 | num. successes: 0/10
2024-01-13 19:50:31,456 - INFO - [960 in node 3] Best value: -6656.578 | TR length: 0.050 | num. failures: 0/13 | num. successes: 1/10
2024-01-13 19:50:32,282 - INFO - [964 in node 3] Best value: -6039.835 | TR length: 0.050 | num. failures: 0/13 | num. successes: 2/10
2024-01-13 19:50:33,155 - INFO - [968 in node 3] Best value: -5810.235 | TR length: 0.050 | num. failures: 0/13 | num. successes: 3/10
2024-01-13 19:50:34,148 - INFO - [972 in node 3] Best value: -5680.920 | TR length: 0.050 | num. failures: 0/13 | num. successes: 4/10
2024-01-13 19:50:35,289 - INFO - [976 in node 3] Best value: -4416.302 | TR length: 0.050 | num. failures: 0/13 | num. successes: 5/10
2024-01-13 19:50:36,082 - INFO - [980 in node 3] Best value: -4416.302 | TR length: 0.050 | num. failures: 1/13 | num. successes: 0/10
2024-01-13 19:50:37,035 - INFO - [984 in node 3] Best value: -4416.302 | TR length: 0.050 | num. failures: 2/13 | num. successes: 0/10
2024-01-13 19:50:38,024 - INFO - [988 in node 3] Best value: -4230.121 | TR length: 0.050 | num. failures: 0/13 | num. successes: 1/10
2024-01-13 19:50:39,586 - INFO - [992 in node 3] Best value: -3979.515 | TR length: 0.050 | num. failures: 0/13 | num. successes: 2/10
2024-01-13 19:50:40,783 - INFO - [996 in node 3] Best value: -3890.874 | TR length: 0.050 | num. failures: 0/13 | num. successes: 3/10
2024-01-13 19:50:42,029 - INFO - [1000 in node 3] Best value: -3603.832 | TR length: 0.050 | num. failures: 0/13 | num. successes: 4/10
2024-01-13 19:50:43,307 - INFO - [1004 in node 3] Best value: -3254.729 | TR length: 0.050 | num. failures: 0/13 | num. successes: 5/10
2024-01-13 19:50:44,471 - INFO - [1008 in node 3] Best value: -2897.702 | TR length: 0.050 | num. failures: 0/13 | num. successes: 6/10
2024-01-13 19:50:45,692 - INFO - [1012 in node 3] Best value: -2897.702 | TR length: 0.050 | num. failures: 1/13 | num. successes: 0/10
2024-01-13 19:50:47,029 - INFO - [1016 in node 3] Best value: -2813.092 | TR length: 0.050 | num. failures: 0/13 | num. successes: 1/10
2024-01-13 19:50:48,455 - INFO - [1020 in node 3] Best value: -2813.092 | TR length: 0.050 | num. failures: 1/13 | num. successes: 0/10
2024-01-13 19:50:49,589 - INFO - [1024 in node 3] Best value: -2813.092 | TR length: 0.050 | num. failures: 2/13 | num. successes: 0/10
2024-01-13 19:50:50,422 - INFO - [1028 in node 3] Best value: -2813.092 | TR length: 0.050 | num. failures: 3/13 | num. successes: 0/10
2024-01-13 19:50:51,777 - INFO - [1032 in node 3] Best value: -2813.092 | TR length: 0.050 | num. failures: 4/13 | num. successes: 0/10
2024-01-13 19:50:52,700 - INFO - [1036 in node 3] Best value: -2714.773 | TR length: 0.050 | num. failures: 0/13 | num. successes: 1/10
2024-01-13 19:50:54,090 - INFO - [1040 in node 3] Best value: -2714.773 | TR length: 0.050 | num. failures: 1/13 | num. successes: 0/10
2024-01-13 19:50:55,411 - INFO - [1044 in node 3] Best value: -2714.773 | TR length: 0.050 | num. failures: 2/13 | num. successes: 0/10
2024-01-13 19:50:56,648 - INFO - [1048 in node 3] Best value: -2714.773 | TR length: 0.050 | num. failures: 3/13 | num. successes: 0/10
2024-01-13 19:50:57,952 - INFO - [1052 in node 3] Best value: -2714.773 | TR length: 0.050 | num. failures: 4/13 | num. successes: 0/10
2024-01-13 19:50:59,184 - INFO - [1056 in node 3] Best value: -2702.659 | TR length: 0.050 | num. failures: 0/13 | num. successes: 1/10
2024-01-13 19:51:00,484 - INFO - [1060 in node 3] Best value: -2702.659 | TR length: 0.050 | num. failures: 1/13 | num. successes: 0/10
2024-01-13 19:51:01,898 - INFO - [1064 in node 3] Best value: -2702.659 | TR length: 0.050 | num. failures: 2/13 | num. successes: 0/10
2024-01-13 19:51:03,546 - INFO - [1068 in node 3] Best value: -2702.659 | TR length: 0.050 | num. failures: 3/13 | num. successes: 0/10
2024-01-13 19:51:04,651 - INFO - [1072 in node 3] Best value: -2565.670 | TR length: 0.050 | num. failures: 0/13 | num. successes: 1/10
2024-01-13 19:51:06,155 - INFO - [1076 in node 3] Best value: -2262.763 | TR length: 0.050 | num. failures: 0/13 | num. successes: 2/10
2024-01-13 19:51:07,384 - INFO - [1080 in node 3] Best value: -2059.486 | TR length: 0.050 | num. failures: 0/13 | num. successes: 3/10
2024-01-13 19:51:08,901 - INFO - [1084 in node 3] Best value: -2059.486 | TR length: 0.050 | num. failures: 1/13 | num. successes: 0/10
2024-01-13 19:51:10,072 - INFO - [1088 in node 3] Best value: -2059.486 | TR length: 0.050 | num. failures: 2/13 | num. successes: 0/10
2024-01-13 19:51:11,165 - INFO - [1092 in node 3] Best value: -2059.486 | TR length: 0.050 | num. failures: 3/13 | num. successes: 0/10
2024-01-13 19:51:12,963 - INFO - [1096 in node 3] Best value: -2059.486 | TR length: 0.050 | num. failures: 4/13 | num. successes: 0/10
2024-01-13 19:51:14,276 - INFO - [1100 in node 3] Best value: -2059.486 | TR length: 0.050 | num. failures: 5/13 | num. successes: 0/10
2024-01-13 19:51:15,619 - INFO - [1104 in node 3] Best value: -2059.486 | TR length: 0.050 | num. failures: 6/13 | num. successes: 0/10
2024-01-13 19:51:17,063 - INFO - [1108 in node 3] Best value: -1947.973 | TR length: 0.050 | num. failures: 0/13 | num. successes: 1/10
2024-01-13 19:51:18,326 - INFO - [1112 in node 3] Best value: -1947.973 | TR length: 0.050 | num. failures: 1/13 | num. successes: 0/10
2024-01-13 19:51:19,914 - INFO - [1116 in node 3] Best value: -1947.973 | TR length: 0.050 | num. failures: 2/13 | num. successes: 0/10
2024-01-13 19:51:21,056 - INFO - [1120 in node 3] Best value: -1947.973 | TR length: 0.050 | num. failures: 3/13 | num. successes: 0/10
2024-01-13 19:51:22,652 - INFO - [1124 in node 3] Best value: -1947.973 | TR length: 0.050 | num. failures: 4/13 | num. successes: 0/10
2024-01-13 19:51:24,164 - INFO - [1128 in node 3] Best value: -1947.973 | TR length: 0.050 | num. failures: 5/13 | num. successes: 0/10
2024-01-13 19:51:25,789 - INFO - [1132 in node 3] Best value: -1947.973 | TR length: 0.050 | num. failures: 6/13 | num. successes: 0/10
2024-01-13 19:51:27,423 - INFO - [1136 in node 3] Best value: -1947.973 | TR length: 0.050 | num. failures: 7/13 | num. successes: 0/10
2024-01-13 19:51:28,798 - INFO - [1140 in node 3] Best value: -1933.430 | TR length: 0.050 | num. failures: 0/13 | num. successes: 1/10
2024-01-13 19:51:30,581 - INFO - [1144 in node 3] Best value: -1933.430 | TR length: 0.050 | num. failures: 1/13 | num. successes: 0/10
2024-01-13 19:51:32,050 - INFO - [1148 in node 3] Best value: -1914.251 | TR length: 0.050 | num. failures: 0/13 | num. successes: 1/10
2024-01-13 19:51:33,921 - INFO - [1152 in node 3] Best value: -1914.251 | TR length: 0.050 | num. failures: 1/13 | num. successes: 0/10
2024-01-13 19:51:35,347 - INFO - [1156 in node 3] Best value: -1914.251 | TR length: 0.050 | num. failures: 2/13 | num. successes: 0/10
2024-01-13 19:51:36,798 - INFO - [1160 in node 3] Best value: -1914.251 | TR length: 0.050 | num. failures: 3/13 | num. successes: 0/10
2024-01-13 19:51:38,615 - INFO - [1164 in node 3] Best value: -1914.251 | TR length: 0.050 | num. failures: 4/13 | num. successes: 0/10
2024-01-13 19:51:40,232 - INFO - [1168 in node 3] Best value: -1914.251 | TR length: 0.050 | num. failures: 5/13 | num. successes: 0/10
2024-01-13 19:51:41,401 - INFO - [1172 in node 3] Best value: -1914.251 | TR length: 0.050 | num. failures: 6/13 | num. successes: 0/10
2024-01-13 19:51:43,114 - INFO - [1176 in node 3] Best value: -1492.912 | TR length: 0.050 | num. failures: 0/13 | num. successes: 1/10
2024-01-13 19:51:45,011 - INFO - [1180 in node 3] Best value: -1472.890 | TR length: 0.050 | num. failures: 0/13 | num. successes: 2/10
2024-01-13 19:51:46,668 - INFO - [1184 in node 3] Best value: -1472.890 | TR length: 0.050 | num. failures: 1/13 | num. successes: 0/10
2024-01-13 19:51:48,305 - INFO - [1188 in node 3] Best value: -1472.890 | TR length: 0.050 | num. failures: 2/13 | num. successes: 0/10
2024-01-13 19:51:49,803 - INFO - [1192 in node 3] Best value: -1472.890 | TR length: 0.050 | num. failures: 3/13 | num. successes: 0/10
2024-01-13 19:51:51,255 - INFO - [1196 in node 3] Best value: -1472.890 | TR length: 0.050 | num. failures: 4/13 | num. successes: 0/10
2024-01-13 19:51:52,874 - INFO - [1200 in node 3] Best value: -1472.890 | TR length: 0.050 | num. failures: 5/13 | num. successes: 0/10
2024-01-13 19:51:54,661 - INFO - [1204 in node 3] Best value: -1472.890 | TR length: 0.050 | num. failures: 6/13 | num. successes: 0/10
2024-01-13 19:51:56,184 - INFO - [1208 in node 3] Best value: -1472.890 | TR length: 0.050 | num. failures: 7/13 | num. successes: 0/10
2024-01-13 19:51:57,975 - INFO - [1212 in node 3] Best value: -1472.890 | TR length: 0.050 | num. failures: 8/13 | num. successes: 0/10
2024-01-13 19:51:59,116 - INFO - [1216 in node 3] Best value: -1472.890 | TR length: 0.050 | num. failures: 9/13 | num. successes: 0/10
2024-01-13 19:52:00,963 - INFO - [1220 in node 3] Best value: -1472.890 | TR length: 0.050 | num. failures: 10/13 | num. successes: 0/10
2024-01-13 19:52:02,025 - INFO - [1224 in node 3] Best value: -1472.890 | TR length: 0.050 | num. failures: 11/13 | num. successes: 0/10
2024-01-13 19:52:03,046 - INFO - [1228 in node 3] Best value: -1472.890 | TR length: 0.050 | num. failures: 12/13 | num. successes: 0/10
2024-01-13 19:52:04,247 - INFO - [1232 in node 3] Best value: -1472.890 | TR length: 0.025 | num. failures: 0/13 | num. successes: 0/10
2024-01-13 19:52:05,373 - INFO - [1236 in node 3] Best value: -1376.113 | TR length: 0.025 | num. failures: 0/13 | num. successes: 1/10
2024-01-13 19:52:06,459 - INFO - [1240 in node 3] Best value: -1376.113 | TR length: 0.025 | num. failures: 1/13 | num. successes: 0/10
2024-01-13 19:52:07,616 - INFO - [1244 in node 3] Best value: -1376.113 | TR length: 0.025 | num. failures: 2/13 | num. successes: 0/10
2024-01-13 19:52:08,904 - INFO - [1248 in node 3] Best value: -1310.057 | TR length: 0.025 | num. failures: 0/13 | num. successes: 1/10
2024-01-13 19:52:10,037 - INFO - [1252 in node 3] Best value: -1310.057 | TR length: 0.025 | num. failures: 1/13 | num. successes: 0/10
2024-01-13 19:52:11,286 - INFO - [1256 in node 3] Best value: -1265.937 | TR length: 0.025 | num. failures: 0/13 | num. successes: 1/10
2024-01-13 19:52:12,693 - INFO - [1260 in node 3] Best value: -1265.937 | TR length: 0.025 | num. failures: 1/13 | num. successes: 0/10
2024-01-13 19:52:13,970 - INFO - [1264 in node 3] Best value: -1237.240 | TR length: 0.025 | num. failures: 0/13 | num. successes: 1/10
2024-01-13 19:52:15,615 - INFO - [1268 in node 3] Best value: -1237.240 | TR length: 0.025 | num. failures: 1/13 | num. successes: 0/10
2024-01-13 19:52:16,734 - INFO - [1272 in node 3] Best value: -1116.865 | TR length: 0.025 | num. failures: 0/13 | num. successes: 1/10
2024-01-13 19:52:18,130 - INFO - [1276 in node 3] Best value: -1116.841 | TR length: 0.025 | num. failures: 0/13 | num. successes: 2/10
2024-01-13 19:52:19,843 - INFO - [1280 in node 3] Best value: -1116.841 | TR length: 0.025 | num. failures: 1/13 | num. successes: 0/10
2024-01-13 19:52:21,183 - INFO - [1284 in node 3] Best value: -1084.159 | TR length: 0.025 | num. failures: 0/13 | num. successes: 1/10
2024-01-13 19:52:22,492 - INFO - [1288 in node 3] Best value: -1084.159 | TR length: 0.025 | num. failures: 1/13 | num. successes: 0/10
2024-01-13 19:52:24,072 - INFO - [1292 in node 3] Best value: -1064.052 | TR length: 0.025 | num. failures: 0/13 | num. successes: 1/10
2024-01-13 19:52:25,470 - INFO - [1296 in node 3] Best value: -971.403 | TR length: 0.025 | num. failures: 0/13 | num. successes: 2/10
2024-01-13 19:52:27,085 - INFO - [1300 in node 3] Best value: -971.403 | TR length: 0.025 | num. failures: 1/13 | num. successes: 0/10
2024-01-13 19:52:28,589 - INFO - [1304 in node 3] Best value: -965.710 | TR length: 0.025 | num. failures: 0/13 | num. successes: 1/10
2024-01-13 19:52:29,866 - INFO - [1308 in node 3] Best value: -965.710 | TR length: 0.025 | num. failures: 1/13 | num. successes: 0/10
2024-01-13 19:52:31,623 - INFO - [1312 in node 3] Best value: -965.710 | TR length: 0.025 | num. failures: 2/13 | num. successes: 0/10
2024-01-13 19:52:33,430 - INFO - [1316 in node 3] Best value: -965.710 | TR length: 0.025 | num. failures: 3/13 | num. successes: 0/10
2024-01-13 19:52:35,365 - INFO - [1320 in node 3] Best value: -965.710 | TR length: 0.025 | num. failures: 4/13 | num. successes: 0/10
2024-01-13 19:52:37,183 - INFO - [1324 in node 3] Best value: -965.710 | TR length: 0.025 | num. failures: 5/13 | num. successes: 0/10
2024-01-13 19:52:38,581 - INFO - [1328 in node 3] Best value: -965.710 | TR length: 0.025 | num. failures: 6/13 | num. successes: 0/10
2024-01-13 19:52:40,981 - INFO - [1332 in node 3] Best value: -965.710 | TR length: 0.025 | num. failures: 7/13 | num. successes: 0/10
2024-01-13 19:52:43,120 - INFO - [1336 in node 3] Best value: -965.710 | TR length: 0.025 | num. failures: 8/13 | num. successes: 0/10
2024-01-13 19:52:44,923 - INFO - [1340 in node 3] Best value: -965.710 | TR length: 0.025 | num. failures: 9/13 | num. successes: 0/10
2024-01-13 19:52:46,237 - INFO - [1344 in node 3] Best value: -965.710 | TR length: 0.025 | num. failures: 10/13 | num. successes: 0/10
2024-01-13 19:52:47,605 - INFO - [1348 in node 3] Best value: -965.710 | TR length: 0.025 | num. failures: 11/13 | num. successes: 0/10
2024-01-13 19:52:49,574 - INFO - [1352 in node 3] Best value: -895.043 | TR length: 0.025 | num. failures: 0/13 | num. successes: 1/10
2024-01-13 19:52:50,501 - INFO - [1356 in node 3] Best value: -893.538 | TR length: 0.025 | num. failures: 0/13 | num. successes: 2/10
2024-01-13 19:52:51,752 - INFO - [1360 in node 3] Best value: -893.538 | TR length: 0.025 | num. failures: 1/13 | num. successes: 0/10
2024-01-13 19:52:53,326 - INFO - [1364 in node 3] Best value: -879.691 | TR length: 0.025 | num. failures: 0/13 | num. successes: 1/10
2024-01-13 19:52:54,478 - INFO - [1368 in node 3] Best value: -849.004 | TR length: 0.025 | num. failures: 0/13 | num. successes: 2/10
2024-01-13 19:52:55,834 - INFO - [1372 in node 3] Best value: -849.004 | TR length: 0.025 | num. failures: 1/13 | num. successes: 0/10
2024-01-13 19:52:57,035 - INFO - [1376 in node 3] Best value: -849.004 | TR length: 0.025 | num. failures: 2/13 | num. successes: 0/10
2024-01-13 19:52:58,500 - INFO - [1380 in node 3] Best value: -849.004 | TR length: 0.025 | num. failures: 3/13 | num. successes: 0/10
2024-01-13 19:52:59,917 - INFO - [1384 in node 3] Best value: -849.004 | TR length: 0.025 | num. failures: 4/13 | num. successes: 0/10
2024-01-13 19:53:01,163 - INFO - [1388 in node 3] Best value: -849.004 | TR length: 0.025 | num. failures: 5/13 | num. successes: 0/10
2024-01-13 19:53:02,459 - INFO - [1392 in node 3] Best value: -849.004 | TR length: 0.025 | num. failures: 6/13 | num. successes: 0/10
2024-01-13 19:53:03,804 - INFO - [1396 in node 3] Best value: -820.511 | TR length: 0.025 | num. failures: 0/13 | num. successes: 1/10
2024-01-13 19:53:05,257 - INFO - [1400 in node 3] Best value: -820.511 | TR length: 0.025 | num. failures: 1/13 | num. successes: 0/10
2024-01-13 19:53:06,612 - INFO - [1404 in node 3] Best value: -721.947 | TR length: 0.025 | num. failures: 0/13 | num. successes: 1/10
2024-01-13 19:53:07,909 - INFO - [1408 in node 3] Best value: -721.947 | TR length: 0.025 | num. failures: 1/13 | num. successes: 0/10
2024-01-13 19:53:09,958 - INFO - [1412 in node 3] Best value: -642.489 | TR length: 0.025 | num. failures: 0/13 | num. successes: 1/10
2024-01-13 19:53:11,076 - INFO - [1416 in node 3] Best value: -642.489 | TR length: 0.025 | num. failures: 1/13 | num. successes: 0/10
2024-01-13 19:53:12,468 - INFO - [1420 in node 3] Best value: -642.489 | TR length: 0.025 | num. failures: 2/13 | num. successes: 0/10
2024-01-13 19:53:14,667 - INFO - [1424 in node 3] Best value: -642.489 | TR length: 0.025 | num. failures: 3/13 | num. successes: 0/10
2024-01-13 19:53:16,206 - INFO - [1428 in node 3] Best value: -642.489 | TR length: 0.025 | num. failures: 4/13 | num. successes: 0/10
2024-01-13 19:53:17,823 - INFO - [1432 in node 3] Best value: -642.489 | TR length: 0.025 | num. failures: 5/13 | num. successes: 0/10
2024-01-13 19:53:19,432 - INFO - [1436 in node 3] Best value: -642.489 | TR length: 0.025 | num. failures: 6/13 | num. successes: 0/10
2024-01-13 19:53:21,283 - INFO - [1440 in node 3] Best value: -642.489 | TR length: 0.025 | num. failures: 7/13 | num. successes: 0/10
2024-01-13 19:53:22,881 - INFO - [1444 in node 3] Best value: -642.489 | TR length: 0.025 | num. failures: 8/13 | num. successes: 0/10
2024-01-13 19:53:24,690 - INFO - [1448 in node 3] Best value: -642.489 | TR length: 0.025 | num. failures: 9/13 | num. successes: 0/10
2024-01-13 19:53:26,027 - INFO - [1452 in node 3] Best value: -642.489 | TR length: 0.025 | num. failures: 10/13 | num. successes: 0/10
2024-01-13 19:53:27,451 - INFO - [1456 in node 3] Best value: -642.489 | TR length: 0.025 | num. failures: 11/13 | num. successes: 0/10
2024-01-13 19:53:28,762 - INFO - [1460 in node 3] Best value: -602.909 | TR length: 0.025 | num. failures: 0/13 | num. successes: 1/10
2024-01-13 19:53:30,402 - INFO - [1464 in node 3] Best value: -582.733 | TR length: 0.025 | num. failures: 0/13 | num. successes: 2/10
2024-01-13 19:53:32,456 - INFO - [1468 in node 3] Best value: -582.733 | TR length: 0.025 | num. failures: 1/13 | num. successes: 0/10
2024-01-13 19:53:34,160 - INFO - [1472 in node 3] Best value: -577.157 | TR length: 0.025 | num. failures: 0/13 | num. successes: 1/10
2024-01-13 19:53:35,467 - INFO - [1476 in node 3] Best value: -577.157 | TR length: 0.025 | num. failures: 1/13 | num. successes: 0/10
2024-01-13 19:53:36,967 - INFO - [1480 in node 3] Best value: -577.157 | TR length: 0.025 | num. failures: 2/13 | num. successes: 0/10
2024-01-13 19:53:38,438 - INFO - [1484 in node 3] Best value: -577.157 | TR length: 0.025 | num. failures: 3/13 | num. successes: 0/10
2024-01-13 19:53:39,936 - INFO - [1488 in node 3] Best value: -577.157 | TR length: 0.025 | num. failures: 4/13 | num. successes: 0/10
2024-01-13 19:53:41,378 - INFO - [1492 in node 3] Best value: -523.377 | TR length: 0.025 | num. failures: 0/13 | num. successes: 1/10
2024-01-13 19:53:42,847 - INFO - [1496 in node 3] Best value: -523.377 | TR length: 0.025 | num. failures: 1/13 | num. successes: 0/10
2024-01-13 19:53:44,299 - INFO - [1500 in node 3] Best value: -523.377 | TR length: 0.025 | num. failures: 2/13 | num. successes: 0/10
2024-01-13 19:53:45,820 - INFO - [1504 in node 3] Best value: -523.377 | TR length: 0.025 | num. failures: 3/13 | num. successes: 0/10
2024-01-13 19:53:47,317 - INFO - [1508 in node 3] Best value: -489.811 | TR length: 0.025 | num. failures: 0/13 | num. successes: 1/10
2024-01-13 19:53:48,792 - INFO - [1512 in node 3] Best value: -489.811 | TR length: 0.025 | num. failures: 1/13 | num. successes: 0/10
2024-01-13 19:53:49,933 - INFO - [1516 in node 3] Best value: -482.037 | TR length: 0.025 | num. failures: 0/13 | num. successes: 1/10
2024-01-13 19:53:51,387 - INFO - [1520 in node 3] Best value: -459.003 | TR length: 0.025 | num. failures: 0/13 | num. successes: 2/10
2024-01-13 19:53:52,737 - INFO - [1524 in node 3] Best value: -459.003 | TR length: 0.025 | num. failures: 1/13 | num. successes: 0/10
2024-01-13 19:53:54,157 - INFO - [1528 in node 3] Best value: -459.003 | TR length: 0.025 | num. failures: 2/13 | num. successes: 0/10
2024-01-13 19:53:55,825 - INFO - [1532 in node 3] Best value: -459.003 | TR length: 0.025 | num. failures: 3/13 | num. successes: 0/10
2024-01-13 19:53:57,390 - INFO - [1536 in node 3] Best value: -459.003 | TR length: 0.025 | num. failures: 4/13 | num. successes: 0/10
2024-01-13 19:53:58,879 - INFO - [1540 in node 3] Best value: -459.003 | TR length: 0.025 | num. failures: 5/13 | num. successes: 0/10
2024-01-13 19:54:00,864 - INFO - [1544 in node 3] Best value: -439.776 | TR length: 0.025 | num. failures: 0/13 | num. successes: 1/10
2024-01-13 19:54:02,288 - INFO - [1548 in node 3] Best value: -435.278 | TR length: 0.025 | num. failures: 0/13 | num. successes: 2/10
2024-01-13 19:54:04,291 - INFO - [1552 in node 3] Best value: -435.278 | TR length: 0.025 | num. failures: 1/13 | num. successes: 0/10
2024-01-13 19:54:05,533 - INFO - [1556 in node 3] Best value: -435.278 | TR length: 0.025 | num. failures: 2/13 | num. successes: 0/10
2024-01-13 19:54:07,120 - INFO - [1560 in node 3] Best value: -435.278 | TR length: 0.025 | num. failures: 3/13 | num. successes: 0/10
2024-01-13 19:54:08,589 - INFO - [1564 in node 3] Best value: -435.278 | TR length: 0.025 | num. failures: 4/13 | num. successes: 0/10
2024-01-13 19:54:10,400 - INFO - [1568 in node 3] Best value: -435.278 | TR length: 0.025 | num. failures: 5/13 | num. successes: 0/10
2024-01-13 19:54:11,810 - INFO - [1572 in node 3] Best value: -435.278 | TR length: 0.025 | num. failures: 6/13 | num. successes: 0/10
2024-01-13 19:54:13,666 - INFO - [1576 in node 3] Best value: -435.278 | TR length: 0.025 | num. failures: 7/13 | num. successes: 0/10
2024-01-13 19:54:15,117 - INFO - [1580 in node 3] Best value: -435.278 | TR length: 0.025 | num. failures: 8/13 | num. successes: 0/10
2024-01-13 19:54:16,842 - INFO - [1584 in node 3] Best value: -435.278 | TR length: 0.025 | num. failures: 9/13 | num. successes: 0/10
2024-01-13 19:54:18,448 - INFO - [1588 in node 3] Best value: -435.278 | TR length: 0.025 | num. failures: 10/13 | num. successes: 0/10
2024-01-13 19:54:20,103 - INFO - [1592 in node 3] Best value: -435.278 | TR length: 0.025 | num. failures: 11/13 | num. successes: 0/10
2024-01-13 19:54:21,970 - INFO - [1596 in node 3] Best value: -425.156 | TR length: 0.025 | num. failures: 0/13 | num. successes: 1/10
2024-01-13 19:54:23,379 - INFO - [1600 in node 3] Best value: -425.156 | TR length: 0.025 | num. failures: 1/13 | num. successes: 0/10
2024-01-13 19:54:25,208 - INFO - [1604 in node 3] Best value: -425.156 | TR length: 0.025 | num. failures: 2/13 | num. successes: 0/10
2024-01-13 19:54:26,458 - INFO - [1608 in node 3] Best value: -425.156 | TR length: 0.025 | num. failures: 3/13 | num. successes: 0/10
2024-01-13 19:54:28,330 - INFO - [1612 in node 3] Best value: -425.156 | TR length: 0.025 | num. failures: 4/13 | num. successes: 0/10
2024-01-13 19:54:30,330 - INFO - [1616 in node 3] Best value: -425.156 | TR length: 0.025 | num. failures: 5/13 | num. successes: 0/10
2024-01-13 19:54:31,912 - INFO - [1620 in node 3] Best value: -425.156 | TR length: 0.025 | num. failures: 6/13 | num. successes: 0/10
2024-01-13 19:54:33,671 - INFO - [1624 in node 3] Best value: -425.156 | TR length: 0.025 | num. failures: 7/13 | num. successes: 0/10
2024-01-13 19:54:35,373 - INFO - [1628 in node 3] Best value: -425.156 | TR length: 0.025 | num. failures: 8/13 | num. successes: 0/10
2024-01-13 19:54:37,128 - INFO - [1632 in node 3] Best value: -420.556 | TR length: 0.025 | num. failures: 0/13 | num. successes: 1/10
2024-01-13 19:54:39,045 - INFO - [1636 in node 3] Best value: -420.556 | TR length: 0.025 | num. failures: 1/13 | num. successes: 0/10
2024-01-13 19:54:40,974 - INFO - [1640 in node 3] Best value: -419.095 | TR length: 0.025 | num. failures: 0/13 | num. successes: 1/10
2024-01-13 19:54:42,946 - INFO - [1644 in node 3] Best value: -419.095 | TR length: 0.025 | num. failures: 1/13 | num. successes: 0/10
2024-01-13 19:54:44,759 - INFO - [1648 in node 3] Best value: -419.095 | TR length: 0.025 | num. failures: 2/13 | num. successes: 0/10
2024-01-13 19:54:46,376 - INFO - [1652 in node 3] Best value: -419.095 | TR length: 0.025 | num. failures: 3/13 | num. successes: 0/10
2024-01-13 19:54:48,207 - INFO - [1656 in node 3] Best value: -419.095 | TR length: 0.025 | num. failures: 4/13 | num. successes: 0/10
2024-01-13 19:54:49,775 - INFO - [1660 in node 3] Best value: -419.095 | TR length: 0.025 | num. failures: 5/13 | num. successes: 0/10
2024-01-13 19:54:51,478 - INFO - [1664 in node 3] Best value: -419.095 | TR length: 0.025 | num. failures: 6/13 | num. successes: 0/10
2024-01-13 19:54:53,216 - INFO - [1668 in node 3] Best value: -419.095 | TR length: 0.025 | num. failures: 7/13 | num. successes: 0/10
2024-01-13 19:54:55,085 - INFO - [1672 in node 3] Best value: -403.794 | TR length: 0.025 | num. failures: 0/13 | num. successes: 1/10
2024-01-13 19:54:56,942 - INFO - [1676 in node 3] Best value: -403.794 | TR length: 0.025 | num. failures: 1/13 | num. successes: 0/10
2024-01-13 19:54:58,862 - INFO - [1680 in node 3] Best value: -403.794 | TR length: 0.025 | num. failures: 2/13 | num. successes: 0/10
2024-01-13 19:55:00,706 - INFO - [1684 in node 3] Best value: -403.794 | TR length: 0.025 | num. failures: 3/13 | num. successes: 0/10
2024-01-13 19:55:02,598 - INFO - [1688 in node 3] Best value: -403.794 | TR length: 0.025 | num. failures: 4/13 | num. successes: 0/10
2024-01-13 19:55:04,143 - INFO - [1692 in node 3] Best value: -403.794 | TR length: 0.025 | num. failures: 5/13 | num. successes: 0/10
2024-01-13 19:55:06,270 - INFO - [1696 in node 3] Best value: -403.794 | TR length: 0.025 | num. failures: 6/13 | num. successes: 0/10
2024-01-13 19:55:08,121 - INFO - [1700 in node 3] Best value: -403.794 | TR length: 0.025 | num. failures: 7/13 | num. successes: 0/10
2024-01-13 19:55:09,562 - INFO - [1704 in node 3] Best value: -403.794 | TR length: 0.025 | num. failures: 8/13 | num. successes: 0/10
2024-01-13 19:55:11,345 - INFO - [1708 in node 3] Best value: -388.154 | TR length: 0.025 | num. failures: 0/13 | num. successes: 1/10
2024-01-13 19:55:13,336 - INFO - [1712 in node 3] Best value: -377.813 | TR length: 0.025 | num. failures: 0/13 | num. successes: 2/10
2024-01-13 19:55:15,363 - INFO - [1716 in node 3] Best value: -377.813 | TR length: 0.025 | num. failures: 1/13 | num. successes: 0/10
2024-01-13 19:55:17,060 - INFO - [1720 in node 3] Best value: -377.813 | TR length: 0.025 | num. failures: 2/13 | num. successes: 0/10
2024-01-13 19:55:19,046 - INFO - [1724 in node 3] Best value: -377.813 | TR length: 0.025 | num. failures: 3/13 | num. successes: 0/10
2024-01-13 19:55:20,852 - INFO - [1728 in node 3] Best value: -377.813 | TR length: 0.025 | num. failures: 4/13 | num. successes: 0/10
2024-01-13 19:55:22,828 - INFO - [1732 in node 3] Best value: -357.989 | TR length: 0.025 | num. failures: 0/13 | num. successes: 1/10
2024-01-13 19:55:25,018 - INFO - [1736 in node 3] Best value: -357.989 | TR length: 0.025 | num. failures: 1/13 | num. successes: 0/10
2024-01-13 19:55:27,008 - INFO - [1740 in node 3] Best value: -353.893 | TR length: 0.025 | num. failures: 0/13 | num. successes: 1/10
2024-01-13 19:55:28,881 - INFO - [1744 in node 3] Best value: -353.893 | TR length: 0.025 | num. failures: 1/13 | num. successes: 0/10
2024-01-13 19:55:30,871 - INFO - [1748 in node 3] Best value: -353.893 | TR length: 0.025 | num. failures: 2/13 | num. successes: 0/10
2024-01-13 19:55:32,717 - INFO - [1752 in node 3] Best value: -353.893 | TR length: 0.025 | num. failures: 3/13 | num. successes: 0/10
2024-01-13 19:55:34,403 - INFO - [1756 in node 3] Best value: -341.154 | TR length: 0.025 | num. failures: 0/13 | num. successes: 1/10
2024-01-13 19:55:36,660 - INFO - [1760 in node 3] Best value: -341.154 | TR length: 0.025 | num. failures: 1/13 | num. successes: 0/10
2024-01-13 19:55:38,584 - INFO - [1764 in node 3] Best value: -341.154 | TR length: 0.025 | num. failures: 2/13 | num. successes: 0/10
2024-01-13 19:55:40,950 - INFO - [1768 in node 3] Best value: -341.154 | TR length: 0.025 | num. failures: 3/13 | num. successes: 0/10
2024-01-13 19:55:42,534 - INFO - [1772 in node 3] Best value: -341.154 | TR length: 0.025 | num. failures: 4/13 | num. successes: 0/10
2024-01-13 19:55:44,196 - INFO - [1776 in node 3] Best value: -341.154 | TR length: 0.025 | num. failures: 5/13 | num. successes: 0/10
2024-01-13 19:55:46,430 - INFO - [1780 in node 3] Best value: -341.154 | TR length: 0.025 | num. failures: 6/13 | num. successes: 0/10
2024-01-13 19:55:48,628 - INFO - [1784 in node 3] Best value: -331.134 | TR length: 0.025 | num. failures: 0/13 | num. successes: 1/10
2024-01-13 19:55:50,322 - INFO - [1788 in node 3] Best value: -331.134 | TR length: 0.025 | num. failures: 1/13 | num. successes: 0/10
2024-01-13 19:55:52,112 - INFO - [1792 in node 3] Best value: -314.745 | TR length: 0.025 | num. failures: 0/13 | num. successes: 1/10
2024-01-13 19:55:54,280 - INFO - [1796 in node 3] Best value: -314.745 | TR length: 0.025 | num. failures: 1/13 | num. successes: 0/10
2024-01-13 19:55:55,929 - INFO - [1800 in node 3] Best value: -314.745 | TR length: 0.025 | num. failures: 2/13 | num. successes: 0/10
2024-01-13 19:55:57,647 - INFO - [1804 in node 3] Best value: -314.745 | TR length: 0.025 | num. failures: 3/13 | num. successes: 0/10
2024-01-13 19:55:59,429 - INFO - [1808 in node 3] Best value: -314.745 | TR length: 0.025 | num. failures: 4/13 | num. successes: 0/10
2024-01-13 19:56:01,855 - INFO - [1812 in node 3] Best value: -314.745 | TR length: 0.025 | num. failures: 5/13 | num. successes: 0/10
2024-01-13 19:56:03,600 - INFO - [1816 in node 3] Best value: -314.745 | TR length: 0.025 | num. failures: 6/13 | num. successes: 0/10
2024-01-13 19:56:05,270 - INFO - [1820 in node 3] Best value: -314.745 | TR length: 0.025 | num. failures: 7/13 | num. successes: 0/10
2024-01-13 19:56:07,003 - INFO - [1824 in node 3] Best value: -314.745 | TR length: 0.025 | num. failures: 8/13 | num. successes: 0/10
2024-01-13 19:56:08,506 - INFO - [1828 in node 3] Best value: -314.745 | TR length: 0.025 | num. failures: 9/13 | num. successes: 0/10
2024-01-13 19:56:10,297 - INFO - [1832 in node 3] Best value: -314.745 | TR length: 0.025 | num. failures: 10/13 | num. successes: 0/10
2024-01-13 19:56:12,477 - INFO - [1836 in node 3] Best value: -314.745 | TR length: 0.025 | num. failures: 11/13 | num. successes: 0/10
2024-01-13 19:56:13,731 - INFO - [1840 in node 3] Best value: -314.745 | TR length: 0.025 | num. failures: 12/13 | num. successes: 0/10
2024-01-13 19:56:15,445 - INFO - [1844 in node 3] Best value: -314.745 | TR length: 0.013 | num. failures: 0/13 | num. successes: 0/10
2024-01-13 19:56:17,091 - INFO - [1848 in node 3] Best value: -308.098 | TR length: 0.013 | num. failures: 0/13 | num. successes: 1/10
2024-01-13 19:56:18,715 - INFO - [1852 in node 3] Best value: -308.098 | TR length: 0.013 | num. failures: 1/13 | num. successes: 0/10
2024-01-13 19:56:21,340 - INFO - [1856 in node 3] Best value: -308.098 | TR length: 0.013 | num. failures: 2/13 | num. successes: 0/10
2024-01-13 19:56:23,429 - INFO - [1860 in node 3] Best value: -290.830 | TR length: 0.013 | num. failures: 0/13 | num. successes: 1/10
2024-01-13 19:56:25,804 - INFO - [1864 in node 3] Best value: -284.970 | TR length: 0.013 | num. failures: 0/13 | num. successes: 2/10
2024-01-13 19:56:28,048 - INFO - [1868 in node 3] Best value: -284.970 | TR length: 0.013 | num. failures: 1/13 | num. successes: 0/10
2024-01-13 19:56:30,613 - INFO - [1872 in node 3] Best value: -281.576 | TR length: 0.013 | num. failures: 0/13 | num. successes: 1/10
2024-01-13 19:56:32,812 - INFO - [1876 in node 3] Best value: -281.576 | TR length: 0.013 | num. failures: 1/13 | num. successes: 0/10
2024-01-13 19:56:34,761 - INFO - [1880 in node 3] Best value: -272.452 | TR length: 0.013 | num. failures: 0/13 | num. successes: 1/10
2024-01-13 19:56:37,328 - INFO - [1884 in node 3] Best value: -272.452 | TR length: 0.013 | num. failures: 1/13 | num. successes: 0/10
2024-01-13 19:56:39,414 - INFO - [1888 in node 3] Best value: -272.452 | TR length: 0.013 | num. failures: 2/13 | num. successes: 0/10
2024-01-13 19:56:41,928 - INFO - [1892 in node 3] Best value: -272.452 | TR length: 0.013 | num. failures: 3/13 | num. successes: 0/10
2024-01-13 19:56:43,741 - INFO - [1896 in node 3] Best value: -272.452 | TR length: 0.013 | num. failures: 4/13 | num. successes: 0/10
2024-01-13 19:56:46,259 - INFO - [1900 in node 3] Best value: -272.452 | TR length: 0.013 | num. failures: 5/13 | num. successes: 0/10
2024-01-13 19:56:48,071 - INFO - [1904 in node 3] Best value: -252.347 | TR length: 0.013 | num. failures: 0/13 | num. successes: 1/10
2024-01-13 19:56:50,054 - INFO - [1908 in node 3] Best value: -252.347 | TR length: 0.013 | num. failures: 1/13 | num. successes: 0/10
2024-01-13 19:56:52,551 - INFO - [1912 in node 3] Best value: -252.347 | TR length: 0.013 | num. failures: 2/13 | num. successes: 0/10
2024-01-13 19:56:54,878 - INFO - [1916 in node 3] Best value: -252.347 | TR length: 0.013 | num. failures: 3/13 | num. successes: 0/10
2024-01-13 19:56:57,654 - INFO - [1920 in node 3] Best value: -242.699 | TR length: 0.013 | num. failures: 0/13 | num. successes: 1/10
2024-01-13 19:57:00,294 - INFO - [1924 in node 3] Best value: -230.206 | TR length: 0.013 | num. failures: 0/13 | num. successes: 2/10
2024-01-13 19:57:02,703 - INFO - [1928 in node 3] Best value: -230.206 | TR length: 0.013 | num. failures: 1/13 | num. successes: 0/10
2024-01-13 19:57:05,024 - INFO - [1932 in node 3] Best value: -215.209 | TR length: 0.013 | num. failures: 0/13 | num. successes: 1/10
2024-01-13 19:57:07,187 - INFO - [1936 in node 3] Best value: -215.209 | TR length: 0.013 | num. failures: 1/13 | num. successes: 0/10
2024-01-13 19:57:09,460 - INFO - [1940 in node 3] Best value: -214.860 | TR length: 0.013 | num. failures: 0/13 | num. successes: 1/10
2024-01-13 19:57:11,602 - INFO - [1944 in node 3] Best value: -214.860 | TR length: 0.013 | num. failures: 1/13 | num. successes: 0/10
2024-01-13 19:57:13,786 - INFO - [1948 in node 3] Best value: -214.860 | TR length: 0.013 | num. failures: 2/13 | num. successes: 0/10
2024-01-13 19:57:16,468 - INFO - [1952 in node 3] Best value: -214.860 | TR length: 0.013 | num. failures: 3/13 | num. successes: 0/10
2024-01-13 19:57:18,393 - INFO - [1956 in node 3] Best value: -214.860 | TR length: 0.013 | num. failures: 4/13 | num. successes: 0/10
2024-01-13 19:57:20,781 - INFO - [1960 in node 3] Best value: -214.860 | TR length: 0.013 | num. failures: 5/13 | num. successes: 0/10
2024-01-13 19:57:23,238 - INFO - [1964 in node 3] Best value: -214.860 | TR length: 0.013 | num. failures: 6/13 | num. successes: 0/10
2024-01-13 19:57:25,585 - INFO - [1968 in node 3] Best value: -214.860 | TR length: 0.013 | num. failures: 7/13 | num. successes: 0/10
2024-01-13 19:57:27,853 - INFO - [1972 in node 3] Best value: -210.387 | TR length: 0.013 | num. failures: 0/13 | num. successes: 1/10
2024-01-13 19:57:30,545 - INFO - [1976 in node 3] Best value: -210.387 | TR length: 0.013 | num. failures: 1/13 | num. successes: 0/10
2024-01-13 19:57:32,438 - INFO - [1980 in node 3] Best value: -210.387 | TR length: 0.013 | num. failures: 2/13 | num. successes: 0/10
2024-01-13 19:57:34,628 - INFO - [1984 in node 3] Best value: -210.387 | TR length: 0.013 | num. failures: 3/13 | num. successes: 0/10
2024-01-13 19:57:36,647 - INFO - [1988 in node 3] Best value: -207.066 | TR length: 0.013 | num. failures: 0/13 | num. successes: 1/10
2024-01-13 19:57:39,019 - INFO - [1992 in node 3] Best value: -207.066 | TR length: 0.013 | num. failures: 1/13 | num. successes: 0/10
2024-01-13 19:57:41,587 - INFO - [1996 in node 3] Best value: -207.066 | TR length: 0.013 | num. failures: 2/13 | num. successes: 0/10
2024-01-13 19:57:44,029 - INFO - [2000 in node 3] Best value: -207.066 | TR length: 0.013 | num. failures: 3/13 | num. successes: 0/10
2024-01-13 19:57:46,347 - INFO - [2004 in node 3] Best value: -200.801 | TR length: 0.013 | num. failures: 0/13 | num. successes: 1/10
2024-01-13 19:57:48,634 - INFO - [2008 in node 3] Best value: -200.801 | TR length: 0.013 | num. failures: 1/13 | num. successes: 0/10
2024-01-13 19:57:51,240 - INFO - [2012 in node 3] Best value: -200.801 | TR length: 0.013 | num. failures: 2/13 | num. successes: 0/10
2024-01-13 19:57:54,145 - INFO - [2016 in node 3] Best value: -200.455 | TR length: 0.013 | num. failures: 0/13 | num. successes: 1/10
2024-01-13 19:57:56,657 - INFO - [2020 in node 3] Best value: -200.455 | TR length: 0.013 | num. failures: 1/13 | num. successes: 0/10
2024-01-13 19:57:58,654 - INFO - [2024 in node 3] Best value: -200.455 | TR length: 0.013 | num. failures: 2/13 | num. successes: 0/10
2024-01-13 19:58:01,046 - INFO - [2028 in node 3] Best value: -200.455 | TR length: 0.013 | num. failures: 3/13 | num. successes: 0/10
2024-01-13 19:58:03,699 - INFO - [2032 in node 3] Best value: -197.767 | TR length: 0.013 | num. failures: 0/13 | num. successes: 1/10
2024-01-13 19:58:05,857 - INFO - [2036 in node 3] Best value: -197.767 | TR length: 0.013 | num. failures: 1/13 | num. successes: 0/10
2024-01-13 19:58:08,929 - INFO - [2040 in node 3] Best value: -197.767 | TR length: 0.013 | num. failures: 2/13 | num. successes: 0/10
2024-01-13 19:58:12,030 - INFO - [2044 in node 3] Best value: -197.767 | TR length: 0.013 | num. failures: 3/13 | num. successes: 0/10
2024-01-13 19:58:14,995 - INFO - [2048 in node 3] Best value: -197.767 | TR length: 0.013 | num. failures: 4/13 | num. successes: 0/10
2024-01-13 19:58:17,698 - INFO - [2052 in node 3] Best value: -197.767 | TR length: 0.013 | num. failures: 5/13 | num. successes: 0/10
2024-01-13 19:58:20,054 - INFO - [2056 in node 3] Best value: -197.767 | TR length: 0.013 | num. failures: 6/13 | num. successes: 0/10
2024-01-13 19:58:22,222 - INFO - [2060 in node 3] Best value: -190.905 | TR length: 0.013 | num. failures: 0/13 | num. successes: 1/10
2024-01-13 19:58:24,354 - INFO - [2064 in node 3] Best value: -185.511 | TR length: 0.013 | num. failures: 0/13 | num. successes: 2/10
2024-01-13 19:58:26,369 - INFO - [2068 in node 3] Best value: -177.786 | TR length: 0.013 | num. failures: 0/13 | num. successes: 3/10
2024-01-13 19:58:28,403 - INFO - [2072 in node 3] Best value: -177.786 | TR length: 0.013 | num. failures: 1/13 | num. successes: 0/10
2024-01-13 19:58:30,718 - INFO - [2076 in node 3] Best value: -177.786 | TR length: 0.013 | num. failures: 2/13 | num. successes: 0/10
2024-01-13 19:58:33,678 - INFO - [2080 in node 3] Best value: -177.786 | TR length: 0.013 | num. failures: 3/13 | num. successes: 0/10
2024-01-13 19:58:36,914 - INFO - [2084 in node 3] Best value: -177.786 | TR length: 0.013 | num. failures: 4/13 | num. successes: 0/10
2024-01-13 19:58:38,864 - INFO - [2088 in node 3] Best value: -177.786 | TR length: 0.013 | num. failures: 5/13 | num. successes: 0/10
2024-01-13 19:58:41,467 - INFO - [2092 in node 3] Best value: -177.786 | TR length: 0.013 | num. failures: 6/13 | num. successes: 0/10
2024-01-13 19:58:44,707 - INFO - [2096 in node 3] Best value: -177.633 | TR length: 0.013 | num. failures: 0/13 | num. successes: 1/10
2024-01-13 19:58:47,711 - INFO - [2100 in node 3] Best value: -176.603 | TR length: 0.013 | num. failures: 0/13 | num. successes: 2/10
2024-01-13 19:58:50,762 - INFO - [2104 in node 3] Best value: -164.200 | TR length: 0.013 | num. failures: 0/13 | num. successes: 3/10
2024-01-13 19:58:52,484 - INFO - [2108 in node 3] Best value: -164.200 | TR length: 0.013 | num. failures: 1/13 | num. successes: 0/10
2024-01-13 19:58:55,383 - INFO - [2112 in node 3] Best value: -164.200 | TR length: 0.013 | num. failures: 2/13 | num. successes: 0/10
2024-01-13 19:58:58,448 - INFO - [2116 in node 3] Best value: -164.200 | TR length: 0.013 | num. failures: 3/13 | num. successes: 0/10
2024-01-13 19:59:01,583 - INFO - [2120 in node 3] Best value: -164.200 | TR length: 0.013 | num. failures: 4/13 | num. successes: 0/10
2024-01-13 19:59:04,488 - INFO - [2124 in node 3] Best value: -162.296 | TR length: 0.013 | num. failures: 0/13 | num. successes: 1/10
2024-01-13 19:59:07,359 - INFO - [2128 in node 3] Best value: -162.296 | TR length: 0.013 | num. failures: 1/13 | num. successes: 0/10
2024-01-13 19:59:09,738 - INFO - [2132 in node 3] Best value: -162.296 | TR length: 0.013 | num. failures: 2/13 | num. successes: 0/10
2024-01-13 19:59:12,370 - INFO - [2136 in node 3] Best value: -162.296 | TR length: 0.013 | num. failures: 3/13 | num. successes: 0/10
2024-01-13 19:59:14,950 - INFO - [2140 in node 3] Best value: -162.296 | TR length: 0.013 | num. failures: 4/13 | num. successes: 0/10
2024-01-13 19:59:17,446 - INFO - [2144 in node 3] Best value: -162.296 | TR length: 0.013 | num. failures: 5/13 | num. successes: 0/10
2024-01-13 19:59:20,019 - INFO - [2148 in node 3] Best value: -154.527 | TR length: 0.013 | num. failures: 0/13 | num. successes: 1/10
2024-01-13 19:59:22,505 - INFO - [2152 in node 3] Best value: -154.527 | TR length: 0.013 | num. failures: 1/13 | num. successes: 0/10
2024-01-13 19:59:25,421 - INFO - [2156 in node 3] Best value: -152.248 | TR length: 0.013 | num. failures: 0/13 | num. successes: 1/10
2024-01-13 19:59:28,179 - INFO - [2160 in node 3] Best value: -144.947 | TR length: 0.013 | num. failures: 0/13 | num. successes: 2/10
2024-01-13 19:59:30,751 - INFO - [2164 in node 3] Best value: -144.947 | TR length: 0.013 | num. failures: 1/13 | num. successes: 0/10
2024-01-13 19:59:34,045 - INFO - [2168 in node 3] Best value: -144.947 | TR length: 0.013 | num. failures: 2/13 | num. successes: 0/10
2024-01-13 19:59:36,759 - INFO - [2172 in node 3] Best value: -144.947 | TR length: 0.013 | num. failures: 3/13 | num. successes: 0/10
2024-01-13 19:59:40,326 - INFO - [2176 in node 3] Best value: -144.947 | TR length: 0.013 | num. failures: 4/13 | num. successes: 0/10
2024-01-13 19:59:43,376 - INFO - [2180 in node 3] Best value: -144.947 | TR length: 0.013 | num. failures: 5/13 | num. successes: 0/10
2024-01-13 19:59:46,458 - INFO - [2184 in node 3] Best value: -144.947 | TR length: 0.013 | num. failures: 6/13 | num. successes: 0/10
2024-01-13 19:59:49,350 - INFO - [2188 in node 3] Best value: -144.947 | TR length: 0.013 | num. failures: 7/13 | num. successes: 0/10
2024-01-13 19:59:53,107 - INFO - [2192 in node 3] Best value: -144.947 | TR length: 0.013 | num. failures: 8/13 | num. successes: 0/10
2024-01-13 19:59:55,851 - INFO - [2196 in node 3] Best value: -144.750 | TR length: 0.013 | num. failures: 0/13 | num. successes: 1/10
2024-01-13 19:59:59,318 - INFO - [2200 in node 3] Best value: -144.750 | TR length: 0.013 | num. failures: 1/13 | num. successes: 0/10
2024-01-13 20:00:02,248 - INFO - [2204 in node 3] Best value: -144.750 | TR length: 0.013 | num. failures: 2/13 | num. successes: 0/10
2024-01-13 20:00:06,029 - INFO - [2208 in node 3] Best value: -144.750 | TR length: 0.013 | num. failures: 3/13 | num. successes: 0/10
2024-01-13 20:00:08,307 - INFO - [2212 in node 3] Best value: -144.750 | TR length: 0.013 | num. failures: 4/13 | num. successes: 0/10
2024-01-13 20:00:11,353 - INFO - [2216 in node 3] Best value: -139.317 | TR length: 0.013 | num. failures: 0/13 | num. successes: 1/10
2024-01-13 20:00:13,947 - INFO - [2220 in node 3] Best value: -139.317 | TR length: 0.013 | num. failures: 1/13 | num. successes: 0/10
2024-01-13 20:00:16,431 - INFO - [2224 in node 3] Best value: -139.317 | TR length: 0.013 | num. failures: 2/13 | num. successes: 0/10
2024-01-13 20:00:19,267 - INFO - [2228 in node 3] Best value: -139.317 | TR length: 0.013 | num. failures: 3/13 | num. successes: 0/10
2024-01-13 20:00:22,356 - INFO - [2232 in node 3] Best value: -139.317 | TR length: 0.013 | num. failures: 4/13 | num. successes: 0/10
2024-01-13 20:00:25,259 - INFO - [2236 in node 3] Best value: -139.317 | TR length: 0.013 | num. failures: 5/13 | num. successes: 0/10
2024-01-13 20:00:27,635 - INFO - [2240 in node 3] Best value: -139.317 | TR length: 0.013 | num. failures: 6/13 | num. successes: 0/10
2024-01-13 20:00:30,632 - INFO - [2244 in node 3] Best value: -139.317 | TR length: 0.013 | num. failures: 7/13 | num. successes: 0/10
2024-01-13 20:00:33,313 - INFO - [2248 in node 3] Best value: -139.317 | TR length: 0.013 | num. failures: 8/13 | num. successes: 0/10
2024-01-13 20:00:34,722 - INFO - [2252 in node 3] Best value: -139.317 | TR length: 0.013 | num. failures: 9/13 | num. successes: 0/10
2024-01-13 20:00:36,757 - INFO - [2256 in node 3] Best value: -139.317 | TR length: 0.013 | num. failures: 10/13 | num. successes: 0/10
2024-01-13 20:00:38,634 - INFO - [2260 in node 3] Best value: -139.317 | TR length: 0.013 | num. failures: 11/13 | num. successes: 0/10
2024-01-13 20:00:40,836 - INFO - [2264 in node 3] Best value: -139.317 | TR length: 0.013 | num. failures: 12/13 | num. successes: 0/10
2024-01-13 20:00:43,807 - INFO - [2268 in node 3] Best value: -139.317 | TR length: 0.006 | num. failures: 0/13 | num. successes: 0/10
2024-01-13 20:00:43,808 - INFO - [TuRBO] Local Modelling converges (TR length below threshold) after 2268 evaluations
2024-01-13 20:00:46,454 - INFO - [104 in node 127] Best value: -589517.672 | TR length: 0.800 | num. failures: 0/13 | num. successes: 1/10
2024-01-13 20:00:46,720 - INFO - [108 in node 127] Best value: -589517.672 | TR length: 0.800 | num. failures: 1/13 | num. successes: 0/10
2024-01-13 20:00:47,070 - INFO - [112 in node 127] Best value: -589517.672 | TR length: 0.800 | num. failures: 2/13 | num. successes: 0/10
2024-01-13 20:00:47,384 - INFO - [116 in node 127] Best value: -589517.672 | TR length: 0.800 | num. failures: 3/13 | num. successes: 0/10
2024-01-13 20:00:47,677 - INFO - [120 in node 127] Best value: -589517.672 | TR length: 0.800 | num. failures: 4/13 | num. successes: 0/10
2024-01-13 20:00:47,800 - INFO - [124 in node 127] Best value: -234813.605 | TR length: 0.800 | num. failures: 0/13 | num. successes: 1/10
2024-01-13 20:00:48,216 - INFO - [128 in node 127] Best value: -234813.605 | TR length: 0.800 | num. failures: 1/13 | num. successes: 0/10
2024-01-13 20:00:48,546 - INFO - [132 in node 127] Best value: -234813.605 | TR length: 0.800 | num. failures: 2/13 | num. successes: 0/10
2024-01-13 20:00:48,947 - INFO - [136 in node 127] Best value: -234813.605 | TR length: 0.800 | num. failures: 3/13 | num. successes: 0/10
2024-01-13 20:00:49,336 - INFO - [140 in node 127] Best value: -234813.605 | TR length: 0.800 | num. failures: 4/13 | num. successes: 0/10
2024-01-13 20:00:49,770 - INFO - [144 in node 127] Best value: -234813.605 | TR length: 0.800 | num. failures: 5/13 | num. successes: 0/10
2024-01-13 20:00:50,281 - INFO - [148 in node 127] Best value: -234813.605 | TR length: 0.800 | num. failures: 6/13 | num. successes: 0/10
2024-01-13 20:00:50,999 - INFO - [152 in node 127] Best value: -234813.605 | TR length: 0.800 | num. failures: 7/13 | num. successes: 0/10
2024-01-13 20:00:51,854 - INFO - [156 in node 127] Best value: -234813.605 | TR length: 0.800 | num. failures: 8/13 | num. successes: 0/10
2024-01-13 20:00:52,319 - INFO - [160 in node 127] Best value: -234813.605 | TR length: 0.800 | num. failures: 9/13 | num. successes: 0/10
2024-01-13 20:00:52,884 - INFO - [164 in node 127] Best value: -234813.605 | TR length: 0.800 | num. failures: 10/13 | num. successes: 0/10
2024-01-13 20:00:53,349 - INFO - [168 in node 127] Best value: -234813.605 | TR length: 0.800 | num. failures: 11/13 | num. successes: 0/10
2024-01-13 20:00:53,786 - INFO - [172 in node 127] Best value: -234813.605 | TR length: 0.800 | num. failures: 12/13 | num. successes: 0/10
2024-01-13 20:00:54,421 - INFO - [176 in node 127] Best value: -234813.605 | TR length: 0.400 | num. failures: 0/13 | num. successes: 0/10
2024-01-13 20:00:54,972 - INFO - [180 in node 127] Best value: -115740.359 | TR length: 0.400 | num. failures: 0/13 | num. successes: 1/10
2024-01-13 20:00:55,483 - INFO - [184 in node 127] Best value: -115740.359 | TR length: 0.400 | num. failures: 1/13 | num. successes: 0/10
2024-01-13 20:00:56,174 - INFO - [188 in node 127] Best value: -115740.359 | TR length: 0.400 | num. failures: 2/13 | num. successes: 0/10
2024-01-13 20:00:56,851 - INFO - [192 in node 127] Best value: -98553.659 | TR length: 0.400 | num. failures: 0/13 | num. successes: 1/10
2024-01-13 20:00:57,511 - INFO - [196 in node 127] Best value: -87424.716 | TR length: 0.400 | num. failures: 0/13 | num. successes: 2/10
2024-01-13 20:00:58,717 - INFO - [200 in node 127] Best value: -87424.716 | TR length: 0.400 | num. failures: 1/13 | num. successes: 0/10
2024-01-13 20:00:59,305 - INFO - [204 in node 127] Best value: -87424.716 | TR length: 0.400 | num. failures: 2/13 | num. successes: 0/10
2024-01-13 20:00:59,895 - INFO - [208 in node 127] Best value: -87424.716 | TR length: 0.400 | num. failures: 3/13 | num. successes: 0/10
2024-01-13 20:01:00,788 - INFO - [212 in node 127] Best value: -86063.323 | TR length: 0.400 | num. failures: 0/13 | num. successes: 1/10
2024-01-13 20:01:01,477 - INFO - [216 in node 127] Best value: -9007.904 | TR length: 0.400 | num. failures: 0/13 | num. successes: 2/10
2024-01-13 20:01:02,131 - INFO - [220 in node 127] Best value: -9007.904 | TR length: 0.400 | num. failures: 1/13 | num. successes: 0/10
2024-01-13 20:01:02,770 - INFO - [224 in node 127] Best value: -9007.904 | TR length: 0.400 | num. failures: 2/13 | num. successes: 0/10
2024-01-13 20:01:03,550 - INFO - [228 in node 127] Best value: -9007.904 | TR length: 0.400 | num. failures: 3/13 | num. successes: 0/10
2024-01-13 20:01:04,540 - INFO - [232 in node 127] Best value: -9007.904 | TR length: 0.400 | num. failures: 4/13 | num. successes: 0/10
2024-01-13 20:01:05,092 - INFO - [236 in node 127] Best value: -9007.904 | TR length: 0.400 | num. failures: 5/13 | num. successes: 0/10
2024-01-13 20:01:05,731 - INFO - [240 in node 127] Best value: -9007.904 | TR length: 0.400 | num. failures: 6/13 | num. successes: 0/10
2024-01-13 20:01:06,573 - INFO - [244 in node 127] Best value: -9007.904 | TR length: 0.400 | num. failures: 7/13 | num. successes: 0/10
2024-01-13 20:01:07,370 - INFO - [248 in node 127] Best value: -9007.904 | TR length: 0.400 | num. failures: 8/13 | num. successes: 0/10
2024-01-13 20:01:08,040 - INFO - [252 in node 127] Best value: -9007.904 | TR length: 0.400 | num. failures: 9/13 | num. successes: 0/10
2024-01-13 20:01:08,690 - INFO - [256 in node 127] Best value: -9007.904 | TR length: 0.400 | num. failures: 10/13 | num. successes: 0/10
2024-01-13 20:01:09,338 - INFO - [260 in node 127] Best value: -9007.904 | TR length: 0.400 | num. failures: 11/13 | num. successes: 0/10
2024-01-13 20:01:10,018 - INFO - [264 in node 127] Best value: -9007.904 | TR length: 0.400 | num. failures: 12/13 | num. successes: 0/10
2024-01-13 20:01:10,792 - INFO - [268 in node 127] Best value: -9007.904 | TR length: 0.200 | num. failures: 0/13 | num. successes: 0/10
2024-01-13 20:01:11,676 - INFO - [272 in node 127] Best value: -9007.904 | TR length: 0.200 | num. failures: 1/13 | num. successes: 0/10
2024-01-13 20:01:12,627 - INFO - [276 in node 127] Best value: -9007.904 | TR length: 0.200 | num. failures: 2/13 | num. successes: 0/10
2024-01-13 20:01:13,675 - INFO - [280 in node 127] Best value: -8343.562 | TR length: 0.200 | num. failures: 0/13 | num. successes: 1/10
2024-01-13 20:01:14,801 - INFO - [284 in node 127] Best value: -8343.562 | TR length: 0.200 | num. failures: 1/13 | num. successes: 0/10
2024-01-13 20:01:15,441 - INFO - [288 in node 127] Best value: -3319.428 | TR length: 0.200 | num. failures: 0/13 | num. successes: 1/10
2024-01-13 20:01:16,567 - INFO - [292 in node 127] Best value: -3319.428 | TR length: 0.200 | num. failures: 1/13 | num. successes: 0/10
2024-01-13 20:01:17,287 - INFO - [296 in node 127] Best value: -3319.428 | TR length: 0.200 | num. failures: 2/13 | num. successes: 0/10
2024-01-13 20:01:17,869 - INFO - [300 in node 127] Best value: -3319.428 | TR length: 0.200 | num. failures: 3/13 | num. successes: 0/10
2024-01-13 20:01:18,588 - INFO - [304 in node 127] Best value: -3319.428 | TR length: 0.200 | num. failures: 4/13 | num. successes: 0/10
2024-01-13 20:01:19,479 - INFO - [308 in node 127] Best value: -3319.428 | TR length: 0.200 | num. failures: 5/13 | num. successes: 0/10
2024-01-13 20:01:20,157 - INFO - [312 in node 127] Best value: -3319.428 | TR length: 0.200 | num. failures: 6/13 | num. successes: 0/10
2024-01-13 20:01:20,771 - INFO - [316 in node 127] Best value: -3319.428 | TR length: 0.200 | num. failures: 7/13 | num. successes: 0/10
2024-01-13 20:01:21,514 - INFO - [320 in node 127] Best value: -3319.428 | TR length: 0.200 | num. failures: 8/13 | num. successes: 0/10
2024-01-13 20:01:22,174 - INFO - [324 in node 127] Best value: -3319.428 | TR length: 0.200 | num. failures: 9/13 | num. successes: 0/10
2024-01-13 20:01:22,795 - INFO - [328 in node 127] Best value: -3319.428 | TR length: 0.200 | num. failures: 10/13 | num. successes: 0/10
2024-01-13 20:01:23,537 - INFO - [332 in node 127] Best value: -3319.428 | TR length: 0.200 | num. failures: 11/13 | num. successes: 0/10
2024-01-13 20:01:24,275 - INFO - [336 in node 127] Best value: -3319.428 | TR length: 0.200 | num. failures: 12/13 | num. successes: 0/10
2024-01-13 20:01:24,954 - INFO - [340 in node 127] Best value: -3319.428 | TR length: 0.100 | num. failures: 0/13 | num. successes: 0/10
2024-01-13 20:01:25,745 - INFO - [344 in node 127] Best value: -1538.060 | TR length: 0.100 | num. failures: 0/13 | num. successes: 1/10
2024-01-13 20:01:26,344 - INFO - [348 in node 127] Best value: -1538.060 | TR length: 0.100 | num. failures: 1/13 | num. successes: 0/10
2024-01-13 20:01:27,027 - INFO - [352 in node 127] Best value: -1538.060 | TR length: 0.100 | num. failures: 2/13 | num. successes: 0/10
2024-01-13 20:01:27,647 - INFO - [356 in node 127] Best value: -1401.409 | TR length: 0.100 | num. failures: 0/13 | num. successes: 1/10
2024-01-13 20:01:28,332 - INFO - [360 in node 127] Best value: -1332.746 | TR length: 0.100 | num. failures: 0/13 | num. successes: 2/10
2024-01-13 20:01:28,905 - INFO - [364 in node 127] Best value: -985.459 | TR length: 0.100 | num. failures: 0/13 | num. successes: 3/10
2024-01-13 20:01:29,565 - INFO - [368 in node 127] Best value: -985.459 | TR length: 0.100 | num. failures: 1/13 | num. successes: 0/10
2024-01-13 20:01:30,205 - INFO - [372 in node 127] Best value: -985.459 | TR length: 0.100 | num. failures: 2/13 | num. successes: 0/10
2024-01-13 20:01:30,897 - INFO - [376 in node 127] Best value: -985.459 | TR length: 0.100 | num. failures: 3/13 | num. successes: 0/10
2024-01-13 20:01:31,475 - INFO - [380 in node 127] Best value: -985.459 | TR length: 0.100 | num. failures: 4/13 | num. successes: 0/10
2024-01-13 20:01:32,434 - INFO - [384 in node 127] Best value: -985.459 | TR length: 0.100 | num. failures: 5/13 | num. successes: 0/10
2024-01-13 20:01:33,192 - INFO - [388 in node 127] Best value: -985.459 | TR length: 0.100 | num. failures: 6/13 | num. successes: 0/10
2024-01-13 20:01:33,814 - INFO - [392 in node 127] Best value: -985.459 | TR length: 0.100 | num. failures: 7/13 | num. successes: 0/10
2024-01-13 20:01:34,518 - INFO - [396 in node 127] Best value: -985.459 | TR length: 0.100 | num. failures: 8/13 | num. successes: 0/10
2024-01-13 20:01:35,145 - INFO - [400 in node 127] Best value: -985.459 | TR length: 0.100 | num. failures: 9/13 | num. successes: 0/10
2024-01-13 20:01:35,850 - INFO - [404 in node 127] Best value: -985.459 | TR length: 0.100 | num. failures: 10/13 | num. successes: 0/10
2024-01-13 20:01:36,681 - INFO - [408 in node 127] Best value: -985.459 | TR length: 0.100 | num. failures: 11/13 | num. successes: 0/10
2024-01-13 20:01:37,358 - INFO - [412 in node 127] Best value: -985.459 | TR length: 0.100 | num. failures: 12/13 | num. successes: 0/10
2024-01-13 20:01:37,984 - INFO - [416 in node 127] Best value: -985.459 | TR length: 0.050 | num. failures: 0/13 | num. successes: 0/10
2024-01-13 20:01:38,690 - INFO - [420 in node 127] Best value: -336.786 | TR length: 0.050 | num. failures: 0/13 | num. successes: 1/10
2024-01-13 20:01:39,218 - INFO - [424 in node 127] Best value: -336.786 | TR length: 0.050 | num. failures: 1/13 | num. successes: 0/10
2024-01-13 20:01:39,790 - INFO - [428 in node 127] Best value: -336.786 | TR length: 0.050 | num. failures: 2/13 | num. successes: 0/10
2024-01-13 20:01:40,441 - INFO - [432 in node 127] Best value: -336.786 | TR length: 0.050 | num. failures: 3/13 | num. successes: 0/10
2024-01-13 20:01:40,993 - INFO - [436 in node 127] Best value: -336.786 | TR length: 0.050 | num. failures: 4/13 | num. successes: 0/10
2024-01-13 20:01:41,643 - INFO - [440 in node 127] Best value: -336.786 | TR length: 0.050 | num. failures: 5/13 | num. successes: 0/10
2024-01-13 20:01:42,221 - INFO - [444 in node 127] Best value: -336.786 | TR length: 0.050 | num. failures: 6/13 | num. successes: 0/10
2024-01-13 20:01:42,870 - INFO - [448 in node 127] Best value: -336.786 | TR length: 0.050 | num. failures: 7/13 | num. successes: 0/10
2024-01-13 20:01:43,441 - INFO - [452 in node 127] Best value: -335.290 | TR length: 0.050 | num. failures: 0/13 | num. successes: 1/10
2024-01-13 20:01:44,069 - INFO - [456 in node 127] Best value: -318.724 | TR length: 0.050 | num. failures: 0/13 | num. successes: 2/10
2024-01-13 20:01:44,619 - INFO - [460 in node 127] Best value: -318.724 | TR length: 0.050 | num. failures: 1/13 | num. successes: 0/10
2024-01-13 20:01:45,256 - INFO - [464 in node 127] Best value: -318.724 | TR length: 0.050 | num. failures: 2/13 | num. successes: 0/10
2024-01-13 20:01:45,920 - INFO - [468 in node 127] Best value: -318.724 | TR length: 0.050 | num. failures: 3/13 | num. successes: 0/10
2024-01-13 20:01:46,565 - INFO - [472 in node 127] Best value: -318.724 | TR length: 0.050 | num. failures: 4/13 | num. successes: 0/10
2024-01-13 20:01:47,166 - INFO - [476 in node 127] Best value: -318.724 | TR length: 0.050 | num. failures: 5/13 | num. successes: 0/10
2024-01-13 20:01:47,860 - INFO - [480 in node 127] Best value: -318.724 | TR length: 0.050 | num. failures: 6/13 | num. successes: 0/10
2024-01-13 20:01:48,561 - INFO - [484 in node 127] Best value: -318.724 | TR length: 0.050 | num. failures: 7/13 | num. successes: 0/10
2024-01-13 20:01:49,151 - INFO - [488 in node 127] Best value: -318.724 | TR length: 0.050 | num. failures: 8/13 | num. successes: 0/10
2024-01-13 20:01:49,894 - INFO - [492 in node 127] Best value: -318.724 | TR length: 0.050 | num. failures: 9/13 | num. successes: 0/10
2024-01-13 20:01:50,634 - INFO - [496 in node 127] Best value: -318.724 | TR length: 0.050 | num. failures: 10/13 | num. successes: 0/10
2024-01-13 20:01:51,287 - INFO - [500 in node 127] Best value: -318.724 | TR length: 0.050 | num. failures: 11/13 | num. successes: 0/10
2024-01-13 20:01:51,966 - INFO - [504 in node 127] Best value: -318.724 | TR length: 0.050 | num. failures: 12/13 | num. successes: 0/10
2024-01-13 20:01:52,589 - INFO - [508 in node 127] Best value: -296.602 | TR length: 0.050 | num. failures: 0/13 | num. successes: 1/10
2024-01-13 20:01:53,260 - INFO - [512 in node 127] Best value: -296.602 | TR length: 0.050 | num. failures: 1/13 | num. successes: 0/10
2024-01-13 20:01:53,892 - INFO - [516 in node 127] Best value: -296.602 | TR length: 0.050 | num. failures: 2/13 | num. successes: 0/10
2024-01-13 20:01:54,576 - INFO - [520 in node 127] Best value: -296.602 | TR length: 0.050 | num. failures: 3/13 | num. successes: 0/10
2024-01-13 20:01:55,327 - INFO - [524 in node 127] Best value: -296.602 | TR length: 0.050 | num. failures: 4/13 | num. successes: 0/10
2024-01-13 20:01:55,977 - INFO - [528 in node 127] Best value: -296.602 | TR length: 0.050 | num. failures: 5/13 | num. successes: 0/10
2024-01-13 20:01:56,711 - INFO - [532 in node 127] Best value: -296.602 | TR length: 0.050 | num. failures: 6/13 | num. successes: 0/10
2024-01-13 20:01:57,511 - INFO - [536 in node 127] Best value: -296.602 | TR length: 0.050 | num. failures: 7/13 | num. successes: 0/10
2024-01-13 20:01:58,262 - INFO - [540 in node 127] Best value: -296.602 | TR length: 0.050 | num. failures: 8/13 | num. successes: 0/10
2024-01-13 20:01:59,123 - INFO - [544 in node 127] Best value: -296.602 | TR length: 0.050 | num. failures: 9/13 | num. successes: 0/10
2024-01-13 20:01:59,896 - INFO - [548 in node 127] Best value: -296.602 | TR length: 0.050 | num. failures: 10/13 | num. successes: 0/10
2024-01-13 20:02:00,711 - INFO - [552 in node 127] Best value: -296.602 | TR length: 0.050 | num. failures: 11/13 | num. successes: 0/10
2024-01-13 20:02:01,497 - INFO - [556 in node 127] Best value: -296.602 | TR length: 0.050 | num. failures: 12/13 | num. successes: 0/10
2024-01-13 20:02:02,170 - INFO - [560 in node 127] Best value: -296.602 | TR length: 0.025 | num. failures: 0/13 | num. successes: 0/10
2024-01-13 20:02:02,934 - INFO - [564 in node 127] Best value: -209.275 | TR length: 0.025 | num. failures: 0/13 | num. successes: 1/10
2024-01-13 20:02:03,717 - INFO - [568 in node 127] Best value: -174.782 | TR length: 0.025 | num. failures: 0/13 | num. successes: 2/10
2024-01-13 20:02:04,492 - INFO - [572 in node 127] Best value: -174.782 | TR length: 0.025 | num. failures: 1/13 | num. successes: 0/10
2024-01-13 20:02:05,174 - INFO - [576 in node 127] Best value: -174.782 | TR length: 0.025 | num. failures: 2/13 | num. successes: 0/10
2024-01-13 20:02:05,979 - INFO - [580 in node 127] Best value: -174.782 | TR length: 0.025 | num. failures: 3/13 | num. successes: 0/10
2024-01-13 20:02:06,747 - INFO - [584 in node 127] Best value: -156.474 | TR length: 0.025 | num. failures: 0/13 | num. successes: 1/10
2024-01-13 20:02:07,496 - INFO - [588 in node 127] Best value: -156.474 | TR length: 0.025 | num. failures: 1/13 | num. successes: 0/10
2024-01-13 20:02:08,368 - INFO - [592 in node 127] Best value: -156.474 | TR length: 0.025 | num. failures: 2/13 | num. successes: 0/10
2024-01-13 20:02:09,074 - INFO - [596 in node 127] Best value: -156.474 | TR length: 0.025 | num. failures: 3/13 | num. successes: 0/10
2024-01-13 20:02:09,837 - INFO - [600 in node 127] Best value: -156.474 | TR length: 0.025 | num. failures: 4/13 | num. successes: 0/10
2024-01-13 20:02:10,563 - INFO - [604 in node 127] Best value: -156.474 | TR length: 0.025 | num. failures: 5/13 | num. successes: 0/10
2024-01-13 20:02:11,259 - INFO - [608 in node 127] Best value: -156.474 | TR length: 0.025 | num. failures: 6/13 | num. successes: 0/10
2024-01-13 20:02:11,920 - INFO - [612 in node 127] Best value: -156.474 | TR length: 0.025 | num. failures: 7/13 | num. successes: 0/10
2024-01-13 20:02:12,742 - INFO - [616 in node 127] Best value: -156.474 | TR length: 0.025 | num. failures: 8/13 | num. successes: 0/10
2024-01-13 20:02:13,553 - INFO - [620 in node 127] Best value: -156.474 | TR length: 0.025 | num. failures: 9/13 | num. successes: 0/10
2024-01-13 20:02:14,227 - INFO - [624 in node 127] Best value: -156.474 | TR length: 0.025 | num. failures: 10/13 | num. successes: 0/10
2024-01-13 20:02:15,027 - INFO - [628 in node 127] Best value: -156.474 | TR length: 0.025 | num. failures: 11/13 | num. successes: 0/10
2024-01-13 20:02:16,009 - INFO - [632 in node 127] Best value: -156.474 | TR length: 0.025 | num. failures: 12/13 | num. successes: 0/10
2024-01-13 20:02:16,010 - INFO - --------------------------------------------------
2024-01-13 20:02:16,012 - INFO - Best X: tensor([0.4846, 0.4804, 0.4818, 0.4766, 0.4859, 0.4885, 0.4763, 0.4764, 0.4674,
        0.4745, 0.4846, 0.4662, 0.4896, 0.4878, 0.4871, 0.4697, 0.4804, 0.4691,
        0.4764, 0.4757, 0.4723, 0.4727, 0.4746, 0.4771, 0.4641, 0.4795, 0.4753,
        0.4689, 0.4771, 0.4764, 0.4792, 0.4663, 0.4623, 0.4888, 0.4921, 0.4928,
        0.4849, 0.4838, 0.4732, 0.4603, 0.4757, 0.4726, 0.4806, 0.4728, 0.4616,
        0.4775, 0.4794, 0.4743, 0.4714, 0.4740], device='cuda:0',
       dtype=torch.float64)
2024-01-13 20:02:16,012 - INFO - Best Y: -138.1812621538769
2024-01-13 20:02:16,012 - INFO - Elapsed time: 833.53 seconds
