2024-01-13 19:31:39,093 - INFO - Start experiment: mcts_levy50d_3000
2024-01-13 19:31:39,094 - INFO - ==================================================
2024-01-13 19:31:39,094 - INFO - Config:
2024-01-13 19:31:39,094 - INFO - seed: 0
2024-01-13 19:31:39,094 - INFO - Cp: 1.0
2024-01-13 19:31:39,094 - INFO - leaf_size: 20
2024-01-13 19:31:39,094 - INFO - node_selection_type: UCB
2024-01-13 19:31:39,094 - INFO - initial_sampling_method: Sobol
2024-01-13 19:31:39,195 - INFO - bounds: tensor([[-10., -10., -10., -10., -10., -10., -10., -10., -10., -10., -10., -10.,
         -10., -10., -10., -10., -10., -10., -10., -10., -10., -10., -10., -10.,
         -10., -10., -10., -10., -10., -10., -10., -10., -10., -10., -10., -10.,
         -10., -10., -10., -10., -10., -10., -10., -10., -10., -10., -10., -10.,
         -10., -10.],
        [ 10.,  10.,  10.,  10.,  10.,  10.,  10.,  10.,  10.,  10.,  10.,  10.,
          10.,  10.,  10.,  10.,  10.,  10.,  10.,  10.,  10.,  10.,  10.,  10.,
          10.,  10.,  10.,  10.,  10.,  10.,  10.,  10.,  10.,  10.,  10.,  10.,
          10.,  10.,  10.,  10.,  10.,  10.,  10.,  10.,  10.,  10.,  10.,  10.,
          10.,  10.]], device='cuda:0', dtype=torch.float64)
2024-01-13 19:31:39,195 - INFO - num_init: 100
2024-01-13 19:31:39,196 - INFO - obj_func: Levy()
2024-01-13 19:31:39,196 - INFO - optimizer_type: turbo
2024-01-13 19:31:39,196 - INFO - optimizer_params: {'batch_size': 4, 'acqf': 'ts', 'num_restarts': 10, 'raw_samples': 512}
2024-01-13 19:31:39,196 - INFO - classifier_type: SVM
2024-01-13 19:31:39,196 - INFO - classifier_params: {'kernel_type': 'poly', 'gamma_type': 'auto'}
2024-01-13 19:31:39,196 - INFO - ==================================================
2024-01-13 19:31:40,992 - INFO - [104 in node 3] Best value: -467.160 | TR length: 0.800 | num. failures: 0/13 | num. successes: 1/10
2024-01-13 19:31:41,449 - INFO - [108 in node 3] Best value: -420.525 | TR length: 0.800 | num. failures: 0/13 | num. successes: 2/10
2024-01-13 19:31:41,885 - INFO - [112 in node 3] Best value: -420.525 | TR length: 0.800 | num. failures: 1/13 | num. successes: 0/10
2024-01-13 19:31:42,450 - INFO - [116 in node 3] Best value: -420.525 | TR length: 0.800 | num. failures: 2/13 | num. successes: 0/10
2024-01-13 19:31:42,886 - INFO - [120 in node 3] Best value: -420.525 | TR length: 0.800 | num. failures: 3/13 | num. successes: 0/10
2024-01-13 19:31:43,707 - INFO - [124 in node 3] Best value: -369.552 | TR length: 0.800 | num. failures: 0/13 | num. successes: 1/10
2024-01-13 19:31:44,628 - INFO - [128 in node 3] Best value: -369.552 | TR length: 0.800 | num. failures: 1/13 | num. successes: 0/10
2024-01-13 19:31:45,345 - INFO - [132 in node 3] Best value: -369.552 | TR length: 0.800 | num. failures: 2/13 | num. successes: 0/10
2024-01-13 19:31:46,067 - INFO - [136 in node 3] Best value: -369.552 | TR length: 0.800 | num. failures: 3/13 | num. successes: 0/10
2024-01-13 19:31:46,875 - INFO - [140 in node 3] Best value: -369.552 | TR length: 0.800 | num. failures: 4/13 | num. successes: 0/10
2024-01-13 19:31:47,408 - INFO - [144 in node 3] Best value: -369.552 | TR length: 0.800 | num. failures: 5/13 | num. successes: 0/10
2024-01-13 19:31:48,039 - INFO - [148 in node 3] Best value: -369.552 | TR length: 0.800 | num. failures: 6/13 | num. successes: 0/10
2024-01-13 19:31:48,834 - INFO - [152 in node 3] Best value: -369.552 | TR length: 0.800 | num. failures: 7/13 | num. successes: 0/10
2024-01-13 19:31:49,568 - INFO - [156 in node 3] Best value: -369.552 | TR length: 0.800 | num. failures: 8/13 | num. successes: 0/10
2024-01-13 19:31:50,141 - INFO - [160 in node 3] Best value: -369.552 | TR length: 0.800 | num. failures: 9/13 | num. successes: 0/10
2024-01-13 19:31:50,654 - INFO - [164 in node 3] Best value: -369.552 | TR length: 0.800 | num. failures: 10/13 | num. successes: 0/10
2024-01-13 19:31:51,859 - INFO - [168 in node 3] Best value: -361.075 | TR length: 0.800 | num. failures: 0/13 | num. successes: 1/10
2024-01-13 19:31:52,864 - INFO - [172 in node 3] Best value: -361.075 | TR length: 0.800 | num. failures: 1/13 | num. successes: 0/10
2024-01-13 19:31:53,550 - INFO - [176 in node 3] Best value: -361.075 | TR length: 0.800 | num. failures: 2/13 | num. successes: 0/10
2024-01-13 19:31:54,265 - INFO - [180 in node 3] Best value: -361.075 | TR length: 0.800 | num. failures: 3/13 | num. successes: 0/10
2024-01-13 19:31:54,867 - INFO - [184 in node 3] Best value: -361.075 | TR length: 0.800 | num. failures: 4/13 | num. successes: 0/10
2024-01-13 19:31:55,528 - INFO - [188 in node 3] Best value: -361.075 | TR length: 0.800 | num. failures: 5/13 | num. successes: 0/10
2024-01-13 19:31:56,084 - INFO - [192 in node 3] Best value: -361.075 | TR length: 0.800 | num. failures: 6/13 | num. successes: 0/10
2024-01-13 19:31:56,769 - INFO - [196 in node 3] Best value: -354.327 | TR length: 0.800 | num. failures: 0/13 | num. successes: 1/10
2024-01-13 19:31:57,434 - INFO - [200 in node 3] Best value: -354.327 | TR length: 0.800 | num. failures: 1/13 | num. successes: 0/10
2024-01-13 19:31:58,041 - INFO - [204 in node 3] Best value: -351.273 | TR length: 0.800 | num. failures: 0/13 | num. successes: 1/10
2024-01-13 19:31:58,590 - INFO - [208 in node 3] Best value: -342.688 | TR length: 0.800 | num. failures: 0/13 | num. successes: 2/10
2024-01-13 19:31:59,067 - INFO - [212 in node 3] Best value: -342.688 | TR length: 0.800 | num. failures: 1/13 | num. successes: 0/10
2024-01-13 19:31:59,571 - INFO - [216 in node 3] Best value: -338.895 | TR length: 0.800 | num. failures: 0/13 | num. successes: 1/10
2024-01-13 19:32:00,143 - INFO - [220 in node 3] Best value: -338.895 | TR length: 0.800 | num. failures: 1/13 | num. successes: 0/10
2024-01-13 19:32:00,771 - INFO - [224 in node 3] Best value: -338.895 | TR length: 0.800 | num. failures: 2/13 | num. successes: 0/10
2024-01-13 19:32:01,450 - INFO - [228 in node 3] Best value: -338.895 | TR length: 0.800 | num. failures: 3/13 | num. successes: 0/10
2024-01-13 19:32:02,036 - INFO - [232 in node 3] Best value: -338.895 | TR length: 0.800 | num. failures: 4/13 | num. successes: 0/10
2024-01-13 19:32:02,545 - INFO - [236 in node 3] Best value: -315.458 | TR length: 0.800 | num. failures: 0/13 | num. successes: 1/10
2024-01-13 19:32:03,334 - INFO - [240 in node 3] Best value: -315.458 | TR length: 0.800 | num. failures: 1/13 | num. successes: 0/10
2024-01-13 19:32:03,863 - INFO - [244 in node 3] Best value: -315.458 | TR length: 0.800 | num. failures: 2/13 | num. successes: 0/10
2024-01-13 19:32:04,687 - INFO - [248 in node 3] Best value: -315.458 | TR length: 0.800 | num. failures: 3/13 | num. successes: 0/10
2024-01-13 19:32:05,165 - INFO - [252 in node 3] Best value: -315.458 | TR length: 0.800 | num. failures: 4/13 | num. successes: 0/10
2024-01-13 19:32:05,778 - INFO - [256 in node 3] Best value: -315.458 | TR length: 0.800 | num. failures: 5/13 | num. successes: 0/10
2024-01-13 19:32:06,486 - INFO - [260 in node 3] Best value: -315.458 | TR length: 0.800 | num. failures: 6/13 | num. successes: 0/10
2024-01-13 19:32:07,056 - INFO - [264 in node 3] Best value: -315.458 | TR length: 0.800 | num. failures: 7/13 | num. successes: 0/10
2024-01-13 19:32:07,698 - INFO - [268 in node 3] Best value: -315.458 | TR length: 0.800 | num. failures: 8/13 | num. successes: 0/10
2024-01-13 19:32:08,267 - INFO - [272 in node 3] Best value: -297.419 | TR length: 0.800 | num. failures: 0/13 | num. successes: 1/10
2024-01-13 19:32:08,833 - INFO - [276 in node 3] Best value: -297.419 | TR length: 0.800 | num. failures: 1/13 | num. successes: 0/10
2024-01-13 19:32:09,353 - INFO - [280 in node 3] Best value: -288.177 | TR length: 0.800 | num. failures: 0/13 | num. successes: 1/10
2024-01-13 19:32:09,767 - INFO - [284 in node 3] Best value: -288.177 | TR length: 0.800 | num. failures: 1/13 | num. successes: 0/10
2024-01-13 19:32:10,307 - INFO - [288 in node 3] Best value: -288.177 | TR length: 0.800 | num. failures: 2/13 | num. successes: 0/10
2024-01-13 19:32:10,815 - INFO - [292 in node 3] Best value: -288.177 | TR length: 0.800 | num. failures: 3/13 | num. successes: 0/10
2024-01-13 19:32:11,247 - INFO - [296 in node 3] Best value: -288.177 | TR length: 0.800 | num. failures: 4/13 | num. successes: 0/10
2024-01-13 19:32:11,747 - INFO - [300 in node 3] Best value: -288.177 | TR length: 0.800 | num. failures: 5/13 | num. successes: 0/10
2024-01-13 19:32:12,266 - INFO - [304 in node 3] Best value: -288.177 | TR length: 0.800 | num. failures: 6/13 | num. successes: 0/10
2024-01-13 19:32:12,909 - INFO - [308 in node 3] Best value: -288.177 | TR length: 0.800 | num. failures: 7/13 | num. successes: 0/10
2024-01-13 19:32:13,672 - INFO - [312 in node 3] Best value: -288.177 | TR length: 0.800 | num. failures: 8/13 | num. successes: 0/10
2024-01-13 19:32:14,229 - INFO - [316 in node 3] Best value: -283.167 | TR length: 0.800 | num. failures: 0/13 | num. successes: 1/10
2024-01-13 19:32:14,824 - INFO - [320 in node 3] Best value: -281.991 | TR length: 0.800 | num. failures: 0/13 | num. successes: 2/10
2024-01-13 19:32:15,367 - INFO - [324 in node 3] Best value: -281.991 | TR length: 0.800 | num. failures: 1/13 | num. successes: 0/10
2024-01-13 19:32:16,264 - INFO - [328 in node 3] Best value: -281.180 | TR length: 0.800 | num. failures: 0/13 | num. successes: 1/10
2024-01-13 19:32:16,757 - INFO - [332 in node 3] Best value: -268.810 | TR length: 0.800 | num. failures: 0/13 | num. successes: 2/10
2024-01-13 19:32:17,414 - INFO - [336 in node 3] Best value: -268.810 | TR length: 0.800 | num. failures: 1/13 | num. successes: 0/10
2024-01-13 19:32:17,963 - INFO - [340 in node 3] Best value: -268.810 | TR length: 0.800 | num. failures: 2/13 | num. successes: 0/10
2024-01-13 19:32:18,405 - INFO - [344 in node 3] Best value: -259.942 | TR length: 0.800 | num. failures: 0/13 | num. successes: 1/10
2024-01-13 19:32:18,852 - INFO - [348 in node 3] Best value: -259.942 | TR length: 0.800 | num. failures: 1/13 | num. successes: 0/10
2024-01-13 19:32:19,366 - INFO - [352 in node 3] Best value: -259.942 | TR length: 0.800 | num. failures: 2/13 | num. successes: 0/10
2024-01-13 19:32:19,926 - INFO - [356 in node 3] Best value: -259.942 | TR length: 0.800 | num. failures: 3/13 | num. successes: 0/10
2024-01-13 19:32:20,541 - INFO - [360 in node 3] Best value: -259.942 | TR length: 0.800 | num. failures: 4/13 | num. successes: 0/10
2024-01-13 19:32:21,125 - INFO - [364 in node 3] Best value: -259.942 | TR length: 0.800 | num. failures: 5/13 | num. successes: 0/10
2024-01-13 19:32:21,675 - INFO - [368 in node 3] Best value: -259.942 | TR length: 0.800 | num. failures: 6/13 | num. successes: 0/10
2024-01-13 19:32:22,440 - INFO - [372 in node 3] Best value: -259.942 | TR length: 0.800 | num. failures: 7/13 | num. successes: 0/10
2024-01-13 19:32:23,154 - INFO - [376 in node 3] Best value: -259.942 | TR length: 0.800 | num. failures: 8/13 | num. successes: 0/10
2024-01-13 19:32:23,870 - INFO - [380 in node 3] Best value: -259.942 | TR length: 0.800 | num. failures: 9/13 | num. successes: 0/10
2024-01-13 19:32:24,536 - INFO - [384 in node 3] Best value: -259.942 | TR length: 0.800 | num. failures: 10/13 | num. successes: 0/10
2024-01-13 19:32:25,306 - INFO - [388 in node 3] Best value: -259.942 | TR length: 0.800 | num. failures: 11/13 | num. successes: 0/10
2024-01-13 19:32:26,151 - INFO - [392 in node 3] Best value: -259.942 | TR length: 0.800 | num. failures: 12/13 | num. successes: 0/10
2024-01-13 19:32:26,819 - INFO - [396 in node 3] Best value: -259.942 | TR length: 0.400 | num. failures: 0/13 | num. successes: 0/10
2024-01-13 19:32:27,420 - INFO - [400 in node 3] Best value: -259.942 | TR length: 0.400 | num. failures: 1/13 | num. successes: 0/10
2024-01-13 19:32:27,947 - INFO - [404 in node 3] Best value: -241.281 | TR length: 0.400 | num. failures: 0/13 | num. successes: 1/10
2024-01-13 19:32:28,714 - INFO - [408 in node 3] Best value: -241.281 | TR length: 0.400 | num. failures: 1/13 | num. successes: 0/10
2024-01-13 19:32:29,382 - INFO - [412 in node 3] Best value: -236.582 | TR length: 0.400 | num. failures: 0/13 | num. successes: 1/10
2024-01-13 19:32:29,948 - INFO - [416 in node 3] Best value: -236.582 | TR length: 0.400 | num. failures: 1/13 | num. successes: 0/10
2024-01-13 19:32:30,559 - INFO - [420 in node 3] Best value: -227.462 | TR length: 0.400 | num. failures: 0/13 | num. successes: 1/10
2024-01-13 19:32:31,215 - INFO - [424 in node 3] Best value: -227.462 | TR length: 0.400 | num. failures: 1/13 | num. successes: 0/10
2024-01-13 19:32:31,726 - INFO - [428 in node 3] Best value: -227.462 | TR length: 0.400 | num. failures: 2/13 | num. successes: 0/10
2024-01-13 19:32:32,364 - INFO - [432 in node 3] Best value: -198.603 | TR length: 0.400 | num. failures: 0/13 | num. successes: 1/10
2024-01-13 19:32:32,971 - INFO - [436 in node 3] Best value: -198.603 | TR length: 0.400 | num. failures: 1/13 | num. successes: 0/10
2024-01-13 19:32:33,466 - INFO - [440 in node 3] Best value: -198.603 | TR length: 0.400 | num. failures: 2/13 | num. successes: 0/10
2024-01-13 19:32:33,934 - INFO - [444 in node 3] Best value: -198.603 | TR length: 0.400 | num. failures: 3/13 | num. successes: 0/10
2024-01-13 19:32:34,424 - INFO - [448 in node 3] Best value: -198.603 | TR length: 0.400 | num. failures: 4/13 | num. successes: 0/10
2024-01-13 19:32:34,922 - INFO - [452 in node 3] Best value: -198.603 | TR length: 0.400 | num. failures: 5/13 | num. successes: 0/10
2024-01-13 19:32:35,498 - INFO - [456 in node 3] Best value: -198.603 | TR length: 0.400 | num. failures: 6/13 | num. successes: 0/10
2024-01-13 19:32:36,082 - INFO - [460 in node 3] Best value: -198.603 | TR length: 0.400 | num. failures: 7/13 | num. successes: 0/10
2024-01-13 19:32:36,660 - INFO - [464 in node 3] Best value: -198.603 | TR length: 0.400 | num. failures: 8/13 | num. successes: 0/10
2024-01-13 19:32:37,327 - INFO - [468 in node 3] Best value: -198.603 | TR length: 0.400 | num. failures: 9/13 | num. successes: 0/10
2024-01-13 19:32:37,899 - INFO - [472 in node 3] Best value: -198.603 | TR length: 0.400 | num. failures: 10/13 | num. successes: 0/10
2024-01-13 19:32:38,524 - INFO - [476 in node 3] Best value: -198.603 | TR length: 0.400 | num. failures: 11/13 | num. successes: 0/10
2024-01-13 19:32:39,141 - INFO - [480 in node 3] Best value: -198.603 | TR length: 0.400 | num. failures: 12/13 | num. successes: 0/10
2024-01-13 19:32:39,730 - INFO - [484 in node 3] Best value: -190.647 | TR length: 0.400 | num. failures: 0/13 | num. successes: 1/10
2024-01-13 19:32:40,475 - INFO - [488 in node 3] Best value: -190.647 | TR length: 0.400 | num. failures: 1/13 | num. successes: 0/10
2024-01-13 19:32:41,052 - INFO - [492 in node 3] Best value: -190.647 | TR length: 0.400 | num. failures: 2/13 | num. successes: 0/10
2024-01-13 19:32:41,560 - INFO - [496 in node 3] Best value: -190.647 | TR length: 0.400 | num. failures: 3/13 | num. successes: 0/10
2024-01-13 19:32:42,205 - INFO - [500 in node 3] Best value: -190.647 | TR length: 0.400 | num. failures: 4/13 | num. successes: 0/10
2024-01-13 19:32:42,801 - INFO - [504 in node 3] Best value: -190.647 | TR length: 0.400 | num. failures: 5/13 | num. successes: 0/10
2024-01-13 19:32:43,355 - INFO - [508 in node 3] Best value: -172.679 | TR length: 0.400 | num. failures: 0/13 | num. successes: 1/10
2024-01-13 19:32:43,928 - INFO - [512 in node 3] Best value: -172.679 | TR length: 0.400 | num. failures: 1/13 | num. successes: 0/10
2024-01-13 19:32:44,514 - INFO - [516 in node 3] Best value: -172.679 | TR length: 0.400 | num. failures: 2/13 | num. successes: 0/10
2024-01-13 19:32:44,958 - INFO - [520 in node 3] Best value: -172.679 | TR length: 0.400 | num. failures: 3/13 | num. successes: 0/10
2024-01-13 19:32:45,407 - INFO - [524 in node 3] Best value: -172.679 | TR length: 0.400 | num. failures: 4/13 | num. successes: 0/10
2024-01-13 19:32:45,957 - INFO - [528 in node 3] Best value: -166.339 | TR length: 0.400 | num. failures: 0/13 | num. successes: 1/10
2024-01-13 19:32:46,572 - INFO - [532 in node 3] Best value: -166.339 | TR length: 0.400 | num. failures: 1/13 | num. successes: 0/10
2024-01-13 19:32:47,048 - INFO - [536 in node 3] Best value: -166.339 | TR length: 0.400 | num. failures: 2/13 | num. successes: 0/10
2024-01-13 19:32:47,536 - INFO - [540 in node 3] Best value: -166.339 | TR length: 0.400 | num. failures: 3/13 | num. successes: 0/10
2024-01-13 19:32:48,008 - INFO - [544 in node 3] Best value: -166.339 | TR length: 0.400 | num. failures: 4/13 | num. successes: 0/10
2024-01-13 19:32:48,488 - INFO - [548 in node 3] Best value: -166.339 | TR length: 0.400 | num. failures: 5/13 | num. successes: 0/10
2024-01-13 19:32:49,003 - INFO - [552 in node 3] Best value: -166.339 | TR length: 0.400 | num. failures: 6/13 | num. successes: 0/10
2024-01-13 19:32:49,611 - INFO - [556 in node 3] Best value: -166.339 | TR length: 0.400 | num. failures: 7/13 | num. successes: 0/10
2024-01-13 19:32:50,466 - INFO - [560 in node 3] Best value: -166.339 | TR length: 0.400 | num. failures: 8/13 | num. successes: 0/10
2024-01-13 19:32:51,024 - INFO - [564 in node 3] Best value: -166.339 | TR length: 0.400 | num. failures: 9/13 | num. successes: 0/10
2024-01-13 19:32:51,544 - INFO - [568 in node 3] Best value: -166.339 | TR length: 0.400 | num. failures: 10/13 | num. successes: 0/10
2024-01-13 19:32:52,081 - INFO - [572 in node 3] Best value: -166.339 | TR length: 0.400 | num. failures: 11/13 | num. successes: 0/10
2024-01-13 19:32:52,609 - INFO - [576 in node 3] Best value: -166.339 | TR length: 0.400 | num. failures: 12/13 | num. successes: 0/10
2024-01-13 19:32:53,144 - INFO - [580 in node 3] Best value: -166.339 | TR length: 0.200 | num. failures: 0/13 | num. successes: 0/10
2024-01-13 19:32:53,699 - INFO - [584 in node 3] Best value: -140.614 | TR length: 0.200 | num. failures: 0/13 | num. successes: 1/10
2024-01-13 19:32:54,224 - INFO - [588 in node 3] Best value: -135.621 | TR length: 0.200 | num. failures: 0/13 | num. successes: 2/10
2024-01-13 19:32:54,791 - INFO - [592 in node 3] Best value: -135.621 | TR length: 0.200 | num. failures: 1/13 | num. successes: 0/10
2024-01-13 19:32:55,418 - INFO - [596 in node 3] Best value: -135.621 | TR length: 0.200 | num. failures: 2/13 | num. successes: 0/10
2024-01-13 19:32:55,982 - INFO - [600 in node 3] Best value: -135.621 | TR length: 0.200 | num. failures: 3/13 | num. successes: 0/10
2024-01-13 19:32:56,550 - INFO - [604 in node 3] Best value: -135.621 | TR length: 0.200 | num. failures: 4/13 | num. successes: 0/10
2024-01-13 19:32:57,282 - INFO - [608 in node 3] Best value: -135.621 | TR length: 0.200 | num. failures: 5/13 | num. successes: 0/10
2024-01-13 19:32:58,071 - INFO - [612 in node 3] Best value: -135.621 | TR length: 0.200 | num. failures: 6/13 | num. successes: 0/10
2024-01-13 19:32:58,763 - INFO - [616 in node 3] Best value: -135.331 | TR length: 0.200 | num. failures: 0/13 | num. successes: 1/10
2024-01-13 19:32:59,475 - INFO - [620 in node 3] Best value: -135.331 | TR length: 0.200 | num. failures: 1/13 | num. successes: 0/10
2024-01-13 19:33:00,313 - INFO - [624 in node 3] Best value: -121.593 | TR length: 0.200 | num. failures: 0/13 | num. successes: 1/10
2024-01-13 19:33:01,006 - INFO - [628 in node 3] Best value: -121.593 | TR length: 0.200 | num. failures: 1/13 | num. successes: 0/10
2024-01-13 19:33:01,754 - INFO - [632 in node 3] Best value: -121.593 | TR length: 0.200 | num. failures: 2/13 | num. successes: 0/10
2024-01-13 19:33:02,623 - INFO - [636 in node 3] Best value: -121.593 | TR length: 0.200 | num. failures: 3/13 | num. successes: 0/10
2024-01-13 19:33:03,447 - INFO - [640 in node 3] Best value: -121.593 | TR length: 0.200 | num. failures: 4/13 | num. successes: 0/10
2024-01-13 19:33:04,155 - INFO - [644 in node 3] Best value: -121.593 | TR length: 0.200 | num. failures: 5/13 | num. successes: 0/10
2024-01-13 19:33:04,829 - INFO - [648 in node 3] Best value: -121.593 | TR length: 0.200 | num. failures: 6/13 | num. successes: 0/10
2024-01-13 19:33:05,454 - INFO - [652 in node 3] Best value: -117.708 | TR length: 0.200 | num. failures: 0/13 | num. successes: 1/10
2024-01-13 19:33:06,117 - INFO - [656 in node 3] Best value: -117.708 | TR length: 0.200 | num. failures: 1/13 | num. successes: 0/10
2024-01-13 19:33:06,788 - INFO - [660 in node 3] Best value: -117.708 | TR length: 0.200 | num. failures: 2/13 | num. successes: 0/10
2024-01-13 19:33:07,516 - INFO - [664 in node 3] Best value: -117.708 | TR length: 0.200 | num. failures: 3/13 | num. successes: 0/10
2024-01-13 19:33:08,196 - INFO - [668 in node 3] Best value: -117.708 | TR length: 0.200 | num. failures: 4/13 | num. successes: 0/10
2024-01-13 19:33:08,892 - INFO - [672 in node 3] Best value: -117.708 | TR length: 0.200 | num. failures: 5/13 | num. successes: 0/10
2024-01-13 19:33:09,473 - INFO - [676 in node 3] Best value: -117.708 | TR length: 0.200 | num. failures: 6/13 | num. successes: 0/10
2024-01-13 19:33:10,086 - INFO - [680 in node 3] Best value: -117.708 | TR length: 0.200 | num. failures: 7/13 | num. successes: 0/10
2024-01-13 19:33:10,747 - INFO - [684 in node 3] Best value: -117.708 | TR length: 0.200 | num. failures: 8/13 | num. successes: 0/10
2024-01-13 19:33:11,298 - INFO - [688 in node 3] Best value: -117.708 | TR length: 0.200 | num. failures: 9/13 | num. successes: 0/10
2024-01-13 19:33:11,830 - INFO - [692 in node 3] Best value: -117.708 | TR length: 0.200 | num. failures: 10/13 | num. successes: 0/10
2024-01-13 19:33:12,405 - INFO - [696 in node 3] Best value: -117.708 | TR length: 0.200 | num. failures: 11/13 | num. successes: 0/10
2024-01-13 19:33:13,095 - INFO - [700 in node 3] Best value: -117.138 | TR length: 0.200 | num. failures: 0/13 | num. successes: 1/10
2024-01-13 19:33:13,682 - INFO - [704 in node 3] Best value: -117.138 | TR length: 0.200 | num. failures: 1/13 | num. successes: 0/10
2024-01-13 19:33:14,217 - INFO - [708 in node 3] Best value: -117.138 | TR length: 0.200 | num. failures: 2/13 | num. successes: 0/10
2024-01-13 19:33:14,891 - INFO - [712 in node 3] Best value: -113.163 | TR length: 0.200 | num. failures: 0/13 | num. successes: 1/10
2024-01-13 19:33:15,535 - INFO - [716 in node 3] Best value: -113.163 | TR length: 0.200 | num. failures: 1/13 | num. successes: 0/10
2024-01-13 19:33:16,317 - INFO - [720 in node 3] Best value: -113.163 | TR length: 0.200 | num. failures: 2/13 | num. successes: 0/10
2024-01-13 19:33:17,152 - INFO - [724 in node 3] Best value: -113.163 | TR length: 0.200 | num. failures: 3/13 | num. successes: 0/10
2024-01-13 19:33:17,796 - INFO - [728 in node 3] Best value: -110.947 | TR length: 0.200 | num. failures: 0/13 | num. successes: 1/10
2024-01-13 19:33:18,472 - INFO - [732 in node 3] Best value: -110.947 | TR length: 0.200 | num. failures: 1/13 | num. successes: 0/10
2024-01-13 19:33:19,202 - INFO - [736 in node 3] Best value: -110.532 | TR length: 0.200 | num. failures: 0/13 | num. successes: 1/10
2024-01-13 19:33:19,903 - INFO - [740 in node 3] Best value: -110.532 | TR length: 0.200 | num. failures: 1/13 | num. successes: 0/10
2024-01-13 19:33:20,550 - INFO - [744 in node 3] Best value: -110.532 | TR length: 0.200 | num. failures: 2/13 | num. successes: 0/10
2024-01-13 19:33:21,165 - INFO - [748 in node 3] Best value: -110.532 | TR length: 0.200 | num. failures: 3/13 | num. successes: 0/10
2024-01-13 19:33:21,752 - INFO - [752 in node 3] Best value: -110.532 | TR length: 0.200 | num. failures: 4/13 | num. successes: 0/10
2024-01-13 19:33:22,366 - INFO - [756 in node 3] Best value: -110.532 | TR length: 0.200 | num. failures: 5/13 | num. successes: 0/10
2024-01-13 19:33:23,044 - INFO - [760 in node 3] Best value: -110.532 | TR length: 0.200 | num. failures: 6/13 | num. successes: 0/10
2024-01-13 19:33:23,864 - INFO - [764 in node 3] Best value: -110.532 | TR length: 0.200 | num. failures: 7/13 | num. successes: 0/10
2024-01-13 19:33:24,695 - INFO - [768 in node 3] Best value: -110.532 | TR length: 0.200 | num. failures: 8/13 | num. successes: 0/10
2024-01-13 19:33:25,466 - INFO - [772 in node 3] Best value: -110.532 | TR length: 0.200 | num. failures: 9/13 | num. successes: 0/10
2024-01-13 19:33:26,380 - INFO - [776 in node 3] Best value: -110.532 | TR length: 0.200 | num. failures: 10/13 | num. successes: 0/10
2024-01-13 19:33:27,213 - INFO - [780 in node 3] Best value: -110.532 | TR length: 0.200 | num. failures: 11/13 | num. successes: 0/10
2024-01-13 19:33:28,037 - INFO - [784 in node 3] Best value: -110.305 | TR length: 0.200 | num. failures: 0/13 | num. successes: 1/10
2024-01-13 19:33:28,878 - INFO - [788 in node 3] Best value: -103.609 | TR length: 0.200 | num. failures: 0/13 | num. successes: 2/10
2024-01-13 19:33:29,632 - INFO - [792 in node 3] Best value: -103.609 | TR length: 0.200 | num. failures: 1/13 | num. successes: 0/10
2024-01-13 19:33:30,397 - INFO - [796 in node 3] Best value: -103.609 | TR length: 0.200 | num. failures: 2/13 | num. successes: 0/10
2024-01-13 19:33:31,380 - INFO - [800 in node 3] Best value: -103.609 | TR length: 0.200 | num. failures: 3/13 | num. successes: 0/10
2024-01-13 19:33:32,111 - INFO - [804 in node 3] Best value: -100.067 | TR length: 0.200 | num. failures: 0/13 | num. successes: 1/10
2024-01-13 19:33:32,909 - INFO - [808 in node 3] Best value: -100.067 | TR length: 0.200 | num. failures: 1/13 | num. successes: 0/10
2024-01-13 19:33:33,711 - INFO - [812 in node 3] Best value: -100.067 | TR length: 0.200 | num. failures: 2/13 | num. successes: 0/10
2024-01-13 19:33:34,433 - INFO - [816 in node 3] Best value: -97.504 | TR length: 0.200 | num. failures: 0/13 | num. successes: 1/10
2024-01-13 19:33:35,087 - INFO - [820 in node 3] Best value: -97.504 | TR length: 0.200 | num. failures: 1/13 | num. successes: 0/10
2024-01-13 19:33:35,829 - INFO - [824 in node 3] Best value: -97.504 | TR length: 0.200 | num. failures: 2/13 | num. successes: 0/10
2024-01-13 19:33:36,535 - INFO - [828 in node 3] Best value: -97.504 | TR length: 0.200 | num. failures: 3/13 | num. successes: 0/10
2024-01-13 19:33:37,282 - INFO - [832 in node 3] Best value: -97.504 | TR length: 0.200 | num. failures: 4/13 | num. successes: 0/10
2024-01-13 19:33:38,024 - INFO - [836 in node 3] Best value: -97.504 | TR length: 0.200 | num. failures: 5/13 | num. successes: 0/10
2024-01-13 19:33:38,768 - INFO - [840 in node 3] Best value: -97.504 | TR length: 0.200 | num. failures: 6/13 | num. successes: 0/10
2024-01-13 19:33:39,533 - INFO - [844 in node 3] Best value: -97.504 | TR length: 0.200 | num. failures: 7/13 | num. successes: 0/10
2024-01-13 19:33:40,237 - INFO - [848 in node 3] Best value: -92.708 | TR length: 0.200 | num. failures: 0/13 | num. successes: 1/10
2024-01-13 19:33:40,964 - INFO - [852 in node 3] Best value: -92.708 | TR length: 0.200 | num. failures: 1/13 | num. successes: 0/10
2024-01-13 19:33:41,711 - INFO - [856 in node 3] Best value: -92.708 | TR length: 0.200 | num. failures: 2/13 | num. successes: 0/10
2024-01-13 19:33:42,542 - INFO - [860 in node 3] Best value: -92.708 | TR length: 0.200 | num. failures: 3/13 | num. successes: 0/10
2024-01-13 19:33:43,236 - INFO - [864 in node 3] Best value: -92.708 | TR length: 0.200 | num. failures: 4/13 | num. successes: 0/10
2024-01-13 19:33:44,007 - INFO - [868 in node 3] Best value: -92.708 | TR length: 0.200 | num. failures: 5/13 | num. successes: 0/10
2024-01-13 19:33:44,752 - INFO - [872 in node 3] Best value: -92.708 | TR length: 0.200 | num. failures: 6/13 | num. successes: 0/10
2024-01-13 19:33:45,464 - INFO - [876 in node 3] Best value: -92.708 | TR length: 0.200 | num. failures: 7/13 | num. successes: 0/10
2024-01-13 19:33:46,279 - INFO - [880 in node 3] Best value: -92.708 | TR length: 0.200 | num. failures: 8/13 | num. successes: 0/10
2024-01-13 19:33:47,027 - INFO - [884 in node 3] Best value: -92.708 | TR length: 0.200 | num. failures: 9/13 | num. successes: 0/10
2024-01-13 19:33:47,770 - INFO - [888 in node 3] Best value: -92.708 | TR length: 0.200 | num. failures: 10/13 | num. successes: 0/10
2024-01-13 19:33:48,532 - INFO - [892 in node 3] Best value: -92.708 | TR length: 0.200 | num. failures: 11/13 | num. successes: 0/10
2024-01-13 19:33:49,330 - INFO - [896 in node 3] Best value: -92.708 | TR length: 0.200 | num. failures: 12/13 | num. successes: 0/10
2024-01-13 19:33:50,096 - INFO - [900 in node 3] Best value: -92.708 | TR length: 0.100 | num. failures: 0/13 | num. successes: 0/10
2024-01-13 19:33:50,844 - INFO - [904 in node 3] Best value: -88.126 | TR length: 0.100 | num. failures: 0/13 | num. successes: 1/10
2024-01-13 19:33:51,579 - INFO - [908 in node 3] Best value: -88.126 | TR length: 0.100 | num. failures: 1/13 | num. successes: 0/10
2024-01-13 19:33:52,242 - INFO - [912 in node 3] Best value: -88.126 | TR length: 0.100 | num. failures: 2/13 | num. successes: 0/10
2024-01-13 19:33:52,943 - INFO - [916 in node 3] Best value: -88.126 | TR length: 0.100 | num. failures: 3/13 | num. successes: 0/10
2024-01-13 19:33:53,728 - INFO - [920 in node 3] Best value: -87.042 | TR length: 0.100 | num. failures: 0/13 | num. successes: 1/10
2024-01-13 19:33:54,502 - INFO - [924 in node 3] Best value: -87.042 | TR length: 0.100 | num. failures: 1/13 | num. successes: 0/10
2024-01-13 19:33:55,242 - INFO - [928 in node 3] Best value: -84.816 | TR length: 0.100 | num. failures: 0/13 | num. successes: 1/10
2024-01-13 19:33:55,967 - INFO - [932 in node 3] Best value: -84.816 | TR length: 0.100 | num. failures: 1/13 | num. successes: 0/10
2024-01-13 19:33:56,860 - INFO - [936 in node 3] Best value: -84.816 | TR length: 0.100 | num. failures: 2/13 | num. successes: 0/10
2024-01-13 19:33:57,559 - INFO - [940 in node 3] Best value: -84.816 | TR length: 0.100 | num. failures: 3/13 | num. successes: 0/10
2024-01-13 19:33:58,266 - INFO - [944 in node 3] Best value: -84.816 | TR length: 0.100 | num. failures: 4/13 | num. successes: 0/10
2024-01-13 19:33:59,082 - INFO - [948 in node 3] Best value: -84.816 | TR length: 0.100 | num. failures: 5/13 | num. successes: 0/10
2024-01-13 19:34:00,005 - INFO - [952 in node 3] Best value: -83.251 | TR length: 0.100 | num. failures: 0/13 | num. successes: 1/10
2024-01-13 19:34:00,837 - INFO - [956 in node 3] Best value: -83.251 | TR length: 0.100 | num. failures: 1/13 | num. successes: 0/10
2024-01-13 19:34:01,666 - INFO - [960 in node 3] Best value: -83.251 | TR length: 0.100 | num. failures: 2/13 | num. successes: 0/10
2024-01-13 19:34:02,444 - INFO - [964 in node 3] Best value: -83.251 | TR length: 0.100 | num. failures: 3/13 | num. successes: 0/10
2024-01-13 19:34:03,269 - INFO - [968 in node 3] Best value: -83.251 | TR length: 0.100 | num. failures: 4/13 | num. successes: 0/10
2024-01-13 19:34:04,174 - INFO - [972 in node 3] Best value: -83.251 | TR length: 0.100 | num. failures: 5/13 | num. successes: 0/10
2024-01-13 19:34:04,916 - INFO - [976 in node 3] Best value: -83.251 | TR length: 0.100 | num. failures: 6/13 | num. successes: 0/10
2024-01-13 19:34:05,729 - INFO - [980 in node 3] Best value: -83.251 | TR length: 0.100 | num. failures: 7/13 | num. successes: 0/10
2024-01-13 19:34:06,567 - INFO - [984 in node 3] Best value: -83.251 | TR length: 0.100 | num. failures: 8/13 | num. successes: 0/10
2024-01-13 19:34:07,495 - INFO - [988 in node 3] Best value: -83.251 | TR length: 0.100 | num. failures: 9/13 | num. successes: 0/10
2024-01-13 19:34:08,406 - INFO - [992 in node 3] Best value: -81.747 | TR length: 0.100 | num. failures: 0/13 | num. successes: 1/10
2024-01-13 19:34:09,218 - INFO - [996 in node 3] Best value: -80.357 | TR length: 0.100 | num. failures: 0/13 | num. successes: 2/10
2024-01-13 19:34:10,053 - INFO - [1000 in node 3] Best value: -80.357 | TR length: 0.100 | num. failures: 1/13 | num. successes: 0/10
2024-01-13 19:34:10,830 - INFO - [1004 in node 3] Best value: -80.357 | TR length: 0.100 | num. failures: 2/13 | num. successes: 0/10
2024-01-13 19:34:11,693 - INFO - [1008 in node 3] Best value: -80.357 | TR length: 0.100 | num. failures: 3/13 | num. successes: 0/10
2024-01-13 19:34:12,538 - INFO - [1012 in node 3] Best value: -80.357 | TR length: 0.100 | num. failures: 4/13 | num. successes: 0/10
2024-01-13 19:34:13,626 - INFO - [1016 in node 3] Best value: -80.357 | TR length: 0.100 | num. failures: 5/13 | num. successes: 0/10
2024-01-13 19:34:14,428 - INFO - [1020 in node 3] Best value: -80.357 | TR length: 0.100 | num. failures: 6/13 | num. successes: 0/10
2024-01-13 19:34:15,257 - INFO - [1024 in node 3] Best value: -80.357 | TR length: 0.100 | num. failures: 7/13 | num. successes: 0/10
2024-01-13 19:34:16,010 - INFO - [1028 in node 3] Best value: -79.469 | TR length: 0.100 | num. failures: 0/13 | num. successes: 1/10
2024-01-13 19:34:17,018 - INFO - [1032 in node 3] Best value: -79.469 | TR length: 0.100 | num. failures: 1/13 | num. successes: 0/10
2024-01-13 19:34:17,990 - INFO - [1036 in node 3] Best value: -79.469 | TR length: 0.100 | num. failures: 2/13 | num. successes: 0/10
2024-01-13 19:34:18,952 - INFO - [1040 in node 3] Best value: -79.469 | TR length: 0.100 | num. failures: 3/13 | num. successes: 0/10
2024-01-13 19:34:19,943 - INFO - [1044 in node 3] Best value: -79.469 | TR length: 0.100 | num. failures: 4/13 | num. successes: 0/10
2024-01-13 19:34:20,916 - INFO - [1048 in node 3] Best value: -79.469 | TR length: 0.100 | num. failures: 5/13 | num. successes: 0/10
2024-01-13 19:34:21,957 - INFO - [1052 in node 3] Best value: -79.469 | TR length: 0.100 | num. failures: 6/13 | num. successes: 0/10
2024-01-13 19:34:22,889 - INFO - [1056 in node 3] Best value: -79.210 | TR length: 0.100 | num. failures: 0/13 | num. successes: 1/10
2024-01-13 19:34:23,767 - INFO - [1060 in node 3] Best value: -79.210 | TR length: 0.100 | num. failures: 1/13 | num. successes: 0/10
2024-01-13 19:34:24,713 - INFO - [1064 in node 3] Best value: -79.210 | TR length: 0.100 | num. failures: 2/13 | num. successes: 0/10
2024-01-13 19:34:25,719 - INFO - [1068 in node 3] Best value: -79.210 | TR length: 0.100 | num. failures: 3/13 | num. successes: 0/10
2024-01-13 19:34:26,691 - INFO - [1072 in node 3] Best value: -79.210 | TR length: 0.100 | num. failures: 4/13 | num. successes: 0/10
2024-01-13 19:34:27,650 - INFO - [1076 in node 3] Best value: -79.210 | TR length: 0.100 | num. failures: 5/13 | num. successes: 0/10
2024-01-13 19:34:28,593 - INFO - [1080 in node 3] Best value: -79.210 | TR length: 0.100 | num. failures: 6/13 | num. successes: 0/10
2024-01-13 19:34:29,550 - INFO - [1084 in node 3] Best value: -79.210 | TR length: 0.100 | num. failures: 7/13 | num. successes: 0/10
2024-01-13 19:34:30,564 - INFO - [1088 in node 3] Best value: -79.210 | TR length: 0.100 | num. failures: 8/13 | num. successes: 0/10
2024-01-13 19:34:31,661 - INFO - [1092 in node 3] Best value: -79.210 | TR length: 0.100 | num. failures: 9/13 | num. successes: 0/10
2024-01-13 19:34:32,824 - INFO - [1096 in node 3] Best value: -78.472 | TR length: 0.100 | num. failures: 0/13 | num. successes: 1/10
2024-01-13 19:34:33,873 - INFO - [1100 in node 3] Best value: -78.472 | TR length: 0.100 | num. failures: 1/13 | num. successes: 0/10
2024-01-13 19:34:34,984 - INFO - [1104 in node 3] Best value: -78.472 | TR length: 0.100 | num. failures: 2/13 | num. successes: 0/10
2024-01-13 19:34:35,884 - INFO - [1108 in node 3] Best value: -78.472 | TR length: 0.100 | num. failures: 3/13 | num. successes: 0/10
2024-01-13 19:34:36,905 - INFO - [1112 in node 3] Best value: -78.472 | TR length: 0.100 | num. failures: 4/13 | num. successes: 0/10
2024-01-13 19:34:37,991 - INFO - [1116 in node 3] Best value: -78.472 | TR length: 0.100 | num. failures: 5/13 | num. successes: 0/10
2024-01-13 19:34:38,976 - INFO - [1120 in node 3] Best value: -78.463 | TR length: 0.100 | num. failures: 0/13 | num. successes: 1/10
2024-01-13 19:34:39,949 - INFO - [1124 in node 3] Best value: -78.463 | TR length: 0.100 | num. failures: 1/13 | num. successes: 0/10
2024-01-13 19:34:40,903 - INFO - [1128 in node 3] Best value: -78.463 | TR length: 0.100 | num. failures: 2/13 | num. successes: 0/10
2024-01-13 19:34:42,060 - INFO - [1132 in node 3] Best value: -78.463 | TR length: 0.100 | num. failures: 3/13 | num. successes: 0/10
2024-01-13 19:34:43,243 - INFO - [1136 in node 3] Best value: -78.463 | TR length: 0.100 | num. failures: 4/13 | num. successes: 0/10
2024-01-13 19:34:44,262 - INFO - [1140 in node 3] Best value: -78.380 | TR length: 0.100 | num. failures: 0/13 | num. successes: 1/10
2024-01-13 19:34:45,262 - INFO - [1144 in node 3] Best value: -78.380 | TR length: 0.100 | num. failures: 1/13 | num. successes: 0/10
2024-01-13 19:34:46,433 - INFO - [1148 in node 3] Best value: -78.380 | TR length: 0.100 | num. failures: 2/13 | num. successes: 0/10
2024-01-13 19:34:47,559 - INFO - [1152 in node 3] Best value: -78.380 | TR length: 0.100 | num. failures: 3/13 | num. successes: 0/10
2024-01-13 19:34:48,634 - INFO - [1156 in node 3] Best value: -78.380 | TR length: 0.100 | num. failures: 4/13 | num. successes: 0/10
2024-01-13 19:34:49,775 - INFO - [1160 in node 3] Best value: -78.380 | TR length: 0.100 | num. failures: 5/13 | num. successes: 0/10
2024-01-13 19:34:50,912 - INFO - [1164 in node 3] Best value: -77.936 | TR length: 0.100 | num. failures: 0/13 | num. successes: 1/10
2024-01-13 19:34:52,124 - INFO - [1168 in node 3] Best value: -77.936 | TR length: 0.100 | num. failures: 1/13 | num. successes: 0/10
2024-01-13 19:34:53,255 - INFO - [1172 in node 3] Best value: -77.936 | TR length: 0.100 | num. failures: 2/13 | num. successes: 0/10
2024-01-13 19:34:54,404 - INFO - [1176 in node 3] Best value: -77.936 | TR length: 0.100 | num. failures: 3/13 | num. successes: 0/10
2024-01-13 19:34:55,607 - INFO - [1180 in node 3] Best value: -77.936 | TR length: 0.100 | num. failures: 4/13 | num. successes: 0/10
2024-01-13 19:34:56,804 - INFO - [1184 in node 3] Best value: -77.936 | TR length: 0.100 | num. failures: 5/13 | num. successes: 0/10
2024-01-13 19:34:57,946 - INFO - [1188 in node 3] Best value: -77.936 | TR length: 0.100 | num. failures: 6/13 | num. successes: 0/10
2024-01-13 19:34:59,170 - INFO - [1192 in node 3] Best value: -77.936 | TR length: 0.100 | num. failures: 7/13 | num. successes: 0/10
2024-01-13 19:35:00,400 - INFO - [1196 in node 3] Best value: -77.936 | TR length: 0.100 | num. failures: 8/13 | num. successes: 0/10
2024-01-13 19:35:01,699 - INFO - [1200 in node 3] Best value: -77.936 | TR length: 0.100 | num. failures: 9/13 | num. successes: 0/10
2024-01-13 19:35:02,880 - INFO - [1204 in node 3] Best value: -77.936 | TR length: 0.100 | num. failures: 10/13 | num. successes: 0/10
2024-01-13 19:35:04,043 - INFO - [1208 in node 3] Best value: -77.936 | TR length: 0.100 | num. failures: 11/13 | num. successes: 0/10
2024-01-13 19:35:05,308 - INFO - [1212 in node 3] Best value: -77.936 | TR length: 0.100 | num. failures: 12/13 | num. successes: 0/10
2024-01-13 19:35:06,493 - INFO - [1216 in node 3] Best value: -77.936 | TR length: 0.050 | num. failures: 0/13 | num. successes: 0/10
2024-01-13 19:35:07,557 - INFO - [1220 in node 3] Best value: -77.227 | TR length: 0.050 | num. failures: 0/13 | num. successes: 1/10
2024-01-13 19:35:08,754 - INFO - [1224 in node 3] Best value: -76.044 | TR length: 0.050 | num. failures: 0/13 | num. successes: 2/10
2024-01-13 19:35:09,973 - INFO - [1228 in node 3] Best value: -76.044 | TR length: 0.050 | num. failures: 1/13 | num. successes: 0/10
2024-01-13 19:35:11,076 - INFO - [1232 in node 3] Best value: -76.044 | TR length: 0.050 | num. failures: 2/13 | num. successes: 0/10
2024-01-13 19:35:12,191 - INFO - [1236 in node 3] Best value: -76.044 | TR length: 0.050 | num. failures: 3/13 | num. successes: 0/10
2024-01-13 19:35:13,274 - INFO - [1240 in node 3] Best value: -76.044 | TR length: 0.050 | num. failures: 4/13 | num. successes: 0/10
2024-01-13 19:35:14,504 - INFO - [1244 in node 3] Best value: -76.044 | TR length: 0.050 | num. failures: 5/13 | num. successes: 0/10
2024-01-13 19:35:15,568 - INFO - [1248 in node 3] Best value: -76.044 | TR length: 0.050 | num. failures: 6/13 | num. successes: 0/10
2024-01-13 19:35:16,759 - INFO - [1252 in node 3] Best value: -76.028 | TR length: 0.050 | num. failures: 0/13 | num. successes: 1/10
2024-01-13 19:35:17,901 - INFO - [1256 in node 3] Best value: -75.979 | TR length: 0.050 | num. failures: 0/13 | num. successes: 2/10
2024-01-13 19:35:19,078 - INFO - [1260 in node 3] Best value: -75.623 | TR length: 0.050 | num. failures: 0/13 | num. successes: 3/10
2024-01-13 19:35:20,411 - INFO - [1264 in node 3] Best value: -75.590 | TR length: 0.050 | num. failures: 0/13 | num. successes: 4/10
2024-01-13 19:35:21,730 - INFO - [1268 in node 3] Best value: -75.590 | TR length: 0.050 | num. failures: 1/13 | num. successes: 0/10
2024-01-13 19:35:22,867 - INFO - [1272 in node 3] Best value: -75.590 | TR length: 0.050 | num. failures: 2/13 | num. successes: 0/10
2024-01-13 19:35:24,192 - INFO - [1276 in node 3] Best value: -75.590 | TR length: 0.050 | num. failures: 3/13 | num. successes: 0/10
2024-01-13 19:35:25,377 - INFO - [1280 in node 3] Best value: -75.511 | TR length: 0.050 | num. failures: 0/13 | num. successes: 1/10
2024-01-13 19:35:26,726 - INFO - [1284 in node 3] Best value: -75.511 | TR length: 0.050 | num. failures: 1/13 | num. successes: 0/10
2024-01-13 19:35:28,120 - INFO - [1288 in node 3] Best value: -75.511 | TR length: 0.050 | num. failures: 2/13 | num. successes: 0/10
2024-01-13 19:35:29,600 - INFO - [1292 in node 3] Best value: -75.511 | TR length: 0.050 | num. failures: 3/13 | num. successes: 0/10
2024-01-13 19:35:31,384 - INFO - [1296 in node 3] Best value: -75.511 | TR length: 0.050 | num. failures: 4/13 | num. successes: 0/10
2024-01-13 19:35:32,840 - INFO - [1300 in node 3] Best value: -75.511 | TR length: 0.050 | num. failures: 5/13 | num. successes: 0/10
2024-01-13 19:35:34,361 - INFO - [1304 in node 3] Best value: -75.511 | TR length: 0.050 | num. failures: 6/13 | num. successes: 0/10
2024-01-13 19:35:35,892 - INFO - [1308 in node 3] Best value: -75.372 | TR length: 0.050 | num. failures: 0/13 | num. successes: 1/10
2024-01-13 19:35:37,664 - INFO - [1312 in node 3] Best value: -75.372 | TR length: 0.050 | num. failures: 1/13 | num. successes: 0/10
2024-01-13 19:35:39,297 - INFO - [1316 in node 3] Best value: -75.372 | TR length: 0.050 | num. failures: 2/13 | num. successes: 0/10
2024-01-13 19:35:41,105 - INFO - [1320 in node 3] Best value: -75.372 | TR length: 0.050 | num. failures: 3/13 | num. successes: 0/10
2024-01-13 19:35:42,670 - INFO - [1324 in node 3] Best value: -75.372 | TR length: 0.050 | num. failures: 4/13 | num. successes: 0/10
2024-01-13 19:35:44,186 - INFO - [1328 in node 3] Best value: -75.372 | TR length: 0.050 | num. failures: 5/13 | num. successes: 0/10
2024-01-13 19:35:45,941 - INFO - [1332 in node 3] Best value: -75.372 | TR length: 0.050 | num. failures: 6/13 | num. successes: 0/10
2024-01-13 19:35:47,741 - INFO - [1336 in node 3] Best value: -75.372 | TR length: 0.050 | num. failures: 7/13 | num. successes: 0/10
2024-01-13 19:35:49,300 - INFO - [1340 in node 3] Best value: -75.285 | TR length: 0.050 | num. failures: 0/13 | num. successes: 1/10
2024-01-13 19:35:51,068 - INFO - [1344 in node 3] Best value: -75.285 | TR length: 0.050 | num. failures: 1/13 | num. successes: 0/10
2024-01-13 19:35:52,933 - INFO - [1348 in node 3] Best value: -75.285 | TR length: 0.050 | num. failures: 2/13 | num. successes: 0/10
2024-01-13 19:35:55,005 - INFO - [1352 in node 3] Best value: -75.285 | TR length: 0.050 | num. failures: 3/13 | num. successes: 0/10
2024-01-13 19:35:56,962 - INFO - [1356 in node 3] Best value: -75.285 | TR length: 0.050 | num. failures: 4/13 | num. successes: 0/10
2024-01-13 19:35:59,057 - INFO - [1360 in node 3] Best value: -75.285 | TR length: 0.050 | num. failures: 5/13 | num. successes: 0/10
2024-01-13 19:36:00,933 - INFO - [1364 in node 3] Best value: -75.285 | TR length: 0.050 | num. failures: 6/13 | num. successes: 0/10
2024-01-13 19:36:02,949 - INFO - [1368 in node 3] Best value: -75.285 | TR length: 0.050 | num. failures: 7/13 | num. successes: 0/10
2024-01-13 19:36:05,329 - INFO - [1372 in node 3] Best value: -75.280 | TR length: 0.050 | num. failures: 0/13 | num. successes: 1/10
2024-01-13 19:36:07,400 - INFO - [1376 in node 3] Best value: -75.280 | TR length: 0.050 | num. failures: 1/13 | num. successes: 0/10
2024-01-13 19:36:09,272 - INFO - [1380 in node 3] Best value: -75.280 | TR length: 0.050 | num. failures: 2/13 | num. successes: 0/10
2024-01-13 19:36:11,416 - INFO - [1384 in node 3] Best value: -75.280 | TR length: 0.050 | num. failures: 3/13 | num. successes: 0/10
2024-01-13 19:36:13,816 - INFO - [1388 in node 3] Best value: -75.280 | TR length: 0.050 | num. failures: 4/13 | num. successes: 0/10
2024-01-13 19:36:16,258 - INFO - [1392 in node 3] Best value: -75.280 | TR length: 0.050 | num. failures: 5/13 | num. successes: 0/10
2024-01-13 19:36:18,469 - INFO - [1396 in node 3] Best value: -75.203 | TR length: 0.050 | num. failures: 0/13 | num. successes: 1/10
2024-01-13 19:36:20,841 - INFO - [1400 in node 3] Best value: -75.203 | TR length: 0.050 | num. failures: 1/13 | num. successes: 0/10
2024-01-13 19:36:23,161 - INFO - [1404 in node 3] Best value: -75.203 | TR length: 0.050 | num. failures: 2/13 | num. successes: 0/10
2024-01-13 19:36:25,207 - INFO - [1408 in node 3] Best value: -75.203 | TR length: 0.050 | num. failures: 3/13 | num. successes: 0/10
2024-01-13 19:36:27,229 - INFO - [1412 in node 3] Best value: -75.203 | TR length: 0.050 | num. failures: 4/13 | num. successes: 0/10
2024-01-13 19:36:29,280 - INFO - [1416 in node 3] Best value: -75.034 | TR length: 0.050 | num. failures: 0/13 | num. successes: 1/10
2024-01-13 19:36:31,382 - INFO - [1420 in node 3] Best value: -75.034 | TR length: 0.050 | num. failures: 1/13 | num. successes: 0/10
2024-01-13 19:36:33,705 - INFO - [1424 in node 3] Best value: -75.034 | TR length: 0.050 | num. failures: 2/13 | num. successes: 0/10
2024-01-13 19:36:36,136 - INFO - [1428 in node 3] Best value: -75.034 | TR length: 0.050 | num. failures: 3/13 | num. successes: 0/10
2024-01-13 19:36:38,396 - INFO - [1432 in node 3] Best value: -75.034 | TR length: 0.050 | num. failures: 4/13 | num. successes: 0/10
2024-01-13 19:36:41,019 - INFO - [1436 in node 3] Best value: -75.034 | TR length: 0.050 | num. failures: 5/13 | num. successes: 0/10
2024-01-13 19:36:43,518 - INFO - [1440 in node 3] Best value: -75.034 | TR length: 0.050 | num. failures: 6/13 | num. successes: 0/10
2024-01-13 19:36:46,310 - INFO - [1444 in node 3] Best value: -75.034 | TR length: 0.050 | num. failures: 7/13 | num. successes: 0/10
2024-01-13 19:36:48,627 - INFO - [1448 in node 3] Best value: -75.034 | TR length: 0.050 | num. failures: 8/13 | num. successes: 0/10
2024-01-13 19:36:50,849 - INFO - [1452 in node 3] Best value: -75.034 | TR length: 0.050 | num. failures: 9/13 | num. successes: 0/10
2024-01-13 19:36:53,652 - INFO - [1456 in node 3] Best value: -74.907 | TR length: 0.050 | num. failures: 0/13 | num. successes: 1/10
2024-01-13 19:36:55,823 - INFO - [1460 in node 3] Best value: -74.591 | TR length: 0.050 | num. failures: 0/13 | num. successes: 2/10
2024-01-13 19:36:58,134 - INFO - [1464 in node 3] Best value: -74.591 | TR length: 0.050 | num. failures: 1/13 | num. successes: 0/10
2024-01-13 19:37:00,112 - INFO - [1468 in node 3] Best value: -74.591 | TR length: 0.050 | num. failures: 2/13 | num. successes: 0/10
2024-01-13 19:37:02,010 - INFO - [1472 in node 3] Best value: -74.591 | TR length: 0.050 | num. failures: 3/13 | num. successes: 0/10
2024-01-13 19:37:03,729 - INFO - [1476 in node 3] Best value: -74.591 | TR length: 0.050 | num. failures: 4/13 | num. successes: 0/10
2024-01-13 19:37:06,178 - INFO - [1480 in node 3] Best value: -74.591 | TR length: 0.050 | num. failures: 5/13 | num. successes: 0/10
2024-01-13 19:37:08,742 - INFO - [1484 in node 3] Best value: -74.591 | TR length: 0.050 | num. failures: 6/13 | num. successes: 0/10
2024-01-13 19:37:10,780 - INFO - [1488 in node 3] Best value: -74.591 | TR length: 0.050 | num. failures: 7/13 | num. successes: 0/10
2024-01-13 19:37:13,186 - INFO - [1492 in node 3] Best value: -74.591 | TR length: 0.050 | num. failures: 8/13 | num. successes: 0/10
2024-01-13 19:37:15,406 - INFO - [1496 in node 3] Best value: -74.591 | TR length: 0.050 | num. failures: 9/13 | num. successes: 0/10
2024-01-13 19:37:17,287 - INFO - [1500 in node 3] Best value: -74.591 | TR length: 0.050 | num. failures: 10/13 | num. successes: 0/10
2024-01-13 19:37:19,291 - INFO - [1504 in node 3] Best value: -74.591 | TR length: 0.050 | num. failures: 11/13 | num. successes: 0/10
2024-01-13 19:37:21,217 - INFO - [1508 in node 3] Best value: -74.591 | TR length: 0.050 | num. failures: 12/13 | num. successes: 0/10
2024-01-13 19:37:23,653 - INFO - [1512 in node 3] Best value: -74.591 | TR length: 0.025 | num. failures: 0/13 | num. successes: 0/10
2024-01-13 19:37:25,430 - INFO - [1516 in node 3] Best value: -74.591 | TR length: 0.025 | num. failures: 1/13 | num. successes: 0/10
2024-01-13 19:37:27,309 - INFO - [1520 in node 3] Best value: -74.591 | TR length: 0.025 | num. failures: 2/13 | num. successes: 0/10
2024-01-13 19:37:29,428 - INFO - [1524 in node 3] Best value: -74.422 | TR length: 0.025 | num. failures: 0/13 | num. successes: 1/10
2024-01-13 19:37:31,953 - INFO - [1528 in node 3] Best value: -74.422 | TR length: 0.025 | num. failures: 1/13 | num. successes: 0/10
2024-01-13 19:37:34,337 - INFO - [1532 in node 3] Best value: -74.422 | TR length: 0.025 | num. failures: 2/13 | num. successes: 0/10
2024-01-13 19:37:36,823 - INFO - [1536 in node 3] Best value: -74.365 | TR length: 0.025 | num. failures: 0/13 | num. successes: 1/10
2024-01-13 19:37:38,831 - INFO - [1540 in node 3] Best value: -74.365 | TR length: 0.025 | num. failures: 1/13 | num. successes: 0/10
2024-01-13 19:37:41,640 - INFO - [1544 in node 3] Best value: -74.365 | TR length: 0.025 | num. failures: 2/13 | num. successes: 0/10
2024-01-13 19:37:44,632 - INFO - [1548 in node 3] Best value: -74.281 | TR length: 0.025 | num. failures: 0/13 | num. successes: 1/10
2024-01-13 19:37:47,112 - INFO - [1552 in node 3] Best value: -74.281 | TR length: 0.025 | num. failures: 1/13 | num. successes: 0/10
2024-01-13 19:37:49,339 - INFO - [1556 in node 3] Best value: -74.281 | TR length: 0.025 | num. failures: 2/13 | num. successes: 0/10
2024-01-13 19:37:51,715 - INFO - [1560 in node 3] Best value: -74.281 | TR length: 0.025 | num. failures: 3/13 | num. successes: 0/10
2024-01-13 19:37:54,261 - INFO - [1564 in node 3] Best value: -74.281 | TR length: 0.025 | num. failures: 4/13 | num. successes: 0/10
2024-01-13 19:37:56,759 - INFO - [1568 in node 3] Best value: -74.281 | TR length: 0.025 | num. failures: 5/13 | num. successes: 0/10
2024-01-13 19:37:58,936 - INFO - [1572 in node 3] Best value: -74.281 | TR length: 0.025 | num. failures: 6/13 | num. successes: 0/10
2024-01-13 19:38:01,620 - INFO - [1576 in node 3] Best value: -74.281 | TR length: 0.025 | num. failures: 7/13 | num. successes: 0/10
2024-01-13 19:38:04,467 - INFO - [1580 in node 3] Best value: -74.253 | TR length: 0.025 | num. failures: 0/13 | num. successes: 1/10
2024-01-13 19:38:07,199 - INFO - [1584 in node 3] Best value: -74.253 | TR length: 0.025 | num. failures: 1/13 | num. successes: 0/10
2024-01-13 19:38:09,345 - INFO - [1588 in node 3] Best value: -74.253 | TR length: 0.025 | num. failures: 2/13 | num. successes: 0/10
2024-01-13 19:38:11,891 - INFO - [1592 in node 3] Best value: -74.253 | TR length: 0.025 | num. failures: 3/13 | num. successes: 0/10
2024-01-13 19:38:14,575 - INFO - [1596 in node 3] Best value: -74.253 | TR length: 0.025 | num. failures: 4/13 | num. successes: 0/10
2024-01-13 19:38:17,989 - INFO - [1600 in node 3] Best value: -74.253 | TR length: 0.025 | num. failures: 5/13 | num. successes: 0/10
2024-01-13 19:38:20,882 - INFO - [1604 in node 3] Best value: -74.253 | TR length: 0.025 | num. failures: 6/13 | num. successes: 0/10
2024-01-13 19:38:23,603 - INFO - [1608 in node 3] Best value: -74.253 | TR length: 0.025 | num. failures: 7/13 | num. successes: 0/10
2024-01-13 19:38:26,526 - INFO - [1612 in node 3] Best value: -74.253 | TR length: 0.025 | num. failures: 8/13 | num. successes: 0/10
2024-01-13 19:38:29,750 - INFO - [1616 in node 3] Best value: -74.240 | TR length: 0.025 | num. failures: 0/13 | num. successes: 1/10
2024-01-13 19:38:32,352 - INFO - [1620 in node 3] Best value: -74.240 | TR length: 0.025 | num. failures: 1/13 | num. successes: 0/10
2024-01-13 19:38:34,692 - INFO - [1624 in node 3] Best value: -74.240 | TR length: 0.025 | num. failures: 2/13 | num. successes: 0/10
2024-01-13 19:38:37,935 - INFO - [1628 in node 3] Best value: -74.240 | TR length: 0.025 | num. failures: 3/13 | num. successes: 0/10
2024-01-13 19:38:41,071 - INFO - [1632 in node 3] Best value: -74.240 | TR length: 0.025 | num. failures: 4/13 | num. successes: 0/10
2024-01-13 19:38:44,071 - INFO - [1636 in node 3] Best value: -74.203 | TR length: 0.025 | num. failures: 0/13 | num. successes: 1/10
2024-01-13 19:38:47,047 - INFO - [1640 in node 3] Best value: -74.203 | TR length: 0.025 | num. failures: 1/13 | num. successes: 0/10
2024-01-13 19:38:50,176 - INFO - [1644 in node 3] Best value: -74.156 | TR length: 0.025 | num. failures: 0/13 | num. successes: 1/10
2024-01-13 19:38:53,277 - INFO - [1648 in node 3] Best value: -74.156 | TR length: 0.025 | num. failures: 1/13 | num. successes: 0/10
2024-01-13 19:38:55,864 - INFO - [1652 in node 3] Best value: -74.078 | TR length: 0.025 | num. failures: 0/13 | num. successes: 1/10
2024-01-13 19:38:59,102 - INFO - [1656 in node 3] Best value: -74.078 | TR length: 0.025 | num. failures: 1/13 | num. successes: 0/10
2024-01-13 19:39:02,133 - INFO - [1660 in node 3] Best value: -74.078 | TR length: 0.025 | num. failures: 2/13 | num. successes: 0/10
2024-01-13 19:39:04,791 - INFO - [1664 in node 3] Best value: -74.078 | TR length: 0.025 | num. failures: 3/13 | num. successes: 0/10
2024-01-13 19:39:07,446 - INFO - [1668 in node 3] Best value: -74.078 | TR length: 0.025 | num. failures: 4/13 | num. successes: 0/10
2024-01-13 19:39:10,139 - INFO - [1672 in node 3] Best value: -74.078 | TR length: 0.025 | num. failures: 5/13 | num. successes: 0/10
2024-01-13 19:39:13,341 - INFO - [1676 in node 3] Best value: -74.078 | TR length: 0.025 | num. failures: 6/13 | num. successes: 0/10
2024-01-13 19:39:15,972 - INFO - [1680 in node 3] Best value: -74.078 | TR length: 0.025 | num. failures: 7/13 | num. successes: 0/10
2024-01-13 19:39:18,632 - INFO - [1684 in node 3] Best value: -74.050 | TR length: 0.025 | num. failures: 0/13 | num. successes: 1/10
2024-01-13 19:39:21,174 - INFO - [1688 in node 3] Best value: -74.013 | TR length: 0.025 | num. failures: 0/13 | num. successes: 2/10
2024-01-13 19:39:24,191 - INFO - [1692 in node 3] Best value: -74.013 | TR length: 0.025 | num. failures: 1/13 | num. successes: 0/10
2024-01-13 19:39:26,949 - INFO - [1696 in node 3] Best value: -74.013 | TR length: 0.025 | num. failures: 2/13 | num. successes: 0/10
2024-01-13 19:39:30,091 - INFO - [1700 in node 3] Best value: -74.013 | TR length: 0.025 | num. failures: 3/13 | num. successes: 0/10
2024-01-13 19:39:33,055 - INFO - [1704 in node 3] Best value: -74.013 | TR length: 0.025 | num. failures: 4/13 | num. successes: 0/10
2024-01-13 19:39:36,399 - INFO - [1708 in node 3] Best value: -74.013 | TR length: 0.025 | num. failures: 5/13 | num. successes: 0/10
2024-01-13 19:39:39,449 - INFO - [1712 in node 3] Best value: -74.013 | TR length: 0.025 | num. failures: 6/13 | num. successes: 0/10
2024-01-13 19:39:42,814 - INFO - [1716 in node 3] Best value: -74.013 | TR length: 0.025 | num. failures: 7/13 | num. successes: 0/10
2024-01-13 19:39:45,714 - INFO - [1720 in node 3] Best value: -74.001 | TR length: 0.025 | num. failures: 0/13 | num. successes: 1/10
2024-01-13 19:39:48,425 - INFO - [1724 in node 3] Best value: -74.001 | TR length: 0.025 | num. failures: 1/13 | num. successes: 0/10
2024-01-13 19:39:51,324 - INFO - [1728 in node 3] Best value: -74.001 | TR length: 0.025 | num. failures: 2/13 | num. successes: 0/10
2024-01-13 19:39:54,283 - INFO - [1732 in node 3] Best value: -74.001 | TR length: 0.025 | num. failures: 3/13 | num. successes: 0/10
2024-01-13 19:39:57,354 - INFO - [1736 in node 3] Best value: -74.001 | TR length: 0.025 | num. failures: 4/13 | num. successes: 0/10
2024-01-13 19:40:00,756 - INFO - [1740 in node 3] Best value: -74.001 | TR length: 0.025 | num. failures: 5/13 | num. successes: 0/10
2024-01-13 19:40:04,554 - INFO - [1744 in node 3] Best value: -74.001 | TR length: 0.025 | num. failures: 6/13 | num. successes: 0/10
2024-01-13 19:40:07,324 - INFO - [1748 in node 3] Best value: -74.001 | TR length: 0.025 | num. failures: 7/13 | num. successes: 0/10
2024-01-13 19:40:10,398 - INFO - [1752 in node 3] Best value: -73.947 | TR length: 0.025 | num. failures: 0/13 | num. successes: 1/10
2024-01-13 19:40:13,259 - INFO - [1756 in node 3] Best value: -73.947 | TR length: 0.025 | num. failures: 1/13 | num. successes: 0/10
2024-01-13 19:40:16,285 - INFO - [1760 in node 3] Best value: -73.947 | TR length: 0.025 | num. failures: 2/13 | num. successes: 0/10
2024-01-13 19:40:19,297 - INFO - [1764 in node 3] Best value: -73.947 | TR length: 0.025 | num. failures: 3/13 | num. successes: 0/10
2024-01-13 19:40:22,301 - INFO - [1768 in node 3] Best value: -73.947 | TR length: 0.025 | num. failures: 4/13 | num. successes: 0/10
2024-01-13 19:40:25,290 - INFO - [1772 in node 3] Best value: -73.947 | TR length: 0.025 | num. failures: 5/13 | num. successes: 0/10
2024-01-13 19:40:28,769 - INFO - [1776 in node 3] Best value: -73.947 | TR length: 0.025 | num. failures: 6/13 | num. successes: 0/10
2024-01-13 19:40:31,883 - INFO - [1780 in node 3] Best value: -73.947 | TR length: 0.025 | num. failures: 7/13 | num. successes: 0/10
2024-01-13 19:40:34,869 - INFO - [1784 in node 3] Best value: -73.947 | TR length: 0.025 | num. failures: 8/13 | num. successes: 0/10
2024-01-13 19:40:37,476 - INFO - [1788 in node 3] Best value: -73.840 | TR length: 0.025 | num. failures: 0/13 | num. successes: 1/10
2024-01-13 19:40:40,348 - INFO - [1792 in node 3] Best value: -73.840 | TR length: 0.025 | num. failures: 1/13 | num. successes: 0/10
2024-01-13 19:40:43,211 - INFO - [1796 in node 3] Best value: -73.840 | TR length: 0.025 | num. failures: 2/13 | num. successes: 0/10
2024-01-13 19:40:46,194 - INFO - [1800 in node 3] Best value: -73.840 | TR length: 0.025 | num. failures: 3/13 | num. successes: 0/10
2024-01-13 19:40:49,215 - INFO - [1804 in node 3] Best value: -73.840 | TR length: 0.025 | num. failures: 4/13 | num. successes: 0/10
2024-01-13 19:40:52,162 - INFO - [1808 in node 3] Best value: -73.811 | TR length: 0.025 | num. failures: 0/13 | num. successes: 1/10
2024-01-13 19:40:55,423 - INFO - [1812 in node 3] Best value: -73.811 | TR length: 0.025 | num. failures: 1/13 | num. successes: 0/10
2024-01-13 19:40:58,384 - INFO - [1816 in node 3] Best value: -73.790 | TR length: 0.025 | num. failures: 0/13 | num. successes: 1/10
2024-01-13 19:41:01,374 - INFO - [1820 in node 3] Best value: -73.790 | TR length: 0.025 | num. failures: 1/13 | num. successes: 0/10
2024-01-13 19:41:04,455 - INFO - [1824 in node 3] Best value: -73.790 | TR length: 0.025 | num. failures: 2/13 | num. successes: 0/10
2024-01-13 19:41:07,196 - INFO - [1828 in node 3] Best value: -73.790 | TR length: 0.025 | num. failures: 3/13 | num. successes: 0/10
2024-01-13 19:41:10,269 - INFO - [1832 in node 3] Best value: -73.790 | TR length: 0.025 | num. failures: 4/13 | num. successes: 0/10
2024-01-13 19:41:13,448 - INFO - [1836 in node 3] Best value: -73.790 | TR length: 0.025 | num. failures: 5/13 | num. successes: 0/10
2024-01-13 19:41:16,341 - INFO - [1840 in node 3] Best value: -73.790 | TR length: 0.025 | num. failures: 6/13 | num. successes: 0/10
2024-01-13 19:41:19,817 - INFO - [1844 in node 3] Best value: -73.790 | TR length: 0.025 | num. failures: 7/13 | num. successes: 0/10
2024-01-13 19:41:23,124 - INFO - [1848 in node 3] Best value: -73.790 | TR length: 0.025 | num. failures: 8/13 | num. successes: 0/10
2024-01-13 19:41:26,644 - INFO - [1852 in node 3] Best value: -73.790 | TR length: 0.025 | num. failures: 9/13 | num. successes: 0/10
2024-01-13 19:41:29,981 - INFO - [1856 in node 3] Best value: -73.790 | TR length: 0.025 | num. failures: 10/13 | num. successes: 0/10
2024-01-13 19:41:33,021 - INFO - [1860 in node 3] Best value: -73.790 | TR length: 0.025 | num. failures: 11/13 | num. successes: 0/10
2024-01-13 19:41:36,345 - INFO - [1864 in node 3] Best value: -73.745 | TR length: 0.025 | num. failures: 0/13 | num. successes: 1/10
2024-01-13 19:41:40,346 - INFO - [1868 in node 3] Best value: -73.745 | TR length: 0.025 | num. failures: 1/13 | num. successes: 0/10
2024-01-13 19:41:43,447 - INFO - [1872 in node 3] Best value: -73.745 | TR length: 0.025 | num. failures: 2/13 | num. successes: 0/10
2024-01-13 19:41:46,633 - INFO - [1876 in node 3] Best value: -73.745 | TR length: 0.025 | num. failures: 3/13 | num. successes: 0/10
2024-01-13 19:41:49,702 - INFO - [1880 in node 3] Best value: -73.745 | TR length: 0.025 | num. failures: 4/13 | num. successes: 0/10
2024-01-13 19:41:53,085 - INFO - [1884 in node 3] Best value: -73.745 | TR length: 0.025 | num. failures: 5/13 | num. successes: 0/10
2024-01-13 19:41:56,640 - INFO - [1888 in node 3] Best value: -73.745 | TR length: 0.025 | num. failures: 6/13 | num. successes: 0/10
2024-01-13 19:42:00,343 - INFO - [1892 in node 3] Best value: -73.745 | TR length: 0.025 | num. failures: 7/13 | num. successes: 0/10
2024-01-13 19:42:03,845 - INFO - [1896 in node 3] Best value: -73.745 | TR length: 0.025 | num. failures: 8/13 | num. successes: 0/10
2024-01-13 19:42:06,881 - INFO - [1900 in node 3] Best value: -73.662 | TR length: 0.025 | num. failures: 0/13 | num. successes: 1/10
2024-01-13 19:42:10,271 - INFO - [1904 in node 3] Best value: -73.662 | TR length: 0.025 | num. failures: 1/13 | num. successes: 0/10
2024-01-13 19:42:13,249 - INFO - [1908 in node 3] Best value: -73.662 | TR length: 0.025 | num. failures: 2/13 | num. successes: 0/10
2024-01-13 19:42:16,437 - INFO - [1912 in node 3] Best value: -73.662 | TR length: 0.025 | num. failures: 3/13 | num. successes: 0/10
2024-01-13 19:42:19,456 - INFO - [1916 in node 3] Best value: -73.638 | TR length: 0.025 | num. failures: 0/13 | num. successes: 1/10
2024-01-13 19:42:22,561 - INFO - [1920 in node 3] Best value: -73.638 | TR length: 0.025 | num. failures: 1/13 | num. successes: 0/10
2024-01-13 19:42:25,482 - INFO - [1924 in node 3] Best value: -73.638 | TR length: 0.025 | num. failures: 2/13 | num. successes: 0/10
2024-01-13 19:42:28,489 - INFO - [1928 in node 3] Best value: -73.638 | TR length: 0.025 | num. failures: 3/13 | num. successes: 0/10
2024-01-13 19:42:31,488 - INFO - [1932 in node 3] Best value: -73.638 | TR length: 0.025 | num. failures: 4/13 | num. successes: 0/10
2024-01-13 19:42:34,591 - INFO - [1936 in node 3] Best value: -73.638 | TR length: 0.025 | num. failures: 5/13 | num. successes: 0/10
2024-01-13 19:42:37,793 - INFO - [1940 in node 3] Best value: -73.614 | TR length: 0.025 | num. failures: 0/13 | num. successes: 1/10
2024-01-13 19:42:41,163 - INFO - [1944 in node 3] Best value: -73.614 | TR length: 0.025 | num. failures: 1/13 | num. successes: 0/10
2024-01-13 19:42:44,320 - INFO - [1948 in node 3] Best value: -73.614 | TR length: 0.025 | num. failures: 2/13 | num. successes: 0/10
2024-01-13 19:42:47,609 - INFO - [1952 in node 3] Best value: -73.614 | TR length: 0.025 | num. failures: 3/13 | num. successes: 0/10
2024-01-13 19:42:50,557 - INFO - [1956 in node 3] Best value: -73.614 | TR length: 0.025 | num. failures: 4/13 | num. successes: 0/10
2024-01-13 19:42:53,207 - INFO - [1960 in node 3] Best value: -73.614 | TR length: 0.025 | num. failures: 5/13 | num. successes: 0/10
2024-01-13 19:42:56,349 - INFO - [1964 in node 3] Best value: -73.614 | TR length: 0.025 | num. failures: 6/13 | num. successes: 0/10
2024-01-13 19:42:59,582 - INFO - [1968 in node 3] Best value: -73.614 | TR length: 0.025 | num. failures: 7/13 | num. successes: 0/10
2024-01-13 19:43:02,569 - INFO - [1972 in node 3] Best value: -73.585 | TR length: 0.025 | num. failures: 0/13 | num. successes: 1/10
2024-01-13 19:43:05,679 - INFO - [1976 in node 3] Best value: -73.585 | TR length: 0.025 | num. failures: 1/13 | num. successes: 0/10
2024-01-13 19:43:08,703 - INFO - [1980 in node 3] Best value: -73.585 | TR length: 0.025 | num. failures: 2/13 | num. successes: 0/10
2024-01-13 19:43:11,715 - INFO - [1984 in node 3] Best value: -73.585 | TR length: 0.025 | num. failures: 3/13 | num. successes: 0/10
2024-01-13 19:43:14,530 - INFO - [1988 in node 3] Best value: -73.585 | TR length: 0.025 | num. failures: 4/13 | num. successes: 0/10
2024-01-13 19:43:17,963 - INFO - [1992 in node 3] Best value: -73.585 | TR length: 0.025 | num. failures: 5/13 | num. successes: 0/10
2024-01-13 19:43:20,905 - INFO - [1996 in node 3] Best value: -73.585 | TR length: 0.025 | num. failures: 6/13 | num. successes: 0/10
2024-01-13 19:43:24,065 - INFO - [2000 in node 3] Best value: -73.585 | TR length: 0.025 | num. failures: 7/13 | num. successes: 0/10
2024-01-13 19:43:27,126 - INFO - [2004 in node 3] Best value: -73.585 | TR length: 0.025 | num. failures: 8/13 | num. successes: 0/10
2024-01-13 19:43:30,241 - INFO - [2008 in node 3] Best value: -73.585 | TR length: 0.025 | num. failures: 9/13 | num. successes: 0/10
2024-01-13 19:43:33,733 - INFO - [2012 in node 3] Best value: -73.585 | TR length: 0.025 | num. failures: 10/13 | num. successes: 0/10
2024-01-13 19:43:36,839 - INFO - [2016 in node 3] Best value: -73.573 | TR length: 0.025 | num. failures: 0/13 | num. successes: 1/10
2024-01-13 19:43:39,426 - INFO - [2020 in node 3] Best value: -73.573 | TR length: 0.025 | num. failures: 1/13 | num. successes: 0/10
2024-01-13 19:43:40,258 - INFO - [2024 in node 3] Best value: -73.573 | TR length: 0.025 | num. failures: 2/13 | num. successes: 0/10
2024-01-13 19:43:43,379 - INFO - [2028 in node 3] Best value: -73.573 | TR length: 0.025 | num. failures: 3/13 | num. successes: 0/10
2024-01-13 19:43:46,712 - INFO - [2032 in node 3] Best value: -73.573 | TR length: 0.025 | num. failures: 4/13 | num. successes: 0/10
2024-01-13 19:43:49,413 - INFO - [2036 in node 3] Best value: -73.573 | TR length: 0.025 | num. failures: 5/13 | num. successes: 0/10
2024-01-13 19:43:52,486 - INFO - [2040 in node 3] Best value: -73.573 | TR length: 0.025 | num. failures: 6/13 | num. successes: 0/10
2024-01-13 19:43:55,456 - INFO - [2044 in node 3] Best value: -73.573 | TR length: 0.025 | num. failures: 7/13 | num. successes: 0/10
2024-01-13 19:43:58,853 - INFO - [2048 in node 3] Best value: -73.573 | TR length: 0.025 | num. failures: 8/13 | num. successes: 0/10
2024-01-13 19:44:01,879 - INFO - [2052 in node 3] Best value: -73.573 | TR length: 0.025 | num. failures: 9/13 | num. successes: 0/10
2024-01-13 19:44:04,978 - INFO - [2056 in node 3] Best value: -73.573 | TR length: 0.025 | num. failures: 10/13 | num. successes: 0/10
2024-01-13 19:44:07,979 - INFO - [2060 in node 3] Best value: -73.573 | TR length: 0.025 | num. failures: 11/13 | num. successes: 0/10
2024-01-13 19:44:11,296 - INFO - [2064 in node 3] Best value: -73.573 | TR length: 0.025 | num. failures: 12/13 | num. successes: 0/10
2024-01-13 19:44:14,423 - INFO - [2068 in node 3] Best value: -73.573 | TR length: 0.013 | num. failures: 0/13 | num. successes: 0/10
2024-01-13 19:44:17,661 - INFO - [2072 in node 3] Best value: -73.527 | TR length: 0.013 | num. failures: 0/13 | num. successes: 1/10
2024-01-13 19:44:21,106 - INFO - [2076 in node 3] Best value: -73.444 | TR length: 0.013 | num. failures: 0/13 | num. successes: 2/10
2024-01-13 19:44:24,311 - INFO - [2080 in node 3] Best value: -73.406 | TR length: 0.013 | num. failures: 0/13 | num. successes: 3/10
2024-01-13 19:44:27,531 - INFO - [2084 in node 3] Best value: -73.397 | TR length: 0.013 | num. failures: 0/13 | num. successes: 4/10
2024-01-13 19:44:30,869 - INFO - [2088 in node 3] Best value: -73.397 | TR length: 0.013 | num. failures: 1/13 | num. successes: 0/10
2024-01-13 19:44:34,151 - INFO - [2092 in node 3] Best value: -73.397 | TR length: 0.013 | num. failures: 0/13 | num. successes: 1/10
2024-01-13 19:44:37,614 - INFO - [2096 in node 3] Best value: -73.382 | TR length: 0.013 | num. failures: 0/13 | num. successes: 2/10
2024-01-13 19:44:40,786 - INFO - [2100 in node 3] Best value: -73.382 | TR length: 0.013 | num. failures: 1/13 | num. successes: 0/10
2024-01-13 19:44:41,542 - INFO - [2104 in node 3] Best value: -73.382 | TR length: 0.013 | num. failures: 2/13 | num. successes: 0/10
2024-01-13 19:44:44,669 - INFO - [2108 in node 3] Best value: -73.355 | TR length: 0.013 | num. failures: 0/13 | num. successes: 1/10
2024-01-13 19:44:48,042 - INFO - [2112 in node 3] Best value: -73.355 | TR length: 0.013 | num. failures: 1/13 | num. successes: 0/10
2024-01-13 19:44:51,175 - INFO - [2116 in node 3] Best value: -73.355 | TR length: 0.013 | num. failures: 2/13 | num. successes: 0/10
2024-01-13 19:44:54,768 - INFO - [2120 in node 3] Best value: -73.355 | TR length: 0.013 | num. failures: 3/13 | num. successes: 0/10
2024-01-13 19:44:58,531 - INFO - [2124 in node 3] Best value: -73.355 | TR length: 0.013 | num. failures: 4/13 | num. successes: 0/10
2024-01-13 19:45:02,043 - INFO - [2128 in node 3] Best value: -73.355 | TR length: 0.013 | num. failures: 5/13 | num. successes: 0/10
2024-01-13 19:45:05,496 - INFO - [2132 in node 3] Best value: -73.355 | TR length: 0.013 | num. failures: 6/13 | num. successes: 0/10
2024-01-13 19:45:08,944 - INFO - [2136 in node 3] Best value: -73.355 | TR length: 0.013 | num. failures: 7/13 | num. successes: 0/10
2024-01-13 19:45:12,433 - INFO - [2140 in node 3] Best value: -73.336 | TR length: 0.013 | num. failures: 0/13 | num. successes: 1/10
2024-01-13 19:45:15,879 - INFO - [2144 in node 3] Best value: -73.334 | TR length: 0.013 | num. failures: 0/13 | num. successes: 2/10
2024-01-13 19:45:19,067 - INFO - [2148 in node 3] Best value: -73.334 | TR length: 0.013 | num. failures: 1/13 | num. successes: 0/10
2024-01-13 19:45:22,684 - INFO - [2152 in node 3] Best value: -73.334 | TR length: 0.013 | num. failures: 2/13 | num. successes: 0/10
2024-01-13 19:45:26,423 - INFO - [2156 in node 3] Best value: -73.334 | TR length: 0.013 | num. failures: 3/13 | num. successes: 0/10
2024-01-13 19:45:29,626 - INFO - [2160 in node 3] Best value: -73.334 | TR length: 0.013 | num. failures: 4/13 | num. successes: 0/10
2024-01-13 19:45:33,099 - INFO - [2164 in node 3] Best value: -73.334 | TR length: 0.013 | num. failures: 5/13 | num. successes: 0/10
2024-01-13 19:45:36,426 - INFO - [2168 in node 3] Best value: -73.334 | TR length: 0.013 | num. failures: 6/13 | num. successes: 0/10
2024-01-13 19:45:39,320 - INFO - [2172 in node 3] Best value: -73.333 | TR length: 0.013 | num. failures: 0/13 | num. successes: 1/10
2024-01-13 19:45:42,275 - INFO - [2176 in node 3] Best value: -73.333 | TR length: 0.013 | num. failures: 1/13 | num. successes: 0/10
2024-01-13 19:45:42,998 - INFO - [2180 in node 3] Best value: -73.332 | TR length: 0.013 | num. failures: 0/13 | num. successes: 1/10
2024-01-13 19:45:46,931 - INFO - [2184 in node 3] Best value: -73.332 | TR length: 0.013 | num. failures: 1/13 | num. successes: 0/10
2024-01-13 19:45:50,364 - INFO - [2188 in node 3] Best value: -73.332 | TR length: 0.013 | num. failures: 2/13 | num. successes: 0/10
2024-01-13 19:45:54,281 - INFO - [2192 in node 3] Best value: -73.332 | TR length: 0.013 | num. failures: 3/13 | num. successes: 0/10
2024-01-13 19:45:57,874 - INFO - [2196 in node 3] Best value: -73.332 | TR length: 0.013 | num. failures: 4/13 | num. successes: 0/10
2024-01-13 19:46:01,843 - INFO - [2200 in node 3] Best value: -73.317 | TR length: 0.013 | num. failures: 0/13 | num. successes: 1/10
2024-01-13 19:46:05,365 - INFO - [2204 in node 3] Best value: -73.317 | TR length: 0.013 | num. failures: 1/13 | num. successes: 0/10
2024-01-13 19:46:08,803 - INFO - [2208 in node 3] Best value: -73.317 | TR length: 0.013 | num. failures: 2/13 | num. successes: 0/10
2024-01-13 19:46:12,671 - INFO - [2212 in node 3] Best value: -73.317 | TR length: 0.013 | num. failures: 3/13 | num. successes: 0/10
2024-01-13 19:46:17,081 - INFO - [2216 in node 3] Best value: -73.317 | TR length: 0.013 | num. failures: 4/13 | num. successes: 0/10
2024-01-13 19:46:21,130 - INFO - [2220 in node 3] Best value: -73.317 | TR length: 0.013 | num. failures: 5/13 | num. successes: 0/10
2024-01-13 19:46:25,397 - INFO - [2224 in node 3] Best value: -73.317 | TR length: 0.013 | num. failures: 6/13 | num. successes: 0/10
2024-01-13 19:46:29,432 - INFO - [2228 in node 3] Best value: -73.317 | TR length: 0.013 | num. failures: 7/13 | num. successes: 0/10
2024-01-13 19:46:32,999 - INFO - [2232 in node 3] Best value: -73.317 | TR length: 0.013 | num. failures: 8/13 | num. successes: 0/10
2024-01-13 19:46:37,061 - INFO - [2236 in node 3] Best value: -73.317 | TR length: 0.013 | num. failures: 9/13 | num. successes: 0/10
2024-01-13 19:46:40,371 - INFO - [2240 in node 3] Best value: -73.317 | TR length: 0.013 | num. failures: 10/13 | num. successes: 0/10
2024-01-13 19:46:44,211 - INFO - [2244 in node 3] Best value: -73.317 | TR length: 0.013 | num. failures: 11/13 | num. successes: 0/10
2024-01-13 19:46:47,736 - INFO - [2248 in node 3] Best value: -73.317 | TR length: 0.013 | num. failures: 12/13 | num. successes: 0/10
2024-01-13 19:46:51,499 - INFO - [2252 in node 3] Best value: -73.317 | TR length: 0.006 | num. failures: 0/13 | num. successes: 0/10
2024-01-13 19:46:51,500 - INFO - [TuRBO] Local Modelling converges (TR length below threshold) after 2252 evaluations
2024-01-13 19:46:55,062 - INFO - [104 in node 249] Best value: -165.085 | TR length: 0.800 | num. failures: 0/13 | num. successes: 1/10
2024-01-13 19:46:55,308 - INFO - [108 in node 249] Best value: -165.085 | TR length: 0.800 | num. failures: 1/13 | num. successes: 0/10
2024-01-13 19:46:55,573 - INFO - [112 in node 249] Best value: -89.456 | TR length: 0.800 | num. failures: 0/13 | num. successes: 1/10
2024-01-13 19:46:55,904 - INFO - [116 in node 249] Best value: -89.456 | TR length: 0.800 | num. failures: 1/13 | num. successes: 0/10
2024-01-13 19:46:56,446 - INFO - [120 in node 249] Best value: -89.456 | TR length: 0.800 | num. failures: 2/13 | num. successes: 0/10
2024-01-13 19:46:56,759 - INFO - [124 in node 249] Best value: -89.456 | TR length: 0.800 | num. failures: 3/13 | num. successes: 0/10
2024-01-13 19:46:57,108 - INFO - [128 in node 249] Best value: -89.456 | TR length: 0.800 | num. failures: 4/13 | num. successes: 0/10
2024-01-13 19:46:57,284 - INFO - [132 in node 249] Best value: -89.456 | TR length: 0.800 | num. failures: 5/13 | num. successes: 0/10
2024-01-13 19:46:57,446 - INFO - [136 in node 249] Best value: -89.456 | TR length: 0.800 | num. failures: 6/13 | num. successes: 0/10
2024-01-13 19:46:57,821 - INFO - [140 in node 249] Best value: -89.456 | TR length: 0.800 | num. failures: 7/13 | num. successes: 0/10
2024-01-13 19:46:58,522 - INFO - [144 in node 249] Best value: -89.456 | TR length: 0.800 | num. failures: 8/13 | num. successes: 0/10
2024-01-13 19:46:58,958 - INFO - [148 in node 249] Best value: -89.456 | TR length: 0.800 | num. failures: 9/13 | num. successes: 0/10
2024-01-13 19:46:59,335 - INFO - [152 in node 249] Best value: -89.456 | TR length: 0.800 | num. failures: 10/13 | num. successes: 0/10
2024-01-13 19:46:59,750 - INFO - [156 in node 249] Best value: -89.456 | TR length: 0.800 | num. failures: 11/13 | num. successes: 0/10
2024-01-13 19:47:00,104 - INFO - [160 in node 249] Best value: -89.456 | TR length: 0.800 | num. failures: 12/13 | num. successes: 0/10
2024-01-13 19:47:00,551 - INFO - [164 in node 249] Best value: -89.456 | TR length: 0.400 | num. failures: 0/13 | num. successes: 0/10
2024-01-13 19:47:00,994 - INFO - [168 in node 249] Best value: -89.456 | TR length: 0.400 | num. failures: 1/13 | num. successes: 0/10
2024-01-13 19:47:01,533 - INFO - [172 in node 249] Best value: -89.456 | TR length: 0.400 | num. failures: 2/13 | num. successes: 0/10
2024-01-13 19:47:02,062 - INFO - [176 in node 249] Best value: -89.456 | TR length: 0.400 | num. failures: 3/13 | num. successes: 0/10
2024-01-13 19:47:02,452 - INFO - [180 in node 249] Best value: -89.456 | TR length: 0.400 | num. failures: 4/13 | num. successes: 0/10
2024-01-13 19:47:02,971 - INFO - [184 in node 249] Best value: -89.456 | TR length: 0.400 | num. failures: 5/13 | num. successes: 0/10
2024-01-13 19:47:03,425 - INFO - [188 in node 249] Best value: -89.456 | TR length: 0.400 | num. failures: 6/13 | num. successes: 0/10
2024-01-13 19:47:03,842 - INFO - [192 in node 249] Best value: -89.456 | TR length: 0.400 | num. failures: 7/13 | num. successes: 0/10
2024-01-13 19:47:04,324 - INFO - [196 in node 249] Best value: -89.456 | TR length: 0.400 | num. failures: 8/13 | num. successes: 0/10
2024-01-13 19:47:05,072 - INFO - [200 in node 249] Best value: -89.456 | TR length: 0.400 | num. failures: 9/13 | num. successes: 0/10
2024-01-13 19:47:05,568 - INFO - [204 in node 249] Best value: -89.456 | TR length: 0.400 | num. failures: 10/13 | num. successes: 0/10
2024-01-13 19:47:06,005 - INFO - [208 in node 249] Best value: -89.456 | TR length: 0.400 | num. failures: 11/13 | num. successes: 0/10
2024-01-13 19:47:06,397 - INFO - [212 in node 249] Best value: -89.456 | TR length: 0.400 | num. failures: 12/13 | num. successes: 0/10
2024-01-13 19:47:06,863 - INFO - [216 in node 249] Best value: -89.456 | TR length: 0.200 | num. failures: 0/13 | num. successes: 0/10
2024-01-13 19:47:07,311 - INFO - [220 in node 249] Best value: -89.456 | TR length: 0.200 | num. failures: 1/13 | num. successes: 0/10
2024-01-13 19:47:07,745 - INFO - [224 in node 249] Best value: -89.456 | TR length: 0.200 | num. failures: 2/13 | num. successes: 0/10
2024-01-13 19:47:08,107 - INFO - [228 in node 249] Best value: -89.456 | TR length: 0.200 | num. failures: 3/13 | num. successes: 0/10
2024-01-13 19:47:08,457 - INFO - [232 in node 249] Best value: -89.456 | TR length: 0.200 | num. failures: 4/13 | num. successes: 0/10
2024-01-13 19:47:08,840 - INFO - [236 in node 249] Best value: -89.456 | TR length: 0.200 | num. failures: 5/13 | num. successes: 0/10
2024-01-13 19:47:09,275 - INFO - [240 in node 249] Best value: -89.456 | TR length: 0.200 | num. failures: 6/13 | num. successes: 0/10
2024-01-13 19:47:09,735 - INFO - [244 in node 249] Best value: -89.456 | TR length: 0.200 | num. failures: 7/13 | num. successes: 0/10
2024-01-13 19:47:10,078 - INFO - [248 in node 249] Best value: -89.456 | TR length: 0.200 | num. failures: 8/13 | num. successes: 0/10
2024-01-13 19:47:10,538 - INFO - [252 in node 249] Best value: -89.456 | TR length: 0.200 | num. failures: 9/13 | num. successes: 0/10
2024-01-13 19:47:10,935 - INFO - [256 in node 249] Best value: -89.456 | TR length: 0.200 | num. failures: 10/13 | num. successes: 0/10
2024-01-13 19:47:11,404 - INFO - [260 in node 249] Best value: -89.456 | TR length: 0.200 | num. failures: 11/13 | num. successes: 0/10
2024-01-13 19:47:11,765 - INFO - [264 in node 249] Best value: -89.456 | TR length: 0.200 | num. failures: 12/13 | num. successes: 0/10
2024-01-13 19:47:12,235 - INFO - [268 in node 249] Best value: -89.456 | TR length: 0.100 | num. failures: 0/13 | num. successes: 0/10
2024-01-13 19:47:12,687 - INFO - [272 in node 249] Best value: -89.456 | TR length: 0.100 | num. failures: 1/13 | num. successes: 0/10
2024-01-13 19:47:13,037 - INFO - [276 in node 249] Best value: -89.456 | TR length: 0.100 | num. failures: 2/13 | num. successes: 0/10
2024-01-13 19:47:13,589 - INFO - [280 in node 249] Best value: -89.456 | TR length: 0.100 | num. failures: 3/13 | num. successes: 0/10
2024-01-13 19:47:14,009 - INFO - [284 in node 249] Best value: -89.456 | TR length: 0.100 | num. failures: 4/13 | num. successes: 0/10
2024-01-13 19:47:14,491 - INFO - [288 in node 249] Best value: -89.456 | TR length: 0.100 | num. failures: 5/13 | num. successes: 0/10
2024-01-13 19:47:14,898 - INFO - [292 in node 249] Best value: -89.456 | TR length: 0.100 | num. failures: 6/13 | num. successes: 0/10
2024-01-13 19:47:15,318 - INFO - [296 in node 249] Best value: -89.456 | TR length: 0.100 | num. failures: 7/13 | num. successes: 0/10
2024-01-13 19:47:15,753 - INFO - [300 in node 249] Best value: -89.456 | TR length: 0.100 | num. failures: 8/13 | num. successes: 0/10
2024-01-13 19:47:16,139 - INFO - [304 in node 249] Best value: -89.456 | TR length: 0.100 | num. failures: 9/13 | num. successes: 0/10
2024-01-13 19:47:16,443 - INFO - [308 in node 249] Best value: -89.456 | TR length: 0.100 | num. failures: 10/13 | num. successes: 0/10
2024-01-13 19:47:16,790 - INFO - [312 in node 249] Best value: -89.456 | TR length: 0.100 | num. failures: 11/13 | num. successes: 0/10
2024-01-13 19:47:17,342 - INFO - [316 in node 249] Best value: -89.456 | TR length: 0.100 | num. failures: 12/13 | num. successes: 0/10
2024-01-13 19:47:17,822 - INFO - [320 in node 249] Best value: -89.456 | TR length: 0.050 | num. failures: 0/13 | num. successes: 0/10
2024-01-13 19:47:18,281 - INFO - [324 in node 249] Best value: -89.456 | TR length: 0.050 | num. failures: 1/13 | num. successes: 0/10
2024-01-13 19:47:18,720 - INFO - [328 in node 249] Best value: -83.819 | TR length: 0.050 | num. failures: 0/13 | num. successes: 1/10
2024-01-13 19:47:19,194 - INFO - [332 in node 249] Best value: -83.819 | TR length: 0.050 | num. failures: 1/13 | num. successes: 0/10
2024-01-13 19:47:19,645 - INFO - [336 in node 249] Best value: -77.145 | TR length: 0.050 | num. failures: 0/13 | num. successes: 1/10
2024-01-13 19:47:20,071 - INFO - [340 in node 249] Best value: -77.145 | TR length: 0.050 | num. failures: 1/13 | num. successes: 0/10
2024-01-13 19:47:20,591 - INFO - [344 in node 249] Best value: -77.145 | TR length: 0.050 | num. failures: 2/13 | num. successes: 0/10
2024-01-13 19:47:20,990 - INFO - [348 in node 249] Best value: -77.145 | TR length: 0.050 | num. failures: 3/13 | num. successes: 0/10
2024-01-13 19:47:21,405 - INFO - [352 in node 249] Best value: -75.075 | TR length: 0.050 | num. failures: 0/13 | num. successes: 1/10
2024-01-13 19:47:21,780 - INFO - [356 in node 249] Best value: -75.075 | TR length: 0.050 | num. failures: 1/13 | num. successes: 0/10
2024-01-13 19:47:22,254 - INFO - [360 in node 249] Best value: -75.075 | TR length: 0.050 | num. failures: 2/13 | num. successes: 0/10
2024-01-13 19:47:22,626 - INFO - [364 in node 249] Best value: -75.075 | TR length: 0.050 | num. failures: 3/13 | num. successes: 0/10
2024-01-13 19:47:23,202 - INFO - [368 in node 249] Best value: -75.075 | TR length: 0.050 | num. failures: 4/13 | num. successes: 0/10
2024-01-13 19:47:23,649 - INFO - [372 in node 249] Best value: -75.075 | TR length: 0.050 | num. failures: 5/13 | num. successes: 0/10
2024-01-13 19:47:24,063 - INFO - [376 in node 249] Best value: -75.075 | TR length: 0.050 | num. failures: 6/13 | num. successes: 0/10
2024-01-13 19:47:24,644 - INFO - [380 in node 249] Best value: -75.075 | TR length: 0.050 | num. failures: 7/13 | num. successes: 0/10
2024-01-13 19:47:25,136 - INFO - [384 in node 249] Best value: -74.802 | TR length: 0.050 | num. failures: 0/13 | num. successes: 1/10
2024-01-13 19:47:25,933 - INFO - [388 in node 249] Best value: -74.802 | TR length: 0.050 | num. failures: 1/13 | num. successes: 0/10
2024-01-13 19:47:26,424 - INFO - [392 in node 249] Best value: -74.802 | TR length: 0.050 | num. failures: 2/13 | num. successes: 0/10
2024-01-13 19:47:27,074 - INFO - [396 in node 249] Best value: -74.802 | TR length: 0.050 | num. failures: 3/13 | num. successes: 0/10
2024-01-13 19:47:27,912 - INFO - [400 in node 249] Best value: -73.983 | TR length: 0.050 | num. failures: 0/13 | num. successes: 1/10
2024-01-13 19:47:28,917 - INFO - [404 in node 249] Best value: -73.983 | TR length: 0.050 | num. failures: 1/13 | num. successes: 0/10
2024-01-13 19:47:29,852 - INFO - [408 in node 249] Best value: -73.983 | TR length: 0.050 | num. failures: 2/13 | num. successes: 0/10
2024-01-13 19:47:30,822 - INFO - [412 in node 249] Best value: -73.983 | TR length: 0.050 | num. failures: 3/13 | num. successes: 0/10
2024-01-13 19:47:32,034 - INFO - [416 in node 249] Best value: -73.983 | TR length: 0.050 | num. failures: 4/13 | num. successes: 0/10
2024-01-13 19:47:33,655 - INFO - [420 in node 249] Best value: -73.983 | TR length: 0.050 | num. failures: 5/13 | num. successes: 0/10
2024-01-13 19:47:35,400 - INFO - [424 in node 249] Best value: -73.983 | TR length: 0.050 | num. failures: 6/13 | num. successes: 0/10
2024-01-13 19:47:36,634 - INFO - [428 in node 249] Best value: -73.983 | TR length: 0.050 | num. failures: 7/13 | num. successes: 0/10
2024-01-13 19:47:37,449 - INFO - [432 in node 249] Best value: -73.983 | TR length: 0.050 | num. failures: 8/13 | num. successes: 0/10
2024-01-13 19:47:38,885 - INFO - [436 in node 249] Best value: -73.983 | TR length: 0.050 | num. failures: 9/13 | num. successes: 0/10
2024-01-13 19:47:39,932 - INFO - [440 in node 249] Best value: -73.983 | TR length: 0.050 | num. failures: 10/13 | num. successes: 0/10
2024-01-13 19:47:40,868 - INFO - [444 in node 249] Best value: -73.983 | TR length: 0.050 | num. failures: 11/13 | num. successes: 0/10
2024-01-13 19:47:42,036 - INFO - [448 in node 249] Best value: -73.983 | TR length: 0.050 | num. failures: 12/13 | num. successes: 0/10
2024-01-13 19:47:43,258 - INFO - [452 in node 249] Best value: -73.983 | TR length: 0.025 | num. failures: 0/13 | num. successes: 0/10
2024-01-13 19:47:44,251 - INFO - [456 in node 249] Best value: -73.647 | TR length: 0.025 | num. failures: 0/13 | num. successes: 1/10
2024-01-13 19:47:45,104 - INFO - [460 in node 249] Best value: -73.647 | TR length: 0.025 | num. failures: 1/13 | num. successes: 0/10
2024-01-13 19:47:45,798 - INFO - [464 in node 249] Best value: -73.647 | TR length: 0.025 | num. failures: 2/13 | num. successes: 0/10
2024-01-13 19:47:46,448 - INFO - [468 in node 249] Best value: -73.647 | TR length: 0.025 | num. failures: 3/13 | num. successes: 0/10
2024-01-13 19:47:47,467 - INFO - [472 in node 249] Best value: -73.647 | TR length: 0.025 | num. failures: 4/13 | num. successes: 0/10
2024-01-13 19:47:48,424 - INFO - [476 in node 249] Best value: -73.647 | TR length: 0.025 | num. failures: 5/13 | num. successes: 0/10
2024-01-13 19:47:49,431 - INFO - [480 in node 249] Best value: -73.647 | TR length: 0.025 | num. failures: 6/13 | num. successes: 0/10
2024-01-13 19:47:50,157 - INFO - [484 in node 249] Best value: -73.647 | TR length: 0.025 | num. failures: 7/13 | num. successes: 0/10
2024-01-13 19:47:51,020 - INFO - [488 in node 249] Best value: -73.647 | TR length: 0.025 | num. failures: 8/13 | num. successes: 0/10
2024-01-13 19:47:51,788 - INFO - [492 in node 249] Best value: -73.647 | TR length: 0.025 | num. failures: 9/13 | num. successes: 0/10
2024-01-13 19:47:52,635 - INFO - [496 in node 249] Best value: -73.573 | TR length: 0.025 | num. failures: 0/13 | num. successes: 1/10
2024-01-13 19:47:53,309 - INFO - [500 in node 249] Best value: -73.546 | TR length: 0.025 | num. failures: 0/13 | num. successes: 2/10
2024-01-13 19:47:53,898 - INFO - [504 in node 249] Best value: -73.499 | TR length: 0.025 | num. failures: 0/13 | num. successes: 3/10
2024-01-13 19:47:54,474 - INFO - [508 in node 249] Best value: -73.499 | TR length: 0.025 | num. failures: 1/13 | num. successes: 0/10
2024-01-13 19:47:55,267 - INFO - [512 in node 249] Best value: -73.499 | TR length: 0.025 | num. failures: 2/13 | num. successes: 0/10
2024-01-13 19:47:56,128 - INFO - [516 in node 249] Best value: -73.471 | TR length: 0.025 | num. failures: 0/13 | num. successes: 1/10
2024-01-13 19:47:56,822 - INFO - [520 in node 249] Best value: -73.471 | TR length: 0.025 | num. failures: 1/13 | num. successes: 0/10
2024-01-13 19:47:57,402 - INFO - [524 in node 249] Best value: -73.471 | TR length: 0.025 | num. failures: 2/13 | num. successes: 0/10
2024-01-13 19:47:58,077 - INFO - [528 in node 249] Best value: -73.471 | TR length: 0.025 | num. failures: 3/13 | num. successes: 0/10
2024-01-13 19:47:58,728 - INFO - [532 in node 249] Best value: -73.471 | TR length: 0.025 | num. failures: 4/13 | num. successes: 0/10
2024-01-13 19:47:59,268 - INFO - [536 in node 249] Best value: -73.471 | TR length: 0.025 | num. failures: 5/13 | num. successes: 0/10
2024-01-13 19:47:59,804 - INFO - [540 in node 249] Best value: -73.471 | TR length: 0.025 | num. failures: 6/13 | num. successes: 0/10
2024-01-13 19:48:00,438 - INFO - [544 in node 249] Best value: -73.471 | TR length: 0.025 | num. failures: 7/13 | num. successes: 0/10
2024-01-13 19:48:01,081 - INFO - [548 in node 249] Best value: -73.468 | TR length: 0.025 | num. failures: 0/13 | num. successes: 1/10
2024-01-13 19:48:01,716 - INFO - [552 in node 249] Best value: -73.468 | TR length: 0.025 | num. failures: 1/13 | num. successes: 0/10
2024-01-13 19:48:02,323 - INFO - [556 in node 249] Best value: -73.468 | TR length: 0.025 | num. failures: 2/13 | num. successes: 0/10
2024-01-13 19:48:02,878 - INFO - [560 in node 249] Best value: -73.468 | TR length: 0.025 | num. failures: 3/13 | num. successes: 0/10
2024-01-13 19:48:03,507 - INFO - [564 in node 249] Best value: -73.431 | TR length: 0.025 | num. failures: 0/13 | num. successes: 1/10
2024-01-13 19:48:04,157 - INFO - [568 in node 249] Best value: -73.431 | TR length: 0.025 | num. failures: 1/13 | num. successes: 0/10
2024-01-13 19:48:04,891 - INFO - [572 in node 249] Best value: -73.431 | TR length: 0.025 | num. failures: 2/13 | num. successes: 0/10
2024-01-13 19:48:05,542 - INFO - [576 in node 249] Best value: -73.431 | TR length: 0.025 | num. failures: 3/13 | num. successes: 0/10
2024-01-13 19:48:06,248 - INFO - [580 in node 249] Best value: -73.431 | TR length: 0.025 | num. failures: 4/13 | num. successes: 0/10
2024-01-13 19:48:07,305 - INFO - [584 in node 249] Best value: -73.431 | TR length: 0.025 | num. failures: 5/13 | num. successes: 0/10
2024-01-13 19:48:08,008 - INFO - [588 in node 249] Best value: -73.431 | TR length: 0.025 | num. failures: 6/13 | num. successes: 0/10
2024-01-13 19:48:08,511 - INFO - [592 in node 249] Best value: -73.431 | TR length: 0.025 | num. failures: 7/13 | num. successes: 0/10
2024-01-13 19:48:09,048 - INFO - [596 in node 249] Best value: -73.431 | TR length: 0.025 | num. failures: 8/13 | num. successes: 0/10
2024-01-13 19:48:09,731 - INFO - [600 in node 249] Best value: -73.431 | TR length: 0.025 | num. failures: 9/13 | num. successes: 0/10
2024-01-13 19:48:10,326 - INFO - [604 in node 249] Best value: -73.431 | TR length: 0.025 | num. failures: 10/13 | num. successes: 0/10
2024-01-13 19:48:10,893 - INFO - [608 in node 249] Best value: -73.431 | TR length: 0.025 | num. failures: 11/13 | num. successes: 0/10
2024-01-13 19:48:11,403 - INFO - [612 in node 249] Best value: -73.431 | TR length: 0.025 | num. failures: 12/13 | num. successes: 0/10
2024-01-13 19:48:12,078 - INFO - [616 in node 249] Best value: -73.431 | TR length: 0.013 | num. failures: 0/13 | num. successes: 0/10
2024-01-13 19:48:12,858 - INFO - [620 in node 249] Best value: -73.368 | TR length: 0.013 | num. failures: 0/13 | num. successes: 1/10
2024-01-13 19:48:13,536 - INFO - [624 in node 249] Best value: -73.336 | TR length: 0.013 | num. failures: 0/13 | num. successes: 2/10
2024-01-13 19:48:14,201 - INFO - [628 in node 249] Best value: -73.336 | TR length: 0.013 | num. failures: 1/13 | num. successes: 0/10
2024-01-13 19:48:14,944 - INFO - [632 in node 249] Best value: -73.336 | TR length: 0.013 | num. failures: 2/13 | num. successes: 0/10
2024-01-13 19:48:15,601 - INFO - [636 in node 249] Best value: -73.336 | TR length: 0.013 | num. failures: 3/13 | num. successes: 0/10
2024-01-13 19:48:16,230 - INFO - [640 in node 249] Best value: -73.336 | TR length: 0.013 | num. failures: 4/13 | num. successes: 0/10
2024-01-13 19:48:16,915 - INFO - [644 in node 249] Best value: -73.336 | TR length: 0.013 | num. failures: 5/13 | num. successes: 0/10
2024-01-13 19:48:17,584 - INFO - [648 in node 249] Best value: -73.336 | TR length: 0.013 | num. failures: 6/13 | num. successes: 0/10
2024-01-13 19:48:17,585 - INFO - --------------------------------------------------
2024-01-13 19:48:17,586 - INFO - Best X: tensor([0.5513, 0.5508, 0.0877, 0.2883, 0.5438, 0.5513, 0.5479, 0.5509, 0.5561,
        0.8853, 0.5510, 0.0877, 0.8854, 0.5434, 0.5506, 0.0865, 0.8853, 0.8853,
        0.5468, 0.8847, 0.5548, 0.5493, 0.8867, 0.5467, 0.5546, 0.5486, 0.5462,
        0.2878, 0.5488, 0.0871, 0.5476, 0.5491, 0.5443, 0.5521, 0.8863, 0.0873,
        0.5546, 0.5494, 0.5537, 0.2872, 0.5531, 0.5527, 0.0871, 0.5480, 0.0875,
        0.0864, 0.0875, 0.5446, 0.5504, 0.5572], device='cuda:0',
       dtype=torch.float64)
2024-01-13 19:48:17,587 - INFO - Best Y: -73.31674070084063
2024-01-13 19:48:17,587 - INFO - Elapsed time: 998.39 seconds
