2024-01-13 19:21:26,426 - INFO - Start experiment: mcts_ackley50d_3000
2024-01-13 19:21:26,426 - INFO - ==================================================
2024-01-13 19:21:26,426 - INFO - Config:
2024-01-13 19:21:26,427 - INFO - seed: 0
2024-01-13 19:21:26,427 - INFO - Cp: 1.0
2024-01-13 19:21:26,427 - INFO - leaf_size: 20
2024-01-13 19:21:26,427 - INFO - node_selection_type: UCB
2024-01-13 19:21:26,427 - INFO - initial_sampling_method: Sobol
2024-01-13 19:21:26,427 - INFO - save_path: False
2024-01-13 19:21:26,525 - INFO - bounds: tensor([[-5., -5., -5., -5., -5., -5., -5., -5., -5., -5., -5., -5., -5., -5.,
         -5., -5., -5., -5., -5., -5., -5., -5., -5., -5., -5., -5., -5., -5.,
         -5., -5., -5., -5., -5., -5., -5., -5., -5., -5., -5., -5., -5., -5.,
         -5., -5., -5., -5., -5., -5., -5., -5.],
        [10., 10., 10., 10., 10., 10., 10., 10., 10., 10., 10., 10., 10., 10.,
         10., 10., 10., 10., 10., 10., 10., 10., 10., 10., 10., 10., 10., 10.,
         10., 10., 10., 10., 10., 10., 10., 10., 10., 10., 10., 10., 10., 10.,
         10., 10., 10., 10., 10., 10., 10., 10.]], device='cuda:0',
       dtype=torch.float64)
2024-01-13 19:21:26,525 - INFO - num_init: 100
2024-01-13 19:21:26,525 - INFO - obj_func: Ackley()
2024-01-13 19:21:26,525 - INFO - optimizer_type: turbo
2024-01-13 19:21:26,526 - INFO - optimizer_params: {'batch_size': 4, 'acqf': 'ts', 'num_restarts': 10, 'raw_samples': 512}
2024-01-13 19:21:26,526 - INFO - classifier_type: SVM
2024-01-13 19:21:26,526 - INFO - classifier_params: {'kernel_type': 'rbf', 'gamma_type': 'auto'}
2024-01-13 19:21:26,526 - INFO - ==================================================
2024-01-13 19:21:28,218 - INFO - [104 in node 4] Best value: -13.711 | TR length: 0.800 | num. failures: 0/13 | num. successes: 1/10
2024-01-13 19:21:32,661 - INFO - [TuRBO] All attempts to fit the model have failed. For more information, try enabling botorch.settings.debug mode. happens when fitting model, restart.
2024-01-13 19:21:32,701 - INFO - [108 in node 4] Best value: -13.358 | TR length: 0.800 | num. failures: 0/13 | num. successes: 2/10
2024-01-13 19:21:35,159 - INFO - [TuRBO] All attempts to fit the model have failed. For more information, try enabling botorch.settings.debug mode. happens when fitting model, restart.
2024-01-13 19:21:35,198 - INFO - [112 in node 4] Best value: -12.780 | TR length: 0.800 | num. failures: 0/13 | num. successes: 3/10
2024-01-13 19:21:35,508 - INFO - [116 in node 4] Best value: -12.545 | TR length: 0.800 | num. failures: 0/13 | num. successes: 4/10
2024-01-13 19:21:35,732 - INFO - [120 in node 4] Best value: -12.229 | TR length: 0.800 | num. failures: 0/13 | num. successes: 5/10
2024-01-13 19:21:36,141 - INFO - [124 in node 4] Best value: -12.229 | TR length: 0.800 | num. failures: 1/13 | num. successes: 0/10
2024-01-13 19:21:36,589 - INFO - [128 in node 4] Best value: -12.101 | TR length: 0.800 | num. failures: 0/13 | num. successes: 1/10
2024-01-13 19:21:36,880 - INFO - [132 in node 4] Best value: -11.749 | TR length: 0.800 | num. failures: 0/13 | num. successes: 2/10
2024-01-13 19:21:37,213 - INFO - [136 in node 4] Best value: -11.730 | TR length: 0.800 | num. failures: 0/13 | num. successes: 3/10
2024-01-13 19:21:37,610 - INFO - [140 in node 4] Best value: -11.730 | TR length: 0.800 | num. failures: 1/13 | num. successes: 0/10
2024-01-13 19:21:37,978 - INFO - [144 in node 4] Best value: -11.730 | TR length: 0.800 | num. failures: 2/13 | num. successes: 0/10
2024-01-13 19:21:38,419 - INFO - [148 in node 4] Best value: -11.730 | TR length: 0.800 | num. failures: 3/13 | num. successes: 0/10
2024-01-13 19:21:38,811 - INFO - [152 in node 4] Best value: -11.063 | TR length: 0.800 | num. failures: 0/13 | num. successes: 1/10
2024-01-13 19:21:39,191 - INFO - [156 in node 4] Best value: -11.063 | TR length: 0.800 | num. failures: 1/13 | num. successes: 0/10
2024-01-13 19:21:39,556 - INFO - [160 in node 4] Best value: -11.063 | TR length: 0.800 | num. failures: 2/13 | num. successes: 0/10
2024-01-13 19:21:40,005 - INFO - [164 in node 4] Best value: -10.927 | TR length: 0.800 | num. failures: 0/13 | num. successes: 1/10
2024-01-13 19:21:40,424 - INFO - [168 in node 4] Best value: -10.927 | TR length: 0.800 | num. failures: 1/13 | num. successes: 0/10
2024-01-13 19:21:40,937 - INFO - [172 in node 4] Best value: -10.892 | TR length: 0.800 | num. failures: 0/13 | num. successes: 1/10
2024-01-13 19:21:41,465 - INFO - [176 in node 4] Best value: -10.892 | TR length: 0.800 | num. failures: 1/13 | num. successes: 0/10
2024-01-13 19:21:42,048 - INFO - [180 in node 4] Best value: -10.525 | TR length: 0.800 | num. failures: 0/13 | num. successes: 1/10
2024-01-13 19:21:42,558 - INFO - [184 in node 4] Best value: -10.525 | TR length: 0.800 | num. failures: 1/13 | num. successes: 0/10
2024-01-13 19:21:43,147 - INFO - [188 in node 4] Best value: -10.350 | TR length: 0.800 | num. failures: 0/13 | num. successes: 1/10
2024-01-13 19:21:43,711 - INFO - [192 in node 4] Best value: -9.391 | TR length: 0.800 | num. failures: 0/13 | num. successes: 2/10
2024-01-13 19:21:44,271 - INFO - [196 in node 4] Best value: -9.391 | TR length: 0.800 | num. failures: 1/13 | num. successes: 0/10
2024-01-13 19:21:44,940 - INFO - [200 in node 4] Best value: -9.391 | TR length: 0.800 | num. failures: 2/13 | num. successes: 0/10
2024-01-13 19:21:45,567 - INFO - [204 in node 4] Best value: -9.391 | TR length: 0.800 | num. failures: 3/13 | num. successes: 0/10
2024-01-13 19:21:46,184 - INFO - [208 in node 4] Best value: -9.391 | TR length: 0.800 | num. failures: 4/13 | num. successes: 0/10
2024-01-13 19:21:46,916 - INFO - [212 in node 4] Best value: -9.320 | TR length: 0.800 | num. failures: 0/13 | num. successes: 1/10
2024-01-13 19:21:47,516 - INFO - [216 in node 4] Best value: -9.320 | TR length: 0.800 | num. failures: 1/13 | num. successes: 0/10
2024-01-13 19:21:48,313 - INFO - [220 in node 4] Best value: -9.320 | TR length: 0.800 | num. failures: 2/13 | num. successes: 0/10
2024-01-13 19:21:49,027 - INFO - [224 in node 4] Best value: -9.320 | TR length: 0.800 | num. failures: 3/13 | num. successes: 0/10
2024-01-13 19:21:49,721 - INFO - [228 in node 4] Best value: -9.320 | TR length: 0.800 | num. failures: 4/13 | num. successes: 0/10
2024-01-13 19:21:50,439 - INFO - [232 in node 4] Best value: -9.320 | TR length: 0.800 | num. failures: 5/13 | num. successes: 0/10
2024-01-13 19:21:51,223 - INFO - [236 in node 4] Best value: -9.320 | TR length: 0.800 | num. failures: 6/13 | num. successes: 0/10
2024-01-13 19:21:51,950 - INFO - [240 in node 4] Best value: -8.684 | TR length: 0.800 | num. failures: 0/13 | num. successes: 1/10
2024-01-13 19:21:52,650 - INFO - [244 in node 4] Best value: -8.684 | TR length: 0.800 | num. failures: 1/13 | num. successes: 0/10
2024-01-13 19:21:53,404 - INFO - [248 in node 4] Best value: -8.684 | TR length: 0.800 | num. failures: 2/13 | num. successes: 0/10
2024-01-13 19:21:54,063 - INFO - [252 in node 4] Best value: -8.684 | TR length: 0.800 | num. failures: 3/13 | num. successes: 0/10
2024-01-13 19:21:54,853 - INFO - [256 in node 4] Best value: -8.684 | TR length: 0.800 | num. failures: 4/13 | num. successes: 0/10
2024-01-13 19:21:55,443 - INFO - [260 in node 4] Best value: -8.589 | TR length: 0.800 | num. failures: 0/13 | num. successes: 1/10
2024-01-13 19:21:56,044 - INFO - [264 in node 4] Best value: -8.589 | TR length: 0.800 | num. failures: 1/13 | num. successes: 0/10
2024-01-13 19:21:56,644 - INFO - [268 in node 4] Best value: -8.589 | TR length: 0.800 | num. failures: 2/13 | num. successes: 0/10
2024-01-13 19:21:57,152 - INFO - [272 in node 4] Best value: -8.589 | TR length: 0.800 | num. failures: 3/13 | num. successes: 0/10
2024-01-13 19:21:57,883 - INFO - [276 in node 4] Best value: -8.168 | TR length: 0.800 | num. failures: 0/13 | num. successes: 1/10
2024-01-13 19:21:58,415 - INFO - [280 in node 4] Best value: -8.168 | TR length: 0.800 | num. failures: 1/13 | num. successes: 0/10
2024-01-13 19:21:59,114 - INFO - [284 in node 4] Best value: -7.575 | TR length: 0.800 | num. failures: 0/13 | num. successes: 1/10
2024-01-13 19:21:59,607 - INFO - [288 in node 4] Best value: -7.575 | TR length: 0.800 | num. failures: 1/13 | num. successes: 0/10
2024-01-13 19:22:00,324 - INFO - [292 in node 4] Best value: -7.575 | TR length: 0.800 | num. failures: 2/13 | num. successes: 0/10
2024-01-13 19:22:00,935 - INFO - [296 in node 4] Best value: -7.575 | TR length: 0.800 | num. failures: 3/13 | num. successes: 0/10
2024-01-13 19:22:01,405 - INFO - [300 in node 4] Best value: -7.575 | TR length: 0.800 | num. failures: 4/13 | num. successes: 0/10
2024-01-13 19:22:02,108 - INFO - [304 in node 4] Best value: -7.290 | TR length: 0.800 | num. failures: 0/13 | num. successes: 1/10
2024-01-13 19:22:02,756 - INFO - [308 in node 4] Best value: -7.290 | TR length: 0.800 | num. failures: 1/13 | num. successes: 0/10
2024-01-13 19:22:03,234 - INFO - [312 in node 4] Best value: -7.290 | TR length: 0.800 | num. failures: 2/13 | num. successes: 0/10
2024-01-13 19:22:03,720 - INFO - [316 in node 4] Best value: -7.124 | TR length: 0.800 | num. failures: 0/13 | num. successes: 1/10
2024-01-13 19:22:04,221 - INFO - [320 in node 4] Best value: -7.124 | TR length: 0.800 | num. failures: 1/13 | num. successes: 0/10
2024-01-13 19:22:04,839 - INFO - [324 in node 4] Best value: -7.124 | TR length: 0.800 | num. failures: 2/13 | num. successes: 0/10
2024-01-13 19:22:05,397 - INFO - [328 in node 4] Best value: -7.124 | TR length: 0.800 | num. failures: 3/13 | num. successes: 0/10
2024-01-13 19:22:05,963 - INFO - [332 in node 4] Best value: -7.124 | TR length: 0.800 | num. failures: 4/13 | num. successes: 0/10
2024-01-13 19:22:06,379 - INFO - [336 in node 4] Best value: -7.124 | TR length: 0.800 | num. failures: 5/13 | num. successes: 0/10
2024-01-13 19:22:06,776 - INFO - [340 in node 4] Best value: -7.124 | TR length: 0.800 | num. failures: 6/13 | num. successes: 0/10
2024-01-13 19:22:07,171 - INFO - [344 in node 4] Best value: -7.124 | TR length: 0.800 | num. failures: 7/13 | num. successes: 0/10
2024-01-13 19:22:07,567 - INFO - [348 in node 4] Best value: -7.124 | TR length: 0.800 | num. failures: 8/13 | num. successes: 0/10
2024-01-13 19:22:07,956 - INFO - [352 in node 4] Best value: -7.124 | TR length: 0.800 | num. failures: 9/13 | num. successes: 0/10
2024-01-13 19:22:08,364 - INFO - [356 in node 4] Best value: -7.014 | TR length: 0.800 | num. failures: 0/13 | num. successes: 1/10
2024-01-13 19:22:08,829 - INFO - [360 in node 4] Best value: -7.014 | TR length: 0.800 | num. failures: 1/13 | num. successes: 0/10
2024-01-13 19:22:09,208 - INFO - [364 in node 4] Best value: -7.014 | TR length: 0.800 | num. failures: 2/13 | num. successes: 0/10
2024-01-13 19:22:09,508 - INFO - [368 in node 4] Best value: -7.014 | TR length: 0.800 | num. failures: 3/13 | num. successes: 0/10
2024-01-13 19:22:09,810 - INFO - [372 in node 4] Best value: -7.014 | TR length: 0.800 | num. failures: 4/13 | num. successes: 0/10
2024-01-13 19:22:10,156 - INFO - [376 in node 4] Best value: -7.014 | TR length: 0.800 | num. failures: 5/13 | num. successes: 0/10
2024-01-13 19:22:10,493 - INFO - [380 in node 4] Best value: -7.014 | TR length: 0.800 | num. failures: 6/13 | num. successes: 0/10
2024-01-13 19:22:10,839 - INFO - [384 in node 4] Best value: -6.963 | TR length: 0.800 | num. failures: 0/13 | num. successes: 1/10
2024-01-13 19:22:11,201 - INFO - [388 in node 4] Best value: -6.903 | TR length: 0.800 | num. failures: 0/13 | num. successes: 2/10
2024-01-13 19:22:11,536 - INFO - [392 in node 4] Best value: -6.903 | TR length: 0.800 | num. failures: 1/13 | num. successes: 0/10
2024-01-13 19:22:11,906 - INFO - [396 in node 4] Best value: -6.839 | TR length: 0.800 | num. failures: 0/13 | num. successes: 1/10
2024-01-13 19:22:12,213 - INFO - [400 in node 4] Best value: -6.839 | TR length: 0.800 | num. failures: 1/13 | num. successes: 0/10
2024-01-13 19:22:12,490 - INFO - [404 in node 4] Best value: -6.839 | TR length: 0.800 | num. failures: 2/13 | num. successes: 0/10
2024-01-13 19:22:12,814 - INFO - [408 in node 4] Best value: -6.839 | TR length: 0.800 | num. failures: 3/13 | num. successes: 0/10
2024-01-13 19:22:13,091 - INFO - [412 in node 4] Best value: -6.839 | TR length: 0.800 | num. failures: 4/13 | num. successes: 0/10
2024-01-13 19:22:13,443 - INFO - [416 in node 4] Best value: -6.839 | TR length: 0.800 | num. failures: 5/13 | num. successes: 0/10
2024-01-13 19:22:13,741 - INFO - [420 in node 4] Best value: -6.839 | TR length: 0.800 | num. failures: 6/13 | num. successes: 0/10
2024-01-13 19:22:14,033 - INFO - [424 in node 4] Best value: -6.839 | TR length: 0.800 | num. failures: 7/13 | num. successes: 0/10
2024-01-13 19:22:14,326 - INFO - [428 in node 4] Best value: -6.839 | TR length: 0.800 | num. failures: 8/13 | num. successes: 0/10
2024-01-13 19:22:14,633 - INFO - [432 in node 4] Best value: -6.839 | TR length: 0.800 | num. failures: 9/13 | num. successes: 0/10
2024-01-13 19:22:14,928 - INFO - [436 in node 4] Best value: -6.839 | TR length: 0.800 | num. failures: 10/13 | num. successes: 0/10
2024-01-13 19:22:15,221 - INFO - [440 in node 4] Best value: -6.839 | TR length: 0.800 | num. failures: 11/13 | num. successes: 0/10
2024-01-13 19:22:15,556 - INFO - [444 in node 4] Best value: -6.602 | TR length: 0.800 | num. failures: 0/13 | num. successes: 1/10
2024-01-13 19:22:15,900 - INFO - [448 in node 4] Best value: -6.602 | TR length: 0.800 | num. failures: 1/13 | num. successes: 0/10
2024-01-13 19:22:16,240 - INFO - [452 in node 4] Best value: -6.602 | TR length: 0.800 | num. failures: 2/13 | num. successes: 0/10
2024-01-13 19:22:16,521 - INFO - [456 in node 4] Best value: -6.602 | TR length: 0.800 | num. failures: 3/13 | num. successes: 0/10
2024-01-13 19:22:16,712 - INFO - [460 in node 4] Best value: -6.602 | TR length: 0.800 | num. failures: 4/13 | num. successes: 0/10
2024-01-13 19:22:16,912 - INFO - [464 in node 4] Best value: -6.602 | TR length: 0.800 | num. failures: 5/13 | num. successes: 0/10
2024-01-13 19:22:17,115 - INFO - [468 in node 4] Best value: -6.602 | TR length: 0.800 | num. failures: 6/13 | num. successes: 0/10
2024-01-13 19:22:17,323 - INFO - [472 in node 4] Best value: -6.602 | TR length: 0.800 | num. failures: 7/13 | num. successes: 0/10
2024-01-13 19:22:17,519 - INFO - [476 in node 4] Best value: -6.602 | TR length: 0.800 | num. failures: 8/13 | num. successes: 0/10
2024-01-13 19:22:17,731 - INFO - [480 in node 4] Best value: -6.602 | TR length: 0.800 | num. failures: 9/13 | num. successes: 0/10
2024-01-13 19:22:17,927 - INFO - [484 in node 4] Best value: -6.602 | TR length: 0.800 | num. failures: 10/13 | num. successes: 0/10
2024-01-13 19:22:18,124 - INFO - [488 in node 4] Best value: -6.522 | TR length: 0.800 | num. failures: 0/13 | num. successes: 1/10
2024-01-13 19:22:18,330 - INFO - [492 in node 4] Best value: -6.522 | TR length: 0.800 | num. failures: 1/13 | num. successes: 0/10
2024-01-13 19:22:18,523 - INFO - [496 in node 4] Best value: -6.522 | TR length: 0.800 | num. failures: 2/13 | num. successes: 0/10
2024-01-13 19:22:18,720 - INFO - [500 in node 4] Best value: -6.522 | TR length: 0.800 | num. failures: 3/13 | num. successes: 0/10
2024-01-13 19:22:18,916 - INFO - [504 in node 4] Best value: -6.522 | TR length: 0.800 | num. failures: 4/13 | num. successes: 0/10
2024-01-13 19:22:19,112 - INFO - [508 in node 4] Best value: -6.522 | TR length: 0.800 | num. failures: 5/13 | num. successes: 0/10
2024-01-13 19:22:19,372 - INFO - [512 in node 4] Best value: -6.522 | TR length: 0.800 | num. failures: 6/13 | num. successes: 0/10
2024-01-13 19:22:19,548 - INFO - [516 in node 4] Best value: -6.522 | TR length: 0.800 | num. failures: 7/13 | num. successes: 0/10
2024-01-13 19:22:19,737 - INFO - [520 in node 4] Best value: -6.522 | TR length: 0.800 | num. failures: 8/13 | num. successes: 0/10
2024-01-13 19:22:19,936 - INFO - [524 in node 4] Best value: -6.522 | TR length: 0.800 | num. failures: 9/13 | num. successes: 0/10
2024-01-13 19:22:20,129 - INFO - [528 in node 4] Best value: -6.522 | TR length: 0.800 | num. failures: 10/13 | num. successes: 0/10
2024-01-13 19:22:20,331 - INFO - [532 in node 4] Best value: -6.522 | TR length: 0.800 | num. failures: 11/13 | num. successes: 0/10
2024-01-13 19:22:20,537 - INFO - [536 in node 4] Best value: -6.522 | TR length: 0.800 | num. failures: 12/13 | num. successes: 0/10
2024-01-13 19:22:20,746 - INFO - [540 in node 4] Best value: -6.522 | TR length: 0.400 | num. failures: 0/13 | num. successes: 0/10
2024-01-13 19:22:20,960 - INFO - [544 in node 4] Best value: -6.127 | TR length: 0.400 | num. failures: 0/13 | num. successes: 1/10
2024-01-13 19:22:21,138 - INFO - [548 in node 4] Best value: -5.797 | TR length: 0.400 | num. failures: 0/13 | num. successes: 2/10
2024-01-13 19:22:21,336 - INFO - [552 in node 4] Best value: -5.726 | TR length: 0.400 | num. failures: 0/13 | num. successes: 3/10
2024-01-13 19:22:21,524 - INFO - [556 in node 4] Best value: -5.415 | TR length: 0.400 | num. failures: 0/13 | num. successes: 4/10
2024-01-13 19:22:21,713 - INFO - [560 in node 4] Best value: -5.347 | TR length: 0.400 | num. failures: 0/13 | num. successes: 5/10
2024-01-13 19:22:21,885 - INFO - [564 in node 4] Best value: -5.347 | TR length: 0.400 | num. failures: 1/13 | num. successes: 0/10
2024-01-13 19:22:22,062 - INFO - [568 in node 4] Best value: -5.297 | TR length: 0.400 | num. failures: 0/13 | num. successes: 1/10
2024-01-13 19:22:22,325 - INFO - [572 in node 4] Best value: -5.297 | TR length: 0.400 | num. failures: 1/13 | num. successes: 0/10
2024-01-13 19:22:22,516 - INFO - [576 in node 4] Best value: -4.993 | TR length: 0.400 | num. failures: 0/13 | num. successes: 1/10
2024-01-13 19:22:22,688 - INFO - [580 in node 4] Best value: -4.913 | TR length: 0.400 | num. failures: 0/13 | num. successes: 2/10
2024-01-13 19:22:22,861 - INFO - [584 in node 4] Best value: -4.913 | TR length: 0.400 | num. failures: 1/13 | num. successes: 0/10
2024-01-13 19:22:23,027 - INFO - [588 in node 4] Best value: -4.913 | TR length: 0.400 | num. failures: 2/13 | num. successes: 0/10
2024-01-13 19:22:23,214 - INFO - [592 in node 4] Best value: -4.882 | TR length: 0.400 | num. failures: 0/13 | num. successes: 1/10
2024-01-13 19:22:23,384 - INFO - [596 in node 4] Best value: -4.882 | TR length: 0.400 | num. failures: 1/13 | num. successes: 0/10
2024-01-13 19:22:23,562 - INFO - [600 in node 4] Best value: -4.788 | TR length: 0.400 | num. failures: 0/13 | num. successes: 1/10
2024-01-13 19:22:23,863 - INFO - [604 in node 4] Best value: -4.788 | TR length: 0.400 | num. failures: 1/13 | num. successes: 0/10
2024-01-13 19:22:24,045 - INFO - [608 in node 4] Best value: -4.788 | TR length: 0.400 | num. failures: 2/13 | num. successes: 0/10
2024-01-13 19:22:24,349 - INFO - [612 in node 4] Best value: -4.788 | TR length: 0.400 | num. failures: 3/13 | num. successes: 0/10
2024-01-13 19:22:24,538 - INFO - [616 in node 4] Best value: -4.788 | TR length: 0.400 | num. failures: 4/13 | num. successes: 0/10
2024-01-13 19:22:24,725 - INFO - [620 in node 4] Best value: -4.788 | TR length: 0.400 | num. failures: 5/13 | num. successes: 0/10
2024-01-13 19:22:24,900 - INFO - [624 in node 4] Best value: -4.788 | TR length: 0.400 | num. failures: 6/13 | num. successes: 0/10
2024-01-13 19:22:25,084 - INFO - [628 in node 4] Best value: -4.682 | TR length: 0.400 | num. failures: 0/13 | num. successes: 1/10
2024-01-13 19:22:25,290 - INFO - [632 in node 4] Best value: -4.682 | TR length: 0.400 | num. failures: 1/13 | num. successes: 0/10
2024-01-13 19:22:25,492 - INFO - [636 in node 4] Best value: -4.682 | TR length: 0.400 | num. failures: 2/13 | num. successes: 0/10
2024-01-13 19:22:25,700 - INFO - [640 in node 4] Best value: -4.672 | TR length: 0.400 | num. failures: 0/13 | num. successes: 1/10
2024-01-13 19:22:25,974 - INFO - [644 in node 4] Best value: -4.672 | TR length: 0.400 | num. failures: 1/13 | num. successes: 0/10
2024-01-13 19:22:26,271 - INFO - [648 in node 4] Best value: -4.672 | TR length: 0.400 | num. failures: 2/13 | num. successes: 0/10
2024-01-13 19:22:26,485 - INFO - [652 in node 4] Best value: -4.572 | TR length: 0.400 | num. failures: 0/13 | num. successes: 1/10
2024-01-13 19:22:26,686 - INFO - [656 in node 4] Best value: -4.572 | TR length: 0.400 | num. failures: 1/13 | num. successes: 0/10
2024-01-13 19:22:26,887 - INFO - [660 in node 4] Best value: -4.572 | TR length: 0.400 | num. failures: 2/13 | num. successes: 0/10
2024-01-13 19:22:27,099 - INFO - [664 in node 4] Best value: -4.572 | TR length: 0.400 | num. failures: 3/13 | num. successes: 0/10
2024-01-13 19:22:27,306 - INFO - [668 in node 4] Best value: -4.572 | TR length: 0.400 | num. failures: 4/13 | num. successes: 0/10
2024-01-13 19:22:27,514 - INFO - [672 in node 4] Best value: -4.572 | TR length: 0.400 | num. failures: 5/13 | num. successes: 0/10
2024-01-13 19:22:27,721 - INFO - [676 in node 4] Best value: -4.572 | TR length: 0.400 | num. failures: 6/13 | num. successes: 0/10
2024-01-13 19:22:27,936 - INFO - [680 in node 4] Best value: -4.572 | TR length: 0.400 | num. failures: 7/13 | num. successes: 0/10
2024-01-13 19:22:28,149 - INFO - [684 in node 4] Best value: -4.572 | TR length: 0.400 | num. failures: 8/13 | num. successes: 0/10
2024-01-13 19:22:28,359 - INFO - [688 in node 4] Best value: -4.572 | TR length: 0.400 | num. failures: 9/13 | num. successes: 0/10
2024-01-13 19:22:28,559 - INFO - [692 in node 4] Best value: -4.572 | TR length: 0.400 | num. failures: 10/13 | num. successes: 0/10
2024-01-13 19:22:28,766 - INFO - [696 in node 4] Best value: -4.497 | TR length: 0.400 | num. failures: 0/13 | num. successes: 1/10
2024-01-13 19:22:28,977 - INFO - [700 in node 4] Best value: -4.497 | TR length: 0.400 | num. failures: 1/13 | num. successes: 0/10
2024-01-13 19:22:29,188 - INFO - [704 in node 4] Best value: -4.324 | TR length: 0.400 | num. failures: 0/13 | num. successes: 1/10
2024-01-13 19:22:29,373 - INFO - [708 in node 4] Best value: -4.324 | TR length: 0.400 | num. failures: 1/13 | num. successes: 0/10
2024-01-13 19:22:29,583 - INFO - [712 in node 4] Best value: -4.324 | TR length: 0.400 | num. failures: 2/13 | num. successes: 0/10
2024-01-13 19:22:29,796 - INFO - [716 in node 4] Best value: -4.324 | TR length: 0.400 | num. failures: 3/13 | num. successes: 0/10
2024-01-13 19:22:29,998 - INFO - [720 in node 4] Best value: -4.324 | TR length: 0.400 | num. failures: 4/13 | num. successes: 0/10
2024-01-13 19:22:30,197 - INFO - [724 in node 4] Best value: -4.324 | TR length: 0.400 | num. failures: 5/13 | num. successes: 0/10
2024-01-13 19:22:30,396 - INFO - [728 in node 4] Best value: -4.324 | TR length: 0.400 | num. failures: 6/13 | num. successes: 0/10
2024-01-13 19:22:30,594 - INFO - [732 in node 4] Best value: -4.324 | TR length: 0.400 | num. failures: 7/13 | num. successes: 0/10
2024-01-13 19:22:30,797 - INFO - [736 in node 4] Best value: -4.324 | TR length: 0.400 | num. failures: 8/13 | num. successes: 0/10
2024-01-13 19:22:30,999 - INFO - [740 in node 4] Best value: -4.324 | TR length: 0.400 | num. failures: 9/13 | num. successes: 0/10
2024-01-13 19:22:31,185 - INFO - [744 in node 4] Best value: -4.324 | TR length: 0.400 | num. failures: 10/13 | num. successes: 0/10
2024-01-13 19:22:31,375 - INFO - [748 in node 4] Best value: -4.324 | TR length: 0.400 | num. failures: 11/13 | num. successes: 0/10
2024-01-13 19:22:31,565 - INFO - [752 in node 4] Best value: -4.324 | TR length: 0.400 | num. failures: 12/13 | num. successes: 0/10
2024-01-13 19:22:31,749 - INFO - [756 in node 4] Best value: -4.324 | TR length: 0.200 | num. failures: 0/13 | num. successes: 0/10
2024-01-13 19:22:32,044 - INFO - [760 in node 4] Best value: -4.140 | TR length: 0.200 | num. failures: 0/13 | num. successes: 1/10
2024-01-13 19:22:32,251 - INFO - [764 in node 4] Best value: -3.994 | TR length: 0.200 | num. failures: 0/13 | num. successes: 2/10
2024-01-13 19:22:32,454 - INFO - [768 in node 4] Best value: -3.791 | TR length: 0.200 | num. failures: 0/13 | num. successes: 3/10
2024-01-13 19:22:32,646 - INFO - [772 in node 4] Best value: -3.697 | TR length: 0.200 | num. failures: 0/13 | num. successes: 4/10
2024-01-13 19:22:32,853 - INFO - [776 in node 4] Best value: -3.697 | TR length: 0.200 | num. failures: 1/13 | num. successes: 0/10
2024-01-13 19:22:33,061 - INFO - [780 in node 4] Best value: -3.697 | TR length: 0.200 | num. failures: 2/13 | num. successes: 0/10
2024-01-13 19:22:33,349 - INFO - [784 in node 4] Best value: -3.678 | TR length: 0.200 | num. failures: 0/13 | num. successes: 1/10
2024-01-13 19:22:33,552 - INFO - [788 in node 4] Best value: -3.559 | TR length: 0.200 | num. failures: 0/13 | num. successes: 2/10
2024-01-13 19:22:33,919 - INFO - [792 in node 4] Best value: -3.455 | TR length: 0.200 | num. failures: 0/13 | num. successes: 3/10
2024-01-13 19:22:34,122 - INFO - [796 in node 4] Best value: -3.455 | TR length: 0.200 | num. failures: 1/13 | num. successes: 0/10
2024-01-13 19:22:34,477 - INFO - [800 in node 4] Best value: -3.455 | TR length: 0.200 | num. failures: 2/13 | num. successes: 0/10
2024-01-13 19:22:34,829 - INFO - [804 in node 4] Best value: -3.455 | TR length: 0.200 | num. failures: 3/13 | num. successes: 0/10
2024-01-13 19:22:35,177 - INFO - [808 in node 4] Best value: -3.382 | TR length: 0.200 | num. failures: 0/13 | num. successes: 1/10
2024-01-13 19:22:35,521 - INFO - [812 in node 4] Best value: -3.382 | TR length: 0.200 | num. failures: 1/13 | num. successes: 0/10
2024-01-13 19:22:35,859 - INFO - [816 in node 4] Best value: -3.382 | TR length: 0.200 | num. failures: 2/13 | num. successes: 0/10
2024-01-13 19:22:36,197 - INFO - [820 in node 4] Best value: -3.382 | TR length: 0.200 | num. failures: 3/13 | num. successes: 0/10
2024-01-13 19:22:36,558 - INFO - [824 in node 4] Best value: -3.382 | TR length: 0.200 | num. failures: 4/13 | num. successes: 0/10
2024-01-13 19:22:36,914 - INFO - [828 in node 4] Best value: -3.382 | TR length: 0.200 | num. failures: 5/13 | num. successes: 0/10
2024-01-13 19:22:37,266 - INFO - [832 in node 4] Best value: -3.382 | TR length: 0.200 | num. failures: 6/13 | num. successes: 0/10
2024-01-13 19:22:37,609 - INFO - [836 in node 4] Best value: -3.371 | TR length: 0.200 | num. failures: 0/13 | num. successes: 1/10
2024-01-13 19:22:37,980 - INFO - [840 in node 4] Best value: -3.371 | TR length: 0.200 | num. failures: 1/13 | num. successes: 0/10
2024-01-13 19:22:38,369 - INFO - [844 in node 4] Best value: -3.371 | TR length: 0.200 | num. failures: 2/13 | num. successes: 0/10
2024-01-13 19:22:38,783 - INFO - [848 in node 4] Best value: -3.371 | TR length: 0.200 | num. failures: 3/13 | num. successes: 0/10
2024-01-13 19:22:39,201 - INFO - [852 in node 4] Best value: -3.371 | TR length: 0.200 | num. failures: 4/13 | num. successes: 0/10
2024-01-13 19:22:39,658 - INFO - [856 in node 4] Best value: -3.371 | TR length: 0.200 | num. failures: 5/13 | num. successes: 0/10
2024-01-13 19:22:39,880 - INFO - [860 in node 4] Best value: -3.313 | TR length: 0.200 | num. failures: 0/13 | num. successes: 1/10
2024-01-13 19:22:40,115 - INFO - [864 in node 4] Best value: -3.313 | TR length: 0.200 | num. failures: 1/13 | num. successes: 0/10
2024-01-13 19:22:40,332 - INFO - [868 in node 4] Best value: -3.313 | TR length: 0.200 | num. failures: 2/13 | num. successes: 0/10
2024-01-13 19:22:40,539 - INFO - [872 in node 4] Best value: -3.313 | TR length: 0.200 | num. failures: 3/13 | num. successes: 0/10
2024-01-13 19:22:40,751 - INFO - [876 in node 4] Best value: -3.313 | TR length: 0.200 | num. failures: 4/13 | num. successes: 0/10
2024-01-13 19:22:40,971 - INFO - [880 in node 4] Best value: -3.313 | TR length: 0.200 | num. failures: 5/13 | num. successes: 0/10
2024-01-13 19:22:41,171 - INFO - [884 in node 4] Best value: -3.313 | TR length: 0.200 | num. failures: 6/13 | num. successes: 0/10
2024-01-13 19:22:41,380 - INFO - [888 in node 4] Best value: -3.313 | TR length: 0.200 | num. failures: 7/13 | num. successes: 0/10
2024-01-13 19:22:41,595 - INFO - [892 in node 4] Best value: -3.313 | TR length: 0.200 | num. failures: 8/13 | num. successes: 0/10
2024-01-13 19:22:41,792 - INFO - [896 in node 4] Best value: -3.313 | TR length: 0.200 | num. failures: 9/13 | num. successes: 0/10
2024-01-13 19:22:41,997 - INFO - [900 in node 4] Best value: -3.313 | TR length: 0.200 | num. failures: 10/13 | num. successes: 0/10
2024-01-13 19:22:42,204 - INFO - [904 in node 4] Best value: -3.313 | TR length: 0.200 | num. failures: 11/13 | num. successes: 0/10
2024-01-13 19:22:42,430 - INFO - [908 in node 4] Best value: -3.313 | TR length: 0.200 | num. failures: 12/13 | num. successes: 0/10
2024-01-13 19:22:42,670 - INFO - [912 in node 4] Best value: -3.273 | TR length: 0.200 | num. failures: 0/13 | num. successes: 1/10
2024-01-13 19:22:42,878 - INFO - [916 in node 4] Best value: -3.273 | TR length: 0.200 | num. failures: 1/13 | num. successes: 0/10
2024-01-13 19:22:43,106 - INFO - [920 in node 4] Best value: -3.273 | TR length: 0.200 | num. failures: 2/13 | num. successes: 0/10
2024-01-13 19:22:43,314 - INFO - [924 in node 4] Best value: -3.273 | TR length: 0.200 | num. failures: 3/13 | num. successes: 0/10
2024-01-13 19:22:43,529 - INFO - [928 in node 4] Best value: -3.237 | TR length: 0.200 | num. failures: 0/13 | num. successes: 1/10
2024-01-13 19:22:43,742 - INFO - [932 in node 4] Best value: -3.237 | TR length: 0.200 | num. failures: 1/13 | num. successes: 0/10
2024-01-13 19:22:43,947 - INFO - [936 in node 4] Best value: -3.237 | TR length: 0.200 | num. failures: 2/13 | num. successes: 0/10
2024-01-13 19:22:44,170 - INFO - [940 in node 4] Best value: -3.143 | TR length: 0.200 | num. failures: 0/13 | num. successes: 1/10
2024-01-13 19:22:44,381 - INFO - [944 in node 4] Best value: -3.099 | TR length: 0.200 | num. failures: 0/13 | num. successes: 2/10
2024-01-13 19:22:44,604 - INFO - [948 in node 4] Best value: -3.090 | TR length: 0.200 | num. failures: 0/13 | num. successes: 3/10
2024-01-13 19:22:44,876 - INFO - [952 in node 4] Best value: -3.090 | TR length: 0.200 | num. failures: 1/13 | num. successes: 0/10
2024-01-13 19:22:45,154 - INFO - [956 in node 4] Best value: -3.090 | TR length: 0.200 | num. failures: 2/13 | num. successes: 0/10
2024-01-13 19:22:45,414 - INFO - [960 in node 4] Best value: -2.919 | TR length: 0.200 | num. failures: 0/13 | num. successes: 1/10
2024-01-13 19:22:45,689 - INFO - [964 in node 4] Best value: -2.919 | TR length: 0.200 | num. failures: 1/13 | num. successes: 0/10
2024-01-13 19:22:45,967 - INFO - [968 in node 4] Best value: -2.757 | TR length: 0.200 | num. failures: 0/13 | num. successes: 1/10
2024-01-13 19:22:46,239 - INFO - [972 in node 4] Best value: -2.757 | TR length: 0.200 | num. failures: 1/13 | num. successes: 0/10
2024-01-13 19:22:46,500 - INFO - [976 in node 4] Best value: -2.757 | TR length: 0.200 | num. failures: 2/13 | num. successes: 0/10
2024-01-13 19:22:46,745 - INFO - [980 in node 4] Best value: -2.757 | TR length: 0.200 | num. failures: 3/13 | num. successes: 0/10
2024-01-13 19:22:46,981 - INFO - [984 in node 4] Best value: -2.757 | TR length: 0.200 | num. failures: 4/13 | num. successes: 0/10
2024-01-13 19:22:47,223 - INFO - [988 in node 4] Best value: -2.757 | TR length: 0.200 | num. failures: 5/13 | num. successes: 0/10
2024-01-13 19:22:47,451 - INFO - [992 in node 4] Best value: -2.757 | TR length: 0.200 | num. failures: 6/13 | num. successes: 0/10
2024-01-13 19:22:47,673 - INFO - [996 in node 4] Best value: -2.757 | TR length: 0.200 | num. failures: 7/13 | num. successes: 0/10
2024-01-13 19:22:47,903 - INFO - [1000 in node 4] Best value: -2.757 | TR length: 0.200 | num. failures: 8/13 | num. successes: 0/10
2024-01-13 19:22:48,126 - INFO - [1004 in node 4] Best value: -2.672 | TR length: 0.200 | num. failures: 0/13 | num. successes: 1/10
2024-01-13 19:22:48,358 - INFO - [1008 in node 4] Best value: -2.672 | TR length: 0.200 | num. failures: 1/13 | num. successes: 0/10
2024-01-13 19:22:48,630 - INFO - [1012 in node 4] Best value: -2.672 | TR length: 0.200 | num. failures: 2/13 | num. successes: 0/10
2024-01-13 19:22:48,962 - INFO - [1016 in node 4] Best value: -2.672 | TR length: 0.200 | num. failures: 3/13 | num. successes: 0/10
2024-01-13 19:22:49,258 - INFO - [1020 in node 4] Best value: -2.625 | TR length: 0.200 | num. failures: 0/13 | num. successes: 1/10
2024-01-13 19:22:49,520 - INFO - [1024 in node 4] Best value: -2.625 | TR length: 0.200 | num. failures: 1/13 | num. successes: 0/10
2024-01-13 19:22:49,752 - INFO - [1028 in node 4] Best value: -2.625 | TR length: 0.200 | num. failures: 2/13 | num. successes: 0/10
2024-01-13 19:22:50,012 - INFO - [1032 in node 4] Best value: -2.625 | TR length: 0.200 | num. failures: 3/13 | num. successes: 0/10
2024-01-13 19:22:50,270 - INFO - [1036 in node 4] Best value: -2.625 | TR length: 0.200 | num. failures: 4/13 | num. successes: 0/10
2024-01-13 19:22:50,523 - INFO - [1040 in node 4] Best value: -2.625 | TR length: 0.200 | num. failures: 5/13 | num. successes: 0/10
2024-01-13 19:22:50,778 - INFO - [1044 in node 4] Best value: -2.625 | TR length: 0.200 | num. failures: 6/13 | num. successes: 0/10
2024-01-13 19:22:51,037 - INFO - [1048 in node 4] Best value: -2.625 | TR length: 0.200 | num. failures: 7/13 | num. successes: 0/10
2024-01-13 19:22:51,302 - INFO - [1052 in node 4] Best value: -2.625 | TR length: 0.200 | num. failures: 8/13 | num. successes: 0/10
2024-01-13 19:22:51,553 - INFO - [1056 in node 4] Best value: -2.625 | TR length: 0.200 | num. failures: 9/13 | num. successes: 0/10
2024-01-13 19:22:51,799 - INFO - [1060 in node 4] Best value: -2.625 | TR length: 0.200 | num. failures: 10/13 | num. successes: 0/10
2024-01-13 19:22:52,076 - INFO - [1064 in node 4] Best value: -2.625 | TR length: 0.200 | num. failures: 11/13 | num. successes: 0/10
2024-01-13 19:22:52,368 - INFO - [1068 in node 4] Best value: -2.625 | TR length: 0.200 | num. failures: 12/13 | num. successes: 0/10
2024-01-13 19:22:52,639 - INFO - [1072 in node 4] Best value: -2.625 | TR length: 0.100 | num. failures: 0/13 | num. successes: 0/10
2024-01-13 19:22:52,916 - INFO - [1076 in node 4] Best value: -2.570 | TR length: 0.100 | num. failures: 0/13 | num. successes: 1/10
2024-01-13 19:22:53,211 - INFO - [1080 in node 4] Best value: -2.570 | TR length: 0.100 | num. failures: 1/13 | num. successes: 0/10
2024-01-13 19:22:53,532 - INFO - [1084 in node 4] Best value: -2.477 | TR length: 0.100 | num. failures: 0/13 | num. successes: 1/10
2024-01-13 19:22:53,877 - INFO - [1088 in node 4] Best value: -2.477 | TR length: 0.100 | num. failures: 1/13 | num. successes: 0/10
2024-01-13 19:22:54,211 - INFO - [1092 in node 4] Best value: -2.477 | TR length: 0.100 | num. failures: 2/13 | num. successes: 0/10
2024-01-13 19:22:54,552 - INFO - [1096 in node 4] Best value: -2.477 | TR length: 0.100 | num. failures: 3/13 | num. successes: 0/10
2024-01-13 19:22:54,870 - INFO - [1100 in node 4] Best value: -2.477 | TR length: 0.100 | num. failures: 4/13 | num. successes: 0/10
2024-01-13 19:22:55,212 - INFO - [1104 in node 4] Best value: -2.477 | TR length: 0.100 | num. failures: 5/13 | num. successes: 0/10
2024-01-13 19:22:55,532 - INFO - [1108 in node 4] Best value: -2.477 | TR length: 0.100 | num. failures: 6/13 | num. successes: 0/10
2024-01-13 19:22:55,900 - INFO - [1112 in node 4] Best value: -2.477 | TR length: 0.100 | num. failures: 7/13 | num. successes: 0/10
2024-01-13 19:22:56,274 - INFO - [1116 in node 4] Best value: -2.367 | TR length: 0.100 | num. failures: 0/13 | num. successes: 1/10
2024-01-13 19:22:56,633 - INFO - [1120 in node 4] Best value: -2.367 | TR length: 0.100 | num. failures: 1/13 | num. successes: 0/10
2024-01-13 19:22:56,973 - INFO - [1124 in node 4] Best value: -2.367 | TR length: 0.100 | num. failures: 2/13 | num. successes: 0/10
2024-01-13 19:22:57,330 - INFO - [1128 in node 4] Best value: -2.367 | TR length: 0.100 | num. failures: 3/13 | num. successes: 0/10
2024-01-13 19:22:57,674 - INFO - [1132 in node 4] Best value: -2.367 | TR length: 0.100 | num. failures: 4/13 | num. successes: 0/10
2024-01-13 19:22:58,024 - INFO - [1136 in node 4] Best value: -2.367 | TR length: 0.100 | num. failures: 5/13 | num. successes: 0/10
2024-01-13 19:22:58,391 - INFO - [1140 in node 4] Best value: -2.348 | TR length: 0.100 | num. failures: 0/13 | num. successes: 1/10
2024-01-13 19:22:58,820 - INFO - [1144 in node 4] Best value: -2.348 | TR length: 0.100 | num. failures: 1/13 | num. successes: 0/10
2024-01-13 19:22:59,249 - INFO - [1148 in node 4] Best value: -2.348 | TR length: 0.100 | num. failures: 2/13 | num. successes: 0/10
2024-01-13 19:22:59,608 - INFO - [1152 in node 4] Best value: -2.348 | TR length: 0.100 | num. failures: 3/13 | num. successes: 0/10
2024-01-13 19:22:59,993 - INFO - [1156 in node 4] Best value: -2.348 | TR length: 0.100 | num. failures: 4/13 | num. successes: 0/10
2024-01-13 19:23:00,377 - INFO - [1160 in node 4] Best value: -2.348 | TR length: 0.100 | num. failures: 5/13 | num. successes: 0/10
2024-01-13 19:23:00,742 - INFO - [1164 in node 4] Best value: -2.348 | TR length: 0.100 | num. failures: 6/13 | num. successes: 0/10
2024-01-13 19:23:01,126 - INFO - [1168 in node 4] Best value: -2.348 | TR length: 0.100 | num. failures: 7/13 | num. successes: 0/10
2024-01-13 19:23:01,489 - INFO - [1172 in node 4] Best value: -2.348 | TR length: 0.100 | num. failures: 8/13 | num. successes: 0/10
2024-01-13 19:23:01,877 - INFO - [1176 in node 4] Best value: -2.348 | TR length: 0.100 | num. failures: 9/13 | num. successes: 0/10
2024-01-13 19:23:02,239 - INFO - [1180 in node 4] Best value: -2.342 | TR length: 0.100 | num. failures: 0/13 | num. successes: 1/10
2024-01-13 19:23:02,618 - INFO - [1184 in node 4] Best value: -2.342 | TR length: 0.100 | num. failures: 1/13 | num. successes: 0/10
2024-01-13 19:23:02,985 - INFO - [1188 in node 4] Best value: -2.224 | TR length: 0.100 | num. failures: 0/13 | num. successes: 1/10
2024-01-13 19:23:03,360 - INFO - [1192 in node 4] Best value: -2.224 | TR length: 0.100 | num. failures: 1/13 | num. successes: 0/10
2024-01-13 19:23:03,751 - INFO - [1196 in node 4] Best value: -2.224 | TR length: 0.100 | num. failures: 2/13 | num. successes: 0/10
2024-01-13 19:23:04,109 - INFO - [1200 in node 4] Best value: -2.218 | TR length: 0.100 | num. failures: 0/13 | num. successes: 1/10
2024-01-13 19:23:04,490 - INFO - [1204 in node 4] Best value: -2.218 | TR length: 0.100 | num. failures: 1/13 | num. successes: 0/10
2024-01-13 19:23:04,887 - INFO - [1208 in node 4] Best value: -2.193 | TR length: 0.100 | num. failures: 0/13 | num. successes: 1/10
2024-01-13 19:23:05,368 - INFO - [1212 in node 4] Best value: -2.193 | TR length: 0.100 | num. failures: 1/13 | num. successes: 0/10
2024-01-13 19:23:05,878 - INFO - [1216 in node 4] Best value: -2.193 | TR length: 0.100 | num. failures: 2/13 | num. successes: 0/10
2024-01-13 19:23:06,332 - INFO - [1220 in node 4] Best value: -2.180 | TR length: 0.100 | num. failures: 0/13 | num. successes: 1/10
2024-01-13 19:23:06,795 - INFO - [1224 in node 4] Best value: -2.131 | TR length: 0.100 | num. failures: 0/13 | num. successes: 2/10
2024-01-13 19:23:07,204 - INFO - [1228 in node 4] Best value: -2.131 | TR length: 0.100 | num. failures: 1/13 | num. successes: 0/10
2024-01-13 19:23:07,642 - INFO - [1232 in node 4] Best value: -2.131 | TR length: 0.100 | num. failures: 2/13 | num. successes: 0/10
2024-01-13 19:23:08,061 - INFO - [1236 in node 4] Best value: -2.131 | TR length: 0.100 | num. failures: 3/13 | num. successes: 0/10
2024-01-13 19:23:08,518 - INFO - [1240 in node 4] Best value: -2.131 | TR length: 0.100 | num. failures: 4/13 | num. successes: 0/10
2024-01-13 19:23:08,983 - INFO - [1244 in node 4] Best value: -2.131 | TR length: 0.100 | num. failures: 5/13 | num. successes: 0/10
2024-01-13 19:23:09,458 - INFO - [1248 in node 4] Best value: -2.131 | TR length: 0.100 | num. failures: 6/13 | num. successes: 0/10
2024-01-13 19:23:09,917 - INFO - [1252 in node 4] Best value: -2.131 | TR length: 0.100 | num. failures: 7/13 | num. successes: 0/10
2024-01-13 19:23:10,497 - INFO - [1256 in node 4] Best value: -2.131 | TR length: 0.100 | num. failures: 8/13 | num. successes: 0/10
2024-01-13 19:23:11,104 - INFO - [1260 in node 4] Best value: -2.131 | TR length: 0.100 | num. failures: 9/13 | num. successes: 0/10
2024-01-13 19:23:11,697 - INFO - [1264 in node 4] Best value: -2.131 | TR length: 0.100 | num. failures: 10/13 | num. successes: 0/10
2024-01-13 19:23:12,282 - INFO - [1268 in node 4] Best value: -1.967 | TR length: 0.100 | num. failures: 0/13 | num. successes: 1/10
2024-01-13 19:23:12,726 - INFO - [1272 in node 4] Best value: -1.967 | TR length: 0.100 | num. failures: 1/13 | num. successes: 0/10
2024-01-13 19:23:13,196 - INFO - [1276 in node 4] Best value: -1.967 | TR length: 0.100 | num. failures: 2/13 | num. successes: 0/10
2024-01-13 19:23:13,622 - INFO - [1280 in node 4] Best value: -1.967 | TR length: 0.100 | num. failures: 3/13 | num. successes: 0/10
2024-01-13 19:23:14,166 - INFO - [1284 in node 4] Best value: -1.967 | TR length: 0.100 | num. failures: 4/13 | num. successes: 0/10
2024-01-13 19:23:14,811 - INFO - [1288 in node 4] Best value: -1.946 | TR length: 0.100 | num. failures: 0/13 | num. successes: 1/10
2024-01-13 19:23:15,265 - INFO - [1292 in node 4] Best value: -1.946 | TR length: 0.100 | num. failures: 1/13 | num. successes: 0/10
2024-01-13 19:23:15,854 - INFO - [1296 in node 4] Best value: -1.946 | TR length: 0.100 | num. failures: 2/13 | num. successes: 0/10
2024-01-13 19:23:16,431 - INFO - [1300 in node 4] Best value: -1.946 | TR length: 0.100 | num. failures: 3/13 | num. successes: 0/10
2024-01-13 19:23:17,084 - INFO - [1304 in node 4] Best value: -1.946 | TR length: 0.100 | num. failures: 4/13 | num. successes: 0/10
2024-01-13 19:23:17,689 - INFO - [1308 in node 4] Best value: -1.946 | TR length: 0.100 | num. failures: 5/13 | num. successes: 0/10
2024-01-13 19:23:18,339 - INFO - [1312 in node 4] Best value: -1.946 | TR length: 0.100 | num. failures: 6/13 | num. successes: 0/10
2024-01-13 19:23:18,957 - INFO - [1316 in node 4] Best value: -1.946 | TR length: 0.100 | num. failures: 7/13 | num. successes: 0/10
2024-01-13 19:23:19,733 - INFO - [1320 in node 4] Best value: -1.946 | TR length: 0.100 | num. failures: 8/13 | num. successes: 0/10
2024-01-13 19:23:20,354 - INFO - [1324 in node 4] Best value: -1.946 | TR length: 0.100 | num. failures: 9/13 | num. successes: 0/10
2024-01-13 19:23:20,871 - INFO - [1328 in node 4] Best value: -1.946 | TR length: 0.100 | num. failures: 10/13 | num. successes: 0/10
2024-01-13 19:23:21,378 - INFO - [1332 in node 4] Best value: -1.946 | TR length: 0.100 | num. failures: 11/13 | num. successes: 0/10
2024-01-13 19:23:21,862 - INFO - [1336 in node 4] Best value: -1.946 | TR length: 0.100 | num. failures: 12/13 | num. successes: 0/10
2024-01-13 19:23:22,402 - INFO - [1340 in node 4] Best value: -1.898 | TR length: 0.100 | num. failures: 0/13 | num. successes: 1/10
2024-01-13 19:23:22,904 - INFO - [1344 in node 4] Best value: -1.898 | TR length: 0.100 | num. failures: 1/13 | num. successes: 0/10
2024-01-13 19:23:23,448 - INFO - [1348 in node 4] Best value: -1.898 | TR length: 0.100 | num. failures: 2/13 | num. successes: 0/10
2024-01-13 19:23:24,006 - INFO - [1352 in node 4] Best value: -1.870 | TR length: 0.100 | num. failures: 0/13 | num. successes: 1/10
2024-01-13 19:23:24,583 - INFO - [1356 in node 4] Best value: -1.870 | TR length: 0.100 | num. failures: 1/13 | num. successes: 0/10
2024-01-13 19:23:25,210 - INFO - [1360 in node 4] Best value: -1.870 | TR length: 0.100 | num. failures: 2/13 | num. successes: 0/10
2024-01-13 19:23:25,816 - INFO - [1364 in node 4] Best value: -1.870 | TR length: 0.100 | num. failures: 3/13 | num. successes: 0/10
2024-01-13 19:23:26,307 - INFO - [1368 in node 4] Best value: -1.870 | TR length: 0.100 | num. failures: 4/13 | num. successes: 0/10
2024-01-13 19:23:26,823 - INFO - [1372 in node 4] Best value: -1.870 | TR length: 0.100 | num. failures: 5/13 | num. successes: 0/10
2024-01-13 19:23:27,438 - INFO - [1376 in node 4] Best value: -1.870 | TR length: 0.100 | num. failures: 6/13 | num. successes: 0/10
2024-01-13 19:23:28,073 - INFO - [1380 in node 4] Best value: -1.870 | TR length: 0.100 | num. failures: 7/13 | num. successes: 0/10
2024-01-13 19:23:28,733 - INFO - [1384 in node 4] Best value: -1.870 | TR length: 0.100 | num. failures: 8/13 | num. successes: 0/10
2024-01-13 19:23:29,336 - INFO - [1388 in node 4] Best value: -1.870 | TR length: 0.100 | num. failures: 9/13 | num. successes: 0/10
2024-01-13 19:23:30,026 - INFO - [1392 in node 4] Best value: -1.870 | TR length: 0.100 | num. failures: 10/13 | num. successes: 0/10
2024-01-13 19:23:30,702 - INFO - [1396 in node 4] Best value: -1.870 | TR length: 0.100 | num. failures: 11/13 | num. successes: 0/10
2024-01-13 19:23:31,382 - INFO - [1400 in node 4] Best value: -1.870 | TR length: 0.100 | num. failures: 12/13 | num. successes: 0/10
2024-01-13 19:23:32,047 - INFO - [1404 in node 4] Best value: -1.870 | TR length: 0.050 | num. failures: 0/13 | num. successes: 0/10
2024-01-13 19:23:32,746 - INFO - [1408 in node 4] Best value: -1.747 | TR length: 0.050 | num. failures: 0/13 | num. successes: 1/10
2024-01-13 19:23:33,395 - INFO - [1412 in node 4] Best value: -1.747 | TR length: 0.050 | num. failures: 1/13 | num. successes: 0/10
2024-01-13 19:23:34,094 - INFO - [1416 in node 4] Best value: -1.747 | TR length: 0.050 | num. failures: 2/13 | num. successes: 0/10
2024-01-13 19:23:34,758 - INFO - [1420 in node 4] Best value: -1.587 | TR length: 0.050 | num. failures: 0/13 | num. successes: 1/10
2024-01-13 19:23:35,352 - INFO - [1424 in node 4] Best value: -1.540 | TR length: 0.050 | num. failures: 0/13 | num. successes: 2/10
2024-01-13 19:23:36,024 - INFO - [1428 in node 4] Best value: -1.540 | TR length: 0.050 | num. failures: 1/13 | num. successes: 0/10
2024-01-13 19:23:36,761 - INFO - [1432 in node 4] Best value: -1.540 | TR length: 0.050 | num. failures: 2/13 | num. successes: 0/10
2024-01-13 19:23:37,537 - INFO - [1436 in node 4] Best value: -1.540 | TR length: 0.050 | num. failures: 3/13 | num. successes: 0/10
2024-01-13 19:23:38,309 - INFO - [1440 in node 4] Best value: -1.540 | TR length: 0.050 | num. failures: 4/13 | num. successes: 0/10
2024-01-13 19:23:39,140 - INFO - [1444 in node 4] Best value: -1.540 | TR length: 0.050 | num. failures: 5/13 | num. successes: 0/10
2024-01-13 19:23:40,009 - INFO - [1448 in node 4] Best value: -1.540 | TR length: 0.050 | num. failures: 6/13 | num. successes: 0/10
2024-01-13 19:23:40,831 - INFO - [1452 in node 4] Best value: -1.540 | TR length: 0.050 | num. failures: 7/13 | num. successes: 0/10
2024-01-13 19:23:41,624 - INFO - [1456 in node 4] Best value: -1.540 | TR length: 0.050 | num. failures: 8/13 | num. successes: 0/10
2024-01-13 19:23:42,508 - INFO - [1460 in node 4] Best value: -1.540 | TR length: 0.050 | num. failures: 9/13 | num. successes: 0/10
2024-01-13 19:23:43,442 - INFO - [1464 in node 4] Best value: -1.540 | TR length: 0.050 | num. failures: 10/13 | num. successes: 0/10
2024-01-13 19:23:44,409 - INFO - [1468 in node 4] Best value: -1.540 | TR length: 0.050 | num. failures: 11/13 | num. successes: 0/10
2024-01-13 19:23:45,348 - INFO - [1472 in node 4] Best value: -1.540 | TR length: 0.050 | num. failures: 12/13 | num. successes: 0/10
2024-01-13 19:23:46,197 - INFO - [1476 in node 4] Best value: -1.459 | TR length: 0.050 | num. failures: 0/13 | num. successes: 1/10
2024-01-13 19:23:47,127 - INFO - [1480 in node 4] Best value: -1.459 | TR length: 0.050 | num. failures: 1/13 | num. successes: 0/10
2024-01-13 19:23:48,030 - INFO - [1484 in node 4] Best value: -1.459 | TR length: 0.050 | num. failures: 2/13 | num. successes: 0/10
2024-01-13 19:23:48,953 - INFO - [1488 in node 4] Best value: -1.459 | TR length: 0.050 | num. failures: 3/13 | num. successes: 0/10
2024-01-13 19:23:49,939 - INFO - [1492 in node 4] Best value: -1.459 | TR length: 0.050 | num. failures: 4/13 | num. successes: 0/10
2024-01-13 19:23:50,839 - INFO - [1496 in node 4] Best value: -1.459 | TR length: 0.050 | num. failures: 5/13 | num. successes: 0/10
2024-01-13 19:23:51,798 - INFO - [1500 in node 4] Best value: -1.459 | TR length: 0.050 | num. failures: 6/13 | num. successes: 0/10
2024-01-13 19:23:52,730 - INFO - [1504 in node 4] Best value: -1.459 | TR length: 0.050 | num. failures: 7/13 | num. successes: 0/10
2024-01-13 19:23:53,607 - INFO - [1508 in node 4] Best value: -1.459 | TR length: 0.050 | num. failures: 8/13 | num. successes: 0/10
2024-01-13 19:23:54,497 - INFO - [1512 in node 4] Best value: -1.459 | TR length: 0.050 | num. failures: 9/13 | num. successes: 0/10
2024-01-13 19:23:55,410 - INFO - [1516 in node 4] Best value: -1.459 | TR length: 0.050 | num. failures: 10/13 | num. successes: 0/10
2024-01-13 19:23:56,454 - INFO - [1520 in node 4] Best value: -1.459 | TR length: 0.050 | num. failures: 11/13 | num. successes: 0/10
2024-01-13 19:23:57,232 - INFO - [1524 in node 4] Best value: -1.459 | TR length: 0.050 | num. failures: 12/13 | num. successes: 0/10
2024-01-13 19:23:58,057 - INFO - [1528 in node 4] Best value: -1.459 | TR length: 0.025 | num. failures: 0/13 | num. successes: 0/10
2024-01-13 19:23:58,975 - INFO - [1532 in node 4] Best value: -1.459 | TR length: 0.025 | num. failures: 1/13 | num. successes: 0/10
2024-01-13 19:23:59,798 - INFO - [1536 in node 4] Best value: -1.459 | TR length: 0.025 | num. failures: 2/13 | num. successes: 0/10
2024-01-13 19:24:00,644 - INFO - [1540 in node 4] Best value: -1.399 | TR length: 0.025 | num. failures: 0/13 | num. successes: 1/10
2024-01-13 19:24:01,558 - INFO - [1544 in node 4] Best value: -1.396 | TR length: 0.025 | num. failures: 0/13 | num. successes: 2/10
2024-01-13 19:24:02,544 - INFO - [1548 in node 4] Best value: -1.384 | TR length: 0.025 | num. failures: 0/13 | num. successes: 3/10
2024-01-13 19:24:03,491 - INFO - [1552 in node 4] Best value: -1.384 | TR length: 0.025 | num. failures: 1/13 | num. successes: 0/10
2024-01-13 19:24:04,478 - INFO - [1556 in node 4] Best value: -1.384 | TR length: 0.025 | num. failures: 2/13 | num. successes: 0/10
2024-01-13 19:24:05,535 - INFO - [1560 in node 4] Best value: -1.384 | TR length: 0.025 | num. failures: 3/13 | num. successes: 0/10
2024-01-13 19:24:06,596 - INFO - [1564 in node 4] Best value: -1.384 | TR length: 0.025 | num. failures: 4/13 | num. successes: 0/10
2024-01-13 19:24:07,719 - INFO - [1568 in node 4] Best value: -1.384 | TR length: 0.025 | num. failures: 5/13 | num. successes: 0/10
2024-01-13 19:24:08,711 - INFO - [1572 in node 4] Best value: -1.356 | TR length: 0.025 | num. failures: 0/13 | num. successes: 1/10
2024-01-13 19:24:09,872 - INFO - [1576 in node 4] Best value: -1.304 | TR length: 0.025 | num. failures: 0/13 | num. successes: 2/10
2024-01-13 19:24:11,017 - INFO - [1580 in node 4] Best value: -1.304 | TR length: 0.025 | num. failures: 1/13 | num. successes: 0/10
2024-01-13 19:24:12,186 - INFO - [1584 in node 4] Best value: -1.304 | TR length: 0.025 | num. failures: 2/13 | num. successes: 0/10
2024-01-13 19:24:13,351 - INFO - [1588 in node 4] Best value: -1.304 | TR length: 0.025 | num. failures: 3/13 | num. successes: 0/10
2024-01-13 19:24:14,527 - INFO - [1592 in node 4] Best value: -1.304 | TR length: 0.025 | num. failures: 4/13 | num. successes: 0/10
2024-01-13 19:24:15,701 - INFO - [1596 in node 4] Best value: -1.304 | TR length: 0.025 | num. failures: 5/13 | num. successes: 0/10
2024-01-13 19:24:16,849 - INFO - [1600 in node 4] Best value: -1.304 | TR length: 0.025 | num. failures: 6/13 | num. successes: 0/10
2024-01-13 19:24:18,033 - INFO - [1604 in node 4] Best value: -1.304 | TR length: 0.025 | num. failures: 7/13 | num. successes: 0/10
2024-01-13 19:24:19,270 - INFO - [1608 in node 4] Best value: -1.304 | TR length: 0.025 | num. failures: 8/13 | num. successes: 0/10
2024-01-13 19:24:20,465 - INFO - [1612 in node 4] Best value: -1.304 | TR length: 0.025 | num. failures: 9/13 | num. successes: 0/10
2024-01-13 19:24:21,675 - INFO - [1616 in node 4] Best value: -1.304 | TR length: 0.025 | num. failures: 10/13 | num. successes: 0/10
2024-01-13 19:24:22,806 - INFO - [1620 in node 4] Best value: -1.304 | TR length: 0.025 | num. failures: 11/13 | num. successes: 0/10
2024-01-13 19:24:24,057 - INFO - [1624 in node 4] Best value: -1.304 | TR length: 0.025 | num. failures: 12/13 | num. successes: 0/10
2024-01-13 19:24:25,200 - INFO - [1628 in node 4] Best value: -1.253 | TR length: 0.025 | num. failures: 0/13 | num. successes: 1/10
2024-01-13 19:24:26,450 - INFO - [1632 in node 4] Best value: -1.253 | TR length: 0.025 | num. failures: 1/13 | num. successes: 0/10
2024-01-13 19:24:27,618 - INFO - [1636 in node 4] Best value: -1.253 | TR length: 0.025 | num. failures: 2/13 | num. successes: 0/10
2024-01-13 19:24:28,732 - INFO - [1640 in node 4] Best value: -1.253 | TR length: 0.025 | num. failures: 3/13 | num. successes: 0/10
2024-01-13 19:24:29,959 - INFO - [1644 in node 4] Best value: -1.253 | TR length: 0.025 | num. failures: 4/13 | num. successes: 0/10
2024-01-13 19:24:31,086 - INFO - [1648 in node 4] Best value: -1.253 | TR length: 0.025 | num. failures: 5/13 | num. successes: 0/10
2024-01-13 19:24:32,309 - INFO - [1652 in node 4] Best value: -1.253 | TR length: 0.025 | num. failures: 6/13 | num. successes: 0/10
2024-01-13 19:24:33,600 - INFO - [1656 in node 4] Best value: -1.253 | TR length: 0.025 | num. failures: 7/13 | num. successes: 0/10
2024-01-13 19:24:34,719 - INFO - [1660 in node 4] Best value: -1.253 | TR length: 0.025 | num. failures: 8/13 | num. successes: 0/10
2024-01-13 19:24:35,876 - INFO - [1664 in node 4] Best value: -1.253 | TR length: 0.025 | num. failures: 9/13 | num. successes: 0/10
2024-01-13 19:24:37,019 - INFO - [1668 in node 4] Best value: -1.253 | TR length: 0.025 | num. failures: 10/13 | num. successes: 0/10
2024-01-13 19:24:38,274 - INFO - [1672 in node 4] Best value: -1.253 | TR length: 0.025 | num. failures: 11/13 | num. successes: 0/10
2024-01-13 19:24:39,570 - INFO - [1676 in node 4] Best value: -1.253 | TR length: 0.025 | num. failures: 12/13 | num. successes: 0/10
2024-01-13 19:24:40,969 - INFO - [1680 in node 4] Best value: -1.238 | TR length: 0.025 | num. failures: 0/13 | num. successes: 1/10
2024-01-13 19:24:42,220 - INFO - [1684 in node 4] Best value: -1.238 | TR length: 0.025 | num. failures: 1/13 | num. successes: 0/10
2024-01-13 19:24:43,575 - INFO - [1688 in node 4] Best value: -1.238 | TR length: 0.025 | num. failures: 2/13 | num. successes: 0/10
2024-01-13 19:24:45,004 - INFO - [1692 in node 4] Best value: -1.238 | TR length: 0.025 | num. failures: 3/13 | num. successes: 0/10
2024-01-13 19:24:46,355 - INFO - [1696 in node 4] Best value: -1.238 | TR length: 0.025 | num. failures: 4/13 | num. successes: 0/10
2024-01-13 19:24:47,623 - INFO - [1700 in node 4] Best value: -1.238 | TR length: 0.025 | num. failures: 5/13 | num. successes: 0/10
2024-01-13 19:24:49,048 - INFO - [1704 in node 4] Best value: -1.238 | TR length: 0.025 | num. failures: 6/13 | num. successes: 0/10
2024-01-13 19:24:50,399 - INFO - [1708 in node 4] Best value: -1.238 | TR length: 0.025 | num. failures: 7/13 | num. successes: 0/10
2024-01-13 19:24:51,662 - INFO - [1712 in node 4] Best value: -1.238 | TR length: 0.025 | num. failures: 8/13 | num. successes: 0/10
2024-01-13 19:24:52,897 - INFO - [1716 in node 4] Best value: -1.238 | TR length: 0.025 | num. failures: 9/13 | num. successes: 0/10
2024-01-13 19:24:54,294 - INFO - [1720 in node 4] Best value: -1.238 | TR length: 0.025 | num. failures: 10/13 | num. successes: 0/10
2024-01-13 19:24:55,615 - INFO - [1724 in node 4] Best value: -1.238 | TR length: 0.025 | num. failures: 11/13 | num. successes: 0/10
2024-01-13 19:24:56,966 - INFO - [1728 in node 4] Best value: -1.238 | TR length: 0.025 | num. failures: 12/13 | num. successes: 0/10
2024-01-13 19:24:58,322 - INFO - [1732 in node 4] Best value: -1.238 | TR length: 0.013 | num. failures: 0/13 | num. successes: 0/10
2024-01-13 19:24:59,750 - INFO - [1736 in node 4] Best value: -1.238 | TR length: 0.013 | num. failures: 1/13 | num. successes: 0/10
2024-01-13 19:25:01,280 - INFO - [1740 in node 4] Best value: -1.238 | TR length: 0.013 | num. failures: 2/13 | num. successes: 0/10
2024-01-13 19:25:02,662 - INFO - [1744 in node 4] Best value: -1.238 | TR length: 0.013 | num. failures: 3/13 | num. successes: 0/10
2024-01-13 19:25:04,339 - INFO - [1748 in node 4] Best value: -1.238 | TR length: 0.013 | num. failures: 4/13 | num. successes: 0/10
2024-01-13 19:25:05,694 - INFO - [1752 in node 4] Best value: -1.238 | TR length: 0.013 | num. failures: 5/13 | num. successes: 0/10
2024-01-13 19:25:07,086 - INFO - [1756 in node 4] Best value: -1.238 | TR length: 0.013 | num. failures: 6/13 | num. successes: 0/10
2024-01-13 19:25:08,598 - INFO - [1760 in node 4] Best value: -1.226 | TR length: 0.013 | num. failures: 0/13 | num. successes: 1/10
2024-01-13 19:25:10,006 - INFO - [1764 in node 4] Best value: -1.226 | TR length: 0.013 | num. failures: 1/13 | num. successes: 0/10
2024-01-13 19:25:11,396 - INFO - [1768 in node 4] Best value: -1.226 | TR length: 0.013 | num. failures: 2/13 | num. successes: 0/10
2024-01-13 19:25:12,945 - INFO - [1772 in node 4] Best value: -1.226 | TR length: 0.013 | num. failures: 3/13 | num. successes: 0/10
2024-01-13 19:25:14,455 - INFO - [1776 in node 4] Best value: -1.226 | TR length: 0.013 | num. failures: 4/13 | num. successes: 0/10
2024-01-13 19:25:15,815 - INFO - [1780 in node 4] Best value: -1.226 | TR length: 0.013 | num. failures: 5/13 | num. successes: 0/10
2024-01-13 19:25:17,289 - INFO - [1784 in node 4] Best value: -1.226 | TR length: 0.013 | num. failures: 6/13 | num. successes: 0/10
2024-01-13 19:25:18,659 - INFO - [1788 in node 4] Best value: -1.226 | TR length: 0.013 | num. failures: 7/13 | num. successes: 0/10
2024-01-13 19:25:20,028 - INFO - [1792 in node 4] Best value: -1.226 | TR length: 0.013 | num. failures: 8/13 | num. successes: 0/10
2024-01-13 19:25:21,282 - INFO - [1796 in node 4] Best value: -1.226 | TR length: 0.013 | num. failures: 9/13 | num. successes: 0/10
2024-01-13 19:25:22,554 - INFO - [1800 in node 4] Best value: -1.207 | TR length: 0.013 | num. failures: 0/13 | num. successes: 1/10
2024-01-13 19:25:23,937 - INFO - [1804 in node 4] Best value: -1.207 | TR length: 0.013 | num. failures: 1/13 | num. successes: 0/10
2024-01-13 19:25:25,292 - INFO - [1808 in node 4] Best value: -1.207 | TR length: 0.013 | num. failures: 2/13 | num. successes: 0/10
2024-01-13 19:25:26,420 - INFO - [1812 in node 4] Best value: -1.207 | TR length: 0.013 | num. failures: 3/13 | num. successes: 0/10
2024-01-13 19:25:27,863 - INFO - [1816 in node 4] Best value: -1.173 | TR length: 0.013 | num. failures: 0/13 | num. successes: 1/10
2024-01-13 19:25:29,067 - INFO - [1820 in node 4] Best value: -1.173 | TR length: 0.013 | num. failures: 1/13 | num. successes: 0/10
2024-01-13 19:25:30,397 - INFO - [1824 in node 4] Best value: -1.173 | TR length: 0.013 | num. failures: 2/13 | num. successes: 0/10
2024-01-13 19:25:32,465 - INFO - [1828 in node 4] Best value: -1.020 | TR length: 0.013 | num. failures: 0/13 | num. successes: 1/10
2024-01-13 19:25:35,182 - INFO - [1832 in node 4] Best value: -0.974 | TR length: 0.013 | num. failures: 0/13 | num. successes: 2/10
2024-01-13 19:25:37,564 - INFO - [1836 in node 4] Best value: -0.912 | TR length: 0.013 | num. failures: 0/13 | num. successes: 3/10
2024-01-13 19:25:39,920 - INFO - [1840 in node 4] Best value: -0.912 | TR length: 0.013 | num. failures: 1/13 | num. successes: 0/10
2024-01-13 19:25:42,154 - INFO - [1844 in node 4] Best value: -0.888 | TR length: 0.013 | num. failures: 0/13 | num. successes: 1/10
2024-01-13 19:25:44,508 - INFO - [1848 in node 4] Best value: -0.885 | TR length: 0.013 | num. failures: 0/13 | num. successes: 2/10
2024-01-13 19:25:46,749 - INFO - [1852 in node 4] Best value: -0.856 | TR length: 0.013 | num. failures: 0/13 | num. successes: 3/10
2024-01-13 19:25:48,815 - INFO - [1856 in node 4] Best value: -0.846 | TR length: 0.013 | num. failures: 0/13 | num. successes: 4/10
2024-01-13 19:25:50,570 - INFO - [1860 in node 4] Best value: -0.831 | TR length: 0.013 | num. failures: 0/13 | num. successes: 5/10
2024-01-13 19:25:52,752 - INFO - [1864 in node 4] Best value: -0.817 | TR length: 0.013 | num. failures: 0/13 | num. successes: 6/10
2024-01-13 19:25:54,357 - INFO - [1868 in node 4] Best value: -0.810 | TR length: 0.013 | num. failures: 0/13 | num. successes: 7/10
2024-01-13 19:25:56,225 - INFO - [1872 in node 4] Best value: -0.803 | TR length: 0.013 | num. failures: 0/13 | num. successes: 8/10
2024-01-13 19:25:57,942 - INFO - [1876 in node 4] Best value: -0.803 | TR length: 0.013 | num. failures: 1/13 | num. successes: 0/10
2024-01-13 19:25:59,771 - INFO - [1880 in node 4] Best value: -0.765 | TR length: 0.013 | num. failures: 0/13 | num. successes: 1/10
2024-01-13 19:26:01,582 - INFO - [1884 in node 4] Best value: -0.745 | TR length: 0.013 | num. failures: 0/13 | num. successes: 2/10
2024-01-13 19:26:03,953 - INFO - [1888 in node 4] Best value: -0.740 | TR length: 0.013 | num. failures: 0/13 | num. successes: 3/10
2024-01-13 19:26:06,143 - INFO - [1892 in node 4] Best value: -0.699 | TR length: 0.013 | num. failures: 0/13 | num. successes: 4/10
2024-01-13 19:26:08,130 - INFO - [1896 in node 4] Best value: -0.611 | TR length: 0.013 | num. failures: 0/13 | num. successes: 5/10
2024-01-13 19:26:10,525 - INFO - [1900 in node 4] Best value: -0.510 | TR length: 0.013 | num. failures: 0/13 | num. successes: 6/10
2024-01-13 19:26:12,732 - INFO - [1904 in node 4] Best value: -0.510 | TR length: 0.013 | num. failures: 1/13 | num. successes: 0/10
2024-01-13 19:26:14,808 - INFO - [1908 in node 4] Best value: -0.510 | TR length: 0.013 | num. failures: 2/13 | num. successes: 0/10
2024-01-13 19:26:18,108 - INFO - [1912 in node 4] Best value: -0.510 | TR length: 0.013 | num. failures: 3/13 | num. successes: 0/10
2024-01-13 19:26:19,999 - INFO - [1916 in node 4] Best value: -0.442 | TR length: 0.013 | num. failures: 0/13 | num. successes: 1/10
2024-01-13 19:26:21,854 - INFO - [1920 in node 4] Best value: -0.426 | TR length: 0.013 | num. failures: 0/13 | num. successes: 2/10
2024-01-13 19:26:23,635 - INFO - [1924 in node 4] Best value: -0.426 | TR length: 0.013 | num. failures: 1/13 | num. successes: 0/10
2024-01-13 19:26:25,647 - INFO - [1928 in node 4] Best value: -0.349 | TR length: 0.013 | num. failures: 0/13 | num. successes: 1/10
2024-01-13 19:26:28,960 - INFO - [1932 in node 4] Best value: -0.349 | TR length: 0.013 | num. failures: 1/13 | num. successes: 0/10
2024-01-13 19:26:31,619 - INFO - [1936 in node 4] Best value: -0.349 | TR length: 0.013 | num. failures: 2/13 | num. successes: 0/10
2024-01-13 19:26:33,966 - INFO - [1940 in node 4] Best value: -0.349 | TR length: 0.013 | num. failures: 3/13 | num. successes: 0/10
2024-01-13 19:26:36,626 - INFO - [1944 in node 4] Best value: -0.349 | TR length: 0.013 | num. failures: 4/13 | num. successes: 0/10
2024-01-13 19:26:39,154 - INFO - [1948 in node 4] Best value: -0.326 | TR length: 0.013 | num. failures: 0/13 | num. successes: 1/10
2024-01-13 19:26:42,168 - INFO - [1952 in node 4] Best value: -0.279 | TR length: 0.013 | num. failures: 0/13 | num. successes: 2/10
2024-01-13 19:26:44,984 - INFO - [1956 in node 4] Best value: -0.279 | TR length: 0.013 | num. failures: 1/13 | num. successes: 0/10
2024-01-13 19:26:48,270 - INFO - [1960 in node 4] Best value: -0.252 | TR length: 0.013 | num. failures: 0/13 | num. successes: 1/10
2024-01-13 19:26:51,153 - INFO - [1964 in node 4] Best value: -0.242 | TR length: 0.013 | num. failures: 0/13 | num. successes: 2/10
2024-01-13 19:26:54,057 - INFO - [1968 in node 4] Best value: -0.211 | TR length: 0.013 | num. failures: 0/13 | num. successes: 3/10
2024-01-13 19:26:57,076 - INFO - [1972 in node 4] Best value: -0.211 | TR length: 0.013 | num. failures: 1/13 | num. successes: 0/10
2024-01-13 19:26:59,340 - INFO - [1976 in node 4] Best value: -0.178 | TR length: 0.013 | num. failures: 0/13 | num. successes: 1/10
2024-01-13 19:27:01,534 - INFO - [1980 in node 4] Best value: -0.178 | TR length: 0.013 | num. failures: 1/13 | num. successes: 0/10
2024-01-13 19:27:03,907 - INFO - [1984 in node 4] Best value: -0.178 | TR length: 0.013 | num. failures: 2/13 | num. successes: 0/10
2024-01-13 19:27:06,042 - INFO - [1988 in node 4] Best value: -0.178 | TR length: 0.013 | num. failures: 3/13 | num. successes: 0/10
2024-01-13 19:27:08,212 - INFO - [1992 in node 4] Best value: -0.178 | TR length: 0.013 | num. failures: 4/13 | num. successes: 0/10
2024-01-13 19:27:10,121 - INFO - [1996 in node 4] Best value: -0.167 | TR length: 0.013 | num. failures: 0/13 | num. successes: 1/10
2024-01-13 19:27:12,100 - INFO - [2000 in node 4] Best value: -0.167 | TR length: 0.013 | num. failures: 1/13 | num. successes: 0/10
2024-01-13 19:27:14,277 - INFO - [2004 in node 4] Best value: -0.167 | TR length: 0.013 | num. failures: 2/13 | num. successes: 0/10
2024-01-13 19:27:16,489 - INFO - [2008 in node 4] Best value: -0.167 | TR length: 0.013 | num. failures: 3/13 | num. successes: 0/10
2024-01-13 19:27:18,970 - INFO - [2012 in node 4] Best value: -0.167 | TR length: 0.013 | num. failures: 4/13 | num. successes: 0/10
2024-01-13 19:27:21,042 - INFO - [2016 in node 4] Best value: -0.163 | TR length: 0.013 | num. failures: 0/13 | num. successes: 1/10
2024-01-13 19:27:23,253 - INFO - [2020 in node 4] Best value: -0.163 | TR length: 0.013 | num. failures: 1/13 | num. successes: 0/10
2024-01-13 19:27:25,306 - INFO - [2024 in node 4] Best value: -0.163 | TR length: 0.013 | num. failures: 2/13 | num. successes: 0/10
2024-01-13 19:27:27,372 - INFO - [2028 in node 4] Best value: -0.163 | TR length: 0.013 | num. failures: 3/13 | num. successes: 0/10
2024-01-13 19:27:29,678 - INFO - [2032 in node 4] Best value: -0.163 | TR length: 0.013 | num. failures: 4/13 | num. successes: 0/10
2024-01-13 19:27:31,710 - INFO - [2036 in node 4] Best value: -0.163 | TR length: 0.013 | num. failures: 5/13 | num. successes: 0/10
2024-01-13 19:27:33,833 - INFO - [2040 in node 4] Best value: -0.163 | TR length: 0.013 | num. failures: 6/13 | num. successes: 0/10
2024-01-13 19:27:35,985 - INFO - [2044 in node 4] Best value: -0.163 | TR length: 0.013 | num. failures: 7/13 | num. successes: 0/10
2024-01-13 19:27:38,205 - INFO - [2048 in node 4] Best value: -0.163 | TR length: 0.013 | num. failures: 8/13 | num. successes: 0/10
2024-01-13 19:27:40,435 - INFO - [2052 in node 4] Best value: -0.163 | TR length: 0.013 | num. failures: 9/13 | num. successes: 0/10
2024-01-13 19:27:43,823 - INFO - [2056 in node 4] Best value: -0.156 | TR length: 0.013 | num. failures: 0/13 | num. successes: 1/10
2024-01-13 19:27:46,742 - INFO - [2060 in node 4] Best value: -0.156 | TR length: 0.013 | num. failures: 1/13 | num. successes: 0/10
2024-01-13 19:27:49,764 - INFO - [2064 in node 4] Best value: -0.143 | TR length: 0.013 | num. failures: 0/13 | num. successes: 1/10
2024-01-13 19:27:52,601 - INFO - [2068 in node 4] Best value: -0.143 | TR length: 0.013 | num. failures: 1/13 | num. successes: 0/10
2024-01-13 19:27:55,345 - INFO - [2072 in node 4] Best value: -0.143 | TR length: 0.013 | num. failures: 2/13 | num. successes: 0/10
2024-01-13 19:27:58,001 - INFO - [2076 in node 4] Best value: -0.143 | TR length: 0.013 | num. failures: 3/13 | num. successes: 0/10
2024-01-13 19:28:00,513 - INFO - [2080 in node 4] Best value: -0.143 | TR length: 0.013 | num. failures: 4/13 | num. successes: 0/10
2024-01-13 19:28:03,241 - INFO - [2084 in node 4] Best value: -0.142 | TR length: 0.013 | num. failures: 0/13 | num. successes: 1/10
2024-01-13 19:28:06,122 - INFO - [2088 in node 4] Best value: -0.142 | TR length: 0.013 | num. failures: 1/13 | num. successes: 0/10
2024-01-13 19:28:08,768 - INFO - [2092 in node 4] Best value: -0.142 | TR length: 0.013 | num. failures: 2/13 | num. successes: 0/10
2024-01-13 19:28:11,538 - INFO - [2096 in node 4] Best value: -0.142 | TR length: 0.013 | num. failures: 3/13 | num. successes: 0/10
2024-01-13 19:28:14,289 - INFO - [2100 in node 4] Best value: -0.142 | TR length: 0.013 | num. failures: 4/13 | num. successes: 0/10
2024-01-13 19:28:17,073 - INFO - [2104 in node 4] Best value: -0.142 | TR length: 0.013 | num. failures: 5/13 | num. successes: 0/10
2024-01-13 19:28:19,631 - INFO - [2108 in node 4] Best value: -0.142 | TR length: 0.013 | num. failures: 6/13 | num. successes: 0/10
2024-01-13 19:28:22,132 - INFO - [2112 in node 4] Best value: -0.142 | TR length: 0.013 | num. failures: 0/13 | num. successes: 1/10
2024-01-13 19:28:24,562 - INFO - [2116 in node 4] Best value: -0.142 | TR length: 0.013 | num. failures: 1/13 | num. successes: 0/10
2024-01-13 19:28:27,014 - INFO - [2120 in node 4] Best value: -0.142 | TR length: 0.013 | num. failures: 2/13 | num. successes: 0/10
2024-01-13 19:28:29,499 - INFO - [2124 in node 4] Best value: -0.137 | TR length: 0.013 | num. failures: 0/13 | num. successes: 1/10
2024-01-13 19:28:32,135 - INFO - [2128 in node 4] Best value: -0.137 | TR length: 0.013 | num. failures: 1/13 | num. successes: 0/10
2024-01-13 19:28:34,563 - INFO - [2132 in node 4] Best value: -0.137 | TR length: 0.013 | num. failures: 2/13 | num. successes: 0/10
2024-01-13 19:28:37,140 - INFO - [2136 in node 4] Best value: -0.137 | TR length: 0.013 | num. failures: 3/13 | num. successes: 0/10
2024-01-13 19:28:39,801 - INFO - [2140 in node 4] Best value: -0.137 | TR length: 0.013 | num. failures: 4/13 | num. successes: 0/10
2024-01-13 19:28:42,423 - INFO - [2144 in node 4] Best value: -0.137 | TR length: 0.013 | num. failures: 5/13 | num. successes: 0/10
2024-01-13 19:28:44,731 - INFO - [2148 in node 4] Best value: -0.137 | TR length: 0.013 | num. failures: 6/13 | num. successes: 0/10
2024-01-13 19:28:47,121 - INFO - [2152 in node 4] Best value: -0.118 | TR length: 0.013 | num. failures: 0/13 | num. successes: 1/10
2024-01-13 19:28:49,252 - INFO - [2156 in node 4] Best value: -0.118 | TR length: 0.013 | num. failures: 1/13 | num. successes: 0/10
2024-01-13 19:28:51,867 - INFO - [2160 in node 4] Best value: -0.118 | TR length: 0.013 | num. failures: 2/13 | num. successes: 0/10
2024-01-13 19:28:54,221 - INFO - [2164 in node 4] Best value: -0.118 | TR length: 0.013 | num. failures: 3/13 | num. successes: 0/10
2024-01-13 19:28:56,353 - INFO - [2168 in node 4] Best value: -0.118 | TR length: 0.013 | num. failures: 4/13 | num. successes: 0/10
2024-01-13 19:28:58,489 - INFO - [2172 in node 4] Best value: -0.118 | TR length: 0.013 | num. failures: 5/13 | num. successes: 0/10
2024-01-13 19:29:00,551 - INFO - [2176 in node 4] Best value: -0.118 | TR length: 0.013 | num. failures: 6/13 | num. successes: 0/10
2024-01-13 19:29:02,559 - INFO - [2180 in node 4] Best value: -0.118 | TR length: 0.013 | num. failures: 7/13 | num. successes: 0/10
2024-01-13 19:29:04,716 - INFO - [2184 in node 4] Best value: -0.118 | TR length: 0.013 | num. failures: 8/13 | num. successes: 0/10
2024-01-13 19:29:06,797 - INFO - [2188 in node 4] Best value: -0.118 | TR length: 0.013 | num. failures: 9/13 | num. successes: 0/10
2024-01-13 19:29:08,972 - INFO - [2192 in node 4] Best value: -0.118 | TR length: 0.013 | num. failures: 10/13 | num. successes: 0/10
2024-01-13 19:29:11,200 - INFO - [2196 in node 4] Best value: -0.118 | TR length: 0.013 | num. failures: 11/13 | num. successes: 0/10
2024-01-13 19:29:13,382 - INFO - [2200 in node 4] Best value: -0.118 | TR length: 0.013 | num. failures: 12/13 | num. successes: 0/10
2024-01-13 19:29:15,641 - INFO - [2204 in node 4] Best value: -0.118 | TR length: 0.006 | num. failures: 0/13 | num. successes: 0/10
2024-01-13 19:29:15,642 - INFO - [TuRBO] Local Modelling converges (TR length below threshold) after 2204 evaluations
2024-01-13 19:29:19,084 - INFO - [104 in node 41] Best value: -6.448 | TR length: 0.800 | num. failures: 0/13 | num. successes: 1/10
2024-01-13 19:29:19,549 - INFO - [108 in node 41] Best value: -6.448 | TR length: 0.800 | num. failures: 1/13 | num. successes: 0/10
2024-01-13 19:29:20,197 - INFO - [112 in node 41] Best value: -6.448 | TR length: 0.800 | num. failures: 2/13 | num. successes: 0/10
2024-01-13 19:29:20,837 - INFO - [116 in node 41] Best value: -6.448 | TR length: 0.800 | num. failures: 3/13 | num. successes: 0/10
2024-01-13 19:29:21,551 - INFO - [120 in node 41] Best value: -6.052 | TR length: 0.800 | num. failures: 0/13 | num. successes: 1/10
2024-01-13 19:29:22,265 - INFO - [124 in node 41] Best value: -5.419 | TR length: 0.800 | num. failures: 0/13 | num. successes: 2/10
2024-01-13 19:29:22,992 - INFO - [128 in node 41] Best value: -5.419 | TR length: 0.800 | num. failures: 1/13 | num. successes: 0/10
2024-01-13 19:29:24,029 - INFO - [132 in node 41] Best value: -5.419 | TR length: 0.800 | num. failures: 2/13 | num. successes: 0/10
2024-01-13 19:29:24,741 - INFO - [136 in node 41] Best value: -5.419 | TR length: 0.800 | num. failures: 3/13 | num. successes: 0/10
2024-01-13 19:29:25,555 - INFO - [140 in node 41] Best value: -4.498 | TR length: 0.800 | num. failures: 0/13 | num. successes: 1/10
2024-01-13 19:29:26,721 - INFO - [144 in node 41] Best value: -3.012 | TR length: 0.800 | num. failures: 0/13 | num. successes: 2/10
2024-01-13 19:29:27,734 - INFO - [148 in node 41] Best value: -3.012 | TR length: 0.800 | num. failures: 1/13 | num. successes: 0/10
2024-01-13 19:29:28,911 - INFO - [152 in node 41] Best value: -3.012 | TR length: 0.800 | num. failures: 2/13 | num. successes: 0/10
2024-01-13 19:29:30,547 - INFO - [156 in node 41] Best value: -3.012 | TR length: 0.800 | num. failures: 3/13 | num. successes: 0/10
2024-01-13 19:29:31,594 - INFO - [160 in node 41] Best value: -3.012 | TR length: 0.800 | num. failures: 4/13 | num. successes: 0/10
2024-01-13 19:29:32,759 - INFO - [164 in node 41] Best value: -3.012 | TR length: 0.800 | num. failures: 5/13 | num. successes: 0/10
2024-01-13 19:29:33,770 - INFO - [168 in node 41] Best value: -3.012 | TR length: 0.800 | num. failures: 6/13 | num. successes: 0/10
2024-01-13 19:29:34,953 - INFO - [172 in node 41] Best value: -3.012 | TR length: 0.800 | num. failures: 7/13 | num. successes: 0/10
2024-01-13 19:29:35,876 - INFO - [176 in node 41] Best value: -3.012 | TR length: 0.800 | num. failures: 8/13 | num. successes: 0/10
2024-01-13 19:29:36,998 - INFO - [180 in node 41] Best value: -3.012 | TR length: 0.800 | num. failures: 9/13 | num. successes: 0/10
2024-01-13 19:29:37,984 - INFO - [184 in node 41] Best value: -3.012 | TR length: 0.800 | num. failures: 10/13 | num. successes: 0/10
2024-01-13 19:29:39,203 - INFO - [188 in node 41] Best value: -3.012 | TR length: 0.800 | num. failures: 11/13 | num. successes: 0/10
2024-01-13 19:29:40,318 - INFO - [192 in node 41] Best value: -3.012 | TR length: 0.800 | num. failures: 12/13 | num. successes: 0/10
2024-01-13 19:29:41,404 - INFO - [196 in node 41] Best value: -3.012 | TR length: 0.400 | num. failures: 0/13 | num. successes: 0/10
2024-01-13 19:29:42,431 - INFO - [200 in node 41] Best value: -2.506 | TR length: 0.400 | num. failures: 0/13 | num. successes: 1/10
2024-01-13 19:29:43,157 - INFO - [204 in node 41] Best value: -2.441 | TR length: 0.400 | num. failures: 0/13 | num. successes: 2/10
2024-01-13 19:29:43,806 - INFO - [208 in node 41] Best value: -2.097 | TR length: 0.400 | num. failures: 0/13 | num. successes: 3/10
2024-01-13 19:29:44,553 - INFO - [212 in node 41] Best value: -2.097 | TR length: 0.400 | num. failures: 1/13 | num. successes: 0/10
2024-01-13 19:29:45,394 - INFO - [216 in node 41] Best value: -2.097 | TR length: 0.400 | num. failures: 2/13 | num. successes: 0/10
2024-01-13 19:29:46,242 - INFO - [220 in node 41] Best value: -2.097 | TR length: 0.400 | num. failures: 3/13 | num. successes: 0/10
2024-01-13 19:29:46,967 - INFO - [224 in node 41] Best value: -2.097 | TR length: 0.400 | num. failures: 4/13 | num. successes: 0/10
2024-01-13 19:29:47,889 - INFO - [228 in node 41] Best value: -2.097 | TR length: 0.400 | num. failures: 5/13 | num. successes: 0/10
2024-01-13 19:29:48,681 - INFO - [232 in node 41] Best value: -2.097 | TR length: 0.400 | num. failures: 6/13 | num. successes: 0/10
2024-01-13 19:29:49,635 - INFO - [236 in node 41] Best value: -2.097 | TR length: 0.400 | num. failures: 7/13 | num. successes: 0/10
2024-01-13 19:29:50,288 - INFO - [240 in node 41] Best value: -1.717 | TR length: 0.400 | num. failures: 0/13 | num. successes: 1/10
2024-01-13 19:29:50,916 - INFO - [244 in node 41] Best value: -1.717 | TR length: 0.400 | num. failures: 1/13 | num. successes: 0/10
2024-01-13 19:29:51,639 - INFO - [248 in node 41] Best value: -1.717 | TR length: 0.400 | num. failures: 2/13 | num. successes: 0/10
2024-01-13 19:29:52,293 - INFO - [252 in node 41] Best value: -1.717 | TR length: 0.400 | num. failures: 3/13 | num. successes: 0/10
2024-01-13 19:29:53,044 - INFO - [256 in node 41] Best value: -1.717 | TR length: 0.400 | num. failures: 4/13 | num. successes: 0/10
2024-01-13 19:29:53,695 - INFO - [260 in node 41] Best value: -1.717 | TR length: 0.400 | num. failures: 5/13 | num. successes: 0/10
2024-01-13 19:29:54,268 - INFO - [264 in node 41] Best value: -1.717 | TR length: 0.400 | num. failures: 6/13 | num. successes: 0/10
2024-01-13 19:29:54,814 - INFO - [268 in node 41] Best value: -1.717 | TR length: 0.400 | num. failures: 7/13 | num. successes: 0/10
2024-01-13 19:29:55,442 - INFO - [272 in node 41] Best value: -1.717 | TR length: 0.400 | num. failures: 8/13 | num. successes: 0/10
2024-01-13 19:29:56,108 - INFO - [276 in node 41] Best value: -1.717 | TR length: 0.400 | num. failures: 9/13 | num. successes: 0/10
2024-01-13 19:29:56,632 - INFO - [280 in node 41] Best value: -1.717 | TR length: 0.400 | num. failures: 10/13 | num. successes: 0/10
2024-01-13 19:29:57,383 - INFO - [284 in node 41] Best value: -1.717 | TR length: 0.400 | num. failures: 11/13 | num. successes: 0/10
2024-01-13 19:29:57,953 - INFO - [288 in node 41] Best value: -1.717 | TR length: 0.400 | num. failures: 12/13 | num. successes: 0/10
2024-01-13 19:29:58,526 - INFO - [292 in node 41] Best value: -1.717 | TR length: 0.200 | num. failures: 0/13 | num. successes: 0/10
2024-01-13 19:29:59,166 - INFO - [296 in node 41] Best value: -1.717 | TR length: 0.200 | num. failures: 1/13 | num. successes: 0/10
2024-01-13 19:29:59,763 - INFO - [300 in node 41] Best value: -1.518 | TR length: 0.200 | num. failures: 0/13 | num. successes: 1/10
2024-01-13 19:30:00,709 - INFO - [304 in node 41] Best value: -1.518 | TR length: 0.200 | num. failures: 1/13 | num. successes: 0/10
2024-01-13 19:30:01,421 - INFO - [308 in node 41] Best value: -1.518 | TR length: 0.200 | num. failures: 2/13 | num. successes: 0/10
2024-01-13 19:30:02,175 - INFO - [312 in node 41] Best value: -1.518 | TR length: 0.200 | num. failures: 3/13 | num. successes: 0/10
2024-01-13 19:30:03,019 - INFO - [316 in node 41] Best value: -1.518 | TR length: 0.200 | num. failures: 4/13 | num. successes: 0/10
2024-01-13 19:30:03,943 - INFO - [320 in node 41] Best value: -1.518 | TR length: 0.200 | num. failures: 5/13 | num. successes: 0/10
2024-01-13 19:30:04,653 - INFO - [324 in node 41] Best value: -1.472 | TR length: 0.200 | num. failures: 0/13 | num. successes: 1/10
2024-01-13 19:30:05,452 - INFO - [328 in node 41] Best value: -1.472 | TR length: 0.200 | num. failures: 1/13 | num. successes: 0/10
2024-01-13 19:30:06,430 - INFO - [332 in node 41] Best value: -1.472 | TR length: 0.200 | num. failures: 2/13 | num. successes: 0/10
2024-01-13 19:30:07,207 - INFO - [336 in node 41] Best value: -1.472 | TR length: 0.200 | num. failures: 3/13 | num. successes: 0/10
2024-01-13 19:30:08,190 - INFO - [340 in node 41] Best value: -1.381 | TR length: 0.200 | num. failures: 0/13 | num. successes: 1/10
2024-01-13 19:30:09,187 - INFO - [344 in node 41] Best value: -1.381 | TR length: 0.200 | num. failures: 1/13 | num. successes: 0/10
2024-01-13 19:30:10,059 - INFO - [348 in node 41] Best value: -1.381 | TR length: 0.200 | num. failures: 2/13 | num. successes: 0/10
2024-01-13 19:30:10,843 - INFO - [352 in node 41] Best value: -1.381 | TR length: 0.200 | num. failures: 3/13 | num. successes: 0/10
2024-01-13 19:30:11,695 - INFO - [356 in node 41] Best value: -1.381 | TR length: 0.200 | num. failures: 4/13 | num. successes: 0/10
2024-01-13 19:30:12,380 - INFO - [360 in node 41] Best value: -1.381 | TR length: 0.200 | num. failures: 5/13 | num. successes: 0/10
2024-01-13 19:30:13,003 - INFO - [364 in node 41] Best value: -1.381 | TR length: 0.200 | num. failures: 6/13 | num. successes: 0/10
2024-01-13 19:30:13,748 - INFO - [368 in node 41] Best value: -0.978 | TR length: 0.200 | num. failures: 0/13 | num. successes: 1/10
2024-01-13 19:30:14,545 - INFO - [372 in node 41] Best value: -0.978 | TR length: 0.200 | num. failures: 1/13 | num. successes: 0/10
2024-01-13 19:30:15,399 - INFO - [376 in node 41] Best value: -0.978 | TR length: 0.200 | num. failures: 2/13 | num. successes: 0/10
2024-01-13 19:30:16,032 - INFO - [380 in node 41] Best value: -0.978 | TR length: 0.200 | num. failures: 3/13 | num. successes: 0/10
2024-01-13 19:30:16,624 - INFO - [384 in node 41] Best value: -0.978 | TR length: 0.200 | num. failures: 4/13 | num. successes: 0/10
2024-01-13 19:30:17,480 - INFO - [388 in node 41] Best value: -0.978 | TR length: 0.200 | num. failures: 5/13 | num. successes: 0/10
2024-01-13 19:30:18,168 - INFO - [392 in node 41] Best value: -0.978 | TR length: 0.200 | num. failures: 6/13 | num. successes: 0/10
2024-01-13 19:30:18,864 - INFO - [396 in node 41] Best value: -0.978 | TR length: 0.200 | num. failures: 7/13 | num. successes: 0/10
2024-01-13 19:30:19,455 - INFO - [400 in node 41] Best value: -0.978 | TR length: 0.200 | num. failures: 8/13 | num. successes: 0/10
2024-01-13 19:30:20,001 - INFO - [404 in node 41] Best value: -0.978 | TR length: 0.200 | num. failures: 9/13 | num. successes: 0/10
2024-01-13 19:30:20,708 - INFO - [408 in node 41] Best value: -0.978 | TR length: 0.200 | num. failures: 10/13 | num. successes: 0/10
2024-01-13 19:30:21,438 - INFO - [412 in node 41] Best value: -0.978 | TR length: 0.200 | num. failures: 11/13 | num. successes: 0/10
2024-01-13 19:30:22,017 - INFO - [416 in node 41] Best value: -0.978 | TR length: 0.200 | num. failures: 12/13 | num. successes: 0/10
2024-01-13 19:30:22,738 - INFO - [420 in node 41] Best value: -0.978 | TR length: 0.100 | num. failures: 0/13 | num. successes: 0/10
2024-01-13 19:30:23,588 - INFO - [424 in node 41] Best value: -0.978 | TR length: 0.100 | num. failures: 1/13 | num. successes: 0/10
2024-01-13 19:30:24,681 - INFO - [428 in node 41] Best value: -0.921 | TR length: 0.100 | num. failures: 0/13 | num. successes: 1/10
2024-01-13 19:30:25,851 - INFO - [432 in node 41] Best value: -0.921 | TR length: 0.100 | num. failures: 1/13 | num. successes: 0/10
2024-01-13 19:30:26,846 - INFO - [436 in node 41] Best value: -0.921 | TR length: 0.100 | num. failures: 2/13 | num. successes: 0/10
2024-01-13 19:30:27,983 - INFO - [440 in node 41] Best value: -0.921 | TR length: 0.100 | num. failures: 3/13 | num. successes: 0/10
2024-01-13 19:30:28,867 - INFO - [444 in node 41] Best value: -0.860 | TR length: 0.100 | num. failures: 0/13 | num. successes: 1/10
2024-01-13 19:30:29,937 - INFO - [448 in node 41] Best value: -0.860 | TR length: 0.100 | num. failures: 1/13 | num. successes: 0/10
2024-01-13 19:30:31,510 - INFO - [452 in node 41] Best value: -0.860 | TR length: 0.100 | num. failures: 2/13 | num. successes: 0/10
2024-01-13 19:30:32,410 - INFO - [456 in node 41] Best value: -0.449 | TR length: 0.100 | num. failures: 0/13 | num. successes: 1/10
2024-01-13 19:30:33,364 - INFO - [460 in node 41] Best value: -0.449 | TR length: 0.100 | num. failures: 1/13 | num. successes: 0/10
2024-01-13 19:30:34,288 - INFO - [464 in node 41] Best value: -0.449 | TR length: 0.100 | num. failures: 2/13 | num. successes: 0/10
2024-01-13 19:30:35,371 - INFO - [468 in node 41] Best value: -0.449 | TR length: 0.100 | num. failures: 3/13 | num. successes: 0/10
2024-01-13 19:30:36,561 - INFO - [472 in node 41] Best value: -0.449 | TR length: 0.100 | num. failures: 4/13 | num. successes: 0/10
2024-01-13 19:30:37,712 - INFO - [476 in node 41] Best value: -0.449 | TR length: 0.100 | num. failures: 5/13 | num. successes: 0/10
2024-01-13 19:30:38,884 - INFO - [480 in node 41] Best value: -0.449 | TR length: 0.100 | num. failures: 6/13 | num. successes: 0/10
2024-01-13 19:30:39,937 - INFO - [484 in node 41] Best value: -0.449 | TR length: 0.100 | num. failures: 7/13 | num. successes: 0/10
2024-01-13 19:30:40,978 - INFO - [488 in node 41] Best value: -0.449 | TR length: 0.100 | num. failures: 8/13 | num. successes: 0/10
2024-01-13 19:30:42,146 - INFO - [492 in node 41] Best value: -0.449 | TR length: 0.100 | num. failures: 9/13 | num. successes: 0/10
2024-01-13 19:30:43,392 - INFO - [496 in node 41] Best value: -0.449 | TR length: 0.100 | num. failures: 10/13 | num. successes: 0/10
2024-01-13 19:30:44,610 - INFO - [500 in node 41] Best value: -0.449 | TR length: 0.100 | num. failures: 11/13 | num. successes: 0/10
2024-01-13 19:30:45,646 - INFO - [504 in node 41] Best value: -0.449 | TR length: 0.100 | num. failures: 12/13 | num. successes: 0/10
2024-01-13 19:30:46,947 - INFO - [508 in node 41] Best value: -0.449 | TR length: 0.050 | num. failures: 0/13 | num. successes: 0/10
2024-01-13 19:30:48,274 - INFO - [512 in node 41] Best value: -0.449 | TR length: 0.050 | num. failures: 1/13 | num. successes: 0/10
2024-01-13 19:30:49,334 - INFO - [516 in node 41] Best value: -0.431 | TR length: 0.050 | num. failures: 0/13 | num. successes: 1/10
2024-01-13 19:30:50,272 - INFO - [520 in node 41] Best value: -0.359 | TR length: 0.050 | num. failures: 0/13 | num. successes: 2/10
2024-01-13 19:30:51,379 - INFO - [524 in node 41] Best value: -0.359 | TR length: 0.050 | num. failures: 1/13 | num. successes: 0/10
2024-01-13 19:30:52,566 - INFO - [528 in node 41] Best value: -0.359 | TR length: 0.050 | num. failures: 2/13 | num. successes: 0/10
2024-01-13 19:30:53,799 - INFO - [532 in node 41] Best value: -0.359 | TR length: 0.050 | num. failures: 3/13 | num. successes: 0/10
2024-01-13 19:30:55,225 - INFO - [536 in node 41] Best value: -0.359 | TR length: 0.050 | num. failures: 4/13 | num. successes: 0/10
2024-01-13 19:30:56,565 - INFO - [540 in node 41] Best value: -0.359 | TR length: 0.050 | num. failures: 5/13 | num. successes: 0/10
2024-01-13 19:30:57,941 - INFO - [544 in node 41] Best value: -0.359 | TR length: 0.050 | num. failures: 6/13 | num. successes: 0/10
2024-01-13 19:30:58,945 - INFO - [548 in node 41] Best value: -0.359 | TR length: 0.050 | num. failures: 7/13 | num. successes: 0/10
2024-01-13 19:31:00,195 - INFO - [552 in node 41] Best value: -0.359 | TR length: 0.050 | num. failures: 8/13 | num. successes: 0/10
2024-01-13 19:31:01,164 - INFO - [556 in node 41] Best value: -0.359 | TR length: 0.050 | num. failures: 9/13 | num. successes: 0/10
2024-01-13 19:31:02,200 - INFO - [560 in node 41] Best value: -0.359 | TR length: 0.050 | num. failures: 10/13 | num. successes: 0/10
2024-01-13 19:31:02,965 - INFO - [564 in node 41] Best value: -0.306 | TR length: 0.050 | num. failures: 0/13 | num. successes: 1/10
2024-01-13 19:31:03,733 - INFO - [568 in node 41] Best value: -0.306 | TR length: 0.050 | num. failures: 1/13 | num. successes: 0/10
2024-01-13 19:31:04,721 - INFO - [572 in node 41] Best value: -0.306 | TR length: 0.050 | num. failures: 2/13 | num. successes: 0/10
2024-01-13 19:31:05,722 - INFO - [576 in node 41] Best value: -0.306 | TR length: 0.050 | num. failures: 3/13 | num. successes: 0/10
2024-01-13 19:31:06,599 - INFO - [580 in node 41] Best value: -0.306 | TR length: 0.050 | num. failures: 4/13 | num. successes: 0/10
2024-01-13 19:31:07,746 - INFO - [584 in node 41] Best value: -0.306 | TR length: 0.050 | num. failures: 5/13 | num. successes: 0/10
2024-01-13 19:31:08,752 - INFO - [588 in node 41] Best value: -0.306 | TR length: 0.050 | num. failures: 6/13 | num. successes: 0/10
2024-01-13 19:31:09,839 - INFO - [592 in node 41] Best value: -0.306 | TR length: 0.050 | num. failures: 7/13 | num. successes: 0/10
2024-01-13 19:31:10,836 - INFO - [596 in node 41] Best value: -0.306 | TR length: 0.050 | num. failures: 8/13 | num. successes: 0/10
2024-01-13 19:31:11,807 - INFO - [600 in node 41] Best value: -0.306 | TR length: 0.050 | num. failures: 9/13 | num. successes: 0/10
2024-01-13 19:31:12,786 - INFO - [604 in node 41] Best value: -0.306 | TR length: 0.050 | num. failures: 10/13 | num. successes: 0/10
2024-01-13 19:31:13,775 - INFO - [608 in node 41] Best value: -0.306 | TR length: 0.050 | num. failures: 11/13 | num. successes: 0/10
2024-01-13 19:31:14,620 - INFO - [612 in node 41] Best value: -0.306 | TR length: 0.050 | num. failures: 12/13 | num. successes: 0/10
2024-01-13 19:31:15,580 - INFO - [616 in node 41] Best value: -0.306 | TR length: 0.025 | num. failures: 0/13 | num. successes: 0/10
2024-01-13 19:31:16,634 - INFO - [620 in node 41] Best value: -0.233 | TR length: 0.025 | num. failures: 0/13 | num. successes: 1/10
2024-01-13 19:31:17,670 - INFO - [624 in node 41] Best value: -0.233 | TR length: 0.025 | num. failures: 1/13 | num. successes: 0/10
2024-01-13 19:31:18,390 - INFO - [628 in node 41] Best value: -0.233 | TR length: 0.025 | num. failures: 2/13 | num. successes: 0/10
2024-01-13 19:31:19,338 - INFO - [632 in node 41] Best value: -0.233 | TR length: 0.025 | num. failures: 3/13 | num. successes: 0/10
2024-01-13 19:31:20,267 - INFO - [636 in node 41] Best value: -0.226 | TR length: 0.025 | num. failures: 0/13 | num. successes: 1/10
2024-01-13 19:31:21,345 - INFO - [640 in node 41] Best value: -0.187 | TR length: 0.025 | num. failures: 0/13 | num. successes: 2/10
2024-01-13 19:31:22,275 - INFO - [644 in node 41] Best value: -0.182 | TR length: 0.025 | num. failures: 0/13 | num. successes: 3/10
2024-01-13 19:31:23,224 - INFO - [648 in node 41] Best value: -0.180 | TR length: 0.025 | num. failures: 0/13 | num. successes: 4/10
2024-01-13 19:31:24,244 - INFO - [652 in node 41] Best value: -0.180 | TR length: 0.025 | num. failures: 1/13 | num. successes: 0/10
2024-01-13 19:31:25,282 - INFO - [656 in node 41] Best value: -0.180 | TR length: 0.025 | num. failures: 2/13 | num. successes: 0/10
2024-01-13 19:31:26,113 - INFO - [660 in node 41] Best value: -0.180 | TR length: 0.025 | num. failures: 3/13 | num. successes: 0/10
2024-01-13 19:31:27,131 - INFO - [664 in node 41] Best value: -0.180 | TR length: 0.025 | num. failures: 4/13 | num. successes: 0/10
2024-01-13 19:31:27,940 - INFO - [668 in node 41] Best value: -0.180 | TR length: 0.025 | num. failures: 5/13 | num. successes: 0/10
2024-01-13 19:31:28,950 - INFO - [672 in node 41] Best value: -0.180 | TR length: 0.025 | num. failures: 6/13 | num. successes: 0/10
2024-01-13 19:31:29,823 - INFO - [676 in node 41] Best value: -0.180 | TR length: 0.025 | num. failures: 7/13 | num. successes: 0/10
2024-01-13 19:31:30,730 - INFO - [680 in node 41] Best value: -0.180 | TR length: 0.025 | num. failures: 8/13 | num. successes: 0/10
2024-01-13 19:31:31,618 - INFO - [684 in node 41] Best value: -0.170 | TR length: 0.025 | num. failures: 0/13 | num. successes: 1/10
2024-01-13 19:31:32,643 - INFO - [688 in node 41] Best value: -0.170 | TR length: 0.025 | num. failures: 1/13 | num. successes: 0/10
2024-01-13 19:31:33,348 - INFO - [692 in node 41] Best value: -0.170 | TR length: 0.025 | num. failures: 2/13 | num. successes: 0/10
2024-01-13 19:31:34,131 - INFO - [696 in node 41] Best value: -0.170 | TR length: 0.025 | num. failures: 3/13 | num. successes: 0/10
2024-01-13 19:31:34,132 - INFO - --------------------------------------------------
2024-01-13 19:31:34,134 - INFO - Best X: tensor([0.3354, 0.3324, 0.3310, 0.3323, 0.3308, 0.3346, 0.3347, 0.3329, 0.3321,
        0.3295, 0.3333, 0.3347, 0.3321, 0.3341, 0.3346, 0.3327, 0.3368, 0.3320,
        0.3322, 0.3312, 0.3314, 0.3320, 0.3333, 0.3304, 0.3350, 0.3311, 0.3344,
        0.3333, 0.3347, 0.3329, 0.3325, 0.3332, 0.3345, 0.3344, 0.3341, 0.3309,
        0.3340, 0.3337, 0.3311, 0.3334, 0.3320, 0.3336, 0.3339, 0.3342, 0.3332,
        0.3322, 0.3339, 0.3322, 0.3336, 0.3340], device='cuda:0',
       dtype=torch.float64)
2024-01-13 19:31:34,134 - INFO - Best Y: -0.1145921292445391
2024-01-13 19:31:34,134 - INFO - Elapsed time: 607.61 seconds
