2024-01-13 20:02:20,790 - INFO - Start experiment: mcts_rastrigin50d_3000
2024-01-13 20:02:20,791 - INFO - ==================================================
2024-01-13 20:02:20,791 - INFO - Config:
2024-01-13 20:02:20,791 - INFO - seed: 0
2024-01-13 20:02:20,791 - INFO - Cp: 1.0
2024-01-13 20:02:20,791 - INFO - leaf_size: 20
2024-01-13 20:02:20,791 - INFO - node_selection_type: UCB
2024-01-13 20:02:20,792 - INFO - initial_sampling_method: Sobol
2024-01-13 20:02:20,891 - INFO - bounds: tensor([[-5.1200, -5.1200, -5.1200, -5.1200, -5.1200, -5.1200, -5.1200, -5.1200,
         -5.1200, -5.1200, -5.1200, -5.1200, -5.1200, -5.1200, -5.1200, -5.1200,
         -5.1200, -5.1200, -5.1200, -5.1200, -5.1200, -5.1200, -5.1200, -5.1200,
         -5.1200, -5.1200, -5.1200, -5.1200, -5.1200, -5.1200, -5.1200, -5.1200,
         -5.1200, -5.1200, -5.1200, -5.1200, -5.1200, -5.1200, -5.1200, -5.1200,
         -5.1200, -5.1200, -5.1200, -5.1200, -5.1200, -5.1200, -5.1200, -5.1200,
         -5.1200, -5.1200],
        [ 5.1200,  5.1200,  5.1200,  5.1200,  5.1200,  5.1200,  5.1200,  5.1200,
          5.1200,  5.1200,  5.1200,  5.1200,  5.1200,  5.1200,  5.1200,  5.1200,
          5.1200,  5.1200,  5.1200,  5.1200,  5.1200,  5.1200,  5.1200,  5.1200,
          5.1200,  5.1200,  5.1200,  5.1200,  5.1200,  5.1200,  5.1200,  5.1200,
          5.1200,  5.1200,  5.1200,  5.1200,  5.1200,  5.1200,  5.1200,  5.1200,
          5.1200,  5.1200,  5.1200,  5.1200,  5.1200,  5.1200,  5.1200,  5.1200,
          5.1200,  5.1200]], device='cuda:0', dtype=torch.float64)
2024-01-13 20:02:20,891 - INFO - num_init: 100
2024-01-13 20:02:20,891 - INFO - obj_func: Rastrigin()
2024-01-13 20:02:20,891 - INFO - optimizer_type: turbo
2024-01-13 20:02:20,891 - INFO - optimizer_params: {'batch_size': 4, 'acqf': 'ts', 'num_restarts': 10, 'raw_samples': 512}
2024-01-13 20:02:20,892 - INFO - classifier_type: SVM
2024-01-13 20:02:20,892 - INFO - classifier_params: {'kernel_type': 'rbf', 'gamma_type': 'auto'}
2024-01-13 20:02:20,892 - INFO - ==================================================
2024-01-13 20:02:22,872 - INFO - [104 in node 7] Best value: -743.552 | TR length: 0.800 | num. failures: 0/13 | num. successes: 1/10
2024-01-13 20:02:23,461 - INFO - [108 in node 7] Best value: -735.115 | TR length: 0.800 | num. failures: 0/13 | num. successes: 2/10
2024-01-13 20:02:27,342 - INFO - [TuRBO] All attempts to fit the model have failed. For more information, try enabling botorch.settings.debug mode. happens when fitting model, restart.
2024-01-13 20:02:27,382 - INFO - [112 in node 7] Best value: -735.115 | TR length: 0.800 | num. failures: 1/13 | num. successes: 0/10
2024-01-13 20:02:27,979 - INFO - [116 in node 7] Best value: -735.115 | TR length: 0.800 | num. failures: 2/13 | num. successes: 0/10
2024-01-13 20:02:28,718 - INFO - [120 in node 7] Best value: -697.384 | TR length: 0.800 | num. failures: 0/13 | num. successes: 1/10
2024-01-13 20:02:29,562 - INFO - [124 in node 7] Best value: -697.384 | TR length: 0.800 | num. failures: 1/13 | num. successes: 0/10
2024-01-13 20:02:30,454 - INFO - [128 in node 7] Best value: -638.983 | TR length: 0.800 | num. failures: 0/13 | num. successes: 1/10
2024-01-13 20:02:31,612 - INFO - [132 in node 7] Best value: -619.534 | TR length: 0.800 | num. failures: 0/13 | num. successes: 2/10
2024-01-13 20:02:32,133 - INFO - [136 in node 7] Best value: -619.534 | TR length: 0.800 | num. failures: 1/13 | num. successes: 0/10
2024-01-13 20:02:32,968 - INFO - [140 in node 7] Best value: -619.534 | TR length: 0.800 | num. failures: 2/13 | num. successes: 0/10
2024-01-13 20:02:33,584 - INFO - [144 in node 7] Best value: -619.534 | TR length: 0.800 | num. failures: 3/13 | num. successes: 0/10
2024-01-13 20:02:34,330 - INFO - [148 in node 7] Best value: -619.534 | TR length: 0.800 | num. failures: 4/13 | num. successes: 0/10
2024-01-13 20:02:35,416 - INFO - [152 in node 7] Best value: -619.534 | TR length: 0.800 | num. failures: 5/13 | num. successes: 0/10
2024-01-13 20:02:36,327 - INFO - [156 in node 7] Best value: -619.534 | TR length: 0.800 | num. failures: 6/13 | num. successes: 0/10
2024-01-13 20:02:38,462 - INFO - [160 in node 7] Best value: -619.534 | TR length: 0.800 | num. failures: 7/13 | num. successes: 0/10
2024-01-13 20:02:38,941 - INFO - [164 in node 7] Best value: -619.534 | TR length: 0.800 | num. failures: 8/13 | num. successes: 0/10
2024-01-13 20:02:39,350 - INFO - [168 in node 7] Best value: -619.534 | TR length: 0.800 | num. failures: 9/13 | num. successes: 0/10
2024-01-13 20:02:40,224 - INFO - [172 in node 7] Best value: -619.534 | TR length: 0.800 | num. failures: 10/13 | num. successes: 0/10
2024-01-13 20:02:40,893 - INFO - [176 in node 7] Best value: -619.534 | TR length: 0.800 | num. failures: 11/13 | num. successes: 0/10
2024-01-13 20:02:43,722 - INFO - [180 in node 7] Best value: -619.534 | TR length: 0.800 | num. failures: 12/13 | num. successes: 0/10
2024-01-13 20:02:44,620 - INFO - [184 in node 7] Best value: -619.534 | TR length: 0.400 | num. failures: 0/13 | num. successes: 0/10
2024-01-13 20:02:46,103 - INFO - [188 in node 7] Best value: -619.534 | TR length: 0.400 | num. failures: 1/13 | num. successes: 0/10
2024-01-13 20:02:47,131 - INFO - [192 in node 7] Best value: -619.534 | TR length: 0.400 | num. failures: 2/13 | num. successes: 0/10
2024-01-13 20:02:47,665 - INFO - [196 in node 7] Best value: -618.603 | TR length: 0.400 | num. failures: 0/13 | num. successes: 1/10
2024-01-13 20:02:48,438 - INFO - [200 in node 7] Best value: -605.830 | TR length: 0.400 | num. failures: 0/13 | num. successes: 2/10
2024-01-13 20:02:49,221 - INFO - [204 in node 7] Best value: -588.367 | TR length: 0.400 | num. failures: 0/13 | num. successes: 3/10
2024-01-13 20:02:49,947 - INFO - [208 in node 7] Best value: -564.027 | TR length: 0.400 | num. failures: 0/13 | num. successes: 4/10
2024-01-13 20:02:50,578 - INFO - [212 in node 7] Best value: -558.123 | TR length: 0.400 | num. failures: 0/13 | num. successes: 5/10
2024-01-13 20:02:51,048 - INFO - [216 in node 7] Best value: -558.123 | TR length: 0.400 | num. failures: 1/13 | num. successes: 0/10
2024-01-13 20:02:51,570 - INFO - [220 in node 7] Best value: -542.281 | TR length: 0.400 | num. failures: 0/13 | num. successes: 1/10
2024-01-13 20:02:52,052 - INFO - [224 in node 7] Best value: -542.281 | TR length: 0.400 | num. failures: 1/13 | num. successes: 0/10
2024-01-13 20:02:52,822 - INFO - [228 in node 7] Best value: -542.281 | TR length: 0.400 | num. failures: 2/13 | num. successes: 0/10
2024-01-13 20:02:53,477 - INFO - [232 in node 7] Best value: -542.281 | TR length: 0.400 | num. failures: 3/13 | num. successes: 0/10
2024-01-13 20:02:53,939 - INFO - [236 in node 7] Best value: -542.281 | TR length: 0.400 | num. failures: 4/13 | num. successes: 0/10
2024-01-13 20:02:54,724 - INFO - [240 in node 7] Best value: -542.281 | TR length: 0.400 | num. failures: 5/13 | num. successes: 0/10
2024-01-13 20:02:55,442 - INFO - [244 in node 7] Best value: -542.281 | TR length: 0.400 | num. failures: 6/13 | num. successes: 0/10
2024-01-13 20:02:56,106 - INFO - [248 in node 7] Best value: -542.281 | TR length: 0.400 | num. failures: 7/13 | num. successes: 0/10
2024-01-13 20:02:56,840 - INFO - [252 in node 7] Best value: -537.021 | TR length: 0.400 | num. failures: 0/13 | num. successes: 1/10
2024-01-13 20:02:57,750 - INFO - [256 in node 7] Best value: -537.021 | TR length: 0.400 | num. failures: 1/13 | num. successes: 0/10
2024-01-13 20:02:59,231 - INFO - [260 in node 7] Best value: -537.021 | TR length: 0.400 | num. failures: 2/13 | num. successes: 0/10
2024-01-13 20:02:59,957 - INFO - [264 in node 7] Best value: -537.021 | TR length: 0.400 | num. failures: 3/13 | num. successes: 0/10
2024-01-13 20:03:00,629 - INFO - [268 in node 7] Best value: -529.178 | TR length: 0.400 | num. failures: 0/13 | num. successes: 1/10
2024-01-13 20:03:01,331 - INFO - [272 in node 7] Best value: -529.178 | TR length: 0.400 | num. failures: 1/13 | num. successes: 0/10
2024-01-13 20:03:02,918 - INFO - [276 in node 7] Best value: -529.178 | TR length: 0.400 | num. failures: 2/13 | num. successes: 0/10
2024-01-13 20:03:04,449 - INFO - [280 in node 7] Best value: -529.178 | TR length: 0.400 | num. failures: 3/13 | num. successes: 0/10
2024-01-13 20:03:05,653 - INFO - [284 in node 7] Best value: -529.178 | TR length: 0.400 | num. failures: 4/13 | num. successes: 0/10
2024-01-13 20:03:06,492 - INFO - [288 in node 7] Best value: -529.178 | TR length: 0.400 | num. failures: 5/13 | num. successes: 0/10
2024-01-13 20:03:07,360 - INFO - [292 in node 7] Best value: -529.178 | TR length: 0.400 | num. failures: 6/13 | num. successes: 0/10
2024-01-13 20:03:08,619 - INFO - [296 in node 7] Best value: -529.178 | TR length: 0.400 | num. failures: 7/13 | num. successes: 0/10
2024-01-13 20:03:09,675 - INFO - [300 in node 7] Best value: -528.844 | TR length: 0.400 | num. failures: 0/13 | num. successes: 1/10
2024-01-13 20:03:10,485 - INFO - [304 in node 7] Best value: -528.844 | TR length: 0.400 | num. failures: 1/13 | num. successes: 0/10
2024-01-13 20:03:11,459 - INFO - [308 in node 7] Best value: -528.844 | TR length: 0.400 | num. failures: 2/13 | num. successes: 0/10
2024-01-13 20:03:12,338 - INFO - [312 in node 7] Best value: -528.844 | TR length: 0.400 | num. failures: 3/13 | num. successes: 0/10
2024-01-13 20:03:13,270 - INFO - [316 in node 7] Best value: -528.844 | TR length: 0.400 | num. failures: 4/13 | num. successes: 0/10
2024-01-13 20:03:14,255 - INFO - [320 in node 7] Best value: -528.844 | TR length: 0.400 | num. failures: 5/13 | num. successes: 0/10
2024-01-13 20:03:15,191 - INFO - [324 in node 7] Best value: -528.844 | TR length: 0.400 | num. failures: 6/13 | num. successes: 0/10
2024-01-13 20:03:16,799 - INFO - [328 in node 7] Best value: -528.844 | TR length: 0.400 | num. failures: 7/13 | num. successes: 0/10
2024-01-13 20:03:17,831 - INFO - [332 in node 7] Best value: -528.844 | TR length: 0.400 | num. failures: 8/13 | num. successes: 0/10
2024-01-13 20:03:18,516 - INFO - [336 in node 7] Best value: -516.868 | TR length: 0.400 | num. failures: 0/13 | num. successes: 1/10
2024-01-13 20:03:19,686 - INFO - [340 in node 7] Best value: -516.868 | TR length: 0.400 | num. failures: 1/13 | num. successes: 0/10
2024-01-13 20:03:20,387 - INFO - [344 in node 7] Best value: -516.868 | TR length: 0.400 | num. failures: 2/13 | num. successes: 0/10
2024-01-13 20:03:21,277 - INFO - [348 in node 7] Best value: -516.868 | TR length: 0.400 | num. failures: 3/13 | num. successes: 0/10
2024-01-13 20:03:22,217 - INFO - [352 in node 7] Best value: -516.868 | TR length: 0.400 | num. failures: 4/13 | num. successes: 0/10
2024-01-13 20:03:23,160 - INFO - [356 in node 7] Best value: -516.868 | TR length: 0.400 | num. failures: 5/13 | num. successes: 0/10
2024-01-13 20:03:23,950 - INFO - [360 in node 7] Best value: -516.868 | TR length: 0.400 | num. failures: 6/13 | num. successes: 0/10
2024-01-13 20:03:24,891 - INFO - [364 in node 7] Best value: -516.868 | TR length: 0.400 | num. failures: 7/13 | num. successes: 0/10
2024-01-13 20:03:25,928 - INFO - [368 in node 7] Best value: -516.868 | TR length: 0.400 | num. failures: 8/13 | num. successes: 0/10
2024-01-13 20:03:26,805 - INFO - [372 in node 7] Best value: -516.868 | TR length: 0.400 | num. failures: 9/13 | num. successes: 0/10
2024-01-13 20:03:27,726 - INFO - [376 in node 7] Best value: -516.868 | TR length: 0.400 | num. failures: 10/13 | num. successes: 0/10
2024-01-13 20:03:28,485 - INFO - [380 in node 7] Best value: -516.868 | TR length: 0.400 | num. failures: 11/13 | num. successes: 0/10
2024-01-13 20:03:29,326 - INFO - [384 in node 7] Best value: -516.868 | TR length: 0.400 | num. failures: 12/13 | num. successes: 0/10
2024-01-13 20:03:30,433 - INFO - [388 in node 7] Best value: -516.868 | TR length: 0.200 | num. failures: 0/13 | num. successes: 0/10
2024-01-13 20:03:31,228 - INFO - [392 in node 7] Best value: -514.921 | TR length: 0.200 | num. failures: 0/13 | num. successes: 1/10
2024-01-13 20:03:32,160 - INFO - [396 in node 7] Best value: -505.539 | TR length: 0.200 | num. failures: 0/13 | num. successes: 2/10
2024-01-13 20:03:33,448 - INFO - [400 in node 7] Best value: -505.539 | TR length: 0.200 | num. failures: 1/13 | num. successes: 0/10
2024-01-13 20:03:34,465 - INFO - [404 in node 7] Best value: -505.539 | TR length: 0.200 | num. failures: 2/13 | num. successes: 0/10
2024-01-13 20:03:35,635 - INFO - [408 in node 7] Best value: -487.605 | TR length: 0.200 | num. failures: 0/13 | num. successes: 1/10
2024-01-13 20:03:36,640 - INFO - [412 in node 7] Best value: -487.605 | TR length: 0.200 | num. failures: 1/13 | num. successes: 0/10
2024-01-13 20:03:37,533 - INFO - [416 in node 7] Best value: -468.605 | TR length: 0.200 | num. failures: 0/13 | num. successes: 1/10
2024-01-13 20:03:39,257 - INFO - [420 in node 7] Best value: -468.605 | TR length: 0.200 | num. failures: 1/13 | num. successes: 0/10
2024-01-13 20:03:40,746 - INFO - [424 in node 7] Best value: -468.605 | TR length: 0.200 | num. failures: 2/13 | num. successes: 0/10
2024-01-13 20:03:42,020 - INFO - [428 in node 7] Best value: -468.605 | TR length: 0.200 | num. failures: 3/13 | num. successes: 0/10
2024-01-13 20:03:43,059 - INFO - [432 in node 7] Best value: -468.605 | TR length: 0.200 | num. failures: 4/13 | num. successes: 0/10
2024-01-13 20:03:44,048 - INFO - [436 in node 7] Best value: -461.724 | TR length: 0.200 | num. failures: 0/13 | num. successes: 1/10
2024-01-13 20:03:45,058 - INFO - [440 in node 7] Best value: -461.724 | TR length: 0.200 | num. failures: 1/13 | num. successes: 0/10
2024-01-13 20:03:46,615 - INFO - [444 in node 7] Best value: -461.724 | TR length: 0.200 | num. failures: 2/13 | num. successes: 0/10
2024-01-13 20:03:47,717 - INFO - [448 in node 7] Best value: -461.724 | TR length: 0.200 | num. failures: 3/13 | num. successes: 0/10
2024-01-13 20:03:49,042 - INFO - [452 in node 7] Best value: -461.724 | TR length: 0.200 | num. failures: 4/13 | num. successes: 0/10
2024-01-13 20:03:50,318 - INFO - [456 in node 7] Best value: -461.724 | TR length: 0.200 | num. failures: 5/13 | num. successes: 0/10
2024-01-13 20:03:51,386 - INFO - [460 in node 7] Best value: -461.724 | TR length: 0.200 | num. failures: 6/13 | num. successes: 0/10
2024-01-13 20:03:52,622 - INFO - [464 in node 7] Best value: -460.538 | TR length: 0.200 | num. failures: 0/13 | num. successes: 1/10
2024-01-13 20:03:53,669 - INFO - [468 in node 7] Best value: -441.409 | TR length: 0.200 | num. failures: 0/13 | num. successes: 2/10
2024-01-13 20:03:54,856 - INFO - [472 in node 7] Best value: -441.409 | TR length: 0.200 | num. failures: 1/13 | num. successes: 0/10
2024-01-13 20:03:55,924 - INFO - [476 in node 7] Best value: -441.409 | TR length: 0.200 | num. failures: 2/13 | num. successes: 0/10
2024-01-13 20:03:56,905 - INFO - [480 in node 7] Best value: -441.409 | TR length: 0.200 | num. failures: 3/13 | num. successes: 0/10
2024-01-13 20:03:57,886 - INFO - [484 in node 7] Best value: -436.933 | TR length: 0.200 | num. failures: 0/13 | num. successes: 1/10
2024-01-13 20:03:58,730 - INFO - [488 in node 7] Best value: -436.933 | TR length: 0.200 | num. failures: 1/13 | num. successes: 0/10
2024-01-13 20:03:59,620 - INFO - [492 in node 7] Best value: -408.675 | TR length: 0.200 | num. failures: 0/13 | num. successes: 1/10
2024-01-13 20:04:00,476 - INFO - [496 in node 7] Best value: -408.675 | TR length: 0.200 | num. failures: 1/13 | num. successes: 0/10
2024-01-13 20:04:01,483 - INFO - [500 in node 7] Best value: -408.675 | TR length: 0.200 | num. failures: 2/13 | num. successes: 0/10
2024-01-13 20:04:02,198 - INFO - [504 in node 7] Best value: -402.413 | TR length: 0.200 | num. failures: 0/13 | num. successes: 1/10
2024-01-13 20:04:02,815 - INFO - [508 in node 7] Best value: -401.552 | TR length: 0.200 | num. failures: 0/13 | num. successes: 2/10
2024-01-13 20:04:03,462 - INFO - [512 in node 7] Best value: -401.552 | TR length: 0.200 | num. failures: 1/13 | num. successes: 0/10
2024-01-13 20:04:04,770 - INFO - [516 in node 7] Best value: -401.552 | TR length: 0.200 | num. failures: 2/13 | num. successes: 0/10
2024-01-13 20:04:05,692 - INFO - [520 in node 7] Best value: -401.552 | TR length: 0.200 | num. failures: 3/13 | num. successes: 0/10
2024-01-13 20:04:06,707 - INFO - [524 in node 7] Best value: -401.552 | TR length: 0.200 | num. failures: 4/13 | num. successes: 0/10
2024-01-13 20:04:07,610 - INFO - [528 in node 7] Best value: -401.552 | TR length: 0.200 | num. failures: 5/13 | num. successes: 0/10
2024-01-13 20:04:08,683 - INFO - [532 in node 7] Best value: -400.567 | TR length: 0.200 | num. failures: 0/13 | num. successes: 1/10
2024-01-13 20:04:09,734 - INFO - [536 in node 7] Best value: -400.567 | TR length: 0.200 | num. failures: 1/13 | num. successes: 0/10
2024-01-13 20:04:10,827 - INFO - [540 in node 7] Best value: -400.567 | TR length: 0.200 | num. failures: 2/13 | num. successes: 0/10
2024-01-13 20:04:11,654 - INFO - [544 in node 7] Best value: -400.567 | TR length: 0.200 | num. failures: 3/13 | num. successes: 0/10
2024-01-13 20:04:12,441 - INFO - [548 in node 7] Best value: -400.567 | TR length: 0.200 | num. failures: 4/13 | num. successes: 0/10
2024-01-13 20:04:13,198 - INFO - [552 in node 7] Best value: -400.567 | TR length: 0.200 | num. failures: 5/13 | num. successes: 0/10
2024-01-13 20:04:14,066 - INFO - [556 in node 7] Best value: -400.567 | TR length: 0.200 | num. failures: 6/13 | num. successes: 0/10
2024-01-13 20:04:14,882 - INFO - [560 in node 7] Best value: -400.567 | TR length: 0.200 | num. failures: 7/13 | num. successes: 0/10
2024-01-13 20:04:15,645 - INFO - [564 in node 7] Best value: -400.567 | TR length: 0.200 | num. failures: 8/13 | num. successes: 0/10
2024-01-13 20:04:16,621 - INFO - [568 in node 7] Best value: -400.567 | TR length: 0.200 | num. failures: 9/13 | num. successes: 0/10
2024-01-13 20:04:17,392 - INFO - [572 in node 7] Best value: -400.567 | TR length: 0.200 | num. failures: 10/13 | num. successes: 0/10
2024-01-13 20:04:18,217 - INFO - [576 in node 7] Best value: -400.567 | TR length: 0.200 | num. failures: 11/13 | num. successes: 0/10
2024-01-13 20:04:18,993 - INFO - [580 in node 7] Best value: -400.567 | TR length: 0.200 | num. failures: 12/13 | num. successes: 0/10
2024-01-13 20:04:19,752 - INFO - [584 in node 7] Best value: -400.567 | TR length: 0.100 | num. failures: 0/13 | num. successes: 0/10
2024-01-13 20:04:20,633 - INFO - [588 in node 7] Best value: -400.567 | TR length: 0.100 | num. failures: 1/13 | num. successes: 0/10
2024-01-13 20:04:21,923 - INFO - [592 in node 7] Best value: -400.567 | TR length: 0.100 | num. failures: 2/13 | num. successes: 0/10
2024-01-13 20:04:23,429 - INFO - [596 in node 7] Best value: -400.567 | TR length: 0.100 | num. failures: 3/13 | num. successes: 0/10
2024-01-13 20:04:24,584 - INFO - [600 in node 7] Best value: -400.567 | TR length: 0.100 | num. failures: 4/13 | num. successes: 0/10
2024-01-13 20:04:26,009 - INFO - [604 in node 7] Best value: -400.567 | TR length: 0.100 | num. failures: 5/13 | num. successes: 0/10
2024-01-13 20:04:27,980 - INFO - [608 in node 7] Best value: -400.567 | TR length: 0.100 | num. failures: 6/13 | num. successes: 0/10
2024-01-13 20:04:29,453 - INFO - [612 in node 7] Best value: -400.567 | TR length: 0.100 | num. failures: 7/13 | num. successes: 0/10
2024-01-13 20:04:31,255 - INFO - [616 in node 7] Best value: -400.567 | TR length: 0.100 | num. failures: 8/13 | num. successes: 0/10
2024-01-13 20:04:33,031 - INFO - [620 in node 7] Best value: -400.567 | TR length: 0.100 | num. failures: 9/13 | num. successes: 0/10
2024-01-13 20:04:35,311 - INFO - [624 in node 7] Best value: -398.304 | TR length: 0.100 | num. failures: 0/13 | num. successes: 1/10
2024-01-13 20:04:36,860 - INFO - [628 in node 7] Best value: -398.304 | TR length: 0.100 | num. failures: 1/13 | num. successes: 0/10
2024-01-13 20:04:38,336 - INFO - [632 in node 7] Best value: -398.304 | TR length: 0.100 | num. failures: 2/13 | num. successes: 0/10
2024-01-13 20:04:40,339 - INFO - [636 in node 7] Best value: -398.304 | TR length: 0.100 | num. failures: 3/13 | num. successes: 0/10
2024-01-13 20:04:43,337 - INFO - [640 in node 7] Best value: -398.304 | TR length: 0.100 | num. failures: 4/13 | num. successes: 0/10
2024-01-13 20:04:45,280 - INFO - [644 in node 7] Best value: -398.304 | TR length: 0.100 | num. failures: 5/13 | num. successes: 0/10
2024-01-13 20:04:46,607 - INFO - [648 in node 7] Best value: -398.304 | TR length: 0.100 | num. failures: 6/13 | num. successes: 0/10
2024-01-13 20:04:48,224 - INFO - [652 in node 7] Best value: -398.304 | TR length: 0.100 | num. failures: 7/13 | num. successes: 0/10
2024-01-13 20:04:49,823 - INFO - [656 in node 7] Best value: -398.304 | TR length: 0.100 | num. failures: 8/13 | num. successes: 0/10
2024-01-13 20:04:51,373 - INFO - [660 in node 7] Best value: -398.304 | TR length: 0.100 | num. failures: 9/13 | num. successes: 0/10
2024-01-13 20:04:53,705 - INFO - [664 in node 7] Best value: -398.304 | TR length: 0.100 | num. failures: 10/13 | num. successes: 0/10
2024-01-13 20:04:55,945 - INFO - [668 in node 7] Best value: -398.304 | TR length: 0.100 | num. failures: 11/13 | num. successes: 0/10
2024-01-13 20:04:58,009 - INFO - [672 in node 7] Best value: -398.304 | TR length: 0.100 | num. failures: 12/13 | num. successes: 0/10
2024-01-13 20:05:00,378 - INFO - [676 in node 7] Best value: -398.304 | TR length: 0.050 | num. failures: 0/13 | num. successes: 0/10
2024-01-13 20:05:02,490 - INFO - [680 in node 7] Best value: -375.046 | TR length: 0.050 | num. failures: 0/13 | num. successes: 1/10
2024-01-13 20:05:04,338 - INFO - [684 in node 7] Best value: -375.046 | TR length: 0.050 | num. failures: 1/13 | num. successes: 0/10
2024-01-13 20:05:06,809 - INFO - [688 in node 7] Best value: -375.046 | TR length: 0.050 | num. failures: 2/13 | num. successes: 0/10
2024-01-13 20:05:08,851 - INFO - [692 in node 7] Best value: -375.046 | TR length: 0.050 | num. failures: 3/13 | num. successes: 0/10
2024-01-13 20:05:10,889 - INFO - [696 in node 7] Best value: -341.801 | TR length: 0.050 | num. failures: 0/13 | num. successes: 1/10
2024-01-13 20:05:12,653 - INFO - [700 in node 7] Best value: -341.801 | TR length: 0.050 | num. failures: 1/13 | num. successes: 0/10
2024-01-13 20:05:14,443 - INFO - [704 in node 7] Best value: -341.801 | TR length: 0.050 | num. failures: 2/13 | num. successes: 0/10
2024-01-13 20:05:15,871 - INFO - [708 in node 7] Best value: -338.179 | TR length: 0.050 | num. failures: 0/13 | num. successes: 1/10
2024-01-13 20:05:17,513 - INFO - [712 in node 7] Best value: -338.179 | TR length: 0.050 | num. failures: 1/13 | num. successes: 0/10
2024-01-13 20:05:19,764 - INFO - [716 in node 7] Best value: -330.433 | TR length: 0.050 | num. failures: 0/13 | num. successes: 1/10
2024-01-13 20:05:22,025 - INFO - [720 in node 7] Best value: -330.433 | TR length: 0.050 | num. failures: 1/13 | num. successes: 0/10
2024-01-13 20:05:25,318 - INFO - [724 in node 7] Best value: -330.433 | TR length: 0.050 | num. failures: 2/13 | num. successes: 0/10
2024-01-13 20:05:34,694 - INFO - [TuRBO] All attempts to fit the model have failed. For more information, try enabling botorch.settings.debug mode. happens when fitting model, restart.
2024-01-13 20:05:34,737 - INFO - [728 in node 7] Best value: -329.205 | TR length: 0.050 | num. failures: 0/13 | num. successes: 1/10
2024-01-13 20:05:37,612 - INFO - [732 in node 7] Best value: -329.028 | TR length: 0.050 | num. failures: 0/13 | num. successes: 2/10
2024-01-13 20:05:40,780 - INFO - [736 in node 7] Best value: -329.028 | TR length: 0.050 | num. failures: 1/13 | num. successes: 0/10
2024-01-13 20:05:43,640 - INFO - [740 in node 7] Best value: -329.028 | TR length: 0.050 | num. failures: 2/13 | num. successes: 0/10
2024-01-13 20:05:46,027 - INFO - [744 in node 7] Best value: -329.028 | TR length: 0.050 | num. failures: 3/13 | num. successes: 0/10
2024-01-13 20:05:49,104 - INFO - [748 in node 7] Best value: -323.001 | TR length: 0.050 | num. failures: 0/13 | num. successes: 1/10
2024-01-13 20:05:51,502 - INFO - [752 in node 7] Best value: -323.001 | TR length: 0.050 | num. failures: 1/13 | num. successes: 0/10
2024-01-13 20:05:53,809 - INFO - [756 in node 7] Best value: -323.001 | TR length: 0.050 | num. failures: 2/13 | num. successes: 0/10
2024-01-13 20:05:55,492 - INFO - [760 in node 7] Best value: -323.001 | TR length: 0.050 | num. failures: 3/13 | num. successes: 0/10
2024-01-13 20:05:57,997 - INFO - [764 in node 7] Best value: -323.001 | TR length: 0.050 | num. failures: 4/13 | num. successes: 0/10
2024-01-13 20:06:00,452 - INFO - [768 in node 7] Best value: -323.001 | TR length: 0.050 | num. failures: 5/13 | num. successes: 0/10
2024-01-13 20:06:03,131 - INFO - [772 in node 7] Best value: -323.001 | TR length: 0.050 | num. failures: 6/13 | num. successes: 0/10
2024-01-13 20:06:05,762 - INFO - [776 in node 7] Best value: -323.001 | TR length: 0.050 | num. failures: 7/13 | num. successes: 0/10
2024-01-13 20:06:08,399 - INFO - [780 in node 7] Best value: -323.001 | TR length: 0.050 | num. failures: 8/13 | num. successes: 0/10
2024-01-13 20:06:11,851 - INFO - [784 in node 7] Best value: -323.001 | TR length: 0.050 | num. failures: 9/13 | num. successes: 0/10
2024-01-13 20:06:14,812 - INFO - [788 in node 7] Best value: -323.001 | TR length: 0.050 | num. failures: 10/13 | num. successes: 0/10
2024-01-13 20:06:17,992 - INFO - [792 in node 7] Best value: -307.367 | TR length: 0.050 | num. failures: 0/13 | num. successes: 1/10
2024-01-13 20:06:21,207 - INFO - [796 in node 7] Best value: -307.367 | TR length: 0.050 | num. failures: 1/13 | num. successes: 0/10
2024-01-13 20:06:24,306 - INFO - [800 in node 7] Best value: -293.138 | TR length: 0.050 | num. failures: 0/13 | num. successes: 1/10
2024-01-13 20:06:27,069 - INFO - [804 in node 7] Best value: -293.138 | TR length: 0.050 | num. failures: 1/13 | num. successes: 0/10
2024-01-13 20:06:30,865 - INFO - [808 in node 7] Best value: -272.309 | TR length: 0.050 | num. failures: 0/13 | num. successes: 1/10
2024-01-13 20:06:33,771 - INFO - [812 in node 7] Best value: -272.309 | TR length: 0.050 | num. failures: 1/13 | num. successes: 0/10
2024-01-13 20:06:37,293 - INFO - [816 in node 7] Best value: -272.309 | TR length: 0.050 | num. failures: 2/13 | num. successes: 0/10
2024-01-13 20:06:40,514 - INFO - [820 in node 7] Best value: -272.309 | TR length: 0.050 | num. failures: 3/13 | num. successes: 0/10
2024-01-13 20:06:43,517 - INFO - [824 in node 7] Best value: -272.309 | TR length: 0.050 | num. failures: 4/13 | num. successes: 0/10
2024-01-13 20:06:46,283 - INFO - [828 in node 7] Best value: -272.309 | TR length: 0.050 | num. failures: 5/13 | num. successes: 0/10
2024-01-13 20:06:50,792 - INFO - [832 in node 7] Best value: -272.309 | TR length: 0.050 | num. failures: 6/13 | num. successes: 0/10
2024-01-13 20:06:52,935 - INFO - [836 in node 7] Best value: -272.309 | TR length: 0.050 | num. failures: 7/13 | num. successes: 0/10
2024-01-13 20:06:55,846 - INFO - [840 in node 7] Best value: -272.309 | TR length: 0.050 | num. failures: 8/13 | num. successes: 0/10
2024-01-13 20:06:58,828 - INFO - [844 in node 7] Best value: -272.309 | TR length: 0.050 | num. failures: 9/13 | num. successes: 0/10
2024-01-13 20:07:02,669 - INFO - [848 in node 7] Best value: -272.309 | TR length: 0.050 | num. failures: 10/13 | num. successes: 0/10
2024-01-13 20:07:06,981 - INFO - [852 in node 7] Best value: -272.309 | TR length: 0.050 | num. failures: 11/13 | num. successes: 0/10
2024-01-13 20:07:09,946 - INFO - [856 in node 7] Best value: -272.309 | TR length: 0.050 | num. failures: 12/13 | num. successes: 0/10
2024-01-13 20:07:12,853 - INFO - [860 in node 7] Best value: -272.309 | TR length: 0.025 | num. failures: 0/13 | num. successes: 0/10
2024-01-13 20:07:16,132 - INFO - [864 in node 7] Best value: -271.447 | TR length: 0.025 | num. failures: 0/13 | num. successes: 1/10
2024-01-13 20:07:35,352 - INFO - [TuRBO] All attempts to fit the model have failed. For more information, try enabling botorch.settings.debug mode. happens when fitting model, restart.
2024-01-13 20:07:35,398 - INFO - [868 in node 7] Best value: -271.447 | TR length: 0.025 | num. failures: 1/13 | num. successes: 0/10
2024-01-13 20:07:59,661 - INFO - [TuRBO] All attempts to fit the model have failed. For more information, try enabling botorch.settings.debug mode. happens when fitting model, restart.
2024-01-13 20:07:59,707 - INFO - [872 in node 7] Best value: -271.447 | TR length: 0.025 | num. failures: 2/13 | num. successes: 0/10
2024-01-13 20:08:03,591 - INFO - [876 in node 7] Best value: -271.447 | TR length: 0.025 | num. failures: 3/13 | num. successes: 0/10
2024-01-13 20:08:08,575 - INFO - [880 in node 7] Best value: -271.447 | TR length: 0.025 | num. failures: 4/13 | num. successes: 0/10
2024-01-13 20:08:12,625 - INFO - [884 in node 7] Best value: -268.138 | TR length: 0.025 | num. failures: 0/13 | num. successes: 1/10
2024-01-13 20:08:15,886 - INFO - [888 in node 7] Best value: -268.138 | TR length: 0.025 | num. failures: 1/13 | num. successes: 0/10
2024-01-13 20:08:21,155 - INFO - [892 in node 7] Best value: -250.006 | TR length: 0.025 | num. failures: 0/13 | num. successes: 1/10
2024-01-13 20:08:24,713 - INFO - [896 in node 7] Best value: -250.006 | TR length: 0.025 | num. failures: 1/13 | num. successes: 0/10
2024-01-13 20:08:28,581 - INFO - [900 in node 7] Best value: -250.006 | TR length: 0.025 | num. failures: 2/13 | num. successes: 0/10
2024-01-13 20:08:32,003 - INFO - [904 in node 7] Best value: -250.006 | TR length: 0.025 | num. failures: 3/13 | num. successes: 0/10
2024-01-13 20:08:35,730 - INFO - [908 in node 7] Best value: -250.006 | TR length: 0.025 | num. failures: 4/13 | num. successes: 0/10
2024-01-13 20:08:39,520 - INFO - [912 in node 7] Best value: -250.006 | TR length: 0.025 | num. failures: 5/13 | num. successes: 0/10
2024-01-13 20:08:42,661 - INFO - [916 in node 7] Best value: -250.006 | TR length: 0.025 | num. failures: 6/13 | num. successes: 0/10
2024-01-13 20:08:46,573 - INFO - [920 in node 7] Best value: -250.006 | TR length: 0.025 | num. failures: 7/13 | num. successes: 0/10
2024-01-13 20:08:50,294 - INFO - [924 in node 7] Best value: -250.006 | TR length: 0.025 | num. failures: 8/13 | num. successes: 0/10
2024-01-13 20:08:54,111 - INFO - [928 in node 7] Best value: -250.006 | TR length: 0.025 | num. failures: 9/13 | num. successes: 0/10
2024-01-13 20:08:57,131 - INFO - [932 in node 7] Best value: -250.006 | TR length: 0.025 | num. failures: 10/13 | num. successes: 0/10
2024-01-13 20:09:01,663 - INFO - [936 in node 7] Best value: -250.006 | TR length: 0.025 | num. failures: 11/13 | num. successes: 0/10
2024-01-13 20:09:04,919 - INFO - [940 in node 7] Best value: -250.006 | TR length: 0.025 | num. failures: 12/13 | num. successes: 0/10
2024-01-13 20:09:11,055 - INFO - [944 in node 7] Best value: -250.006 | TR length: 0.013 | num. failures: 0/13 | num. successes: 0/10
2024-01-13 20:09:15,784 - INFO - [948 in node 7] Best value: -249.118 | TR length: 0.013 | num. failures: 0/13 | num. successes: 1/10
2024-01-13 20:09:18,521 - INFO - [952 in node 7] Best value: -238.792 | TR length: 0.013 | num. failures: 0/13 | num. successes: 2/10
2024-01-13 20:09:23,774 - INFO - [956 in node 7] Best value: -238.792 | TR length: 0.013 | num. failures: 1/13 | num. successes: 0/10
2024-01-13 20:09:28,661 - INFO - [960 in node 7] Best value: -238.792 | TR length: 0.013 | num. failures: 2/13 | num. successes: 0/10
2024-01-13 20:09:52,385 - INFO - [TuRBO] All attempts to fit the model have failed. For more information, try enabling botorch.settings.debug mode. happens when fitting model, restart.
2024-01-13 20:09:52,434 - INFO - [964 in node 7] Best value: -234.439 | TR length: 0.013 | num. failures: 0/13 | num. successes: 1/10
2024-01-13 20:09:56,323 - INFO - [968 in node 7] Best value: -234.439 | TR length: 0.013 | num. failures: 1/13 | num. successes: 0/10
2024-01-13 20:10:03,254 - INFO - [972 in node 7] Best value: -232.375 | TR length: 0.013 | num. failures: 0/13 | num. successes: 1/10
2024-01-13 20:10:09,332 - INFO - [976 in node 7] Best value: -230.099 | TR length: 0.013 | num. failures: 0/13 | num. successes: 2/10
2024-01-13 20:10:13,495 - INFO - [980 in node 7] Best value: -230.099 | TR length: 0.013 | num. failures: 1/13 | num. successes: 0/10
2024-01-13 20:10:18,472 - INFO - [984 in node 7] Best value: -230.099 | TR length: 0.013 | num. failures: 2/13 | num. successes: 0/10
2024-01-13 20:10:23,472 - INFO - [988 in node 7] Best value: -230.099 | TR length: 0.013 | num. failures: 3/13 | num. successes: 0/10
2024-01-13 20:10:26,685 - INFO - [992 in node 7] Best value: -230.099 | TR length: 0.013 | num. failures: 4/13 | num. successes: 0/10
2024-01-13 20:10:31,185 - INFO - [996 in node 7] Best value: -228.723 | TR length: 0.013 | num. failures: 0/13 | num. successes: 1/10
2024-01-13 20:10:53,450 - INFO - [TuRBO] All attempts to fit the model have failed. For more information, try enabling botorch.settings.debug mode. happens when fitting model, restart.
2024-01-13 20:10:53,499 - INFO - [1000 in node 7] Best value: -228.723 | TR length: 0.013 | num. failures: 1/13 | num. successes: 0/10
2024-01-13 20:10:58,608 - INFO - [1004 in node 7] Best value: -224.860 | TR length: 0.013 | num. failures: 0/13 | num. successes: 1/10
2024-01-13 20:11:03,438 - INFO - [1008 in node 7] Best value: -224.860 | TR length: 0.013 | num. failures: 1/13 | num. successes: 0/10
2024-01-13 20:11:07,234 - INFO - [1012 in node 7] Best value: -220.827 | TR length: 0.013 | num. failures: 0/13 | num. successes: 1/10
2024-01-13 20:11:11,221 - INFO - [1016 in node 7] Best value: -217.770 | TR length: 0.013 | num. failures: 0/13 | num. successes: 2/10
2024-01-13 20:11:16,440 - INFO - [1020 in node 7] Best value: -217.770 | TR length: 0.013 | num. failures: 1/13 | num. successes: 0/10
2024-01-13 20:11:21,017 - INFO - [1024 in node 7] Best value: -217.500 | TR length: 0.013 | num. failures: 0/13 | num. successes: 1/10
2024-01-13 20:11:25,598 - INFO - [1028 in node 7] Best value: -217.500 | TR length: 0.013 | num. failures: 1/13 | num. successes: 0/10
2024-01-13 20:11:30,241 - INFO - [1032 in node 7] Best value: -217.500 | TR length: 0.013 | num. failures: 2/13 | num. successes: 0/10
2024-01-13 20:11:33,516 - INFO - [1036 in node 7] Best value: -217.500 | TR length: 0.013 | num. failures: 3/13 | num. successes: 0/10
2024-01-13 20:11:38,732 - INFO - [1040 in node 7] Best value: -217.471 | TR length: 0.013 | num. failures: 0/13 | num. successes: 1/10
2024-01-13 20:12:03,939 - INFO - [TuRBO] All attempts to fit the model have failed. For more information, try enabling botorch.settings.debug mode. happens when fitting model, restart.
2024-01-13 20:12:03,988 - INFO - [1044 in node 7] Best value: -217.471 | TR length: 0.013 | num. failures: 1/13 | num. successes: 0/10
2024-01-13 20:12:09,076 - INFO - [1048 in node 7] Best value: -205.960 | TR length: 0.013 | num. failures: 0/13 | num. successes: 1/10
2024-01-13 20:12:13,571 - INFO - [1052 in node 7] Best value: -205.960 | TR length: 0.013 | num. failures: 1/13 | num. successes: 0/10
2024-01-13 20:12:18,983 - INFO - [1056 in node 7] Best value: -205.960 | TR length: 0.013 | num. failures: 2/13 | num. successes: 0/10
2024-01-13 20:12:24,259 - INFO - [1060 in node 7] Best value: -205.960 | TR length: 0.013 | num. failures: 3/13 | num. successes: 0/10
2024-01-13 20:12:29,839 - INFO - [1064 in node 7] Best value: -205.960 | TR length: 0.013 | num. failures: 4/13 | num. successes: 0/10
2024-01-13 20:12:34,848 - INFO - [1068 in node 7] Best value: -205.960 | TR length: 0.013 | num. failures: 5/13 | num. successes: 0/10
2024-01-13 20:12:40,289 - INFO - [1072 in node 7] Best value: -203.689 | TR length: 0.013 | num. failures: 0/13 | num. successes: 1/10
2024-01-13 20:12:46,810 - INFO - [1076 in node 7] Best value: -203.689 | TR length: 0.013 | num. failures: 1/13 | num. successes: 0/10
2024-01-13 20:12:52,205 - INFO - [1080 in node 7] Best value: -197.670 | TR length: 0.013 | num. failures: 0/13 | num. successes: 1/10
2024-01-13 20:12:57,487 - INFO - [1084 in node 7] Best value: -197.670 | TR length: 0.013 | num. failures: 1/13 | num. successes: 0/10
2024-01-13 20:13:02,256 - INFO - [1088 in node 7] Best value: -189.927 | TR length: 0.013 | num. failures: 0/13 | num. successes: 1/10
2024-01-13 20:13:06,630 - INFO - [1092 in node 7] Best value: -189.927 | TR length: 0.013 | num. failures: 1/13 | num. successes: 0/10
2024-01-13 20:13:11,801 - INFO - [1096 in node 7] Best value: -189.927 | TR length: 0.013 | num. failures: 2/13 | num. successes: 0/10
2024-01-13 20:13:17,981 - INFO - [1100 in node 7] Best value: -189.927 | TR length: 0.013 | num. failures: 3/13 | num. successes: 0/10
2024-01-13 20:13:22,900 - INFO - [1104 in node 7] Best value: -182.432 | TR length: 0.013 | num. failures: 0/13 | num. successes: 1/10
2024-01-13 20:13:26,019 - INFO - [1108 in node 7] Best value: -182.432 | TR length: 0.013 | num. failures: 1/13 | num. successes: 0/10
2024-01-13 20:13:29,280 - INFO - [1112 in node 7] Best value: -182.432 | TR length: 0.013 | num. failures: 2/13 | num. successes: 0/10
2024-01-13 20:13:32,567 - INFO - [1116 in node 7] Best value: -182.432 | TR length: 0.013 | num. failures: 3/13 | num. successes: 0/10
2024-01-13 20:13:34,765 - INFO - [1120 in node 7] Best value: -182.432 | TR length: 0.013 | num. failures: 4/13 | num. successes: 0/10
2024-01-13 20:13:37,862 - INFO - [1124 in node 7] Best value: -182.432 | TR length: 0.013 | num. failures: 5/13 | num. successes: 0/10
2024-01-13 20:13:42,926 - INFO - [1128 in node 7] Best value: -182.432 | TR length: 0.013 | num. failures: 6/13 | num. successes: 0/10
2024-01-13 20:13:46,218 - INFO - [1132 in node 7] Best value: -182.432 | TR length: 0.013 | num. failures: 7/13 | num. successes: 0/10
2024-01-13 20:13:48,897 - INFO - [1136 in node 7] Best value: -182.432 | TR length: 0.013 | num. failures: 8/13 | num. successes: 0/10
2024-01-13 20:13:52,155 - INFO - [1140 in node 7] Best value: -182.432 | TR length: 0.013 | num. failures: 9/13 | num. successes: 0/10
2024-01-13 20:13:55,368 - INFO - [1144 in node 7] Best value: -182.432 | TR length: 0.013 | num. failures: 10/13 | num. successes: 0/10
2024-01-13 20:13:58,997 - INFO - [1148 in node 7] Best value: -181.688 | TR length: 0.013 | num. failures: 0/13 | num. successes: 1/10
2024-01-13 20:14:02,829 - INFO - [1152 in node 7] Best value: -181.688 | TR length: 0.013 | num. failures: 1/13 | num. successes: 0/10
2024-01-13 20:14:05,973 - INFO - [1156 in node 7] Best value: -181.688 | TR length: 0.013 | num. failures: 2/13 | num. successes: 0/10
2024-01-13 20:14:10,327 - INFO - [1160 in node 7] Best value: -180.574 | TR length: 0.013 | num. failures: 0/13 | num. successes: 1/10
2024-01-13 20:14:13,212 - INFO - [1164 in node 7] Best value: -180.574 | TR length: 0.013 | num. failures: 1/13 | num. successes: 0/10
2024-01-13 20:14:16,372 - INFO - [1168 in node 7] Best value: -180.574 | TR length: 0.013 | num. failures: 2/13 | num. successes: 0/10
2024-01-13 20:14:18,807 - INFO - [1172 in node 7] Best value: -180.574 | TR length: 0.013 | num. failures: 3/13 | num. successes: 0/10
2024-01-13 20:14:21,860 - INFO - [1176 in node 7] Best value: -180.454 | TR length: 0.013 | num. failures: 0/13 | num. successes: 1/10
2024-01-13 20:14:25,668 - INFO - [1180 in node 7] Best value: -180.454 | TR length: 0.013 | num. failures: 1/13 | num. successes: 0/10
2024-01-13 20:14:28,856 - INFO - [1184 in node 7] Best value: -180.454 | TR length: 0.013 | num. failures: 2/13 | num. successes: 0/10
2024-01-13 20:14:31,436 - INFO - [1188 in node 7] Best value: -180.454 | TR length: 0.013 | num. failures: 3/13 | num. successes: 0/10
2024-01-13 20:14:35,665 - INFO - [1192 in node 7] Best value: -172.367 | TR length: 0.013 | num. failures: 0/13 | num. successes: 1/10
2024-01-13 20:14:39,273 - INFO - [1196 in node 7] Best value: -171.683 | TR length: 0.013 | num. failures: 0/13 | num. successes: 2/10
2024-01-13 20:14:42,769 - INFO - [1200 in node 7] Best value: -171.683 | TR length: 0.013 | num. failures: 1/13 | num. successes: 0/10
2024-01-13 20:14:46,020 - INFO - [1204 in node 7] Best value: -171.683 | TR length: 0.013 | num. failures: 2/13 | num. successes: 0/10
2024-01-13 20:14:49,698 - INFO - [1208 in node 7] Best value: -171.683 | TR length: 0.013 | num. failures: 3/13 | num. successes: 0/10
2024-01-13 20:14:53,353 - INFO - [1212 in node 7] Best value: -171.683 | TR length: 0.013 | num. failures: 4/13 | num. successes: 0/10
2024-01-13 20:14:56,164 - INFO - [1216 in node 7] Best value: -171.683 | TR length: 0.013 | num. failures: 5/13 | num. successes: 0/10
2024-01-13 20:14:59,215 - INFO - [1220 in node 7] Best value: -171.683 | TR length: 0.013 | num. failures: 6/13 | num. successes: 0/10
2024-01-13 20:15:02,396 - INFO - [1224 in node 7] Best value: -171.683 | TR length: 0.013 | num. failures: 7/13 | num. successes: 0/10
2024-01-13 20:15:05,090 - INFO - [1228 in node 7] Best value: -171.683 | TR length: 0.013 | num. failures: 8/13 | num. successes: 0/10
2024-01-13 20:15:08,653 - INFO - [1232 in node 7] Best value: -171.683 | TR length: 0.013 | num. failures: 9/13 | num. successes: 0/10
2024-01-13 20:15:11,693 - INFO - [1236 in node 7] Best value: -171.683 | TR length: 0.013 | num. failures: 10/13 | num. successes: 0/10
2024-01-13 20:15:15,231 - INFO - [1240 in node 7] Best value: -171.683 | TR length: 0.013 | num. failures: 11/13 | num. successes: 0/10
2024-01-13 20:15:18,920 - INFO - [1244 in node 7] Best value: -171.683 | TR length: 0.013 | num. failures: 12/13 | num. successes: 0/10
2024-01-13 20:15:22,372 - INFO - [1248 in node 7] Best value: -171.683 | TR length: 0.006 | num. failures: 0/13 | num. successes: 0/10
2024-01-13 20:15:22,372 - INFO - [TuRBO] Local Modelling converges (TR length below threshold) after 1248 evaluations
2024-01-13 20:15:24,328 - INFO - [104 in node 53] Best value: -318.777 | TR length: 0.800 | num. failures: 0/13 | num. successes: 1/10
2024-01-13 20:15:24,565 - INFO - [108 in node 53] Best value: -318.777 | TR length: 0.800 | num. failures: 1/13 | num. successes: 0/10
2024-01-13 20:15:25,007 - INFO - [112 in node 53] Best value: -318.777 | TR length: 0.800 | num. failures: 2/13 | num. successes: 0/10
2024-01-13 20:15:25,390 - INFO - [116 in node 53] Best value: -318.777 | TR length: 0.800 | num. failures: 3/13 | num. successes: 0/10
2024-01-13 20:15:25,833 - INFO - [120 in node 53] Best value: -318.777 | TR length: 0.800 | num. failures: 4/13 | num. successes: 0/10
2024-01-13 20:15:26,219 - INFO - [124 in node 53] Best value: -313.229 | TR length: 0.800 | num. failures: 0/13 | num. successes: 1/10
2024-01-13 20:15:26,791 - INFO - [128 in node 53] Best value: -313.229 | TR length: 0.800 | num. failures: 1/13 | num. successes: 0/10
2024-01-13 20:15:27,298 - INFO - [132 in node 53] Best value: -313.229 | TR length: 0.800 | num. failures: 2/13 | num. successes: 0/10
2024-01-13 20:15:27,911 - INFO - [136 in node 53] Best value: -313.229 | TR length: 0.800 | num. failures: 3/13 | num. successes: 0/10
2024-01-13 20:15:28,574 - INFO - [140 in node 53] Best value: -288.990 | TR length: 0.800 | num. failures: 0/13 | num. successes: 1/10
2024-01-13 20:15:29,266 - INFO - [144 in node 53] Best value: -288.990 | TR length: 0.800 | num. failures: 1/13 | num. successes: 0/10
2024-01-13 20:15:30,085 - INFO - [148 in node 53] Best value: -288.990 | TR length: 0.800 | num. failures: 2/13 | num. successes: 0/10
2024-01-13 20:15:30,701 - INFO - [152 in node 53] Best value: -282.685 | TR length: 0.800 | num. failures: 0/13 | num. successes: 1/10
2024-01-13 20:15:31,209 - INFO - [156 in node 53] Best value: -282.685 | TR length: 0.800 | num. failures: 1/13 | num. successes: 0/10
2024-01-13 20:15:31,625 - INFO - [160 in node 53] Best value: -280.427 | TR length: 0.800 | num. failures: 0/13 | num. successes: 1/10
2024-01-13 20:15:32,135 - INFO - [164 in node 53] Best value: -275.963 | TR length: 0.800 | num. failures: 0/13 | num. successes: 2/10
2024-01-13 20:15:32,675 - INFO - [168 in node 53] Best value: -275.963 | TR length: 0.800 | num. failures: 1/13 | num. successes: 0/10
2024-01-13 20:15:33,525 - INFO - [172 in node 53] Best value: -275.963 | TR length: 0.800 | num. failures: 2/13 | num. successes: 0/10
2024-01-13 20:15:33,942 - INFO - [176 in node 53] Best value: -275.963 | TR length: 0.800 | num. failures: 3/13 | num. successes: 0/10
2024-01-13 20:15:34,402 - INFO - [180 in node 53] Best value: -274.270 | TR length: 0.800 | num. failures: 0/13 | num. successes: 1/10
2024-01-13 20:15:34,895 - INFO - [184 in node 53] Best value: -274.270 | TR length: 0.800 | num. failures: 1/13 | num. successes: 0/10
2024-01-13 20:15:35,610 - INFO - [188 in node 53] Best value: -274.270 | TR length: 0.800 | num. failures: 2/13 | num. successes: 0/10
2024-01-13 20:15:36,243 - INFO - [192 in node 53] Best value: -274.270 | TR length: 0.800 | num. failures: 3/13 | num. successes: 0/10
2024-01-13 20:15:36,846 - INFO - [196 in node 53] Best value: -274.270 | TR length: 0.800 | num. failures: 4/13 | num. successes: 0/10
2024-01-13 20:15:37,445 - INFO - [200 in node 53] Best value: -274.270 | TR length: 0.800 | num. failures: 5/13 | num. successes: 0/10
2024-01-13 20:15:38,115 - INFO - [204 in node 53] Best value: -240.935 | TR length: 0.800 | num. failures: 0/13 | num. successes: 1/10
2024-01-13 20:15:38,667 - INFO - [208 in node 53] Best value: -240.935 | TR length: 0.800 | num. failures: 1/13 | num. successes: 0/10
2024-01-13 20:15:39,161 - INFO - [212 in node 53] Best value: -240.935 | TR length: 0.800 | num. failures: 2/13 | num. successes: 0/10
2024-01-13 20:15:39,625 - INFO - [216 in node 53] Best value: -240.935 | TR length: 0.800 | num. failures: 3/13 | num. successes: 0/10
2024-01-13 20:15:40,266 - INFO - [220 in node 53] Best value: -240.935 | TR length: 0.800 | num. failures: 4/13 | num. successes: 0/10
2024-01-13 20:15:40,637 - INFO - [224 in node 53] Best value: -240.935 | TR length: 0.800 | num. failures: 5/13 | num. successes: 0/10
2024-01-13 20:15:41,215 - INFO - [228 in node 53] Best value: -240.935 | TR length: 0.800 | num. failures: 6/13 | num. successes: 0/10
2024-01-13 20:15:41,690 - INFO - [232 in node 53] Best value: -240.935 | TR length: 0.800 | num. failures: 7/13 | num. successes: 0/10
2024-01-13 20:15:42,309 - INFO - [236 in node 53] Best value: -240.935 | TR length: 0.800 | num. failures: 8/13 | num. successes: 0/10
2024-01-13 20:15:42,988 - INFO - [240 in node 53] Best value: -240.935 | TR length: 0.800 | num. failures: 9/13 | num. successes: 0/10
2024-01-13 20:15:43,652 - INFO - [244 in node 53] Best value: -240.935 | TR length: 0.800 | num. failures: 10/13 | num. successes: 0/10
2024-01-13 20:15:44,185 - INFO - [248 in node 53] Best value: -240.935 | TR length: 0.800 | num. failures: 11/13 | num. successes: 0/10
2024-01-13 20:15:44,739 - INFO - [252 in node 53] Best value: -240.935 | TR length: 0.800 | num. failures: 12/13 | num. successes: 0/10
2024-01-13 20:15:45,334 - INFO - [256 in node 53] Best value: -240.935 | TR length: 0.400 | num. failures: 0/13 | num. successes: 0/10
2024-01-13 20:15:46,008 - INFO - [260 in node 53] Best value: -240.935 | TR length: 0.400 | num. failures: 1/13 | num. successes: 0/10
2024-01-13 20:15:46,567 - INFO - [264 in node 53] Best value: -217.239 | TR length: 0.400 | num. failures: 0/13 | num. successes: 1/10
2024-01-13 20:15:47,230 - INFO - [268 in node 53] Best value: -217.239 | TR length: 0.400 | num. failures: 1/13 | num. successes: 0/10
2024-01-13 20:15:47,875 - INFO - [272 in node 53] Best value: -217.239 | TR length: 0.400 | num. failures: 2/13 | num. successes: 0/10
2024-01-13 20:15:48,460 - INFO - [276 in node 53] Best value: -217.239 | TR length: 0.400 | num. failures: 3/13 | num. successes: 0/10
2024-01-13 20:15:49,348 - INFO - [280 in node 53] Best value: -217.239 | TR length: 0.400 | num. failures: 4/13 | num. successes: 0/10
2024-01-13 20:15:50,014 - INFO - [284 in node 53] Best value: -217.239 | TR length: 0.400 | num. failures: 5/13 | num. successes: 0/10
2024-01-13 20:15:50,776 - INFO - [288 in node 53] Best value: -217.239 | TR length: 0.400 | num. failures: 6/13 | num. successes: 0/10
2024-01-13 20:15:51,955 - INFO - [292 in node 53] Best value: -217.239 | TR length: 0.400 | num. failures: 7/13 | num. successes: 0/10
2024-01-13 20:15:52,710 - INFO - [296 in node 53] Best value: -217.239 | TR length: 0.400 | num. failures: 8/13 | num. successes: 0/10
2024-01-13 20:15:53,602 - INFO - [300 in node 53] Best value: -217.239 | TR length: 0.400 | num. failures: 9/13 | num. successes: 0/10
2024-01-13 20:15:54,102 - INFO - [304 in node 53] Best value: -217.239 | TR length: 0.400 | num. failures: 10/13 | num. successes: 0/10
2024-01-13 20:15:54,636 - INFO - [308 in node 53] Best value: -217.239 | TR length: 0.400 | num. failures: 11/13 | num. successes: 0/10
2024-01-13 20:15:55,159 - INFO - [312 in node 53] Best value: -217.239 | TR length: 0.400 | num. failures: 12/13 | num. successes: 0/10
2024-01-13 20:15:55,750 - INFO - [316 in node 53] Best value: -217.239 | TR length: 0.200 | num. failures: 0/13 | num. successes: 0/10
2024-01-13 20:15:56,517 - INFO - [320 in node 53] Best value: -217.239 | TR length: 0.200 | num. failures: 1/13 | num. successes: 0/10
2024-01-13 20:15:57,155 - INFO - [324 in node 53] Best value: -217.239 | TR length: 0.200 | num. failures: 2/13 | num. successes: 0/10
2024-01-13 20:15:57,908 - INFO - [328 in node 53] Best value: -217.239 | TR length: 0.200 | num. failures: 3/13 | num. successes: 0/10
2024-01-13 20:15:59,104 - INFO - [332 in node 53] Best value: -217.239 | TR length: 0.200 | num. failures: 4/13 | num. successes: 0/10
2024-01-13 20:15:59,600 - INFO - [336 in node 53] Best value: -217.239 | TR length: 0.200 | num. failures: 5/13 | num. successes: 0/10
2024-01-13 20:16:00,171 - INFO - [340 in node 53] Best value: -217.239 | TR length: 0.200 | num. failures: 6/13 | num. successes: 0/10
2024-01-13 20:16:00,734 - INFO - [344 in node 53] Best value: -217.239 | TR length: 0.200 | num. failures: 7/13 | num. successes: 0/10
2024-01-13 20:16:01,802 - INFO - [348 in node 53] Best value: -217.239 | TR length: 0.200 | num. failures: 8/13 | num. successes: 0/10
2024-01-13 20:16:02,808 - INFO - [352 in node 53] Best value: -217.239 | TR length: 0.200 | num. failures: 9/13 | num. successes: 0/10
2024-01-13 20:16:03,762 - INFO - [356 in node 53] Best value: -217.239 | TR length: 0.200 | num. failures: 10/13 | num. successes: 0/10
2024-01-13 20:16:04,919 - INFO - [360 in node 53] Best value: -217.239 | TR length: 0.200 | num. failures: 11/13 | num. successes: 0/10
2024-01-13 20:16:06,066 - INFO - [364 in node 53] Best value: -217.239 | TR length: 0.200 | num. failures: 12/13 | num. successes: 0/10
2024-01-13 20:16:07,148 - INFO - [368 in node 53] Best value: -217.239 | TR length: 0.100 | num. failures: 0/13 | num. successes: 0/10
2024-01-13 20:16:07,891 - INFO - [372 in node 53] Best value: -217.239 | TR length: 0.100 | num. failures: 1/13 | num. successes: 0/10
2024-01-13 20:16:08,524 - INFO - [376 in node 53] Best value: -217.239 | TR length: 0.100 | num. failures: 2/13 | num. successes: 0/10
2024-01-13 20:16:08,953 - INFO - [380 in node 53] Best value: -217.239 | TR length: 0.100 | num. failures: 3/13 | num. successes: 0/10
2024-01-13 20:16:09,689 - INFO - [384 in node 53] Best value: -217.239 | TR length: 0.100 | num. failures: 4/13 | num. successes: 0/10
2024-01-13 20:16:10,188 - INFO - [388 in node 53] Best value: -217.239 | TR length: 0.100 | num. failures: 5/13 | num. successes: 0/10
2024-01-13 20:16:11,027 - INFO - [392 in node 53] Best value: -217.239 | TR length: 0.100 | num. failures: 6/13 | num. successes: 0/10
2024-01-13 20:16:12,100 - INFO - [396 in node 53] Best value: -217.239 | TR length: 0.100 | num. failures: 7/13 | num. successes: 0/10
2024-01-13 20:16:12,575 - INFO - [400 in node 53] Best value: -215.740 | TR length: 0.100 | num. failures: 0/13 | num. successes: 1/10
2024-01-13 20:16:13,392 - INFO - [404 in node 53] Best value: -215.740 | TR length: 0.100 | num. failures: 1/13 | num. successes: 0/10
2024-01-13 20:16:13,995 - INFO - [408 in node 53] Best value: -215.740 | TR length: 0.100 | num. failures: 2/13 | num. successes: 0/10
2024-01-13 20:16:15,133 - INFO - [412 in node 53] Best value: -215.740 | TR length: 0.100 | num. failures: 3/13 | num. successes: 0/10
2024-01-13 20:16:16,235 - INFO - [416 in node 53] Best value: -215.740 | TR length: 0.100 | num. failures: 4/13 | num. successes: 0/10
2024-01-13 20:16:17,228 - INFO - [420 in node 53] Best value: -215.740 | TR length: 0.100 | num. failures: 5/13 | num. successes: 0/10
2024-01-13 20:16:18,428 - INFO - [424 in node 53] Best value: -215.740 | TR length: 0.100 | num. failures: 6/13 | num. successes: 0/10
2024-01-13 20:16:19,854 - INFO - [428 in node 53] Best value: -215.740 | TR length: 0.100 | num. failures: 7/13 | num. successes: 0/10
2024-01-13 20:16:20,999 - INFO - [432 in node 53] Best value: -215.740 | TR length: 0.100 | num. failures: 8/13 | num. successes: 0/10
2024-01-13 20:16:22,293 - INFO - [436 in node 53] Best value: -215.740 | TR length: 0.100 | num. failures: 9/13 | num. successes: 0/10
2024-01-13 20:16:23,334 - INFO - [440 in node 53] Best value: -215.740 | TR length: 0.100 | num. failures: 10/13 | num. successes: 0/10
2024-01-13 20:16:24,847 - INFO - [444 in node 53] Best value: -215.740 | TR length: 0.100 | num. failures: 11/13 | num. successes: 0/10
2024-01-13 20:16:26,361 - INFO - [448 in node 53] Best value: -215.740 | TR length: 0.100 | num. failures: 12/13 | num. successes: 0/10
2024-01-13 20:16:27,238 - INFO - [452 in node 53] Best value: -215.740 | TR length: 0.050 | num. failures: 0/13 | num. successes: 0/10
2024-01-13 20:16:28,117 - INFO - [456 in node 53] Best value: -215.740 | TR length: 0.050 | num. failures: 1/13 | num. successes: 0/10
2024-01-13 20:16:29,465 - INFO - [460 in node 53] Best value: -215.740 | TR length: 0.050 | num. failures: 2/13 | num. successes: 0/10
2024-01-13 20:16:30,558 - INFO - [464 in node 53] Best value: -215.740 | TR length: 0.050 | num. failures: 3/13 | num. successes: 0/10
2024-01-13 20:16:32,176 - INFO - [468 in node 53] Best value: -215.740 | TR length: 0.050 | num. failures: 4/13 | num. successes: 0/10
2024-01-13 20:16:33,747 - INFO - [472 in node 53] Best value: -201.891 | TR length: 0.050 | num. failures: 0/13 | num. successes: 1/10
2024-01-13 20:16:35,263 - INFO - [476 in node 53] Best value: -201.891 | TR length: 0.050 | num. failures: 1/13 | num. successes: 0/10
2024-01-13 20:16:36,528 - INFO - [480 in node 53] Best value: -201.891 | TR length: 0.050 | num. failures: 2/13 | num. successes: 0/10
2024-01-13 20:16:37,778 - INFO - [484 in node 53] Best value: -201.891 | TR length: 0.050 | num. failures: 3/13 | num. successes: 0/10
2024-01-13 20:16:38,994 - INFO - [488 in node 53] Best value: -201.891 | TR length: 0.050 | num. failures: 4/13 | num. successes: 0/10
2024-01-13 20:16:40,256 - INFO - [492 in node 53] Best value: -201.891 | TR length: 0.050 | num. failures: 5/13 | num. successes: 0/10
2024-01-13 20:16:41,210 - INFO - [496 in node 53] Best value: -201.891 | TR length: 0.050 | num. failures: 6/13 | num. successes: 0/10
2024-01-13 20:16:42,309 - INFO - [500 in node 53] Best value: -201.891 | TR length: 0.050 | num. failures: 7/13 | num. successes: 0/10
2024-01-13 20:16:43,681 - INFO - [504 in node 53] Best value: -201.891 | TR length: 0.050 | num. failures: 8/13 | num. successes: 0/10
2024-01-13 20:16:45,209 - INFO - [508 in node 53] Best value: -196.646 | TR length: 0.050 | num. failures: 0/13 | num. successes: 1/10
2024-01-13 20:16:46,788 - INFO - [512 in node 53] Best value: -196.646 | TR length: 0.050 | num. failures: 1/13 | num. successes: 0/10
2024-01-13 20:16:48,026 - INFO - [516 in node 53] Best value: -187.608 | TR length: 0.050 | num. failures: 0/13 | num. successes: 1/10
2024-01-13 20:16:49,160 - INFO - [520 in node 53] Best value: -187.608 | TR length: 0.050 | num. failures: 1/13 | num. successes: 0/10
2024-01-13 20:16:50,445 - INFO - [524 in node 53] Best value: -187.608 | TR length: 0.050 | num. failures: 2/13 | num. successes: 0/10
2024-01-13 20:16:51,496 - INFO - [528 in node 53] Best value: -187.608 | TR length: 0.050 | num. failures: 3/13 | num. successes: 0/10
2024-01-13 20:16:52,686 - INFO - [532 in node 53] Best value: -187.608 | TR length: 0.050 | num. failures: 4/13 | num. successes: 0/10
2024-01-13 20:16:53,806 - INFO - [536 in node 53] Best value: -187.608 | TR length: 0.050 | num. failures: 5/13 | num. successes: 0/10
2024-01-13 20:16:55,102 - INFO - [540 in node 53] Best value: -187.608 | TR length: 0.050 | num. failures: 6/13 | num. successes: 0/10
2024-01-13 20:16:56,732 - INFO - [544 in node 53] Best value: -187.608 | TR length: 0.050 | num. failures: 7/13 | num. successes: 0/10
2024-01-13 20:16:57,593 - INFO - [548 in node 53] Best value: -187.608 | TR length: 0.050 | num. failures: 8/13 | num. successes: 0/10
2024-01-13 20:16:58,622 - INFO - [552 in node 53] Best value: -187.608 | TR length: 0.050 | num. failures: 9/13 | num. successes: 0/10
2024-01-13 20:16:59,623 - INFO - [556 in node 53] Best value: -187.608 | TR length: 0.050 | num. failures: 10/13 | num. successes: 0/10
2024-01-13 20:17:00,604 - INFO - [560 in node 53] Best value: -187.608 | TR length: 0.050 | num. failures: 11/13 | num. successes: 0/10
2024-01-13 20:17:01,803 - INFO - [564 in node 53] Best value: -186.484 | TR length: 0.050 | num. failures: 0/13 | num. successes: 1/10
2024-01-13 20:17:03,062 - INFO - [568 in node 53] Best value: -186.484 | TR length: 0.050 | num. failures: 1/13 | num. successes: 0/10
2024-01-13 20:17:04,182 - INFO - [572 in node 53] Best value: -186.484 | TR length: 0.050 | num. failures: 2/13 | num. successes: 0/10
2024-01-13 20:17:05,307 - INFO - [576 in node 53] Best value: -186.484 | TR length: 0.050 | num. failures: 3/13 | num. successes: 0/10
2024-01-13 20:17:06,422 - INFO - [580 in node 53] Best value: -180.020 | TR length: 0.050 | num. failures: 0/13 | num. successes: 1/10
2024-01-13 20:17:07,491 - INFO - [584 in node 53] Best value: -180.020 | TR length: 0.050 | num. failures: 1/13 | num. successes: 0/10
2024-01-13 20:17:08,759 - INFO - [588 in node 53] Best value: -180.020 | TR length: 0.050 | num. failures: 2/13 | num. successes: 0/10
2024-01-13 20:17:10,014 - INFO - [592 in node 53] Best value: -180.020 | TR length: 0.050 | num. failures: 3/13 | num. successes: 0/10
2024-01-13 20:17:11,304 - INFO - [596 in node 53] Best value: -180.020 | TR length: 0.050 | num. failures: 4/13 | num. successes: 0/10
2024-01-13 20:17:12,425 - INFO - [600 in node 53] Best value: -180.020 | TR length: 0.050 | num. failures: 5/13 | num. successes: 0/10
2024-01-13 20:17:13,575 - INFO - [604 in node 53] Best value: -180.020 | TR length: 0.050 | num. failures: 6/13 | num. successes: 0/10
2024-01-13 20:17:14,574 - INFO - [608 in node 53] Best value: -177.422 | TR length: 0.050 | num. failures: 0/13 | num. successes: 1/10
2024-01-13 20:17:15,686 - INFO - [612 in node 53] Best value: -177.422 | TR length: 0.050 | num. failures: 1/13 | num. successes: 0/10
2024-01-13 20:17:16,851 - INFO - [616 in node 53] Best value: -177.422 | TR length: 0.050 | num. failures: 2/13 | num. successes: 0/10
2024-01-13 20:17:18,187 - INFO - [620 in node 53] Best value: -170.625 | TR length: 0.050 | num. failures: 0/13 | num. successes: 1/10
2024-01-13 20:17:19,424 - INFO - [624 in node 53] Best value: -170.625 | TR length: 0.050 | num. failures: 1/13 | num. successes: 0/10
2024-01-13 20:17:20,509 - INFO - [628 in node 53] Best value: -170.625 | TR length: 0.050 | num. failures: 2/13 | num. successes: 0/10
2024-01-13 20:17:21,682 - INFO - [632 in node 53] Best value: -170.625 | TR length: 0.050 | num. failures: 3/13 | num. successes: 0/10
2024-01-13 20:17:23,001 - INFO - [636 in node 53] Best value: -170.625 | TR length: 0.050 | num. failures: 4/13 | num. successes: 0/10
2024-01-13 20:17:24,363 - INFO - [640 in node 53] Best value: -170.625 | TR length: 0.050 | num. failures: 5/13 | num. successes: 0/10
2024-01-13 20:17:25,620 - INFO - [644 in node 53] Best value: -170.625 | TR length: 0.050 | num. failures: 6/13 | num. successes: 0/10
2024-01-13 20:17:26,933 - INFO - [648 in node 53] Best value: -170.625 | TR length: 0.050 | num. failures: 7/13 | num. successes: 0/10
2024-01-13 20:17:28,633 - INFO - [652 in node 53] Best value: -170.625 | TR length: 0.050 | num. failures: 8/13 | num. successes: 0/10
2024-01-13 20:17:29,926 - INFO - [656 in node 53] Best value: -165.374 | TR length: 0.050 | num. failures: 0/13 | num. successes: 1/10
2024-01-13 20:17:31,544 - INFO - [660 in node 53] Best value: -165.374 | TR length: 0.050 | num. failures: 1/13 | num. successes: 0/10
2024-01-13 20:17:33,033 - INFO - [664 in node 53] Best value: -165.374 | TR length: 0.050 | num. failures: 2/13 | num. successes: 0/10
2024-01-13 20:17:35,140 - INFO - [668 in node 53] Best value: -165.374 | TR length: 0.050 | num. failures: 3/13 | num. successes: 0/10
2024-01-13 20:17:36,705 - INFO - [672 in node 53] Best value: -165.374 | TR length: 0.050 | num. failures: 4/13 | num. successes: 0/10
2024-01-13 20:17:38,171 - INFO - [676 in node 53] Best value: -165.374 | TR length: 0.050 | num. failures: 5/13 | num. successes: 0/10
2024-01-13 20:17:39,742 - INFO - [680 in node 53] Best value: -165.374 | TR length: 0.050 | num. failures: 6/13 | num. successes: 0/10
2024-01-13 20:17:41,063 - INFO - [684 in node 53] Best value: -165.374 | TR length: 0.050 | num. failures: 7/13 | num. successes: 0/10
2024-01-13 20:17:42,481 - INFO - [688 in node 53] Best value: -165.374 | TR length: 0.050 | num. failures: 8/13 | num. successes: 0/10
2024-01-13 20:17:43,750 - INFO - [692 in node 53] Best value: -165.374 | TR length: 0.050 | num. failures: 9/13 | num. successes: 0/10
2024-01-13 20:17:45,348 - INFO - [696 in node 53] Best value: -165.374 | TR length: 0.050 | num. failures: 10/13 | num. successes: 0/10
2024-01-13 20:17:47,821 - INFO - [700 in node 53] Best value: -165.374 | TR length: 0.050 | num. failures: 11/13 | num. successes: 0/10
2024-01-13 20:17:49,688 - INFO - [704 in node 53] Best value: -165.374 | TR length: 0.050 | num. failures: 12/13 | num. successes: 0/10
2024-01-13 20:17:51,415 - INFO - [708 in node 53] Best value: -165.374 | TR length: 0.025 | num. failures: 0/13 | num. successes: 0/10
2024-01-13 20:17:52,969 - INFO - [712 in node 53] Best value: -165.374 | TR length: 0.025 | num. failures: 1/13 | num. successes: 0/10
2024-01-13 20:17:54,657 - INFO - [716 in node 53] Best value: -165.374 | TR length: 0.025 | num. failures: 2/13 | num. successes: 0/10
2024-01-13 20:17:56,577 - INFO - [720 in node 53] Best value: -165.374 | TR length: 0.025 | num. failures: 3/13 | num. successes: 0/10
2024-01-13 20:17:58,109 - INFO - [724 in node 53] Best value: -165.374 | TR length: 0.025 | num. failures: 4/13 | num. successes: 0/10
2024-01-13 20:17:59,682 - INFO - [728 in node 53] Best value: -165.374 | TR length: 0.025 | num. failures: 5/13 | num. successes: 0/10
2024-01-13 20:18:00,847 - INFO - [732 in node 53] Best value: -165.374 | TR length: 0.025 | num. failures: 6/13 | num. successes: 0/10
2024-01-13 20:18:03,004 - INFO - [736 in node 53] Best value: -165.374 | TR length: 0.025 | num. failures: 7/13 | num. successes: 0/10
2024-01-13 20:18:04,455 - INFO - [740 in node 53] Best value: -165.374 | TR length: 0.025 | num. failures: 8/13 | num. successes: 0/10
2024-01-13 20:18:05,973 - INFO - [744 in node 53] Best value: -165.374 | TR length: 0.025 | num. failures: 9/13 | num. successes: 0/10
2024-01-13 20:18:07,288 - INFO - [748 in node 53] Best value: -165.374 | TR length: 0.025 | num. failures: 10/13 | num. successes: 0/10
2024-01-13 20:18:08,765 - INFO - [752 in node 53] Best value: -162.414 | TR length: 0.025 | num. failures: 0/13 | num. successes: 1/10
2024-01-13 20:18:10,159 - INFO - [756 in node 53] Best value: -161.130 | TR length: 0.025 | num. failures: 0/13 | num. successes: 2/10
2024-01-13 20:18:12,593 - INFO - [760 in node 53] Best value: -161.130 | TR length: 0.025 | num. failures: 1/13 | num. successes: 0/10
2024-01-13 20:18:14,345 - INFO - [764 in node 53] Best value: -160.994 | TR length: 0.025 | num. failures: 0/13 | num. successes: 1/10
2024-01-13 20:18:15,658 - INFO - [768 in node 53] Best value: -160.684 | TR length: 0.025 | num. failures: 0/13 | num. successes: 2/10
2024-01-13 20:18:16,940 - INFO - [772 in node 53] Best value: -160.684 | TR length: 0.025 | num. failures: 1/13 | num. successes: 0/10
2024-01-13 20:18:18,579 - INFO - [776 in node 53] Best value: -158.966 | TR length: 0.025 | num. failures: 0/13 | num. successes: 1/10
2024-01-13 20:18:20,427 - INFO - [780 in node 53] Best value: -158.966 | TR length: 0.025 | num. failures: 1/13 | num. successes: 0/10
2024-01-13 20:18:21,925 - INFO - [784 in node 53] Best value: -155.043 | TR length: 0.025 | num. failures: 0/13 | num. successes: 1/10
2024-01-13 20:18:23,467 - INFO - [788 in node 53] Best value: -155.043 | TR length: 0.025 | num. failures: 1/13 | num. successes: 0/10
2024-01-13 20:18:25,802 - INFO - [792 in node 53] Best value: -155.043 | TR length: 0.025 | num. failures: 2/13 | num. successes: 0/10
2024-01-13 20:18:28,035 - INFO - [796 in node 53] Best value: -155.043 | TR length: 0.025 | num. failures: 3/13 | num. successes: 0/10
2024-01-13 20:18:29,603 - INFO - [800 in node 53] Best value: -154.335 | TR length: 0.025 | num. failures: 0/13 | num. successes: 1/10
2024-01-13 20:18:31,842 - INFO - [804 in node 53] Best value: -154.335 | TR length: 0.025 | num. failures: 1/13 | num. successes: 0/10
2024-01-13 20:18:33,482 - INFO - [808 in node 53] Best value: -154.335 | TR length: 0.025 | num. failures: 2/13 | num. successes: 0/10
2024-01-13 20:18:35,190 - INFO - [812 in node 53] Best value: -154.335 | TR length: 0.025 | num. failures: 3/13 | num. successes: 0/10
2024-01-13 20:18:37,062 - INFO - [816 in node 53] Best value: -154.335 | TR length: 0.025 | num. failures: 4/13 | num. successes: 0/10
2024-01-13 20:18:39,025 - INFO - [820 in node 53] Best value: -154.335 | TR length: 0.025 | num. failures: 5/13 | num. successes: 0/10
2024-01-13 20:18:41,166 - INFO - [824 in node 53] Best value: -154.335 | TR length: 0.025 | num. failures: 6/13 | num. successes: 0/10
2024-01-13 20:18:42,824 - INFO - [828 in node 53] Best value: -153.665 | TR length: 0.025 | num. failures: 0/13 | num. successes: 1/10
2024-01-13 20:18:44,986 - INFO - [832 in node 53] Best value: -153.665 | TR length: 0.025 | num. failures: 1/13 | num. successes: 0/10
2024-01-13 20:18:46,660 - INFO - [836 in node 53] Best value: -152.191 | TR length: 0.025 | num. failures: 0/13 | num. successes: 1/10
2024-01-13 20:18:48,447 - INFO - [840 in node 53] Best value: -152.191 | TR length: 0.025 | num. failures: 1/13 | num. successes: 0/10
2024-01-13 20:18:50,565 - INFO - [844 in node 53] Best value: -152.191 | TR length: 0.025 | num. failures: 2/13 | num. successes: 0/10
2024-01-13 20:18:51,813 - INFO - [848 in node 53] Best value: -152.191 | TR length: 0.025 | num. failures: 3/13 | num. successes: 0/10
2024-01-13 20:18:52,934 - INFO - [852 in node 53] Best value: -152.191 | TR length: 0.025 | num. failures: 4/13 | num. successes: 0/10
2024-01-13 20:18:54,438 - INFO - [856 in node 53] Best value: -152.191 | TR length: 0.025 | num. failures: 5/13 | num. successes: 0/10
2024-01-13 20:18:56,090 - INFO - [860 in node 53] Best value: -152.191 | TR length: 0.025 | num. failures: 6/13 | num. successes: 0/10
2024-01-13 20:18:57,697 - INFO - [864 in node 53] Best value: -152.191 | TR length: 0.025 | num. failures: 7/13 | num. successes: 0/10
2024-01-13 20:18:59,187 - INFO - [868 in node 53] Best value: -152.191 | TR length: 0.025 | num. failures: 8/13 | num. successes: 0/10
2024-01-13 20:19:00,889 - INFO - [872 in node 53] Best value: -152.191 | TR length: 0.025 | num. failures: 9/13 | num. successes: 0/10
2024-01-13 20:19:02,476 - INFO - [876 in node 53] Best value: -152.191 | TR length: 0.025 | num. failures: 10/13 | num. successes: 0/10
2024-01-13 20:19:03,815 - INFO - [880 in node 53] Best value: -152.191 | TR length: 0.025 | num. failures: 11/13 | num. successes: 0/10
2024-01-13 20:19:05,320 - INFO - [884 in node 53] Best value: -152.191 | TR length: 0.025 | num. failures: 12/13 | num. successes: 0/10
2024-01-13 20:19:07,076 - INFO - [888 in node 53] Best value: -149.989 | TR length: 0.025 | num. failures: 0/13 | num. successes: 1/10
2024-01-13 20:19:08,604 - INFO - [892 in node 53] Best value: -149.989 | TR length: 0.025 | num. failures: 1/13 | num. successes: 0/10
2024-01-13 20:19:10,387 - INFO - [896 in node 53] Best value: -149.402 | TR length: 0.025 | num. failures: 0/13 | num. successes: 1/10
2024-01-13 20:19:12,550 - INFO - [900 in node 53] Best value: -149.402 | TR length: 0.025 | num. failures: 1/13 | num. successes: 0/10
2024-01-13 20:19:14,284 - INFO - [904 in node 53] Best value: -149.402 | TR length: 0.025 | num. failures: 2/13 | num. successes: 0/10
2024-01-13 20:19:15,933 - INFO - [908 in node 53] Best value: -149.402 | TR length: 0.025 | num. failures: 3/13 | num. successes: 0/10
2024-01-13 20:19:17,837 - INFO - [912 in node 53] Best value: -149.143 | TR length: 0.025 | num. failures: 0/13 | num. successes: 1/10
2024-01-13 20:19:19,839 - INFO - [916 in node 53] Best value: -148.704 | TR length: 0.025 | num. failures: 0/13 | num. successes: 2/10
2024-01-13 20:19:21,715 - INFO - [920 in node 53] Best value: -148.704 | TR length: 0.025 | num. failures: 1/13 | num. successes: 0/10
2024-01-13 20:19:23,891 - INFO - [924 in node 53] Best value: -148.704 | TR length: 0.025 | num. failures: 2/13 | num. successes: 0/10
2024-01-13 20:19:26,026 - INFO - [928 in node 53] Best value: -148.704 | TR length: 0.025 | num. failures: 3/13 | num. successes: 0/10
2024-01-13 20:19:27,849 - INFO - [932 in node 53] Best value: -148.704 | TR length: 0.025 | num. failures: 4/13 | num. successes: 0/10
2024-01-13 20:19:30,306 - INFO - [936 in node 53] Best value: -148.704 | TR length: 0.025 | num. failures: 5/13 | num. successes: 0/10
2024-01-13 20:19:32,735 - INFO - [940 in node 53] Best value: -148.350 | TR length: 0.025 | num. failures: 0/13 | num. successes: 1/10
2024-01-13 20:19:34,933 - INFO - [944 in node 53] Best value: -148.350 | TR length: 0.025 | num. failures: 1/13 | num. successes: 0/10
2024-01-13 20:19:37,449 - INFO - [948 in node 53] Best value: -148.350 | TR length: 0.025 | num. failures: 2/13 | num. successes: 0/10
2024-01-13 20:19:39,438 - INFO - [952 in node 53] Best value: -148.350 | TR length: 0.025 | num. failures: 3/13 | num. successes: 0/10
2024-01-13 20:19:41,127 - INFO - [956 in node 53] Best value: -148.350 | TR length: 0.025 | num. failures: 4/13 | num. successes: 0/10
2024-01-13 20:19:43,127 - INFO - [960 in node 53] Best value: -148.350 | TR length: 0.025 | num. failures: 5/13 | num. successes: 0/10
2024-01-13 20:19:44,872 - INFO - [964 in node 53] Best value: -148.350 | TR length: 0.025 | num. failures: 6/13 | num. successes: 0/10
2024-01-13 20:19:46,999 - INFO - [968 in node 53] Best value: -148.350 | TR length: 0.025 | num. failures: 7/13 | num. successes: 0/10
2024-01-13 20:19:48,815 - INFO - [972 in node 53] Best value: -148.350 | TR length: 0.025 | num. failures: 8/13 | num. successes: 0/10
2024-01-13 20:19:50,684 - INFO - [976 in node 53] Best value: -148.350 | TR length: 0.025 | num. failures: 9/13 | num. successes: 0/10
2024-01-13 20:19:52,557 - INFO - [980 in node 53] Best value: -148.350 | TR length: 0.025 | num. failures: 10/13 | num. successes: 0/10
2024-01-13 20:19:54,459 - INFO - [984 in node 53] Best value: -148.350 | TR length: 0.025 | num. failures: 11/13 | num. successes: 0/10
2024-01-13 20:19:56,154 - INFO - [988 in node 53] Best value: -148.350 | TR length: 0.025 | num. failures: 12/13 | num. successes: 0/10
2024-01-13 20:19:58,255 - INFO - [992 in node 53] Best value: -148.350 | TR length: 0.013 | num. failures: 0/13 | num. successes: 0/10
2024-01-13 20:19:59,940 - INFO - [996 in node 53] Best value: -145.955 | TR length: 0.013 | num. failures: 0/13 | num. successes: 1/10
2024-01-13 20:20:01,783 - INFO - [1000 in node 53] Best value: -144.698 | TR length: 0.013 | num. failures: 0/13 | num. successes: 2/10
2024-01-13 20:20:03,972 - INFO - [1004 in node 53] Best value: -144.078 | TR length: 0.013 | num. failures: 0/13 | num. successes: 3/10
2024-01-13 20:20:05,911 - INFO - [1008 in node 53] Best value: -144.078 | TR length: 0.013 | num. failures: 1/13 | num. successes: 0/10
2024-01-13 20:20:07,849 - INFO - [1012 in node 53] Best value: -142.923 | TR length: 0.013 | num. failures: 0/13 | num. successes: 1/10
2024-01-13 20:20:09,573 - INFO - [1016 in node 53] Best value: -142.923 | TR length: 0.013 | num. failures: 1/13 | num. successes: 0/10
2024-01-13 20:20:10,913 - INFO - [1020 in node 53] Best value: -142.684 | TR length: 0.013 | num. failures: 0/13 | num. successes: 1/10
2024-01-13 20:20:12,258 - INFO - [1024 in node 53] Best value: -142.262 | TR length: 0.013 | num. failures: 0/13 | num. successes: 2/10
2024-01-13 20:20:13,537 - INFO - [1028 in node 53] Best value: -142.262 | TR length: 0.013 | num. failures: 1/13 | num. successes: 0/10
2024-01-13 20:20:15,063 - INFO - [1032 in node 53] Best value: -142.262 | TR length: 0.013 | num. failures: 2/13 | num. successes: 0/10
2024-01-13 20:20:16,678 - INFO - [1036 in node 53] Best value: -142.262 | TR length: 0.013 | num. failures: 3/13 | num. successes: 0/10
2024-01-13 20:20:18,057 - INFO - [1040 in node 53] Best value: -142.060 | TR length: 0.013 | num. failures: 0/13 | num. successes: 1/10
2024-01-13 20:20:19,425 - INFO - [1044 in node 53] Best value: -142.060 | TR length: 0.013 | num. failures: 1/13 | num. successes: 0/10
2024-01-13 20:20:21,022 - INFO - [1048 in node 53] Best value: -142.060 | TR length: 0.013 | num. failures: 2/13 | num. successes: 0/10
2024-01-13 20:20:22,302 - INFO - [1052 in node 53] Best value: -142.043 | TR length: 0.013 | num. failures: 0/13 | num. successes: 1/10
2024-01-13 20:20:23,712 - INFO - [1056 in node 53] Best value: -142.033 | TR length: 0.013 | num. failures: 0/13 | num. successes: 2/10
2024-01-13 20:20:25,192 - INFO - [1060 in node 53] Best value: -141.602 | TR length: 0.013 | num. failures: 0/13 | num. successes: 3/10
2024-01-13 20:20:26,581 - INFO - [1064 in node 53] Best value: -141.602 | TR length: 0.013 | num. failures: 1/13 | num. successes: 0/10
2024-01-13 20:20:27,938 - INFO - [1068 in node 53] Best value: -141.602 | TR length: 0.013 | num. failures: 2/13 | num. successes: 0/10
2024-01-13 20:20:29,171 - INFO - [1072 in node 53] Best value: -141.391 | TR length: 0.013 | num. failures: 0/13 | num. successes: 1/10
2024-01-13 20:20:30,337 - INFO - [1076 in node 53] Best value: -140.912 | TR length: 0.013 | num. failures: 0/13 | num. successes: 2/10
2024-01-13 20:20:32,235 - INFO - [1080 in node 53] Best value: -140.912 | TR length: 0.013 | num. failures: 1/13 | num. successes: 0/10
2024-01-13 20:20:33,508 - INFO - [1084 in node 53] Best value: -140.912 | TR length: 0.013 | num. failures: 2/13 | num. successes: 0/10
2024-01-13 20:20:34,688 - INFO - [1088 in node 53] Best value: -140.912 | TR length: 0.013 | num. failures: 3/13 | num. successes: 0/10
2024-01-13 20:20:35,967 - INFO - [1092 in node 53] Best value: -140.912 | TR length: 0.013 | num. failures: 4/13 | num. successes: 0/10
2024-01-13 20:20:37,170 - INFO - [1096 in node 53] Best value: -140.868 | TR length: 0.013 | num. failures: 0/13 | num. successes: 1/10
2024-01-13 20:20:38,412 - INFO - [1100 in node 53] Best value: -140.868 | TR length: 0.013 | num. failures: 1/13 | num. successes: 0/10
2024-01-13 20:20:39,680 - INFO - [1104 in node 53] Best value: -139.988 | TR length: 0.013 | num. failures: 0/13 | num. successes: 1/10
2024-01-13 20:20:40,805 - INFO - [1108 in node 53] Best value: -139.988 | TR length: 0.013 | num. failures: 1/13 | num. successes: 0/10
2024-01-13 20:20:42,086 - INFO - [1112 in node 53] Best value: -139.988 | TR length: 0.013 | num. failures: 2/13 | num. successes: 0/10
2024-01-13 20:20:43,725 - INFO - [1116 in node 53] Best value: -139.988 | TR length: 0.013 | num. failures: 3/13 | num. successes: 0/10
2024-01-13 20:20:44,939 - INFO - [1120 in node 53] Best value: -139.988 | TR length: 0.013 | num. failures: 4/13 | num. successes: 0/10
2024-01-13 20:20:46,069 - INFO - [1124 in node 53] Best value: -139.988 | TR length: 0.013 | num. failures: 5/13 | num. successes: 0/10
2024-01-13 20:20:47,220 - INFO - [1128 in node 53] Best value: -139.988 | TR length: 0.013 | num. failures: 6/13 | num. successes: 0/10
2024-01-13 20:20:48,306 - INFO - [1132 in node 53] Best value: -139.988 | TR length: 0.013 | num. failures: 7/13 | num. successes: 0/10
2024-01-13 20:20:49,345 - INFO - [1136 in node 53] Best value: -139.988 | TR length: 0.013 | num. failures: 8/13 | num. successes: 0/10
2024-01-13 20:20:50,462 - INFO - [1140 in node 53] Best value: -139.988 | TR length: 0.013 | num. failures: 9/13 | num. successes: 0/10
2024-01-13 20:20:51,512 - INFO - [1144 in node 53] Best value: -139.988 | TR length: 0.013 | num. failures: 10/13 | num. successes: 0/10
2024-01-13 20:20:52,738 - INFO - [1148 in node 53] Best value: -139.958 | TR length: 0.013 | num. failures: 0/13 | num. successes: 1/10
2024-01-13 20:20:53,904 - INFO - [1152 in node 53] Best value: -139.958 | TR length: 0.013 | num. failures: 1/13 | num. successes: 0/10
2024-01-13 20:20:54,872 - INFO - [1156 in node 53] Best value: -139.659 | TR length: 0.013 | num. failures: 0/13 | num. successes: 1/10
2024-01-13 20:20:55,944 - INFO - [1160 in node 53] Best value: -139.659 | TR length: 0.013 | num. failures: 1/13 | num. successes: 0/10
2024-01-13 20:20:57,122 - INFO - [1164 in node 53] Best value: -139.659 | TR length: 0.013 | num. failures: 2/13 | num. successes: 0/10
2024-01-13 20:20:58,194 - INFO - [1168 in node 53] Best value: -139.659 | TR length: 0.013 | num. failures: 3/13 | num. successes: 0/10
2024-01-13 20:20:59,397 - INFO - [1172 in node 53] Best value: -139.659 | TR length: 0.013 | num. failures: 4/13 | num. successes: 0/10
2024-01-13 20:21:00,289 - INFO - [1176 in node 53] Best value: -139.659 | TR length: 0.013 | num. failures: 5/13 | num. successes: 0/10
2024-01-13 20:21:01,461 - INFO - [1180 in node 53] Best value: -139.659 | TR length: 0.013 | num. failures: 6/13 | num. successes: 0/10
2024-01-13 20:21:02,491 - INFO - [1184 in node 53] Best value: -139.659 | TR length: 0.013 | num. failures: 7/13 | num. successes: 0/10
2024-01-13 20:21:03,572 - INFO - [1188 in node 53] Best value: -139.659 | TR length: 0.013 | num. failures: 8/13 | num. successes: 0/10
2024-01-13 20:21:04,585 - INFO - [1192 in node 53] Best value: -139.659 | TR length: 0.013 | num. failures: 9/13 | num. successes: 0/10
2024-01-13 20:21:05,725 - INFO - [1196 in node 53] Best value: -139.659 | TR length: 0.013 | num. failures: 10/13 | num. successes: 0/10
2024-01-13 20:21:06,790 - INFO - [1200 in node 53] Best value: -139.659 | TR length: 0.013 | num. failures: 11/13 | num. successes: 0/10
2024-01-13 20:21:07,672 - INFO - [1204 in node 53] Best value: -139.659 | TR length: 0.013 | num. failures: 12/13 | num. successes: 0/10
2024-01-13 20:21:08,662 - INFO - [1208 in node 53] Best value: -139.659 | TR length: 0.006 | num. failures: 0/13 | num. successes: 0/10
2024-01-13 20:21:08,662 - INFO - [TuRBO] Local Modelling converges (TR length below threshold) after 1208 evaluations
2024-01-13 20:21:11,503 - INFO - [104 in node 7] Best value: -359.238 | TR length: 0.800 | num. failures: 0/13 | num. successes: 1/10
2024-01-13 20:21:11,872 - INFO - [108 in node 7] Best value: -359.238 | TR length: 0.800 | num. failures: 1/13 | num. successes: 0/10
2024-01-13 20:21:12,742 - INFO - [112 in node 7] Best value: -349.632 | TR length: 0.800 | num. failures: 0/13 | num. successes: 1/10
2024-01-13 20:21:13,774 - INFO - [116 in node 7] Best value: -349.632 | TR length: 0.800 | num. failures: 1/13 | num. successes: 0/10
2024-01-13 20:21:14,731 - INFO - [120 in node 7] Best value: -349.632 | TR length: 0.800 | num. failures: 2/13 | num. successes: 0/10
2024-01-13 20:21:15,771 - INFO - [124 in node 7] Best value: -303.495 | TR length: 0.800 | num. failures: 0/13 | num. successes: 1/10
2024-01-13 20:21:16,992 - INFO - [128 in node 7] Best value: -303.495 | TR length: 0.800 | num. failures: 1/13 | num. successes: 0/10
2024-01-13 20:21:18,170 - INFO - [132 in node 7] Best value: -262.640 | TR length: 0.800 | num. failures: 0/13 | num. successes: 1/10
2024-01-13 20:21:19,051 - INFO - [136 in node 7] Best value: -262.640 | TR length: 0.800 | num. failures: 1/13 | num. successes: 0/10
2024-01-13 20:21:19,787 - INFO - [140 in node 7] Best value: -262.640 | TR length: 0.800 | num. failures: 2/13 | num. successes: 0/10
2024-01-13 20:21:20,724 - INFO - [144 in node 7] Best value: -256.967 | TR length: 0.800 | num. failures: 0/13 | num. successes: 1/10
2024-01-13 20:21:21,685 - INFO - [148 in node 7] Best value: -256.967 | TR length: 0.800 | num. failures: 1/13 | num. successes: 0/10
2024-01-13 20:21:22,590 - INFO - [152 in node 7] Best value: -256.967 | TR length: 0.800 | num. failures: 2/13 | num. successes: 0/10
2024-01-13 20:21:23,309 - INFO - [156 in node 7] Best value: -256.967 | TR length: 0.800 | num. failures: 3/13 | num. successes: 0/10
2024-01-13 20:21:24,558 - INFO - [160 in node 7] Best value: -256.967 | TR length: 0.800 | num. failures: 4/13 | num. successes: 0/10
2024-01-13 20:21:25,493 - INFO - [164 in node 7] Best value: -256.967 | TR length: 0.800 | num. failures: 5/13 | num. successes: 0/10
2024-01-13 20:21:26,590 - INFO - [168 in node 7] Best value: -256.967 | TR length: 0.800 | num. failures: 6/13 | num. successes: 0/10
2024-01-13 20:21:28,044 - INFO - [172 in node 7] Best value: -256.967 | TR length: 0.800 | num. failures: 7/13 | num. successes: 0/10
2024-01-13 20:21:29,110 - INFO - [176 in node 7] Best value: -256.967 | TR length: 0.800 | num. failures: 8/13 | num. successes: 0/10
2024-01-13 20:21:30,094 - INFO - [180 in node 7] Best value: -250.387 | TR length: 0.800 | num. failures: 0/13 | num. successes: 1/10
2024-01-13 20:21:31,335 - INFO - [184 in node 7] Best value: -250.387 | TR length: 0.800 | num. failures: 1/13 | num. successes: 0/10
2024-01-13 20:21:32,355 - INFO - [188 in node 7] Best value: -250.387 | TR length: 0.800 | num. failures: 2/13 | num. successes: 0/10
2024-01-13 20:21:33,441 - INFO - [192 in node 7] Best value: -250.387 | TR length: 0.800 | num. failures: 3/13 | num. successes: 0/10
2024-01-13 20:21:34,505 - INFO - [196 in node 7] Best value: -233.760 | TR length: 0.800 | num. failures: 0/13 | num. successes: 1/10
2024-01-13 20:21:35,366 - INFO - [200 in node 7] Best value: -233.760 | TR length: 0.800 | num. failures: 1/13 | num. successes: 0/10
2024-01-13 20:21:36,478 - INFO - [204 in node 7] Best value: -218.750 | TR length: 0.800 | num. failures: 0/13 | num. successes: 1/10
2024-01-13 20:21:37,443 - INFO - [208 in node 7] Best value: -197.635 | TR length: 0.800 | num. failures: 0/13 | num. successes: 2/10
2024-01-13 20:21:38,691 - INFO - [212 in node 7] Best value: -197.635 | TR length: 0.800 | num. failures: 1/13 | num. successes: 0/10
2024-01-13 20:21:39,413 - INFO - [216 in node 7] Best value: -197.635 | TR length: 0.800 | num. failures: 2/13 | num. successes: 0/10
2024-01-13 20:21:39,970 - INFO - [220 in node 7] Best value: -197.635 | TR length: 0.800 | num. failures: 3/13 | num. successes: 0/10
2024-01-13 20:21:40,731 - INFO - [224 in node 7] Best value: -197.635 | TR length: 0.800 | num. failures: 4/13 | num. successes: 0/10
2024-01-13 20:21:42,120 - INFO - [228 in node 7] Best value: -197.635 | TR length: 0.800 | num. failures: 5/13 | num. successes: 0/10
2024-01-13 20:21:42,988 - INFO - [232 in node 7] Best value: -197.635 | TR length: 0.800 | num. failures: 6/13 | num. successes: 0/10
2024-01-13 20:21:43,936 - INFO - [236 in node 7] Best value: -197.635 | TR length: 0.800 | num. failures: 7/13 | num. successes: 0/10
2024-01-13 20:21:44,944 - INFO - [240 in node 7] Best value: -197.635 | TR length: 0.800 | num. failures: 8/13 | num. successes: 0/10
2024-01-13 20:21:45,719 - INFO - [244 in node 7] Best value: -197.635 | TR length: 0.800 | num. failures: 9/13 | num. successes: 0/10
2024-01-13 20:21:46,511 - INFO - [248 in node 7] Best value: -197.635 | TR length: 0.800 | num. failures: 10/13 | num. successes: 0/10
2024-01-13 20:21:47,475 - INFO - [252 in node 7] Best value: -197.635 | TR length: 0.800 | num. failures: 11/13 | num. successes: 0/10
2024-01-13 20:21:48,396 - INFO - [256 in node 7] Best value: -197.635 | TR length: 0.800 | num. failures: 12/13 | num. successes: 0/10
2024-01-13 20:21:49,186 - INFO - [260 in node 7] Best value: -197.635 | TR length: 0.400 | num. failures: 0/13 | num. successes: 0/10
2024-01-13 20:21:50,131 - INFO - [264 in node 7] Best value: -197.635 | TR length: 0.400 | num. failures: 1/13 | num. successes: 0/10
2024-01-13 20:21:51,082 - INFO - [268 in node 7] Best value: -197.635 | TR length: 0.400 | num. failures: 2/13 | num. successes: 0/10
2024-01-13 20:21:52,095 - INFO - [272 in node 7] Best value: -197.635 | TR length: 0.400 | num. failures: 3/13 | num. successes: 0/10
2024-01-13 20:21:53,521 - INFO - [276 in node 7] Best value: -197.635 | TR length: 0.400 | num. failures: 4/13 | num. successes: 0/10
2024-01-13 20:21:54,702 - INFO - [280 in node 7] Best value: -197.635 | TR length: 0.400 | num. failures: 5/13 | num. successes: 0/10
2024-01-13 20:21:55,880 - INFO - [284 in node 7] Best value: -197.635 | TR length: 0.400 | num. failures: 6/13 | num. successes: 0/10
2024-01-13 20:21:57,274 - INFO - [288 in node 7] Best value: -197.635 | TR length: 0.400 | num. failures: 7/13 | num. successes: 0/10
2024-01-13 20:21:58,866 - INFO - [292 in node 7] Best value: -197.635 | TR length: 0.400 | num. failures: 8/13 | num. successes: 0/10
2024-01-13 20:22:00,061 - INFO - [296 in node 7] Best value: -197.635 | TR length: 0.400 | num. failures: 9/13 | num. successes: 0/10
2024-01-13 20:22:01,751 - INFO - [300 in node 7] Best value: -197.635 | TR length: 0.400 | num. failures: 10/13 | num. successes: 0/10
2024-01-13 20:22:02,996 - INFO - [304 in node 7] Best value: -197.635 | TR length: 0.400 | num. failures: 11/13 | num. successes: 0/10
2024-01-13 20:22:03,874 - INFO - [308 in node 7] Best value: -197.635 | TR length: 0.400 | num. failures: 12/13 | num. successes: 0/10
2024-01-13 20:22:05,006 - INFO - [312 in node 7] Best value: -197.635 | TR length: 0.200 | num. failures: 0/13 | num. successes: 0/10
2024-01-13 20:22:06,221 - INFO - [316 in node 7] Best value: -197.635 | TR length: 0.200 | num. failures: 1/13 | num. successes: 0/10
2024-01-13 20:22:07,190 - INFO - [320 in node 7] Best value: -197.635 | TR length: 0.200 | num. failures: 2/13 | num. successes: 0/10
2024-01-13 20:22:09,088 - INFO - [324 in node 7] Best value: -197.635 | TR length: 0.200 | num. failures: 3/13 | num. successes: 0/10
2024-01-13 20:22:10,690 - INFO - [328 in node 7] Best value: -197.635 | TR length: 0.200 | num. failures: 4/13 | num. successes: 0/10
2024-01-13 20:22:12,223 - INFO - [332 in node 7] Best value: -197.635 | TR length: 0.200 | num. failures: 5/13 | num. successes: 0/10
2024-01-13 20:22:13,388 - INFO - [336 in node 7] Best value: -197.635 | TR length: 0.200 | num. failures: 6/13 | num. successes: 0/10
2024-01-13 20:22:14,439 - INFO - [340 in node 7] Best value: -197.635 | TR length: 0.200 | num. failures: 7/13 | num. successes: 0/10
2024-01-13 20:22:15,314 - INFO - [344 in node 7] Best value: -197.635 | TR length: 0.200 | num. failures: 8/13 | num. successes: 0/10
2024-01-13 20:22:17,333 - INFO - [348 in node 7] Best value: -197.635 | TR length: 0.200 | num. failures: 9/13 | num. successes: 0/10
2024-01-13 20:22:18,378 - INFO - [352 in node 7] Best value: -197.635 | TR length: 0.200 | num. failures: 10/13 | num. successes: 0/10
2024-01-13 20:22:19,723 - INFO - [356 in node 7] Best value: -197.635 | TR length: 0.200 | num. failures: 11/13 | num. successes: 0/10
2024-01-13 20:22:21,111 - INFO - [360 in node 7] Best value: -197.635 | TR length: 0.200 | num. failures: 12/13 | num. successes: 0/10
2024-01-13 20:22:22,314 - INFO - [364 in node 7] Best value: -197.635 | TR length: 0.100 | num. failures: 0/13 | num. successes: 0/10
2024-01-13 20:22:23,627 - INFO - [368 in node 7] Best value: -197.635 | TR length: 0.100 | num. failures: 1/13 | num. successes: 0/10
2024-01-13 20:22:25,187 - INFO - [372 in node 7] Best value: -197.635 | TR length: 0.100 | num. failures: 2/13 | num. successes: 0/10
2024-01-13 20:22:26,355 - INFO - [376 in node 7] Best value: -197.635 | TR length: 0.100 | num. failures: 3/13 | num. successes: 0/10
2024-01-13 20:22:27,520 - INFO - [380 in node 7] Best value: -197.635 | TR length: 0.100 | num. failures: 4/13 | num. successes: 0/10
2024-01-13 20:22:28,821 - INFO - [384 in node 7] Best value: -197.635 | TR length: 0.100 | num. failures: 5/13 | num. successes: 0/10
2024-01-13 20:22:30,293 - INFO - [388 in node 7] Best value: -197.635 | TR length: 0.100 | num. failures: 6/13 | num. successes: 0/10
2024-01-13 20:22:31,842 - INFO - [392 in node 7] Best value: -197.635 | TR length: 0.100 | num. failures: 7/13 | num. successes: 0/10
2024-01-13 20:22:33,559 - INFO - [396 in node 7] Best value: -197.635 | TR length: 0.100 | num. failures: 8/13 | num. successes: 0/10
2024-01-13 20:22:34,962 - INFO - [400 in node 7] Best value: -195.338 | TR length: 0.100 | num. failures: 0/13 | num. successes: 1/10
2024-01-13 20:22:36,484 - INFO - [404 in node 7] Best value: -195.338 | TR length: 0.100 | num. failures: 1/13 | num. successes: 0/10
2024-01-13 20:22:37,810 - INFO - [408 in node 7] Best value: -195.338 | TR length: 0.100 | num. failures: 2/13 | num. successes: 0/10
2024-01-13 20:22:39,355 - INFO - [412 in node 7] Best value: -195.338 | TR length: 0.100 | num. failures: 3/13 | num. successes: 0/10
2024-01-13 20:22:41,192 - INFO - [416 in node 7] Best value: -195.338 | TR length: 0.100 | num. failures: 4/13 | num. successes: 0/10
2024-01-13 20:22:42,608 - INFO - [420 in node 7] Best value: -195.338 | TR length: 0.100 | num. failures: 5/13 | num. successes: 0/10
2024-01-13 20:22:43,579 - INFO - [424 in node 7] Best value: -195.338 | TR length: 0.100 | num. failures: 6/13 | num. successes: 0/10
2024-01-13 20:22:44,368 - INFO - [428 in node 7] Best value: -195.338 | TR length: 0.100 | num. failures: 7/13 | num. successes: 0/10
2024-01-13 20:22:45,275 - INFO - [432 in node 7] Best value: -195.338 | TR length: 0.100 | num. failures: 8/13 | num. successes: 0/10
2024-01-13 20:22:46,754 - INFO - [436 in node 7] Best value: -195.338 | TR length: 0.100 | num. failures: 9/13 | num. successes: 0/10
2024-01-13 20:22:47,827 - INFO - [440 in node 7] Best value: -195.338 | TR length: 0.100 | num. failures: 10/13 | num. successes: 0/10
2024-01-13 20:22:48,926 - INFO - [444 in node 7] Best value: -195.338 | TR length: 0.100 | num. failures: 11/13 | num. successes: 0/10
2024-01-13 20:22:48,927 - INFO - --------------------------------------------------
2024-01-13 20:22:48,929 - INFO - Best X: tensor([0.6922, 0.4016, 0.4039, 0.5986, 0.4996, 0.5979, 0.4023, 0.8896, 0.4995,
        0.4037, 0.2069, 0.4026, 0.4023, 0.5955, 0.4024, 0.6931, 0.4980, 0.4042,
        0.5958, 0.5979, 0.5993, 0.3995, 0.7915, 0.5975, 0.4041, 0.6939, 0.5991,
        0.4990, 0.6946, 0.5986, 0.4069, 0.4015, 0.5976, 0.4030, 0.3078, 0.5004,
        0.2079, 0.4022, 0.3051, 0.4038, 0.2049, 0.5004, 0.2099, 0.4008, 0.4047,
        0.5009, 0.4025, 0.7930, 0.5005, 0.1096], device='cuda:0',
       dtype=torch.float64)
2024-01-13 20:22:48,929 - INFO - Best Y: -139.51692900227306
2024-01-13 20:22:48,929 - INFO - Elapsed time: 1228.04 seconds
