2024-01-13 20:55:16,715 - INFO - Start experiment with plain-TuRBO: turbo_rastrigin50d_3000
2024-01-13 20:55:16,715 - INFO - ==================================================
2024-01-13 20:55:16,715 - INFO - Config:
2024-01-13 20:55:16,715 - INFO - obj_func: Rastrigin()
2024-01-13 20:55:16,812 - INFO - bounds: tensor([[-5.1200, -5.1200, -5.1200, -5.1200, -5.1200, -5.1200, -5.1200, -5.1200,
         -5.1200, -5.1200, -5.1200, -5.1200, -5.1200, -5.1200, -5.1200, -5.1200,
         -5.1200, -5.1200, -5.1200, -5.1200, -5.1200, -5.1200, -5.1200, -5.1200,
         -5.1200, -5.1200, -5.1200, -5.1200, -5.1200, -5.1200, -5.1200, -5.1200,
         -5.1200, -5.1200, -5.1200, -5.1200, -5.1200, -5.1200, -5.1200, -5.1200,
         -5.1200, -5.1200, -5.1200, -5.1200, -5.1200, -5.1200, -5.1200, -5.1200,
         -5.1200, -5.1200],
        [ 5.1200,  5.1200,  5.1200,  5.1200,  5.1200,  5.1200,  5.1200,  5.1200,
          5.1200,  5.1200,  5.1200,  5.1200,  5.1200,  5.1200,  5.1200,  5.1200,
          5.1200,  5.1200,  5.1200,  5.1200,  5.1200,  5.1200,  5.1200,  5.1200,
          5.1200,  5.1200,  5.1200,  5.1200,  5.1200,  5.1200,  5.1200,  5.1200,
          5.1200,  5.1200,  5.1200,  5.1200,  5.1200,  5.1200,  5.1200,  5.1200,
          5.1200,  5.1200,  5.1200,  5.1200,  5.1200,  5.1200,  5.1200,  5.1200,
          5.1200,  5.1200]], device='cuda:0', dtype=torch.float64)
2024-01-13 20:55:16,812 - INFO - batch_size: 4
2024-01-13 20:55:16,813 - INFO - n_init: 100
2024-01-13 20:55:16,813 - INFO - num_evals: 3000
2024-01-13 20:55:16,813 - INFO - seed: 0
2024-01-13 20:55:16,813 - INFO - acqf_func: ts
2024-01-13 20:55:16,813 - INFO - max_cholesky_size: inf
2024-01-13 20:55:16,813 - INFO - ==================================================
2024-01-13 20:55:17,511 - INFO - [Restart 0] 104) Best value: -7.25e+02 | TR length: 8.00e-01 | num. restarts: 0/13 | num. successes: 1/10
2024-01-13 20:55:17,919 - INFO - [Restart 0] 108) Best value: -6.47e+02 | TR length: 8.00e-01 | num. restarts: 0/13 | num. successes: 2/10
2024-01-13 20:55:18,464 - INFO - [Restart 0] 112) Best value: -6.47e+02 | TR length: 8.00e-01 | num. restarts: 1/13 | num. successes: 0/10
2024-01-13 20:55:18,829 - INFO - [Restart 0] 116) Best value: -6.28e+02 | TR length: 8.00e-01 | num. restarts: 0/13 | num. successes: 1/10
2024-01-13 20:55:19,322 - INFO - [Restart 0] 120) Best value: -6.28e+02 | TR length: 8.00e-01 | num. restarts: 1/13 | num. successes: 0/10
2024-01-13 20:55:19,880 - INFO - [Restart 0] 124) Best value: -5.92e+02 | TR length: 8.00e-01 | num. restarts: 0/13 | num. successes: 1/10
2024-01-13 20:55:20,391 - INFO - [Restart 0] 128) Best value: -5.92e+02 | TR length: 8.00e-01 | num. restarts: 1/13 | num. successes: 0/10
2024-01-13 20:55:21,106 - INFO - [Restart 0] 132) Best value: -5.92e+02 | TR length: 8.00e-01 | num. restarts: 2/13 | num. successes: 0/10
2024-01-13 20:55:21,676 - INFO - [Restart 0] 136) Best value: -5.92e+02 | TR length: 8.00e-01 | num. restarts: 3/13 | num. successes: 0/10
2024-01-13 20:55:22,156 - INFO - [Restart 0] 140) Best value: -5.92e+02 | TR length: 8.00e-01 | num. restarts: 4/13 | num. successes: 0/10
2024-01-13 20:55:22,509 - INFO - [Restart 0] 144) Best value: -5.92e+02 | TR length: 8.00e-01 | num. restarts: 5/13 | num. successes: 0/10
2024-01-13 20:55:23,430 - INFO - [Restart 0] 148) Best value: -5.92e+02 | TR length: 8.00e-01 | num. restarts: 6/13 | num. successes: 0/10
2024-01-13 20:55:24,207 - INFO - [Restart 0] 152) Best value: -5.36e+02 | TR length: 8.00e-01 | num. restarts: 0/13 | num. successes: 1/10
2024-01-13 20:55:24,893 - INFO - [Restart 0] 156) Best value: -5.36e+02 | TR length: 8.00e-01 | num. restarts: 1/13 | num. successes: 0/10
2024-01-13 20:55:26,923 - INFO - [Restart 0] 160) Best value: -5.36e+02 | TR length: 8.00e-01 | num. restarts: 2/13 | num. successes: 0/10
2024-01-13 20:55:28,138 - INFO - [Restart 0] 164) Best value: -5.36e+02 | TR length: 8.00e-01 | num. restarts: 3/13 | num. successes: 0/10
2024-01-13 20:55:28,857 - INFO - [Restart 0] 168) Best value: -5.36e+02 | TR length: 8.00e-01 | num. restarts: 4/13 | num. successes: 0/10
2024-01-13 20:55:29,779 - INFO - [Restart 0] 172) Best value: -5.36e+02 | TR length: 8.00e-01 | num. restarts: 5/13 | num. successes: 0/10
2024-01-13 20:55:30,818 - INFO - [Restart 0] 176) Best value: -5.36e+02 | TR length: 8.00e-01 | num. restarts: 6/13 | num. successes: 0/10
2024-01-13 20:55:31,907 - INFO - [Restart 0] 180) Best value: -5.36e+02 | TR length: 8.00e-01 | num. restarts: 7/13 | num. successes: 0/10
2024-01-13 20:55:33,383 - INFO - [Restart 0] 184) Best value: -5.35e+02 | TR length: 8.00e-01 | num. restarts: 0/13 | num. successes: 1/10
2024-01-13 20:55:34,470 - INFO - [Restart 0] 188) Best value: -5.35e+02 | TR length: 8.00e-01 | num. restarts: 1/13 | num. successes: 0/10
2024-01-13 20:55:35,135 - INFO - [Restart 0] 192) Best value: -5.35e+02 | TR length: 8.00e-01 | num. restarts: 2/13 | num. successes: 0/10
2024-01-13 20:55:36,258 - INFO - [Restart 0] 196) Best value: -5.35e+02 | TR length: 8.00e-01 | num. restarts: 3/13 | num. successes: 0/10
2024-01-13 20:55:37,028 - INFO - [Restart 0] 200) Best value: -5.35e+02 | TR length: 8.00e-01 | num. restarts: 4/13 | num. successes: 0/10
2024-01-13 20:55:37,935 - INFO - [Restart 0] 204) Best value: -5.35e+02 | TR length: 8.00e-01 | num. restarts: 5/13 | num. successes: 0/10
2024-01-13 20:55:38,599 - INFO - [Restart 0] 208) Best value: -5.35e+02 | TR length: 8.00e-01 | num. restarts: 6/13 | num. successes: 0/10
2024-01-13 20:55:40,514 - INFO - [Restart 0] 212) Best value: -5.35e+02 | TR length: 8.00e-01 | num. restarts: 7/13 | num. successes: 0/10
2024-01-13 20:55:41,321 - INFO - [Restart 0] 216) Best value: -5.35e+02 | TR length: 8.00e-01 | num. restarts: 8/13 | num. successes: 0/10
2024-01-13 20:55:42,041 - INFO - [Restart 0] 220) Best value: -5.35e+02 | TR length: 8.00e-01 | num. restarts: 9/13 | num. successes: 0/10
2024-01-13 20:55:43,031 - INFO - [Restart 0] 224) Best value: -5.35e+02 | TR length: 8.00e-01 | num. restarts: 10/13 | num. successes: 0/10
2024-01-13 20:55:44,075 - INFO - [Restart 0] 228) Best value: -5.35e+02 | TR length: 8.00e-01 | num. restarts: 11/13 | num. successes: 0/10
2024-01-13 20:55:45,007 - INFO - [Restart 0] 232) Best value: -5.35e+02 | TR length: 8.00e-01 | num. restarts: 12/13 | num. successes: 0/10
2024-01-13 20:55:46,596 - INFO - [Restart 0] 236) Best value: -5.35e+02 | TR length: 4.00e-01 | num. restarts: 0/13 | num. successes: 0/10
2024-01-13 20:55:47,525 - INFO - [Restart 0] 240) Best value: -5.35e+02 | TR length: 4.00e-01 | num. restarts: 1/13 | num. successes: 0/10
2024-01-13 20:55:48,135 - INFO - [Restart 0] 244) Best value: -5.35e+02 | TR length: 4.00e-01 | num. restarts: 2/13 | num. successes: 0/10
2024-01-13 20:55:49,529 - INFO - [Restart 0] 248) Best value: -5.35e+02 | TR length: 4.00e-01 | num. restarts: 3/13 | num. successes: 0/10
2024-01-13 20:55:50,486 - INFO - [Restart 0] 252) Best value: -5.35e+02 | TR length: 4.00e-01 | num. restarts: 4/13 | num. successes: 0/10
2024-01-13 20:55:52,325 - INFO - [Restart 0] 256) Best value: -5.01e+02 | TR length: 4.00e-01 | num. restarts: 0/13 | num. successes: 1/10
2024-01-13 20:55:53,274 - INFO - [Restart 0] 260) Best value: -4.93e+02 | TR length: 4.00e-01 | num. restarts: 0/13 | num. successes: 2/10
2024-01-13 20:55:55,033 - INFO - [Restart 0] 264) Best value: -4.93e+02 | TR length: 4.00e-01 | num. restarts: 1/13 | num. successes: 0/10
2024-01-13 20:55:56,275 - INFO - [Restart 0] 268) Best value: -4.93e+02 | TR length: 4.00e-01 | num. restarts: 2/13 | num. successes: 0/10
2024-01-13 20:55:57,313 - INFO - [Restart 0] 272) Best value: -4.93e+02 | TR length: 4.00e-01 | num. restarts: 3/13 | num. successes: 0/10
2024-01-13 20:55:59,650 - INFO - [Restart 0] 276) Best value: -4.93e+02 | TR length: 4.00e-01 | num. restarts: 4/13 | num. successes: 0/10
2024-01-13 20:56:00,789 - INFO - [Restart 0] 280) Best value: -4.93e+02 | TR length: 4.00e-01 | num. restarts: 5/13 | num. successes: 0/10
2024-01-13 20:56:02,004 - INFO - [Restart 0] 284) Best value: -4.81e+02 | TR length: 4.00e-01 | num. restarts: 0/13 | num. successes: 1/10
2024-01-13 20:56:03,186 - INFO - [Restart 0] 288) Best value: -4.81e+02 | TR length: 4.00e-01 | num. restarts: 1/13 | num. successes: 0/10
2024-01-13 20:56:04,377 - INFO - [Restart 0] 292) Best value: -4.81e+02 | TR length: 4.00e-01 | num. restarts: 2/13 | num. successes: 0/10
2024-01-13 20:56:05,239 - INFO - [Restart 0] 296) Best value: -4.81e+02 | TR length: 4.00e-01 | num. restarts: 3/13 | num. successes: 0/10
2024-01-13 20:56:07,234 - INFO - [Restart 0] 300) Best value: -4.81e+02 | TR length: 4.00e-01 | num. restarts: 4/13 | num. successes: 0/10
2024-01-13 20:56:08,376 - INFO - [Restart 0] 304) Best value: -4.78e+02 | TR length: 4.00e-01 | num. restarts: 0/13 | num. successes: 1/10
2024-01-13 20:56:09,874 - INFO - [Restart 0] 308) Best value: -4.78e+02 | TR length: 4.00e-01 | num. restarts: 1/13 | num. successes: 0/10
2024-01-13 20:56:11,027 - INFO - [Restart 0] 312) Best value: -4.78e+02 | TR length: 4.00e-01 | num. restarts: 2/13 | num. successes: 0/10
2024-01-13 20:56:12,085 - INFO - [Restart 0] 316) Best value: -4.78e+02 | TR length: 4.00e-01 | num. restarts: 3/13 | num. successes: 0/10
2024-01-13 20:56:13,230 - INFO - [Restart 0] 320) Best value: -4.37e+02 | TR length: 4.00e-01 | num. restarts: 0/13 | num. successes: 1/10
2024-01-13 20:56:14,130 - INFO - [Restart 0] 324) Best value: -4.37e+02 | TR length: 4.00e-01 | num. restarts: 1/13 | num. successes: 0/10
2024-01-13 20:56:15,034 - INFO - [Restart 0] 328) Best value: -4.37e+02 | TR length: 4.00e-01 | num. restarts: 2/13 | num. successes: 0/10
2024-01-13 20:56:16,131 - INFO - [Restart 0] 332) Best value: -4.37e+02 | TR length: 4.00e-01 | num. restarts: 3/13 | num. successes: 0/10
2024-01-13 20:56:17,277 - INFO - [Restart 0] 336) Best value: -4.37e+02 | TR length: 4.00e-01 | num. restarts: 4/13 | num. successes: 0/10
2024-01-13 20:56:18,131 - INFO - [Restart 0] 340) Best value: -4.37e+02 | TR length: 4.00e-01 | num. restarts: 5/13 | num. successes: 0/10
2024-01-13 20:56:19,288 - INFO - [Restart 0] 344) Best value: -4.37e+02 | TR length: 4.00e-01 | num. restarts: 6/13 | num. successes: 0/10
2024-01-13 20:56:20,484 - INFO - [Restart 0] 348) Best value: -4.37e+02 | TR length: 4.00e-01 | num. restarts: 7/13 | num. successes: 0/10
2024-01-13 20:56:21,770 - INFO - [Restart 0] 352) Best value: -4.37e+02 | TR length: 4.00e-01 | num. restarts: 8/13 | num. successes: 0/10
2024-01-13 20:56:22,939 - INFO - [Restart 0] 356) Best value: -4.37e+02 | TR length: 4.00e-01 | num. restarts: 9/13 | num. successes: 0/10
2024-01-13 20:56:24,031 - INFO - [Restart 0] 360) Best value: -4.37e+02 | TR length: 4.00e-01 | num. restarts: 10/13 | num. successes: 0/10
2024-01-13 20:56:25,446 - INFO - [Restart 0] 364) Best value: -4.37e+02 | TR length: 4.00e-01 | num. restarts: 11/13 | num. successes: 0/10
2024-01-13 20:56:27,331 - INFO - [Restart 0] 368) Best value: -4.37e+02 | TR length: 4.00e-01 | num. restarts: 12/13 | num. successes: 0/10
2024-01-13 20:56:28,633 - INFO - [Restart 0] 372) Best value: -4.37e+02 | TR length: 2.00e-01 | num. restarts: 0/13 | num. successes: 0/10
2024-01-13 20:56:29,435 - INFO - [Restart 0] 376) Best value: -4.37e+02 | TR length: 2.00e-01 | num. restarts: 1/13 | num. successes: 0/10
2024-01-13 20:56:30,637 - INFO - [Restart 0] 380) Best value: -4.37e+02 | TR length: 2.00e-01 | num. restarts: 2/13 | num. successes: 0/10
2024-01-13 20:56:31,861 - INFO - [Restart 0] 384) Best value: -4.37e+02 | TR length: 2.00e-01 | num. restarts: 3/13 | num. successes: 0/10
2024-01-13 20:56:32,975 - INFO - [Restart 0] 388) Best value: -4.37e+02 | TR length: 2.00e-01 | num. restarts: 4/13 | num. successes: 0/10
2024-01-13 20:56:34,435 - INFO - [Restart 0] 392) Best value: -4.37e+02 | TR length: 2.00e-01 | num. restarts: 5/13 | num. successes: 0/10
2024-01-13 20:56:36,484 - INFO - [Restart 0] 396) Best value: -4.37e+02 | TR length: 2.00e-01 | num. restarts: 6/13 | num. successes: 0/10
2024-01-13 20:56:37,492 - INFO - [Restart 0] 400) Best value: -4.37e+02 | TR length: 2.00e-01 | num. restarts: 7/13 | num. successes: 0/10
2024-01-13 20:56:38,623 - INFO - [Restart 0] 404) Best value: -4.37e+02 | TR length: 2.00e-01 | num. restarts: 8/13 | num. successes: 0/10
2024-01-13 20:56:39,693 - INFO - [Restart 0] 408) Best value: -4.37e+02 | TR length: 2.00e-01 | num. restarts: 9/13 | num. successes: 0/10
2024-01-13 20:56:40,977 - INFO - [Restart 0] 412) Best value: -4.37e+02 | TR length: 2.00e-01 | num. restarts: 10/13 | num. successes: 0/10
2024-01-13 20:56:42,230 - INFO - [Restart 0] 416) Best value: -4.37e+02 | TR length: 2.00e-01 | num. restarts: 11/13 | num. successes: 0/10
2024-01-13 20:56:44,041 - INFO - [Restart 0] 420) Best value: -4.37e+02 | TR length: 2.00e-01 | num. restarts: 12/13 | num. successes: 0/10
2024-01-13 20:56:45,520 - INFO - [Restart 0] 424) Best value: -4.37e+02 | TR length: 1.00e-01 | num. restarts: 0/13 | num. successes: 0/10
2024-01-13 20:56:46,796 - INFO - [Restart 0] 428) Best value: -4.37e+02 | TR length: 1.00e-01 | num. restarts: 1/13 | num. successes: 0/10
2024-01-13 20:56:48,356 - INFO - [Restart 0] 432) Best value: -4.37e+02 | TR length: 1.00e-01 | num. restarts: 2/13 | num. successes: 0/10
2024-01-13 20:56:49,729 - INFO - [Restart 0] 436) Best value: -4.37e+02 | TR length: 1.00e-01 | num. restarts: 3/13 | num. successes: 0/10
2024-01-13 20:56:51,946 - INFO - [Restart 0] 440) Best value: -4.37e+02 | TR length: 1.00e-01 | num. restarts: 4/13 | num. successes: 0/10
2024-01-13 20:56:53,599 - INFO - [Restart 0] 444) Best value: -4.37e+02 | TR length: 1.00e-01 | num. restarts: 5/13 | num. successes: 0/10
2024-01-13 20:56:54,657 - INFO - [Restart 0] 448) Best value: -4.37e+02 | TR length: 1.00e-01 | num. restarts: 6/13 | num. successes: 0/10
2024-01-13 20:56:56,028 - INFO - [Restart 0] 452) Best value: -4.37e+02 | TR length: 1.00e-01 | num. restarts: 7/13 | num. successes: 0/10
2024-01-13 20:56:58,717 - INFO - [Restart 0] 456) Best value: -4.37e+02 | TR length: 1.00e-01 | num. restarts: 8/13 | num. successes: 0/10
2024-01-13 20:57:00,053 - INFO - [Restart 0] 460) Best value: -4.37e+02 | TR length: 1.00e-01 | num. restarts: 9/13 | num. successes: 0/10
2024-01-13 20:57:01,727 - INFO - [Restart 0] 464) Best value: -4.37e+02 | TR length: 1.00e-01 | num. restarts: 10/13 | num. successes: 0/10
2024-01-13 20:57:02,743 - INFO - [Restart 0] 468) Best value: -4.37e+02 | TR length: 1.00e-01 | num. restarts: 11/13 | num. successes: 0/10
2024-01-13 20:57:03,938 - INFO - [Restart 0] 472) Best value: -4.37e+02 | TR length: 1.00e-01 | num. restarts: 12/13 | num. successes: 0/10
2024-01-13 20:57:05,188 - INFO - [Restart 0] 476) Best value: -4.13e+02 | TR length: 1.00e-01 | num. restarts: 0/13 | num. successes: 1/10
2024-01-13 20:57:07,118 - INFO - [Restart 0] 480) Best value: -4.13e+02 | TR length: 1.00e-01 | num. restarts: 1/13 | num. successes: 0/10
2024-01-13 20:57:08,420 - INFO - [Restart 0] 484) Best value: -4.13e+02 | TR length: 1.00e-01 | num. restarts: 2/13 | num. successes: 0/10
2024-01-13 20:57:09,410 - INFO - [Restart 0] 488) Best value: -4.13e+02 | TR length: 1.00e-01 | num. restarts: 3/13 | num. successes: 0/10
2024-01-13 20:57:11,117 - INFO - [Restart 0] 492) Best value: -4.11e+02 | TR length: 1.00e-01 | num. restarts: 0/13 | num. successes: 1/10
2024-01-13 20:57:13,291 - INFO - [Restart 0] 496) Best value: -4.11e+02 | TR length: 1.00e-01 | num. restarts: 1/13 | num. successes: 0/10
2024-01-13 20:57:14,967 - INFO - [Restart 0] 500) Best value: -4.11e+02 | TR length: 1.00e-01 | num. restarts: 2/13 | num. successes: 0/10
2024-01-13 20:57:16,904 - INFO - [Restart 0] 504) Best value: -4.11e+02 | TR length: 1.00e-01 | num. restarts: 3/13 | num. successes: 0/10
2024-01-13 20:57:18,434 - INFO - [Restart 0] 508) Best value: -4.11e+02 | TR length: 1.00e-01 | num. restarts: 4/13 | num. successes: 0/10
2024-01-13 20:57:20,296 - INFO - [Restart 0] 512) Best value: -4.11e+02 | TR length: 1.00e-01 | num. restarts: 5/13 | num. successes: 0/10
2024-01-13 20:57:21,935 - INFO - [Restart 0] 516) Best value: -4.11e+02 | TR length: 1.00e-01 | num. restarts: 6/13 | num. successes: 0/10
2024-01-13 20:57:23,706 - INFO - [Restart 0] 520) Best value: -4.11e+02 | TR length: 1.00e-01 | num. restarts: 7/13 | num. successes: 0/10
2024-01-13 20:57:24,914 - INFO - [Restart 0] 524) Best value: -4.11e+02 | TR length: 1.00e-01 | num. restarts: 8/13 | num. successes: 0/10
2024-01-13 20:57:26,633 - INFO - [Restart 0] 528) Best value: -4.11e+02 | TR length: 1.00e-01 | num. restarts: 9/13 | num. successes: 0/10
2024-01-13 20:57:28,547 - INFO - [Restart 0] 532) Best value: -4.11e+02 | TR length: 1.00e-01 | num. restarts: 10/13 | num. successes: 0/10
2024-01-13 20:57:30,170 - INFO - [Restart 0] 536) Best value: -4.11e+02 | TR length: 1.00e-01 | num. restarts: 11/13 | num. successes: 0/10
2024-01-13 20:57:32,917 - INFO - [Restart 0] 540) Best value: -4.11e+02 | TR length: 1.00e-01 | num. restarts: 12/13 | num. successes: 0/10
2024-01-13 20:57:34,690 - INFO - [Restart 0] 544) Best value: -4.11e+02 | TR length: 5.00e-02 | num. restarts: 0/13 | num. successes: 0/10
2024-01-13 20:57:36,183 - INFO - [Restart 0] 548) Best value: -4.11e+02 | TR length: 5.00e-02 | num. restarts: 1/13 | num. successes: 0/10
2024-01-13 20:57:37,389 - INFO - [Restart 0] 552) Best value: -4.11e+02 | TR length: 5.00e-02 | num. restarts: 2/13 | num. successes: 0/10
2024-01-13 20:57:39,494 - INFO - [Restart 0] 556) Best value: -4.11e+02 | TR length: 5.00e-02 | num. restarts: 3/13 | num. successes: 0/10
2024-01-13 20:57:41,357 - INFO - [Restart 0] 560) Best value: -4.11e+02 | TR length: 5.00e-02 | num. restarts: 4/13 | num. successes: 0/10
2024-01-13 20:57:43,472 - INFO - [Restart 0] 564) Best value: -4.06e+02 | TR length: 5.00e-02 | num. restarts: 0/13 | num. successes: 1/10
2024-01-13 20:57:45,817 - INFO - [Restart 0] 568) Best value: -4.06e+02 | TR length: 5.00e-02 | num. restarts: 1/13 | num. successes: 0/10
2024-01-13 20:57:47,202 - INFO - [Restart 0] 572) Best value: -4.06e+02 | TR length: 5.00e-02 | num. restarts: 2/13 | num. successes: 0/10
2024-01-13 20:57:48,557 - INFO - [Restart 0] 576) Best value: -4.06e+02 | TR length: 5.00e-02 | num. restarts: 3/13 | num. successes: 0/10
2024-01-13 20:57:49,621 - INFO - [Restart 0] 580) Best value: -4.06e+02 | TR length: 5.00e-02 | num. restarts: 4/13 | num. successes: 0/10
2024-01-13 20:57:51,421 - INFO - [Restart 0] 584) Best value: -4.06e+02 | TR length: 5.00e-02 | num. restarts: 5/13 | num. successes: 0/10
2024-01-13 20:57:52,910 - INFO - [Restart 0] 588) Best value: -3.95e+02 | TR length: 5.00e-02 | num. restarts: 0/13 | num. successes: 1/10
2024-01-13 20:57:54,570 - INFO - [Restart 0] 592) Best value: -3.94e+02 | TR length: 5.00e-02 | num. restarts: 0/13 | num. successes: 2/10
2024-01-13 20:57:56,054 - INFO - [Restart 0] 596) Best value: -3.76e+02 | TR length: 5.00e-02 | num. restarts: 0/13 | num. successes: 3/10
2024-01-13 20:57:57,577 - INFO - [Restart 0] 600) Best value: -3.76e+02 | TR length: 5.00e-02 | num. restarts: 1/13 | num. successes: 0/10
2024-01-13 20:57:59,305 - INFO - [Restart 0] 604) Best value: -3.76e+02 | TR length: 5.00e-02 | num. restarts: 2/13 | num. successes: 0/10
2024-01-13 20:58:00,541 - INFO - [Restart 0] 608) Best value: -3.76e+02 | TR length: 5.00e-02 | num. restarts: 3/13 | num. successes: 0/10
2024-01-13 20:58:01,757 - INFO - [Restart 0] 612) Best value: -3.76e+02 | TR length: 5.00e-02 | num. restarts: 4/13 | num. successes: 0/10
2024-01-13 20:58:03,510 - INFO - [Restart 0] 616) Best value: -3.76e+02 | TR length: 5.00e-02 | num. restarts: 5/13 | num. successes: 0/10
2024-01-13 20:58:05,005 - INFO - [Restart 0] 620) Best value: -3.76e+02 | TR length: 5.00e-02 | num. restarts: 6/13 | num. successes: 0/10
2024-01-13 20:58:06,456 - INFO - [Restart 0] 624) Best value: -3.72e+02 | TR length: 5.00e-02 | num. restarts: 0/13 | num. successes: 1/10
2024-01-13 20:58:07,465 - INFO - [Restart 0] 628) Best value: -3.72e+02 | TR length: 5.00e-02 | num. restarts: 1/13 | num. successes: 0/10
2024-01-13 20:58:08,420 - INFO - [Restart 0] 632) Best value: -3.72e+02 | TR length: 5.00e-02 | num. restarts: 2/13 | num. successes: 0/10
2024-01-13 20:58:10,164 - INFO - [Restart 0] 636) Best value: -3.72e+02 | TR length: 5.00e-02 | num. restarts: 3/13 | num. successes: 0/10
2024-01-13 20:58:11,376 - INFO - [Restart 0] 640) Best value: -3.72e+02 | TR length: 5.00e-02 | num. restarts: 4/13 | num. successes: 0/10
2024-01-13 20:58:12,725 - INFO - [Restart 0] 644) Best value: -3.72e+02 | TR length: 5.00e-02 | num. restarts: 5/13 | num. successes: 0/10
2024-01-13 20:58:14,131 - INFO - [Restart 0] 648) Best value: -3.72e+02 | TR length: 5.00e-02 | num. restarts: 6/13 | num. successes: 0/10
2024-01-13 20:58:15,522 - INFO - [Restart 0] 652) Best value: -3.72e+02 | TR length: 5.00e-02 | num. restarts: 7/13 | num. successes: 0/10
2024-01-13 20:58:17,081 - INFO - [Restart 0] 656) Best value: -3.72e+02 | TR length: 5.00e-02 | num. restarts: 8/13 | num. successes: 0/10
2024-01-13 20:58:18,541 - INFO - [Restart 0] 660) Best value: -3.72e+02 | TR length: 5.00e-02 | num. restarts: 9/13 | num. successes: 0/10
2024-01-13 20:58:19,989 - INFO - [Restart 0] 664) Best value: -3.72e+02 | TR length: 5.00e-02 | num. restarts: 10/13 | num. successes: 0/10
2024-01-13 20:58:21,075 - INFO - [Restart 0] 668) Best value: -3.72e+02 | TR length: 5.00e-02 | num. restarts: 11/13 | num. successes: 0/10
2024-01-13 20:58:22,864 - INFO - [Restart 0] 672) Best value: -3.63e+02 | TR length: 5.00e-02 | num. restarts: 0/13 | num. successes: 1/10
2024-01-13 20:58:24,079 - INFO - [Restart 0] 676) Best value: -3.63e+02 | TR length: 5.00e-02 | num. restarts: 1/13 | num. successes: 0/10
2024-01-13 20:58:25,178 - INFO - [Restart 0] 680) Best value: -3.63e+02 | TR length: 5.00e-02 | num. restarts: 2/13 | num. successes: 0/10
2024-01-13 20:58:26,329 - INFO - [Restart 0] 684) Best value: -3.63e+02 | TR length: 5.00e-02 | num. restarts: 3/13 | num. successes: 0/10
2024-01-13 20:58:27,570 - INFO - [Restart 0] 688) Best value: -3.63e+02 | TR length: 5.00e-02 | num. restarts: 4/13 | num. successes: 0/10
2024-01-13 20:58:28,656 - INFO - [Restart 0] 692) Best value: -3.63e+02 | TR length: 5.00e-02 | num. restarts: 5/13 | num. successes: 0/10
2024-01-13 20:58:29,839 - INFO - [Restart 0] 696) Best value: -3.63e+02 | TR length: 5.00e-02 | num. restarts: 6/13 | num. successes: 0/10
2024-01-13 20:58:30,943 - INFO - [Restart 0] 700) Best value: -3.61e+02 | TR length: 5.00e-02 | num. restarts: 0/13 | num. successes: 1/10
2024-01-13 20:58:31,881 - INFO - [Restart 0] 704) Best value: -3.61e+02 | TR length: 5.00e-02 | num. restarts: 1/13 | num. successes: 0/10
2024-01-13 20:58:32,705 - INFO - [Restart 0] 708) Best value: -3.61e+02 | TR length: 5.00e-02 | num. restarts: 2/13 | num. successes: 0/10
2024-01-13 20:58:33,875 - INFO - [Restart 0] 712) Best value: -3.61e+02 | TR length: 5.00e-02 | num. restarts: 3/13 | num. successes: 0/10
2024-01-13 20:58:35,499 - INFO - [Restart 0] 716) Best value: -3.61e+02 | TR length: 5.00e-02 | num. restarts: 4/13 | num. successes: 0/10
2024-01-13 20:58:37,633 - INFO - [Restart 0] 720) Best value: -3.61e+02 | TR length: 5.00e-02 | num. restarts: 5/13 | num. successes: 0/10
2024-01-13 20:58:39,458 - INFO - [Restart 0] 724) Best value: -3.61e+02 | TR length: 5.00e-02 | num. restarts: 6/13 | num. successes: 0/10
2024-01-13 20:58:40,797 - INFO - [Restart 0] 728) Best value: -3.61e+02 | TR length: 5.00e-02 | num. restarts: 7/13 | num. successes: 0/10
2024-01-13 20:58:42,342 - INFO - [Restart 0] 732) Best value: -3.48e+02 | TR length: 5.00e-02 | num. restarts: 0/13 | num. successes: 1/10
2024-01-13 20:58:43,462 - INFO - [Restart 0] 736) Best value: -3.04e+02 | TR length: 5.00e-02 | num. restarts: 0/13 | num. successes: 2/10
2024-01-13 20:58:44,824 - INFO - [Restart 0] 740) Best value: -3.04e+02 | TR length: 5.00e-02 | num. restarts: 1/13 | num. successes: 0/10
2024-01-13 20:58:45,980 - INFO - [Restart 0] 744) Best value: -3.04e+02 | TR length: 5.00e-02 | num. restarts: 2/13 | num. successes: 0/10
2024-01-13 20:58:47,187 - INFO - [Restart 0] 748) Best value: -3.04e+02 | TR length: 5.00e-02 | num. restarts: 3/13 | num. successes: 0/10
2024-01-13 20:58:48,360 - INFO - [Restart 0] 752) Best value: -3.04e+02 | TR length: 5.00e-02 | num. restarts: 4/13 | num. successes: 0/10
2024-01-13 20:58:49,703 - INFO - [Restart 0] 756) Best value: -3.04e+02 | TR length: 5.00e-02 | num. restarts: 5/13 | num. successes: 0/10
2024-01-13 20:58:51,268 - INFO - [Restart 0] 760) Best value: -3.04e+02 | TR length: 5.00e-02 | num. restarts: 6/13 | num. successes: 0/10
2024-01-13 20:58:53,505 - INFO - [Restart 0] 764) Best value: -3.04e+02 | TR length: 5.00e-02 | num. restarts: 7/13 | num. successes: 0/10
2024-01-13 20:58:54,599 - INFO - [Restart 0] 768) Best value: -3.04e+02 | TR length: 5.00e-02 | num. restarts: 8/13 | num. successes: 0/10
2024-01-13 20:58:55,832 - INFO - [Restart 0] 772) Best value: -3.04e+02 | TR length: 5.00e-02 | num. restarts: 9/13 | num. successes: 0/10
2024-01-13 20:58:56,740 - INFO - [Restart 0] 776) Best value: -3.04e+02 | TR length: 5.00e-02 | num. restarts: 10/13 | num. successes: 0/10
2024-01-13 20:58:58,178 - INFO - [Restart 0] 780) Best value: -3.04e+02 | TR length: 5.00e-02 | num. restarts: 11/13 | num. successes: 0/10
2024-01-13 20:58:59,576 - INFO - [Restart 0] 784) Best value: -3.04e+02 | TR length: 5.00e-02 | num. restarts: 12/13 | num. successes: 0/10
2024-01-13 20:59:01,514 - INFO - [Restart 0] 788) Best value: -3.04e+02 | TR length: 2.50e-02 | num. restarts: 0/13 | num. successes: 0/10
2024-01-13 20:59:03,123 - INFO - [Restart 0] 792) Best value: -3.04e+02 | TR length: 2.50e-02 | num. restarts: 1/13 | num. successes: 0/10
2024-01-13 20:59:05,031 - INFO - [Restart 0] 796) Best value: -3.04e+02 | TR length: 2.50e-02 | num. restarts: 2/13 | num. successes: 0/10
2024-01-13 20:59:06,227 - INFO - [Restart 0] 800) Best value: -3.04e+02 | TR length: 2.50e-02 | num. restarts: 3/13 | num. successes: 0/10
2024-01-13 20:59:07,701 - INFO - [Restart 0] 804) Best value: -3.04e+02 | TR length: 2.50e-02 | num. restarts: 4/13 | num. successes: 0/10
2024-01-13 20:59:09,743 - INFO - [Restart 0] 808) Best value: -3.04e+02 | TR length: 2.50e-02 | num. restarts: 5/13 | num. successes: 0/10
2024-01-13 20:59:11,094 - INFO - [Restart 0] 812) Best value: -3.04e+02 | TR length: 2.50e-02 | num. restarts: 6/13 | num. successes: 0/10
2024-01-13 20:59:12,334 - INFO - [Restart 0] 816) Best value: -3.03e+02 | TR length: 2.50e-02 | num. restarts: 0/13 | num. successes: 1/10
2024-01-13 20:59:13,376 - INFO - [Restart 0] 820) Best value: -3.03e+02 | TR length: 2.50e-02 | num. restarts: 0/13 | num. successes: 2/10
2024-01-13 20:59:14,504 - INFO - [Restart 0] 824) Best value: -3.03e+02 | TR length: 2.50e-02 | num. restarts: 1/13 | num. successes: 0/10
2024-01-13 20:59:15,721 - INFO - [Restart 0] 828) Best value: -3.03e+02 | TR length: 2.50e-02 | num. restarts: 2/13 | num. successes: 0/10
2024-01-13 20:59:17,266 - INFO - [Restart 0] 832) Best value: -2.95e+02 | TR length: 2.50e-02 | num. restarts: 0/13 | num. successes: 1/10
2024-01-13 20:59:18,802 - INFO - [Restart 0] 836) Best value: -2.95e+02 | TR length: 2.50e-02 | num. restarts: 1/13 | num. successes: 0/10
2024-01-13 20:59:19,843 - INFO - [Restart 0] 840) Best value: -2.78e+02 | TR length: 2.50e-02 | num. restarts: 0/13 | num. successes: 1/10
2024-01-13 20:59:21,220 - INFO - [Restart 0] 844) Best value: -2.78e+02 | TR length: 2.50e-02 | num. restarts: 1/13 | num. successes: 0/10
2024-01-13 20:59:22,921 - INFO - [Restart 0] 848) Best value: -2.77e+02 | TR length: 2.50e-02 | num. restarts: 0/13 | num. successes: 1/10
2024-01-13 20:59:24,087 - INFO - [Restart 0] 852) Best value: -2.77e+02 | TR length: 2.50e-02 | num. restarts: 1/13 | num. successes: 0/10
2024-01-13 20:59:25,418 - INFO - [Restart 0] 856) Best value: -2.59e+02 | TR length: 2.50e-02 | num. restarts: 0/13 | num. successes: 1/10
2024-01-13 20:59:26,690 - INFO - [Restart 0] 860) Best value: -2.59e+02 | TR length: 2.50e-02 | num. restarts: 1/13 | num. successes: 0/10
2024-01-13 20:59:28,356 - INFO - [Restart 0] 864) Best value: -2.59e+02 | TR length: 2.50e-02 | num. restarts: 2/13 | num. successes: 0/10
2024-01-13 20:59:29,455 - INFO - [Restart 0] 868) Best value: -2.59e+02 | TR length: 2.50e-02 | num. restarts: 3/13 | num. successes: 0/10
2024-01-13 20:59:30,840 - INFO - [Restart 0] 872) Best value: -2.59e+02 | TR length: 2.50e-02 | num. restarts: 4/13 | num. successes: 0/10
2024-01-13 20:59:32,503 - INFO - [Restart 0] 876) Best value: -2.59e+02 | TR length: 2.50e-02 | num. restarts: 5/13 | num. successes: 0/10
2024-01-13 20:59:34,662 - INFO - [Restart 0] 880) Best value: -2.59e+02 | TR length: 2.50e-02 | num. restarts: 6/13 | num. successes: 0/10
2024-01-13 20:59:36,066 - INFO - [Restart 0] 884) Best value: -2.51e+02 | TR length: 2.50e-02 | num. restarts: 0/13 | num. successes: 1/10
2024-01-13 20:59:37,526 - INFO - [Restart 0] 888) Best value: -2.51e+02 | TR length: 2.50e-02 | num. restarts: 1/13 | num. successes: 0/10
2024-01-13 20:59:39,102 - INFO - [Restart 0] 892) Best value: -2.51e+02 | TR length: 2.50e-02 | num. restarts: 2/13 | num. successes: 0/10
2024-01-13 20:59:40,407 - INFO - [Restart 0] 896) Best value: -2.51e+02 | TR length: 2.50e-02 | num. restarts: 3/13 | num. successes: 0/10
2024-01-13 20:59:42,018 - INFO - [Restart 0] 900) Best value: -2.30e+02 | TR length: 2.50e-02 | num. restarts: 0/13 | num. successes: 1/10
2024-01-13 20:59:43,860 - INFO - [Restart 0] 904) Best value: -2.30e+02 | TR length: 2.50e-02 | num. restarts: 1/13 | num. successes: 0/10
2024-01-13 20:59:45,204 - INFO - [Restart 0] 908) Best value: -2.30e+02 | TR length: 2.50e-02 | num. restarts: 2/13 | num. successes: 0/10
2024-01-13 20:59:46,403 - INFO - [Restart 0] 912) Best value: -2.30e+02 | TR length: 2.50e-02 | num. restarts: 3/13 | num. successes: 0/10
2024-01-13 20:59:48,295 - INFO - [Restart 0] 916) Best value: -2.30e+02 | TR length: 2.50e-02 | num. restarts: 4/13 | num. successes: 0/10
2024-01-13 20:59:50,304 - INFO - [Restart 0] 920) Best value: -2.30e+02 | TR length: 2.50e-02 | num. restarts: 5/13 | num. successes: 0/10
2024-01-13 20:59:51,675 - INFO - [Restart 0] 924) Best value: -2.30e+02 | TR length: 2.50e-02 | num. restarts: 6/13 | num. successes: 0/10
2024-01-13 20:59:53,330 - INFO - [Restart 0] 928) Best value: -2.30e+02 | TR length: 2.50e-02 | num. restarts: 7/13 | num. successes: 0/10
2024-01-13 20:59:54,384 - INFO - [Restart 0] 932) Best value: -2.30e+02 | TR length: 2.50e-02 | num. restarts: 8/13 | num. successes: 0/10
2024-01-13 20:59:56,064 - INFO - [Restart 0] 936) Best value: -2.30e+02 | TR length: 2.50e-02 | num. restarts: 9/13 | num. successes: 0/10
2024-01-13 20:59:57,740 - INFO - [Restart 0] 940) Best value: -2.30e+02 | TR length: 2.50e-02 | num. restarts: 10/13 | num. successes: 0/10
2024-01-13 20:59:58,888 - INFO - [Restart 0] 944) Best value: -2.30e+02 | TR length: 2.50e-02 | num. restarts: 11/13 | num. successes: 0/10
2024-01-13 21:00:00,220 - INFO - [Restart 0] 948) Best value: -2.30e+02 | TR length: 2.50e-02 | num. restarts: 12/13 | num. successes: 0/10
2024-01-13 21:00:02,708 - INFO - [Restart 0] 952) Best value: -2.30e+02 | TR length: 1.25e-02 | num. restarts: 0/13 | num. successes: 0/10
2024-01-13 21:00:04,315 - INFO - [Restart 0] 956) Best value: -2.28e+02 | TR length: 1.25e-02 | num. restarts: 0/13 | num. successes: 1/10
2024-01-13 21:00:05,462 - INFO - [Restart 0] 960) Best value: -2.28e+02 | TR length: 1.25e-02 | num. restarts: 1/13 | num. successes: 0/10
2024-01-13 21:00:06,696 - INFO - [Restart 0] 964) Best value: -2.28e+02 | TR length: 1.25e-02 | num. restarts: 2/13 | num. successes: 0/10
2024-01-13 21:00:08,269 - INFO - [Restart 0] 968) Best value: -2.28e+02 | TR length: 1.25e-02 | num. restarts: 3/13 | num. successes: 0/10
2024-01-13 21:00:09,711 - INFO - [Restart 0] 972) Best value: -2.23e+02 | TR length: 1.25e-02 | num. restarts: 0/13 | num. successes: 1/10
2024-01-13 21:00:11,004 - INFO - [Restart 0] 976) Best value: -2.23e+02 | TR length: 1.25e-02 | num. restarts: 1/13 | num. successes: 0/10
2024-01-13 21:00:12,690 - INFO - [Restart 0] 980) Best value: -2.23e+02 | TR length: 1.25e-02 | num. restarts: 2/13 | num. successes: 0/10
2024-01-13 21:00:13,842 - INFO - [Restart 0] 984) Best value: -2.23e+02 | TR length: 1.25e-02 | num. restarts: 3/13 | num. successes: 0/10
2024-01-13 21:00:15,109 - INFO - [Restart 0] 988) Best value: -2.22e+02 | TR length: 1.25e-02 | num. restarts: 0/13 | num. successes: 1/10
2024-01-13 21:00:16,361 - INFO - [Restart 0] 992) Best value: -2.22e+02 | TR length: 1.25e-02 | num. restarts: 1/13 | num. successes: 0/10
2024-01-13 21:00:17,589 - INFO - [Restart 0] 996) Best value: -2.22e+02 | TR length: 1.25e-02 | num. restarts: 2/13 | num. successes: 0/10
2024-01-13 21:00:18,812 - INFO - [Restart 0] 1000) Best value: -2.22e+02 | TR length: 1.25e-02 | num. restarts: 3/13 | num. successes: 0/10
2024-01-13 21:00:20,049 - INFO - [Restart 0] 1004) Best value: -2.22e+02 | TR length: 1.25e-02 | num. restarts: 4/13 | num. successes: 0/10
2024-01-13 21:00:21,455 - INFO - [Restart 0] 1008) Best value: -2.22e+02 | TR length: 1.25e-02 | num. restarts: 5/13 | num. successes: 0/10
2024-01-13 21:00:22,703 - INFO - [Restart 0] 1012) Best value: -2.17e+02 | TR length: 1.25e-02 | num. restarts: 0/13 | num. successes: 1/10
2024-01-13 21:00:24,065 - INFO - [Restart 0] 1016) Best value: -2.17e+02 | TR length: 1.25e-02 | num. restarts: 1/13 | num. successes: 0/10
2024-01-13 21:00:25,341 - INFO - [Restart 0] 1020) Best value: -2.14e+02 | TR length: 1.25e-02 | num. restarts: 0/13 | num. successes: 1/10
2024-01-13 21:00:26,741 - INFO - [Restart 0] 1024) Best value: -2.14e+02 | TR length: 1.25e-02 | num. restarts: 1/13 | num. successes: 0/10
2024-01-13 21:00:28,018 - INFO - [Restart 0] 1028) Best value: -2.09e+02 | TR length: 1.25e-02 | num. restarts: 0/13 | num. successes: 1/10
2024-01-13 21:00:29,324 - INFO - [Restart 0] 1032) Best value: -2.09e+02 | TR length: 1.25e-02 | num. restarts: 1/13 | num. successes: 0/10
2024-01-13 21:00:30,736 - INFO - [Restart 0] 1036) Best value: -2.08e+02 | TR length: 1.25e-02 | num. restarts: 0/13 | num. successes: 1/10
2024-01-13 21:00:32,223 - INFO - [Restart 0] 1040) Best value: -2.08e+02 | TR length: 1.25e-02 | num. restarts: 1/13 | num. successes: 0/10
2024-01-13 21:00:33,697 - INFO - [Restart 0] 1044) Best value: -2.08e+02 | TR length: 1.25e-02 | num. restarts: 2/13 | num. successes: 0/10
2024-01-13 21:00:35,253 - INFO - [Restart 0] 1048) Best value: -2.07e+02 | TR length: 1.25e-02 | num. restarts: 0/13 | num. successes: 1/10
2024-01-13 21:00:36,612 - INFO - [Restart 0] 1052) Best value: -2.07e+02 | TR length: 1.25e-02 | num. restarts: 1/13 | num. successes: 0/10
2024-01-13 21:00:37,972 - INFO - [Restart 0] 1056) Best value: -2.07e+02 | TR length: 1.25e-02 | num. restarts: 2/13 | num. successes: 0/10
2024-01-13 21:00:39,230 - INFO - [Restart 0] 1060) Best value: -2.07e+02 | TR length: 1.25e-02 | num. restarts: 3/13 | num. successes: 0/10
2024-01-13 21:00:40,621 - INFO - [Restart 0] 1064) Best value: -2.07e+02 | TR length: 1.25e-02 | num. restarts: 4/13 | num. successes: 0/10
2024-01-13 21:00:41,953 - INFO - [Restart 0] 1068) Best value: -2.05e+02 | TR length: 1.25e-02 | num. restarts: 0/13 | num. successes: 1/10
2024-01-13 21:00:43,325 - INFO - [Restart 0] 1072) Best value: -2.05e+02 | TR length: 1.25e-02 | num. restarts: 1/13 | num. successes: 0/10
2024-01-13 21:00:44,719 - INFO - [Restart 0] 1076) Best value: -2.05e+02 | TR length: 1.25e-02 | num. restarts: 2/13 | num. successes: 0/10
2024-01-13 21:00:46,317 - INFO - [Restart 0] 1080) Best value: -2.05e+02 | TR length: 1.25e-02 | num. restarts: 3/13 | num. successes: 0/10
2024-01-13 21:00:48,045 - INFO - [Restart 0] 1084) Best value: -1.98e+02 | TR length: 1.25e-02 | num. restarts: 0/13 | num. successes: 1/10
2024-01-13 21:00:49,451 - INFO - [Restart 0] 1088) Best value: -1.98e+02 | TR length: 1.25e-02 | num. restarts: 1/13 | num. successes: 0/10
2024-01-13 21:00:50,908 - INFO - [Restart 0] 1092) Best value: -1.98e+02 | TR length: 1.25e-02 | num. restarts: 2/13 | num. successes: 0/10
2024-01-13 21:00:52,208 - INFO - [Restart 0] 1096) Best value: -1.98e+02 | TR length: 1.25e-02 | num. restarts: 3/13 | num. successes: 0/10
2024-01-13 21:00:53,504 - INFO - [Restart 0] 1100) Best value: -1.96e+02 | TR length: 1.25e-02 | num. restarts: 0/13 | num. successes: 1/10
2024-01-13 21:00:54,990 - INFO - [Restart 0] 1104) Best value: -1.94e+02 | TR length: 1.25e-02 | num. restarts: 0/13 | num. successes: 2/10
2024-01-13 21:00:56,398 - INFO - [Restart 0] 1108) Best value: -1.94e+02 | TR length: 1.25e-02 | num. restarts: 1/13 | num. successes: 0/10
2024-01-13 21:00:58,175 - INFO - [Restart 0] 1112) Best value: -1.94e+02 | TR length: 1.25e-02 | num. restarts: 2/13 | num. successes: 0/10
2024-01-13 21:00:59,517 - INFO - [Restart 0] 1116) Best value: -1.93e+02 | TR length: 1.25e-02 | num. restarts: 0/13 | num. successes: 1/10
2024-01-13 21:01:00,882 - INFO - [Restart 0] 1120) Best value: -1.92e+02 | TR length: 1.25e-02 | num. restarts: 0/13 | num. successes: 2/10
2024-01-13 21:01:02,172 - INFO - [Restart 0] 1124) Best value: -1.91e+02 | TR length: 1.25e-02 | num. restarts: 0/13 | num. successes: 3/10
2024-01-13 21:01:03,595 - INFO - [Restart 0] 1128) Best value: -1.91e+02 | TR length: 1.25e-02 | num. restarts: 1/13 | num. successes: 0/10
2024-01-13 21:01:05,355 - INFO - [Restart 0] 1132) Best value: -1.91e+02 | TR length: 1.25e-02 | num. restarts: 2/13 | num. successes: 0/10
2024-01-13 21:01:07,144 - INFO - [Restart 0] 1136) Best value: -1.91e+02 | TR length: 1.25e-02 | num. restarts: 3/13 | num. successes: 0/10
2024-01-13 21:01:08,548 - INFO - [Restart 0] 1140) Best value: -1.91e+02 | TR length: 1.25e-02 | num. restarts: 4/13 | num. successes: 0/10
2024-01-13 21:01:10,086 - INFO - [Restart 0] 1144) Best value: -1.91e+02 | TR length: 1.25e-02 | num. restarts: 5/13 | num. successes: 0/10
2024-01-13 21:01:11,962 - INFO - [Restart 0] 1148) Best value: -1.91e+02 | TR length: 1.25e-02 | num. restarts: 6/13 | num. successes: 0/10
2024-01-13 21:01:13,933 - INFO - [Restart 0] 1152) Best value: -1.91e+02 | TR length: 1.25e-02 | num. restarts: 7/13 | num. successes: 0/10
2024-01-13 21:01:15,485 - INFO - [Restart 0] 1156) Best value: -1.91e+02 | TR length: 1.25e-02 | num. restarts: 8/13 | num. successes: 0/10
2024-01-13 21:01:17,029 - INFO - [Restart 0] 1160) Best value: -1.89e+02 | TR length: 1.25e-02 | num. restarts: 0/13 | num. successes: 1/10
2024-01-13 21:01:18,566 - INFO - [Restart 0] 1164) Best value: -1.89e+02 | TR length: 1.25e-02 | num. restarts: 1/13 | num. successes: 0/10
2024-01-13 21:01:20,048 - INFO - [Restart 0] 1168) Best value: -1.86e+02 | TR length: 1.25e-02 | num. restarts: 0/13 | num. successes: 1/10
2024-01-13 21:01:21,441 - INFO - [Restart 0] 1172) Best value: -1.86e+02 | TR length: 1.25e-02 | num. restarts: 1/13 | num. successes: 0/10
2024-01-13 21:01:22,960 - INFO - [Restart 0] 1176) Best value: -1.86e+02 | TR length: 1.25e-02 | num. restarts: 2/13 | num. successes: 0/10
2024-01-13 21:01:24,742 - INFO - [Restart 0] 1180) Best value: -1.86e+02 | TR length: 1.25e-02 | num. restarts: 3/13 | num. successes: 0/10
2024-01-13 21:01:26,339 - INFO - [Restart 0] 1184) Best value: -1.84e+02 | TR length: 1.25e-02 | num. restarts: 0/13 | num. successes: 1/10
2024-01-13 21:01:27,967 - INFO - [Restart 0] 1188) Best value: -1.84e+02 | TR length: 1.25e-02 | num. restarts: 1/13 | num. successes: 0/10
2024-01-13 21:01:29,718 - INFO - [Restart 0] 1192) Best value: -1.84e+02 | TR length: 1.25e-02 | num. restarts: 2/13 | num. successes: 0/10
2024-01-13 21:01:31,567 - INFO - [Restart 0] 1196) Best value: -1.84e+02 | TR length: 1.25e-02 | num. restarts: 3/13 | num. successes: 0/10
2024-01-13 21:01:33,318 - INFO - [Restart 0] 1200) Best value: -1.84e+02 | TR length: 1.25e-02 | num. restarts: 4/13 | num. successes: 0/10
2024-01-13 21:01:34,779 - INFO - [Restart 0] 1204) Best value: -1.84e+02 | TR length: 1.25e-02 | num. restarts: 5/13 | num. successes: 0/10
2024-01-13 21:01:36,178 - INFO - [Restart 0] 1208) Best value: -1.84e+02 | TR length: 1.25e-02 | num. restarts: 6/13 | num. successes: 0/10
2024-01-13 21:01:37,740 - INFO - [Restart 0] 1212) Best value: -1.84e+02 | TR length: 1.25e-02 | num. restarts: 7/13 | num. successes: 0/10
2024-01-13 21:01:39,266 - INFO - [Restart 0] 1216) Best value: -1.84e+02 | TR length: 1.25e-02 | num. restarts: 8/13 | num. successes: 0/10
2024-01-13 21:01:40,766 - INFO - [Restart 0] 1220) Best value: -1.84e+02 | TR length: 1.25e-02 | num. restarts: 9/13 | num. successes: 0/10
2024-01-13 21:01:42,347 - INFO - [Restart 0] 1224) Best value: -1.84e+02 | TR length: 1.25e-02 | num. restarts: 10/13 | num. successes: 0/10
2024-01-13 21:01:44,055 - INFO - [Restart 0] 1228) Best value: -1.84e+02 | TR length: 1.25e-02 | num. restarts: 11/13 | num. successes: 0/10
2024-01-13 21:01:45,653 - INFO - [Restart 0] 1232) Best value: -1.84e+02 | TR length: 1.25e-02 | num. restarts: 12/13 | num. successes: 0/10
2024-01-13 21:01:47,281 - INFO - [Restart 0] 1236) Best value: -1.84e+02 | TR length: 6.25e-03 | num. restarts: 0/13 | num. successes: 0/10
2024-01-13 21:01:47,745 - INFO - [Restart 1] 1340) Best value: -7.62e+02 | TR length: 8.00e-01 | num. restarts: 0/13 | num. successes: 1/10
2024-01-13 21:01:48,215 - INFO - [Restart 1] 1344) Best value: -7.50e+02 | TR length: 8.00e-01 | num. restarts: 0/13 | num. successes: 2/10
2024-01-13 21:01:48,746 - INFO - [Restart 1] 1348) Best value: -6.92e+02 | TR length: 8.00e-01 | num. restarts: 0/13 | num. successes: 3/10
2024-01-13 21:01:49,132 - INFO - [Restart 1] 1352) Best value: -6.77e+02 | TR length: 8.00e-01 | num. restarts: 0/13 | num. successes: 4/10
2024-01-13 21:01:50,043 - INFO - [Restart 1] 1356) Best value: -6.77e+02 | TR length: 8.00e-01 | num. restarts: 1/13 | num. successes: 0/10
2024-01-13 21:01:50,547 - INFO - [Restart 1] 1360) Best value: -6.77e+02 | TR length: 8.00e-01 | num. restarts: 2/13 | num. successes: 0/10
2024-01-13 21:01:50,879 - INFO - [Restart 1] 1364) Best value: -6.77e+02 | TR length: 8.00e-01 | num. restarts: 3/13 | num. successes: 0/10
2024-01-13 21:01:51,404 - INFO - [Restart 1] 1368) Best value: -6.65e+02 | TR length: 8.00e-01 | num. restarts: 0/13 | num. successes: 1/10
2024-01-13 21:01:51,875 - INFO - [Restart 1] 1372) Best value: -6.65e+02 | TR length: 8.00e-01 | num. restarts: 1/13 | num. successes: 0/10
2024-01-13 21:01:52,352 - INFO - [Restart 1] 1376) Best value: -6.22e+02 | TR length: 8.00e-01 | num. restarts: 0/13 | num. successes: 1/10
2024-01-13 21:01:53,128 - INFO - [Restart 1] 1380) Best value: -6.22e+02 | TR length: 8.00e-01 | num. restarts: 1/13 | num. successes: 0/10
2024-01-13 21:01:54,142 - INFO - [Restart 1] 1384) Best value: -6.22e+02 | TR length: 8.00e-01 | num. restarts: 2/13 | num. successes: 0/10
2024-01-13 21:01:54,971 - INFO - [Restart 1] 1388) Best value: -6.22e+02 | TR length: 8.00e-01 | num. restarts: 3/13 | num. successes: 0/10
2024-01-13 21:01:55,987 - INFO - [Restart 1] 1392) Best value: -6.22e+02 | TR length: 8.00e-01 | num. restarts: 4/13 | num. successes: 0/10
2024-01-13 21:01:56,629 - INFO - [Restart 1] 1396) Best value: -5.53e+02 | TR length: 8.00e-01 | num. restarts: 0/13 | num. successes: 1/10
2024-01-13 21:01:57,059 - INFO - [Restart 1] 1400) Best value: -5.53e+02 | TR length: 8.00e-01 | num. restarts: 1/13 | num. successes: 0/10
2024-01-13 21:01:57,761 - INFO - [Restart 1] 1404) Best value: -5.53e+02 | TR length: 8.00e-01 | num. restarts: 2/13 | num. successes: 0/10
2024-01-13 21:01:58,568 - INFO - [Restart 1] 1408) Best value: -5.53e+02 | TR length: 8.00e-01 | num. restarts: 3/13 | num. successes: 0/10
2024-01-13 21:01:59,381 - INFO - [Restart 1] 1412) Best value: -5.53e+02 | TR length: 8.00e-01 | num. restarts: 4/13 | num. successes: 0/10
2024-01-13 21:02:00,543 - INFO - [Restart 1] 1416) Best value: -5.53e+02 | TR length: 8.00e-01 | num. restarts: 5/13 | num. successes: 0/10
2024-01-13 21:02:01,128 - INFO - [Restart 1] 1420) Best value: -5.53e+02 | TR length: 8.00e-01 | num. restarts: 6/13 | num. successes: 0/10
2024-01-13 21:02:01,864 - INFO - [Restart 1] 1424) Best value: -5.53e+02 | TR length: 8.00e-01 | num. restarts: 7/13 | num. successes: 0/10
2024-01-13 21:02:02,811 - INFO - [Restart 1] 1428) Best value: -5.53e+02 | TR length: 8.00e-01 | num. restarts: 8/13 | num. successes: 0/10
2024-01-13 21:02:03,486 - INFO - [Restart 1] 1432) Best value: -5.53e+02 | TR length: 8.00e-01 | num. restarts: 9/13 | num. successes: 0/10
2024-01-13 21:02:04,120 - INFO - [Restart 1] 1436) Best value: -5.43e+02 | TR length: 8.00e-01 | num. restarts: 0/13 | num. successes: 1/10
2024-01-13 21:02:04,924 - INFO - [Restart 1] 1440) Best value: -5.43e+02 | TR length: 8.00e-01 | num. restarts: 1/13 | num. successes: 0/10
2024-01-13 21:02:06,383 - INFO - [Restart 1] 1444) Best value: -5.43e+02 | TR length: 8.00e-01 | num. restarts: 2/13 | num. successes: 0/10
2024-01-13 21:02:07,438 - INFO - [Restart 1] 1448) Best value: -5.43e+02 | TR length: 8.00e-01 | num. restarts: 3/13 | num. successes: 0/10
2024-01-13 21:02:08,238 - INFO - [Restart 1] 1452) Best value: -5.43e+02 | TR length: 8.00e-01 | num. restarts: 4/13 | num. successes: 0/10
2024-01-13 21:02:08,851 - INFO - [Restart 1] 1456) Best value: -5.43e+02 | TR length: 8.00e-01 | num. restarts: 5/13 | num. successes: 0/10
2024-01-13 21:02:09,588 - INFO - [Restart 1] 1460) Best value: -5.27e+02 | TR length: 8.00e-01 | num. restarts: 0/13 | num. successes: 1/10
2024-01-13 21:02:10,408 - INFO - [Restart 1] 1464) Best value: -5.27e+02 | TR length: 8.00e-01 | num. restarts: 1/13 | num. successes: 0/10
2024-01-13 21:02:11,154 - INFO - [Restart 1] 1468) Best value: -5.26e+02 | TR length: 8.00e-01 | num. restarts: 0/13 | num. successes: 1/10
2024-01-13 21:02:11,796 - INFO - [Restart 1] 1472) Best value: -5.26e+02 | TR length: 8.00e-01 | num. restarts: 1/13 | num. successes: 0/10
2024-01-13 21:02:12,405 - INFO - [Restart 1] 1476) Best value: -5.06e+02 | TR length: 8.00e-01 | num. restarts: 0/13 | num. successes: 1/10
2024-01-13 21:02:14,358 - INFO - [Restart 1] 1480) Best value: -5.06e+02 | TR length: 8.00e-01 | num. restarts: 1/13 | num. successes: 0/10
2024-01-13 21:02:15,038 - INFO - [Restart 1] 1484) Best value: -5.06e+02 | TR length: 8.00e-01 | num. restarts: 2/13 | num. successes: 0/10
2024-01-13 21:02:15,822 - INFO - [Restart 1] 1488) Best value: -5.06e+02 | TR length: 8.00e-01 | num. restarts: 3/13 | num. successes: 0/10
2024-01-13 21:02:16,473 - INFO - [Restart 1] 1492) Best value: -5.04e+02 | TR length: 8.00e-01 | num. restarts: 0/13 | num. successes: 1/10
2024-01-13 21:02:17,449 - INFO - [Restart 1] 1496) Best value: -5.04e+02 | TR length: 8.00e-01 | num. restarts: 1/13 | num. successes: 0/10
2024-01-13 21:02:18,052 - INFO - [Restart 1] 1500) Best value: -5.04e+02 | TR length: 8.00e-01 | num. restarts: 2/13 | num. successes: 0/10
2024-01-13 21:02:18,788 - INFO - [Restart 1] 1504) Best value: -4.88e+02 | TR length: 8.00e-01 | num. restarts: 0/13 | num. successes: 1/10
2024-01-13 21:02:19,596 - INFO - [Restart 1] 1508) Best value: -4.88e+02 | TR length: 8.00e-01 | num. restarts: 1/13 | num. successes: 0/10
2024-01-13 21:02:20,294 - INFO - [Restart 1] 1512) Best value: -4.88e+02 | TR length: 8.00e-01 | num. restarts: 2/13 | num. successes: 0/10
2024-01-13 21:02:20,971 - INFO - [Restart 1] 1516) Best value: -4.58e+02 | TR length: 8.00e-01 | num. restarts: 0/13 | num. successes: 1/10
2024-01-13 21:02:21,744 - INFO - [Restart 1] 1520) Best value: -4.58e+02 | TR length: 8.00e-01 | num. restarts: 1/13 | num. successes: 0/10
2024-01-13 21:02:22,578 - INFO - [Restart 1] 1524) Best value: -4.58e+02 | TR length: 8.00e-01 | num. restarts: 2/13 | num. successes: 0/10
2024-01-13 21:02:23,457 - INFO - [Restart 1] 1528) Best value: -4.58e+02 | TR length: 8.00e-01 | num. restarts: 3/13 | num. successes: 0/10
2024-01-13 21:02:24,126 - INFO - [Restart 1] 1532) Best value: -4.58e+02 | TR length: 8.00e-01 | num. restarts: 4/13 | num. successes: 0/10
2024-01-13 21:02:24,762 - INFO - [Restart 1] 1536) Best value: -4.58e+02 | TR length: 8.00e-01 | num. restarts: 5/13 | num. successes: 0/10
2024-01-13 21:02:25,412 - INFO - [Restart 1] 1540) Best value: -4.58e+02 | TR length: 8.00e-01 | num. restarts: 6/13 | num. successes: 0/10
2024-01-13 21:02:26,311 - INFO - [Restart 1] 1544) Best value: -4.58e+02 | TR length: 8.00e-01 | num. restarts: 7/13 | num. successes: 0/10
2024-01-13 21:02:27,046 - INFO - [Restart 1] 1548) Best value: -4.58e+02 | TR length: 8.00e-01 | num. restarts: 8/13 | num. successes: 0/10
2024-01-13 21:02:27,859 - INFO - [Restart 1] 1552) Best value: -4.58e+02 | TR length: 8.00e-01 | num. restarts: 9/13 | num. successes: 0/10
2024-01-13 21:02:28,885 - INFO - [Restart 1] 1556) Best value: -4.58e+02 | TR length: 8.00e-01 | num. restarts: 10/13 | num. successes: 0/10
2024-01-13 21:02:30,037 - INFO - [Restart 1] 1560) Best value: -4.58e+02 | TR length: 8.00e-01 | num. restarts: 11/13 | num. successes: 0/10
2024-01-13 21:02:30,770 - INFO - [Restart 1] 1564) Best value: -4.36e+02 | TR length: 8.00e-01 | num. restarts: 0/13 | num. successes: 1/10
2024-01-13 21:02:31,475 - INFO - [Restart 1] 1568) Best value: -4.36e+02 | TR length: 8.00e-01 | num. restarts: 1/13 | num. successes: 0/10
2024-01-13 21:02:32,521 - INFO - [Restart 1] 1572) Best value: -4.36e+02 | TR length: 8.00e-01 | num. restarts: 2/13 | num. successes: 0/10
2024-01-13 21:02:33,182 - INFO - [Restart 1] 1576) Best value: -4.36e+02 | TR length: 8.00e-01 | num. restarts: 3/13 | num. successes: 0/10
2024-01-13 21:02:33,910 - INFO - [Restart 1] 1580) Best value: -4.36e+02 | TR length: 8.00e-01 | num. restarts: 4/13 | num. successes: 0/10
2024-01-13 21:02:35,424 - INFO - [Restart 1] 1584) Best value: -4.36e+02 | TR length: 8.00e-01 | num. restarts: 5/13 | num. successes: 0/10
2024-01-13 21:02:36,436 - INFO - [Restart 1] 1588) Best value: -4.36e+02 | TR length: 8.00e-01 | num. restarts: 6/13 | num. successes: 0/10
2024-01-13 21:02:37,400 - INFO - [Restart 1] 1592) Best value: -4.36e+02 | TR length: 8.00e-01 | num. restarts: 7/13 | num. successes: 0/10
2024-01-13 21:02:38,345 - INFO - [Restart 1] 1596) Best value: -4.36e+02 | TR length: 8.00e-01 | num. restarts: 8/13 | num. successes: 0/10
2024-01-13 21:02:39,078 - INFO - [Restart 1] 1600) Best value: -4.36e+02 | TR length: 8.00e-01 | num. restarts: 9/13 | num. successes: 0/10
2024-01-13 21:02:39,859 - INFO - [Restart 1] 1604) Best value: -4.36e+02 | TR length: 8.00e-01 | num. restarts: 10/13 | num. successes: 0/10
2024-01-13 21:02:40,679 - INFO - [Restart 1] 1608) Best value: -4.36e+02 | TR length: 8.00e-01 | num. restarts: 11/13 | num. successes: 0/10
2024-01-13 21:02:41,532 - INFO - [Restart 1] 1612) Best value: -4.21e+02 | TR length: 8.00e-01 | num. restarts: 0/13 | num. successes: 1/10
2024-01-13 21:02:42,458 - INFO - [Restart 1] 1616) Best value: -4.21e+02 | TR length: 8.00e-01 | num. restarts: 1/13 | num. successes: 0/10
2024-01-13 21:02:43,002 - INFO - [Restart 1] 1620) Best value: -4.21e+02 | TR length: 8.00e-01 | num. restarts: 2/13 | num. successes: 0/10
2024-01-13 21:02:43,780 - INFO - [Restart 1] 1624) Best value: -4.21e+02 | TR length: 8.00e-01 | num. restarts: 3/13 | num. successes: 0/10
2024-01-13 21:02:44,492 - INFO - [Restart 1] 1628) Best value: -4.20e+02 | TR length: 8.00e-01 | num. restarts: 0/13 | num. successes: 1/10
2024-01-13 21:02:45,281 - INFO - [Restart 1] 1632) Best value: -4.10e+02 | TR length: 8.00e-01 | num. restarts: 0/13 | num. successes: 2/10
2024-01-13 21:02:46,037 - INFO - [Restart 1] 1636) Best value: -4.10e+02 | TR length: 8.00e-01 | num. restarts: 1/13 | num. successes: 0/10
2024-01-13 21:02:46,802 - INFO - [Restart 1] 1640) Best value: -4.10e+02 | TR length: 8.00e-01 | num. restarts: 2/13 | num. successes: 0/10
2024-01-13 21:02:47,662 - INFO - [Restart 1] 1644) Best value: -4.10e+02 | TR length: 8.00e-01 | num. restarts: 3/13 | num. successes: 0/10
2024-01-13 21:02:48,475 - INFO - [Restart 1] 1648) Best value: -4.10e+02 | TR length: 8.00e-01 | num. restarts: 4/13 | num. successes: 0/10
2024-01-13 21:02:49,133 - INFO - [Restart 1] 1652) Best value: -4.10e+02 | TR length: 8.00e-01 | num. restarts: 5/13 | num. successes: 0/10
2024-01-13 21:02:49,830 - INFO - [Restart 1] 1656) Best value: -4.10e+02 | TR length: 8.00e-01 | num. restarts: 6/13 | num. successes: 0/10
2024-01-13 21:02:50,822 - INFO - [Restart 1] 1660) Best value: -4.10e+02 | TR length: 8.00e-01 | num. restarts: 7/13 | num. successes: 0/10
2024-01-13 21:02:51,997 - INFO - [Restart 1] 1664) Best value: -4.10e+02 | TR length: 8.00e-01 | num. restarts: 8/13 | num. successes: 0/10
2024-01-13 21:02:52,686 - INFO - [Restart 1] 1668) Best value: -4.10e+02 | TR length: 8.00e-01 | num. restarts: 9/13 | num. successes: 0/10
2024-01-13 21:02:53,554 - INFO - [Restart 1] 1672) Best value: -4.10e+02 | TR length: 8.00e-01 | num. restarts: 10/13 | num. successes: 0/10
2024-01-13 21:02:54,323 - INFO - [Restart 1] 1676) Best value: -4.10e+02 | TR length: 8.00e-01 | num. restarts: 11/13 | num. successes: 0/10
2024-01-13 21:02:55,290 - INFO - [Restart 1] 1680) Best value: -4.10e+02 | TR length: 8.00e-01 | num. restarts: 12/13 | num. successes: 0/10
2024-01-13 21:02:56,027 - INFO - [Restart 1] 1684) Best value: -4.10e+02 | TR length: 4.00e-01 | num. restarts: 0/13 | num. successes: 0/10
2024-01-13 21:02:56,773 - INFO - [Restart 1] 1688) Best value: -4.07e+02 | TR length: 4.00e-01 | num. restarts: 0/13 | num. successes: 1/10
2024-01-13 21:02:57,719 - INFO - [Restart 1] 1692) Best value: -4.07e+02 | TR length: 4.00e-01 | num. restarts: 1/13 | num. successes: 0/10
2024-01-13 21:02:58,664 - INFO - [Restart 1] 1696) Best value: -4.07e+02 | TR length: 4.00e-01 | num. restarts: 2/13 | num. successes: 0/10
2024-01-13 21:02:59,605 - INFO - [Restart 1] 1700) Best value: -4.07e+02 | TR length: 4.00e-01 | num. restarts: 3/13 | num. successes: 0/10
2024-01-13 21:03:00,410 - INFO - [Restart 1] 1704) Best value: -4.07e+02 | TR length: 4.00e-01 | num. restarts: 4/13 | num. successes: 0/10
2024-01-13 21:03:01,393 - INFO - [Restart 1] 1708) Best value: -4.07e+02 | TR length: 4.00e-01 | num. restarts: 5/13 | num. successes: 0/10
2024-01-13 21:03:02,239 - INFO - [Restart 1] 1712) Best value: -4.07e+02 | TR length: 4.00e-01 | num. restarts: 6/13 | num. successes: 0/10
2024-01-13 21:03:02,999 - INFO - [Restart 1] 1716) Best value: -3.87e+02 | TR length: 4.00e-01 | num. restarts: 0/13 | num. successes: 1/10
2024-01-13 21:03:03,867 - INFO - [Restart 1] 1720) Best value: -3.87e+02 | TR length: 4.00e-01 | num. restarts: 1/13 | num. successes: 0/10
2024-01-13 21:03:04,954 - INFO - [Restart 1] 1724) Best value: -3.87e+02 | TR length: 4.00e-01 | num. restarts: 2/13 | num. successes: 0/10
2024-01-13 21:03:05,648 - INFO - [Restart 1] 1728) Best value: -3.87e+02 | TR length: 4.00e-01 | num. restarts: 3/13 | num. successes: 0/10
2024-01-13 21:03:06,448 - INFO - [Restart 1] 1732) Best value: -3.87e+02 | TR length: 4.00e-01 | num. restarts: 4/13 | num. successes: 0/10
2024-01-13 21:03:07,267 - INFO - [Restart 1] 1736) Best value: -3.87e+02 | TR length: 4.00e-01 | num. restarts: 5/13 | num. successes: 0/10
2024-01-13 21:03:08,344 - INFO - [Restart 1] 1740) Best value: -3.87e+02 | TR length: 4.00e-01 | num. restarts: 6/13 | num. successes: 0/10
2024-01-13 21:03:09,063 - INFO - [Restart 1] 1744) Best value: -3.87e+02 | TR length: 4.00e-01 | num. restarts: 7/13 | num. successes: 0/10
2024-01-13 21:03:09,857 - INFO - [Restart 1] 1748) Best value: -3.87e+02 | TR length: 4.00e-01 | num. restarts: 8/13 | num. successes: 0/10
2024-01-13 21:03:10,906 - INFO - [Restart 1] 1752) Best value: -3.87e+02 | TR length: 4.00e-01 | num. restarts: 9/13 | num. successes: 0/10
2024-01-13 21:03:11,924 - INFO - [Restart 1] 1756) Best value: -3.87e+02 | TR length: 4.00e-01 | num. restarts: 10/13 | num. successes: 0/10
2024-01-13 21:03:12,926 - INFO - [Restart 1] 1760) Best value: -3.87e+02 | TR length: 4.00e-01 | num. restarts: 11/13 | num. successes: 0/10
2024-01-13 21:03:14,000 - INFO - [Restart 1] 1764) Best value: -3.87e+02 | TR length: 4.00e-01 | num. restarts: 12/13 | num. successes: 0/10
2024-01-13 21:03:15,229 - INFO - [Restart 1] 1768) Best value: -3.87e+02 | TR length: 2.00e-01 | num. restarts: 0/13 | num. successes: 0/10
2024-01-13 21:03:16,132 - INFO - [Restart 1] 1772) Best value: -3.87e+02 | TR length: 2.00e-01 | num. restarts: 1/13 | num. successes: 0/10
2024-01-13 21:03:16,974 - INFO - [Restart 1] 1776) Best value: -3.87e+02 | TR length: 2.00e-01 | num. restarts: 2/13 | num. successes: 0/10
2024-01-13 21:03:17,941 - INFO - [Restart 1] 1780) Best value: -3.87e+02 | TR length: 2.00e-01 | num. restarts: 3/13 | num. successes: 0/10
2024-01-13 21:03:19,395 - INFO - [Restart 1] 1784) Best value: -3.87e+02 | TR length: 2.00e-01 | num. restarts: 4/13 | num. successes: 0/10
2024-01-13 21:03:20,862 - INFO - [Restart 1] 1788) Best value: -3.87e+02 | TR length: 2.00e-01 | num. restarts: 5/13 | num. successes: 0/10
2024-01-13 21:03:22,252 - INFO - [Restart 1] 1792) Best value: -3.87e+02 | TR length: 2.00e-01 | num. restarts: 6/13 | num. successes: 0/10
2024-01-13 21:03:23,451 - INFO - [Restart 1] 1796) Best value: -3.87e+02 | TR length: 2.00e-01 | num. restarts: 7/13 | num. successes: 0/10
2024-01-13 21:03:24,375 - INFO - [Restart 1] 1800) Best value: -3.87e+02 | TR length: 2.00e-01 | num. restarts: 8/13 | num. successes: 0/10
2024-01-13 21:03:25,611 - INFO - [Restart 1] 1804) Best value: -3.87e+02 | TR length: 2.00e-01 | num. restarts: 9/13 | num. successes: 0/10
2024-01-13 21:03:27,128 - INFO - [Restart 1] 1808) Best value: -3.87e+02 | TR length: 2.00e-01 | num. restarts: 10/13 | num. successes: 0/10
2024-01-13 21:03:28,755 - INFO - [Restart 1] 1812) Best value: -3.87e+02 | TR length: 2.00e-01 | num. restarts: 11/13 | num. successes: 0/10
2024-01-13 21:03:29,564 - INFO - [Restart 1] 1816) Best value: -3.87e+02 | TR length: 2.00e-01 | num. restarts: 12/13 | num. successes: 0/10
2024-01-13 21:03:30,372 - INFO - [Restart 1] 1820) Best value: -3.87e+02 | TR length: 1.00e-01 | num. restarts: 0/13 | num. successes: 0/10
2024-01-13 21:03:31,865 - INFO - [Restart 1] 1824) Best value: -3.79e+02 | TR length: 1.00e-01 | num. restarts: 0/13 | num. successes: 1/10
2024-01-13 21:03:33,654 - INFO - [Restart 1] 1828) Best value: -3.79e+02 | TR length: 1.00e-01 | num. restarts: 1/13 | num. successes: 0/10
2024-01-13 21:03:35,073 - INFO - [Restart 1] 1832) Best value: -3.79e+02 | TR length: 1.00e-01 | num. restarts: 2/13 | num. successes: 0/10
2024-01-13 21:03:36,230 - INFO - [Restart 1] 1836) Best value: -3.79e+02 | TR length: 1.00e-01 | num. restarts: 3/13 | num. successes: 0/10
2024-01-13 21:03:37,497 - INFO - [Restart 1] 1840) Best value: -3.79e+02 | TR length: 1.00e-01 | num. restarts: 4/13 | num. successes: 0/10
2024-01-13 21:03:38,629 - INFO - [Restart 1] 1844) Best value: -3.62e+02 | TR length: 1.00e-01 | num. restarts: 0/13 | num. successes: 1/10
2024-01-13 21:03:39,579 - INFO - [Restart 1] 1848) Best value: -3.62e+02 | TR length: 1.00e-01 | num. restarts: 1/13 | num. successes: 0/10
2024-01-13 21:03:40,857 - INFO - [Restart 1] 1852) Best value: -3.62e+02 | TR length: 1.00e-01 | num. restarts: 2/13 | num. successes: 0/10
2024-01-13 21:03:42,858 - INFO - [Restart 1] 1856) Best value: -3.62e+02 | TR length: 1.00e-01 | num. restarts: 3/13 | num. successes: 0/10
2024-01-13 21:03:44,354 - INFO - [Restart 1] 1860) Best value: -3.62e+02 | TR length: 1.00e-01 | num. restarts: 4/13 | num. successes: 0/10
2024-01-13 21:03:45,560 - INFO - [Restart 1] 1864) Best value: -3.62e+02 | TR length: 1.00e-01 | num. restarts: 5/13 | num. successes: 0/10
2024-01-13 21:03:46,647 - INFO - [Restart 1] 1868) Best value: -3.62e+02 | TR length: 1.00e-01 | num. restarts: 6/13 | num. successes: 0/10
2024-01-13 21:03:48,315 - INFO - [Restart 1] 1872) Best value: -3.62e+02 | TR length: 1.00e-01 | num. restarts: 7/13 | num. successes: 0/10
2024-01-13 21:03:49,718 - INFO - [Restart 1] 1876) Best value: -3.62e+02 | TR length: 1.00e-01 | num. restarts: 8/13 | num. successes: 0/10
2024-01-13 21:03:51,034 - INFO - [Restart 1] 1880) Best value: -3.62e+02 | TR length: 1.00e-01 | num. restarts: 9/13 | num. successes: 0/10
2024-01-13 21:03:52,292 - INFO - [Restart 1] 1884) Best value: -3.62e+02 | TR length: 1.00e-01 | num. restarts: 10/13 | num. successes: 0/10
2024-01-13 21:03:54,033 - INFO - [Restart 1] 1888) Best value: -3.62e+02 | TR length: 1.00e-01 | num. restarts: 11/13 | num. successes: 0/10
2024-01-13 21:03:55,365 - INFO - [Restart 1] 1892) Best value: -3.62e+02 | TR length: 1.00e-01 | num. restarts: 12/13 | num. successes: 0/10
2024-01-13 21:03:57,037 - INFO - [Restart 1] 1896) Best value: -3.62e+02 | TR length: 5.00e-02 | num. restarts: 0/13 | num. successes: 0/10
2024-01-13 21:03:58,328 - INFO - [Restart 1] 1900) Best value: -3.56e+02 | TR length: 5.00e-02 | num. restarts: 0/13 | num. successes: 1/10
2024-01-13 21:03:59,986 - INFO - [Restart 1] 1904) Best value: -3.56e+02 | TR length: 5.00e-02 | num. restarts: 1/13 | num. successes: 0/10
2024-01-13 21:04:01,294 - INFO - [Restart 1] 1908) Best value: -3.56e+02 | TR length: 5.00e-02 | num. restarts: 2/13 | num. successes: 0/10
2024-01-13 21:04:02,777 - INFO - [Restart 1] 1912) Best value: -3.56e+02 | TR length: 5.00e-02 | num. restarts: 3/13 | num. successes: 0/10
2024-01-13 21:04:07,258 - INFO - [Restart 1] 1916) Best value: -3.56e+02 | TR length: 5.00e-02 | num. restarts: 4/13 | num. successes: 0/10
2024-01-13 21:04:09,460 - INFO - [Restart 1] 1920) Best value: -3.56e+02 | TR length: 5.00e-02 | num. restarts: 5/13 | num. successes: 0/10
2024-01-13 21:04:10,747 - INFO - [Restart 1] 1924) Best value: -3.56e+02 | TR length: 5.00e-02 | num. restarts: 6/13 | num. successes: 0/10
2024-01-13 21:04:12,061 - INFO - [Restart 1] 1928) Best value: -3.53e+02 | TR length: 5.00e-02 | num. restarts: 0/13 | num. successes: 1/10
2024-01-13 21:04:14,110 - INFO - [Restart 1] 1932) Best value: -3.53e+02 | TR length: 5.00e-02 | num. restarts: 1/13 | num. successes: 0/10
2024-01-13 21:04:17,727 - INFO - [Restart 1] 1936) Best value: -3.53e+02 | TR length: 5.00e-02 | num. restarts: 2/13 | num. successes: 0/10
2024-01-13 21:04:19,959 - INFO - [Restart 1] 1940) Best value: -3.53e+02 | TR length: 5.00e-02 | num. restarts: 3/13 | num. successes: 0/10
2024-01-13 21:04:21,541 - INFO - [Restart 1] 1944) Best value: -3.53e+02 | TR length: 5.00e-02 | num. restarts: 4/13 | num. successes: 0/10
2024-01-13 21:04:22,791 - INFO - [Restart 1] 1948) Best value: -3.53e+02 | TR length: 5.00e-02 | num. restarts: 5/13 | num. successes: 0/10
2024-01-13 21:04:24,128 - INFO - [Restart 1] 1952) Best value: -3.20e+02 | TR length: 5.00e-02 | num. restarts: 0/13 | num. successes: 1/10
2024-01-13 21:04:25,769 - INFO - [Restart 1] 1956) Best value: -3.20e+02 | TR length: 5.00e-02 | num. restarts: 1/13 | num. successes: 0/10
2024-01-13 21:04:27,748 - INFO - [Restart 1] 1960) Best value: -3.11e+02 | TR length: 5.00e-02 | num. restarts: 0/13 | num. successes: 1/10
2024-01-13 21:04:29,459 - INFO - [Restart 1] 1964) Best value: -3.11e+02 | TR length: 5.00e-02 | num. restarts: 1/13 | num. successes: 0/10
2024-01-13 21:04:32,337 - INFO - [Restart 1] 1968) Best value: -3.11e+02 | TR length: 5.00e-02 | num. restarts: 2/13 | num. successes: 0/10
2024-01-13 21:04:33,909 - INFO - [Restart 1] 1972) Best value: -3.11e+02 | TR length: 5.00e-02 | num. restarts: 3/13 | num. successes: 0/10
2024-01-13 21:04:35,904 - INFO - [Restart 1] 1976) Best value: -3.11e+02 | TR length: 5.00e-02 | num. restarts: 4/13 | num. successes: 0/10
2024-01-13 21:04:36,936 - INFO - [Restart 1] 1980) Best value: -3.06e+02 | TR length: 5.00e-02 | num. restarts: 0/13 | num. successes: 1/10
2024-01-13 21:04:38,776 - INFO - [Restart 1] 1984) Best value: -3.06e+02 | TR length: 5.00e-02 | num. restarts: 1/13 | num. successes: 0/10
2024-01-13 21:04:39,778 - INFO - [Restart 1] 1988) Best value: -3.06e+02 | TR length: 5.00e-02 | num. restarts: 2/13 | num. successes: 0/10
2024-01-13 21:04:40,969 - INFO - [Restart 1] 1992) Best value: -3.06e+02 | TR length: 5.00e-02 | num. restarts: 3/13 | num. successes: 0/10
2024-01-13 21:04:42,079 - INFO - [Restart 1] 1996) Best value: -3.06e+02 | TR length: 5.00e-02 | num. restarts: 4/13 | num. successes: 0/10
2024-01-13 21:04:43,207 - INFO - [Restart 1] 2000) Best value: -3.02e+02 | TR length: 5.00e-02 | num. restarts: 0/13 | num. successes: 1/10
2024-01-13 21:04:44,759 - INFO - [Restart 1] 2004) Best value: -3.02e+02 | TR length: 5.00e-02 | num. restarts: 1/13 | num. successes: 0/10
2024-01-13 21:04:46,909 - INFO - [Restart 1] 2008) Best value: -3.01e+02 | TR length: 5.00e-02 | num. restarts: 0/13 | num. successes: 1/10
2024-01-13 21:04:48,835 - INFO - [Restart 1] 2012) Best value: -3.01e+02 | TR length: 5.00e-02 | num. restarts: 1/13 | num. successes: 0/10
2024-01-13 21:04:50,539 - INFO - [Restart 1] 2016) Best value: -3.01e+02 | TR length: 5.00e-02 | num. restarts: 2/13 | num. successes: 0/10
2024-01-13 21:04:51,937 - INFO - [Restart 1] 2020) Best value: -3.01e+02 | TR length: 5.00e-02 | num. restarts: 3/13 | num. successes: 0/10
2024-01-13 21:04:53,319 - INFO - [Restart 1] 2024) Best value: -3.01e+02 | TR length: 5.00e-02 | num. restarts: 4/13 | num. successes: 0/10
2024-01-13 21:04:55,004 - INFO - [Restart 1] 2028) Best value: -3.01e+02 | TR length: 5.00e-02 | num. restarts: 5/13 | num. successes: 0/10
2024-01-13 21:04:56,265 - INFO - [Restart 1] 2032) Best value: -2.96e+02 | TR length: 5.00e-02 | num. restarts: 0/13 | num. successes: 1/10
2024-01-13 21:04:57,249 - INFO - [Restart 1] 2036) Best value: -2.96e+02 | TR length: 5.00e-02 | num. restarts: 1/13 | num. successes: 0/10
2024-01-13 21:04:58,505 - INFO - [Restart 1] 2040) Best value: -2.96e+02 | TR length: 5.00e-02 | num. restarts: 2/13 | num. successes: 0/10
2024-01-13 21:05:00,936 - INFO - [Restart 1] 2044) Best value: -2.96e+02 | TR length: 5.00e-02 | num. restarts: 3/13 | num. successes: 0/10
2024-01-13 21:05:02,567 - INFO - [Restart 1] 2048) Best value: -2.96e+02 | TR length: 5.00e-02 | num. restarts: 4/13 | num. successes: 0/10
2024-01-13 21:05:04,019 - INFO - [Restart 1] 2052) Best value: -2.96e+02 | TR length: 5.00e-02 | num. restarts: 5/13 | num. successes: 0/10
2024-01-13 21:05:05,277 - INFO - [Restart 1] 2056) Best value: -2.96e+02 | TR length: 5.00e-02 | num. restarts: 6/13 | num. successes: 0/10
2024-01-13 21:05:06,782 - INFO - [Restart 1] 2060) Best value: -2.96e+02 | TR length: 5.00e-02 | num. restarts: 7/13 | num. successes: 0/10
2024-01-13 21:05:08,390 - INFO - [Restart 1] 2064) Best value: -2.96e+02 | TR length: 5.00e-02 | num. restarts: 8/13 | num. successes: 0/10
2024-01-13 21:05:10,358 - INFO - [Restart 1] 2068) Best value: -2.96e+02 | TR length: 5.00e-02 | num. restarts: 9/13 | num. successes: 0/10
2024-01-13 21:05:12,718 - INFO - [Restart 1] 2072) Best value: -2.96e+02 | TR length: 5.00e-02 | num. restarts: 10/13 | num. successes: 0/10
2024-01-13 21:05:14,341 - INFO - [Restart 1] 2076) Best value: -2.96e+02 | TR length: 5.00e-02 | num. restarts: 11/13 | num. successes: 0/10
2024-01-13 21:05:16,442 - INFO - [Restart 1] 2080) Best value: -2.96e+02 | TR length: 5.00e-02 | num. restarts: 12/13 | num. successes: 0/10
2024-01-13 21:05:17,920 - INFO - [Restart 1] 2084) Best value: -2.87e+02 | TR length: 5.00e-02 | num. restarts: 0/13 | num. successes: 1/10
2024-01-13 21:05:19,278 - INFO - [Restart 1] 2088) Best value: -2.87e+02 | TR length: 5.00e-02 | num. restarts: 1/13 | num. successes: 0/10
2024-01-13 21:05:21,697 - INFO - [Restart 1] 2092) Best value: -2.87e+02 | TR length: 5.00e-02 | num. restarts: 2/13 | num. successes: 0/10
2024-01-13 21:05:23,087 - INFO - [Restart 1] 2096) Best value: -2.87e+02 | TR length: 5.00e-02 | num. restarts: 3/13 | num. successes: 0/10
2024-01-13 21:05:25,303 - INFO - [Restart 1] 2100) Best value: -2.87e+02 | TR length: 5.00e-02 | num. restarts: 4/13 | num. successes: 0/10
2024-01-13 21:05:26,533 - INFO - [Restart 1] 2104) Best value: -2.87e+02 | TR length: 5.00e-02 | num. restarts: 5/13 | num. successes: 0/10
2024-01-13 21:05:27,887 - INFO - [Restart 1] 2108) Best value: -2.87e+02 | TR length: 5.00e-02 | num. restarts: 6/13 | num. successes: 0/10
2024-01-13 21:05:29,561 - INFO - [Restart 1] 2112) Best value: -2.87e+02 | TR length: 5.00e-02 | num. restarts: 7/13 | num. successes: 0/10
2024-01-13 21:05:31,262 - INFO - [Restart 1] 2116) Best value: -2.87e+02 | TR length: 5.00e-02 | num. restarts: 8/13 | num. successes: 0/10
2024-01-13 21:05:32,467 - INFO - [Restart 1] 2120) Best value: -2.87e+02 | TR length: 5.00e-02 | num. restarts: 9/13 | num. successes: 0/10
2024-01-13 21:05:33,849 - INFO - [Restart 1] 2124) Best value: -2.61e+02 | TR length: 5.00e-02 | num. restarts: 0/13 | num. successes: 1/10
2024-01-13 21:05:35,223 - INFO - [Restart 1] 2128) Best value: -2.61e+02 | TR length: 5.00e-02 | num. restarts: 1/13 | num. successes: 0/10
2024-01-13 21:05:36,884 - INFO - [Restart 1] 2132) Best value: -2.61e+02 | TR length: 5.00e-02 | num. restarts: 2/13 | num. successes: 0/10
2024-01-13 21:05:37,995 - INFO - [Restart 1] 2136) Best value: -2.61e+02 | TR length: 5.00e-02 | num. restarts: 3/13 | num. successes: 0/10
2024-01-13 21:05:39,794 - INFO - [Restart 1] 2140) Best value: -2.61e+02 | TR length: 5.00e-02 | num. restarts: 4/13 | num. successes: 0/10
2024-01-13 21:05:41,281 - INFO - [Restart 1] 2144) Best value: -2.61e+02 | TR length: 5.00e-02 | num. restarts: 5/13 | num. successes: 0/10
2024-01-13 21:05:43,796 - INFO - [Restart 1] 2148) Best value: -2.61e+02 | TR length: 5.00e-02 | num. restarts: 6/13 | num. successes: 0/10
2024-01-13 21:05:46,748 - INFO - [Restart 1] 2152) Best value: -2.61e+02 | TR length: 5.00e-02 | num. restarts: 7/13 | num. successes: 0/10
2024-01-13 21:05:49,123 - INFO - [Restart 1] 2156) Best value: -2.61e+02 | TR length: 5.00e-02 | num. restarts: 8/13 | num. successes: 0/10
2024-01-13 21:05:51,765 - INFO - [Restart 1] 2160) Best value: -2.61e+02 | TR length: 5.00e-02 | num. restarts: 9/13 | num. successes: 0/10
2024-01-13 21:05:53,674 - INFO - [Restart 1] 2164) Best value: -2.61e+02 | TR length: 5.00e-02 | num. restarts: 10/13 | num. successes: 0/10
2024-01-13 21:05:55,506 - INFO - [Restart 1] 2168) Best value: -2.61e+02 | TR length: 5.00e-02 | num. restarts: 11/13 | num. successes: 0/10
2024-01-13 21:05:57,129 - INFO - [Restart 1] 2172) Best value: -2.61e+02 | TR length: 5.00e-02 | num. restarts: 12/13 | num. successes: 0/10
2024-01-13 21:05:58,953 - INFO - [Restart 1] 2176) Best value: -2.61e+02 | TR length: 2.50e-02 | num. restarts: 0/13 | num. successes: 0/10
2024-01-13 21:06:00,744 - INFO - [Restart 1] 2180) Best value: -2.55e+02 | TR length: 2.50e-02 | num. restarts: 0/13 | num. successes: 1/10
2024-01-13 21:06:02,716 - INFO - [Restart 1] 2184) Best value: -2.55e+02 | TR length: 2.50e-02 | num. restarts: 1/13 | num. successes: 0/10
2024-01-13 21:06:04,449 - INFO - [Restart 1] 2188) Best value: -2.55e+02 | TR length: 2.50e-02 | num. restarts: 2/13 | num. successes: 0/10
2024-01-13 21:06:05,788 - INFO - [Restart 1] 2192) Best value: -2.55e+02 | TR length: 2.50e-02 | num. restarts: 3/13 | num. successes: 0/10
2024-01-13 21:06:07,504 - INFO - [Restart 1] 2196) Best value: -2.55e+02 | TR length: 2.50e-02 | num. restarts: 4/13 | num. successes: 0/10
2024-01-13 21:06:09,369 - INFO - [Restart 1] 2200) Best value: -2.55e+02 | TR length: 2.50e-02 | num. restarts: 5/13 | num. successes: 0/10
2024-01-13 21:06:10,590 - INFO - [Restart 1] 2204) Best value: -2.55e+02 | TR length: 2.50e-02 | num. restarts: 6/13 | num. successes: 0/10
2024-01-13 21:06:12,179 - INFO - [Restart 1] 2208) Best value: -2.55e+02 | TR length: 2.50e-02 | num. restarts: 7/13 | num. successes: 0/10
2024-01-13 21:06:13,824 - INFO - [Restart 1] 2212) Best value: -2.55e+02 | TR length: 2.50e-02 | num. restarts: 8/13 | num. successes: 0/10
2024-01-13 21:06:15,444 - INFO - [Restart 1] 2216) Best value: -2.51e+02 | TR length: 2.50e-02 | num. restarts: 0/13 | num. successes: 1/10
2024-01-13 21:06:16,755 - INFO - [Restart 1] 2220) Best value: -2.51e+02 | TR length: 2.50e-02 | num. restarts: 1/13 | num. successes: 0/10
2024-01-13 21:06:18,204 - INFO - [Restart 1] 2224) Best value: -2.51e+02 | TR length: 2.50e-02 | num. restarts: 2/13 | num. successes: 0/10
2024-01-13 21:06:20,063 - INFO - [Restart 1] 2228) Best value: -2.51e+02 | TR length: 2.50e-02 | num. restarts: 3/13 | num. successes: 0/10
2024-01-13 21:06:22,059 - INFO - [Restart 1] 2232) Best value: -2.51e+02 | TR length: 2.50e-02 | num. restarts: 4/13 | num. successes: 0/10
2024-01-13 21:06:23,679 - INFO - [Restart 1] 2236) Best value: -2.51e+02 | TR length: 2.50e-02 | num. restarts: 5/13 | num. successes: 0/10
2024-01-13 21:06:25,477 - INFO - [Restart 1] 2240) Best value: -2.38e+02 | TR length: 2.50e-02 | num. restarts: 0/13 | num. successes: 1/10
2024-01-13 21:06:29,183 - INFO - [Restart 1] 2244) Best value: -2.38e+02 | TR length: 2.50e-02 | num. restarts: 1/13 | num. successes: 0/10
2024-01-13 21:06:30,829 - INFO - [Restart 1] 2248) Best value: -2.38e+02 | TR length: 2.50e-02 | num. restarts: 2/13 | num. successes: 0/10
2024-01-13 21:06:32,429 - INFO - [Restart 1] 2252) Best value: -2.38e+02 | TR length: 2.50e-02 | num. restarts: 3/13 | num. successes: 0/10
2024-01-13 21:06:33,896 - INFO - [Restart 1] 2256) Best value: -2.35e+02 | TR length: 2.50e-02 | num. restarts: 0/13 | num. successes: 1/10
2024-01-13 21:06:35,585 - INFO - [Restart 1] 2260) Best value: -2.35e+02 | TR length: 2.50e-02 | num. restarts: 1/13 | num. successes: 0/10
2024-01-13 21:06:36,973 - INFO - [Restart 1] 2264) Best value: -2.35e+02 | TR length: 2.50e-02 | num. restarts: 2/13 | num. successes: 0/10
2024-01-13 21:06:38,351 - INFO - [Restart 1] 2268) Best value: -2.31e+02 | TR length: 2.50e-02 | num. restarts: 0/13 | num. successes: 1/10
2024-01-13 21:06:39,954 - INFO - [Restart 1] 2272) Best value: -2.21e+02 | TR length: 2.50e-02 | num. restarts: 0/13 | num. successes: 2/10
2024-01-13 21:06:41,870 - INFO - [Restart 1] 2276) Best value: -2.21e+02 | TR length: 2.50e-02 | num. restarts: 1/13 | num. successes: 0/10
2024-01-13 21:06:43,867 - INFO - [Restart 1] 2280) Best value: -2.21e+02 | TR length: 2.50e-02 | num. restarts: 2/13 | num. successes: 0/10
2024-01-13 21:06:46,164 - INFO - [Restart 1] 2284) Best value: -2.21e+02 | TR length: 2.50e-02 | num. restarts: 3/13 | num. successes: 0/10
2024-01-13 21:06:47,723 - INFO - [Restart 1] 2288) Best value: -2.21e+02 | TR length: 2.50e-02 | num. restarts: 4/13 | num. successes: 0/10
2024-01-13 21:06:49,298 - INFO - [Restart 1] 2292) Best value: -2.21e+02 | TR length: 2.50e-02 | num. restarts: 5/13 | num. successes: 0/10
2024-01-13 21:06:51,500 - INFO - [Restart 1] 2296) Best value: -2.21e+02 | TR length: 2.50e-02 | num. restarts: 6/13 | num. successes: 0/10
2024-01-13 21:06:53,367 - INFO - [Restart 1] 2300) Best value: -2.21e+02 | TR length: 2.50e-02 | num. restarts: 7/13 | num. successes: 0/10
2024-01-13 21:06:55,256 - INFO - [Restart 1] 2304) Best value: -2.21e+02 | TR length: 2.50e-02 | num. restarts: 8/13 | num. successes: 0/10
2024-01-13 21:06:57,267 - INFO - [Restart 1] 2308) Best value: -2.10e+02 | TR length: 2.50e-02 | num. restarts: 0/13 | num. successes: 1/10
2024-01-13 21:06:59,265 - INFO - [Restart 1] 2312) Best value: -2.10e+02 | TR length: 2.50e-02 | num. restarts: 1/13 | num. successes: 0/10
2024-01-13 21:07:00,831 - INFO - [Restart 1] 2316) Best value: -2.10e+02 | TR length: 2.50e-02 | num. restarts: 2/13 | num. successes: 0/10
2024-01-13 21:07:02,952 - INFO - [Restart 1] 2320) Best value: -2.10e+02 | TR length: 2.50e-02 | num. restarts: 3/13 | num. successes: 0/10
2024-01-13 21:07:04,988 - INFO - [Restart 1] 2324) Best value: -2.10e+02 | TR length: 2.50e-02 | num. restarts: 4/13 | num. successes: 0/10
2024-01-13 21:07:06,542 - INFO - [Restart 1] 2328) Best value: -2.10e+02 | TR length: 2.50e-02 | num. restarts: 5/13 | num. successes: 0/10
2024-01-13 21:07:07,898 - INFO - [Restart 1] 2332) Best value: -2.10e+02 | TR length: 2.50e-02 | num. restarts: 6/13 | num. successes: 0/10
2024-01-13 21:07:09,585 - INFO - [Restart 1] 2336) Best value: -2.10e+02 | TR length: 2.50e-02 | num. restarts: 7/13 | num. successes: 0/10
2024-01-13 21:07:11,049 - INFO - [Restart 1] 2340) Best value: -2.03e+02 | TR length: 2.50e-02 | num. restarts: 0/13 | num. successes: 1/10
2024-01-13 21:07:12,785 - INFO - [Restart 1] 2344) Best value: -2.03e+02 | TR length: 2.50e-02 | num. restarts: 1/13 | num. successes: 0/10
2024-01-13 21:07:14,437 - INFO - [Restart 1] 2348) Best value: -2.03e+02 | TR length: 2.50e-02 | num. restarts: 2/13 | num. successes: 0/10
2024-01-13 21:07:16,274 - INFO - [Restart 1] 2352) Best value: -2.03e+02 | TR length: 2.50e-02 | num. restarts: 3/13 | num. successes: 0/10
2024-01-13 21:07:17,899 - INFO - [Restart 1] 2356) Best value: -2.03e+02 | TR length: 2.50e-02 | num. restarts: 4/13 | num. successes: 0/10
2024-01-13 21:07:19,728 - INFO - [Restart 1] 2360) Best value: -2.03e+02 | TR length: 2.50e-02 | num. restarts: 5/13 | num. successes: 0/10
2024-01-13 21:07:21,521 - INFO - [Restart 1] 2364) Best value: -2.03e+02 | TR length: 2.50e-02 | num. restarts: 6/13 | num. successes: 0/10
2024-01-13 21:07:23,237 - INFO - [Restart 1] 2368) Best value: -2.03e+02 | TR length: 2.50e-02 | num. restarts: 7/13 | num. successes: 0/10
2024-01-13 21:07:24,945 - INFO - [Restart 1] 2372) Best value: -2.03e+02 | TR length: 2.50e-02 | num. restarts: 8/13 | num. successes: 0/10
2024-01-13 21:07:26,408 - INFO - [Restart 1] 2376) Best value: -2.02e+02 | TR length: 2.50e-02 | num. restarts: 0/13 | num. successes: 1/10
2024-01-13 21:07:27,924 - INFO - [Restart 1] 2380) Best value: -2.02e+02 | TR length: 2.50e-02 | num. restarts: 1/13 | num. successes: 0/10
2024-01-13 21:07:29,835 - INFO - [Restart 1] 2384) Best value: -2.02e+02 | TR length: 2.50e-02 | num. restarts: 2/13 | num. successes: 0/10
2024-01-13 21:07:31,666 - INFO - [Restart 1] 2388) Best value: -2.02e+02 | TR length: 2.50e-02 | num. restarts: 3/13 | num. successes: 0/10
2024-01-13 21:07:32,942 - INFO - [Restart 1] 2392) Best value: -2.02e+02 | TR length: 2.50e-02 | num. restarts: 4/13 | num. successes: 0/10
2024-01-13 21:07:34,954 - INFO - [Restart 1] 2396) Best value: -2.02e+02 | TR length: 2.50e-02 | num. restarts: 5/13 | num. successes: 0/10
2024-01-13 21:07:36,761 - INFO - [Restart 1] 2400) Best value: -2.02e+02 | TR length: 2.50e-02 | num. restarts: 6/13 | num. successes: 0/10
2024-01-13 21:07:38,942 - INFO - [Restart 1] 2404) Best value: -2.02e+02 | TR length: 2.50e-02 | num. restarts: 7/13 | num. successes: 0/10
2024-01-13 21:07:40,547 - INFO - [Restart 1] 2408) Best value: -2.02e+02 | TR length: 2.50e-02 | num. restarts: 8/13 | num. successes: 0/10
2024-01-13 21:07:41,976 - INFO - [Restart 1] 2412) Best value: -2.02e+02 | TR length: 2.50e-02 | num. restarts: 9/13 | num. successes: 0/10
2024-01-13 21:07:43,707 - INFO - [Restart 1] 2416) Best value: -1.89e+02 | TR length: 2.50e-02 | num. restarts: 0/13 | num. successes: 1/10
2024-01-13 21:07:45,336 - INFO - [Restart 1] 2420) Best value: -1.89e+02 | TR length: 2.50e-02 | num. restarts: 1/13 | num. successes: 0/10
2024-01-13 21:07:46,658 - INFO - [Restart 1] 2424) Best value: -1.82e+02 | TR length: 2.50e-02 | num. restarts: 0/13 | num. successes: 1/10
2024-01-13 21:07:48,089 - INFO - [Restart 1] 2428) Best value: -1.80e+02 | TR length: 2.50e-02 | num. restarts: 0/13 | num. successes: 2/10
2024-01-13 21:07:49,797 - INFO - [Restart 1] 2432) Best value: -1.80e+02 | TR length: 2.50e-02 | num. restarts: 1/13 | num. successes: 0/10
2024-01-13 21:07:51,772 - INFO - [Restart 1] 2436) Best value: -1.80e+02 | TR length: 2.50e-02 | num. restarts: 2/13 | num. successes: 0/10
2024-01-13 21:07:53,516 - INFO - [Restart 1] 2440) Best value: -1.80e+02 | TR length: 2.50e-02 | num. restarts: 3/13 | num. successes: 0/10
2024-01-13 21:07:54,896 - INFO - [Restart 1] 2444) Best value: -1.80e+02 | TR length: 2.50e-02 | num. restarts: 4/13 | num. successes: 0/10
2024-01-13 21:07:56,857 - INFO - [Restart 1] 2448) Best value: -1.80e+02 | TR length: 2.50e-02 | num. restarts: 5/13 | num. successes: 0/10
2024-01-13 21:07:58,719 - INFO - [Restart 1] 2452) Best value: -1.80e+02 | TR length: 2.50e-02 | num. restarts: 6/13 | num. successes: 0/10
2024-01-13 21:08:00,531 - INFO - [Restart 1] 2456) Best value: -1.80e+02 | TR length: 2.50e-02 | num. restarts: 7/13 | num. successes: 0/10
2024-01-13 21:08:02,429 - INFO - [Restart 1] 2460) Best value: -1.80e+02 | TR length: 2.50e-02 | num. restarts: 8/13 | num. successes: 0/10
2024-01-13 21:08:04,430 - INFO - [Restart 1] 2464) Best value: -1.80e+02 | TR length: 2.50e-02 | num. restarts: 9/13 | num. successes: 0/10
2024-01-13 21:08:06,601 - INFO - [Restart 1] 2468) Best value: -1.80e+02 | TR length: 2.50e-02 | num. restarts: 10/13 | num. successes: 0/10
2024-01-13 21:08:08,505 - INFO - [Restart 1] 2472) Best value: -1.80e+02 | TR length: 2.50e-02 | num. restarts: 11/13 | num. successes: 0/10
2024-01-13 21:08:10,422 - INFO - [Restart 1] 2476) Best value: -1.80e+02 | TR length: 2.50e-02 | num. restarts: 0/13 | num. successes: 1/10
2024-01-13 21:08:12,500 - INFO - [Restart 1] 2480) Best value: -1.80e+02 | TR length: 2.50e-02 | num. restarts: 1/13 | num. successes: 0/10
2024-01-13 21:08:14,698 - INFO - [Restart 1] 2484) Best value: -1.80e+02 | TR length: 2.50e-02 | num. restarts: 2/13 | num. successes: 0/10
2024-01-13 21:08:16,627 - INFO - [Restart 1] 2488) Best value: -1.80e+02 | TR length: 2.50e-02 | num. restarts: 3/13 | num. successes: 0/10
2024-01-13 21:08:18,404 - INFO - [Restart 1] 2492) Best value: -1.76e+02 | TR length: 2.50e-02 | num. restarts: 0/13 | num. successes: 1/10
2024-01-13 21:08:20,593 - INFO - [Restart 1] 2496) Best value: -1.76e+02 | TR length: 2.50e-02 | num. restarts: 1/13 | num. successes: 0/10
2024-01-13 21:08:22,666 - INFO - [Restart 1] 2500) Best value: -1.76e+02 | TR length: 2.50e-02 | num. restarts: 2/13 | num. successes: 0/10
2024-01-13 21:08:25,257 - INFO - [Restart 1] 2504) Best value: -1.75e+02 | TR length: 2.50e-02 | num. restarts: 0/13 | num. successes: 1/10
2024-01-13 21:08:28,131 - INFO - [Restart 1] 2508) Best value: -1.64e+02 | TR length: 2.50e-02 | num. restarts: 0/13 | num. successes: 2/10
2024-01-13 21:08:30,374 - INFO - [Restart 1] 2512) Best value: -1.64e+02 | TR length: 2.50e-02 | num. restarts: 1/13 | num. successes: 0/10
2024-01-13 21:08:32,587 - INFO - [Restart 1] 2516) Best value: -1.64e+02 | TR length: 2.50e-02 | num. restarts: 2/13 | num. successes: 0/10
2024-01-13 21:08:34,560 - INFO - [Restart 1] 2520) Best value: -1.64e+02 | TR length: 2.50e-02 | num. restarts: 3/13 | num. successes: 0/10
2024-01-13 21:08:36,184 - INFO - [Restart 1] 2524) Best value: -1.64e+02 | TR length: 2.50e-02 | num. restarts: 4/13 | num. successes: 0/10
2024-01-13 21:08:38,090 - INFO - [Restart 1] 2528) Best value: -1.64e+02 | TR length: 2.50e-02 | num. restarts: 5/13 | num. successes: 0/10
2024-01-13 21:08:40,530 - INFO - [Restart 1] 2532) Best value: -1.64e+02 | TR length: 2.50e-02 | num. restarts: 6/13 | num. successes: 0/10
2024-01-13 21:08:42,849 - INFO - [Restart 1] 2536) Best value: -1.64e+02 | TR length: 2.50e-02 | num. restarts: 7/13 | num. successes: 0/10
2024-01-13 21:08:44,524 - INFO - [Restart 1] 2540) Best value: -1.64e+02 | TR length: 2.50e-02 | num. restarts: 8/13 | num. successes: 0/10
2024-01-13 21:08:46,579 - INFO - [Restart 1] 2544) Best value: -1.63e+02 | TR length: 2.50e-02 | num. restarts: 0/13 | num. successes: 1/10
2024-01-13 21:08:48,391 - INFO - [Restart 1] 2548) Best value: -1.63e+02 | TR length: 2.50e-02 | num. restarts: 1/13 | num. successes: 0/10
2024-01-13 21:08:50,359 - INFO - [Restart 1] 2552) Best value: -1.63e+02 | TR length: 2.50e-02 | num. restarts: 2/13 | num. successes: 0/10
2024-01-13 21:08:52,877 - INFO - [Restart 1] 2556) Best value: -1.63e+02 | TR length: 2.50e-02 | num. restarts: 3/13 | num. successes: 0/10
2024-01-13 21:08:55,037 - INFO - [Restart 1] 2560) Best value: -1.63e+02 | TR length: 2.50e-02 | num. restarts: 4/13 | num. successes: 0/10
2024-01-13 21:08:57,007 - INFO - [Restart 1] 2564) Best value: -1.63e+02 | TR length: 2.50e-02 | num. restarts: 5/13 | num. successes: 0/10
2024-01-13 21:08:58,962 - INFO - [Restart 1] 2568) Best value: -1.63e+02 | TR length: 2.50e-02 | num. restarts: 6/13 | num. successes: 0/10
2024-01-13 21:09:01,220 - INFO - [Restart 1] 2572) Best value: -1.56e+02 | TR length: 2.50e-02 | num. restarts: 0/13 | num. successes: 1/10
2024-01-13 21:09:03,424 - INFO - [Restart 1] 2576) Best value: -1.56e+02 | TR length: 2.50e-02 | num. restarts: 1/13 | num. successes: 0/10
2024-01-13 21:09:05,822 - INFO - [Restart 1] 2580) Best value: -1.56e+02 | TR length: 2.50e-02 | num. restarts: 2/13 | num. successes: 0/10
2024-01-13 21:09:08,117 - INFO - [Restart 1] 2584) Best value: -1.56e+02 | TR length: 2.50e-02 | num. restarts: 3/13 | num. successes: 0/10
2024-01-13 21:09:10,359 - INFO - [Restart 1] 2588) Best value: -1.56e+02 | TR length: 2.50e-02 | num. restarts: 4/13 | num. successes: 0/10
2024-01-13 21:09:13,293 - INFO - [Restart 1] 2592) Best value: -1.56e+02 | TR length: 2.50e-02 | num. restarts: 5/13 | num. successes: 0/10
2024-01-13 21:09:15,301 - INFO - [Restart 1] 2596) Best value: -1.56e+02 | TR length: 2.50e-02 | num. restarts: 6/13 | num. successes: 0/10
2024-01-13 21:09:17,814 - INFO - [Restart 1] 2600) Best value: -1.56e+02 | TR length: 2.50e-02 | num. restarts: 7/13 | num. successes: 0/10
2024-01-13 21:09:19,284 - INFO - [Restart 1] 2604) Best value: -1.56e+02 | TR length: 2.50e-02 | num. restarts: 8/13 | num. successes: 0/10
2024-01-13 21:09:21,466 - INFO - [Restart 1] 2608) Best value: -1.55e+02 | TR length: 2.50e-02 | num. restarts: 0/13 | num. successes: 1/10
2024-01-13 21:09:23,733 - INFO - [Restart 1] 2612) Best value: -1.55e+02 | TR length: 2.50e-02 | num. restarts: 1/13 | num. successes: 0/10
2024-01-13 21:09:25,348 - INFO - [Restart 1] 2616) Best value: -1.55e+02 | TR length: 2.50e-02 | num. restarts: 2/13 | num. successes: 0/10
2024-01-13 21:09:27,543 - INFO - [Restart 1] 2620) Best value: -1.55e+02 | TR length: 2.50e-02 | num. restarts: 3/13 | num. successes: 0/10
2024-01-13 21:09:29,762 - INFO - [Restart 1] 2624) Best value: -1.52e+02 | TR length: 2.50e-02 | num. restarts: 0/13 | num. successes: 1/10
2024-01-13 21:09:31,839 - INFO - [Restart 1] 2628) Best value: -1.52e+02 | TR length: 2.50e-02 | num. restarts: 1/13 | num. successes: 0/10
2024-01-13 21:09:33,489 - INFO - [Restart 1] 2632) Best value: -1.52e+02 | TR length: 2.50e-02 | num. restarts: 2/13 | num. successes: 0/10
2024-01-13 21:09:35,873 - INFO - [Restart 1] 2636) Best value: -1.52e+02 | TR length: 2.50e-02 | num. restarts: 3/13 | num. successes: 0/10
2024-01-13 21:09:37,752 - INFO - [Restart 1] 2640) Best value: -1.51e+02 | TR length: 2.50e-02 | num. restarts: 0/13 | num. successes: 1/10
2024-01-13 21:09:39,748 - INFO - [Restart 1] 2644) Best value: -1.51e+02 | TR length: 2.50e-02 | num. restarts: 1/13 | num. successes: 0/10
2024-01-13 21:09:41,482 - INFO - [Restart 1] 2648) Best value: -1.49e+02 | TR length: 2.50e-02 | num. restarts: 0/13 | num. successes: 1/10
2024-01-13 21:09:43,511 - INFO - [Restart 1] 2652) Best value: -1.49e+02 | TR length: 2.50e-02 | num. restarts: 1/13 | num. successes: 0/10
2024-01-13 21:09:45,704 - INFO - [Restart 1] 2656) Best value: -1.49e+02 | TR length: 2.50e-02 | num. restarts: 2/13 | num. successes: 0/10
2024-01-13 21:09:47,932 - INFO - [Restart 1] 2660) Best value: -1.49e+02 | TR length: 2.50e-02 | num. restarts: 3/13 | num. successes: 0/10
2024-01-13 21:09:49,912 - INFO - [Restart 1] 2664) Best value: -1.49e+02 | TR length: 2.50e-02 | num. restarts: 4/13 | num. successes: 0/10
2024-01-13 21:09:52,291 - INFO - [Restart 1] 2668) Best value: -1.49e+02 | TR length: 2.50e-02 | num. restarts: 5/13 | num. successes: 0/10
2024-01-13 21:09:54,265 - INFO - [Restart 1] 2672) Best value: -1.49e+02 | TR length: 2.50e-02 | num. restarts: 6/13 | num. successes: 0/10
2024-01-13 21:09:56,626 - INFO - [Restart 1] 2676) Best value: -1.49e+02 | TR length: 2.50e-02 | num. restarts: 7/13 | num. successes: 0/10
2024-01-13 21:09:58,929 - INFO - [Restart 1] 2680) Best value: -1.49e+02 | TR length: 2.50e-02 | num. restarts: 8/13 | num. successes: 0/10
2024-01-13 21:10:01,212 - INFO - [Restart 1] 2684) Best value: -1.44e+02 | TR length: 2.50e-02 | num. restarts: 0/13 | num. successes: 1/10
2024-01-13 21:10:03,418 - INFO - [Restart 1] 2688) Best value: -1.44e+02 | TR length: 2.50e-02 | num. restarts: 1/13 | num. successes: 0/10
2024-01-13 21:10:05,676 - INFO - [Restart 1] 2692) Best value: -1.44e+02 | TR length: 2.50e-02 | num. restarts: 2/13 | num. successes: 0/10
2024-01-13 21:10:07,831 - INFO - [Restart 1] 2696) Best value: -1.43e+02 | TR length: 2.50e-02 | num. restarts: 0/13 | num. successes: 1/10
2024-01-13 21:10:09,972 - INFO - [Restart 1] 2700) Best value: -1.43e+02 | TR length: 2.50e-02 | num. restarts: 1/13 | num. successes: 0/10
2024-01-13 21:10:12,254 - INFO - [Restart 1] 2704) Best value: -1.43e+02 | TR length: 2.50e-02 | num. restarts: 2/13 | num. successes: 0/10
2024-01-13 21:10:14,346 - INFO - [Restart 1] 2708) Best value: -1.43e+02 | TR length: 2.50e-02 | num. restarts: 3/13 | num. successes: 0/10
2024-01-13 21:10:16,225 - INFO - [Restart 1] 2712) Best value: -1.41e+02 | TR length: 2.50e-02 | num. restarts: 0/13 | num. successes: 1/10
2024-01-13 21:10:18,977 - INFO - [Restart 1] 2716) Best value: -1.41e+02 | TR length: 2.50e-02 | num. restarts: 1/13 | num. successes: 0/10
2024-01-13 21:10:21,492 - INFO - [Restart 1] 2720) Best value: -1.41e+02 | TR length: 2.50e-02 | num. restarts: 2/13 | num. successes: 0/10
2024-01-13 21:10:24,220 - INFO - [Restart 1] 2724) Best value: -1.41e+02 | TR length: 2.50e-02 | num. restarts: 3/13 | num. successes: 0/10
2024-01-13 21:10:27,090 - INFO - [Restart 1] 2728) Best value: -1.41e+02 | TR length: 2.50e-02 | num. restarts: 4/13 | num. successes: 0/10
2024-01-13 21:10:31,333 - INFO - [Restart 1] 2732) Best value: -1.41e+02 | TR length: 2.50e-02 | num. restarts: 5/13 | num. successes: 0/10
2024-01-13 21:10:33,518 - INFO - [Restart 1] 2736) Best value: -1.41e+02 | TR length: 2.50e-02 | num. restarts: 6/13 | num. successes: 0/10
2024-01-13 21:10:36,267 - INFO - [Restart 1] 2740) Best value: -1.41e+02 | TR length: 2.50e-02 | num. restarts: 7/13 | num. successes: 0/10
2024-01-13 21:10:39,238 - INFO - [Restart 1] 2744) Best value: -1.41e+02 | TR length: 2.50e-02 | num. restarts: 8/13 | num. successes: 0/10
2024-01-13 21:10:41,605 - INFO - [Restart 1] 2748) Best value: -1.41e+02 | TR length: 2.50e-02 | num. restarts: 9/13 | num. successes: 0/10
2024-01-13 21:10:43,926 - INFO - [Restart 1] 2752) Best value: -1.41e+02 | TR length: 2.50e-02 | num. restarts: 10/13 | num. successes: 0/10
2024-01-13 21:10:46,858 - INFO - [Restart 1] 2756) Best value: -1.41e+02 | TR length: 2.50e-02 | num. restarts: 11/13 | num. successes: 0/10
2024-01-13 21:10:49,291 - INFO - [Restart 1] 2760) Best value: -1.41e+02 | TR length: 2.50e-02 | num. restarts: 12/13 | num. successes: 0/10
2024-01-13 21:10:52,361 - INFO - [Restart 1] 2764) Best value: -1.41e+02 | TR length: 1.25e-02 | num. restarts: 0/13 | num. successes: 0/10
2024-01-13 21:10:55,502 - INFO - [Restart 1] 2768) Best value: -1.41e+02 | TR length: 1.25e-02 | num. restarts: 1/13 | num. successes: 0/10
2024-01-13 21:10:58,700 - INFO - [Restart 1] 2772) Best value: -1.41e+02 | TR length: 1.25e-02 | num. restarts: 2/13 | num. successes: 0/10
2024-01-13 21:11:01,299 - INFO - [Restart 1] 2776) Best value: -1.41e+02 | TR length: 1.25e-02 | num. restarts: 3/13 | num. successes: 0/10
2024-01-13 21:11:03,581 - INFO - [Restart 1] 2780) Best value: -1.36e+02 | TR length: 1.25e-02 | num. restarts: 0/13 | num. successes: 1/10
2024-01-13 21:11:06,929 - INFO - [Restart 1] 2784) Best value: -1.36e+02 | TR length: 1.25e-02 | num. restarts: 0/13 | num. successes: 2/10
2024-01-13 21:11:10,071 - INFO - [Restart 1] 2788) Best value: -1.34e+02 | TR length: 1.25e-02 | num. restarts: 0/13 | num. successes: 3/10
2024-01-13 21:11:13,823 - INFO - [Restart 1] 2792) Best value: -1.34e+02 | TR length: 1.25e-02 | num. restarts: 1/13 | num. successes: 0/10
2024-01-13 21:11:17,201 - INFO - [Restart 1] 2796) Best value: -1.34e+02 | TR length: 1.25e-02 | num. restarts: 2/13 | num. successes: 0/10
2024-01-13 21:11:20,241 - INFO - [Restart 1] 2800) Best value: -1.29e+02 | TR length: 1.25e-02 | num. restarts: 0/13 | num. successes: 1/10
2024-01-13 21:11:23,003 - INFO - [Restart 1] 2804) Best value: -1.29e+02 | TR length: 1.25e-02 | num. restarts: 0/13 | num. successes: 2/10
2024-01-13 21:11:25,915 - INFO - [Restart 1] 2808) Best value: -1.29e+02 | TR length: 1.25e-02 | num. restarts: 1/13 | num. successes: 0/10
2024-01-13 21:11:28,938 - INFO - [Restart 1] 2812) Best value: -1.29e+02 | TR length: 1.25e-02 | num. restarts: 2/13 | num. successes: 0/10
2024-01-13 21:11:32,329 - INFO - [Restart 1] 2816) Best value: -1.29e+02 | TR length: 1.25e-02 | num. restarts: 3/13 | num. successes: 0/10
2024-01-13 21:11:35,004 - INFO - [Restart 1] 2820) Best value: -1.27e+02 | TR length: 1.25e-02 | num. restarts: 0/13 | num. successes: 1/10
2024-01-13 21:11:37,823 - INFO - [Restart 1] 2824) Best value: -1.27e+02 | TR length: 1.25e-02 | num. restarts: 1/13 | num. successes: 0/10
2024-01-13 21:11:40,256 - INFO - [Restart 1] 2828) Best value: -1.26e+02 | TR length: 1.25e-02 | num. restarts: 0/13 | num. successes: 1/10
2024-01-13 21:11:43,044 - INFO - [Restart 1] 2832) Best value: -1.26e+02 | TR length: 1.25e-02 | num. restarts: 1/13 | num. successes: 0/10
2024-01-13 21:11:45,648 - INFO - [Restart 1] 2836) Best value: -1.24e+02 | TR length: 1.25e-02 | num. restarts: 0/13 | num. successes: 1/10
2024-01-13 21:11:48,086 - INFO - [Restart 1] 2840) Best value: -1.24e+02 | TR length: 1.25e-02 | num. restarts: 1/13 | num. successes: 0/10
2024-01-13 21:11:50,734 - INFO - [Restart 1] 2844) Best value: -1.24e+02 | TR length: 1.25e-02 | num. restarts: 2/13 | num. successes: 0/10
2024-01-13 21:11:53,449 - INFO - [Restart 1] 2848) Best value: -1.24e+02 | TR length: 1.25e-02 | num. restarts: 0/13 | num. successes: 1/10
2024-01-13 21:11:55,955 - INFO - [Restart 1] 2852) Best value: -1.24e+02 | TR length: 1.25e-02 | num. restarts: 1/13 | num. successes: 0/10
2024-01-13 21:11:58,538 - INFO - [Restart 1] 2856) Best value: -1.24e+02 | TR length: 1.25e-02 | num. restarts: 2/13 | num. successes: 0/10
2024-01-13 21:12:01,221 - INFO - [Restart 1] 2860) Best value: -1.24e+02 | TR length: 1.25e-02 | num. restarts: 3/13 | num. successes: 0/10
2024-01-13 21:12:03,674 - INFO - [Restart 1] 2864) Best value: -1.24e+02 | TR length: 1.25e-02 | num. restarts: 4/13 | num. successes: 0/10
2024-01-13 21:12:06,263 - INFO - [Restart 1] 2868) Best value: -1.24e+02 | TR length: 1.25e-02 | num. restarts: 5/13 | num. successes: 0/10
2024-01-13 21:12:09,008 - INFO - [Restart 1] 2872) Best value: -1.24e+02 | TR length: 1.25e-02 | num. restarts: 6/13 | num. successes: 0/10
2024-01-13 21:12:11,576 - INFO - [Restart 1] 2876) Best value: -1.21e+02 | TR length: 1.25e-02 | num. restarts: 0/13 | num. successes: 1/10
2024-01-13 21:12:14,338 - INFO - [Restart 1] 2880) Best value: -1.21e+02 | TR length: 1.25e-02 | num. restarts: 1/13 | num. successes: 0/10
2024-01-13 21:12:17,141 - INFO - [Restart 1] 2884) Best value: -1.21e+02 | TR length: 1.25e-02 | num. restarts: 2/13 | num. successes: 0/10
2024-01-13 21:12:19,841 - INFO - [Restart 1] 2888) Best value: -1.21e+02 | TR length: 1.25e-02 | num. restarts: 3/13 | num. successes: 0/10
2024-01-13 21:12:23,176 - INFO - [Restart 1] 2892) Best value: -1.21e+02 | TR length: 1.25e-02 | num. restarts: 4/13 | num. successes: 0/10
2024-01-13 21:12:25,762 - INFO - [Restart 1] 2896) Best value: -1.21e+02 | TR length: 1.25e-02 | num. restarts: 5/13 | num. successes: 0/10
2024-01-13 21:12:28,407 - INFO - [Restart 1] 2900) Best value: -1.21e+02 | TR length: 1.25e-02 | num. restarts: 6/13 | num. successes: 0/10
2024-01-13 21:12:30,907 - INFO - [Restart 1] 2904) Best value: -1.21e+02 | TR length: 1.25e-02 | num. restarts: 7/13 | num. successes: 0/10
2024-01-13 21:12:33,443 - INFO - [Restart 1] 2908) Best value: -1.21e+02 | TR length: 1.25e-02 | num. restarts: 8/13 | num. successes: 0/10
2024-01-13 21:12:36,099 - INFO - [Restart 1] 2912) Best value: -1.21e+02 | TR length: 1.25e-02 | num. restarts: 9/13 | num. successes: 0/10
2024-01-13 21:12:39,032 - INFO - [Restart 1] 2916) Best value: -1.21e+02 | TR length: 1.25e-02 | num. restarts: 10/13 | num. successes: 0/10
2024-01-13 21:12:41,590 - INFO - [Restart 1] 2920) Best value: -1.21e+02 | TR length: 1.25e-02 | num. restarts: 11/13 | num. successes: 0/10
2024-01-13 21:12:44,503 - INFO - [Restart 1] 2924) Best value: -1.21e+02 | TR length: 1.25e-02 | num. restarts: 12/13 | num. successes: 0/10
2024-01-13 21:12:47,303 - INFO - [Restart 1] 2928) Best value: -1.21e+02 | TR length: 6.25e-03 | num. restarts: 0/13 | num. successes: 0/10
2024-01-13 21:12:47,315 - INFO - --------------------------------------------------
2024-01-13 21:12:47,316 - INFO - Best function value: -120.50098234628774
2024-01-13 21:12:47,316 - INFO - Elapsed time: 1050.50 seconds
