2024-01-13 20:22:53,751 - INFO - Start experiment with plain-TuRBO: turbo_ackley50d_3000
2024-01-13 20:22:53,752 - INFO - ==================================================
2024-01-13 20:22:53,752 - INFO - Config:
2024-01-13 20:22:53,752 - INFO - obj_func: Ackley()
2024-01-13 20:22:53,838 - INFO - bounds: tensor([[-5., -5., -5., -5., -5., -5., -5., -5., -5., -5., -5., -5., -5., -5.,
         -5., -5., -5., -5., -5., -5., -5., -5., -5., -5., -5., -5., -5., -5.,
         -5., -5., -5., -5., -5., -5., -5., -5., -5., -5., -5., -5., -5., -5.,
         -5., -5., -5., -5., -5., -5., -5., -5.],
        [10., 10., 10., 10., 10., 10., 10., 10., 10., 10., 10., 10., 10., 10.,
         10., 10., 10., 10., 10., 10., 10., 10., 10., 10., 10., 10., 10., 10.,
         10., 10., 10., 10., 10., 10., 10., 10., 10., 10., 10., 10., 10., 10.,
         10., 10., 10., 10., 10., 10., 10., 10.]], device='cuda:0',
       dtype=torch.float64)
2024-01-13 20:22:53,839 - INFO - batch_size: 4
2024-01-13 20:22:53,839 - INFO - n_init: 100
2024-01-13 20:22:53,839 - INFO - num_evals: 3000
2024-01-13 20:22:53,839 - INFO - seed: 0
2024-01-13 20:22:53,839 - INFO - acqf_func: ts
2024-01-13 20:22:53,839 - INFO - max_cholesky_size: inf
2024-01-13 20:22:53,839 - INFO - ==================================================
2024-01-13 20:22:54,889 - INFO - [Restart 0] 104) Best value: -1.14e+01 | TR length: 8.00e-01 | num. restarts: 0/13 | num. successes: 1/10
2024-01-13 20:22:55,550 - INFO - [Restart 0] 108) Best value: -1.06e+01 | TR length: 8.00e-01 | num. restarts: 0/13 | num. successes: 2/10
2024-01-13 20:22:56,255 - INFO - [Restart 0] 112) Best value: -9.97e+00 | TR length: 8.00e-01 | num. restarts: 0/13 | num. successes: 3/10
2024-01-13 20:22:56,778 - INFO - [Restart 0] 116) Best value: -9.97e+00 | TR length: 8.00e-01 | num. restarts: 1/13 | num. successes: 0/10
2024-01-13 20:22:57,601 - INFO - [Restart 0] 120) Best value: -9.09e+00 | TR length: 8.00e-01 | num. restarts: 0/13 | num. successes: 1/10
2024-01-13 20:22:58,275 - INFO - [Restart 0] 124) Best value: -9.09e+00 | TR length: 8.00e-01 | num. restarts: 1/13 | num. successes: 0/10
2024-01-13 20:22:59,473 - INFO - [Restart 0] 128) Best value: -9.09e+00 | TR length: 8.00e-01 | num. restarts: 2/13 | num. successes: 0/10
2024-01-13 20:23:00,296 - INFO - [Restart 0] 132) Best value: -8.40e+00 | TR length: 8.00e-01 | num. restarts: 0/13 | num. successes: 1/10
2024-01-13 20:23:02,376 - INFO - [Restart 0] 136) Best value: -7.87e+00 | TR length: 8.00e-01 | num. restarts: 0/13 | num. successes: 2/10
2024-01-13 20:23:03,688 - INFO - [Restart 0] 140) Best value: -7.87e+00 | TR length: 8.00e-01 | num. restarts: 1/13 | num. successes: 0/10
2024-01-13 20:23:04,438 - INFO - [Restart 0] 144) Best value: -7.87e+00 | TR length: 8.00e-01 | num. restarts: 2/13 | num. successes: 0/10
2024-01-13 20:23:05,030 - INFO - [Restart 0] 148) Best value: -7.87e+00 | TR length: 8.00e-01 | num. restarts: 3/13 | num. successes: 0/10
2024-01-13 20:23:06,276 - INFO - [Restart 0] 152) Best value: -7.87e+00 | TR length: 8.00e-01 | num. restarts: 4/13 | num. successes: 0/10
2024-01-13 20:23:07,189 - INFO - [Restart 0] 156) Best value: -7.87e+00 | TR length: 8.00e-01 | num. restarts: 5/13 | num. successes: 0/10
2024-01-13 20:23:08,677 - INFO - [Restart 0] 160) Best value: -7.78e+00 | TR length: 8.00e-01 | num. restarts: 0/13 | num. successes: 1/10
2024-01-13 20:23:09,875 - INFO - [Restart 0] 164) Best value: -7.78e+00 | TR length: 8.00e-01 | num. restarts: 1/13 | num. successes: 0/10
2024-01-13 20:23:10,869 - INFO - [Restart 0] 168) Best value: -7.72e+00 | TR length: 8.00e-01 | num. restarts: 0/13 | num. successes: 1/10
2024-01-13 20:23:11,647 - INFO - [Restart 0] 172) Best value: -7.72e+00 | TR length: 8.00e-01 | num. restarts: 1/13 | num. successes: 0/10
2024-01-13 20:23:12,739 - INFO - [Restart 0] 176) Best value: -7.72e+00 | TR length: 8.00e-01 | num. restarts: 2/13 | num. successes: 0/10
2024-01-13 20:23:13,297 - INFO - [Restart 0] 180) Best value: -7.55e+00 | TR length: 8.00e-01 | num. restarts: 0/13 | num. successes: 1/10
2024-01-13 20:23:13,824 - INFO - [Restart 0] 184) Best value: -7.55e+00 | TR length: 8.00e-01 | num. restarts: 1/13 | num. successes: 0/10
2024-01-13 20:23:14,626 - INFO - [Restart 0] 188) Best value: -7.55e+00 | TR length: 8.00e-01 | num. restarts: 2/13 | num. successes: 0/10
2024-01-13 20:23:15,315 - INFO - [Restart 0] 192) Best value: -7.55e+00 | TR length: 8.00e-01 | num. restarts: 3/13 | num. successes: 0/10
2024-01-13 20:23:16,053 - INFO - [Restart 0] 196) Best value: -7.55e+00 | TR length: 8.00e-01 | num. restarts: 4/13 | num. successes: 0/10
2024-01-13 20:23:16,611 - INFO - [Restart 0] 200) Best value: -7.37e+00 | TR length: 8.00e-01 | num. restarts: 0/13 | num. successes: 1/10
2024-01-13 20:23:17,388 - INFO - [Restart 0] 204) Best value: -7.37e+00 | TR length: 8.00e-01 | num. restarts: 1/13 | num. successes: 0/10
2024-01-13 20:23:17,946 - INFO - [Restart 0] 208) Best value: -7.21e+00 | TR length: 8.00e-01 | num. restarts: 0/13 | num. successes: 1/10
2024-01-13 20:23:18,852 - INFO - [Restart 0] 212) Best value: -7.21e+00 | TR length: 8.00e-01 | num. restarts: 1/13 | num. successes: 0/10
2024-01-13 20:23:19,538 - INFO - [Restart 0] 216) Best value: -7.21e+00 | TR length: 8.00e-01 | num. restarts: 2/13 | num. successes: 0/10
2024-01-13 20:23:20,201 - INFO - [Restart 0] 220) Best value: -6.92e+00 | TR length: 8.00e-01 | num. restarts: 0/13 | num. successes: 1/10
2024-01-13 20:23:20,618 - INFO - [Restart 0] 224) Best value: -6.92e+00 | TR length: 8.00e-01 | num. restarts: 1/13 | num. successes: 0/10
2024-01-13 20:23:21,415 - INFO - [Restart 0] 228) Best value: -6.92e+00 | TR length: 8.00e-01 | num. restarts: 2/13 | num. successes: 0/10
2024-01-13 20:23:22,368 - INFO - [Restart 0] 232) Best value: -6.77e+00 | TR length: 8.00e-01 | num. restarts: 0/13 | num. successes: 1/10
2024-01-13 20:23:22,795 - INFO - [Restart 0] 236) Best value: -6.77e+00 | TR length: 8.00e-01 | num. restarts: 1/13 | num. successes: 0/10
2024-01-13 20:23:23,302 - INFO - [Restart 0] 240) Best value: -6.77e+00 | TR length: 8.00e-01 | num. restarts: 2/13 | num. successes: 0/10
2024-01-13 20:23:23,721 - INFO - [Restart 0] 244) Best value: -6.77e+00 | TR length: 8.00e-01 | num. restarts: 3/13 | num. successes: 0/10
2024-01-13 20:23:24,137 - INFO - [Restart 0] 248) Best value: -6.77e+00 | TR length: 8.00e-01 | num. restarts: 4/13 | num. successes: 0/10
2024-01-13 20:23:24,596 - INFO - [Restart 0] 252) Best value: -6.77e+00 | TR length: 8.00e-01 | num. restarts: 5/13 | num. successes: 0/10
2024-01-13 20:23:25,093 - INFO - [Restart 0] 256) Best value: -6.77e+00 | TR length: 8.00e-01 | num. restarts: 6/13 | num. successes: 0/10
2024-01-13 20:23:25,557 - INFO - [Restart 0] 260) Best value: -6.77e+00 | TR length: 8.00e-01 | num. restarts: 7/13 | num. successes: 0/10
2024-01-13 20:23:26,007 - INFO - [Restart 0] 264) Best value: -6.77e+00 | TR length: 8.00e-01 | num. restarts: 8/13 | num. successes: 0/10
2024-01-13 20:23:26,424 - INFO - [Restart 0] 268) Best value: -6.77e+00 | TR length: 8.00e-01 | num. restarts: 9/13 | num. successes: 0/10
2024-01-13 20:23:26,833 - INFO - [Restart 0] 272) Best value: -6.77e+00 | TR length: 8.00e-01 | num. restarts: 10/13 | num. successes: 0/10
2024-01-13 20:23:27,212 - INFO - [Restart 0] 276) Best value: -6.76e+00 | TR length: 8.00e-01 | num. restarts: 0/13 | num. successes: 1/10
2024-01-13 20:23:27,606 - INFO - [Restart 0] 280) Best value: -6.76e+00 | TR length: 8.00e-01 | num. restarts: 1/13 | num. successes: 0/10
2024-01-13 20:23:27,965 - INFO - [Restart 0] 284) Best value: -6.76e+00 | TR length: 8.00e-01 | num. restarts: 2/13 | num. successes: 0/10
2024-01-13 20:23:28,316 - INFO - [Restart 0] 288) Best value: -6.71e+00 | TR length: 8.00e-01 | num. restarts: 0/13 | num. successes: 1/10
2024-01-13 20:23:28,759 - INFO - [Restart 0] 292) Best value: -6.71e+00 | TR length: 8.00e-01 | num. restarts: 1/13 | num. successes: 0/10
2024-01-13 20:23:29,128 - INFO - [Restart 0] 296) Best value: -6.71e+00 | TR length: 8.00e-01 | num. restarts: 2/13 | num. successes: 0/10
2024-01-13 20:23:29,544 - INFO - [Restart 0] 300) Best value: -6.71e+00 | TR length: 8.00e-01 | num. restarts: 3/13 | num. successes: 0/10
2024-01-13 20:23:29,936 - INFO - [Restart 0] 304) Best value: -6.71e+00 | TR length: 8.00e-01 | num. restarts: 4/13 | num. successes: 0/10
2024-01-13 20:23:30,357 - INFO - [Restart 0] 308) Best value: -6.64e+00 | TR length: 8.00e-01 | num. restarts: 0/13 | num. successes: 1/10
2024-01-13 20:23:30,733 - INFO - [Restart 0] 312) Best value: -6.64e+00 | TR length: 8.00e-01 | num. restarts: 1/13 | num. successes: 0/10
2024-01-13 20:23:31,073 - INFO - [Restart 0] 316) Best value: -6.64e+00 | TR length: 8.00e-01 | num. restarts: 2/13 | num. successes: 0/10
2024-01-13 20:23:31,406 - INFO - [Restart 0] 320) Best value: -6.64e+00 | TR length: 8.00e-01 | num. restarts: 3/13 | num. successes: 0/10
2024-01-13 20:23:31,781 - INFO - [Restart 0] 324) Best value: -6.64e+00 | TR length: 8.00e-01 | num. restarts: 4/13 | num. successes: 0/10
2024-01-13 20:23:32,152 - INFO - [Restart 0] 328) Best value: -6.64e+00 | TR length: 8.00e-01 | num. restarts: 5/13 | num. successes: 0/10
2024-01-13 20:23:32,533 - INFO - [Restart 0] 332) Best value: -6.64e+00 | TR length: 8.00e-01 | num. restarts: 6/13 | num. successes: 0/10
2024-01-13 20:23:32,874 - INFO - [Restart 0] 336) Best value: -6.64e+00 | TR length: 8.00e-01 | num. restarts: 7/13 | num. successes: 0/10
2024-01-13 20:23:33,220 - INFO - [Restart 0] 340) Best value: -6.59e+00 | TR length: 8.00e-01 | num. restarts: 0/13 | num. successes: 1/10
2024-01-13 20:23:33,533 - INFO - [Restart 0] 344) Best value: -6.59e+00 | TR length: 8.00e-01 | num. restarts: 1/13 | num. successes: 0/10
2024-01-13 20:23:33,851 - INFO - [Restart 0] 348) Best value: -6.59e+00 | TR length: 8.00e-01 | num. restarts: 2/13 | num. successes: 0/10
2024-01-13 20:23:34,165 - INFO - [Restart 0] 352) Best value: -6.59e+00 | TR length: 8.00e-01 | num. restarts: 3/13 | num. successes: 0/10
2024-01-13 20:23:34,476 - INFO - [Restart 0] 356) Best value: -6.59e+00 | TR length: 8.00e-01 | num. restarts: 4/13 | num. successes: 0/10
2024-01-13 20:23:34,784 - INFO - [Restart 0] 360) Best value: -6.59e+00 | TR length: 8.00e-01 | num. restarts: 5/13 | num. successes: 0/10
2024-01-13 20:23:35,093 - INFO - [Restart 0] 364) Best value: -6.59e+00 | TR length: 8.00e-01 | num. restarts: 6/13 | num. successes: 0/10
2024-01-13 20:23:35,406 - INFO - [Restart 0] 368) Best value: -6.59e+00 | TR length: 8.00e-01 | num. restarts: 7/13 | num. successes: 0/10
2024-01-13 20:23:35,672 - INFO - [Restart 0] 372) Best value: -6.59e+00 | TR length: 8.00e-01 | num. restarts: 8/13 | num. successes: 0/10
2024-01-13 20:23:35,992 - INFO - [Restart 0] 376) Best value: -6.59e+00 | TR length: 8.00e-01 | num. restarts: 9/13 | num. successes: 0/10
2024-01-13 20:23:36,301 - INFO - [Restart 0] 380) Best value: -6.59e+00 | TR length: 8.00e-01 | num. restarts: 10/13 | num. successes: 0/10
2024-01-13 20:23:36,571 - INFO - [Restart 0] 384) Best value: -6.59e+00 | TR length: 8.00e-01 | num. restarts: 11/13 | num. successes: 0/10
2024-01-13 20:23:36,862 - INFO - [Restart 0] 388) Best value: -6.59e+00 | TR length: 8.00e-01 | num. restarts: 12/13 | num. successes: 0/10
2024-01-13 20:23:37,170 - INFO - [Restart 0] 392) Best value: -6.59e+00 | TR length: 4.00e-01 | num. restarts: 0/13 | num. successes: 0/10
2024-01-13 20:23:37,510 - INFO - [Restart 0] 396) Best value: -6.11e+00 | TR length: 4.00e-01 | num. restarts: 0/13 | num. successes: 1/10
2024-01-13 20:23:37,790 - INFO - [Restart 0] 400) Best value: -5.78e+00 | TR length: 4.00e-01 | num. restarts: 0/13 | num. successes: 2/10
2024-01-13 20:23:38,050 - INFO - [Restart 0] 404) Best value: -5.57e+00 | TR length: 4.00e-01 | num. restarts: 0/13 | num. successes: 3/10
2024-01-13 20:23:38,333 - INFO - [Restart 0] 408) Best value: -5.40e+00 | TR length: 4.00e-01 | num. restarts: 0/13 | num. successes: 4/10
2024-01-13 20:23:38,606 - INFO - [Restart 0] 412) Best value: -5.40e+00 | TR length: 4.00e-01 | num. restarts: 1/13 | num. successes: 0/10
2024-01-13 20:23:38,887 - INFO - [Restart 0] 416) Best value: -5.30e+00 | TR length: 4.00e-01 | num. restarts: 0/13 | num. successes: 1/10
2024-01-13 20:23:39,203 - INFO - [Restart 0] 420) Best value: -5.30e+00 | TR length: 4.00e-01 | num. restarts: 1/13 | num. successes: 0/10
2024-01-13 20:23:39,481 - INFO - [Restart 0] 424) Best value: -5.30e+00 | TR length: 4.00e-01 | num. restarts: 2/13 | num. successes: 0/10
2024-01-13 20:23:39,734 - INFO - [Restart 0] 428) Best value: -5.18e+00 | TR length: 4.00e-01 | num. restarts: 0/13 | num. successes: 1/10
2024-01-13 20:23:40,001 - INFO - [Restart 0] 432) Best value: -5.18e+00 | TR length: 4.00e-01 | num. restarts: 1/13 | num. successes: 0/10
2024-01-13 20:23:40,299 - INFO - [Restart 0] 436) Best value: -5.14e+00 | TR length: 4.00e-01 | num. restarts: 0/13 | num. successes: 1/10
2024-01-13 20:23:40,595 - INFO - [Restart 0] 440) Best value: -5.01e+00 | TR length: 4.00e-01 | num. restarts: 0/13 | num. successes: 2/10
2024-01-13 20:23:40,900 - INFO - [Restart 0] 444) Best value: -5.01e+00 | TR length: 4.00e-01 | num. restarts: 1/13 | num. successes: 0/10
2024-01-13 20:23:41,182 - INFO - [Restart 0] 448) Best value: -5.01e+00 | TR length: 4.00e-01 | num. restarts: 2/13 | num. successes: 0/10
2024-01-13 20:23:41,468 - INFO - [Restart 0] 452) Best value: -5.01e+00 | TR length: 4.00e-01 | num. restarts: 3/13 | num. successes: 0/10
2024-01-13 20:23:41,668 - INFO - [Restart 0] 456) Best value: -5.01e+00 | TR length: 4.00e-01 | num. restarts: 4/13 | num. successes: 0/10
2024-01-13 20:23:41,890 - INFO - [Restart 0] 460) Best value: -5.01e+00 | TR length: 4.00e-01 | num. restarts: 5/13 | num. successes: 0/10
2024-01-13 20:23:42,165 - INFO - [Restart 0] 464) Best value: -5.01e+00 | TR length: 4.00e-01 | num. restarts: 6/13 | num. successes: 0/10
2024-01-13 20:23:42,361 - INFO - [Restart 0] 468) Best value: -5.01e+00 | TR length: 4.00e-01 | num. restarts: 7/13 | num. successes: 0/10
2024-01-13 20:23:42,564 - INFO - [Restart 0] 472) Best value: -5.01e+00 | TR length: 4.00e-01 | num. restarts: 8/13 | num. successes: 0/10
2024-01-13 20:23:42,767 - INFO - [Restart 0] 476) Best value: -4.96e+00 | TR length: 4.00e-01 | num. restarts: 0/13 | num. successes: 1/10
2024-01-13 20:23:42,981 - INFO - [Restart 0] 480) Best value: -4.96e+00 | TR length: 4.00e-01 | num. restarts: 1/13 | num. successes: 0/10
2024-01-13 20:23:43,174 - INFO - [Restart 0] 484) Best value: -4.79e+00 | TR length: 4.00e-01 | num. restarts: 0/13 | num. successes: 1/10
2024-01-13 20:23:43,386 - INFO - [Restart 0] 488) Best value: -4.78e+00 | TR length: 4.00e-01 | num. restarts: 0/13 | num. successes: 2/10
2024-01-13 20:23:43,588 - INFO - [Restart 0] 492) Best value: -4.65e+00 | TR length: 4.00e-01 | num. restarts: 0/13 | num. successes: 3/10
2024-01-13 20:23:43,812 - INFO - [Restart 0] 496) Best value: -4.54e+00 | TR length: 4.00e-01 | num. restarts: 0/13 | num. successes: 4/10
2024-01-13 20:23:44,013 - INFO - [Restart 0] 500) Best value: -4.54e+00 | TR length: 4.00e-01 | num. restarts: 1/13 | num. successes: 0/10
2024-01-13 20:23:44,237 - INFO - [Restart 0] 504) Best value: -4.54e+00 | TR length: 4.00e-01 | num. restarts: 2/13 | num. successes: 0/10
2024-01-13 20:23:44,457 - INFO - [Restart 0] 508) Best value: -4.54e+00 | TR length: 4.00e-01 | num. restarts: 3/13 | num. successes: 0/10
2024-01-13 20:23:44,672 - INFO - [Restart 0] 512) Best value: -4.54e+00 | TR length: 4.00e-01 | num. restarts: 4/13 | num. successes: 0/10
2024-01-13 20:23:44,865 - INFO - [Restart 0] 516) Best value: -4.54e+00 | TR length: 4.00e-01 | num. restarts: 5/13 | num. successes: 0/10
2024-01-13 20:23:45,057 - INFO - [Restart 0] 520) Best value: -4.54e+00 | TR length: 4.00e-01 | num. restarts: 6/13 | num. successes: 0/10
2024-01-13 20:23:45,251 - INFO - [Restart 0] 524) Best value: -4.48e+00 | TR length: 4.00e-01 | num. restarts: 0/13 | num. successes: 1/10
2024-01-13 20:23:45,431 - INFO - [Restart 0] 528) Best value: -4.48e+00 | TR length: 4.00e-01 | num. restarts: 1/13 | num. successes: 0/10
2024-01-13 20:23:45,607 - INFO - [Restart 0] 532) Best value: -4.48e+00 | TR length: 4.00e-01 | num. restarts: 2/13 | num. successes: 0/10
2024-01-13 20:23:45,785 - INFO - [Restart 0] 536) Best value: -4.48e+00 | TR length: 4.00e-01 | num. restarts: 3/13 | num. successes: 0/10
2024-01-13 20:23:45,961 - INFO - [Restart 0] 540) Best value: -4.47e+00 | TR length: 4.00e-01 | num. restarts: 0/13 | num. successes: 1/10
2024-01-13 20:23:46,130 - INFO - [Restart 0] 544) Best value: -4.47e+00 | TR length: 4.00e-01 | num. restarts: 1/13 | num. successes: 0/10
2024-01-13 20:23:46,294 - INFO - [Restart 0] 548) Best value: -4.47e+00 | TR length: 4.00e-01 | num. restarts: 2/13 | num. successes: 0/10
2024-01-13 20:23:46,472 - INFO - [Restart 0] 552) Best value: -4.47e+00 | TR length: 4.00e-01 | num. restarts: 3/13 | num. successes: 0/10
2024-01-13 20:23:46,637 - INFO - [Restart 0] 556) Best value: -4.47e+00 | TR length: 4.00e-01 | num. restarts: 4/13 | num. successes: 0/10
2024-01-13 20:23:46,802 - INFO - [Restart 0] 560) Best value: -4.47e+00 | TR length: 4.00e-01 | num. restarts: 5/13 | num. successes: 0/10
2024-01-13 20:23:46,959 - INFO - [Restart 0] 564) Best value: -4.37e+00 | TR length: 4.00e-01 | num. restarts: 0/13 | num. successes: 1/10
2024-01-13 20:23:47,134 - INFO - [Restart 0] 568) Best value: -4.37e+00 | TR length: 4.00e-01 | num. restarts: 1/13 | num. successes: 0/10
2024-01-13 20:23:47,305 - INFO - [Restart 0] 572) Best value: -4.37e+00 | TR length: 4.00e-01 | num. restarts: 2/13 | num. successes: 0/10
2024-01-13 20:23:47,472 - INFO - [Restart 0] 576) Best value: -4.37e+00 | TR length: 4.00e-01 | num. restarts: 3/13 | num. successes: 0/10
2024-01-13 20:23:47,639 - INFO - [Restart 0] 580) Best value: -4.37e+00 | TR length: 4.00e-01 | num. restarts: 4/13 | num. successes: 0/10
2024-01-13 20:23:47,816 - INFO - [Restart 0] 584) Best value: -4.37e+00 | TR length: 4.00e-01 | num. restarts: 5/13 | num. successes: 0/10
2024-01-13 20:23:47,994 - INFO - [Restart 0] 588) Best value: -4.37e+00 | TR length: 4.00e-01 | num. restarts: 6/13 | num. successes: 0/10
2024-01-13 20:23:48,155 - INFO - [Restart 0] 592) Best value: -4.37e+00 | TR length: 4.00e-01 | num. restarts: 7/13 | num. successes: 0/10
2024-01-13 20:23:48,329 - INFO - [Restart 0] 596) Best value: -4.37e+00 | TR length: 4.00e-01 | num. restarts: 8/13 | num. successes: 0/10
2024-01-13 20:23:48,528 - INFO - [Restart 0] 600) Best value: -4.37e+00 | TR length: 4.00e-01 | num. restarts: 9/13 | num. successes: 0/10
2024-01-13 20:23:48,708 - INFO - [Restart 0] 604) Best value: -4.37e+00 | TR length: 4.00e-01 | num. restarts: 10/13 | num. successes: 0/10
2024-01-13 20:23:48,880 - INFO - [Restart 0] 608) Best value: -4.37e+00 | TR length: 4.00e-01 | num. restarts: 11/13 | num. successes: 0/10
2024-01-13 20:23:49,066 - INFO - [Restart 0] 612) Best value: -4.37e+00 | TR length: 4.00e-01 | num. restarts: 12/13 | num. successes: 0/10
2024-01-13 20:23:49,250 - INFO - [Restart 0] 616) Best value: -4.37e+00 | TR length: 2.00e-01 | num. restarts: 0/13 | num. successes: 0/10
2024-01-13 20:23:49,446 - INFO - [Restart 0] 620) Best value: -4.10e+00 | TR length: 2.00e-01 | num. restarts: 0/13 | num. successes: 1/10
2024-01-13 20:23:49,642 - INFO - [Restart 0] 624) Best value: -3.90e+00 | TR length: 2.00e-01 | num. restarts: 0/13 | num. successes: 2/10
2024-01-13 20:23:49,824 - INFO - [Restart 0] 628) Best value: -3.84e+00 | TR length: 2.00e-01 | num. restarts: 0/13 | num. successes: 3/10
2024-01-13 20:23:50,013 - INFO - [Restart 0] 632) Best value: -3.67e+00 | TR length: 2.00e-01 | num. restarts: 0/13 | num. successes: 4/10
2024-01-13 20:23:50,192 - INFO - [Restart 0] 636) Best value: -3.58e+00 | TR length: 2.00e-01 | num. restarts: 0/13 | num. successes: 5/10
2024-01-13 20:23:50,385 - INFO - [Restart 0] 640) Best value: -3.49e+00 | TR length: 2.00e-01 | num. restarts: 0/13 | num. successes: 6/10
2024-01-13 20:23:50,570 - INFO - [Restart 0] 644) Best value: -3.49e+00 | TR length: 2.00e-01 | num. restarts: 1/13 | num. successes: 0/10
2024-01-13 20:23:50,754 - INFO - [Restart 0] 648) Best value: -3.49e+00 | TR length: 2.00e-01 | num. restarts: 2/13 | num. successes: 0/10
2024-01-13 20:23:50,938 - INFO - [Restart 0] 652) Best value: -3.48e+00 | TR length: 2.00e-01 | num. restarts: 0/13 | num. successes: 1/10
2024-01-13 20:23:51,133 - INFO - [Restart 0] 656) Best value: -3.44e+00 | TR length: 2.00e-01 | num. restarts: 0/13 | num. successes: 2/10
2024-01-13 20:23:51,309 - INFO - [Restart 0] 660) Best value: -3.06e+00 | TR length: 2.00e-01 | num. restarts: 0/13 | num. successes: 3/10
2024-01-13 20:23:51,494 - INFO - [Restart 0] 664) Best value: -2.89e+00 | TR length: 2.00e-01 | num. restarts: 0/13 | num. successes: 4/10
2024-01-13 20:23:51,712 - INFO - [Restart 0] 668) Best value: -2.89e+00 | TR length: 2.00e-01 | num. restarts: 1/13 | num. successes: 0/10
2024-01-13 20:23:51,950 - INFO - [Restart 0] 672) Best value: -2.89e+00 | TR length: 2.00e-01 | num. restarts: 2/13 | num. successes: 0/10
2024-01-13 20:23:52,182 - INFO - [Restart 0] 676) Best value: -2.89e+00 | TR length: 2.00e-01 | num. restarts: 3/13 | num. successes: 0/10
2024-01-13 20:23:52,394 - INFO - [Restart 0] 680) Best value: -2.89e+00 | TR length: 2.00e-01 | num. restarts: 4/13 | num. successes: 0/10
2024-01-13 20:23:52,613 - INFO - [Restart 0] 684) Best value: -2.89e+00 | TR length: 2.00e-01 | num. restarts: 5/13 | num. successes: 0/10
2024-01-13 20:23:52,833 - INFO - [Restart 0] 688) Best value: -2.89e+00 | TR length: 2.00e-01 | num. restarts: 6/13 | num. successes: 0/10
2024-01-13 20:23:53,057 - INFO - [Restart 0] 692) Best value: -2.89e+00 | TR length: 2.00e-01 | num. restarts: 7/13 | num. successes: 0/10
2024-01-13 20:23:53,304 - INFO - [Restart 0] 696) Best value: -2.89e+00 | TR length: 2.00e-01 | num. restarts: 8/13 | num. successes: 0/10
2024-01-13 20:23:53,527 - INFO - [Restart 0] 700) Best value: -2.89e+00 | TR length: 2.00e-01 | num. restarts: 9/13 | num. successes: 0/10
2024-01-13 20:23:53,770 - INFO - [Restart 0] 704) Best value: -2.89e+00 | TR length: 2.00e-01 | num. restarts: 10/13 | num. successes: 0/10
2024-01-13 20:23:53,991 - INFO - [Restart 0] 708) Best value: -2.89e+00 | TR length: 2.00e-01 | num. restarts: 11/13 | num. successes: 0/10
2024-01-13 20:23:54,206 - INFO - [Restart 0] 712) Best value: -2.89e+00 | TR length: 2.00e-01 | num. restarts: 12/13 | num. successes: 0/10
2024-01-13 20:23:54,418 - INFO - [Restart 0] 716) Best value: -2.89e+00 | TR length: 1.00e-01 | num. restarts: 0/13 | num. successes: 0/10
2024-01-13 20:23:54,596 - INFO - [Restart 0] 720) Best value: -2.83e+00 | TR length: 1.00e-01 | num. restarts: 0/13 | num. successes: 1/10
2024-01-13 20:23:54,779 - INFO - [Restart 0] 724) Best value: -2.73e+00 | TR length: 1.00e-01 | num. restarts: 0/13 | num. successes: 2/10
2024-01-13 20:23:55,008 - INFO - [Restart 0] 728) Best value: -2.70e+00 | TR length: 1.00e-01 | num. restarts: 0/13 | num. successes: 3/10
2024-01-13 20:23:55,260 - INFO - [Restart 0] 732) Best value: -2.57e+00 | TR length: 1.00e-01 | num. restarts: 0/13 | num. successes: 4/10
2024-01-13 20:23:55,506 - INFO - [Restart 0] 736) Best value: -2.57e+00 | TR length: 1.00e-01 | num. restarts: 1/13 | num. successes: 0/10
2024-01-13 20:23:55,747 - INFO - [Restart 0] 740) Best value: -2.57e+00 | TR length: 1.00e-01 | num. restarts: 2/13 | num. successes: 0/10
2024-01-13 20:23:55,973 - INFO - [Restart 0] 744) Best value: -2.57e+00 | TR length: 1.00e-01 | num. restarts: 3/13 | num. successes: 0/10
2024-01-13 20:23:56,209 - INFO - [Restart 0] 748) Best value: -2.57e+00 | TR length: 1.00e-01 | num. restarts: 4/13 | num. successes: 0/10
2024-01-13 20:23:56,427 - INFO - [Restart 0] 752) Best value: -2.49e+00 | TR length: 1.00e-01 | num. restarts: 0/13 | num. successes: 1/10
2024-01-13 20:23:56,664 - INFO - [Restart 0] 756) Best value: -2.49e+00 | TR length: 1.00e-01 | num. restarts: 1/13 | num. successes: 0/10
2024-01-13 20:23:56,903 - INFO - [Restart 0] 760) Best value: -2.48e+00 | TR length: 1.00e-01 | num. restarts: 0/13 | num. successes: 1/10
2024-01-13 20:23:57,152 - INFO - [Restart 0] 764) Best value: -2.26e+00 | TR length: 1.00e-01 | num. restarts: 0/13 | num. successes: 2/10
2024-01-13 20:23:57,396 - INFO - [Restart 0] 768) Best value: -2.26e+00 | TR length: 1.00e-01 | num. restarts: 1/13 | num. successes: 0/10
2024-01-13 20:23:57,672 - INFO - [Restart 0] 772) Best value: -2.26e+00 | TR length: 1.00e-01 | num. restarts: 2/13 | num. successes: 0/10
2024-01-13 20:23:57,955 - INFO - [Restart 0] 776) Best value: -2.26e+00 | TR length: 1.00e-01 | num. restarts: 3/13 | num. successes: 0/10
2024-01-13 20:23:58,243 - INFO - [Restart 0] 780) Best value: -2.26e+00 | TR length: 1.00e-01 | num. restarts: 4/13 | num. successes: 0/10
2024-01-13 20:23:58,525 - INFO - [Restart 0] 784) Best value: -2.26e+00 | TR length: 1.00e-01 | num. restarts: 5/13 | num. successes: 0/10
2024-01-13 20:23:58,813 - INFO - [Restart 0] 788) Best value: -2.26e+00 | TR length: 1.00e-01 | num. restarts: 6/13 | num. successes: 0/10
2024-01-13 20:23:59,146 - INFO - [Restart 0] 792) Best value: -2.26e+00 | TR length: 1.00e-01 | num. restarts: 7/13 | num. successes: 0/10
2024-01-13 20:23:59,430 - INFO - [Restart 0] 796) Best value: -2.26e+00 | TR length: 1.00e-01 | num. restarts: 8/13 | num. successes: 0/10
2024-01-13 20:23:59,760 - INFO - [Restart 0] 800) Best value: -2.26e+00 | TR length: 1.00e-01 | num. restarts: 9/13 | num. successes: 0/10
2024-01-13 20:24:00,089 - INFO - [Restart 0] 804) Best value: -2.26e+00 | TR length: 1.00e-01 | num. restarts: 10/13 | num. successes: 0/10
2024-01-13 20:24:00,429 - INFO - [Restart 0] 808) Best value: -2.26e+00 | TR length: 1.00e-01 | num. restarts: 11/13 | num. successes: 0/10
2024-01-13 20:24:00,771 - INFO - [Restart 0] 812) Best value: -2.26e+00 | TR length: 1.00e-01 | num. restarts: 12/13 | num. successes: 0/10
2024-01-13 20:24:01,107 - INFO - [Restart 0] 816) Best value: -2.26e+00 | TR length: 5.00e-02 | num. restarts: 0/13 | num. successes: 0/10
2024-01-13 20:24:01,433 - INFO - [Restart 0] 820) Best value: -2.13e+00 | TR length: 5.00e-02 | num. restarts: 0/13 | num. successes: 1/10
2024-01-13 20:24:01,755 - INFO - [Restart 0] 824) Best value: -2.06e+00 | TR length: 5.00e-02 | num. restarts: 0/13 | num. successes: 2/10
2024-01-13 20:24:02,140 - INFO - [Restart 0] 828) Best value: -2.06e+00 | TR length: 5.00e-02 | num. restarts: 1/13 | num. successes: 0/10
2024-01-13 20:24:02,495 - INFO - [Restart 0] 832) Best value: -2.06e+00 | TR length: 5.00e-02 | num. restarts: 2/13 | num. successes: 0/10
2024-01-13 20:24:02,859 - INFO - [Restart 0] 836) Best value: -2.06e+00 | TR length: 5.00e-02 | num. restarts: 3/13 | num. successes: 0/10
2024-01-13 20:24:03,173 - INFO - [Restart 0] 840) Best value: -2.06e+00 | TR length: 5.00e-02 | num. restarts: 4/13 | num. successes: 0/10
2024-01-13 20:24:03,550 - INFO - [Restart 0] 844) Best value: -2.06e+00 | TR length: 5.00e-02 | num. restarts: 5/13 | num. successes: 0/10
2024-01-13 20:24:03,864 - INFO - [Restart 0] 848) Best value: -2.03e+00 | TR length: 5.00e-02 | num. restarts: 0/13 | num. successes: 1/10
2024-01-13 20:24:04,209 - INFO - [Restart 0] 852) Best value: -2.03e+00 | TR length: 5.00e-02 | num. restarts: 1/13 | num. successes: 0/10
2024-01-13 20:24:04,579 - INFO - [Restart 0] 856) Best value: -2.03e+00 | TR length: 5.00e-02 | num. restarts: 2/13 | num. successes: 0/10
2024-01-13 20:24:04,960 - INFO - [Restart 0] 860) Best value: -2.03e+00 | TR length: 5.00e-02 | num. restarts: 3/13 | num. successes: 0/10
2024-01-13 20:24:05,333 - INFO - [Restart 0] 864) Best value: -2.03e+00 | TR length: 5.00e-02 | num. restarts: 4/13 | num. successes: 0/10
2024-01-13 20:24:05,712 - INFO - [Restart 0] 868) Best value: -2.03e+00 | TR length: 5.00e-02 | num. restarts: 5/13 | num. successes: 0/10
2024-01-13 20:24:06,117 - INFO - [Restart 0] 872) Best value: -2.03e+00 | TR length: 5.00e-02 | num. restarts: 6/13 | num. successes: 0/10
2024-01-13 20:24:06,552 - INFO - [Restart 0] 876) Best value: -2.03e+00 | TR length: 5.00e-02 | num. restarts: 7/13 | num. successes: 0/10
2024-01-13 20:24:06,961 - INFO - [Restart 0] 880) Best value: -2.03e+00 | TR length: 5.00e-02 | num. restarts: 8/13 | num. successes: 0/10
2024-01-13 20:24:07,354 - INFO - [Restart 0] 884) Best value: -1.84e+00 | TR length: 5.00e-02 | num. restarts: 0/13 | num. successes: 1/10
2024-01-13 20:24:07,787 - INFO - [Restart 0] 888) Best value: -1.84e+00 | TR length: 5.00e-02 | num. restarts: 1/13 | num. successes: 0/10
2024-01-13 20:24:08,202 - INFO - [Restart 0] 892) Best value: -1.84e+00 | TR length: 5.00e-02 | num. restarts: 2/13 | num. successes: 0/10
2024-01-13 20:24:08,587 - INFO - [Restart 0] 896) Best value: -1.84e+00 | TR length: 5.00e-02 | num. restarts: 3/13 | num. successes: 0/10
2024-01-13 20:24:09,006 - INFO - [Restart 0] 900) Best value: -1.84e+00 | TR length: 5.00e-02 | num. restarts: 4/13 | num. successes: 0/10
2024-01-13 20:24:09,468 - INFO - [Restart 0] 904) Best value: -1.84e+00 | TR length: 5.00e-02 | num. restarts: 5/13 | num. successes: 0/10
2024-01-13 20:24:09,922 - INFO - [Restart 0] 908) Best value: -1.84e+00 | TR length: 5.00e-02 | num. restarts: 6/13 | num. successes: 0/10
2024-01-13 20:24:10,358 - INFO - [Restart 0] 912) Best value: -1.84e+00 | TR length: 5.00e-02 | num. restarts: 7/13 | num. successes: 0/10
2024-01-13 20:24:10,787 - INFO - [Restart 0] 916) Best value: -1.84e+00 | TR length: 5.00e-02 | num. restarts: 8/13 | num. successes: 0/10
2024-01-13 20:24:11,249 - INFO - [Restart 0] 920) Best value: -1.84e+00 | TR length: 5.00e-02 | num. restarts: 9/13 | num. successes: 0/10
2024-01-13 20:24:11,685 - INFO - [Restart 0] 924) Best value: -1.84e+00 | TR length: 5.00e-02 | num. restarts: 10/13 | num. successes: 0/10
2024-01-13 20:24:12,127 - INFO - [Restart 0] 928) Best value: -1.84e+00 | TR length: 5.00e-02 | num. restarts: 11/13 | num. successes: 0/10
2024-01-13 20:24:12,540 - INFO - [Restart 0] 932) Best value: -1.84e+00 | TR length: 5.00e-02 | num. restarts: 12/13 | num. successes: 0/10
2024-01-13 20:24:12,993 - INFO - [Restart 0] 936) Best value: -1.84e+00 | TR length: 2.50e-02 | num. restarts: 0/13 | num. successes: 0/10
2024-01-13 20:24:13,498 - INFO - [Restart 0] 940) Best value: -1.84e+00 | TR length: 2.50e-02 | num. restarts: 1/13 | num. successes: 0/10
2024-01-13 20:24:13,978 - INFO - [Restart 0] 944) Best value: -1.84e+00 | TR length: 2.50e-02 | num. restarts: 2/13 | num. successes: 0/10
2024-01-13 20:24:14,469 - INFO - [Restart 0] 948) Best value: -1.81e+00 | TR length: 2.50e-02 | num. restarts: 0/13 | num. successes: 1/10
2024-01-13 20:24:14,967 - INFO - [Restart 0] 952) Best value: -1.75e+00 | TR length: 2.50e-02 | num. restarts: 0/13 | num. successes: 2/10
2024-01-13 20:24:15,239 - INFO - [Restart 0] 956) Best value: -1.75e+00 | TR length: 2.50e-02 | num. restarts: 1/13 | num. successes: 0/10
2024-01-13 20:24:15,518 - INFO - [Restart 0] 960) Best value: -1.75e+00 | TR length: 2.50e-02 | num. restarts: 2/13 | num. successes: 0/10
2024-01-13 20:24:15,787 - INFO - [Restart 0] 964) Best value: -1.75e+00 | TR length: 2.50e-02 | num. restarts: 3/13 | num. successes: 0/10
2024-01-13 20:24:16,078 - INFO - [Restart 0] 968) Best value: -1.75e+00 | TR length: 2.50e-02 | num. restarts: 4/13 | num. successes: 0/10
2024-01-13 20:24:16,517 - INFO - [Restart 0] 972) Best value: -1.75e+00 | TR length: 2.50e-02 | num. restarts: 5/13 | num. successes: 0/10
2024-01-13 20:24:16,938 - INFO - [Restart 0] 976) Best value: -1.75e+00 | TR length: 2.50e-02 | num. restarts: 6/13 | num. successes: 0/10
2024-01-13 20:24:17,350 - INFO - [Restart 0] 980) Best value: -1.75e+00 | TR length: 2.50e-02 | num. restarts: 7/13 | num. successes: 0/10
2024-01-13 20:24:17,813 - INFO - [Restart 0] 984) Best value: -1.75e+00 | TR length: 2.50e-02 | num. restarts: 8/13 | num. successes: 0/10
2024-01-13 20:24:18,255 - INFO - [Restart 0] 988) Best value: -1.75e+00 | TR length: 2.50e-02 | num. restarts: 9/13 | num. successes: 0/10
2024-01-13 20:24:18,696 - INFO - [Restart 0] 992) Best value: -1.75e+00 | TR length: 2.50e-02 | num. restarts: 10/13 | num. successes: 0/10
2024-01-13 20:24:19,124 - INFO - [Restart 0] 996) Best value: -1.73e+00 | TR length: 2.50e-02 | num. restarts: 0/13 | num. successes: 1/10
2024-01-13 20:24:19,569 - INFO - [Restart 0] 1000) Best value: -1.73e+00 | TR length: 2.50e-02 | num. restarts: 1/13 | num. successes: 0/10
2024-01-13 20:24:20,018 - INFO - [Restart 0] 1004) Best value: -1.73e+00 | TR length: 2.50e-02 | num. restarts: 2/13 | num. successes: 0/10
2024-01-13 20:24:20,480 - INFO - [Restart 0] 1008) Best value: -1.73e+00 | TR length: 2.50e-02 | num. restarts: 3/13 | num. successes: 0/10
2024-01-13 20:24:20,902 - INFO - [Restart 0] 1012) Best value: -1.73e+00 | TR length: 2.50e-02 | num. restarts: 4/13 | num. successes: 0/10
2024-01-13 20:24:21,327 - INFO - [Restart 0] 1016) Best value: -1.73e+00 | TR length: 2.50e-02 | num. restarts: 5/13 | num. successes: 0/10
2024-01-13 20:24:21,788 - INFO - [Restart 0] 1020) Best value: -1.73e+00 | TR length: 2.50e-02 | num. restarts: 6/13 | num. successes: 0/10
2024-01-13 20:24:22,231 - INFO - [Restart 0] 1024) Best value: -1.63e+00 | TR length: 2.50e-02 | num. restarts: 0/13 | num. successes: 1/10
2024-01-13 20:24:22,679 - INFO - [Restart 0] 1028) Best value: -1.63e+00 | TR length: 2.50e-02 | num. restarts: 1/13 | num. successes: 0/10
2024-01-13 20:24:23,134 - INFO - [Restart 0] 1032) Best value: -1.63e+00 | TR length: 2.50e-02 | num. restarts: 2/13 | num. successes: 0/10
2024-01-13 20:24:23,592 - INFO - [Restart 0] 1036) Best value: -1.63e+00 | TR length: 2.50e-02 | num. restarts: 3/13 | num. successes: 0/10
2024-01-13 20:24:24,060 - INFO - [Restart 0] 1040) Best value: -1.63e+00 | TR length: 2.50e-02 | num. restarts: 4/13 | num. successes: 0/10
2024-01-13 20:24:24,512 - INFO - [Restart 0] 1044) Best value: -1.63e+00 | TR length: 2.50e-02 | num. restarts: 5/13 | num. successes: 0/10
2024-01-13 20:24:25,008 - INFO - [Restart 0] 1048) Best value: -1.63e+00 | TR length: 2.50e-02 | num. restarts: 6/13 | num. successes: 0/10
2024-01-13 20:24:25,416 - INFO - [Restart 0] 1052) Best value: -1.63e+00 | TR length: 2.50e-02 | num. restarts: 7/13 | num. successes: 0/10
2024-01-13 20:24:25,924 - INFO - [Restart 0] 1056) Best value: -1.63e+00 | TR length: 2.50e-02 | num. restarts: 8/13 | num. successes: 0/10
2024-01-13 20:24:26,350 - INFO - [Restart 0] 1060) Best value: -1.63e+00 | TR length: 2.50e-02 | num. restarts: 9/13 | num. successes: 0/10
2024-01-13 20:24:26,796 - INFO - [Restart 0] 1064) Best value: -1.63e+00 | TR length: 2.50e-02 | num. restarts: 10/13 | num. successes: 0/10
2024-01-13 20:24:27,221 - INFO - [Restart 0] 1068) Best value: -1.60e+00 | TR length: 2.50e-02 | num. restarts: 0/13 | num. successes: 1/10
2024-01-13 20:24:27,663 - INFO - [Restart 0] 1072) Best value: -1.60e+00 | TR length: 2.50e-02 | num. restarts: 1/13 | num. successes: 0/10
2024-01-13 20:24:28,091 - INFO - [Restart 0] 1076) Best value: -1.60e+00 | TR length: 2.50e-02 | num. restarts: 2/13 | num. successes: 0/10
2024-01-13 20:24:28,493 - INFO - [Restart 0] 1080) Best value: -1.58e+00 | TR length: 2.50e-02 | num. restarts: 0/13 | num. successes: 1/10
2024-01-13 20:24:28,960 - INFO - [Restart 0] 1084) Best value: -1.58e+00 | TR length: 2.50e-02 | num. restarts: 1/13 | num. successes: 0/10
2024-01-13 20:24:29,428 - INFO - [Restart 0] 1088) Best value: -1.58e+00 | TR length: 2.50e-02 | num. restarts: 2/13 | num. successes: 0/10
2024-01-13 20:24:29,889 - INFO - [Restart 0] 1092) Best value: -1.58e+00 | TR length: 2.50e-02 | num. restarts: 3/13 | num. successes: 0/10
2024-01-13 20:24:30,332 - INFO - [Restart 0] 1096) Best value: -1.58e+00 | TR length: 2.50e-02 | num. restarts: 4/13 | num. successes: 0/10
2024-01-13 20:24:30,766 - INFO - [Restart 0] 1100) Best value: -1.58e+00 | TR length: 2.50e-02 | num. restarts: 5/13 | num. successes: 0/10
2024-01-13 20:24:31,213 - INFO - [Restart 0] 1104) Best value: -1.58e+00 | TR length: 2.50e-02 | num. restarts: 6/13 | num. successes: 0/10
2024-01-13 20:24:31,641 - INFO - [Restart 0] 1108) Best value: -1.58e+00 | TR length: 2.50e-02 | num. restarts: 7/13 | num. successes: 0/10
2024-01-13 20:24:32,087 - INFO - [Restart 0] 1112) Best value: -1.58e+00 | TR length: 2.50e-02 | num. restarts: 8/13 | num. successes: 0/10
2024-01-13 20:24:32,501 - INFO - [Restart 0] 1116) Best value: -1.58e+00 | TR length: 2.50e-02 | num. restarts: 9/13 | num. successes: 0/10
2024-01-13 20:24:32,940 - INFO - [Restart 0] 1120) Best value: -1.58e+00 | TR length: 2.50e-02 | num. restarts: 10/13 | num. successes: 0/10
2024-01-13 20:24:33,338 - INFO - [Restart 0] 1124) Best value: -1.58e+00 | TR length: 2.50e-02 | num. restarts: 11/13 | num. successes: 0/10
2024-01-13 20:24:33,772 - INFO - [Restart 0] 1128) Best value: -1.58e+00 | TR length: 2.50e-02 | num. restarts: 12/13 | num. successes: 0/10
2024-01-13 20:24:34,206 - INFO - [Restart 0] 1132) Best value: -1.58e+00 | TR length: 1.25e-02 | num. restarts: 0/13 | num. successes: 0/10
2024-01-13 20:24:34,620 - INFO - [Restart 0] 1136) Best value: -1.58e+00 | TR length: 1.25e-02 | num. restarts: 1/13 | num. successes: 0/10
2024-01-13 20:24:34,973 - INFO - [Restart 0] 1140) Best value: -1.58e+00 | TR length: 1.25e-02 | num. restarts: 2/13 | num. successes: 0/10
2024-01-13 20:24:35,394 - INFO - [Restart 0] 1144) Best value: -1.57e+00 | TR length: 1.25e-02 | num. restarts: 0/13 | num. successes: 1/10
2024-01-13 20:24:35,837 - INFO - [Restart 0] 1148) Best value: -1.57e+00 | TR length: 1.25e-02 | num. restarts: 1/13 | num. successes: 0/10
2024-01-13 20:24:36,299 - INFO - [Restart 0] 1152) Best value: -1.57e+00 | TR length: 1.25e-02 | num. restarts: 2/13 | num. successes: 0/10
2024-01-13 20:24:36,805 - INFO - [Restart 0] 1156) Best value: -1.57e+00 | TR length: 1.25e-02 | num. restarts: 3/13 | num. successes: 0/10
2024-01-13 20:24:37,282 - INFO - [Restart 0] 1160) Best value: -1.55e+00 | TR length: 1.25e-02 | num. restarts: 0/13 | num. successes: 1/10
2024-01-13 20:24:37,787 - INFO - [Restart 0] 1164) Best value: -1.55e+00 | TR length: 1.25e-02 | num. restarts: 1/13 | num. successes: 0/10
2024-01-13 20:24:38,260 - INFO - [Restart 0] 1168) Best value: -1.52e+00 | TR length: 1.25e-02 | num. restarts: 0/13 | num. successes: 1/10
2024-01-13 20:24:38,748 - INFO - [Restart 0] 1172) Best value: -1.52e+00 | TR length: 1.25e-02 | num. restarts: 1/13 | num. successes: 0/10
2024-01-13 20:24:39,210 - INFO - [Restart 0] 1176) Best value: -1.51e+00 | TR length: 1.25e-02 | num. restarts: 0/13 | num. successes: 1/10
2024-01-13 20:24:39,780 - INFO - [Restart 0] 1180) Best value: -1.51e+00 | TR length: 1.25e-02 | num. restarts: 1/13 | num. successes: 0/10
2024-01-13 20:24:40,287 - INFO - [Restart 0] 1184) Best value: -1.51e+00 | TR length: 1.25e-02 | num. restarts: 2/13 | num. successes: 0/10
2024-01-13 20:24:40,801 - INFO - [Restart 0] 1188) Best value: -1.51e+00 | TR length: 1.25e-02 | num. restarts: 3/13 | num. successes: 0/10
2024-01-13 20:24:41,333 - INFO - [Restart 0] 1192) Best value: -1.50e+00 | TR length: 1.25e-02 | num. restarts: 0/13 | num. successes: 1/10
2024-01-13 20:24:41,830 - INFO - [Restart 0] 1196) Best value: -1.45e+00 | TR length: 1.25e-02 | num. restarts: 0/13 | num. successes: 2/10
2024-01-13 20:24:42,335 - INFO - [Restart 0] 1200) Best value: -1.45e+00 | TR length: 1.25e-02 | num. restarts: 1/13 | num. successes: 0/10
2024-01-13 20:24:42,897 - INFO - [Restart 0] 1204) Best value: -1.45e+00 | TR length: 1.25e-02 | num. restarts: 2/13 | num. successes: 0/10
2024-01-13 20:24:43,507 - INFO - [Restart 0] 1208) Best value: -1.45e+00 | TR length: 1.25e-02 | num. restarts: 3/13 | num. successes: 0/10
2024-01-13 20:24:44,168 - INFO - [Restart 0] 1212) Best value: -1.45e+00 | TR length: 1.25e-02 | num. restarts: 4/13 | num. successes: 0/10
2024-01-13 20:24:44,660 - INFO - [Restart 0] 1216) Best value: -1.45e+00 | TR length: 1.25e-02 | num. restarts: 5/13 | num. successes: 0/10
2024-01-13 20:24:45,139 - INFO - [Restart 0] 1220) Best value: -1.45e+00 | TR length: 1.25e-02 | num. restarts: 6/13 | num. successes: 0/10
2024-01-13 20:24:45,596 - INFO - [Restart 0] 1224) Best value: -1.45e+00 | TR length: 1.25e-02 | num. restarts: 7/13 | num. successes: 0/10
2024-01-13 20:24:46,094 - INFO - [Restart 0] 1228) Best value: -1.45e+00 | TR length: 1.25e-02 | num. restarts: 8/13 | num. successes: 0/10
2024-01-13 20:24:46,578 - INFO - [Restart 0] 1232) Best value: -1.45e+00 | TR length: 1.25e-02 | num. restarts: 9/13 | num. successes: 0/10
2024-01-13 20:24:47,047 - INFO - [Restart 0] 1236) Best value: -1.45e+00 | TR length: 1.25e-02 | num. restarts: 10/13 | num. successes: 0/10
2024-01-13 20:24:47,576 - INFO - [Restart 0] 1240) Best value: -1.45e+00 | TR length: 1.25e-02 | num. restarts: 11/13 | num. successes: 0/10
2024-01-13 20:24:48,116 - INFO - [Restart 0] 1244) Best value: -1.45e+00 | TR length: 1.25e-02 | num. restarts: 12/13 | num. successes: 0/10
2024-01-13 20:24:48,635 - INFO - [Restart 0] 1248) Best value: -1.45e+00 | TR length: 6.25e-03 | num. restarts: 0/13 | num. successes: 0/10
2024-01-13 20:24:49,439 - INFO - [Restart 1] 1352) Best value: -1.18e+01 | TR length: 8.00e-01 | num. restarts: 0/13 | num. successes: 1/10
2024-01-13 20:24:49,915 - INFO - [Restart 1] 1356) Best value: -1.10e+01 | TR length: 8.00e-01 | num. restarts: 0/13 | num. successes: 2/10
2024-01-13 20:24:50,513 - INFO - [Restart 1] 1360) Best value: -9.92e+00 | TR length: 8.00e-01 | num. restarts: 0/13 | num. successes: 3/10
2024-01-13 20:24:51,138 - INFO - [Restart 1] 1364) Best value: -9.92e+00 | TR length: 8.00e-01 | num. restarts: 1/13 | num. successes: 0/10
2024-01-13 20:24:51,913 - INFO - [Restart 1] 1368) Best value: -9.92e+00 | TR length: 8.00e-01 | num. restarts: 2/13 | num. successes: 0/10
2024-01-13 20:24:52,539 - INFO - [Restart 1] 1372) Best value: -9.92e+00 | TR length: 8.00e-01 | num. restarts: 3/13 | num. successes: 0/10
2024-01-13 20:24:53,744 - INFO - [Restart 1] 1376) Best value: -9.60e+00 | TR length: 8.00e-01 | num. restarts: 0/13 | num. successes: 1/10
2024-01-13 20:24:55,019 - INFO - [Restart 1] 1380) Best value: -9.60e+00 | TR length: 8.00e-01 | num. restarts: 1/13 | num. successes: 0/10
2024-01-13 20:24:56,135 - INFO - [Restart 1] 1384) Best value: -9.47e+00 | TR length: 8.00e-01 | num. restarts: 0/13 | num. successes: 1/10
2024-01-13 20:24:57,498 - INFO - [Restart 1] 1388) Best value: -9.47e+00 | TR length: 8.00e-01 | num. restarts: 0/13 | num. successes: 2/10
2024-01-13 20:24:58,501 - INFO - [Restart 1] 1392) Best value: -9.47e+00 | TR length: 8.00e-01 | num. restarts: 1/13 | num. successes: 0/10
2024-01-13 20:25:00,046 - INFO - [Restart 1] 1396) Best value: -9.47e+00 | TR length: 8.00e-01 | num. restarts: 2/13 | num. successes: 0/10
2024-01-13 20:25:00,790 - INFO - [Restart 1] 1400) Best value: -9.47e+00 | TR length: 8.00e-01 | num. restarts: 3/13 | num. successes: 0/10
2024-01-13 20:25:02,365 - INFO - [Restart 1] 1404) Best value: -9.33e+00 | TR length: 8.00e-01 | num. restarts: 0/13 | num. successes: 1/10
2024-01-13 20:25:03,926 - INFO - [Restart 1] 1408) Best value: -9.30e+00 | TR length: 8.00e-01 | num. restarts: 0/13 | num. successes: 2/10
2024-01-13 20:25:05,161 - INFO - [Restart 1] 1412) Best value: -9.06e+00 | TR length: 8.00e-01 | num. restarts: 0/13 | num. successes: 3/10
2024-01-13 20:25:06,385 - INFO - [Restart 1] 1416) Best value: -8.63e+00 | TR length: 8.00e-01 | num. restarts: 0/13 | num. successes: 4/10
2024-01-13 20:25:07,392 - INFO - [Restart 1] 1420) Best value: -8.63e+00 | TR length: 8.00e-01 | num. restarts: 1/13 | num. successes: 0/10
2024-01-13 20:25:08,020 - INFO - [Restart 1] 1424) Best value: -8.52e+00 | TR length: 8.00e-01 | num. restarts: 0/13 | num. successes: 1/10
2024-01-13 20:25:08,908 - INFO - [Restart 1] 1428) Best value: -8.52e+00 | TR length: 8.00e-01 | num. restarts: 1/13 | num. successes: 0/10
2024-01-13 20:25:09,959 - INFO - [Restart 1] 1432) Best value: -8.34e+00 | TR length: 8.00e-01 | num. restarts: 0/13 | num. successes: 1/10
2024-01-13 20:25:10,816 - INFO - [Restart 1] 1436) Best value: -8.21e+00 | TR length: 8.00e-01 | num. restarts: 0/13 | num. successes: 2/10
2024-01-13 20:25:11,735 - INFO - [Restart 1] 1440) Best value: -8.16e+00 | TR length: 8.00e-01 | num. restarts: 0/13 | num. successes: 3/10
2024-01-13 20:25:12,389 - INFO - [Restart 1] 1444) Best value: -8.16e+00 | TR length: 8.00e-01 | num. restarts: 1/13 | num. successes: 0/10
2024-01-13 20:25:13,103 - INFO - [Restart 1] 1448) Best value: -8.16e+00 | TR length: 8.00e-01 | num. restarts: 2/13 | num. successes: 0/10
2024-01-13 20:25:13,892 - INFO - [Restart 1] 1452) Best value: -7.71e+00 | TR length: 8.00e-01 | num. restarts: 0/13 | num. successes: 1/10
2024-01-13 20:25:14,983 - INFO - [Restart 1] 1456) Best value: -7.71e+00 | TR length: 8.00e-01 | num. restarts: 1/13 | num. successes: 0/10
2024-01-13 20:25:15,753 - INFO - [Restart 1] 1460) Best value: -7.52e+00 | TR length: 8.00e-01 | num. restarts: 0/13 | num. successes: 1/10
2024-01-13 20:25:16,661 - INFO - [Restart 1] 1464) Best value: -7.52e+00 | TR length: 8.00e-01 | num. restarts: 1/13 | num. successes: 0/10
2024-01-13 20:25:17,294 - INFO - [Restart 1] 1468) Best value: -7.45e+00 | TR length: 8.00e-01 | num. restarts: 0/13 | num. successes: 1/10
2024-01-13 20:25:18,244 - INFO - [Restart 1] 1472) Best value: -7.45e+00 | TR length: 8.00e-01 | num. restarts: 1/13 | num. successes: 0/10
2024-01-13 20:25:19,011 - INFO - [Restart 1] 1476) Best value: -7.45e+00 | TR length: 8.00e-01 | num. restarts: 2/13 | num. successes: 0/10
2024-01-13 20:25:19,977 - INFO - [Restart 1] 1480) Best value: -7.38e+00 | TR length: 8.00e-01 | num. restarts: 0/13 | num. successes: 1/10
2024-01-13 20:25:20,437 - INFO - [Restart 1] 1484) Best value: -7.15e+00 | TR length: 8.00e-01 | num. restarts: 0/13 | num. successes: 2/10
2024-01-13 20:25:20,994 - INFO - [Restart 1] 1488) Best value: -7.15e+00 | TR length: 8.00e-01 | num. restarts: 1/13 | num. successes: 0/10
2024-01-13 20:25:21,494 - INFO - [Restart 1] 1492) Best value: -7.15e+00 | TR length: 8.00e-01 | num. restarts: 2/13 | num. successes: 0/10
2024-01-13 20:25:22,218 - INFO - [Restart 1] 1496) Best value: -7.12e+00 | TR length: 8.00e-01 | num. restarts: 0/13 | num. successes: 1/10
2024-01-13 20:25:22,636 - INFO - [Restart 1] 1500) Best value: -7.12e+00 | TR length: 8.00e-01 | num. restarts: 1/13 | num. successes: 0/10
2024-01-13 20:25:23,015 - INFO - [Restart 1] 1504) Best value: -7.12e+00 | TR length: 8.00e-01 | num. restarts: 2/13 | num. successes: 0/10
2024-01-13 20:25:23,509 - INFO - [Restart 1] 1508) Best value: -7.12e+00 | TR length: 8.00e-01 | num. restarts: 3/13 | num. successes: 0/10
2024-01-13 20:25:23,904 - INFO - [Restart 1] 1512) Best value: -7.12e+00 | TR length: 8.00e-01 | num. restarts: 4/13 | num. successes: 0/10
2024-01-13 20:25:24,544 - INFO - [Restart 1] 1516) Best value: -7.12e+00 | TR length: 8.00e-01 | num. restarts: 5/13 | num. successes: 0/10
2024-01-13 20:25:25,069 - INFO - [Restart 1] 1520) Best value: -6.96e+00 | TR length: 8.00e-01 | num. restarts: 0/13 | num. successes: 1/10
2024-01-13 20:25:25,522 - INFO - [Restart 1] 1524) Best value: -6.87e+00 | TR length: 8.00e-01 | num. restarts: 0/13 | num. successes: 2/10
2024-01-13 20:25:26,005 - INFO - [Restart 1] 1528) Best value: -6.49e+00 | TR length: 8.00e-01 | num. restarts: 0/13 | num. successes: 3/10
2024-01-13 20:25:26,609 - INFO - [Restart 1] 1532) Best value: -6.49e+00 | TR length: 8.00e-01 | num. restarts: 1/13 | num. successes: 0/10
2024-01-13 20:25:27,116 - INFO - [Restart 1] 1536) Best value: -6.49e+00 | TR length: 8.00e-01 | num. restarts: 2/13 | num. successes: 0/10
2024-01-13 20:25:27,542 - INFO - [Restart 1] 1540) Best value: -6.49e+00 | TR length: 8.00e-01 | num. restarts: 3/13 | num. successes: 0/10
2024-01-13 20:25:27,999 - INFO - [Restart 1] 1544) Best value: -6.49e+00 | TR length: 8.00e-01 | num. restarts: 4/13 | num. successes: 0/10
2024-01-13 20:25:28,260 - INFO - [Restart 1] 1548) Best value: -6.49e+00 | TR length: 8.00e-01 | num. restarts: 5/13 | num. successes: 0/10
2024-01-13 20:25:28,638 - INFO - [Restart 1] 1552) Best value: -6.49e+00 | TR length: 8.00e-01 | num. restarts: 6/13 | num. successes: 0/10
2024-01-13 20:25:28,999 - INFO - [Restart 1] 1556) Best value: -6.49e+00 | TR length: 8.00e-01 | num. restarts: 7/13 | num. successes: 0/10
2024-01-13 20:25:29,398 - INFO - [Restart 1] 1560) Best value: -6.31e+00 | TR length: 8.00e-01 | num. restarts: 0/13 | num. successes: 1/10
2024-01-13 20:25:29,846 - INFO - [Restart 1] 1564) Best value: -6.31e+00 | TR length: 8.00e-01 | num. restarts: 1/13 | num. successes: 0/10
2024-01-13 20:25:30,190 - INFO - [Restart 1] 1568) Best value: -6.31e+00 | TR length: 8.00e-01 | num. restarts: 2/13 | num. successes: 0/10
2024-01-13 20:25:30,524 - INFO - [Restart 1] 1572) Best value: -6.31e+00 | TR length: 8.00e-01 | num. restarts: 3/13 | num. successes: 0/10
2024-01-13 20:25:30,947 - INFO - [Restart 1] 1576) Best value: -6.31e+00 | TR length: 8.00e-01 | num. restarts: 4/13 | num. successes: 0/10
2024-01-13 20:25:31,352 - INFO - [Restart 1] 1580) Best value: -6.31e+00 | TR length: 8.00e-01 | num. restarts: 5/13 | num. successes: 0/10
2024-01-13 20:25:31,740 - INFO - [Restart 1] 1584) Best value: -6.31e+00 | TR length: 8.00e-01 | num. restarts: 6/13 | num. successes: 0/10
2024-01-13 20:25:32,144 - INFO - [Restart 1] 1588) Best value: -6.31e+00 | TR length: 8.00e-01 | num. restarts: 7/13 | num. successes: 0/10
2024-01-13 20:25:32,563 - INFO - [Restart 1] 1592) Best value: -6.31e+00 | TR length: 8.00e-01 | num. restarts: 8/13 | num. successes: 0/10
2024-01-13 20:25:32,967 - INFO - [Restart 1] 1596) Best value: -6.31e+00 | TR length: 8.00e-01 | num. restarts: 9/13 | num. successes: 0/10
2024-01-13 20:25:33,362 - INFO - [Restart 1] 1600) Best value: -6.31e+00 | TR length: 8.00e-01 | num. restarts: 10/13 | num. successes: 0/10
2024-01-13 20:25:33,739 - INFO - [Restart 1] 1604) Best value: -6.31e+00 | TR length: 8.00e-01 | num. restarts: 11/13 | num. successes: 0/10
2024-01-13 20:25:34,099 - INFO - [Restart 1] 1608) Best value: -6.27e+00 | TR length: 8.00e-01 | num. restarts: 0/13 | num. successes: 1/10
2024-01-13 20:25:34,448 - INFO - [Restart 1] 1612) Best value: -6.27e+00 | TR length: 8.00e-01 | num. restarts: 1/13 | num. successes: 0/10
2024-01-13 20:25:34,779 - INFO - [Restart 1] 1616) Best value: -6.15e+00 | TR length: 8.00e-01 | num. restarts: 0/13 | num. successes: 1/10
2024-01-13 20:25:35,132 - INFO - [Restart 1] 1620) Best value: -6.15e+00 | TR length: 8.00e-01 | num. restarts: 1/13 | num. successes: 0/10
2024-01-13 20:25:35,442 - INFO - [Restart 1] 1624) Best value: -6.15e+00 | TR length: 8.00e-01 | num. restarts: 2/13 | num. successes: 0/10
2024-01-13 20:25:35,739 - INFO - [Restart 1] 1628) Best value: -6.15e+00 | TR length: 8.00e-01 | num. restarts: 3/13 | num. successes: 0/10
2024-01-13 20:25:36,068 - INFO - [Restart 1] 1632) Best value: -6.15e+00 | TR length: 8.00e-01 | num. restarts: 4/13 | num. successes: 0/10
2024-01-13 20:25:36,369 - INFO - [Restart 1] 1636) Best value: -6.15e+00 | TR length: 8.00e-01 | num. restarts: 5/13 | num. successes: 0/10
2024-01-13 20:25:36,681 - INFO - [Restart 1] 1640) Best value: -6.15e+00 | TR length: 8.00e-01 | num. restarts: 6/13 | num. successes: 0/10
2024-01-13 20:25:36,993 - INFO - [Restart 1] 1644) Best value: -6.15e+00 | TR length: 8.00e-01 | num. restarts: 7/13 | num. successes: 0/10
2024-01-13 20:25:37,317 - INFO - [Restart 1] 1648) Best value: -6.15e+00 | TR length: 8.00e-01 | num. restarts: 8/13 | num. successes: 0/10
2024-01-13 20:25:37,634 - INFO - [Restart 1] 1652) Best value: -6.15e+00 | TR length: 8.00e-01 | num. restarts: 9/13 | num. successes: 0/10
2024-01-13 20:25:37,948 - INFO - [Restart 1] 1656) Best value: -6.15e+00 | TR length: 8.00e-01 | num. restarts: 10/13 | num. successes: 0/10
2024-01-13 20:25:38,255 - INFO - [Restart 1] 1660) Best value: -6.15e+00 | TR length: 8.00e-01 | num. restarts: 11/13 | num. successes: 0/10
2024-01-13 20:25:38,526 - INFO - [Restart 1] 1664) Best value: -6.15e+00 | TR length: 8.00e-01 | num. restarts: 12/13 | num. successes: 0/10
2024-01-13 20:25:38,856 - INFO - [Restart 1] 1668) Best value: -6.15e+00 | TR length: 4.00e-01 | num. restarts: 0/13 | num. successes: 0/10
2024-01-13 20:25:39,137 - INFO - [Restart 1] 1672) Best value: -5.96e+00 | TR length: 4.00e-01 | num. restarts: 0/13 | num. successes: 1/10
2024-01-13 20:25:39,482 - INFO - [Restart 1] 1676) Best value: -5.79e+00 | TR length: 4.00e-01 | num. restarts: 0/13 | num. successes: 2/10
2024-01-13 20:25:39,780 - INFO - [Restart 1] 1680) Best value: -5.77e+00 | TR length: 4.00e-01 | num. restarts: 0/13 | num. successes: 3/10
2024-01-13 20:25:40,119 - INFO - [Restart 1] 1684) Best value: -5.77e+00 | TR length: 4.00e-01 | num. restarts: 1/13 | num. successes: 0/10
2024-01-13 20:25:40,451 - INFO - [Restart 1] 1688) Best value: -5.51e+00 | TR length: 4.00e-01 | num. restarts: 0/13 | num. successes: 1/10
2024-01-13 20:25:40,701 - INFO - [Restart 1] 1692) Best value: -5.48e+00 | TR length: 4.00e-01 | num. restarts: 0/13 | num. successes: 2/10
2024-01-13 20:25:40,945 - INFO - [Restart 1] 1696) Best value: -5.48e+00 | TR length: 4.00e-01 | num. restarts: 1/13 | num. successes: 0/10
2024-01-13 20:25:41,185 - INFO - [Restart 1] 1700) Best value: -5.19e+00 | TR length: 4.00e-01 | num. restarts: 0/13 | num. successes: 1/10
2024-01-13 20:25:41,518 - INFO - [Restart 1] 1704) Best value: -5.19e+00 | TR length: 4.00e-01 | num. restarts: 1/13 | num. successes: 0/10
2024-01-13 20:25:41,847 - INFO - [Restart 1] 1708) Best value: -5.01e+00 | TR length: 4.00e-01 | num. restarts: 0/13 | num. successes: 1/10
2024-01-13 20:25:42,176 - INFO - [Restart 1] 1712) Best value: -5.01e+00 | TR length: 4.00e-01 | num. restarts: 1/13 | num. successes: 0/10
2024-01-13 20:25:42,515 - INFO - [Restart 1] 1716) Best value: -5.01e+00 | TR length: 4.00e-01 | num. restarts: 2/13 | num. successes: 0/10
2024-01-13 20:25:42,833 - INFO - [Restart 1] 1720) Best value: -5.01e+00 | TR length: 4.00e-01 | num. restarts: 3/13 | num. successes: 0/10
2024-01-13 20:25:43,167 - INFO - [Restart 1] 1724) Best value: -4.96e+00 | TR length: 4.00e-01 | num. restarts: 0/13 | num. successes: 1/10
2024-01-13 20:25:43,399 - INFO - [Restart 1] 1728) Best value: -4.96e+00 | TR length: 4.00e-01 | num. restarts: 1/13 | num. successes: 0/10
2024-01-13 20:25:43,652 - INFO - [Restart 1] 1732) Best value: -4.96e+00 | TR length: 4.00e-01 | num. restarts: 2/13 | num. successes: 0/10
2024-01-13 20:25:43,890 - INFO - [Restart 1] 1736) Best value: -4.96e+00 | TR length: 4.00e-01 | num. restarts: 3/13 | num. successes: 0/10
2024-01-13 20:25:44,153 - INFO - [Restart 1] 1740) Best value: -4.96e+00 | TR length: 4.00e-01 | num. restarts: 4/13 | num. successes: 0/10
2024-01-13 20:25:44,393 - INFO - [Restart 1] 1744) Best value: -4.96e+00 | TR length: 4.00e-01 | num. restarts: 5/13 | num. successes: 0/10
2024-01-13 20:25:44,593 - INFO - [Restart 1] 1748) Best value: -4.96e+00 | TR length: 4.00e-01 | num. restarts: 6/13 | num. successes: 0/10
2024-01-13 20:25:44,799 - INFO - [Restart 1] 1752) Best value: -4.96e+00 | TR length: 4.00e-01 | num. restarts: 7/13 | num. successes: 0/10
2024-01-13 20:25:45,019 - INFO - [Restart 1] 1756) Best value: -4.96e+00 | TR length: 4.00e-01 | num. restarts: 8/13 | num. successes: 0/10
2024-01-13 20:25:45,256 - INFO - [Restart 1] 1760) Best value: -4.96e+00 | TR length: 4.00e-01 | num. restarts: 9/13 | num. successes: 0/10
2024-01-13 20:25:45,461 - INFO - [Restart 1] 1764) Best value: -4.88e+00 | TR length: 4.00e-01 | num. restarts: 0/13 | num. successes: 1/10
2024-01-13 20:25:45,674 - INFO - [Restart 1] 1768) Best value: -4.77e+00 | TR length: 4.00e-01 | num. restarts: 0/13 | num. successes: 2/10
2024-01-13 20:25:45,871 - INFO - [Restart 1] 1772) Best value: -4.71e+00 | TR length: 4.00e-01 | num. restarts: 0/13 | num. successes: 3/10
2024-01-13 20:25:46,064 - INFO - [Restart 1] 1776) Best value: -4.71e+00 | TR length: 4.00e-01 | num. restarts: 1/13 | num. successes: 0/10
2024-01-13 20:25:46,257 - INFO - [Restart 1] 1780) Best value: -4.67e+00 | TR length: 4.00e-01 | num. restarts: 0/13 | num. successes: 1/10
2024-01-13 20:25:46,452 - INFO - [Restart 1] 1784) Best value: -4.67e+00 | TR length: 4.00e-01 | num. restarts: 1/13 | num. successes: 0/10
2024-01-13 20:25:46,650 - INFO - [Restart 1] 1788) Best value: -4.67e+00 | TR length: 4.00e-01 | num. restarts: 2/13 | num. successes: 0/10
2024-01-13 20:25:46,844 - INFO - [Restart 1] 1792) Best value: -4.67e+00 | TR length: 4.00e-01 | num. restarts: 3/13 | num. successes: 0/10
2024-01-13 20:25:47,029 - INFO - [Restart 1] 1796) Best value: -4.67e+00 | TR length: 4.00e-01 | num. restarts: 4/13 | num. successes: 0/10
2024-01-13 20:25:47,221 - INFO - [Restart 1] 1800) Best value: -4.67e+00 | TR length: 4.00e-01 | num. restarts: 5/13 | num. successes: 0/10
2024-01-13 20:25:47,408 - INFO - [Restart 1] 1804) Best value: -4.67e+00 | TR length: 4.00e-01 | num. restarts: 6/13 | num. successes: 0/10
2024-01-13 20:25:47,596 - INFO - [Restart 1] 1808) Best value: -4.67e+00 | TR length: 4.00e-01 | num. restarts: 7/13 | num. successes: 0/10
2024-01-13 20:25:47,768 - INFO - [Restart 1] 1812) Best value: -4.67e+00 | TR length: 4.00e-01 | num. restarts: 8/13 | num. successes: 0/10
2024-01-13 20:25:47,967 - INFO - [Restart 1] 1816) Best value: -4.56e+00 | TR length: 4.00e-01 | num. restarts: 0/13 | num. successes: 1/10
2024-01-13 20:25:48,161 - INFO - [Restart 1] 1820) Best value: -4.48e+00 | TR length: 4.00e-01 | num. restarts: 0/13 | num. successes: 2/10
2024-01-13 20:25:48,359 - INFO - [Restart 1] 1824) Best value: -4.48e+00 | TR length: 4.00e-01 | num. restarts: 1/13 | num. successes: 0/10
2024-01-13 20:25:48,544 - INFO - [Restart 1] 1828) Best value: -4.48e+00 | TR length: 4.00e-01 | num. restarts: 2/13 | num. successes: 0/10
2024-01-13 20:25:48,755 - INFO - [Restart 1] 1832) Best value: -4.48e+00 | TR length: 4.00e-01 | num. restarts: 3/13 | num. successes: 0/10
2024-01-13 20:25:48,978 - INFO - [Restart 1] 1836) Best value: -4.48e+00 | TR length: 4.00e-01 | num. restarts: 4/13 | num. successes: 0/10
2024-01-13 20:25:49,163 - INFO - [Restart 1] 1840) Best value: -4.48e+00 | TR length: 4.00e-01 | num. restarts: 5/13 | num. successes: 0/10
2024-01-13 20:25:49,349 - INFO - [Restart 1] 1844) Best value: -4.46e+00 | TR length: 4.00e-01 | num. restarts: 0/13 | num. successes: 1/10
2024-01-13 20:25:49,540 - INFO - [Restart 1] 1848) Best value: -4.46e+00 | TR length: 4.00e-01 | num. restarts: 1/13 | num. successes: 0/10
2024-01-13 20:25:49,728 - INFO - [Restart 1] 1852) Best value: -4.46e+00 | TR length: 4.00e-01 | num. restarts: 2/13 | num. successes: 0/10
2024-01-13 20:25:49,906 - INFO - [Restart 1] 1856) Best value: -4.46e+00 | TR length: 4.00e-01 | num. restarts: 3/13 | num. successes: 0/10
2024-01-13 20:25:50,077 - INFO - [Restart 1] 1860) Best value: -4.46e+00 | TR length: 4.00e-01 | num. restarts: 4/13 | num. successes: 0/10
2024-01-13 20:25:50,251 - INFO - [Restart 1] 1864) Best value: -4.46e+00 | TR length: 4.00e-01 | num. restarts: 5/13 | num. successes: 0/10
2024-01-13 20:25:50,430 - INFO - [Restart 1] 1868) Best value: -4.46e+00 | TR length: 4.00e-01 | num. restarts: 6/13 | num. successes: 0/10
2024-01-13 20:25:50,619 - INFO - [Restart 1] 1872) Best value: -4.46e+00 | TR length: 4.00e-01 | num. restarts: 7/13 | num. successes: 0/10
2024-01-13 20:25:50,799 - INFO - [Restart 1] 1876) Best value: -4.26e+00 | TR length: 4.00e-01 | num. restarts: 0/13 | num. successes: 1/10
2024-01-13 20:25:50,994 - INFO - [Restart 1] 1880) Best value: -4.26e+00 | TR length: 4.00e-01 | num. restarts: 1/13 | num. successes: 0/10
2024-01-13 20:25:51,174 - INFO - [Restart 1] 1884) Best value: -4.26e+00 | TR length: 4.00e-01 | num. restarts: 2/13 | num. successes: 0/10
2024-01-13 20:25:51,364 - INFO - [Restart 1] 1888) Best value: -4.26e+00 | TR length: 4.00e-01 | num. restarts: 3/13 | num. successes: 0/10
2024-01-13 20:25:51,545 - INFO - [Restart 1] 1892) Best value: -4.26e+00 | TR length: 4.00e-01 | num. restarts: 4/13 | num. successes: 0/10
2024-01-13 20:25:51,726 - INFO - [Restart 1] 1896) Best value: -4.26e+00 | TR length: 4.00e-01 | num. restarts: 5/13 | num. successes: 0/10
2024-01-13 20:25:51,912 - INFO - [Restart 1] 1900) Best value: -4.26e+00 | TR length: 4.00e-01 | num. restarts: 6/13 | num. successes: 0/10
2024-01-13 20:25:52,092 - INFO - [Restart 1] 1904) Best value: -4.26e+00 | TR length: 4.00e-01 | num. restarts: 7/13 | num. successes: 0/10
2024-01-13 20:25:52,262 - INFO - [Restart 1] 1908) Best value: -4.26e+00 | TR length: 4.00e-01 | num. restarts: 8/13 | num. successes: 0/10
2024-01-13 20:25:52,443 - INFO - [Restart 1] 1912) Best value: -4.26e+00 | TR length: 4.00e-01 | num. restarts: 9/13 | num. successes: 0/10
2024-01-13 20:25:52,627 - INFO - [Restart 1] 1916) Best value: -4.26e+00 | TR length: 4.00e-01 | num. restarts: 10/13 | num. successes: 0/10
2024-01-13 20:25:52,806 - INFO - [Restart 1] 1920) Best value: -4.26e+00 | TR length: 4.00e-01 | num. restarts: 11/13 | num. successes: 0/10
2024-01-13 20:25:52,981 - INFO - [Restart 1] 1924) Best value: -4.26e+00 | TR length: 4.00e-01 | num. restarts: 12/13 | num. successes: 0/10
2024-01-13 20:25:53,163 - INFO - [Restart 1] 1928) Best value: -4.26e+00 | TR length: 2.00e-01 | num. restarts: 0/13 | num. successes: 0/10
2024-01-13 20:25:53,368 - INFO - [Restart 1] 1932) Best value: -4.04e+00 | TR length: 2.00e-01 | num. restarts: 0/13 | num. successes: 1/10
2024-01-13 20:25:53,570 - INFO - [Restart 1] 1936) Best value: -3.81e+00 | TR length: 2.00e-01 | num. restarts: 0/13 | num. successes: 2/10
2024-01-13 20:25:53,767 - INFO - [Restart 1] 1940) Best value: -3.70e+00 | TR length: 2.00e-01 | num. restarts: 0/13 | num. successes: 3/10
2024-01-13 20:25:53,968 - INFO - [Restart 1] 1944) Best value: -3.70e+00 | TR length: 2.00e-01 | num. restarts: 1/13 | num. successes: 0/10
2024-01-13 20:25:54,161 - INFO - [Restart 1] 1948) Best value: -3.62e+00 | TR length: 2.00e-01 | num. restarts: 0/13 | num. successes: 1/10
2024-01-13 20:25:54,364 - INFO - [Restart 1] 1952) Best value: -3.62e+00 | TR length: 2.00e-01 | num. restarts: 1/13 | num. successes: 0/10
2024-01-13 20:25:54,541 - INFO - [Restart 1] 1956) Best value: -3.62e+00 | TR length: 2.00e-01 | num. restarts: 0/13 | num. successes: 1/10
2024-01-13 20:25:54,727 - INFO - [Restart 1] 1960) Best value: -3.62e+00 | TR length: 2.00e-01 | num. restarts: 1/13 | num. successes: 0/10
2024-01-13 20:25:54,931 - INFO - [Restart 1] 1964) Best value: -3.57e+00 | TR length: 2.00e-01 | num. restarts: 0/13 | num. successes: 1/10
2024-01-13 20:25:55,126 - INFO - [Restart 1] 1968) Best value: -3.51e+00 | TR length: 2.00e-01 | num. restarts: 0/13 | num. successes: 2/10
2024-01-13 20:25:55,327 - INFO - [Restart 1] 1972) Best value: -3.45e+00 | TR length: 2.00e-01 | num. restarts: 0/13 | num. successes: 3/10
2024-01-13 20:25:55,522 - INFO - [Restart 1] 1976) Best value: -3.34e+00 | TR length: 2.00e-01 | num. restarts: 0/13 | num. successes: 4/10
2024-01-13 20:25:55,718 - INFO - [Restart 1] 1980) Best value: -3.34e+00 | TR length: 2.00e-01 | num. restarts: 1/13 | num. successes: 0/10
2024-01-13 20:25:55,909 - INFO - [Restart 1] 1984) Best value: -3.34e+00 | TR length: 2.00e-01 | num. restarts: 2/13 | num. successes: 0/10
2024-01-13 20:25:56,105 - INFO - [Restart 1] 1988) Best value: -3.34e+00 | TR length: 2.00e-01 | num. restarts: 3/13 | num. successes: 0/10
2024-01-13 20:25:56,329 - INFO - [Restart 1] 1992) Best value: -3.34e+00 | TR length: 2.00e-01 | num. restarts: 4/13 | num. successes: 0/10
2024-01-13 20:25:56,543 - INFO - [Restart 1] 1996) Best value: -3.30e+00 | TR length: 2.00e-01 | num. restarts: 0/13 | num. successes: 1/10
2024-01-13 20:25:56,761 - INFO - [Restart 1] 2000) Best value: -3.30e+00 | TR length: 2.00e-01 | num. restarts: 1/13 | num. successes: 0/10
2024-01-13 20:25:56,974 - INFO - [Restart 1] 2004) Best value: -3.30e+00 | TR length: 2.00e-01 | num. restarts: 2/13 | num. successes: 0/10
2024-01-13 20:25:57,195 - INFO - [Restart 1] 2008) Best value: -3.22e+00 | TR length: 2.00e-01 | num. restarts: 0/13 | num. successes: 1/10
2024-01-13 20:25:57,457 - INFO - [Restart 1] 2012) Best value: -3.22e+00 | TR length: 2.00e-01 | num. restarts: 1/13 | num. successes: 0/10
2024-01-13 20:25:57,708 - INFO - [Restart 1] 2016) Best value: -3.21e+00 | TR length: 2.00e-01 | num. restarts: 0/13 | num. successes: 1/10
2024-01-13 20:25:57,946 - INFO - [Restart 1] 2020) Best value: -3.21e+00 | TR length: 2.00e-01 | num. restarts: 1/13 | num. successes: 0/10
2024-01-13 20:25:58,215 - INFO - [Restart 1] 2024) Best value: -3.21e+00 | TR length: 2.00e-01 | num. restarts: 2/13 | num. successes: 0/10
2024-01-13 20:25:58,471 - INFO - [Restart 1] 2028) Best value: -3.21e+00 | TR length: 2.00e-01 | num. restarts: 3/13 | num. successes: 0/10
2024-01-13 20:25:58,701 - INFO - [Restart 1] 2032) Best value: -3.21e+00 | TR length: 2.00e-01 | num. restarts: 4/13 | num. successes: 0/10
2024-01-13 20:25:58,925 - INFO - [Restart 1] 2036) Best value: -3.21e+00 | TR length: 2.00e-01 | num. restarts: 5/13 | num. successes: 0/10
2024-01-13 20:25:59,162 - INFO - [Restart 1] 2040) Best value: -3.21e+00 | TR length: 2.00e-01 | num. restarts: 6/13 | num. successes: 0/10
2024-01-13 20:25:59,378 - INFO - [Restart 1] 2044) Best value: -3.21e+00 | TR length: 2.00e-01 | num. restarts: 7/13 | num. successes: 0/10
2024-01-13 20:25:59,601 - INFO - [Restart 1] 2048) Best value: -3.21e+00 | TR length: 2.00e-01 | num. restarts: 8/13 | num. successes: 0/10
2024-01-13 20:25:59,827 - INFO - [Restart 1] 2052) Best value: -3.21e+00 | TR length: 2.00e-01 | num. restarts: 9/13 | num. successes: 0/10
2024-01-13 20:26:00,052 - INFO - [Restart 1] 2056) Best value: -3.18e+00 | TR length: 2.00e-01 | num. restarts: 0/13 | num. successes: 1/10
2024-01-13 20:26:00,300 - INFO - [Restart 1] 2060) Best value: -3.18e+00 | TR length: 2.00e-01 | num. restarts: 1/13 | num. successes: 0/10
2024-01-13 20:26:00,543 - INFO - [Restart 1] 2064) Best value: -3.18e+00 | TR length: 2.00e-01 | num. restarts: 2/13 | num. successes: 0/10
2024-01-13 20:26:00,784 - INFO - [Restart 1] 2068) Best value: -3.16e+00 | TR length: 2.00e-01 | num. restarts: 0/13 | num. successes: 1/10
2024-01-13 20:26:01,029 - INFO - [Restart 1] 2072) Best value: -3.16e+00 | TR length: 2.00e-01 | num. restarts: 1/13 | num. successes: 0/10
2024-01-13 20:26:01,274 - INFO - [Restart 1] 2076) Best value: -3.16e+00 | TR length: 2.00e-01 | num. restarts: 2/13 | num. successes: 0/10
2024-01-13 20:26:01,507 - INFO - [Restart 1] 2080) Best value: -3.16e+00 | TR length: 2.00e-01 | num. restarts: 3/13 | num. successes: 0/10
2024-01-13 20:26:01,744 - INFO - [Restart 1] 2084) Best value: -3.16e+00 | TR length: 2.00e-01 | num. restarts: 4/13 | num. successes: 0/10
2024-01-13 20:26:01,990 - INFO - [Restart 1] 2088) Best value: -3.16e+00 | TR length: 2.00e-01 | num. restarts: 5/13 | num. successes: 0/10
2024-01-13 20:26:02,244 - INFO - [Restart 1] 2092) Best value: -3.16e+00 | TR length: 2.00e-01 | num. restarts: 6/13 | num. successes: 0/10
2024-01-13 20:26:02,485 - INFO - [Restart 1] 2096) Best value: -3.16e+00 | TR length: 2.00e-01 | num. restarts: 7/13 | num. successes: 0/10
2024-01-13 20:26:02,685 - INFO - [Restart 1] 2100) Best value: -3.16e+00 | TR length: 2.00e-01 | num. restarts: 8/13 | num. successes: 0/10
2024-01-13 20:26:02,923 - INFO - [Restart 1] 2104) Best value: -3.16e+00 | TR length: 2.00e-01 | num. restarts: 9/13 | num. successes: 0/10
2024-01-13 20:26:03,154 - INFO - [Restart 1] 2108) Best value: -3.16e+00 | TR length: 2.00e-01 | num. restarts: 0/13 | num. successes: 1/10
2024-01-13 20:26:03,386 - INFO - [Restart 1] 2112) Best value: -3.16e+00 | TR length: 2.00e-01 | num. restarts: 1/13 | num. successes: 0/10
2024-01-13 20:26:03,622 - INFO - [Restart 1] 2116) Best value: -3.16e+00 | TR length: 2.00e-01 | num. restarts: 2/13 | num. successes: 0/10
2024-01-13 20:26:03,863 - INFO - [Restart 1] 2120) Best value: -3.16e+00 | TR length: 2.00e-01 | num. restarts: 3/13 | num. successes: 0/10
2024-01-13 20:26:04,080 - INFO - [Restart 1] 2124) Best value: -3.15e+00 | TR length: 2.00e-01 | num. restarts: 0/13 | num. successes: 1/10
2024-01-13 20:26:04,320 - INFO - [Restart 1] 2128) Best value: -3.15e+00 | TR length: 2.00e-01 | num. restarts: 1/13 | num. successes: 0/10
2024-01-13 20:26:04,526 - INFO - [Restart 1] 2132) Best value: -3.02e+00 | TR length: 2.00e-01 | num. restarts: 0/13 | num. successes: 1/10
2024-01-13 20:26:04,738 - INFO - [Restart 1] 2136) Best value: -3.02e+00 | TR length: 2.00e-01 | num. restarts: 1/13 | num. successes: 0/10
2024-01-13 20:26:04,982 - INFO - [Restart 1] 2140) Best value: -3.02e+00 | TR length: 2.00e-01 | num. restarts: 2/13 | num. successes: 0/10
2024-01-13 20:26:05,204 - INFO - [Restart 1] 2144) Best value: -3.02e+00 | TR length: 2.00e-01 | num. restarts: 3/13 | num. successes: 0/10
2024-01-13 20:26:05,410 - INFO - [Restart 1] 2148) Best value: -3.02e+00 | TR length: 2.00e-01 | num. restarts: 4/13 | num. successes: 0/10
2024-01-13 20:26:05,626 - INFO - [Restart 1] 2152) Best value: -3.02e+00 | TR length: 2.00e-01 | num. restarts: 5/13 | num. successes: 0/10
2024-01-13 20:26:05,834 - INFO - [Restart 1] 2156) Best value: -3.02e+00 | TR length: 2.00e-01 | num. restarts: 6/13 | num. successes: 0/10
2024-01-13 20:26:06,048 - INFO - [Restart 1] 2160) Best value: -3.00e+00 | TR length: 2.00e-01 | num. restarts: 0/13 | num. successes: 1/10
2024-01-13 20:26:06,257 - INFO - [Restart 1] 2164) Best value: -3.00e+00 | TR length: 2.00e-01 | num. restarts: 1/13 | num. successes: 0/10
2024-01-13 20:26:06,473 - INFO - [Restart 1] 2168) Best value: -3.00e+00 | TR length: 2.00e-01 | num. restarts: 2/13 | num. successes: 0/10
2024-01-13 20:26:06,702 - INFO - [Restart 1] 2172) Best value: -2.85e+00 | TR length: 2.00e-01 | num. restarts: 0/13 | num. successes: 1/10
2024-01-13 20:26:06,941 - INFO - [Restart 1] 2176) Best value: -2.85e+00 | TR length: 2.00e-01 | num. restarts: 1/13 | num. successes: 0/10
2024-01-13 20:26:07,173 - INFO - [Restart 1] 2180) Best value: -2.85e+00 | TR length: 2.00e-01 | num. restarts: 2/13 | num. successes: 0/10
2024-01-13 20:26:07,425 - INFO - [Restart 1] 2184) Best value: -2.85e+00 | TR length: 2.00e-01 | num. restarts: 3/13 | num. successes: 0/10
2024-01-13 20:26:07,688 - INFO - [Restart 1] 2188) Best value: -2.85e+00 | TR length: 2.00e-01 | num. restarts: 4/13 | num. successes: 0/10
2024-01-13 20:26:07,939 - INFO - [Restart 1] 2192) Best value: -2.84e+00 | TR length: 2.00e-01 | num. restarts: 0/13 | num. successes: 1/10
2024-01-13 20:26:08,187 - INFO - [Restart 1] 2196) Best value: -2.84e+00 | TR length: 2.00e-01 | num. restarts: 1/13 | num. successes: 0/10
2024-01-13 20:26:08,424 - INFO - [Restart 1] 2200) Best value: -2.82e+00 | TR length: 2.00e-01 | num. restarts: 0/13 | num. successes: 1/10
2024-01-13 20:26:08,682 - INFO - [Restart 1] 2204) Best value: -2.82e+00 | TR length: 2.00e-01 | num. restarts: 1/13 | num. successes: 0/10
2024-01-13 20:26:08,943 - INFO - [Restart 1] 2208) Best value: -2.82e+00 | TR length: 2.00e-01 | num. restarts: 2/13 | num. successes: 0/10
2024-01-13 20:26:09,190 - INFO - [Restart 1] 2212) Best value: -2.82e+00 | TR length: 2.00e-01 | num. restarts: 3/13 | num. successes: 0/10
2024-01-13 20:26:09,443 - INFO - [Restart 1] 2216) Best value: -2.82e+00 | TR length: 2.00e-01 | num. restarts: 4/13 | num. successes: 0/10
2024-01-13 20:26:09,703 - INFO - [Restart 1] 2220) Best value: -2.82e+00 | TR length: 2.00e-01 | num. restarts: 5/13 | num. successes: 0/10
2024-01-13 20:26:09,977 - INFO - [Restart 1] 2224) Best value: -2.82e+00 | TR length: 2.00e-01 | num. restarts: 6/13 | num. successes: 0/10
2024-01-13 20:26:10,229 - INFO - [Restart 1] 2228) Best value: -2.82e+00 | TR length: 2.00e-01 | num. restarts: 7/13 | num. successes: 0/10
2024-01-13 20:26:10,470 - INFO - [Restart 1] 2232) Best value: -2.82e+00 | TR length: 2.00e-01 | num. restarts: 8/13 | num. successes: 0/10
2024-01-13 20:26:10,713 - INFO - [Restart 1] 2236) Best value: -2.82e+00 | TR length: 2.00e-01 | num. restarts: 9/13 | num. successes: 0/10
2024-01-13 20:26:10,955 - INFO - [Restart 1] 2240) Best value: -2.82e+00 | TR length: 2.00e-01 | num. restarts: 10/13 | num. successes: 0/10
2024-01-13 20:26:11,195 - INFO - [Restart 1] 2244) Best value: -2.82e+00 | TR length: 2.00e-01 | num. restarts: 11/13 | num. successes: 0/10
2024-01-13 20:26:11,444 - INFO - [Restart 1] 2248) Best value: -2.82e+00 | TR length: 2.00e-01 | num. restarts: 12/13 | num. successes: 0/10
2024-01-13 20:26:11,693 - INFO - [Restart 1] 2252) Best value: -2.82e+00 | TR length: 1.00e-01 | num. restarts: 0/13 | num. successes: 0/10
2024-01-13 20:26:11,944 - INFO - [Restart 1] 2256) Best value: -2.73e+00 | TR length: 1.00e-01 | num. restarts: 0/13 | num. successes: 1/10
2024-01-13 20:26:12,194 - INFO - [Restart 1] 2260) Best value: -2.34e+00 | TR length: 1.00e-01 | num. restarts: 0/13 | num. successes: 2/10
2024-01-13 20:26:12,460 - INFO - [Restart 1] 2264) Best value: -2.34e+00 | TR length: 1.00e-01 | num. restarts: 1/13 | num. successes: 0/10
2024-01-13 20:26:12,809 - INFO - [Restart 1] 2268) Best value: -2.32e+00 | TR length: 1.00e-01 | num. restarts: 0/13 | num. successes: 1/10
2024-01-13 20:26:13,174 - INFO - [Restart 1] 2272) Best value: -2.32e+00 | TR length: 1.00e-01 | num. restarts: 1/13 | num. successes: 0/10
2024-01-13 20:26:13,493 - INFO - [Restart 1] 2276) Best value: -2.32e+00 | TR length: 1.00e-01 | num. restarts: 2/13 | num. successes: 0/10
2024-01-13 20:26:13,828 - INFO - [Restart 1] 2280) Best value: -2.32e+00 | TR length: 1.00e-01 | num. restarts: 3/13 | num. successes: 0/10
2024-01-13 20:26:14,171 - INFO - [Restart 1] 2284) Best value: -2.32e+00 | TR length: 1.00e-01 | num. restarts: 4/13 | num. successes: 0/10
2024-01-13 20:26:14,508 - INFO - [Restart 1] 2288) Best value: -2.32e+00 | TR length: 1.00e-01 | num. restarts: 5/13 | num. successes: 0/10
2024-01-13 20:26:14,843 - INFO - [Restart 1] 2292) Best value: -2.19e+00 | TR length: 1.00e-01 | num. restarts: 0/13 | num. successes: 1/10
2024-01-13 20:26:15,228 - INFO - [Restart 1] 2296) Best value: -2.19e+00 | TR length: 1.00e-01 | num. restarts: 1/13 | num. successes: 0/10
2024-01-13 20:26:15,615 - INFO - [Restart 1] 2300) Best value: -2.19e+00 | TR length: 1.00e-01 | num. restarts: 2/13 | num. successes: 0/10
2024-01-13 20:26:15,991 - INFO - [Restart 1] 2304) Best value: -2.19e+00 | TR length: 1.00e-01 | num. restarts: 3/13 | num. successes: 0/10
2024-01-13 20:26:16,319 - INFO - [Restart 1] 2308) Best value: -2.19e+00 | TR length: 1.00e-01 | num. restarts: 4/13 | num. successes: 0/10
2024-01-13 20:26:16,635 - INFO - [Restart 1] 2312) Best value: -2.19e+00 | TR length: 1.00e-01 | num. restarts: 5/13 | num. successes: 0/10
2024-01-13 20:26:17,017 - INFO - [Restart 1] 2316) Best value: -2.19e+00 | TR length: 1.00e-01 | num. restarts: 6/13 | num. successes: 0/10
2024-01-13 20:26:17,394 - INFO - [Restart 1] 2320) Best value: -2.10e+00 | TR length: 1.00e-01 | num. restarts: 0/13 | num. successes: 1/10
2024-01-13 20:26:17,730 - INFO - [Restart 1] 2324) Best value: -1.99e+00 | TR length: 1.00e-01 | num. restarts: 0/13 | num. successes: 2/10
2024-01-13 20:26:18,095 - INFO - [Restart 1] 2328) Best value: -1.99e+00 | TR length: 1.00e-01 | num. restarts: 1/13 | num. successes: 0/10
2024-01-13 20:26:18,497 - INFO - [Restart 1] 2332) Best value: -1.99e+00 | TR length: 1.00e-01 | num. restarts: 2/13 | num. successes: 0/10
2024-01-13 20:26:18,894 - INFO - [Restart 1] 2336) Best value: -1.99e+00 | TR length: 1.00e-01 | num. restarts: 3/13 | num. successes: 0/10
2024-01-13 20:26:19,273 - INFO - [Restart 1] 2340) Best value: -1.99e+00 | TR length: 1.00e-01 | num. restarts: 4/13 | num. successes: 0/10
2024-01-13 20:26:19,684 - INFO - [Restart 1] 2344) Best value: -1.99e+00 | TR length: 1.00e-01 | num. restarts: 5/13 | num. successes: 0/10
2024-01-13 20:26:20,119 - INFO - [Restart 1] 2348) Best value: -1.99e+00 | TR length: 1.00e-01 | num. restarts: 6/13 | num. successes: 0/10
2024-01-13 20:26:20,562 - INFO - [Restart 1] 2352) Best value: -1.99e+00 | TR length: 1.00e-01 | num. restarts: 7/13 | num. successes: 0/10
2024-01-13 20:26:21,004 - INFO - [Restart 1] 2356) Best value: -1.99e+00 | TR length: 1.00e-01 | num. restarts: 8/13 | num. successes: 0/10
2024-01-13 20:26:21,503 - INFO - [Restart 1] 2360) Best value: -1.99e+00 | TR length: 1.00e-01 | num. restarts: 9/13 | num. successes: 0/10
2024-01-13 20:26:21,999 - INFO - [Restart 1] 2364) Best value: -1.99e+00 | TR length: 1.00e-01 | num. restarts: 10/13 | num. successes: 0/10
2024-01-13 20:26:22,490 - INFO - [Restart 1] 2368) Best value: -1.99e+00 | TR length: 1.00e-01 | num. restarts: 11/13 | num. successes: 0/10
2024-01-13 20:26:22,989 - INFO - [Restart 1] 2372) Best value: -1.99e+00 | TR length: 1.00e-01 | num. restarts: 12/13 | num. successes: 0/10
2024-01-13 20:26:23,460 - INFO - [Restart 1] 2376) Best value: -1.99e+00 | TR length: 5.00e-02 | num. restarts: 0/13 | num. successes: 0/10
2024-01-13 20:26:23,990 - INFO - [Restart 1] 2380) Best value: -1.99e+00 | TR length: 5.00e-02 | num. restarts: 1/13 | num. successes: 0/10
2024-01-13 20:26:24,505 - INFO - [Restart 1] 2384) Best value: -1.99e+00 | TR length: 5.00e-02 | num. restarts: 2/13 | num. successes: 0/10
2024-01-13 20:26:24,965 - INFO - [Restart 1] 2388) Best value: -1.95e+00 | TR length: 5.00e-02 | num. restarts: 0/13 | num. successes: 1/10
2024-01-13 20:26:25,495 - INFO - [Restart 1] 2392) Best value: -1.91e+00 | TR length: 5.00e-02 | num. restarts: 0/13 | num. successes: 2/10
2024-01-13 20:26:26,041 - INFO - [Restart 1] 2396) Best value: -1.91e+00 | TR length: 5.00e-02 | num. restarts: 1/13 | num. successes: 0/10
2024-01-13 20:26:26,526 - INFO - [Restart 1] 2400) Best value: -1.91e+00 | TR length: 5.00e-02 | num. restarts: 2/13 | num. successes: 0/10
2024-01-13 20:26:27,001 - INFO - [Restart 1] 2404) Best value: -1.91e+00 | TR length: 5.00e-02 | num. restarts: 3/13 | num. successes: 0/10
2024-01-13 20:26:27,543 - INFO - [Restart 1] 2408) Best value: -1.91e+00 | TR length: 5.00e-02 | num. restarts: 4/13 | num. successes: 0/10
2024-01-13 20:26:28,077 - INFO - [Restart 1] 2412) Best value: -1.91e+00 | TR length: 5.00e-02 | num. restarts: 5/13 | num. successes: 0/10
2024-01-13 20:26:28,629 - INFO - [Restart 1] 2416) Best value: -1.91e+00 | TR length: 5.00e-02 | num. restarts: 6/13 | num. successes: 0/10
2024-01-13 20:26:29,154 - INFO - [Restart 1] 2420) Best value: -1.91e+00 | TR length: 5.00e-02 | num. restarts: 7/13 | num. successes: 0/10
2024-01-13 20:26:29,711 - INFO - [Restart 1] 2424) Best value: -1.91e+00 | TR length: 5.00e-02 | num. restarts: 8/13 | num. successes: 0/10
2024-01-13 20:26:30,253 - INFO - [Restart 1] 2428) Best value: -1.91e+00 | TR length: 5.00e-02 | num. restarts: 9/13 | num. successes: 0/10
2024-01-13 20:26:30,777 - INFO - [Restart 1] 2432) Best value: -1.91e+00 | TR length: 5.00e-02 | num. restarts: 10/13 | num. successes: 0/10
2024-01-13 20:26:31,307 - INFO - [Restart 1] 2436) Best value: -1.91e+00 | TR length: 5.00e-02 | num. restarts: 11/13 | num. successes: 0/10
2024-01-13 20:26:31,838 - INFO - [Restart 1] 2440) Best value: -1.91e+00 | TR length: 5.00e-02 | num. restarts: 0/13 | num. successes: 1/10
2024-01-13 20:26:32,377 - INFO - [Restart 1] 2444) Best value: -1.91e+00 | TR length: 5.00e-02 | num. restarts: 1/13 | num. successes: 0/10
2024-01-13 20:26:32,877 - INFO - [Restart 1] 2448) Best value: -1.91e+00 | TR length: 5.00e-02 | num. restarts: 2/13 | num. successes: 0/10
2024-01-13 20:26:33,417 - INFO - [Restart 1] 2452) Best value: -1.91e+00 | TR length: 5.00e-02 | num. restarts: 3/13 | num. successes: 0/10
2024-01-13 20:26:34,014 - INFO - [Restart 1] 2456) Best value: -1.91e+00 | TR length: 5.00e-02 | num. restarts: 4/13 | num. successes: 0/10
2024-01-13 20:26:34,565 - INFO - [Restart 1] 2460) Best value: -1.91e+00 | TR length: 5.00e-02 | num. restarts: 5/13 | num. successes: 0/10
2024-01-13 20:26:35,133 - INFO - [Restart 1] 2464) Best value: -1.91e+00 | TR length: 5.00e-02 | num. restarts: 6/13 | num. successes: 0/10
2024-01-13 20:26:35,676 - INFO - [Restart 1] 2468) Best value: -1.91e+00 | TR length: 5.00e-02 | num. restarts: 7/13 | num. successes: 0/10
2024-01-13 20:26:36,204 - INFO - [Restart 1] 2472) Best value: -1.91e+00 | TR length: 5.00e-02 | num. restarts: 8/13 | num. successes: 0/10
2024-01-13 20:26:36,758 - INFO - [Restart 1] 2476) Best value: -1.91e+00 | TR length: 5.00e-02 | num. restarts: 9/13 | num. successes: 0/10
2024-01-13 20:26:37,367 - INFO - [Restart 1] 2480) Best value: -1.91e+00 | TR length: 5.00e-02 | num. restarts: 10/13 | num. successes: 0/10
2024-01-13 20:26:37,897 - INFO - [Restart 1] 2484) Best value: -1.91e+00 | TR length: 5.00e-02 | num. restarts: 11/13 | num. successes: 0/10
2024-01-13 20:26:38,475 - INFO - [Restart 1] 2488) Best value: -1.91e+00 | TR length: 5.00e-02 | num. restarts: 12/13 | num. successes: 0/10
2024-01-13 20:26:39,061 - INFO - [Restart 1] 2492) Best value: -1.91e+00 | TR length: 2.50e-02 | num. restarts: 0/13 | num. successes: 0/10
2024-01-13 20:26:39,622 - INFO - [Restart 1] 2496) Best value: -1.89e+00 | TR length: 2.50e-02 | num. restarts: 0/13 | num. successes: 1/10
2024-01-13 20:26:40,185 - INFO - [Restart 1] 2500) Best value: -1.89e+00 | TR length: 2.50e-02 | num. restarts: 1/13 | num. successes: 0/10
2024-01-13 20:26:40,762 - INFO - [Restart 1] 2504) Best value: -1.84e+00 | TR length: 2.50e-02 | num. restarts: 0/13 | num. successes: 1/10
2024-01-13 20:26:41,313 - INFO - [Restart 1] 2508) Best value: -1.84e+00 | TR length: 2.50e-02 | num. restarts: 1/13 | num. successes: 0/10
2024-01-13 20:26:41,852 - INFO - [Restart 1] 2512) Best value: -1.81e+00 | TR length: 2.50e-02 | num. restarts: 0/13 | num. successes: 1/10
2024-01-13 20:26:42,377 - INFO - [Restart 1] 2516) Best value: -1.75e+00 | TR length: 2.50e-02 | num. restarts: 0/13 | num. successes: 2/10
2024-01-13 20:26:42,944 - INFO - [Restart 1] 2520) Best value: -1.75e+00 | TR length: 2.50e-02 | num. restarts: 1/13 | num. successes: 0/10
2024-01-13 20:26:43,492 - INFO - [Restart 1] 2524) Best value: -1.75e+00 | TR length: 2.50e-02 | num. restarts: 2/13 | num. successes: 0/10
2024-01-13 20:26:44,085 - INFO - [Restart 1] 2528) Best value: -1.75e+00 | TR length: 2.50e-02 | num. restarts: 3/13 | num. successes: 0/10
2024-01-13 20:26:44,642 - INFO - [Restart 1] 2532) Best value: -1.75e+00 | TR length: 2.50e-02 | num. restarts: 4/13 | num. successes: 0/10
2024-01-13 20:26:45,253 - INFO - [Restart 1] 2536) Best value: -1.75e+00 | TR length: 2.50e-02 | num. restarts: 5/13 | num. successes: 0/10
2024-01-13 20:26:45,825 - INFO - [Restart 1] 2540) Best value: -1.75e+00 | TR length: 2.50e-02 | num. restarts: 6/13 | num. successes: 0/10
2024-01-13 20:26:46,428 - INFO - [Restart 1] 2544) Best value: -1.75e+00 | TR length: 2.50e-02 | num. restarts: 7/13 | num. successes: 0/10
2024-01-13 20:26:47,029 - INFO - [Restart 1] 2548) Best value: -1.75e+00 | TR length: 2.50e-02 | num. restarts: 8/13 | num. successes: 0/10
2024-01-13 20:26:47,607 - INFO - [Restart 1] 2552) Best value: -1.75e+00 | TR length: 2.50e-02 | num. restarts: 9/13 | num. successes: 0/10
2024-01-13 20:26:48,248 - INFO - [Restart 1] 2556) Best value: -1.75e+00 | TR length: 2.50e-02 | num. restarts: 10/13 | num. successes: 0/10
2024-01-13 20:26:48,875 - INFO - [Restart 1] 2560) Best value: -1.75e+00 | TR length: 2.50e-02 | num. restarts: 11/13 | num. successes: 0/10
2024-01-13 20:26:49,469 - INFO - [Restart 1] 2564) Best value: -1.75e+00 | TR length: 2.50e-02 | num. restarts: 12/13 | num. successes: 0/10
2024-01-13 20:26:50,102 - INFO - [Restart 1] 2568) Best value: -1.75e+00 | TR length: 1.25e-02 | num. restarts: 0/13 | num. successes: 0/10
2024-01-13 20:26:50,713 - INFO - [Restart 1] 2572) Best value: -1.75e+00 | TR length: 1.25e-02 | num. restarts: 1/13 | num. successes: 0/10
2024-01-13 20:26:51,363 - INFO - [Restart 1] 2576) Best value: -1.75e+00 | TR length: 1.25e-02 | num. restarts: 2/13 | num. successes: 0/10
2024-01-13 20:26:51,972 - INFO - [Restart 1] 2580) Best value: -1.75e+00 | TR length: 1.25e-02 | num. restarts: 3/13 | num. successes: 0/10
2024-01-13 20:26:52,579 - INFO - [Restart 1] 2584) Best value: -1.75e+00 | TR length: 1.25e-02 | num. restarts: 4/13 | num. successes: 0/10
2024-01-13 20:26:53,223 - INFO - [Restart 1] 2588) Best value: -1.75e+00 | TR length: 1.25e-02 | num. restarts: 5/13 | num. successes: 0/10
2024-01-13 20:26:53,855 - INFO - [Restart 1] 2592) Best value: -1.75e+00 | TR length: 1.25e-02 | num. restarts: 6/13 | num. successes: 0/10
2024-01-13 20:26:54,419 - INFO - [Restart 1] 2596) Best value: -1.73e+00 | TR length: 1.25e-02 | num. restarts: 0/13 | num. successes: 1/10
2024-01-13 20:26:55,140 - INFO - [Restart 1] 2600) Best value: -1.67e+00 | TR length: 1.25e-02 | num. restarts: 0/13 | num. successes: 2/10
2024-01-13 20:26:55,794 - INFO - [Restart 1] 2604) Best value: -1.67e+00 | TR length: 1.25e-02 | num. restarts: 1/13 | num. successes: 0/10
2024-01-13 20:26:56,464 - INFO - [Restart 1] 2608) Best value: -1.67e+00 | TR length: 1.25e-02 | num. restarts: 2/13 | num. successes: 0/10
2024-01-13 20:26:57,083 - INFO - [Restart 1] 2612) Best value: -1.67e+00 | TR length: 1.25e-02 | num. restarts: 3/13 | num. successes: 0/10
2024-01-13 20:26:57,760 - INFO - [Restart 1] 2616) Best value: -1.67e+00 | TR length: 1.25e-02 | num. restarts: 4/13 | num. successes: 0/10
2024-01-13 20:26:58,396 - INFO - [Restart 1] 2620) Best value: -1.67e+00 | TR length: 1.25e-02 | num. restarts: 0/13 | num. successes: 1/10
2024-01-13 20:26:59,061 - INFO - [Restart 1] 2624) Best value: -1.67e+00 | TR length: 1.25e-02 | num. restarts: 1/13 | num. successes: 0/10
2024-01-13 20:26:59,692 - INFO - [Restart 1] 2628) Best value: -1.67e+00 | TR length: 1.25e-02 | num. restarts: 2/13 | num. successes: 0/10
2024-01-13 20:27:00,412 - INFO - [Restart 1] 2632) Best value: -1.67e+00 | TR length: 1.25e-02 | num. restarts: 3/13 | num. successes: 0/10
2024-01-13 20:27:01,113 - INFO - [Restart 1] 2636) Best value: -1.67e+00 | TR length: 1.25e-02 | num. restarts: 4/13 | num. successes: 0/10
2024-01-13 20:27:01,860 - INFO - [Restart 1] 2640) Best value: -1.67e+00 | TR length: 1.25e-02 | num. restarts: 5/13 | num. successes: 0/10
2024-01-13 20:27:02,551 - INFO - [Restart 1] 2644) Best value: -1.67e+00 | TR length: 1.25e-02 | num. restarts: 6/13 | num. successes: 0/10
2024-01-13 20:27:03,232 - INFO - [Restart 1] 2648) Best value: -1.65e+00 | TR length: 1.25e-02 | num. restarts: 0/13 | num. successes: 1/10
2024-01-13 20:27:03,910 - INFO - [Restart 1] 2652) Best value: -1.65e+00 | TR length: 1.25e-02 | num. restarts: 1/13 | num. successes: 0/10
2024-01-13 20:27:04,567 - INFO - [Restart 1] 2656) Best value: -1.64e+00 | TR length: 1.25e-02 | num. restarts: 0/13 | num. successes: 1/10
2024-01-13 20:27:05,220 - INFO - [Restart 1] 2660) Best value: -1.64e+00 | TR length: 1.25e-02 | num. restarts: 1/13 | num. successes: 0/10
2024-01-13 20:27:05,951 - INFO - [Restart 1] 2664) Best value: -1.64e+00 | TR length: 1.25e-02 | num. restarts: 2/13 | num. successes: 0/10
2024-01-13 20:27:06,625 - INFO - [Restart 1] 2668) Best value: -1.64e+00 | TR length: 1.25e-02 | num. restarts: 3/13 | num. successes: 0/10
2024-01-13 20:27:07,286 - INFO - [Restart 1] 2672) Best value: -1.64e+00 | TR length: 1.25e-02 | num. restarts: 4/13 | num. successes: 0/10
2024-01-13 20:27:08,024 - INFO - [Restart 1] 2676) Best value: -1.64e+00 | TR length: 1.25e-02 | num. restarts: 5/13 | num. successes: 0/10
2024-01-13 20:27:08,763 - INFO - [Restart 1] 2680) Best value: -1.64e+00 | TR length: 1.25e-02 | num. restarts: 6/13 | num. successes: 0/10
2024-01-13 20:27:09,488 - INFO - [Restart 1] 2684) Best value: -1.64e+00 | TR length: 1.25e-02 | num. restarts: 7/13 | num. successes: 0/10
2024-01-13 20:27:10,182 - INFO - [Restart 1] 2688) Best value: -1.64e+00 | TR length: 1.25e-02 | num. restarts: 8/13 | num. successes: 0/10
2024-01-13 20:27:10,831 - INFO - [Restart 1] 2692) Best value: -1.64e+00 | TR length: 1.25e-02 | num. restarts: 9/13 | num. successes: 0/10
2024-01-13 20:27:11,500 - INFO - [Restart 1] 2696) Best value: -1.64e+00 | TR length: 1.25e-02 | num. restarts: 10/13 | num. successes: 0/10
2024-01-13 20:27:12,146 - INFO - [Restart 1] 2700) Best value: -1.64e+00 | TR length: 1.25e-02 | num. restarts: 11/13 | num. successes: 0/10
2024-01-13 20:27:12,749 - INFO - [Restart 1] 2704) Best value: -1.64e+00 | TR length: 1.25e-02 | num. restarts: 12/13 | num. successes: 0/10
2024-01-13 20:27:13,362 - INFO - [Restart 1] 2708) Best value: -1.64e+00 | TR length: 6.25e-03 | num. restarts: 0/13 | num. successes: 0/10
2024-01-13 20:27:14,160 - INFO - [Restart 2] 2812) Best value: -1.16e+01 | TR length: 8.00e-01 | num. restarts: 0/13 | num. successes: 1/10
2024-01-13 20:27:14,616 - INFO - [Restart 2] 2816) Best value: -1.14e+01 | TR length: 8.00e-01 | num. restarts: 0/13 | num. successes: 2/10
2024-01-13 20:27:15,884 - INFO - [Restart 2] 2820) Best value: -1.07e+01 | TR length: 8.00e-01 | num. restarts: 0/13 | num. successes: 3/10
2024-01-13 20:27:16,525 - INFO - [Restart 2] 2824) Best value: -1.07e+01 | TR length: 8.00e-01 | num. restarts: 1/13 | num. successes: 0/10
2024-01-13 20:27:17,521 - INFO - [Restart 2] 2828) Best value: -1.07e+01 | TR length: 8.00e-01 | num. restarts: 2/13 | num. successes: 0/10
2024-01-13 20:27:18,789 - INFO - [Restart 2] 2832) Best value: -1.07e+01 | TR length: 8.00e-01 | num. restarts: 0/13 | num. successes: 1/10
2024-01-13 20:27:20,020 - INFO - [Restart 2] 2836) Best value: -1.07e+01 | TR length: 8.00e-01 | num. restarts: 1/13 | num. successes: 0/10
2024-01-13 20:27:20,861 - INFO - [Restart 2] 2840) Best value: -1.06e+01 | TR length: 8.00e-01 | num. restarts: 0/13 | num. successes: 1/10
2024-01-13 20:27:22,284 - INFO - [Restart 2] 2844) Best value: -1.06e+01 | TR length: 8.00e-01 | num. restarts: 0/13 | num. successes: 2/10
2024-01-13 20:27:23,265 - INFO - [Restart 2] 2848) Best value: -9.80e+00 | TR length: 8.00e-01 | num. restarts: 0/13 | num. successes: 3/10
2024-01-13 20:27:24,361 - INFO - [Restart 2] 2852) Best value: -9.47e+00 | TR length: 8.00e-01 | num. restarts: 0/13 | num. successes: 4/10
2024-01-13 20:27:25,098 - INFO - [Restart 2] 2856) Best value: -9.47e+00 | TR length: 8.00e-01 | num. restarts: 1/13 | num. successes: 0/10
2024-01-13 20:27:26,316 - INFO - [Restart 2] 2860) Best value: -9.40e+00 | TR length: 8.00e-01 | num. restarts: 0/13 | num. successes: 1/10
2024-01-13 20:27:27,561 - INFO - [Restart 2] 2864) Best value: -9.40e+00 | TR length: 8.00e-01 | num. restarts: 1/13 | num. successes: 0/10
2024-01-13 20:27:28,777 - INFO - [Restart 2] 2868) Best value: -9.09e+00 | TR length: 8.00e-01 | num. restarts: 0/13 | num. successes: 1/10
2024-01-13 20:27:30,276 - INFO - [Restart 2] 2872) Best value: -8.30e+00 | TR length: 8.00e-01 | num. restarts: 0/13 | num. successes: 2/10
2024-01-13 20:27:31,019 - INFO - [Restart 2] 2876) Best value: -8.30e+00 | TR length: 8.00e-01 | num. restarts: 1/13 | num. successes: 0/10
2024-01-13 20:27:31,658 - INFO - [Restart 2] 2880) Best value: -8.30e+00 | TR length: 8.00e-01 | num. restarts: 2/13 | num. successes: 0/10
2024-01-13 20:27:32,429 - INFO - [Restart 2] 2884) Best value: -8.18e+00 | TR length: 8.00e-01 | num. restarts: 0/13 | num. successes: 1/10
2024-01-13 20:27:33,802 - INFO - [Restart 2] 2888) Best value: -8.06e+00 | TR length: 8.00e-01 | num. restarts: 0/13 | num. successes: 2/10
2024-01-13 20:27:34,306 - INFO - [Restart 2] 2892) Best value: -8.06e+00 | TR length: 8.00e-01 | num. restarts: 1/13 | num. successes: 0/10
2024-01-13 20:27:34,889 - INFO - [Restart 2] 2896) Best value: -8.06e+00 | TR length: 8.00e-01 | num. restarts: 2/13 | num. successes: 0/10
2024-01-13 20:27:35,797 - INFO - [Restart 2] 2900) Best value: -8.06e+00 | TR length: 8.00e-01 | num. restarts: 3/13 | num. successes: 0/10
2024-01-13 20:27:36,445 - INFO - [Restart 2] 2904) Best value: -8.06e+00 | TR length: 8.00e-01 | num. restarts: 4/13 | num. successes: 0/10
2024-01-13 20:27:37,089 - INFO - [Restart 2] 2908) Best value: -8.06e+00 | TR length: 8.00e-01 | num. restarts: 5/13 | num. successes: 0/10
2024-01-13 20:27:37,644 - INFO - [Restart 2] 2912) Best value: -8.06e+00 | TR length: 8.00e-01 | num. restarts: 6/13 | num. successes: 0/10
2024-01-13 20:27:38,478 - INFO - [Restart 2] 2916) Best value: -8.06e+00 | TR length: 8.00e-01 | num. restarts: 7/13 | num. successes: 0/10
2024-01-13 20:27:39,046 - INFO - [Restart 2] 2920) Best value: -8.06e+00 | TR length: 8.00e-01 | num. restarts: 0/13 | num. successes: 1/10
2024-01-13 20:27:39,778 - INFO - [Restart 2] 2924) Best value: -8.06e+00 | TR length: 8.00e-01 | num. restarts: 1/13 | num. successes: 0/10
2024-01-13 20:27:40,357 - INFO - [Restart 2] 2928) Best value: -7.80e+00 | TR length: 8.00e-01 | num. restarts: 0/13 | num. successes: 1/10
2024-01-13 20:27:41,441 - INFO - [Restart 2] 2932) Best value: -7.80e+00 | TR length: 8.00e-01 | num. restarts: 1/13 | num. successes: 0/10
2024-01-13 20:27:42,761 - INFO - [Restart 2] 2936) Best value: -7.51e+00 | TR length: 8.00e-01 | num. restarts: 0/13 | num. successes: 1/10
2024-01-13 20:27:43,572 - INFO - [Restart 2] 2940) Best value: -7.51e+00 | TR length: 8.00e-01 | num. restarts: 1/13 | num. successes: 0/10
2024-01-13 20:27:44,208 - INFO - [Restart 2] 2944) Best value: -7.48e+00 | TR length: 8.00e-01 | num. restarts: 0/13 | num. successes: 1/10
2024-01-13 20:27:44,961 - INFO - [Restart 2] 2948) Best value: -7.48e+00 | TR length: 8.00e-01 | num. restarts: 1/13 | num. successes: 0/10
2024-01-13 20:27:45,812 - INFO - [Restart 2] 2952) Best value: -7.42e+00 | TR length: 8.00e-01 | num. restarts: 0/13 | num. successes: 1/10
2024-01-13 20:27:46,335 - INFO - [Restart 2] 2956) Best value: -7.06e+00 | TR length: 8.00e-01 | num. restarts: 0/13 | num. successes: 2/10
2024-01-13 20:27:46,927 - INFO - [Restart 2] 2960) Best value: -7.06e+00 | TR length: 8.00e-01 | num. restarts: 1/13 | num. successes: 0/10
2024-01-13 20:27:47,351 - INFO - [Restart 2] 2964) Best value: -7.06e+00 | TR length: 8.00e-01 | num. restarts: 2/13 | num. successes: 0/10
2024-01-13 20:27:47,756 - INFO - [Restart 2] 2968) Best value: -6.96e+00 | TR length: 8.00e-01 | num. restarts: 0/13 | num. successes: 1/10
2024-01-13 20:27:48,143 - INFO - [Restart 2] 2972) Best value: -6.96e+00 | TR length: 8.00e-01 | num. restarts: 1/13 | num. successes: 0/10
2024-01-13 20:27:48,586 - INFO - [Restart 2] 2976) Best value: -6.96e+00 | TR length: 8.00e-01 | num. restarts: 2/13 | num. successes: 0/10
2024-01-13 20:27:48,950 - INFO - [Restart 2] 2980) Best value: -6.96e+00 | TR length: 8.00e-01 | num. restarts: 3/13 | num. successes: 0/10
2024-01-13 20:27:49,340 - INFO - [Restart 2] 2984) Best value: -6.96e+00 | TR length: 8.00e-01 | num. restarts: 4/13 | num. successes: 0/10
2024-01-13 20:27:49,692 - INFO - [Restart 2] 2988) Best value: -6.75e+00 | TR length: 8.00e-01 | num. restarts: 0/13 | num. successes: 1/10
2024-01-13 20:27:50,076 - INFO - [Restart 2] 2992) Best value: -6.75e+00 | TR length: 8.00e-01 | num. restarts: 1/13 | num. successes: 0/10
2024-01-13 20:27:50,447 - INFO - [Restart 2] 2996) Best value: -6.75e+00 | TR length: 8.00e-01 | num. restarts: 2/13 | num. successes: 0/10
2024-01-13 20:27:50,889 - INFO - [Restart 2] 3000) Best value: -6.19e+00 | TR length: 8.00e-01 | num. restarts: 0/13 | num. successes: 1/10
2024-01-13 20:27:50,889 - INFO - --------------------------------------------------
2024-01-13 20:27:50,890 - INFO - Best function value: -1.4527736457288403
2024-01-13 20:27:50,890 - INFO - Elapsed time: 297.05 seconds
