2024-01-13 20:27:55,563 - INFO - Start experiment with plain-TuRBO: turbo_levy50d_3000
2024-01-13 20:27:55,563 - INFO - ==================================================
2024-01-13 20:27:55,563 - INFO - Config:
2024-01-13 20:27:55,563 - INFO - obj_func: Levy()
2024-01-13 20:27:55,658 - INFO - bounds: tensor([[-10., -10., -10., -10., -10., -10., -10., -10., -10., -10., -10., -10.,
         -10., -10., -10., -10., -10., -10., -10., -10., -10., -10., -10., -10.,
         -10., -10., -10., -10., -10., -10., -10., -10., -10., -10., -10., -10.,
         -10., -10., -10., -10., -10., -10., -10., -10., -10., -10., -10., -10.,
         -10., -10.],
        [ 10.,  10.,  10.,  10.,  10.,  10.,  10.,  10.,  10.,  10.,  10.,  10.,
          10.,  10.,  10.,  10.,  10.,  10.,  10.,  10.,  10.,  10.,  10.,  10.,
          10.,  10.,  10.,  10.,  10.,  10.,  10.,  10.,  10.,  10.,  10.,  10.,
          10.,  10.,  10.,  10.,  10.,  10.,  10.,  10.,  10.,  10.,  10.,  10.,
          10.,  10.]], device='cuda:0', dtype=torch.float64)
2024-01-13 20:27:55,658 - INFO - batch_size: 4
2024-01-13 20:27:55,659 - INFO - n_init: 100
2024-01-13 20:27:55,659 - INFO - num_evals: 3000
2024-01-13 20:27:55,659 - INFO - seed: 0
2024-01-13 20:27:55,659 - INFO - acqf_func: ts
2024-01-13 20:27:55,659 - INFO - max_cholesky_size: inf
2024-01-13 20:27:55,659 - INFO - ==================================================
2024-01-13 20:27:56,226 - INFO - [Restart 0] 104) Best value: -3.34e+02 | TR length: 8.00e-01 | num. restarts: 0/13 | num. successes: 1/10
2024-01-13 20:27:56,607 - INFO - [Restart 0] 108) Best value: -3.11e+02 | TR length: 8.00e-01 | num. restarts: 0/13 | num. successes: 2/10
2024-01-13 20:27:57,169 - INFO - [Restart 0] 112) Best value: -3.11e+02 | TR length: 8.00e-01 | num. restarts: 1/13 | num. successes: 0/10
2024-01-13 20:27:57,659 - INFO - [Restart 0] 116) Best value: -3.11e+02 | TR length: 8.00e-01 | num. restarts: 2/13 | num. successes: 0/10
2024-01-13 20:27:58,361 - INFO - [Restart 0] 120) Best value: -3.11e+02 | TR length: 8.00e-01 | num. restarts: 3/13 | num. successes: 0/10
2024-01-13 20:27:58,858 - INFO - [Restart 0] 124) Best value: -3.07e+02 | TR length: 8.00e-01 | num. restarts: 0/13 | num. successes: 1/10
2024-01-13 20:27:59,480 - INFO - [Restart 0] 128) Best value: -2.96e+02 | TR length: 8.00e-01 | num. restarts: 0/13 | num. successes: 2/10
2024-01-13 20:27:59,824 - INFO - [Restart 0] 132) Best value: -2.96e+02 | TR length: 8.00e-01 | num. restarts: 1/13 | num. successes: 0/10
2024-01-13 20:28:00,240 - INFO - [Restart 0] 136) Best value: -2.91e+02 | TR length: 8.00e-01 | num. restarts: 0/13 | num. successes: 1/10
2024-01-13 20:28:00,710 - INFO - [Restart 0] 140) Best value: -2.91e+02 | TR length: 8.00e-01 | num. restarts: 1/13 | num. successes: 0/10
2024-01-13 20:28:01,277 - INFO - [Restart 0] 144) Best value: -2.39e+02 | TR length: 8.00e-01 | num. restarts: 0/13 | num. successes: 1/10
2024-01-13 20:28:01,996 - INFO - [Restart 0] 148) Best value: -2.39e+02 | TR length: 8.00e-01 | num. restarts: 1/13 | num. successes: 0/10
2024-01-13 20:28:02,759 - INFO - [Restart 0] 152) Best value: -2.39e+02 | TR length: 8.00e-01 | num. restarts: 2/13 | num. successes: 0/10
2024-01-13 20:28:03,231 - INFO - [Restart 0] 156) Best value: -2.39e+02 | TR length: 8.00e-01 | num. restarts: 3/13 | num. successes: 0/10
2024-01-13 20:28:04,356 - INFO - [Restart 0] 160) Best value: -2.39e+02 | TR length: 8.00e-01 | num. restarts: 4/13 | num. successes: 0/10
2024-01-13 20:28:04,864 - INFO - [Restart 0] 164) Best value: -2.39e+02 | TR length: 8.00e-01 | num. restarts: 5/13 | num. successes: 0/10
2024-01-13 20:28:05,364 - INFO - [Restart 0] 168) Best value: -2.39e+02 | TR length: 8.00e-01 | num. restarts: 6/13 | num. successes: 0/10
2024-01-13 20:28:05,924 - INFO - [Restart 0] 172) Best value: -2.39e+02 | TR length: 8.00e-01 | num. restarts: 7/13 | num. successes: 0/10
2024-01-13 20:28:06,505 - INFO - [Restart 0] 176) Best value: -1.78e+02 | TR length: 8.00e-01 | num. restarts: 0/13 | num. successes: 1/10
2024-01-13 20:28:07,010 - INFO - [Restart 0] 180) Best value: -1.78e+02 | TR length: 8.00e-01 | num. restarts: 1/13 | num. successes: 0/10
2024-01-13 20:28:07,416 - INFO - [Restart 0] 184) Best value: -1.78e+02 | TR length: 8.00e-01 | num. restarts: 2/13 | num. successes: 0/10
2024-01-13 20:28:08,141 - INFO - [Restart 0] 188) Best value: -1.78e+02 | TR length: 8.00e-01 | num. restarts: 3/13 | num. successes: 0/10
2024-01-13 20:28:09,277 - INFO - [Restart 0] 192) Best value: -1.78e+02 | TR length: 8.00e-01 | num. restarts: 4/13 | num. successes: 0/10
2024-01-13 20:28:10,347 - INFO - [Restart 0] 196) Best value: -1.78e+02 | TR length: 8.00e-01 | num. restarts: 5/13 | num. successes: 0/10
2024-01-13 20:28:11,085 - INFO - [Restart 0] 200) Best value: -1.76e+02 | TR length: 8.00e-01 | num. restarts: 0/13 | num. successes: 1/10
2024-01-13 20:28:12,189 - INFO - [Restart 0] 204) Best value: -1.76e+02 | TR length: 8.00e-01 | num. restarts: 1/13 | num. successes: 0/10
2024-01-13 20:28:13,320 - INFO - [Restart 0] 208) Best value: -1.76e+02 | TR length: 8.00e-01 | num. restarts: 0/13 | num. successes: 1/10
2024-01-13 20:28:14,326 - INFO - [Restart 0] 212) Best value: -1.76e+02 | TR length: 8.00e-01 | num. restarts: 1/13 | num. successes: 0/10
2024-01-13 20:28:15,111 - INFO - [Restart 0] 216) Best value: -1.76e+02 | TR length: 8.00e-01 | num. restarts: 2/13 | num. successes: 0/10
2024-01-13 20:28:15,657 - INFO - [Restart 0] 220) Best value: -1.76e+02 | TR length: 8.00e-01 | num. restarts: 3/13 | num. successes: 0/10
2024-01-13 20:28:16,336 - INFO - [Restart 0] 224) Best value: -1.69e+02 | TR length: 8.00e-01 | num. restarts: 0/13 | num. successes: 1/10
2024-01-13 20:28:16,819 - INFO - [Restart 0] 228) Best value: -1.69e+02 | TR length: 8.00e-01 | num. restarts: 1/13 | num. successes: 0/10
2024-01-13 20:28:17,424 - INFO - [Restart 0] 232) Best value: -1.25e+02 | TR length: 8.00e-01 | num. restarts: 0/13 | num. successes: 1/10
2024-01-13 20:28:17,993 - INFO - [Restart 0] 236) Best value: -1.25e+02 | TR length: 8.00e-01 | num. restarts: 1/13 | num. successes: 0/10
2024-01-13 20:28:18,527 - INFO - [Restart 0] 240) Best value: -1.25e+02 | TR length: 8.00e-01 | num. restarts: 2/13 | num. successes: 0/10
2024-01-13 20:28:19,013 - INFO - [Restart 0] 244) Best value: -1.25e+02 | TR length: 8.00e-01 | num. restarts: 3/13 | num. successes: 0/10
2024-01-13 20:28:19,490 - INFO - [Restart 0] 248) Best value: -1.18e+02 | TR length: 8.00e-01 | num. restarts: 0/13 | num. successes: 1/10
2024-01-13 20:28:20,013 - INFO - [Restart 0] 252) Best value: -1.18e+02 | TR length: 8.00e-01 | num. restarts: 1/13 | num. successes: 0/10
2024-01-13 20:28:20,427 - INFO - [Restart 0] 256) Best value: -1.18e+02 | TR length: 8.00e-01 | num. restarts: 2/13 | num. successes: 0/10
2024-01-13 20:28:21,194 - INFO - [Restart 0] 260) Best value: -1.18e+02 | TR length: 8.00e-01 | num. restarts: 3/13 | num. successes: 0/10
2024-01-13 20:28:21,941 - INFO - [Restart 0] 264) Best value: -1.18e+02 | TR length: 8.00e-01 | num. restarts: 4/13 | num. successes: 0/10
2024-01-13 20:28:22,699 - INFO - [Restart 0] 268) Best value: -1.18e+02 | TR length: 8.00e-01 | num. restarts: 5/13 | num. successes: 0/10
2024-01-13 20:28:23,470 - INFO - [Restart 0] 272) Best value: -1.18e+02 | TR length: 8.00e-01 | num. restarts: 6/13 | num. successes: 0/10
2024-01-13 20:28:24,257 - INFO - [Restart 0] 276) Best value: -1.18e+02 | TR length: 8.00e-01 | num. restarts: 7/13 | num. successes: 0/10
2024-01-13 20:28:25,251 - INFO - [Restart 0] 280) Best value: -1.18e+02 | TR length: 8.00e-01 | num. restarts: 8/13 | num. successes: 0/10
2024-01-13 20:28:26,268 - INFO - [Restart 0] 284) Best value: -1.18e+02 | TR length: 8.00e-01 | num. restarts: 9/13 | num. successes: 0/10
2024-01-13 20:28:27,119 - INFO - [Restart 0] 288) Best value: -1.18e+02 | TR length: 8.00e-01 | num. restarts: 10/13 | num. successes: 0/10
2024-01-13 20:28:27,755 - INFO - [Restart 0] 292) Best value: -1.18e+02 | TR length: 8.00e-01 | num. restarts: 11/13 | num. successes: 0/10
2024-01-13 20:28:28,374 - INFO - [Restart 0] 296) Best value: -1.18e+02 | TR length: 8.00e-01 | num. restarts: 12/13 | num. successes: 0/10
2024-01-13 20:28:29,022 - INFO - [Restart 0] 300) Best value: -1.11e+02 | TR length: 8.00e-01 | num. restarts: 0/13 | num. successes: 1/10
2024-01-13 20:28:29,769 - INFO - [Restart 0] 304) Best value: -1.11e+02 | TR length: 8.00e-01 | num. restarts: 1/13 | num. successes: 0/10
2024-01-13 20:28:30,284 - INFO - [Restart 0] 308) Best value: -1.11e+02 | TR length: 8.00e-01 | num. restarts: 2/13 | num. successes: 0/10
2024-01-13 20:28:30,996 - INFO - [Restart 0] 312) Best value: -1.11e+02 | TR length: 8.00e-01 | num. restarts: 0/13 | num. successes: 1/10
2024-01-13 20:28:31,529 - INFO - [Restart 0] 316) Best value: -1.11e+02 | TR length: 8.00e-01 | num. restarts: 1/13 | num. successes: 0/10
2024-01-13 20:28:32,216 - INFO - [Restart 0] 320) Best value: -1.11e+02 | TR length: 8.00e-01 | num. restarts: 2/13 | num. successes: 0/10
2024-01-13 20:28:32,781 - INFO - [Restart 0] 324) Best value: -1.04e+02 | TR length: 8.00e-01 | num. restarts: 0/13 | num. successes: 1/10
2024-01-13 20:28:33,348 - INFO - [Restart 0] 328) Best value: -1.04e+02 | TR length: 8.00e-01 | num. restarts: 1/13 | num. successes: 0/10
2024-01-13 20:28:34,003 - INFO - [Restart 0] 332) Best value: -9.55e+01 | TR length: 8.00e-01 | num. restarts: 0/13 | num. successes: 1/10
2024-01-13 20:28:34,748 - INFO - [Restart 0] 336) Best value: -9.55e+01 | TR length: 8.00e-01 | num. restarts: 1/13 | num. successes: 0/10
2024-01-13 20:28:35,253 - INFO - [Restart 0] 340) Best value: -9.55e+01 | TR length: 8.00e-01 | num. restarts: 2/13 | num. successes: 0/10
2024-01-13 20:28:35,702 - INFO - [Restart 0] 344) Best value: -9.55e+01 | TR length: 8.00e-01 | num. restarts: 3/13 | num. successes: 0/10
2024-01-13 20:28:36,107 - INFO - [Restart 0] 348) Best value: -9.55e+01 | TR length: 8.00e-01 | num. restarts: 4/13 | num. successes: 0/10
2024-01-13 20:28:36,615 - INFO - [Restart 0] 352) Best value: -9.55e+01 | TR length: 8.00e-01 | num. restarts: 5/13 | num. successes: 0/10
2024-01-13 20:28:37,005 - INFO - [Restart 0] 356) Best value: -9.55e+01 | TR length: 8.00e-01 | num. restarts: 6/13 | num. successes: 0/10
2024-01-13 20:28:37,564 - INFO - [Restart 0] 360) Best value: -9.55e+01 | TR length: 8.00e-01 | num. restarts: 7/13 | num. successes: 0/10
2024-01-13 20:28:38,121 - INFO - [Restart 0] 364) Best value: -9.55e+01 | TR length: 8.00e-01 | num. restarts: 8/13 | num. successes: 0/10
2024-01-13 20:28:38,878 - INFO - [Restart 0] 368) Best value: -9.55e+01 | TR length: 8.00e-01 | num. restarts: 9/13 | num. successes: 0/10
2024-01-13 20:28:39,356 - INFO - [Restart 0] 372) Best value: -9.55e+01 | TR length: 8.00e-01 | num. restarts: 10/13 | num. successes: 0/10
2024-01-13 20:28:39,832 - INFO - [Restart 0] 376) Best value: -9.55e+01 | TR length: 8.00e-01 | num. restarts: 11/13 | num. successes: 0/10
2024-01-13 20:28:40,474 - INFO - [Restart 0] 380) Best value: -9.55e+01 | TR length: 8.00e-01 | num. restarts: 12/13 | num. successes: 0/10
2024-01-13 20:28:41,382 - INFO - [Restart 0] 384) Best value: -8.99e+01 | TR length: 8.00e-01 | num. restarts: 0/13 | num. successes: 1/10
2024-01-13 20:28:42,008 - INFO - [Restart 0] 388) Best value: -8.99e+01 | TR length: 8.00e-01 | num. restarts: 1/13 | num. successes: 0/10
2024-01-13 20:28:42,496 - INFO - [Restart 0] 392) Best value: -8.99e+01 | TR length: 8.00e-01 | num. restarts: 2/13 | num. successes: 0/10
2024-01-13 20:28:43,142 - INFO - [Restart 0] 396) Best value: -8.01e+01 | TR length: 8.00e-01 | num. restarts: 0/13 | num. successes: 1/10
2024-01-13 20:28:43,756 - INFO - [Restart 0] 400) Best value: -8.01e+01 | TR length: 8.00e-01 | num. restarts: 1/13 | num. successes: 0/10
2024-01-13 20:28:44,254 - INFO - [Restart 0] 404) Best value: -8.01e+01 | TR length: 8.00e-01 | num. restarts: 2/13 | num. successes: 0/10
2024-01-13 20:28:44,978 - INFO - [Restart 0] 408) Best value: -8.01e+01 | TR length: 8.00e-01 | num. restarts: 3/13 | num. successes: 0/10
2024-01-13 20:28:45,772 - INFO - [Restart 0] 412) Best value: -8.01e+01 | TR length: 8.00e-01 | num. restarts: 4/13 | num. successes: 0/10
2024-01-13 20:28:46,372 - INFO - [Restart 0] 416) Best value: -8.01e+01 | TR length: 8.00e-01 | num. restarts: 5/13 | num. successes: 0/10
2024-01-13 20:28:47,077 - INFO - [Restart 0] 420) Best value: -8.01e+01 | TR length: 8.00e-01 | num. restarts: 6/13 | num. successes: 0/10
2024-01-13 20:28:47,708 - INFO - [Restart 0] 424) Best value: -8.01e+01 | TR length: 8.00e-01 | num. restarts: 7/13 | num. successes: 0/10
2024-01-13 20:28:48,544 - INFO - [Restart 0] 428) Best value: -8.01e+01 | TR length: 8.00e-01 | num. restarts: 8/13 | num. successes: 0/10
2024-01-13 20:28:49,513 - INFO - [Restart 0] 432) Best value: -8.01e+01 | TR length: 8.00e-01 | num. restarts: 9/13 | num. successes: 0/10
2024-01-13 20:28:50,210 - INFO - [Restart 0] 436) Best value: -8.01e+01 | TR length: 8.00e-01 | num. restarts: 10/13 | num. successes: 0/10
2024-01-13 20:28:50,737 - INFO - [Restart 0] 440) Best value: -7.44e+01 | TR length: 8.00e-01 | num. restarts: 0/13 | num. successes: 1/10
2024-01-13 20:28:51,371 - INFO - [Restart 0] 444) Best value: -7.44e+01 | TR length: 8.00e-01 | num. restarts: 1/13 | num. successes: 0/10
2024-01-13 20:28:51,981 - INFO - [Restart 0] 448) Best value: -7.44e+01 | TR length: 8.00e-01 | num. restarts: 2/13 | num. successes: 0/10
2024-01-13 20:28:52,511 - INFO - [Restart 0] 452) Best value: -7.44e+01 | TR length: 8.00e-01 | num. restarts: 3/13 | num. successes: 0/10
2024-01-13 20:28:53,213 - INFO - [Restart 0] 456) Best value: -7.44e+01 | TR length: 8.00e-01 | num. restarts: 4/13 | num. successes: 0/10
2024-01-13 20:28:54,217 - INFO - [Restart 0] 460) Best value: -7.44e+01 | TR length: 8.00e-01 | num. restarts: 5/13 | num. successes: 0/10
2024-01-13 20:28:54,812 - INFO - [Restart 0] 464) Best value: -7.44e+01 | TR length: 8.00e-01 | num. restarts: 6/13 | num. successes: 0/10
2024-01-13 20:28:55,166 - INFO - [Restart 0] 468) Best value: -7.44e+01 | TR length: 8.00e-01 | num. restarts: 7/13 | num. successes: 0/10
2024-01-13 20:28:55,581 - INFO - [Restart 0] 472) Best value: -7.44e+01 | TR length: 8.00e-01 | num. restarts: 8/13 | num. successes: 0/10
2024-01-13 20:28:56,090 - INFO - [Restart 0] 476) Best value: -7.44e+01 | TR length: 8.00e-01 | num. restarts: 9/13 | num. successes: 0/10
2024-01-13 20:28:56,576 - INFO - [Restart 0] 480) Best value: -7.44e+01 | TR length: 8.00e-01 | num. restarts: 10/13 | num. successes: 0/10
2024-01-13 20:28:57,021 - INFO - [Restart 0] 484) Best value: -7.44e+01 | TR length: 8.00e-01 | num. restarts: 11/13 | num. successes: 0/10
2024-01-13 20:28:57,378 - INFO - [Restart 0] 488) Best value: -7.44e+01 | TR length: 8.00e-01 | num. restarts: 12/13 | num. successes: 0/10
2024-01-13 20:28:57,773 - INFO - [Restart 0] 492) Best value: -7.44e+01 | TR length: 4.00e-01 | num. restarts: 0/13 | num. successes: 0/10
2024-01-13 20:28:58,218 - INFO - [Restart 0] 496) Best value: -5.37e+01 | TR length: 4.00e-01 | num. restarts: 0/13 | num. successes: 1/10
2024-01-13 20:28:58,635 - INFO - [Restart 0] 500) Best value: -5.37e+01 | TR length: 4.00e-01 | num. restarts: 1/13 | num. successes: 0/10
2024-01-13 20:28:58,982 - INFO - [Restart 0] 504) Best value: -5.24e+01 | TR length: 4.00e-01 | num. restarts: 0/13 | num. successes: 1/10
2024-01-13 20:28:59,294 - INFO - [Restart 0] 508) Best value: -5.24e+01 | TR length: 4.00e-01 | num. restarts: 1/13 | num. successes: 0/10
2024-01-13 20:28:59,664 - INFO - [Restart 0] 512) Best value: -4.84e+01 | TR length: 4.00e-01 | num. restarts: 0/13 | num. successes: 1/10
2024-01-13 20:29:00,032 - INFO - [Restart 0] 516) Best value: -4.84e+01 | TR length: 4.00e-01 | num. restarts: 1/13 | num. successes: 0/10
2024-01-13 20:29:00,388 - INFO - [Restart 0] 520) Best value: -4.84e+01 | TR length: 4.00e-01 | num. restarts: 2/13 | num. successes: 0/10
2024-01-13 20:29:00,821 - INFO - [Restart 0] 524) Best value: -4.77e+01 | TR length: 4.00e-01 | num. restarts: 0/13 | num. successes: 1/10
2024-01-13 20:29:01,178 - INFO - [Restart 0] 528) Best value: -4.77e+01 | TR length: 4.00e-01 | num. restarts: 1/13 | num. successes: 0/10
2024-01-13 20:29:01,537 - INFO - [Restart 0] 532) Best value: -4.77e+01 | TR length: 4.00e-01 | num. restarts: 2/13 | num. successes: 0/10
2024-01-13 20:29:01,871 - INFO - [Restart 0] 536) Best value: -4.77e+01 | TR length: 4.00e-01 | num. restarts: 3/13 | num. successes: 0/10
2024-01-13 20:29:02,284 - INFO - [Restart 0] 540) Best value: -4.77e+01 | TR length: 4.00e-01 | num. restarts: 4/13 | num. successes: 0/10
2024-01-13 20:29:02,794 - INFO - [Restart 0] 544) Best value: -3.98e+01 | TR length: 4.00e-01 | num. restarts: 0/13 | num. successes: 1/10
2024-01-13 20:29:03,051 - INFO - [Restart 0] 548) Best value: -3.98e+01 | TR length: 4.00e-01 | num. restarts: 1/13 | num. successes: 0/10
2024-01-13 20:29:03,371 - INFO - [Restart 0] 552) Best value: -3.98e+01 | TR length: 4.00e-01 | num. restarts: 2/13 | num. successes: 0/10
2024-01-13 20:29:03,687 - INFO - [Restart 0] 556) Best value: -3.98e+01 | TR length: 4.00e-01 | num. restarts: 3/13 | num. successes: 0/10
2024-01-13 20:29:04,008 - INFO - [Restart 0] 560) Best value: -3.98e+01 | TR length: 4.00e-01 | num. restarts: 4/13 | num. successes: 0/10
2024-01-13 20:29:04,398 - INFO - [Restart 0] 564) Best value: -3.98e+01 | TR length: 4.00e-01 | num. restarts: 5/13 | num. successes: 0/10
2024-01-13 20:29:04,717 - INFO - [Restart 0] 568) Best value: -3.98e+01 | TR length: 4.00e-01 | num. restarts: 6/13 | num. successes: 0/10
2024-01-13 20:29:05,105 - INFO - [Restart 0] 572) Best value: -3.98e+01 | TR length: 4.00e-01 | num. restarts: 7/13 | num. successes: 0/10
2024-01-13 20:29:05,398 - INFO - [Restart 0] 576) Best value: -3.94e+01 | TR length: 4.00e-01 | num. restarts: 0/13 | num. successes: 1/10
2024-01-13 20:29:05,865 - INFO - [Restart 0] 580) Best value: -3.94e+01 | TR length: 4.00e-01 | num. restarts: 1/13 | num. successes: 0/10
2024-01-13 20:29:06,178 - INFO - [Restart 0] 584) Best value: -3.94e+01 | TR length: 4.00e-01 | num. restarts: 2/13 | num. successes: 0/10
2024-01-13 20:29:06,516 - INFO - [Restart 0] 588) Best value: -3.94e+01 | TR length: 4.00e-01 | num. restarts: 3/13 | num. successes: 0/10
2024-01-13 20:29:07,013 - INFO - [Restart 0] 592) Best value: -3.72e+01 | TR length: 4.00e-01 | num. restarts: 0/13 | num. successes: 1/10
2024-01-13 20:29:07,476 - INFO - [Restart 0] 596) Best value: -3.72e+01 | TR length: 4.00e-01 | num. restarts: 1/13 | num. successes: 0/10
2024-01-13 20:29:07,849 - INFO - [Restart 0] 600) Best value: -2.80e+01 | TR length: 4.00e-01 | num. restarts: 0/13 | num. successes: 1/10
2024-01-13 20:29:08,219 - INFO - [Restart 0] 604) Best value: -2.80e+01 | TR length: 4.00e-01 | num. restarts: 1/13 | num. successes: 0/10
2024-01-13 20:29:08,694 - INFO - [Restart 0] 608) Best value: -2.80e+01 | TR length: 4.00e-01 | num. restarts: 2/13 | num. successes: 0/10
2024-01-13 20:29:09,075 - INFO - [Restart 0] 612) Best value: -2.80e+01 | TR length: 4.00e-01 | num. restarts: 3/13 | num. successes: 0/10
2024-01-13 20:29:09,479 - INFO - [Restart 0] 616) Best value: -2.80e+01 | TR length: 4.00e-01 | num. restarts: 4/13 | num. successes: 0/10
2024-01-13 20:29:09,868 - INFO - [Restart 0] 620) Best value: -2.80e+01 | TR length: 4.00e-01 | num. restarts: 5/13 | num. successes: 0/10
2024-01-13 20:29:10,284 - INFO - [Restart 0] 624) Best value: -2.80e+01 | TR length: 4.00e-01 | num. restarts: 6/13 | num. successes: 0/10
2024-01-13 20:29:10,619 - INFO - [Restart 0] 628) Best value: -2.71e+01 | TR length: 4.00e-01 | num. restarts: 0/13 | num. successes: 1/10
2024-01-13 20:29:11,041 - INFO - [Restart 0] 632) Best value: -2.71e+01 | TR length: 4.00e-01 | num. restarts: 1/13 | num. successes: 0/10
2024-01-13 20:29:11,405 - INFO - [Restart 0] 636) Best value: -2.71e+01 | TR length: 4.00e-01 | num. restarts: 2/13 | num. successes: 0/10
2024-01-13 20:29:11,801 - INFO - [Restart 0] 640) Best value: -2.71e+01 | TR length: 4.00e-01 | num. restarts: 3/13 | num. successes: 0/10
2024-01-13 20:29:12,105 - INFO - [Restart 0] 644) Best value: -2.71e+01 | TR length: 4.00e-01 | num. restarts: 4/13 | num. successes: 0/10
2024-01-13 20:29:12,560 - INFO - [Restart 0] 648) Best value: -2.71e+01 | TR length: 4.00e-01 | num. restarts: 5/13 | num. successes: 0/10
2024-01-13 20:29:13,082 - INFO - [Restart 0] 652) Best value: -2.69e+01 | TR length: 4.00e-01 | num. restarts: 0/13 | num. successes: 1/10
2024-01-13 20:29:13,427 - INFO - [Restart 0] 656) Best value: -2.69e+01 | TR length: 4.00e-01 | num. restarts: 1/13 | num. successes: 0/10
2024-01-13 20:29:13,789 - INFO - [Restart 0] 660) Best value: -2.69e+01 | TR length: 4.00e-01 | num. restarts: 2/13 | num. successes: 0/10
2024-01-13 20:29:14,306 - INFO - [Restart 0] 664) Best value: -2.69e+01 | TR length: 4.00e-01 | num. restarts: 3/13 | num. successes: 0/10
2024-01-13 20:29:14,773 - INFO - [Restart 0] 668) Best value: -2.69e+01 | TR length: 4.00e-01 | num. restarts: 4/13 | num. successes: 0/10
2024-01-13 20:29:15,199 - INFO - [Restart 0] 672) Best value: -2.69e+01 | TR length: 4.00e-01 | num. restarts: 5/13 | num. successes: 0/10
2024-01-13 20:29:15,558 - INFO - [Restart 0] 676) Best value: -2.69e+01 | TR length: 4.00e-01 | num. restarts: 6/13 | num. successes: 0/10
2024-01-13 20:29:15,966 - INFO - [Restart 0] 680) Best value: -2.69e+01 | TR length: 4.00e-01 | num. restarts: 7/13 | num. successes: 0/10
2024-01-13 20:29:16,529 - INFO - [Restart 0] 684) Best value: -2.69e+01 | TR length: 4.00e-01 | num. restarts: 8/13 | num. successes: 0/10
2024-01-13 20:29:16,984 - INFO - [Restart 0] 688) Best value: -2.69e+01 | TR length: 4.00e-01 | num. restarts: 9/13 | num. successes: 0/10
2024-01-13 20:29:17,335 - INFO - [Restart 0] 692) Best value: -2.69e+01 | TR length: 4.00e-01 | num. restarts: 10/13 | num. successes: 0/10
2024-01-13 20:29:17,729 - INFO - [Restart 0] 696) Best value: -2.69e+01 | TR length: 4.00e-01 | num. restarts: 11/13 | num. successes: 0/10
2024-01-13 20:29:18,102 - INFO - [Restart 0] 700) Best value: -2.69e+01 | TR length: 4.00e-01 | num. restarts: 12/13 | num. successes: 0/10
2024-01-13 20:29:18,459 - INFO - [Restart 0] 704) Best value: -2.69e+01 | TR length: 2.00e-01 | num. restarts: 0/13 | num. successes: 0/10
2024-01-13 20:29:19,050 - INFO - [Restart 0] 708) Best value: -2.63e+01 | TR length: 2.00e-01 | num. restarts: 0/13 | num. successes: 1/10
2024-01-13 20:29:19,593 - INFO - [Restart 0] 712) Best value: -2.25e+01 | TR length: 2.00e-01 | num. restarts: 0/13 | num. successes: 2/10
2024-01-13 20:29:20,081 - INFO - [Restart 0] 716) Best value: -2.03e+01 | TR length: 2.00e-01 | num. restarts: 0/13 | num. successes: 3/10
2024-01-13 20:29:20,611 - INFO - [Restart 0] 720) Best value: -2.03e+01 | TR length: 2.00e-01 | num. restarts: 1/13 | num. successes: 0/10
2024-01-13 20:29:21,164 - INFO - [Restart 0] 724) Best value: -2.03e+01 | TR length: 2.00e-01 | num. restarts: 2/13 | num. successes: 0/10
2024-01-13 20:29:21,638 - INFO - [Restart 0] 728) Best value: -2.03e+01 | TR length: 2.00e-01 | num. restarts: 3/13 | num. successes: 0/10
2024-01-13 20:29:22,042 - INFO - [Restart 0] 732) Best value: -1.94e+01 | TR length: 2.00e-01 | num. restarts: 0/13 | num. successes: 1/10
2024-01-13 20:29:22,478 - INFO - [Restart 0] 736) Best value: -1.94e+01 | TR length: 2.00e-01 | num. restarts: 1/13 | num. successes: 0/10
2024-01-13 20:29:22,855 - INFO - [Restart 0] 740) Best value: -1.94e+01 | TR length: 2.00e-01 | num. restarts: 2/13 | num. successes: 0/10
2024-01-13 20:29:23,261 - INFO - [Restart 0] 744) Best value: -1.94e+01 | TR length: 2.00e-01 | num. restarts: 0/13 | num. successes: 1/10
2024-01-13 20:29:23,706 - INFO - [Restart 0] 748) Best value: -1.94e+01 | TR length: 2.00e-01 | num. restarts: 1/13 | num. successes: 0/10
2024-01-13 20:29:24,078 - INFO - [Restart 0] 752) Best value: -1.93e+01 | TR length: 2.00e-01 | num. restarts: 0/13 | num. successes: 1/10
2024-01-13 20:29:24,562 - INFO - [Restart 0] 756) Best value: -1.64e+01 | TR length: 2.00e-01 | num. restarts: 0/13 | num. successes: 2/10
2024-01-13 20:29:25,048 - INFO - [Restart 0] 760) Best value: -1.59e+01 | TR length: 2.00e-01 | num. restarts: 0/13 | num. successes: 3/10
2024-01-13 20:29:25,485 - INFO - [Restart 0] 764) Best value: -1.59e+01 | TR length: 2.00e-01 | num. restarts: 1/13 | num. successes: 0/10
2024-01-13 20:29:25,974 - INFO - [Restart 0] 768) Best value: -1.51e+01 | TR length: 2.00e-01 | num. restarts: 0/13 | num. successes: 1/10
2024-01-13 20:29:26,435 - INFO - [Restart 0] 772) Best value: -1.36e+01 | TR length: 2.00e-01 | num. restarts: 0/13 | num. successes: 2/10
2024-01-13 20:29:26,901 - INFO - [Restart 0] 776) Best value: -1.36e+01 | TR length: 2.00e-01 | num. restarts: 1/13 | num. successes: 0/10
2024-01-13 20:29:27,424 - INFO - [Restart 0] 780) Best value: -1.36e+01 | TR length: 2.00e-01 | num. restarts: 2/13 | num. successes: 0/10
2024-01-13 20:29:27,869 - INFO - [Restart 0] 784) Best value: -1.36e+01 | TR length: 2.00e-01 | num. restarts: 3/13 | num. successes: 0/10
2024-01-13 20:29:28,304 - INFO - [Restart 0] 788) Best value: -1.36e+01 | TR length: 2.00e-01 | num. restarts: 4/13 | num. successes: 0/10
2024-01-13 20:29:28,803 - INFO - [Restart 0] 792) Best value: -1.20e+01 | TR length: 2.00e-01 | num. restarts: 0/13 | num. successes: 1/10
2024-01-13 20:29:29,316 - INFO - [Restart 0] 796) Best value: -1.20e+01 | TR length: 2.00e-01 | num. restarts: 1/13 | num. successes: 0/10
2024-01-13 20:29:29,876 - INFO - [Restart 0] 800) Best value: -1.20e+01 | TR length: 2.00e-01 | num. restarts: 2/13 | num. successes: 0/10
2024-01-13 20:29:30,406 - INFO - [Restart 0] 804) Best value: -1.20e+01 | TR length: 2.00e-01 | num. restarts: 3/13 | num. successes: 0/10
2024-01-13 20:29:30,864 - INFO - [Restart 0] 808) Best value: -1.10e+01 | TR length: 2.00e-01 | num. restarts: 0/13 | num. successes: 1/10
2024-01-13 20:29:31,314 - INFO - [Restart 0] 812) Best value: -1.10e+01 | TR length: 2.00e-01 | num. restarts: 1/13 | num. successes: 0/10
2024-01-13 20:29:31,739 - INFO - [Restart 0] 816) Best value: -1.10e+01 | TR length: 2.00e-01 | num. restarts: 2/13 | num. successes: 0/10
2024-01-13 20:29:32,144 - INFO - [Restart 0] 820) Best value: -1.10e+01 | TR length: 2.00e-01 | num. restarts: 3/13 | num. successes: 0/10
2024-01-13 20:29:32,632 - INFO - [Restart 0] 824) Best value: -1.10e+01 | TR length: 2.00e-01 | num. restarts: 4/13 | num. successes: 0/10
2024-01-13 20:29:33,103 - INFO - [Restart 0] 828) Best value: -1.10e+01 | TR length: 2.00e-01 | num. restarts: 5/13 | num. successes: 0/10
2024-01-13 20:29:33,559 - INFO - [Restart 0] 832) Best value: -1.10e+01 | TR length: 2.00e-01 | num. restarts: 6/13 | num. successes: 0/10
2024-01-13 20:29:34,042 - INFO - [Restart 0] 836) Best value: -1.03e+01 | TR length: 2.00e-01 | num. restarts: 0/13 | num. successes: 1/10
2024-01-13 20:29:34,397 - INFO - [Restart 0] 840) Best value: -1.03e+01 | TR length: 2.00e-01 | num. restarts: 1/13 | num. successes: 0/10
2024-01-13 20:29:34,958 - INFO - [Restart 0] 844) Best value: -1.03e+01 | TR length: 2.00e-01 | num. restarts: 2/13 | num. successes: 0/10
2024-01-13 20:29:35,447 - INFO - [Restart 0] 848) Best value: -1.03e+01 | TR length: 2.00e-01 | num. restarts: 3/13 | num. successes: 0/10
2024-01-13 20:29:35,925 - INFO - [Restart 0] 852) Best value: -1.03e+01 | TR length: 2.00e-01 | num. restarts: 4/13 | num. successes: 0/10
2024-01-13 20:29:36,597 - INFO - [Restart 0] 856) Best value: -1.03e+01 | TR length: 2.00e-01 | num. restarts: 5/13 | num. successes: 0/10
2024-01-13 20:29:37,140 - INFO - [Restart 0] 860) Best value: -1.03e+01 | TR length: 2.00e-01 | num. restarts: 6/13 | num. successes: 0/10
2024-01-13 20:29:37,836 - INFO - [Restart 0] 864) Best value: -8.92e+00 | TR length: 2.00e-01 | num. restarts: 0/13 | num. successes: 1/10
2024-01-13 20:29:38,414 - INFO - [Restart 0] 868) Best value: -8.85e+00 | TR length: 2.00e-01 | num. restarts: 0/13 | num. successes: 2/10
2024-01-13 20:29:38,998 - INFO - [Restart 0] 872) Best value: -8.85e+00 | TR length: 2.00e-01 | num. restarts: 1/13 | num. successes: 0/10
2024-01-13 20:29:39,497 - INFO - [Restart 0] 876) Best value: -8.85e+00 | TR length: 2.00e-01 | num. restarts: 2/13 | num. successes: 0/10
2024-01-13 20:29:40,079 - INFO - [Restart 0] 880) Best value: -8.85e+00 | TR length: 2.00e-01 | num. restarts: 3/13 | num. successes: 0/10
2024-01-13 20:29:40,546 - INFO - [Restart 0] 884) Best value: -8.85e+00 | TR length: 2.00e-01 | num. restarts: 4/13 | num. successes: 0/10
2024-01-13 20:29:41,197 - INFO - [Restart 0] 888) Best value: -8.85e+00 | TR length: 2.00e-01 | num. restarts: 5/13 | num. successes: 0/10
2024-01-13 20:29:41,804 - INFO - [Restart 0] 892) Best value: -8.85e+00 | TR length: 2.00e-01 | num. restarts: 6/13 | num. successes: 0/10
2024-01-13 20:29:42,635 - INFO - [Restart 0] 896) Best value: -8.85e+00 | TR length: 2.00e-01 | num. restarts: 7/13 | num. successes: 0/10
2024-01-13 20:29:43,209 - INFO - [Restart 0] 900) Best value: -8.85e+00 | TR length: 2.00e-01 | num. restarts: 8/13 | num. successes: 0/10
2024-01-13 20:29:43,696 - INFO - [Restart 0] 904) Best value: -8.85e+00 | TR length: 2.00e-01 | num. restarts: 9/13 | num. successes: 0/10
2024-01-13 20:29:44,407 - INFO - [Restart 0] 908) Best value: -8.85e+00 | TR length: 2.00e-01 | num. restarts: 10/13 | num. successes: 0/10
2024-01-13 20:29:44,873 - INFO - [Restart 0] 912) Best value: -8.85e+00 | TR length: 2.00e-01 | num. restarts: 11/13 | num. successes: 0/10
2024-01-13 20:29:45,584 - INFO - [Restart 0] 916) Best value: -8.85e+00 | TR length: 2.00e-01 | num. restarts: 12/13 | num. successes: 0/10
2024-01-13 20:29:46,187 - INFO - [Restart 0] 920) Best value: -8.54e+00 | TR length: 2.00e-01 | num. restarts: 0/13 | num. successes: 1/10
2024-01-13 20:29:46,845 - INFO - [Restart 0] 924) Best value: -8.54e+00 | TR length: 2.00e-01 | num. restarts: 1/13 | num. successes: 0/10
2024-01-13 20:29:47,531 - INFO - [Restart 0] 928) Best value: -8.54e+00 | TR length: 2.00e-01 | num. restarts: 2/13 | num. successes: 0/10
2024-01-13 20:29:48,123 - INFO - [Restart 0] 932) Best value: -8.54e+00 | TR length: 2.00e-01 | num. restarts: 3/13 | num. successes: 0/10
2024-01-13 20:29:48,924 - INFO - [Restart 0] 936) Best value: -8.54e+00 | TR length: 2.00e-01 | num. restarts: 4/13 | num. successes: 0/10
2024-01-13 20:29:49,583 - INFO - [Restart 0] 940) Best value: -8.54e+00 | TR length: 2.00e-01 | num. restarts: 5/13 | num. successes: 0/10
2024-01-13 20:29:50,257 - INFO - [Restart 0] 944) Best value: -8.54e+00 | TR length: 2.00e-01 | num. restarts: 6/13 | num. successes: 0/10
2024-01-13 20:29:50,720 - INFO - [Restart 0] 948) Best value: -8.54e+00 | TR length: 2.00e-01 | num. restarts: 7/13 | num. successes: 0/10
2024-01-13 20:29:51,335 - INFO - [Restart 0] 952) Best value: -8.54e+00 | TR length: 2.00e-01 | num. restarts: 8/13 | num. successes: 0/10
2024-01-13 20:29:51,818 - INFO - [Restart 0] 956) Best value: -8.18e+00 | TR length: 2.00e-01 | num. restarts: 0/13 | num. successes: 1/10
2024-01-13 20:29:52,381 - INFO - [Restart 0] 960) Best value: -8.18e+00 | TR length: 2.00e-01 | num. restarts: 1/13 | num. successes: 0/10
2024-01-13 20:29:53,186 - INFO - [Restart 0] 964) Best value: -8.18e+00 | TR length: 2.00e-01 | num. restarts: 2/13 | num. successes: 0/10
2024-01-13 20:29:53,872 - INFO - [Restart 0] 968) Best value: -8.18e+00 | TR length: 2.00e-01 | num. restarts: 3/13 | num. successes: 0/10
2024-01-13 20:29:54,352 - INFO - [Restart 0] 972) Best value: -8.18e+00 | TR length: 2.00e-01 | num. restarts: 4/13 | num. successes: 0/10
2024-01-13 20:29:54,822 - INFO - [Restart 0] 976) Best value: -8.18e+00 | TR length: 2.00e-01 | num. restarts: 5/13 | num. successes: 0/10
2024-01-13 20:29:55,260 - INFO - [Restart 0] 980) Best value: -8.18e+00 | TR length: 2.00e-01 | num. restarts: 6/13 | num. successes: 0/10
2024-01-13 20:29:55,841 - INFO - [Restart 0] 984) Best value: -7.93e+00 | TR length: 2.00e-01 | num. restarts: 0/13 | num. successes: 1/10
2024-01-13 20:29:56,377 - INFO - [Restart 0] 988) Best value: -7.54e+00 | TR length: 2.00e-01 | num. restarts: 0/13 | num. successes: 2/10
2024-01-13 20:29:56,907 - INFO - [Restart 0] 992) Best value: -7.54e+00 | TR length: 2.00e-01 | num. restarts: 1/13 | num. successes: 0/10
2024-01-13 20:29:57,414 - INFO - [Restart 0] 996) Best value: -7.54e+00 | TR length: 2.00e-01 | num. restarts: 2/13 | num. successes: 0/10
2024-01-13 20:29:58,225 - INFO - [Restart 0] 1000) Best value: -7.54e+00 | TR length: 2.00e-01 | num. restarts: 3/13 | num. successes: 0/10
2024-01-13 20:29:58,863 - INFO - [Restart 0] 1004) Best value: -7.54e+00 | TR length: 2.00e-01 | num. restarts: 4/13 | num. successes: 0/10
2024-01-13 20:29:59,815 - INFO - [Restart 0] 1008) Best value: -7.54e+00 | TR length: 2.00e-01 | num. restarts: 5/13 | num. successes: 0/10
2024-01-13 20:30:00,330 - INFO - [Restart 0] 1012) Best value: -7.54e+00 | TR length: 2.00e-01 | num. restarts: 6/13 | num. successes: 0/10
2024-01-13 20:30:00,825 - INFO - [Restart 0] 1016) Best value: -7.54e+00 | TR length: 2.00e-01 | num. restarts: 7/13 | num. successes: 0/10
2024-01-13 20:30:01,361 - INFO - [Restart 0] 1020) Best value: -7.54e+00 | TR length: 2.00e-01 | num. restarts: 8/13 | num. successes: 0/10
2024-01-13 20:30:02,206 - INFO - [Restart 0] 1024) Best value: -7.54e+00 | TR length: 2.00e-01 | num. restarts: 9/13 | num. successes: 0/10
2024-01-13 20:30:02,905 - INFO - [Restart 0] 1028) Best value: -7.54e+00 | TR length: 2.00e-01 | num. restarts: 10/13 | num. successes: 0/10
2024-01-13 20:30:03,518 - INFO - [Restart 0] 1032) Best value: -7.54e+00 | TR length: 2.00e-01 | num. restarts: 11/13 | num. successes: 0/10
2024-01-13 20:30:04,075 - INFO - [Restart 0] 1036) Best value: -6.31e+00 | TR length: 2.00e-01 | num. restarts: 0/13 | num. successes: 1/10
2024-01-13 20:30:04,650 - INFO - [Restart 0] 1040) Best value: -6.31e+00 | TR length: 2.00e-01 | num. restarts: 1/13 | num. successes: 0/10
2024-01-13 20:30:05,250 - INFO - [Restart 0] 1044) Best value: -6.26e+00 | TR length: 2.00e-01 | num. restarts: 0/13 | num. successes: 1/10
2024-01-13 20:30:06,128 - INFO - [Restart 0] 1048) Best value: -6.26e+00 | TR length: 2.00e-01 | num. restarts: 1/13 | num. successes: 0/10
2024-01-13 20:30:06,712 - INFO - [Restart 0] 1052) Best value: -5.77e+00 | TR length: 2.00e-01 | num. restarts: 0/13 | num. successes: 1/10
2024-01-13 20:30:07,233 - INFO - [Restart 0] 1056) Best value: -5.77e+00 | TR length: 2.00e-01 | num. restarts: 1/13 | num. successes: 0/10
2024-01-13 20:30:07,732 - INFO - [Restart 0] 1060) Best value: -5.77e+00 | TR length: 2.00e-01 | num. restarts: 2/13 | num. successes: 0/10
2024-01-13 20:30:08,432 - INFO - [Restart 0] 1064) Best value: -5.77e+00 | TR length: 2.00e-01 | num. restarts: 3/13 | num. successes: 0/10
2024-01-13 20:30:09,020 - INFO - [Restart 0] 1068) Best value: -5.77e+00 | TR length: 2.00e-01 | num. restarts: 4/13 | num. successes: 0/10
2024-01-13 20:30:09,581 - INFO - [Restart 0] 1072) Best value: -5.77e+00 | TR length: 2.00e-01 | num. restarts: 5/13 | num. successes: 0/10
2024-01-13 20:30:10,077 - INFO - [Restart 0] 1076) Best value: -5.77e+00 | TR length: 2.00e-01 | num. restarts: 6/13 | num. successes: 0/10
2024-01-13 20:30:10,641 - INFO - [Restart 0] 1080) Best value: -5.77e+00 | TR length: 2.00e-01 | num. restarts: 7/13 | num. successes: 0/10
2024-01-13 20:30:11,201 - INFO - [Restart 0] 1084) Best value: -5.77e+00 | TR length: 2.00e-01 | num. restarts: 8/13 | num. successes: 0/10
2024-01-13 20:30:11,870 - INFO - [Restart 0] 1088) Best value: -5.77e+00 | TR length: 2.00e-01 | num. restarts: 9/13 | num. successes: 0/10
2024-01-13 20:30:12,385 - INFO - [Restart 0] 1092) Best value: -4.92e+00 | TR length: 2.00e-01 | num. restarts: 0/13 | num. successes: 1/10
2024-01-13 20:30:12,945 - INFO - [Restart 0] 1096) Best value: -4.92e+00 | TR length: 2.00e-01 | num. restarts: 1/13 | num. successes: 0/10
2024-01-13 20:30:13,654 - INFO - [Restart 0] 1100) Best value: -4.92e+00 | TR length: 2.00e-01 | num. restarts: 2/13 | num. successes: 0/10
2024-01-13 20:30:14,665 - INFO - [Restart 0] 1104) Best value: -4.92e+00 | TR length: 2.00e-01 | num. restarts: 3/13 | num. successes: 0/10
2024-01-13 20:30:15,405 - INFO - [Restart 0] 1108) Best value: -4.92e+00 | TR length: 2.00e-01 | num. restarts: 4/13 | num. successes: 0/10
2024-01-13 20:30:16,348 - INFO - [Restart 0] 1112) Best value: -4.92e+00 | TR length: 2.00e-01 | num. restarts: 5/13 | num. successes: 0/10
2024-01-13 20:30:16,881 - INFO - [Restart 0] 1116) Best value: -4.92e+00 | TR length: 2.00e-01 | num. restarts: 6/13 | num. successes: 0/10
2024-01-13 20:30:17,393 - INFO - [Restart 0] 1120) Best value: -4.92e+00 | TR length: 2.00e-01 | num. restarts: 7/13 | num. successes: 0/10
2024-01-13 20:30:18,277 - INFO - [Restart 0] 1124) Best value: -4.92e+00 | TR length: 2.00e-01 | num. restarts: 8/13 | num. successes: 0/10
2024-01-13 20:30:18,857 - INFO - [Restart 0] 1128) Best value: -4.92e+00 | TR length: 2.00e-01 | num. restarts: 9/13 | num. successes: 0/10
2024-01-13 20:30:19,490 - INFO - [Restart 0] 1132) Best value: -4.92e+00 | TR length: 2.00e-01 | num. restarts: 10/13 | num. successes: 0/10
2024-01-13 20:30:20,274 - INFO - [Restart 0] 1136) Best value: -4.92e+00 | TR length: 2.00e-01 | num. restarts: 11/13 | num. successes: 0/10
2024-01-13 20:30:20,945 - INFO - [Restart 0] 1140) Best value: -4.92e+00 | TR length: 2.00e-01 | num. restarts: 12/13 | num. successes: 0/10
2024-01-13 20:30:21,589 - INFO - [Restart 0] 1144) Best value: -4.30e+00 | TR length: 2.00e-01 | num. restarts: 0/13 | num. successes: 1/10
2024-01-13 20:30:22,268 - INFO - [Restart 0] 1148) Best value: -4.30e+00 | TR length: 2.00e-01 | num. restarts: 1/13 | num. successes: 0/10
2024-01-13 20:30:22,978 - INFO - [Restart 0] 1152) Best value: -4.30e+00 | TR length: 2.00e-01 | num. restarts: 2/13 | num. successes: 0/10
2024-01-13 20:30:23,698 - INFO - [Restart 0] 1156) Best value: -4.30e+00 | TR length: 2.00e-01 | num. restarts: 3/13 | num. successes: 0/10
2024-01-13 20:30:24,341 - INFO - [Restart 0] 1160) Best value: -4.30e+00 | TR length: 2.00e-01 | num. restarts: 4/13 | num. successes: 0/10
2024-01-13 20:30:25,147 - INFO - [Restart 0] 1164) Best value: -4.30e+00 | TR length: 2.00e-01 | num. restarts: 5/13 | num. successes: 0/10
2024-01-13 20:30:25,813 - INFO - [Restart 0] 1168) Best value: -4.30e+00 | TR length: 2.00e-01 | num. restarts: 6/13 | num. successes: 0/10
2024-01-13 20:30:26,367 - INFO - [Restart 0] 1172) Best value: -4.30e+00 | TR length: 2.00e-01 | num. restarts: 7/13 | num. successes: 0/10
2024-01-13 20:30:27,073 - INFO - [Restart 0] 1176) Best value: -4.30e+00 | TR length: 2.00e-01 | num. restarts: 8/13 | num. successes: 0/10
2024-01-13 20:30:27,751 - INFO - [Restart 0] 1180) Best value: -4.30e+00 | TR length: 2.00e-01 | num. restarts: 9/13 | num. successes: 0/10
2024-01-13 20:30:28,476 - INFO - [Restart 0] 1184) Best value: -4.30e+00 | TR length: 2.00e-01 | num. restarts: 10/13 | num. successes: 0/10
2024-01-13 20:30:29,154 - INFO - [Restart 0] 1188) Best value: -4.30e+00 | TR length: 2.00e-01 | num. restarts: 11/13 | num. successes: 0/10
2024-01-13 20:30:29,827 - INFO - [Restart 0] 1192) Best value: -4.30e+00 | TR length: 2.00e-01 | num. restarts: 12/13 | num. successes: 0/10
2024-01-13 20:30:30,478 - INFO - [Restart 0] 1196) Best value: -4.30e+00 | TR length: 1.00e-01 | num. restarts: 0/13 | num. successes: 0/10
2024-01-13 20:30:31,159 - INFO - [Restart 0] 1200) Best value: -4.30e+00 | TR length: 1.00e-01 | num. restarts: 1/13 | num. successes: 0/10
2024-01-13 20:30:31,907 - INFO - [Restart 0] 1204) Best value: -4.30e+00 | TR length: 1.00e-01 | num. restarts: 2/13 | num. successes: 0/10
2024-01-13 20:30:32,701 - INFO - [Restart 0] 1208) Best value: -4.30e+00 | TR length: 1.00e-01 | num. restarts: 3/13 | num. successes: 0/10
2024-01-13 20:30:33,462 - INFO - [Restart 0] 1212) Best value: -4.30e+00 | TR length: 1.00e-01 | num. restarts: 4/13 | num. successes: 0/10
2024-01-13 20:30:34,112 - INFO - [Restart 0] 1216) Best value: -4.30e+00 | TR length: 1.00e-01 | num. restarts: 5/13 | num. successes: 0/10
2024-01-13 20:30:34,708 - INFO - [Restart 0] 1220) Best value: -4.04e+00 | TR length: 1.00e-01 | num. restarts: 0/13 | num. successes: 1/10
2024-01-13 20:30:35,367 - INFO - [Restart 0] 1224) Best value: -3.57e+00 | TR length: 1.00e-01 | num. restarts: 0/13 | num. successes: 2/10
2024-01-13 20:30:35,957 - INFO - [Restart 0] 1228) Best value: -3.57e+00 | TR length: 1.00e-01 | num. restarts: 1/13 | num. successes: 0/10
2024-01-13 20:30:36,696 - INFO - [Restart 0] 1232) Best value: -3.57e+00 | TR length: 1.00e-01 | num. restarts: 2/13 | num. successes: 0/10
2024-01-13 20:30:37,300 - INFO - [Restart 0] 1236) Best value: -2.95e+00 | TR length: 1.00e-01 | num. restarts: 0/13 | num. successes: 1/10
2024-01-13 20:30:38,050 - INFO - [Restart 0] 1240) Best value: -2.58e+00 | TR length: 1.00e-01 | num. restarts: 0/13 | num. successes: 2/10
2024-01-13 20:30:38,741 - INFO - [Restart 0] 1244) Best value: -2.58e+00 | TR length: 1.00e-01 | num. restarts: 1/13 | num. successes: 0/10
2024-01-13 20:30:39,503 - INFO - [Restart 0] 1248) Best value: -2.58e+00 | TR length: 1.00e-01 | num. restarts: 2/13 | num. successes: 0/10
2024-01-13 20:30:40,247 - INFO - [Restart 0] 1252) Best value: -2.58e+00 | TR length: 1.00e-01 | num. restarts: 3/13 | num. successes: 0/10
2024-01-13 20:30:41,078 - INFO - [Restart 0] 1256) Best value: -2.58e+00 | TR length: 1.00e-01 | num. restarts: 4/13 | num. successes: 0/10
2024-01-13 20:30:41,813 - INFO - [Restart 0] 1260) Best value: -2.58e+00 | TR length: 1.00e-01 | num. restarts: 5/13 | num. successes: 0/10
2024-01-13 20:30:42,543 - INFO - [Restart 0] 1264) Best value: -2.58e+00 | TR length: 1.00e-01 | num. restarts: 6/13 | num. successes: 0/10
2024-01-13 20:30:43,398 - INFO - [Restart 0] 1268) Best value: -2.46e+00 | TR length: 1.00e-01 | num. restarts: 0/13 | num. successes: 1/10
2024-01-13 20:30:44,209 - INFO - [Restart 0] 1272) Best value: -2.46e+00 | TR length: 1.00e-01 | num. restarts: 1/13 | num. successes: 0/10
2024-01-13 20:30:44,980 - INFO - [Restart 0] 1276) Best value: -2.46e+00 | TR length: 1.00e-01 | num. restarts: 2/13 | num. successes: 0/10
2024-01-13 20:30:45,799 - INFO - [Restart 0] 1280) Best value: -2.46e+00 | TR length: 1.00e-01 | num. restarts: 3/13 | num. successes: 0/10
2024-01-13 20:30:46,609 - INFO - [Restart 0] 1284) Best value: -2.46e+00 | TR length: 1.00e-01 | num. restarts: 4/13 | num. successes: 0/10
2024-01-13 20:30:47,399 - INFO - [Restart 0] 1288) Best value: -2.46e+00 | TR length: 1.00e-01 | num. restarts: 5/13 | num. successes: 0/10
2024-01-13 20:30:48,297 - INFO - [Restart 0] 1292) Best value: -2.46e+00 | TR length: 1.00e-01 | num. restarts: 6/13 | num. successes: 0/10
2024-01-13 20:30:49,196 - INFO - [Restart 0] 1296) Best value: -2.46e+00 | TR length: 1.00e-01 | num. restarts: 7/13 | num. successes: 0/10
2024-01-13 20:30:49,971 - INFO - [Restart 0] 1300) Best value: -2.46e+00 | TR length: 1.00e-01 | num. restarts: 8/13 | num. successes: 0/10
2024-01-13 20:30:50,582 - INFO - [Restart 0] 1304) Best value: -2.46e+00 | TR length: 1.00e-01 | num. restarts: 9/13 | num. successes: 0/10
2024-01-13 20:30:51,505 - INFO - [Restart 0] 1308) Best value: -2.46e+00 | TR length: 1.00e-01 | num. restarts: 10/13 | num. successes: 0/10
2024-01-13 20:30:52,348 - INFO - [Restart 0] 1312) Best value: -2.46e+00 | TR length: 1.00e-01 | num. restarts: 11/13 | num. successes: 0/10
2024-01-13 20:30:53,166 - INFO - [Restart 0] 1316) Best value: -2.46e+00 | TR length: 1.00e-01 | num. restarts: 12/13 | num. successes: 0/10
2024-01-13 20:30:54,037 - INFO - [Restart 0] 1320) Best value: -2.46e+00 | TR length: 5.00e-02 | num. restarts: 0/13 | num. successes: 0/10
2024-01-13 20:30:55,458 - INFO - [Restart 0] 1324) Best value: -2.08e+00 | TR length: 5.00e-02 | num. restarts: 0/13 | num. successes: 1/10
2024-01-13 20:30:56,443 - INFO - [Restart 0] 1328) Best value: -2.08e+00 | TR length: 5.00e-02 | num. restarts: 1/13 | num. successes: 0/10
2024-01-13 20:30:57,160 - INFO - [Restart 0] 1332) Best value: -2.08e+00 | TR length: 5.00e-02 | num. restarts: 2/13 | num. successes: 0/10
2024-01-13 20:30:58,008 - INFO - [Restart 0] 1336) Best value: -2.08e+00 | TR length: 5.00e-02 | num. restarts: 3/13 | num. successes: 0/10
2024-01-13 20:30:58,709 - INFO - [Restart 0] 1340) Best value: -2.08e+00 | TR length: 5.00e-02 | num. restarts: 4/13 | num. successes: 0/10
2024-01-13 20:30:59,367 - INFO - [Restart 0] 1344) Best value: -2.08e+00 | TR length: 5.00e-02 | num. restarts: 5/13 | num. successes: 0/10
2024-01-13 20:31:00,039 - INFO - [Restart 0] 1348) Best value: -2.08e+00 | TR length: 5.00e-02 | num. restarts: 6/13 | num. successes: 0/10
2024-01-13 20:31:00,975 - INFO - [Restart 0] 1352) Best value: -2.08e+00 | TR length: 5.00e-02 | num. restarts: 7/13 | num. successes: 0/10
2024-01-13 20:31:01,750 - INFO - [Restart 0] 1356) Best value: -2.08e+00 | TR length: 5.00e-02 | num. restarts: 8/13 | num. successes: 0/10
2024-01-13 20:31:02,523 - INFO - [Restart 0] 1360) Best value: -1.90e+00 | TR length: 5.00e-02 | num. restarts: 0/13 | num. successes: 1/10
2024-01-13 20:31:03,328 - INFO - [Restart 0] 1364) Best value: -1.90e+00 | TR length: 5.00e-02 | num. restarts: 1/13 | num. successes: 0/10
2024-01-13 20:31:04,242 - INFO - [Restart 0] 1368) Best value: -1.90e+00 | TR length: 5.00e-02 | num. restarts: 2/13 | num. successes: 0/10
2024-01-13 20:31:05,338 - INFO - [Restart 0] 1372) Best value: -1.90e+00 | TR length: 5.00e-02 | num. restarts: 3/13 | num. successes: 0/10
2024-01-13 20:31:06,201 - INFO - [Restart 0] 1376) Best value: -1.90e+00 | TR length: 5.00e-02 | num. restarts: 4/13 | num. successes: 0/10
2024-01-13 20:31:07,060 - INFO - [Restart 0] 1380) Best value: -1.90e+00 | TR length: 5.00e-02 | num. restarts: 5/13 | num. successes: 0/10
2024-01-13 20:31:08,018 - INFO - [Restart 0] 1384) Best value: -1.82e+00 | TR length: 5.00e-02 | num. restarts: 0/13 | num. successes: 1/10
2024-01-13 20:31:08,814 - INFO - [Restart 0] 1388) Best value: -1.82e+00 | TR length: 5.00e-02 | num. restarts: 1/13 | num. successes: 0/10
2024-01-13 20:31:09,479 - INFO - [Restart 0] 1392) Best value: -1.82e+00 | TR length: 5.00e-02 | num. restarts: 2/13 | num. successes: 0/10
2024-01-13 20:31:10,189 - INFO - [Restart 0] 1396) Best value: -1.82e+00 | TR length: 5.00e-02 | num. restarts: 0/13 | num. successes: 1/10
2024-01-13 20:31:11,245 - INFO - [Restart 0] 1400) Best value: -1.82e+00 | TR length: 5.00e-02 | num. restarts: 1/13 | num. successes: 0/10
2024-01-13 20:31:11,960 - INFO - [Restart 0] 1404) Best value: -1.82e+00 | TR length: 5.00e-02 | num. restarts: 2/13 | num. successes: 0/10
2024-01-13 20:31:12,780 - INFO - [Restart 0] 1408) Best value: -1.82e+00 | TR length: 5.00e-02 | num. restarts: 3/13 | num. successes: 0/10
2024-01-13 20:31:13,499 - INFO - [Restart 0] 1412) Best value: -1.82e+00 | TR length: 5.00e-02 | num. restarts: 4/13 | num. successes: 0/10
2024-01-13 20:31:14,420 - INFO - [Restart 0] 1416) Best value: -1.82e+00 | TR length: 5.00e-02 | num. restarts: 5/13 | num. successes: 0/10
2024-01-13 20:31:15,359 - INFO - [Restart 0] 1420) Best value: -1.77e+00 | TR length: 5.00e-02 | num. restarts: 0/13 | num. successes: 1/10
2024-01-13 20:31:16,245 - INFO - [Restart 0] 1424) Best value: -1.77e+00 | TR length: 5.00e-02 | num. restarts: 1/13 | num. successes: 0/10
2024-01-13 20:31:17,065 - INFO - [Restart 0] 1428) Best value: -1.77e+00 | TR length: 5.00e-02 | num. restarts: 2/13 | num. successes: 0/10
2024-01-13 20:31:17,845 - INFO - [Restart 0] 1432) Best value: -1.77e+00 | TR length: 5.00e-02 | num. restarts: 3/13 | num. successes: 0/10
2024-01-13 20:31:18,622 - INFO - [Restart 0] 1436) Best value: -1.77e+00 | TR length: 5.00e-02 | num. restarts: 4/13 | num. successes: 0/10
2024-01-13 20:31:19,919 - INFO - [Restart 0] 1440) Best value: -1.77e+00 | TR length: 5.00e-02 | num. restarts: 5/13 | num. successes: 0/10
2024-01-13 20:31:20,784 - INFO - [Restart 0] 1444) Best value: -1.77e+00 | TR length: 5.00e-02 | num. restarts: 6/13 | num. successes: 0/10
2024-01-13 20:31:21,646 - INFO - [Restart 0] 1448) Best value: -1.77e+00 | TR length: 5.00e-02 | num. restarts: 7/13 | num. successes: 0/10
2024-01-13 20:31:22,330 - INFO - [Restart 0] 1452) Best value: -1.77e+00 | TR length: 5.00e-02 | num. restarts: 8/13 | num. successes: 0/10
2024-01-13 20:31:23,339 - INFO - [Restart 0] 1456) Best value: -1.77e+00 | TR length: 5.00e-02 | num. restarts: 9/13 | num. successes: 0/10
2024-01-13 20:31:24,269 - INFO - [Restart 0] 1460) Best value: -1.69e+00 | TR length: 5.00e-02 | num. restarts: 0/13 | num. successes: 1/10
2024-01-13 20:31:25,177 - INFO - [Restart 0] 1464) Best value: -1.69e+00 | TR length: 5.00e-02 | num. restarts: 1/13 | num. successes: 0/10
2024-01-13 20:31:26,241 - INFO - [Restart 0] 1468) Best value: -1.69e+00 | TR length: 5.00e-02 | num. restarts: 2/13 | num. successes: 0/10
2024-01-13 20:31:27,227 - INFO - [Restart 0] 1472) Best value: -1.69e+00 | TR length: 5.00e-02 | num. restarts: 3/13 | num. successes: 0/10
2024-01-13 20:31:28,303 - INFO - [Restart 0] 1476) Best value: -1.69e+00 | TR length: 5.00e-02 | num. restarts: 4/13 | num. successes: 0/10
2024-01-13 20:31:29,285 - INFO - [Restart 0] 1480) Best value: -1.69e+00 | TR length: 5.00e-02 | num. restarts: 5/13 | num. successes: 0/10
2024-01-13 20:31:30,380 - INFO - [Restart 0] 1484) Best value: -1.69e+00 | TR length: 5.00e-02 | num. restarts: 6/13 | num. successes: 0/10
2024-01-13 20:31:31,812 - INFO - [Restart 0] 1488) Best value: -1.69e+00 | TR length: 5.00e-02 | num. restarts: 7/13 | num. successes: 0/10
2024-01-13 20:31:32,962 - INFO - [Restart 0] 1492) Best value: -1.69e+00 | TR length: 5.00e-02 | num. restarts: 8/13 | num. successes: 0/10
2024-01-13 20:31:34,089 - INFO - [Restart 0] 1496) Best value: -1.69e+00 | TR length: 5.00e-02 | num. restarts: 9/13 | num. successes: 0/10
2024-01-13 20:31:35,324 - INFO - [Restart 0] 1500) Best value: -1.69e+00 | TR length: 5.00e-02 | num. restarts: 10/13 | num. successes: 0/10
2024-01-13 20:31:36,494 - INFO - [Restart 0] 1504) Best value: -1.69e+00 | TR length: 5.00e-02 | num. restarts: 11/13 | num. successes: 0/10
2024-01-13 20:31:37,687 - INFO - [Restart 0] 1508) Best value: -1.69e+00 | TR length: 5.00e-02 | num. restarts: 12/13 | num. successes: 0/10
2024-01-13 20:31:38,836 - INFO - [Restart 0] 1512) Best value: -1.69e+00 | TR length: 2.50e-02 | num. restarts: 0/13 | num. successes: 0/10
2024-01-13 20:31:40,119 - INFO - [Restart 0] 1516) Best value: -1.64e+00 | TR length: 2.50e-02 | num. restarts: 0/13 | num. successes: 1/10
2024-01-13 20:31:41,444 - INFO - [Restart 0] 1520) Best value: -1.51e+00 | TR length: 2.50e-02 | num. restarts: 0/13 | num. successes: 2/10
2024-01-13 20:31:42,617 - INFO - [Restart 0] 1524) Best value: -1.44e+00 | TR length: 2.50e-02 | num. restarts: 0/13 | num. successes: 3/10
2024-01-13 20:31:43,683 - INFO - [Restart 0] 1528) Best value: -1.44e+00 | TR length: 2.50e-02 | num. restarts: 0/13 | num. successes: 4/10
2024-01-13 20:31:44,469 - INFO - [Restart 0] 1532) Best value: -1.44e+00 | TR length: 2.50e-02 | num. restarts: 1/13 | num. successes: 0/10
2024-01-13 20:31:45,410 - INFO - [Restart 0] 1536) Best value: -1.44e+00 | TR length: 2.50e-02 | num. restarts: 2/13 | num. successes: 0/10
2024-01-13 20:31:46,563 - INFO - [Restart 0] 1540) Best value: -1.42e+00 | TR length: 2.50e-02 | num. restarts: 0/13 | num. successes: 1/10
2024-01-13 20:31:47,675 - INFO - [Restart 0] 1544) Best value: -1.42e+00 | TR length: 2.50e-02 | num. restarts: 0/13 | num. successes: 2/10
2024-01-13 20:31:48,843 - INFO - [Restart 0] 1548) Best value: -1.42e+00 | TR length: 2.50e-02 | num. restarts: 1/13 | num. successes: 0/10
2024-01-13 20:31:49,989 - INFO - [Restart 0] 1552) Best value: -1.42e+00 | TR length: 2.50e-02 | num. restarts: 2/13 | num. successes: 0/10
2024-01-13 20:31:51,053 - INFO - [Restart 0] 1556) Best value: -1.42e+00 | TR length: 2.50e-02 | num. restarts: 3/13 | num. successes: 0/10
2024-01-13 20:31:52,164 - INFO - [Restart 0] 1560) Best value: -1.36e+00 | TR length: 2.50e-02 | num. restarts: 0/13 | num. successes: 1/10
2024-01-13 20:31:53,305 - INFO - [Restart 0] 1564) Best value: -1.36e+00 | TR length: 2.50e-02 | num. restarts: 1/13 | num. successes: 0/10
2024-01-13 20:31:54,382 - INFO - [Restart 0] 1568) Best value: -1.36e+00 | TR length: 2.50e-02 | num. restarts: 2/13 | num. successes: 0/10
2024-01-13 20:31:55,549 - INFO - [Restart 0] 1572) Best value: -1.36e+00 | TR length: 2.50e-02 | num. restarts: 3/13 | num. successes: 0/10
2024-01-13 20:31:56,742 - INFO - [Restart 0] 1576) Best value: -1.35e+00 | TR length: 2.50e-02 | num. restarts: 0/13 | num. successes: 1/10
2024-01-13 20:31:57,892 - INFO - [Restart 0] 1580) Best value: -1.35e+00 | TR length: 2.50e-02 | num. restarts: 1/13 | num. successes: 0/10
2024-01-13 20:31:59,095 - INFO - [Restart 0] 1584) Best value: -1.35e+00 | TR length: 2.50e-02 | num. restarts: 2/13 | num. successes: 0/10
2024-01-13 20:32:00,365 - INFO - [Restart 0] 1588) Best value: -1.35e+00 | TR length: 2.50e-02 | num. restarts: 3/13 | num. successes: 0/10
2024-01-13 20:32:01,486 - INFO - [Restart 0] 1592) Best value: -1.31e+00 | TR length: 2.50e-02 | num. restarts: 0/13 | num. successes: 1/10
2024-01-13 20:32:02,632 - INFO - [Restart 0] 1596) Best value: -1.31e+00 | TR length: 2.50e-02 | num. restarts: 1/13 | num. successes: 0/10
2024-01-13 20:32:03,762 - INFO - [Restart 0] 1600) Best value: -1.20e+00 | TR length: 2.50e-02 | num. restarts: 0/13 | num. successes: 1/10
2024-01-13 20:32:04,753 - INFO - [Restart 0] 1604) Best value: -1.20e+00 | TR length: 2.50e-02 | num. restarts: 1/13 | num. successes: 0/10
2024-01-13 20:32:05,744 - INFO - [Restart 0] 1608) Best value: -1.16e+00 | TR length: 2.50e-02 | num. restarts: 0/13 | num. successes: 1/10
2024-01-13 20:32:06,862 - INFO - [Restart 0] 1612) Best value: -1.16e+00 | TR length: 2.50e-02 | num. restarts: 1/13 | num. successes: 0/10
2024-01-13 20:32:08,042 - INFO - [Restart 0] 1616) Best value: -1.16e+00 | TR length: 2.50e-02 | num. restarts: 2/13 | num. successes: 0/10
2024-01-13 20:32:09,077 - INFO - [Restart 0] 1620) Best value: -1.08e+00 | TR length: 2.50e-02 | num. restarts: 0/13 | num. successes: 1/10
2024-01-13 20:32:10,375 - INFO - [Restart 0] 1624) Best value: -1.07e+00 | TR length: 2.50e-02 | num. restarts: 0/13 | num. successes: 2/10
2024-01-13 20:32:11,512 - INFO - [Restart 0] 1628) Best value: -1.07e+00 | TR length: 2.50e-02 | num. restarts: 1/13 | num. successes: 0/10
2024-01-13 20:32:12,904 - INFO - [Restart 0] 1632) Best value: -1.07e+00 | TR length: 2.50e-02 | num. restarts: 2/13 | num. successes: 0/10
2024-01-13 20:32:14,016 - INFO - [Restart 0] 1636) Best value: -1.07e+00 | TR length: 2.50e-02 | num. restarts: 3/13 | num. successes: 0/10
2024-01-13 20:32:15,309 - INFO - [Restart 0] 1640) Best value: -1.07e+00 | TR length: 2.50e-02 | num. restarts: 4/13 | num. successes: 0/10
2024-01-13 20:32:16,347 - INFO - [Restart 0] 1644) Best value: -1.07e+00 | TR length: 2.50e-02 | num. restarts: 0/13 | num. successes: 1/10
2024-01-13 20:32:17,496 - INFO - [Restart 0] 1648) Best value: -1.07e+00 | TR length: 2.50e-02 | num. restarts: 1/13 | num. successes: 0/10
2024-01-13 20:32:18,773 - INFO - [Restart 0] 1652) Best value: -1.07e+00 | TR length: 2.50e-02 | num. restarts: 2/13 | num. successes: 0/10
2024-01-13 20:32:20,039 - INFO - [Restart 0] 1656) Best value: -1.07e+00 | TR length: 2.50e-02 | num. restarts: 3/13 | num. successes: 0/10
2024-01-13 20:32:21,282 - INFO - [Restart 0] 1660) Best value: -1.02e+00 | TR length: 2.50e-02 | num. restarts: 0/13 | num. successes: 1/10
2024-01-13 20:32:22,598 - INFO - [Restart 0] 1664) Best value: -1.02e+00 | TR length: 2.50e-02 | num. restarts: 1/13 | num. successes: 0/10
2024-01-13 20:32:23,763 - INFO - [Restart 0] 1668) Best value: -1.02e+00 | TR length: 2.50e-02 | num. restarts: 2/13 | num. successes: 0/10
2024-01-13 20:32:24,651 - INFO - [Restart 0] 1672) Best value: -1.02e+00 | TR length: 2.50e-02 | num. restarts: 3/13 | num. successes: 0/10
2024-01-13 20:32:25,921 - INFO - [Restart 0] 1676) Best value: -9.67e-01 | TR length: 2.50e-02 | num. restarts: 0/13 | num. successes: 1/10
2024-01-13 20:32:27,023 - INFO - [Restart 0] 1680) Best value: -9.67e-01 | TR length: 2.50e-02 | num. restarts: 1/13 | num. successes: 0/10
2024-01-13 20:32:28,004 - INFO - [Restart 0] 1684) Best value: -9.56e-01 | TR length: 2.50e-02 | num. restarts: 0/13 | num. successes: 1/10
2024-01-13 20:32:29,319 - INFO - [Restart 0] 1688) Best value: -9.56e-01 | TR length: 2.50e-02 | num. restarts: 1/13 | num. successes: 0/10
2024-01-13 20:32:30,800 - INFO - [Restart 0] 1692) Best value: -9.56e-01 | TR length: 2.50e-02 | num. restarts: 2/13 | num. successes: 0/10
2024-01-13 20:32:32,147 - INFO - [Restart 0] 1696) Best value: -9.56e-01 | TR length: 2.50e-02 | num. restarts: 3/13 | num. successes: 0/10
2024-01-13 20:32:33,383 - INFO - [Restart 0] 1700) Best value: -9.42e-01 | TR length: 2.50e-02 | num. restarts: 0/13 | num. successes: 1/10
2024-01-13 20:32:34,658 - INFO - [Restart 0] 1704) Best value: -9.42e-01 | TR length: 2.50e-02 | num. restarts: 1/13 | num. successes: 0/10
2024-01-13 20:32:35,705 - INFO - [Restart 0] 1708) Best value: -9.42e-01 | TR length: 2.50e-02 | num. restarts: 2/13 | num. successes: 0/10
2024-01-13 20:32:37,085 - INFO - [Restart 0] 1712) Best value: -9.33e-01 | TR length: 2.50e-02 | num. restarts: 0/13 | num. successes: 1/10
2024-01-13 20:32:38,153 - INFO - [Restart 0] 1716) Best value: -9.33e-01 | TR length: 2.50e-02 | num. restarts: 1/13 | num. successes: 0/10
2024-01-13 20:32:39,349 - INFO - [Restart 0] 1720) Best value: -9.33e-01 | TR length: 2.50e-02 | num. restarts: 2/13 | num. successes: 0/10
2024-01-13 20:32:40,722 - INFO - [Restart 0] 1724) Best value: -8.81e-01 | TR length: 2.50e-02 | num. restarts: 0/13 | num. successes: 1/10
2024-01-13 20:32:42,193 - INFO - [Restart 0] 1728) Best value: -8.23e-01 | TR length: 2.50e-02 | num. restarts: 0/13 | num. successes: 2/10
2024-01-13 20:32:43,467 - INFO - [Restart 0] 1732) Best value: -8.15e-01 | TR length: 2.50e-02 | num. restarts: 0/13 | num. successes: 3/10
2024-01-13 20:32:44,972 - INFO - [Restart 0] 1736) Best value: -8.15e-01 | TR length: 2.50e-02 | num. restarts: 1/13 | num. successes: 0/10
2024-01-13 20:32:46,502 - INFO - [Restart 0] 1740) Best value: -8.15e-01 | TR length: 2.50e-02 | num. restarts: 2/13 | num. successes: 0/10
2024-01-13 20:32:47,742 - INFO - [Restart 0] 1744) Best value: -8.15e-01 | TR length: 2.50e-02 | num. restarts: 3/13 | num. successes: 0/10
2024-01-13 20:32:48,997 - INFO - [Restart 0] 1748) Best value: -8.15e-01 | TR length: 2.50e-02 | num. restarts: 4/13 | num. successes: 0/10
2024-01-13 20:32:50,435 - INFO - [Restart 0] 1752) Best value: -8.15e-01 | TR length: 2.50e-02 | num. restarts: 5/13 | num. successes: 0/10
2024-01-13 20:32:52,098 - INFO - [Restart 0] 1756) Best value: -8.13e-01 | TR length: 2.50e-02 | num. restarts: 0/13 | num. successes: 1/10
2024-01-13 20:32:53,529 - INFO - [Restart 0] 1760) Best value: -7.40e-01 | TR length: 2.50e-02 | num. restarts: 0/13 | num. successes: 2/10
2024-01-13 20:32:54,872 - INFO - [Restart 0] 1764) Best value: -7.40e-01 | TR length: 2.50e-02 | num. restarts: 1/13 | num. successes: 0/10
2024-01-13 20:32:56,251 - INFO - [Restart 0] 1768) Best value: -7.40e-01 | TR length: 2.50e-02 | num. restarts: 2/13 | num. successes: 0/10
2024-01-13 20:32:57,761 - INFO - [Restart 0] 1772) Best value: -7.40e-01 | TR length: 2.50e-02 | num. restarts: 3/13 | num. successes: 0/10
2024-01-13 20:32:59,270 - INFO - [Restart 0] 1776) Best value: -7.40e-01 | TR length: 2.50e-02 | num. restarts: 4/13 | num. successes: 0/10
2024-01-13 20:33:00,518 - INFO - [Restart 0] 1780) Best value: -7.40e-01 | TR length: 2.50e-02 | num. restarts: 5/13 | num. successes: 0/10
2024-01-13 20:33:02,191 - INFO - [Restart 0] 1784) Best value: -7.40e-01 | TR length: 2.50e-02 | num. restarts: 6/13 | num. successes: 0/10
2024-01-13 20:33:03,658 - INFO - [Restart 0] 1788) Best value: -7.40e-01 | TR length: 2.50e-02 | num. restarts: 7/13 | num. successes: 0/10
2024-01-13 20:33:05,394 - INFO - [Restart 0] 1792) Best value: -7.20e-01 | TR length: 2.50e-02 | num. restarts: 0/13 | num. successes: 1/10
2024-01-13 20:33:07,048 - INFO - [Restart 0] 1796) Best value: -7.20e-01 | TR length: 2.50e-02 | num. restarts: 1/13 | num. successes: 0/10
2024-01-13 20:33:08,500 - INFO - [Restart 0] 1800) Best value: -7.20e-01 | TR length: 2.50e-02 | num. restarts: 2/13 | num. successes: 0/10
2024-01-13 20:33:10,155 - INFO - [Restart 0] 1804) Best value: -7.13e-01 | TR length: 2.50e-02 | num. restarts: 0/13 | num. successes: 1/10
2024-01-13 20:33:11,837 - INFO - [Restart 0] 1808) Best value: -7.13e-01 | TR length: 2.50e-02 | num. restarts: 1/13 | num. successes: 0/10
2024-01-13 20:33:13,482 - INFO - [Restart 0] 1812) Best value: -7.13e-01 | TR length: 2.50e-02 | num. restarts: 2/13 | num. successes: 0/10
2024-01-13 20:33:15,328 - INFO - [Restart 0] 1816) Best value: -7.13e-01 | TR length: 2.50e-02 | num. restarts: 3/13 | num. successes: 0/10
2024-01-13 20:33:17,245 - INFO - [Restart 0] 1820) Best value: -7.13e-01 | TR length: 2.50e-02 | num. restarts: 4/13 | num. successes: 0/10
2024-01-13 20:33:18,903 - INFO - [Restart 0] 1824) Best value: -7.03e-01 | TR length: 2.50e-02 | num. restarts: 0/13 | num. successes: 1/10
2024-01-13 20:33:20,463 - INFO - [Restart 0] 1828) Best value: -7.03e-01 | TR length: 2.50e-02 | num. restarts: 1/13 | num. successes: 0/10
2024-01-13 20:33:22,218 - INFO - [Restart 0] 1832) Best value: -7.02e-01 | TR length: 2.50e-02 | num. restarts: 0/13 | num. successes: 1/10
2024-01-13 20:33:23,940 - INFO - [Restart 0] 1836) Best value: -7.02e-01 | TR length: 2.50e-02 | num. restarts: 1/13 | num. successes: 0/10
2024-01-13 20:33:25,990 - INFO - [Restart 0] 1840) Best value: -7.02e-01 | TR length: 2.50e-02 | num. restarts: 2/13 | num. successes: 0/10
2024-01-13 20:33:28,085 - INFO - [Restart 0] 1844) Best value: -7.02e-01 | TR length: 2.50e-02 | num. restarts: 3/13 | num. successes: 0/10
2024-01-13 20:33:30,211 - INFO - [Restart 0] 1848) Best value: -7.02e-01 | TR length: 2.50e-02 | num. restarts: 4/13 | num. successes: 0/10
2024-01-13 20:33:31,824 - INFO - [Restart 0] 1852) Best value: -7.02e-01 | TR length: 2.50e-02 | num. restarts: 5/13 | num. successes: 0/10
2024-01-13 20:33:34,044 - INFO - [Restart 0] 1856) Best value: -7.02e-01 | TR length: 2.50e-02 | num. restarts: 6/13 | num. successes: 0/10
2024-01-13 20:33:35,831 - INFO - [Restart 0] 1860) Best value: -7.02e-01 | TR length: 2.50e-02 | num. restarts: 7/13 | num. successes: 0/10
2024-01-13 20:33:37,747 - INFO - [Restart 0] 1864) Best value: -7.02e-01 | TR length: 2.50e-02 | num. restarts: 8/13 | num. successes: 0/10
2024-01-13 20:33:39,961 - INFO - [Restart 0] 1868) Best value: -7.02e-01 | TR length: 2.50e-02 | num. restarts: 9/13 | num. successes: 0/10
2024-01-13 20:33:41,898 - INFO - [Restart 0] 1872) Best value: -7.01e-01 | TR length: 2.50e-02 | num. restarts: 0/13 | num. successes: 1/10
2024-01-13 20:33:43,819 - INFO - [Restart 0] 1876) Best value: -6.79e-01 | TR length: 2.50e-02 | num. restarts: 0/13 | num. successes: 2/10
2024-01-13 20:33:46,025 - INFO - [Restart 0] 1880) Best value: -6.79e-01 | TR length: 2.50e-02 | num. restarts: 1/13 | num. successes: 0/10
2024-01-13 20:33:48,484 - INFO - [Restart 0] 1884) Best value: -6.79e-01 | TR length: 2.50e-02 | num. restarts: 2/13 | num. successes: 0/10
2024-01-13 20:33:50,713 - INFO - [Restart 0] 1888) Best value: -6.79e-01 | TR length: 2.50e-02 | num. restarts: 3/13 | num. successes: 0/10
2024-01-13 20:33:52,968 - INFO - [Restart 0] 1892) Best value: -6.79e-01 | TR length: 2.50e-02 | num. restarts: 4/13 | num. successes: 0/10
2024-01-13 20:33:55,246 - INFO - [Restart 0] 1896) Best value: -6.79e-01 | TR length: 2.50e-02 | num. restarts: 5/13 | num. successes: 0/10
2024-01-13 20:33:57,551 - INFO - [Restart 0] 1900) Best value: -6.79e-01 | TR length: 2.50e-02 | num. restarts: 6/13 | num. successes: 0/10
2024-01-13 20:33:59,792 - INFO - [Restart 0] 1904) Best value: -6.79e-01 | TR length: 2.50e-02 | num. restarts: 7/13 | num. successes: 0/10
2024-01-13 20:34:02,164 - INFO - [Restart 0] 1908) Best value: -6.79e-01 | TR length: 2.50e-02 | num. restarts: 8/13 | num. successes: 0/10
2024-01-13 20:34:04,673 - INFO - [Restart 0] 1912) Best value: -6.79e-01 | TR length: 2.50e-02 | num. restarts: 9/13 | num. successes: 0/10
2024-01-13 20:34:07,083 - INFO - [Restart 0] 1916) Best value: -6.79e-01 | TR length: 2.50e-02 | num. restarts: 10/13 | num. successes: 0/10
2024-01-13 20:34:09,312 - INFO - [Restart 0] 1920) Best value: -6.75e-01 | TR length: 2.50e-02 | num. restarts: 0/13 | num. successes: 1/10
2024-01-13 20:34:11,693 - INFO - [Restart 0] 1924) Best value: -6.73e-01 | TR length: 2.50e-02 | num. restarts: 0/13 | num. successes: 2/10
2024-01-13 20:34:13,857 - INFO - [Restart 0] 1928) Best value: -6.73e-01 | TR length: 2.50e-02 | num. restarts: 1/13 | num. successes: 0/10
2024-01-13 20:34:16,417 - INFO - [Restart 0] 1932) Best value: -6.55e-01 | TR length: 2.50e-02 | num. restarts: 0/13 | num. successes: 1/10
2024-01-13 20:34:18,833 - INFO - [Restart 0] 1936) Best value: -6.55e-01 | TR length: 2.50e-02 | num. restarts: 1/13 | num. successes: 0/10
2024-01-13 20:34:21,531 - INFO - [Restart 0] 1940) Best value: -6.55e-01 | TR length: 2.50e-02 | num. restarts: 2/13 | num. successes: 0/10
2024-01-13 20:34:24,654 - INFO - [Restart 0] 1944) Best value: -6.55e-01 | TR length: 2.50e-02 | num. restarts: 3/13 | num. successes: 0/10
2024-01-13 20:34:27,440 - INFO - [Restart 0] 1948) Best value: -6.55e-01 | TR length: 2.50e-02 | num. restarts: 4/13 | num. successes: 0/10
2024-01-13 20:34:30,020 - INFO - [Restart 0] 1952) Best value: -6.55e-01 | TR length: 2.50e-02 | num. restarts: 5/13 | num. successes: 0/10
2024-01-13 20:34:31,825 - INFO - [Restart 0] 1956) Best value: -6.55e-01 | TR length: 2.50e-02 | num. restarts: 6/13 | num. successes: 0/10
2024-01-13 20:34:33,898 - INFO - [Restart 0] 1960) Best value: -6.55e-01 | TR length: 2.50e-02 | num. restarts: 7/13 | num. successes: 0/10
2024-01-13 20:34:36,519 - INFO - [Restart 0] 1964) Best value: -6.38e-01 | TR length: 2.50e-02 | num. restarts: 0/13 | num. successes: 1/10
2024-01-13 20:34:39,351 - INFO - [Restart 0] 1968) Best value: -6.10e-01 | TR length: 2.50e-02 | num. restarts: 0/13 | num. successes: 2/10
2024-01-13 20:34:42,545 - INFO - [Restart 0] 1972) Best value: -6.10e-01 | TR length: 2.50e-02 | num. restarts: 1/13 | num. successes: 0/10
2024-01-13 20:34:45,088 - INFO - [Restart 0] 1976) Best value: -6.10e-01 | TR length: 2.50e-02 | num. restarts: 2/13 | num. successes: 0/10
2024-01-13 20:34:47,793 - INFO - [Restart 0] 1980) Best value: -6.10e-01 | TR length: 2.50e-02 | num. restarts: 3/13 | num. successes: 0/10
2024-01-13 20:34:50,828 - INFO - [Restart 0] 1984) Best value: -6.10e-01 | TR length: 2.50e-02 | num. restarts: 4/13 | num. successes: 0/10
2024-01-13 20:34:53,663 - INFO - [Restart 0] 1988) Best value: -5.98e-01 | TR length: 2.50e-02 | num. restarts: 0/13 | num. successes: 1/10
2024-01-13 20:34:56,731 - INFO - [Restart 0] 1992) Best value: -5.98e-01 | TR length: 2.50e-02 | num. restarts: 1/13 | num. successes: 0/10
2024-01-13 20:34:59,505 - INFO - [Restart 0] 1996) Best value: -5.98e-01 | TR length: 2.50e-02 | num. restarts: 2/13 | num. successes: 0/10
2024-01-13 20:35:02,346 - INFO - [Restart 0] 2000) Best value: -5.98e-01 | TR length: 2.50e-02 | num. restarts: 3/13 | num. successes: 0/10
2024-01-13 20:35:05,088 - INFO - [Restart 0] 2004) Best value: -5.98e-01 | TR length: 2.50e-02 | num. restarts: 4/13 | num. successes: 0/10
2024-01-13 20:35:08,025 - INFO - [Restart 0] 2008) Best value: -5.98e-01 | TR length: 2.50e-02 | num. restarts: 5/13 | num. successes: 0/10
2024-01-13 20:35:11,015 - INFO - [Restart 0] 2012) Best value: -5.98e-01 | TR length: 2.50e-02 | num. restarts: 6/13 | num. successes: 0/10
2024-01-13 20:35:14,346 - INFO - [Restart 0] 2016) Best value: -5.98e-01 | TR length: 2.50e-02 | num. restarts: 7/13 | num. successes: 0/10
2024-01-13 20:35:17,775 - INFO - [Restart 0] 2020) Best value: -5.98e-01 | TR length: 2.50e-02 | num. restarts: 8/13 | num. successes: 0/10
2024-01-13 20:35:20,447 - INFO - [Restart 0] 2024) Best value: -5.98e-01 | TR length: 2.50e-02 | num. restarts: 9/13 | num. successes: 0/10
2024-01-13 20:35:23,794 - INFO - [Restart 0] 2028) Best value: -5.98e-01 | TR length: 2.50e-02 | num. restarts: 10/13 | num. successes: 0/10
2024-01-13 20:35:27,425 - INFO - [Restart 0] 2032) Best value: -5.98e-01 | TR length: 2.50e-02 | num. restarts: 11/13 | num. successes: 0/10
2024-01-13 20:35:30,917 - INFO - [Restart 0] 2036) Best value: -5.98e-01 | TR length: 2.50e-02 | num. restarts: 12/13 | num. successes: 0/10
2024-01-13 20:35:34,537 - INFO - [Restart 0] 2040) Best value: -5.98e-01 | TR length: 1.25e-02 | num. restarts: 0/13 | num. successes: 0/10
2024-01-13 20:35:38,289 - INFO - [Restart 0] 2044) Best value: -5.75e-01 | TR length: 1.25e-02 | num. restarts: 0/13 | num. successes: 1/10
2024-01-13 20:35:43,377 - INFO - [Restart 0] 2048) Best value: -5.68e-01 | TR length: 1.25e-02 | num. restarts: 0/13 | num. successes: 2/10
2024-01-13 20:35:46,084 - INFO - [Restart 0] 2052) Best value: -5.68e-01 | TR length: 1.25e-02 | num. restarts: 1/13 | num. successes: 0/10
2024-01-13 20:35:49,583 - INFO - [Restart 0] 2056) Best value: -5.54e-01 | TR length: 1.25e-02 | num. restarts: 0/13 | num. successes: 1/10
2024-01-13 20:35:53,332 - INFO - [Restart 0] 2060) Best value: -5.51e-01 | TR length: 1.25e-02 | num. restarts: 0/13 | num. successes: 2/10
2024-01-13 20:35:56,754 - INFO - [Restart 0] 2064) Best value: -5.51e-01 | TR length: 1.25e-02 | num. restarts: 1/13 | num. successes: 0/10
2024-01-13 20:36:00,437 - INFO - [Restart 0] 2068) Best value: -5.40e-01 | TR length: 1.25e-02 | num. restarts: 0/13 | num. successes: 1/10
2024-01-13 20:36:04,461 - INFO - [Restart 0] 2072) Best value: -5.40e-01 | TR length: 1.25e-02 | num. restarts: 1/13 | num. successes: 0/10
2024-01-13 20:36:09,341 - INFO - [Restart 0] 2076) Best value: -5.40e-01 | TR length: 1.25e-02 | num. restarts: 2/13 | num. successes: 0/10
2024-01-13 20:36:14,032 - INFO - [Restart 0] 2080) Best value: -5.37e-01 | TR length: 1.25e-02 | num. restarts: 0/13 | num. successes: 1/10
2024-01-13 20:36:18,942 - INFO - [Restart 0] 2084) Best value: -5.37e-01 | TR length: 1.25e-02 | num. restarts: 1/13 | num. successes: 0/10
2024-01-13 20:36:22,910 - INFO - [Restart 0] 2088) Best value: -5.37e-01 | TR length: 1.25e-02 | num. restarts: 2/13 | num. successes: 0/10
2024-01-13 20:36:26,575 - INFO - [Restart 0] 2092) Best value: -5.36e-01 | TR length: 1.25e-02 | num. restarts: 0/13 | num. successes: 1/10
2024-01-13 20:36:31,913 - INFO - [Restart 0] 2096) Best value: -5.36e-01 | TR length: 1.25e-02 | num. restarts: 1/13 | num. successes: 0/10
2024-01-13 20:36:36,603 - INFO - [Restart 0] 2100) Best value: -5.31e-01 | TR length: 1.25e-02 | num. restarts: 0/13 | num. successes: 1/10
2024-01-13 20:36:41,797 - INFO - [Restart 0] 2104) Best value: -5.31e-01 | TR length: 1.25e-02 | num. restarts: 1/13 | num. successes: 0/10
2024-01-13 20:36:43,428 - INFO - [Restart 0] 2108) Best value: -5.21e-01 | TR length: 1.25e-02 | num. restarts: 0/13 | num. successes: 1/10
2024-01-13 20:36:45,602 - INFO - [Restart 0] 2112) Best value: -5.21e-01 | TR length: 1.25e-02 | num. restarts: 1/13 | num. successes: 0/10
2024-01-13 20:36:47,188 - INFO - [Restart 0] 2116) Best value: -5.21e-01 | TR length: 1.25e-02 | num. restarts: 2/13 | num. successes: 0/10
2024-01-13 20:36:49,459 - INFO - [Restart 0] 2120) Best value: -5.17e-01 | TR length: 1.25e-02 | num. restarts: 0/13 | num. successes: 1/10
2024-01-13 20:36:51,822 - INFO - [Restart 0] 2124) Best value: -5.17e-01 | TR length: 1.25e-02 | num. restarts: 1/13 | num. successes: 0/10
2024-01-13 20:36:54,287 - INFO - [Restart 0] 2128) Best value: -5.16e-01 | TR length: 1.25e-02 | num. restarts: 0/13 | num. successes: 1/10
2024-01-13 20:36:56,232 - INFO - [Restart 0] 2132) Best value: -5.16e-01 | TR length: 1.25e-02 | num. restarts: 1/13 | num. successes: 0/10
2024-01-13 20:36:58,218 - INFO - [Restart 0] 2136) Best value: -5.09e-01 | TR length: 1.25e-02 | num. restarts: 0/13 | num. successes: 1/10
2024-01-13 20:37:00,503 - INFO - [Restart 0] 2140) Best value: -5.09e-01 | TR length: 1.25e-02 | num. restarts: 1/13 | num. successes: 0/10
2024-01-13 20:37:02,352 - INFO - [Restart 0] 2144) Best value: -5.06e-01 | TR length: 1.25e-02 | num. restarts: 0/13 | num. successes: 1/10
2024-01-13 20:37:04,358 - INFO - [Restart 0] 2148) Best value: -5.06e-01 | TR length: 1.25e-02 | num. restarts: 1/13 | num. successes: 0/10
2024-01-13 20:37:06,791 - INFO - [Restart 0] 2152) Best value: -5.06e-01 | TR length: 1.25e-02 | num. restarts: 2/13 | num. successes: 0/10
2024-01-13 20:37:09,098 - INFO - [Restart 0] 2156) Best value: -5.04e-01 | TR length: 1.25e-02 | num. restarts: 0/13 | num. successes: 1/10
2024-01-13 20:37:11,266 - INFO - [Restart 0] 2160) Best value: -5.04e-01 | TR length: 1.25e-02 | num. restarts: 1/13 | num. successes: 0/10
2024-01-13 20:37:13,447 - INFO - [Restart 0] 2164) Best value: -5.04e-01 | TR length: 1.25e-02 | num. restarts: 2/13 | num. successes: 0/10
2024-01-13 20:37:15,748 - INFO - [Restart 0] 2168) Best value: -5.04e-01 | TR length: 1.25e-02 | num. restarts: 3/13 | num. successes: 0/10
2024-01-13 20:37:18,215 - INFO - [Restart 0] 2172) Best value: -5.04e-01 | TR length: 1.25e-02 | num. restarts: 4/13 | num. successes: 0/10
2024-01-13 20:37:20,776 - INFO - [Restart 0] 2176) Best value: -5.04e-01 | TR length: 1.25e-02 | num. restarts: 5/13 | num. successes: 0/10
2024-01-13 20:37:23,053 - INFO - [Restart 0] 2180) Best value: -5.04e-01 | TR length: 1.25e-02 | num. restarts: 6/13 | num. successes: 0/10
2024-01-13 20:37:25,569 - INFO - [Restart 0] 2184) Best value: -5.04e-01 | TR length: 1.25e-02 | num. restarts: 7/13 | num. successes: 0/10
2024-01-13 20:37:27,780 - INFO - [Restart 0] 2188) Best value: -5.04e-01 | TR length: 1.25e-02 | num. restarts: 8/13 | num. successes: 0/10
2024-01-13 20:37:30,410 - INFO - [Restart 0] 2192) Best value: -5.04e-01 | TR length: 1.25e-02 | num. restarts: 9/13 | num. successes: 0/10
2024-01-13 20:37:32,504 - INFO - [Restart 0] 2196) Best value: -5.04e-01 | TR length: 1.25e-02 | num. restarts: 10/13 | num. successes: 0/10
2024-01-13 20:37:34,606 - INFO - [Restart 0] 2200) Best value: -5.04e-01 | TR length: 1.25e-02 | num. restarts: 11/13 | num. successes: 0/10
2024-01-13 20:37:37,032 - INFO - [Restart 0] 2204) Best value: -5.04e-01 | TR length: 1.25e-02 | num. restarts: 12/13 | num. successes: 0/10
2024-01-13 20:37:38,573 - INFO - [Restart 0] 2208) Best value: -5.04e-01 | TR length: 6.25e-03 | num. restarts: 0/13 | num. successes: 0/10
2024-01-13 20:37:38,903 - INFO - [Restart 1] 2312) Best value: -4.08e+02 | TR length: 8.00e-01 | num. restarts: 0/13 | num. successes: 1/10
2024-01-13 20:37:39,521 - INFO - [Restart 1] 2316) Best value: -3.11e+02 | TR length: 8.00e-01 | num. restarts: 0/13 | num. successes: 2/10
2024-01-13 20:37:40,265 - INFO - [Restart 1] 2320) Best value: -3.09e+02 | TR length: 8.00e-01 | num. restarts: 0/13 | num. successes: 3/10
2024-01-13 20:37:41,401 - INFO - [Restart 1] 2324) Best value: -3.09e+02 | TR length: 8.00e-01 | num. restarts: 1/13 | num. successes: 0/10
2024-01-13 20:37:41,793 - INFO - [Restart 1] 2328) Best value: -3.09e+02 | TR length: 8.00e-01 | num. restarts: 2/13 | num. successes: 0/10
2024-01-13 20:37:42,197 - INFO - [Restart 1] 2332) Best value: -2.98e+02 | TR length: 8.00e-01 | num. restarts: 0/13 | num. successes: 1/10
2024-01-13 20:37:42,529 - INFO - [Restart 1] 2336) Best value: -2.98e+02 | TR length: 8.00e-01 | num. restarts: 1/13 | num. successes: 0/10
2024-01-13 20:37:42,915 - INFO - [Restart 1] 2340) Best value: -2.98e+02 | TR length: 8.00e-01 | num. restarts: 2/13 | num. successes: 0/10
2024-01-13 20:37:43,591 - INFO - [Restart 1] 2344) Best value: -2.98e+02 | TR length: 8.00e-01 | num. restarts: 3/13 | num. successes: 0/10
2024-01-13 20:37:44,033 - INFO - [Restart 1] 2348) Best value: -2.98e+02 | TR length: 8.00e-01 | num. restarts: 4/13 | num. successes: 0/10
2024-01-13 20:37:44,527 - INFO - [Restart 1] 2352) Best value: -2.90e+02 | TR length: 8.00e-01 | num. restarts: 0/13 | num. successes: 1/10
2024-01-13 20:37:45,071 - INFO - [Restart 1] 2356) Best value: -2.40e+02 | TR length: 8.00e-01 | num. restarts: 0/13 | num. successes: 2/10
2024-01-13 20:37:45,787 - INFO - [Restart 1] 2360) Best value: -2.29e+02 | TR length: 8.00e-01 | num. restarts: 0/13 | num. successes: 3/10
2024-01-13 20:37:46,408 - INFO - [Restart 1] 2364) Best value: -2.09e+02 | TR length: 8.00e-01 | num. restarts: 0/13 | num. successes: 4/10
2024-01-13 20:37:47,196 - INFO - [Restart 1] 2368) Best value: -2.09e+02 | TR length: 8.00e-01 | num. restarts: 1/13 | num. successes: 0/10
2024-01-13 20:37:47,730 - INFO - [Restart 1] 2372) Best value: -1.81e+02 | TR length: 8.00e-01 | num. restarts: 0/13 | num. successes: 1/10
2024-01-13 20:37:48,407 - INFO - [Restart 1] 2376) Best value: -1.81e+02 | TR length: 8.00e-01 | num. restarts: 1/13 | num. successes: 0/10
2024-01-13 20:37:49,005 - INFO - [Restart 1] 2380) Best value: -1.81e+02 | TR length: 8.00e-01 | num. restarts: 2/13 | num. successes: 0/10
2024-01-13 20:37:50,119 - INFO - [Restart 1] 2384) Best value: -1.81e+02 | TR length: 8.00e-01 | num. restarts: 3/13 | num. successes: 0/10
2024-01-13 20:37:51,150 - INFO - [Restart 1] 2388) Best value: -1.72e+02 | TR length: 8.00e-01 | num. restarts: 0/13 | num. successes: 1/10
2024-01-13 20:37:52,480 - INFO - [Restart 1] 2392) Best value: -1.72e+02 | TR length: 8.00e-01 | num. restarts: 1/13 | num. successes: 0/10
2024-01-13 20:37:53,268 - INFO - [Restart 1] 2396) Best value: -1.72e+02 | TR length: 8.00e-01 | num. restarts: 2/13 | num. successes: 0/10
2024-01-13 20:37:54,026 - INFO - [Restart 1] 2400) Best value: -1.72e+02 | TR length: 8.00e-01 | num. restarts: 3/13 | num. successes: 0/10
2024-01-13 20:37:55,435 - INFO - [Restart 1] 2404) Best value: -1.72e+02 | TR length: 8.00e-01 | num. restarts: 4/13 | num. successes: 0/10
2024-01-13 20:37:56,397 - INFO - [Restart 1] 2408) Best value: -1.72e+02 | TR length: 8.00e-01 | num. restarts: 5/13 | num. successes: 0/10
2024-01-13 20:37:57,508 - INFO - [Restart 1] 2412) Best value: -1.72e+02 | TR length: 8.00e-01 | num. restarts: 6/13 | num. successes: 0/10
2024-01-13 20:37:58,363 - INFO - [Restart 1] 2416) Best value: -1.72e+02 | TR length: 8.00e-01 | num. restarts: 7/13 | num. successes: 0/10
2024-01-13 20:37:58,965 - INFO - [Restart 1] 2420) Best value: -1.72e+02 | TR length: 8.00e-01 | num. restarts: 8/13 | num. successes: 0/10
2024-01-13 20:37:59,687 - INFO - [Restart 1] 2424) Best value: -1.72e+02 | TR length: 8.00e-01 | num. restarts: 9/13 | num. successes: 0/10
2024-01-13 20:38:00,706 - INFO - [Restart 1] 2428) Best value: -1.72e+02 | TR length: 8.00e-01 | num. restarts: 10/13 | num. successes: 0/10
2024-01-13 20:38:01,341 - INFO - [Restart 1] 2432) Best value: -1.56e+02 | TR length: 8.00e-01 | num. restarts: 0/13 | num. successes: 1/10
2024-01-13 20:38:01,965 - INFO - [Restart 1] 2436) Best value: -1.56e+02 | TR length: 8.00e-01 | num. restarts: 1/13 | num. successes: 0/10
2024-01-13 20:38:02,973 - INFO - [Restart 1] 2440) Best value: -1.56e+02 | TR length: 8.00e-01 | num. restarts: 2/13 | num. successes: 0/10
2024-01-13 20:38:04,144 - INFO - [Restart 1] 2444) Best value: -1.56e+02 | TR length: 8.00e-01 | num. restarts: 3/13 | num. successes: 0/10
2024-01-13 20:38:04,719 - INFO - [Restart 1] 2448) Best value: -1.56e+02 | TR length: 8.00e-01 | num. restarts: 4/13 | num. successes: 0/10
2024-01-13 20:38:05,466 - INFO - [Restart 1] 2452) Best value: -1.56e+02 | TR length: 8.00e-01 | num. restarts: 5/13 | num. successes: 0/10
2024-01-13 20:38:06,375 - INFO - [Restart 1] 2456) Best value: -1.56e+02 | TR length: 8.00e-01 | num. restarts: 6/13 | num. successes: 0/10
2024-01-13 20:38:07,570 - INFO - [Restart 1] 2460) Best value: -1.42e+02 | TR length: 8.00e-01 | num. restarts: 0/13 | num. successes: 1/10
2024-01-13 20:38:08,391 - INFO - [Restart 1] 2464) Best value: -1.42e+02 | TR length: 8.00e-01 | num. restarts: 1/13 | num. successes: 0/10
2024-01-13 20:38:09,734 - INFO - [Restart 1] 2468) Best value: -1.42e+02 | TR length: 8.00e-01 | num. restarts: 2/13 | num. successes: 0/10
2024-01-13 20:38:10,780 - INFO - [Restart 1] 2472) Best value: -1.42e+02 | TR length: 8.00e-01 | num. restarts: 3/13 | num. successes: 0/10
2024-01-13 20:38:11,568 - INFO - [Restart 1] 2476) Best value: -1.42e+02 | TR length: 8.00e-01 | num. restarts: 4/13 | num. successes: 0/10
2024-01-13 20:38:12,586 - INFO - [Restart 1] 2480) Best value: -1.42e+02 | TR length: 8.00e-01 | num. restarts: 5/13 | num. successes: 0/10
2024-01-13 20:38:13,231 - INFO - [Restart 1] 2484) Best value: -1.42e+02 | TR length: 8.00e-01 | num. restarts: 6/13 | num. successes: 0/10
2024-01-13 20:38:13,818 - INFO - [Restart 1] 2488) Best value: -1.42e+02 | TR length: 8.00e-01 | num. restarts: 7/13 | num. successes: 0/10
2024-01-13 20:38:15,083 - INFO - [Restart 1] 2492) Best value: -1.42e+02 | TR length: 8.00e-01 | num. restarts: 8/13 | num. successes: 0/10
2024-01-13 20:38:16,130 - INFO - [Restart 1] 2496) Best value: -1.42e+02 | TR length: 8.00e-01 | num. restarts: 9/13 | num. successes: 0/10
2024-01-13 20:38:17,047 - INFO - [Restart 1] 2500) Best value: -1.42e+02 | TR length: 8.00e-01 | num. restarts: 10/13 | num. successes: 0/10
2024-01-13 20:38:18,141 - INFO - [Restart 1] 2504) Best value: -1.42e+02 | TR length: 8.00e-01 | num. restarts: 11/13 | num. successes: 0/10
2024-01-13 20:38:19,425 - INFO - [Restart 1] 2508) Best value: -1.42e+02 | TR length: 8.00e-01 | num. restarts: 12/13 | num. successes: 0/10
2024-01-13 20:38:20,496 - INFO - [Restart 1] 2512) Best value: -1.42e+02 | TR length: 4.00e-01 | num. restarts: 0/13 | num. successes: 0/10
2024-01-13 20:38:21,473 - INFO - [Restart 1] 2516) Best value: -1.42e+02 | TR length: 4.00e-01 | num. restarts: 1/13 | num. successes: 0/10
2024-01-13 20:38:22,396 - INFO - [Restart 1] 2520) Best value: -1.42e+02 | TR length: 4.00e-01 | num. restarts: 2/13 | num. successes: 0/10
2024-01-13 20:38:23,336 - INFO - [Restart 1] 2524) Best value: -1.42e+02 | TR length: 4.00e-01 | num. restarts: 3/13 | num. successes: 0/10
2024-01-13 20:38:24,005 - INFO - [Restart 1] 2528) Best value: -1.42e+02 | TR length: 4.00e-01 | num. restarts: 4/13 | num. successes: 0/10
2024-01-13 20:38:24,657 - INFO - [Restart 1] 2532) Best value: -1.42e+02 | TR length: 4.00e-01 | num. restarts: 5/13 | num. successes: 0/10
2024-01-13 20:38:25,343 - INFO - [Restart 1] 2536) Best value: -1.42e+02 | TR length: 4.00e-01 | num. restarts: 6/13 | num. successes: 0/10
2024-01-13 20:38:26,151 - INFO - [Restart 1] 2540) Best value: -1.42e+02 | TR length: 4.00e-01 | num. restarts: 7/13 | num. successes: 0/10
2024-01-13 20:38:26,729 - INFO - [Restart 1] 2544) Best value: -1.42e+02 | TR length: 4.00e-01 | num. restarts: 8/13 | num. successes: 0/10
2024-01-13 20:38:27,688 - INFO - [Restart 1] 2548) Best value: -1.34e+02 | TR length: 4.00e-01 | num. restarts: 0/13 | num. successes: 1/10
2024-01-13 20:38:28,355 - INFO - [Restart 1] 2552) Best value: -1.34e+02 | TR length: 4.00e-01 | num. restarts: 1/13 | num. successes: 0/10
2024-01-13 20:38:29,220 - INFO - [Restart 1] 2556) Best value: -1.32e+02 | TR length: 4.00e-01 | num. restarts: 0/13 | num. successes: 1/10
2024-01-13 20:38:30,051 - INFO - [Restart 1] 2560) Best value: -1.32e+02 | TR length: 4.00e-01 | num. restarts: 1/13 | num. successes: 0/10
2024-01-13 20:38:30,626 - INFO - [Restart 1] 2564) Best value: -1.32e+02 | TR length: 4.00e-01 | num. restarts: 2/13 | num. successes: 0/10
2024-01-13 20:38:31,181 - INFO - [Restart 1] 2568) Best value: -1.30e+02 | TR length: 4.00e-01 | num. restarts: 0/13 | num. successes: 1/10
2024-01-13 20:38:31,759 - INFO - [Restart 1] 2572) Best value: -1.23e+02 | TR length: 4.00e-01 | num. restarts: 0/13 | num. successes: 2/10
2024-01-13 20:38:32,359 - INFO - [Restart 1] 2576) Best value: -1.23e+02 | TR length: 4.00e-01 | num. restarts: 1/13 | num. successes: 0/10
2024-01-13 20:38:33,081 - INFO - [Restart 1] 2580) Best value: -1.23e+02 | TR length: 4.00e-01 | num. restarts: 2/13 | num. successes: 0/10
2024-01-13 20:38:33,775 - INFO - [Restart 1] 2584) Best value: -1.19e+02 | TR length: 4.00e-01 | num. restarts: 0/13 | num. successes: 1/10
2024-01-13 20:38:34,594 - INFO - [Restart 1] 2588) Best value: -1.19e+02 | TR length: 4.00e-01 | num. restarts: 1/13 | num. successes: 0/10
2024-01-13 20:38:35,411 - INFO - [Restart 1] 2592) Best value: -1.19e+02 | TR length: 4.00e-01 | num. restarts: 2/13 | num. successes: 0/10
2024-01-13 20:38:36,461 - INFO - [Restart 1] 2596) Best value: -1.19e+02 | TR length: 4.00e-01 | num. restarts: 3/13 | num. successes: 0/10
2024-01-13 20:38:37,366 - INFO - [Restart 1] 2600) Best value: -1.19e+02 | TR length: 4.00e-01 | num. restarts: 4/13 | num. successes: 0/10
2024-01-13 20:38:38,381 - INFO - [Restart 1] 2604) Best value: -1.19e+02 | TR length: 4.00e-01 | num. restarts: 0/13 | num. successes: 1/10
2024-01-13 20:38:39,029 - INFO - [Restart 1] 2608) Best value: -1.19e+02 | TR length: 4.00e-01 | num. restarts: 1/13 | num. successes: 0/10
2024-01-13 20:38:40,169 - INFO - [Restart 1] 2612) Best value: -1.19e+02 | TR length: 4.00e-01 | num. restarts: 2/13 | num. successes: 0/10
2024-01-13 20:38:40,861 - INFO - [Restart 1] 2616) Best value: -1.19e+02 | TR length: 4.00e-01 | num. restarts: 3/13 | num. successes: 0/10
2024-01-13 20:38:41,460 - INFO - [Restart 1] 2620) Best value: -1.06e+02 | TR length: 4.00e-01 | num. restarts: 0/13 | num. successes: 1/10
2024-01-13 20:38:42,078 - INFO - [Restart 1] 2624) Best value: -1.06e+02 | TR length: 4.00e-01 | num. restarts: 1/13 | num. successes: 0/10
2024-01-13 20:38:42,878 - INFO - [Restart 1] 2628) Best value: -1.06e+02 | TR length: 4.00e-01 | num. restarts: 2/13 | num. successes: 0/10
2024-01-13 20:38:43,506 - INFO - [Restart 1] 2632) Best value: -1.06e+02 | TR length: 4.00e-01 | num. restarts: 3/13 | num. successes: 0/10
2024-01-13 20:38:44,164 - INFO - [Restart 1] 2636) Best value: -1.03e+02 | TR length: 4.00e-01 | num. restarts: 0/13 | num. successes: 1/10
2024-01-13 20:38:44,689 - INFO - [Restart 1] 2640) Best value: -8.95e+01 | TR length: 4.00e-01 | num. restarts: 0/13 | num. successes: 2/10
2024-01-13 20:38:45,553 - INFO - [Restart 1] 2644) Best value: -8.95e+01 | TR length: 4.00e-01 | num. restarts: 1/13 | num. successes: 0/10
2024-01-13 20:38:46,136 - INFO - [Restart 1] 2648) Best value: -8.95e+01 | TR length: 4.00e-01 | num. restarts: 2/13 | num. successes: 0/10
2024-01-13 20:38:46,844 - INFO - [Restart 1] 2652) Best value: -8.95e+01 | TR length: 4.00e-01 | num. restarts: 3/13 | num. successes: 0/10
2024-01-13 20:38:47,511 - INFO - [Restart 1] 2656) Best value: -8.80e+01 | TR length: 4.00e-01 | num. restarts: 0/13 | num. successes: 1/10
2024-01-13 20:38:48,098 - INFO - [Restart 1] 2660) Best value: -8.80e+01 | TR length: 4.00e-01 | num. restarts: 1/13 | num. successes: 0/10
2024-01-13 20:38:48,628 - INFO - [Restart 1] 2664) Best value: -8.80e+01 | TR length: 4.00e-01 | num. restarts: 2/13 | num. successes: 0/10
2024-01-13 20:38:49,450 - INFO - [Restart 1] 2668) Best value: -7.48e+01 | TR length: 4.00e-01 | num. restarts: 0/13 | num. successes: 1/10
2024-01-13 20:38:50,010 - INFO - [Restart 1] 2672) Best value: -7.48e+01 | TR length: 4.00e-01 | num. restarts: 1/13 | num. successes: 0/10
2024-01-13 20:38:50,896 - INFO - [Restart 1] 2676) Best value: -7.48e+01 | TR length: 4.00e-01 | num. restarts: 2/13 | num. successes: 0/10
2024-01-13 20:38:51,656 - INFO - [Restart 1] 2680) Best value: -7.48e+01 | TR length: 4.00e-01 | num. restarts: 3/13 | num. successes: 0/10
2024-01-13 20:38:52,121 - INFO - [Restart 1] 2684) Best value: -6.73e+01 | TR length: 4.00e-01 | num. restarts: 0/13 | num. successes: 1/10
2024-01-13 20:38:52,710 - INFO - [Restart 1] 2688) Best value: -6.73e+01 | TR length: 4.00e-01 | num. restarts: 1/13 | num. successes: 0/10
2024-01-13 20:38:53,570 - INFO - [Restart 1] 2692) Best value: -6.73e+01 | TR length: 4.00e-01 | num. restarts: 2/13 | num. successes: 0/10
2024-01-13 20:38:54,162 - INFO - [Restart 1] 2696) Best value: -6.73e+01 | TR length: 4.00e-01 | num. restarts: 3/13 | num. successes: 0/10
2024-01-13 20:38:54,838 - INFO - [Restart 1] 2700) Best value: -6.73e+01 | TR length: 4.00e-01 | num. restarts: 4/13 | num. successes: 0/10
2024-01-13 20:38:55,521 - INFO - [Restart 1] 2704) Best value: -6.73e+01 | TR length: 4.00e-01 | num. restarts: 5/13 | num. successes: 0/10
2024-01-13 20:38:56,123 - INFO - [Restart 1] 2708) Best value: -6.73e+01 | TR length: 4.00e-01 | num. restarts: 6/13 | num. successes: 0/10
2024-01-13 20:38:56,668 - INFO - [Restart 1] 2712) Best value: -6.73e+01 | TR length: 4.00e-01 | num. restarts: 7/13 | num. successes: 0/10
2024-01-13 20:38:57,367 - INFO - [Restart 1] 2716) Best value: -6.73e+01 | TR length: 4.00e-01 | num. restarts: 8/13 | num. successes: 0/10
2024-01-13 20:38:57,870 - INFO - [Restart 1] 2720) Best value: -6.73e+01 | TR length: 4.00e-01 | num. restarts: 9/13 | num. successes: 0/10
2024-01-13 20:38:58,729 - INFO - [Restart 1] 2724) Best value: -6.73e+01 | TR length: 4.00e-01 | num. restarts: 10/13 | num. successes: 0/10
2024-01-13 20:38:59,263 - INFO - [Restart 1] 2728) Best value: -6.73e+01 | TR length: 4.00e-01 | num. restarts: 11/13 | num. successes: 0/10
2024-01-13 20:38:59,806 - INFO - [Restart 1] 2732) Best value: -6.73e+01 | TR length: 4.00e-01 | num. restarts: 12/13 | num. successes: 0/10
2024-01-13 20:39:00,377 - INFO - [Restart 1] 2736) Best value: -6.73e+01 | TR length: 2.00e-01 | num. restarts: 0/13 | num. successes: 0/10
2024-01-13 20:39:00,876 - INFO - [Restart 1] 2740) Best value: -6.50e+01 | TR length: 2.00e-01 | num. restarts: 0/13 | num. successes: 1/10
2024-01-13 20:39:01,424 - INFO - [Restart 1] 2744) Best value: -6.46e+01 | TR length: 2.00e-01 | num. restarts: 0/13 | num. successes: 2/10
2024-01-13 20:39:02,123 - INFO - [Restart 1] 2748) Best value: -6.46e+01 | TR length: 2.00e-01 | num. restarts: 1/13 | num. successes: 0/10
2024-01-13 20:39:02,735 - INFO - [Restart 1] 2752) Best value: -6.46e+01 | TR length: 2.00e-01 | num. restarts: 2/13 | num. successes: 0/10
2024-01-13 20:39:03,236 - INFO - [Restart 1] 2756) Best value: -6.46e+01 | TR length: 2.00e-01 | num. restarts: 3/13 | num. successes: 0/10
2024-01-13 20:39:03,861 - INFO - [Restart 1] 2760) Best value: -6.21e+01 | TR length: 2.00e-01 | num. restarts: 0/13 | num. successes: 1/10
2024-01-13 20:39:04,524 - INFO - [Restart 1] 2764) Best value: -5.34e+01 | TR length: 2.00e-01 | num. restarts: 0/13 | num. successes: 2/10
2024-01-13 20:39:05,095 - INFO - [Restart 1] 2768) Best value: -5.34e+01 | TR length: 2.00e-01 | num. restarts: 1/13 | num. successes: 0/10
2024-01-13 20:39:05,744 - INFO - [Restart 1] 2772) Best value: -4.78e+01 | TR length: 2.00e-01 | num. restarts: 0/13 | num. successes: 1/10
2024-01-13 20:39:06,396 - INFO - [Restart 1] 2776) Best value: -4.78e+01 | TR length: 2.00e-01 | num. restarts: 1/13 | num. successes: 0/10
2024-01-13 20:39:06,872 - INFO - [Restart 1] 2780) Best value: -4.78e+01 | TR length: 2.00e-01 | num. restarts: 2/13 | num. successes: 0/10
2024-01-13 20:39:07,423 - INFO - [Restart 1] 2784) Best value: -4.64e+01 | TR length: 2.00e-01 | num. restarts: 0/13 | num. successes: 1/10
2024-01-13 20:39:07,949 - INFO - [Restart 1] 2788) Best value: -4.64e+01 | TR length: 2.00e-01 | num. restarts: 1/13 | num. successes: 0/10
2024-01-13 20:39:08,541 - INFO - [Restart 1] 2792) Best value: -4.64e+01 | TR length: 2.00e-01 | num. restarts: 2/13 | num. successes: 0/10
2024-01-13 20:39:09,011 - INFO - [Restart 1] 2796) Best value: -4.57e+01 | TR length: 2.00e-01 | num. restarts: 0/13 | num. successes: 1/10
2024-01-13 20:39:09,453 - INFO - [Restart 1] 2800) Best value: -4.57e+01 | TR length: 2.00e-01 | num. restarts: 1/13 | num. successes: 0/10
2024-01-13 20:39:09,994 - INFO - [Restart 1] 2804) Best value: -4.57e+01 | TR length: 2.00e-01 | num. restarts: 2/13 | num. successes: 0/10
2024-01-13 20:39:10,621 - INFO - [Restart 1] 2808) Best value: -4.57e+01 | TR length: 2.00e-01 | num. restarts: 3/13 | num. successes: 0/10
2024-01-13 20:39:11,323 - INFO - [Restart 1] 2812) Best value: -4.57e+01 | TR length: 2.00e-01 | num. restarts: 4/13 | num. successes: 0/10
2024-01-13 20:39:11,895 - INFO - [Restart 1] 2816) Best value: -4.57e+01 | TR length: 2.00e-01 | num. restarts: 5/13 | num. successes: 0/10
2024-01-13 20:39:12,531 - INFO - [Restart 1] 2820) Best value: -4.57e+01 | TR length: 2.00e-01 | num. restarts: 6/13 | num. successes: 0/10
2024-01-13 20:39:13,199 - INFO - [Restart 1] 2824) Best value: -4.57e+01 | TR length: 2.00e-01 | num. restarts: 7/13 | num. successes: 0/10
2024-01-13 20:39:13,755 - INFO - [Restart 1] 2828) Best value: -4.57e+01 | TR length: 2.00e-01 | num. restarts: 8/13 | num. successes: 0/10
2024-01-13 20:39:14,246 - INFO - [Restart 1] 2832) Best value: -4.57e+01 | TR length: 2.00e-01 | num. restarts: 9/13 | num. successes: 0/10
2024-01-13 20:39:14,829 - INFO - [Restart 1] 2836) Best value: -4.57e+01 | TR length: 2.00e-01 | num. restarts: 10/13 | num. successes: 0/10
2024-01-13 20:39:15,381 - INFO - [Restart 1] 2840) Best value: -4.57e+01 | TR length: 2.00e-01 | num. restarts: 11/13 | num. successes: 0/10
2024-01-13 20:39:15,958 - INFO - [Restart 1] 2844) Best value: -4.57e+01 | TR length: 2.00e-01 | num. restarts: 12/13 | num. successes: 0/10
2024-01-13 20:39:16,492 - INFO - [Restart 1] 2848) Best value: -4.57e+01 | TR length: 1.00e-01 | num. restarts: 0/13 | num. successes: 0/10
2024-01-13 20:39:17,049 - INFO - [Restart 1] 2852) Best value: -4.36e+01 | TR length: 1.00e-01 | num. restarts: 0/13 | num. successes: 1/10
2024-01-13 20:39:17,656 - INFO - [Restart 1] 2856) Best value: -4.36e+01 | TR length: 1.00e-01 | num. restarts: 1/13 | num. successes: 0/10
2024-01-13 20:39:18,264 - INFO - [Restart 1] 2860) Best value: -3.95e+01 | TR length: 1.00e-01 | num. restarts: 0/13 | num. successes: 1/10
2024-01-13 20:39:18,817 - INFO - [Restart 1] 2864) Best value: -3.93e+01 | TR length: 1.00e-01 | num. restarts: 0/13 | num. successes: 2/10
2024-01-13 20:39:19,383 - INFO - [Restart 1] 2868) Best value: -3.93e+01 | TR length: 1.00e-01 | num. restarts: 1/13 | num. successes: 0/10
2024-01-13 20:39:20,040 - INFO - [Restart 1] 2872) Best value: -3.72e+01 | TR length: 1.00e-01 | num. restarts: 0/13 | num. successes: 1/10
2024-01-13 20:39:20,725 - INFO - [Restart 1] 2876) Best value: -3.72e+01 | TR length: 1.00e-01 | num. restarts: 1/13 | num. successes: 0/10
2024-01-13 20:39:21,402 - INFO - [Restart 1] 2880) Best value: -3.72e+01 | TR length: 1.00e-01 | num. restarts: 2/13 | num. successes: 0/10
2024-01-13 20:39:22,235 - INFO - [Restart 1] 2884) Best value: -3.49e+01 | TR length: 1.00e-01 | num. restarts: 0/13 | num. successes: 1/10
2024-01-13 20:39:22,864 - INFO - [Restart 1] 2888) Best value: -3.49e+01 | TR length: 1.00e-01 | num. restarts: 1/13 | num. successes: 0/10
2024-01-13 20:39:23,464 - INFO - [Restart 1] 2892) Best value: -3.49e+01 | TR length: 1.00e-01 | num. restarts: 2/13 | num. successes: 0/10
2024-01-13 20:39:24,147 - INFO - [Restart 1] 2896) Best value: -3.49e+01 | TR length: 1.00e-01 | num. restarts: 3/13 | num. successes: 0/10
2024-01-13 20:39:24,724 - INFO - [Restart 1] 2900) Best value: -3.49e+01 | TR length: 1.00e-01 | num. restarts: 4/13 | num. successes: 0/10
2024-01-13 20:39:25,293 - INFO - [Restart 1] 2904) Best value: -3.49e+01 | TR length: 1.00e-01 | num. restarts: 5/13 | num. successes: 0/10
2024-01-13 20:39:25,898 - INFO - [Restart 1] 2908) Best value: -3.49e+01 | TR length: 1.00e-01 | num. restarts: 6/13 | num. successes: 0/10
2024-01-13 20:39:26,444 - INFO - [Restart 1] 2912) Best value: -3.49e+01 | TR length: 1.00e-01 | num. restarts: 7/13 | num. successes: 0/10
2024-01-13 20:39:27,257 - INFO - [Restart 1] 2916) Best value: -3.49e+01 | TR length: 1.00e-01 | num. restarts: 8/13 | num. successes: 0/10
2024-01-13 20:39:28,153 - INFO - [Restart 1] 2920) Best value: -3.47e+01 | TR length: 1.00e-01 | num. restarts: 0/13 | num. successes: 1/10
2024-01-13 20:39:28,947 - INFO - [Restart 1] 2924) Best value: -3.47e+01 | TR length: 1.00e-01 | num. restarts: 1/13 | num. successes: 0/10
2024-01-13 20:39:29,593 - INFO - [Restart 1] 2928) Best value: -3.47e+01 | TR length: 1.00e-01 | num. restarts: 2/13 | num. successes: 0/10
2024-01-13 20:39:30,222 - INFO - [Restart 1] 2932) Best value: -3.47e+01 | TR length: 1.00e-01 | num. restarts: 3/13 | num. successes: 0/10
2024-01-13 20:39:30,867 - INFO - [Restart 1] 2936) Best value: -3.23e+01 | TR length: 1.00e-01 | num. restarts: 0/13 | num. successes: 1/10
2024-01-13 20:39:31,536 - INFO - [Restart 1] 2940) Best value: -3.23e+01 | TR length: 1.00e-01 | num. restarts: 1/13 | num. successes: 0/10
2024-01-13 20:39:32,187 - INFO - [Restart 1] 2944) Best value: -3.23e+01 | TR length: 1.00e-01 | num. restarts: 2/13 | num. successes: 0/10
2024-01-13 20:39:32,800 - INFO - [Restart 1] 2948) Best value: -3.09e+01 | TR length: 1.00e-01 | num. restarts: 0/13 | num. successes: 1/10
2024-01-13 20:39:33,452 - INFO - [Restart 1] 2952) Best value: -3.09e+01 | TR length: 1.00e-01 | num. restarts: 1/13 | num. successes: 0/10
2024-01-13 20:39:34,021 - INFO - [Restart 1] 2956) Best value: -3.09e+01 | TR length: 1.00e-01 | num. restarts: 2/13 | num. successes: 0/10
2024-01-13 20:39:34,627 - INFO - [Restart 1] 2960) Best value: -3.09e+01 | TR length: 1.00e-01 | num. restarts: 3/13 | num. successes: 0/10
2024-01-13 20:39:35,198 - INFO - [Restart 1] 2964) Best value: -3.09e+01 | TR length: 1.00e-01 | num. restarts: 4/13 | num. successes: 0/10
2024-01-13 20:39:35,765 - INFO - [Restart 1] 2968) Best value: -3.09e+01 | TR length: 1.00e-01 | num. restarts: 5/13 | num. successes: 0/10
2024-01-13 20:39:36,331 - INFO - [Restart 1] 2972) Best value: -3.09e+01 | TR length: 1.00e-01 | num. restarts: 6/13 | num. successes: 0/10
2024-01-13 20:39:36,976 - INFO - [Restart 1] 2976) Best value: -2.99e+01 | TR length: 1.00e-01 | num. restarts: 0/13 | num. successes: 1/10
2024-01-13 20:39:37,530 - INFO - [Restart 1] 2980) Best value: -2.96e+01 | TR length: 1.00e-01 | num. restarts: 0/13 | num. successes: 2/10
2024-01-13 20:39:38,418 - INFO - [Restart 1] 2984) Best value: -2.96e+01 | TR length: 1.00e-01 | num. restarts: 1/13 | num. successes: 0/10
2024-01-13 20:39:39,319 - INFO - [Restart 1] 2988) Best value: -2.96e+01 | TR length: 1.00e-01 | num. restarts: 2/13 | num. successes: 0/10
2024-01-13 20:39:40,025 - INFO - [Restart 1] 2992) Best value: -2.89e+01 | TR length: 1.00e-01 | num. restarts: 0/13 | num. successes: 1/10
2024-01-13 20:39:40,739 - INFO - [Restart 1] 2996) Best value: -2.89e+01 | TR length: 1.00e-01 | num. restarts: 0/13 | num. successes: 2/10
2024-01-13 20:39:41,471 - INFO - [Restart 1] 3000) Best value: -2.89e+01 | TR length: 1.00e-01 | num. restarts: 1/13 | num. successes: 0/10
2024-01-13 20:39:41,472 - INFO - --------------------------------------------------
2024-01-13 20:39:41,472 - INFO - Best function value: -0.5043206071141791
2024-01-13 20:39:41,472 - INFO - Elapsed time: 705.81 seconds
