2024-01-13 20:39:46,071 - INFO - Start experiment with plain-TuRBO: turbo_rosenbrock50d_3000
2024-01-13 20:39:46,071 - INFO - ==================================================
2024-01-13 20:39:46,072 - INFO - Config:
2024-01-13 20:39:46,072 - INFO - obj_func: Rosenbrock()
2024-01-13 20:39:46,172 - INFO - bounds: tensor([[-9., -9., -9., -9., -9., -9., -9., -9., -9., -9., -9., -9., -9., -9.,
         -9., -9., -9., -9., -9., -9., -9., -9., -9., -9., -9., -9., -9., -9.,
         -9., -9., -9., -9., -9., -9., -9., -9., -9., -9., -9., -9., -9., -9.,
         -9., -9., -9., -9., -9., -9., -9., -9.],
        [10., 10., 10., 10., 10., 10., 10., 10., 10., 10., 10., 10., 10., 10.,
         10., 10., 10., 10., 10., 10., 10., 10., 10., 10., 10., 10., 10., 10.,
         10., 10., 10., 10., 10., 10., 10., 10., 10., 10., 10., 10., 10., 10.,
         10., 10., 10., 10., 10., 10., 10., 10.]], device='cuda:0',
       dtype=torch.float64)
2024-01-13 20:39:46,172 - INFO - batch_size: 4
2024-01-13 20:39:46,172 - INFO - n_init: 100
2024-01-13 20:39:46,172 - INFO - num_evals: 3000
2024-01-13 20:39:46,172 - INFO - seed: 0
2024-01-13 20:39:46,172 - INFO - acqf_func: ts
2024-01-13 20:39:46,173 - INFO - max_cholesky_size: 2000
2024-01-13 20:39:46,173 - INFO - ==================================================
2024-01-13 20:39:46,832 - INFO - [Restart 0] 104) Best value: -4.02e+06 | TR length: 8.00e-01 | num. restarts: 0/13 | num. successes: 1/10
2024-01-13 20:39:47,193 - INFO - [Restart 0] 108) Best value: -4.02e+06 | TR length: 8.00e-01 | num. restarts: 1/13 | num. successes: 0/10
2024-01-13 20:39:47,834 - INFO - [Restart 0] 112) Best value: -4.02e+06 | TR length: 8.00e-01 | num. restarts: 2/13 | num. successes: 0/10
2024-01-13 20:39:48,847 - INFO - [Restart 0] 116) Best value: -2.93e+06 | TR length: 8.00e-01 | num. restarts: 0/13 | num. successes: 1/10
2024-01-13 20:39:49,244 - INFO - [Restart 0] 120) Best value: -2.73e+06 | TR length: 8.00e-01 | num. restarts: 0/13 | num. successes: 2/10
2024-01-13 20:39:49,703 - INFO - [Restart 0] 124) Best value: -2.60e+06 | TR length: 8.00e-01 | num. restarts: 0/13 | num. successes: 3/10
2024-01-13 20:39:50,277 - INFO - [Restart 0] 128) Best value: -1.54e+06 | TR length: 8.00e-01 | num. restarts: 0/13 | num. successes: 4/10
2024-01-13 20:39:50,777 - INFO - [Restart 0] 132) Best value: -1.54e+06 | TR length: 8.00e-01 | num. restarts: 1/13 | num. successes: 0/10
2024-01-13 20:39:51,477 - INFO - [Restart 0] 136) Best value: -1.54e+06 | TR length: 8.00e-01 | num. restarts: 2/13 | num. successes: 0/10
2024-01-13 20:39:52,654 - INFO - [Restart 0] 140) Best value: -1.54e+06 | TR length: 8.00e-01 | num. restarts: 3/13 | num. successes: 0/10
2024-01-13 20:39:53,466 - INFO - [Restart 0] 144) Best value: -1.54e+06 | TR length: 8.00e-01 | num. restarts: 4/13 | num. successes: 0/10
2024-01-13 20:39:54,841 - INFO - [Restart 0] 148) Best value: -1.54e+06 | TR length: 8.00e-01 | num. restarts: 5/13 | num. successes: 0/10
2024-01-13 20:39:55,351 - INFO - [Restart 0] 152) Best value: -1.54e+06 | TR length: 8.00e-01 | num. restarts: 6/13 | num. successes: 0/10
2024-01-13 20:39:56,615 - INFO - [Restart 0] 156) Best value: -1.54e+06 | TR length: 8.00e-01 | num. restarts: 7/13 | num. successes: 0/10
2024-01-13 20:39:57,296 - INFO - [Restart 0] 160) Best value: -1.14e+06 | TR length: 8.00e-01 | num. restarts: 0/13 | num. successes: 1/10
2024-01-13 20:39:58,151 - INFO - [Restart 0] 164) Best value: -1.14e+06 | TR length: 8.00e-01 | num. restarts: 1/13 | num. successes: 0/10
2024-01-13 20:39:58,889 - INFO - [Restart 0] 168) Best value: -1.14e+06 | TR length: 8.00e-01 | num. restarts: 2/13 | num. successes: 0/10
2024-01-13 20:39:59,815 - INFO - [Restart 0] 172) Best value: -1.13e+06 | TR length: 8.00e-01 | num. restarts: 0/13 | num. successes: 1/10
2024-01-13 20:40:00,822 - INFO - [Restart 0] 176) Best value: -1.13e+06 | TR length: 8.00e-01 | num. restarts: 1/13 | num. successes: 0/10
2024-01-13 20:40:01,882 - INFO - [Restart 0] 180) Best value: -1.13e+06 | TR length: 8.00e-01 | num. restarts: 2/13 | num. successes: 0/10
2024-01-13 20:40:02,398 - INFO - [Restart 0] 184) Best value: -1.13e+06 | TR length: 8.00e-01 | num. restarts: 3/13 | num. successes: 0/10
2024-01-13 20:40:03,146 - INFO - [Restart 0] 188) Best value: -1.13e+06 | TR length: 8.00e-01 | num. restarts: 4/13 | num. successes: 0/10
2024-01-13 20:40:04,450 - INFO - [Restart 0] 192) Best value: -1.13e+06 | TR length: 8.00e-01 | num. restarts: 5/13 | num. successes: 0/10
2024-01-13 20:40:05,491 - INFO - [Restart 0] 196) Best value: -7.44e+05 | TR length: 8.00e-01 | num. restarts: 0/13 | num. successes: 1/10
2024-01-13 20:40:06,049 - INFO - [Restart 0] 200) Best value: -7.44e+05 | TR length: 8.00e-01 | num. restarts: 1/13 | num. successes: 0/10
2024-01-13 20:40:06,756 - INFO - [Restart 0] 204) Best value: -7.44e+05 | TR length: 8.00e-01 | num. restarts: 2/13 | num. successes: 0/10
2024-01-13 20:40:07,298 - INFO - [Restart 0] 208) Best value: -7.44e+05 | TR length: 8.00e-01 | num. restarts: 3/13 | num. successes: 0/10
2024-01-13 20:40:08,556 - INFO - [Restart 0] 212) Best value: -7.44e+05 | TR length: 8.00e-01 | num. restarts: 4/13 | num. successes: 0/10
2024-01-13 20:40:09,353 - INFO - [Restart 0] 216) Best value: -7.29e+05 | TR length: 8.00e-01 | num. restarts: 0/13 | num. successes: 1/10
2024-01-13 20:40:10,125 - INFO - [Restart 0] 220) Best value: -7.29e+05 | TR length: 8.00e-01 | num. restarts: 1/13 | num. successes: 0/10
2024-01-13 20:40:11,193 - INFO - [Restart 0] 224) Best value: -6.37e+05 | TR length: 8.00e-01 | num. restarts: 0/13 | num. successes: 1/10
2024-01-13 20:40:12,001 - INFO - [Restart 0] 228) Best value: -6.37e+05 | TR length: 8.00e-01 | num. restarts: 1/13 | num. successes: 0/10
2024-01-13 20:40:12,830 - INFO - [Restart 0] 232) Best value: -6.37e+05 | TR length: 8.00e-01 | num. restarts: 2/13 | num. successes: 0/10
2024-01-13 20:40:13,467 - INFO - [Restart 0] 236) Best value: -6.37e+05 | TR length: 8.00e-01 | num. restarts: 3/13 | num. successes: 0/10
2024-01-13 20:40:14,466 - INFO - [Restart 0] 240) Best value: -6.37e+05 | TR length: 8.00e-01 | num. restarts: 4/13 | num. successes: 0/10
2024-01-13 20:40:15,008 - INFO - [Restart 0] 244) Best value: -6.37e+05 | TR length: 8.00e-01 | num. restarts: 5/13 | num. successes: 0/10
2024-01-13 20:40:15,963 - INFO - [Restart 0] 248) Best value: -5.20e+05 | TR length: 8.00e-01 | num. restarts: 0/13 | num. successes: 1/10
2024-01-13 20:40:17,184 - INFO - [Restart 0] 252) Best value: -5.20e+05 | TR length: 8.00e-01 | num. restarts: 1/13 | num. successes: 0/10
2024-01-13 20:40:17,832 - INFO - [Restart 0] 256) Best value: -5.20e+05 | TR length: 8.00e-01 | num. restarts: 2/13 | num. successes: 0/10
2024-01-13 20:40:18,541 - INFO - [Restart 0] 260) Best value: -5.20e+05 | TR length: 8.00e-01 | num. restarts: 3/13 | num. successes: 0/10
2024-01-13 20:40:19,098 - INFO - [Restart 0] 264) Best value: -5.20e+05 | TR length: 8.00e-01 | num. restarts: 4/13 | num. successes: 0/10
2024-01-13 20:40:19,852 - INFO - [Restart 0] 268) Best value: -5.20e+05 | TR length: 8.00e-01 | num. restarts: 5/13 | num. successes: 0/10
2024-01-13 20:40:20,376 - INFO - [Restart 0] 272) Best value: -3.44e+05 | TR length: 8.00e-01 | num. restarts: 0/13 | num. successes: 1/10
2024-01-13 20:40:20,961 - INFO - [Restart 0] 276) Best value: -3.44e+05 | TR length: 8.00e-01 | num. restarts: 1/13 | num. successes: 0/10
2024-01-13 20:40:21,653 - INFO - [Restart 0] 280) Best value: -3.44e+05 | TR length: 8.00e-01 | num. restarts: 2/13 | num. successes: 0/10
2024-01-13 20:40:22,513 - INFO - [Restart 0] 284) Best value: -3.44e+05 | TR length: 8.00e-01 | num. restarts: 3/13 | num. successes: 0/10
2024-01-13 20:40:23,517 - INFO - [Restart 0] 288) Best value: -3.44e+05 | TR length: 8.00e-01 | num. restarts: 4/13 | num. successes: 0/10
2024-01-13 20:40:24,241 - INFO - [Restart 0] 292) Best value: -3.44e+05 | TR length: 8.00e-01 | num. restarts: 5/13 | num. successes: 0/10
2024-01-13 20:40:24,809 - INFO - [Restart 0] 296) Best value: -3.44e+05 | TR length: 8.00e-01 | num. restarts: 6/13 | num. successes: 0/10
2024-01-13 20:40:25,914 - INFO - [Restart 0] 300) Best value: -3.44e+05 | TR length: 8.00e-01 | num. restarts: 7/13 | num. successes: 0/10
2024-01-13 20:40:26,470 - INFO - [Restart 0] 304) Best value: -3.20e+05 | TR length: 8.00e-01 | num. restarts: 0/13 | num. successes: 1/10
2024-01-13 20:40:27,124 - INFO - [Restart 0] 308) Best value: -2.92e+05 | TR length: 8.00e-01 | num. restarts: 0/13 | num. successes: 2/10
2024-01-13 20:40:27,900 - INFO - [Restart 0] 312) Best value: -2.92e+05 | TR length: 8.00e-01 | num. restarts: 1/13 | num. successes: 0/10
2024-01-13 20:40:28,635 - INFO - [Restart 0] 316) Best value: -2.06e+05 | TR length: 8.00e-01 | num. restarts: 0/13 | num. successes: 1/10
2024-01-13 20:40:29,332 - INFO - [Restart 0] 320) Best value: -2.06e+05 | TR length: 8.00e-01 | num. restarts: 1/13 | num. successes: 0/10
2024-01-13 20:40:30,033 - INFO - [Restart 0] 324) Best value: -2.06e+05 | TR length: 8.00e-01 | num. restarts: 2/13 | num. successes: 0/10
2024-01-13 20:40:30,922 - INFO - [Restart 0] 328) Best value: -2.06e+05 | TR length: 8.00e-01 | num. restarts: 3/13 | num. successes: 0/10
2024-01-13 20:40:32,044 - INFO - [Restart 0] 332) Best value: -2.06e+05 | TR length: 8.00e-01 | num. restarts: 4/13 | num. successes: 0/10
2024-01-13 20:40:32,854 - INFO - [Restart 0] 336) Best value: -2.06e+05 | TR length: 8.00e-01 | num. restarts: 5/13 | num. successes: 0/10
2024-01-13 20:40:33,694 - INFO - [Restart 0] 340) Best value: -2.06e+05 | TR length: 8.00e-01 | num. restarts: 6/13 | num. successes: 0/10
2024-01-13 20:40:34,233 - INFO - [Restart 0] 344) Best value: -2.06e+05 | TR length: 8.00e-01 | num. restarts: 7/13 | num. successes: 0/10
2024-01-13 20:40:34,852 - INFO - [Restart 0] 348) Best value: -2.06e+05 | TR length: 8.00e-01 | num. restarts: 8/13 | num. successes: 0/10
2024-01-13 20:40:35,396 - INFO - [Restart 0] 352) Best value: -2.06e+05 | TR length: 8.00e-01 | num. restarts: 9/13 | num. successes: 0/10
2024-01-13 20:40:35,940 - INFO - [Restart 0] 356) Best value: -2.06e+05 | TR length: 8.00e-01 | num. restarts: 10/13 | num. successes: 0/10
2024-01-13 20:40:36,615 - INFO - [Restart 0] 360) Best value: -2.06e+05 | TR length: 8.00e-01 | num. restarts: 11/13 | num. successes: 0/10
2024-01-13 20:40:37,422 - INFO - [Restart 0] 364) Best value: -2.06e+05 | TR length: 8.00e-01 | num. restarts: 12/13 | num. successes: 0/10
2024-01-13 20:40:38,351 - INFO - [Restart 0] 368) Best value: -2.06e+05 | TR length: 4.00e-01 | num. restarts: 0/13 | num. successes: 0/10
2024-01-13 20:40:39,228 - INFO - [Restart 0] 372) Best value: -1.37e+05 | TR length: 4.00e-01 | num. restarts: 0/13 | num. successes: 1/10
2024-01-13 20:40:40,060 - INFO - [Restart 0] 376) Best value: -1.37e+05 | TR length: 4.00e-01 | num. restarts: 1/13 | num. successes: 0/10
2024-01-13 20:40:40,966 - INFO - [Restart 0] 380) Best value: -1.37e+05 | TR length: 4.00e-01 | num. restarts: 2/13 | num. successes: 0/10
2024-01-13 20:40:41,689 - INFO - [Restart 0] 384) Best value: -1.37e+05 | TR length: 4.00e-01 | num. restarts: 3/13 | num. successes: 0/10
2024-01-13 20:40:42,795 - INFO - [Restart 0] 388) Best value: -1.29e+05 | TR length: 4.00e-01 | num. restarts: 0/13 | num. successes: 1/10
2024-01-13 20:40:43,420 - INFO - [Restart 0] 392) Best value: -5.39e+04 | TR length: 4.00e-01 | num. restarts: 0/13 | num. successes: 2/10
2024-01-13 20:40:44,331 - INFO - [Restart 0] 396) Best value: -5.39e+04 | TR length: 4.00e-01 | num. restarts: 1/13 | num. successes: 0/10
2024-01-13 20:40:45,457 - INFO - [Restart 0] 400) Best value: -5.39e+04 | TR length: 4.00e-01 | num. restarts: 2/13 | num. successes: 0/10
2024-01-13 20:40:46,517 - INFO - [Restart 0] 404) Best value: -5.39e+04 | TR length: 4.00e-01 | num. restarts: 3/13 | num. successes: 0/10
2024-01-13 20:40:47,199 - INFO - [Restart 0] 408) Best value: -5.39e+04 | TR length: 4.00e-01 | num. restarts: 4/13 | num. successes: 0/10
2024-01-13 20:40:48,223 - INFO - [Restart 0] 412) Best value: -5.39e+04 | TR length: 4.00e-01 | num. restarts: 5/13 | num. successes: 0/10
2024-01-13 20:40:49,082 - INFO - [Restart 0] 416) Best value: -5.39e+04 | TR length: 4.00e-01 | num. restarts: 6/13 | num. successes: 0/10
2024-01-13 20:40:49,799 - INFO - [Restart 0] 420) Best value: -5.39e+04 | TR length: 4.00e-01 | num. restarts: 7/13 | num. successes: 0/10
2024-01-13 20:40:51,209 - INFO - [Restart 0] 424) Best value: -5.39e+04 | TR length: 4.00e-01 | num. restarts: 8/13 | num. successes: 0/10
2024-01-13 20:40:52,251 - INFO - [Restart 0] 428) Best value: -5.39e+04 | TR length: 4.00e-01 | num. restarts: 9/13 | num. successes: 0/10
2024-01-13 20:40:53,058 - INFO - [Restart 0] 432) Best value: -5.39e+04 | TR length: 4.00e-01 | num. restarts: 10/13 | num. successes: 0/10
2024-01-13 20:40:53,837 - INFO - [Restart 0] 436) Best value: -5.39e+04 | TR length: 4.00e-01 | num. restarts: 11/13 | num. successes: 0/10
2024-01-13 20:40:54,751 - INFO - [Restart 0] 440) Best value: -5.39e+04 | TR length: 4.00e-01 | num. restarts: 12/13 | num. successes: 0/10
2024-01-13 20:40:55,901 - INFO - [Restart 0] 444) Best value: -5.39e+04 | TR length: 2.00e-01 | num. restarts: 0/13 | num. successes: 0/10
2024-01-13 20:40:56,731 - INFO - [Restart 0] 448) Best value: -2.83e+04 | TR length: 2.00e-01 | num. restarts: 0/13 | num. successes: 1/10
2024-01-13 20:40:57,627 - INFO - [Restart 0] 452) Best value: -2.83e+04 | TR length: 2.00e-01 | num. restarts: 1/13 | num. successes: 0/10
2024-01-13 20:40:58,165 - INFO - [Restart 0] 456) Best value: -2.83e+04 | TR length: 2.00e-01 | num. restarts: 2/13 | num. successes: 0/10
2024-01-13 20:40:58,687 - INFO - [Restart 0] 460) Best value: -2.77e+04 | TR length: 2.00e-01 | num. restarts: 0/13 | num. successes: 1/10
2024-01-13 20:40:59,501 - INFO - [Restart 0] 464) Best value: -2.77e+04 | TR length: 2.00e-01 | num. restarts: 1/13 | num. successes: 0/10
2024-01-13 20:41:00,733 - INFO - [Restart 0] 468) Best value: -2.77e+04 | TR length: 2.00e-01 | num. restarts: 2/13 | num. successes: 0/10
2024-01-13 20:41:01,388 - INFO - [Restart 0] 472) Best value: -2.77e+04 | TR length: 2.00e-01 | num. restarts: 3/13 | num. successes: 0/10
2024-01-13 20:41:02,113 - INFO - [Restart 0] 476) Best value: -2.75e+04 | TR length: 2.00e-01 | num. restarts: 0/13 | num. successes: 1/10
2024-01-13 20:41:02,977 - INFO - [Restart 0] 480) Best value: -2.32e+04 | TR length: 2.00e-01 | num. restarts: 0/13 | num. successes: 2/10
2024-01-13 20:41:03,677 - INFO - [Restart 0] 484) Best value: -2.32e+04 | TR length: 2.00e-01 | num. restarts: 1/13 | num. successes: 0/10
2024-01-13 20:41:04,613 - INFO - [Restart 0] 488) Best value: -2.21e+04 | TR length: 2.00e-01 | num. restarts: 0/13 | num. successes: 1/10
2024-01-13 20:41:05,323 - INFO - [Restart 0] 492) Best value: -2.21e+04 | TR length: 2.00e-01 | num. restarts: 1/13 | num. successes: 0/10
2024-01-13 20:41:06,263 - INFO - [Restart 0] 496) Best value: -2.21e+04 | TR length: 2.00e-01 | num. restarts: 2/13 | num. successes: 0/10
2024-01-13 20:41:07,367 - INFO - [Restart 0] 500) Best value: -2.21e+04 | TR length: 2.00e-01 | num. restarts: 3/13 | num. successes: 0/10
2024-01-13 20:41:08,264 - INFO - [Restart 0] 504) Best value: -2.21e+04 | TR length: 2.00e-01 | num. restarts: 4/13 | num. successes: 0/10
2024-01-13 20:41:09,646 - INFO - [Restart 0] 508) Best value: -2.21e+04 | TR length: 2.00e-01 | num. restarts: 5/13 | num. successes: 0/10
2024-01-13 20:41:10,465 - INFO - [Restart 0] 512) Best value: -2.21e+04 | TR length: 2.00e-01 | num. restarts: 6/13 | num. successes: 0/10
2024-01-13 20:41:11,376 - INFO - [Restart 0] 516) Best value: -2.21e+04 | TR length: 2.00e-01 | num. restarts: 7/13 | num. successes: 0/10
2024-01-13 20:41:12,766 - INFO - [Restart 0] 520) Best value: -2.21e+04 | TR length: 2.00e-01 | num. restarts: 8/13 | num. successes: 0/10
2024-01-13 20:41:13,681 - INFO - [Restart 0] 524) Best value: -2.21e+04 | TR length: 2.00e-01 | num. restarts: 9/13 | num. successes: 0/10
2024-01-13 20:41:14,609 - INFO - [Restart 0] 528) Best value: -2.21e+04 | TR length: 2.00e-01 | num. restarts: 10/13 | num. successes: 0/10
2024-01-13 20:41:15,409 - INFO - [Restart 0] 532) Best value: -2.05e+04 | TR length: 2.00e-01 | num. restarts: 0/13 | num. successes: 1/10
2024-01-13 20:41:16,307 - INFO - [Restart 0] 536) Best value: -2.05e+04 | TR length: 2.00e-01 | num. restarts: 1/13 | num. successes: 0/10
2024-01-13 20:41:17,378 - INFO - [Restart 0] 540) Best value: -2.05e+04 | TR length: 2.00e-01 | num. restarts: 2/13 | num. successes: 0/10
2024-01-13 20:41:18,225 - INFO - [Restart 0] 544) Best value: -2.05e+04 | TR length: 2.00e-01 | num. restarts: 3/13 | num. successes: 0/10
2024-01-13 20:41:19,135 - INFO - [Restart 0] 548) Best value: -2.05e+04 | TR length: 2.00e-01 | num. restarts: 4/13 | num. successes: 0/10
2024-01-13 20:41:19,838 - INFO - [Restart 0] 552) Best value: -2.05e+04 | TR length: 2.00e-01 | num. restarts: 5/13 | num. successes: 0/10
2024-01-13 20:41:20,760 - INFO - [Restart 0] 556) Best value: -2.05e+04 | TR length: 2.00e-01 | num. restarts: 6/13 | num. successes: 0/10
2024-01-13 20:41:21,821 - INFO - [Restart 0] 560) Best value: -2.05e+04 | TR length: 2.00e-01 | num. restarts: 7/13 | num. successes: 0/10
2024-01-13 20:41:22,789 - INFO - [Restart 0] 564) Best value: -2.05e+04 | TR length: 2.00e-01 | num. restarts: 8/13 | num. successes: 0/10
2024-01-13 20:41:24,074 - INFO - [Restart 0] 568) Best value: -2.05e+04 | TR length: 2.00e-01 | num. restarts: 9/13 | num. successes: 0/10
2024-01-13 20:41:25,159 - INFO - [Restart 0] 572) Best value: -2.05e+04 | TR length: 2.00e-01 | num. restarts: 10/13 | num. successes: 0/10
2024-01-13 20:41:26,234 - INFO - [Restart 0] 576) Best value: -2.05e+04 | TR length: 2.00e-01 | num. restarts: 11/13 | num. successes: 0/10
2024-01-13 20:41:27,198 - INFO - [Restart 0] 580) Best value: -2.05e+04 | TR length: 2.00e-01 | num. restarts: 12/13 | num. successes: 0/10
2024-01-13 20:41:27,973 - INFO - [Restart 0] 584) Best value: -2.05e+04 | TR length: 1.00e-01 | num. restarts: 0/13 | num. successes: 0/10
2024-01-13 20:41:28,884 - INFO - [Restart 0] 588) Best value: -1.63e+04 | TR length: 1.00e-01 | num. restarts: 0/13 | num. successes: 1/10
2024-01-13 20:41:29,604 - INFO - [Restart 0] 592) Best value: -1.50e+04 | TR length: 1.00e-01 | num. restarts: 0/13 | num. successes: 2/10
2024-01-13 20:41:30,385 - INFO - [Restart 0] 596) Best value: -1.00e+04 | TR length: 1.00e-01 | num. restarts: 0/13 | num. successes: 3/10
2024-01-13 20:41:31,773 - INFO - [Restart 0] 600) Best value: -7.09e+03 | TR length: 1.00e-01 | num. restarts: 0/13 | num. successes: 4/10
2024-01-13 20:41:32,776 - INFO - [Restart 0] 604) Best value: -7.09e+03 | TR length: 1.00e-01 | num. restarts: 1/13 | num. successes: 0/10
2024-01-13 20:41:34,241 - INFO - [Restart 0] 608) Best value: -7.09e+03 | TR length: 1.00e-01 | num. restarts: 2/13 | num. successes: 0/10
2024-01-13 20:41:35,309 - INFO - [Restart 0] 612) Best value: -6.86e+03 | TR length: 1.00e-01 | num. restarts: 0/13 | num. successes: 1/10
2024-01-13 20:41:36,382 - INFO - [Restart 0] 616) Best value: -6.86e+03 | TR length: 1.00e-01 | num. restarts: 1/13 | num. successes: 0/10
2024-01-13 20:41:37,508 - INFO - [Restart 0] 620) Best value: -6.86e+03 | TR length: 1.00e-01 | num. restarts: 2/13 | num. successes: 0/10
2024-01-13 20:41:38,369 - INFO - [Restart 0] 624) Best value: -6.86e+03 | TR length: 1.00e-01 | num. restarts: 3/13 | num. successes: 0/10
2024-01-13 20:41:39,385 - INFO - [Restart 0] 628) Best value: -6.86e+03 | TR length: 1.00e-01 | num. restarts: 4/13 | num. successes: 0/10
2024-01-13 20:41:40,208 - INFO - [Restart 0] 632) Best value: -6.86e+03 | TR length: 1.00e-01 | num. restarts: 5/13 | num. successes: 0/10
2024-01-13 20:41:41,044 - INFO - [Restart 0] 636) Best value: -6.86e+03 | TR length: 1.00e-01 | num. restarts: 6/13 | num. successes: 0/10
2024-01-13 20:41:41,615 - INFO - [Restart 0] 640) Best value: -6.86e+03 | TR length: 1.00e-01 | num. restarts: 7/13 | num. successes: 0/10
2024-01-13 20:41:42,717 - INFO - [Restart 0] 644) Best value: -6.86e+03 | TR length: 1.00e-01 | num. restarts: 8/13 | num. successes: 0/10
2024-01-13 20:41:43,350 - INFO - [Restart 0] 648) Best value: -6.86e+03 | TR length: 1.00e-01 | num. restarts: 9/13 | num. successes: 0/10
2024-01-13 20:41:44,260 - INFO - [Restart 0] 652) Best value: -6.86e+03 | TR length: 1.00e-01 | num. restarts: 10/13 | num. successes: 0/10
2024-01-13 20:41:44,961 - INFO - [Restart 0] 656) Best value: -6.86e+03 | TR length: 1.00e-01 | num. restarts: 11/13 | num. successes: 0/10
2024-01-13 20:41:45,691 - INFO - [Restart 0] 660) Best value: -6.86e+03 | TR length: 1.00e-01 | num. restarts: 12/13 | num. successes: 0/10
2024-01-13 20:41:46,403 - INFO - [Restart 0] 664) Best value: -6.66e+03 | TR length: 1.00e-01 | num. restarts: 0/13 | num. successes: 1/10
2024-01-13 20:41:47,148 - INFO - [Restart 0] 668) Best value: -6.66e+03 | TR length: 1.00e-01 | num. restarts: 1/13 | num. successes: 0/10
2024-01-13 20:41:48,033 - INFO - [Restart 0] 672) Best value: -6.66e+03 | TR length: 1.00e-01 | num. restarts: 2/13 | num. successes: 0/10
2024-01-13 20:41:49,238 - INFO - [Restart 0] 676) Best value: -6.66e+03 | TR length: 1.00e-01 | num. restarts: 3/13 | num. successes: 0/10
2024-01-13 20:41:50,377 - INFO - [Restart 0] 680) Best value: -6.66e+03 | TR length: 1.00e-01 | num. restarts: 4/13 | num. successes: 0/10
2024-01-13 20:41:50,970 - INFO - [Restart 0] 684) Best value: -6.66e+03 | TR length: 1.00e-01 | num. restarts: 5/13 | num. successes: 0/10
2024-01-13 20:41:51,868 - INFO - [Restart 0] 688) Best value: -6.66e+03 | TR length: 1.00e-01 | num. restarts: 6/13 | num. successes: 0/10
2024-01-13 20:41:52,755 - INFO - [Restart 0] 692) Best value: -6.66e+03 | TR length: 1.00e-01 | num. restarts: 7/13 | num. successes: 0/10
2024-01-13 20:41:53,464 - INFO - [Restart 0] 696) Best value: -6.66e+03 | TR length: 1.00e-01 | num. restarts: 8/13 | num. successes: 0/10
2024-01-13 20:41:54,165 - INFO - [Restart 0] 700) Best value: -6.66e+03 | TR length: 1.00e-01 | num. restarts: 9/13 | num. successes: 0/10
2024-01-13 20:41:54,865 - INFO - [Restart 0] 704) Best value: -6.66e+03 | TR length: 1.00e-01 | num. restarts: 10/13 | num. successes: 0/10
2024-01-13 20:41:55,608 - INFO - [Restart 0] 708) Best value: -6.66e+03 | TR length: 1.00e-01 | num. restarts: 11/13 | num. successes: 0/10
2024-01-13 20:41:56,578 - INFO - [Restart 0] 712) Best value: -6.66e+03 | TR length: 1.00e-01 | num. restarts: 12/13 | num. successes: 0/10
2024-01-13 20:41:57,642 - INFO - [Restart 0] 716) Best value: -6.66e+03 | TR length: 5.00e-02 | num. restarts: 0/13 | num. successes: 0/10
2024-01-13 20:41:58,736 - INFO - [Restart 0] 720) Best value: -6.66e+03 | TR length: 5.00e-02 | num. restarts: 1/13 | num. successes: 0/10
2024-01-13 20:42:00,150 - INFO - [Restart 0] 724) Best value: -6.29e+03 | TR length: 5.00e-02 | num. restarts: 0/13 | num. successes: 1/10
2024-01-13 20:42:01,505 - INFO - [Restart 0] 728) Best value: -5.16e+03 | TR length: 5.00e-02 | num. restarts: 0/13 | num. successes: 2/10
2024-01-13 20:42:02,536 - INFO - [Restart 0] 732) Best value: -5.16e+03 | TR length: 5.00e-02 | num. restarts: 1/13 | num. successes: 0/10
2024-01-13 20:42:03,172 - INFO - [Restart 0] 736) Best value: -5.16e+03 | TR length: 5.00e-02 | num. restarts: 2/13 | num. successes: 0/10
2024-01-13 20:42:04,088 - INFO - [Restart 0] 740) Best value: -5.16e+03 | TR length: 5.00e-02 | num. restarts: 3/13 | num. successes: 0/10
2024-01-13 20:42:04,741 - INFO - [Restart 0] 744) Best value: -5.16e+03 | TR length: 5.00e-02 | num. restarts: 4/13 | num. successes: 0/10
2024-01-13 20:42:05,458 - INFO - [Restart 0] 748) Best value: -5.00e+03 | TR length: 5.00e-02 | num. restarts: 0/13 | num. successes: 1/10
2024-01-13 20:42:06,246 - INFO - [Restart 0] 752) Best value: -4.31e+03 | TR length: 5.00e-02 | num. restarts: 0/13 | num. successes: 2/10
2024-01-13 20:42:07,025 - INFO - [Restart 0] 756) Best value: -4.31e+03 | TR length: 5.00e-02 | num. restarts: 1/13 | num. successes: 0/10
2024-01-13 20:42:07,854 - INFO - [Restart 0] 760) Best value: -3.90e+03 | TR length: 5.00e-02 | num. restarts: 0/13 | num. successes: 1/10
2024-01-13 20:42:08,650 - INFO - [Restart 0] 764) Best value: -3.90e+03 | TR length: 5.00e-02 | num. restarts: 1/13 | num. successes: 0/10
2024-01-13 20:42:09,429 - INFO - [Restart 0] 768) Best value: -3.90e+03 | TR length: 5.00e-02 | num. restarts: 2/13 | num. successes: 0/10
2024-01-13 20:42:10,108 - INFO - [Restart 0] 772) Best value: -3.90e+03 | TR length: 5.00e-02 | num. restarts: 3/13 | num. successes: 0/10
2024-01-13 20:42:11,334 - INFO - [Restart 0] 776) Best value: -3.90e+03 | TR length: 5.00e-02 | num. restarts: 4/13 | num. successes: 0/10
2024-01-13 20:42:12,053 - INFO - [Restart 0] 780) Best value: -3.90e+03 | TR length: 5.00e-02 | num. restarts: 5/13 | num. successes: 0/10
2024-01-13 20:42:12,882 - INFO - [Restart 0] 784) Best value: -3.90e+03 | TR length: 5.00e-02 | num. restarts: 6/13 | num. successes: 0/10
2024-01-13 20:42:13,683 - INFO - [Restart 0] 788) Best value: -3.90e+03 | TR length: 5.00e-02 | num. restarts: 7/13 | num. successes: 0/10
2024-01-13 20:42:14,790 - INFO - [Restart 0] 792) Best value: -3.90e+03 | TR length: 5.00e-02 | num. restarts: 8/13 | num. successes: 0/10
2024-01-13 20:42:15,623 - INFO - [Restart 0] 796) Best value: -3.90e+03 | TR length: 5.00e-02 | num. restarts: 9/13 | num. successes: 0/10
2024-01-13 20:42:16,546 - INFO - [Restart 0] 800) Best value: -3.90e+03 | TR length: 5.00e-02 | num. restarts: 10/13 | num. successes: 0/10
2024-01-13 20:42:17,408 - INFO - [Restart 0] 804) Best value: -3.75e+03 | TR length: 5.00e-02 | num. restarts: 0/13 | num. successes: 1/10
2024-01-13 20:42:18,329 - INFO - [Restart 0] 808) Best value: -3.75e+03 | TR length: 5.00e-02 | num. restarts: 1/13 | num. successes: 0/10
2024-01-13 20:42:19,251 - INFO - [Restart 0] 812) Best value: -3.39e+03 | TR length: 5.00e-02 | num. restarts: 0/13 | num. successes: 1/10
2024-01-13 20:42:20,090 - INFO - [Restart 0] 816) Best value: -3.39e+03 | TR length: 5.00e-02 | num. restarts: 1/13 | num. successes: 0/10
2024-01-13 20:42:20,939 - INFO - [Restart 0] 820) Best value: -3.34e+03 | TR length: 5.00e-02 | num. restarts: 0/13 | num. successes: 1/10
2024-01-13 20:42:21,662 - INFO - [Restart 0] 824) Best value: -3.34e+03 | TR length: 5.00e-02 | num. restarts: 1/13 | num. successes: 0/10
2024-01-13 20:42:22,487 - INFO - [Restart 0] 828) Best value: -3.34e+03 | TR length: 5.00e-02 | num. restarts: 2/13 | num. successes: 0/10
2024-01-13 20:42:23,181 - INFO - [Restart 0] 832) Best value: -3.24e+03 | TR length: 5.00e-02 | num. restarts: 0/13 | num. successes: 1/10
2024-01-13 20:42:24,268 - INFO - [Restart 0] 836) Best value: -3.16e+03 | TR length: 5.00e-02 | num. restarts: 0/13 | num. successes: 2/10
2024-01-13 20:42:25,295 - INFO - [Restart 0] 840) Best value: -3.16e+03 | TR length: 5.00e-02 | num. restarts: 1/13 | num. successes: 0/10
2024-01-13 20:42:26,200 - INFO - [Restart 0] 844) Best value: -3.16e+03 | TR length: 5.00e-02 | num. restarts: 2/13 | num. successes: 0/10
2024-01-13 20:42:27,013 - INFO - [Restart 0] 848) Best value: -3.16e+03 | TR length: 5.00e-02 | num. restarts: 3/13 | num. successes: 0/10
2024-01-13 20:42:27,844 - INFO - [Restart 0] 852) Best value: -3.16e+03 | TR length: 5.00e-02 | num. restarts: 4/13 | num. successes: 0/10
2024-01-13 20:42:28,915 - INFO - [Restart 0] 856) Best value: -3.16e+03 | TR length: 5.00e-02 | num. restarts: 5/13 | num. successes: 0/10
2024-01-13 20:42:29,792 - INFO - [Restart 0] 860) Best value: -3.06e+03 | TR length: 5.00e-02 | num. restarts: 0/13 | num. successes: 1/10
2024-01-13 20:42:30,972 - INFO - [Restart 0] 864) Best value: -2.99e+03 | TR length: 5.00e-02 | num. restarts: 0/13 | num. successes: 2/10
2024-01-13 20:42:31,941 - INFO - [Restart 0] 868) Best value: -2.99e+03 | TR length: 5.00e-02 | num. restarts: 1/13 | num. successes: 0/10
2024-01-13 20:42:33,548 - INFO - [Restart 0] 872) Best value: -2.70e+03 | TR length: 5.00e-02 | num. restarts: 0/13 | num. successes: 1/10
2024-01-13 20:42:34,391 - INFO - [Restart 0] 876) Best value: -2.70e+03 | TR length: 5.00e-02 | num. restarts: 1/13 | num. successes: 0/10
2024-01-13 20:42:35,710 - INFO - [Restart 0] 880) Best value: -2.70e+03 | TR length: 5.00e-02 | num. restarts: 2/13 | num. successes: 0/10
2024-01-13 20:42:36,633 - INFO - [Restart 0] 884) Best value: -2.46e+03 | TR length: 5.00e-02 | num. restarts: 0/13 | num. successes: 1/10
2024-01-13 20:42:37,556 - INFO - [Restart 0] 888) Best value: -2.46e+03 | TR length: 5.00e-02 | num. restarts: 1/13 | num. successes: 0/10
2024-01-13 20:42:38,422 - INFO - [Restart 0] 892) Best value: -2.46e+03 | TR length: 5.00e-02 | num. restarts: 2/13 | num. successes: 0/10
2024-01-13 20:42:39,414 - INFO - [Restart 0] 896) Best value: -2.19e+03 | TR length: 5.00e-02 | num. restarts: 0/13 | num. successes: 1/10
2024-01-13 20:42:40,838 - INFO - [Restart 0] 900) Best value: -2.19e+03 | TR length: 5.00e-02 | num. restarts: 1/13 | num. successes: 0/10
2024-01-13 20:42:41,632 - INFO - [Restart 0] 904) Best value: -2.19e+03 | TR length: 5.00e-02 | num. restarts: 2/13 | num. successes: 0/10
2024-01-13 20:42:42,679 - INFO - [Restart 0] 908) Best value: -2.15e+03 | TR length: 5.00e-02 | num. restarts: 0/13 | num. successes: 1/10
2024-01-13 20:42:43,487 - INFO - [Restart 0] 912) Best value: -2.15e+03 | TR length: 5.00e-02 | num. restarts: 1/13 | num. successes: 0/10
2024-01-13 20:42:44,163 - INFO - [Restart 0] 916) Best value: -2.00e+03 | TR length: 5.00e-02 | num. restarts: 0/13 | num. successes: 1/10
2024-01-13 20:42:44,841 - INFO - [Restart 0] 920) Best value: -1.80e+03 | TR length: 5.00e-02 | num. restarts: 0/13 | num. successes: 2/10
2024-01-13 20:42:46,158 - INFO - [Restart 0] 924) Best value: -1.80e+03 | TR length: 5.00e-02 | num. restarts: 1/13 | num. successes: 0/10
2024-01-13 20:42:47,017 - INFO - [Restart 0] 928) Best value: -1.79e+03 | TR length: 5.00e-02 | num. restarts: 0/13 | num. successes: 1/10
2024-01-13 20:42:48,134 - INFO - [Restart 0] 932) Best value: -1.79e+03 | TR length: 5.00e-02 | num. restarts: 1/13 | num. successes: 0/10
2024-01-13 20:42:48,968 - INFO - [Restart 0] 936) Best value: -1.79e+03 | TR length: 5.00e-02 | num. restarts: 2/13 | num. successes: 0/10
2024-01-13 20:42:49,930 - INFO - [Restart 0] 940) Best value: -1.79e+03 | TR length: 5.00e-02 | num. restarts: 3/13 | num. successes: 0/10
2024-01-13 20:42:50,580 - INFO - [Restart 0] 944) Best value: -1.79e+03 | TR length: 5.00e-02 | num. restarts: 4/13 | num. successes: 0/10
2024-01-13 20:42:51,651 - INFO - [Restart 0] 948) Best value: -1.79e+03 | TR length: 5.00e-02 | num. restarts: 5/13 | num. successes: 0/10
2024-01-13 20:42:52,667 - INFO - [Restart 0] 952) Best value: -1.79e+03 | TR length: 5.00e-02 | num. restarts: 6/13 | num. successes: 0/10
2024-01-13 20:42:53,560 - INFO - [Restart 0] 956) Best value: -1.79e+03 | TR length: 5.00e-02 | num. restarts: 7/13 | num. successes: 0/10
2024-01-13 20:42:54,242 - INFO - [Restart 0] 960) Best value: -1.79e+03 | TR length: 5.00e-02 | num. restarts: 8/13 | num. successes: 0/10
2024-01-13 20:42:55,116 - INFO - [Restart 0] 964) Best value: -1.79e+03 | TR length: 5.00e-02 | num. restarts: 9/13 | num. successes: 0/10
2024-01-13 20:42:55,791 - INFO - [Restart 0] 968) Best value: -1.77e+03 | TR length: 5.00e-02 | num. restarts: 0/13 | num. successes: 1/10
2024-01-13 20:42:56,442 - INFO - [Restart 0] 972) Best value: -1.77e+03 | TR length: 5.00e-02 | num. restarts: 1/13 | num. successes: 0/10
2024-01-13 20:42:57,407 - INFO - [Restart 0] 976) Best value: -1.63e+03 | TR length: 5.00e-02 | num. restarts: 0/13 | num. successes: 1/10
2024-01-13 20:42:58,001 - INFO - [Restart 0] 980) Best value: -1.63e+03 | TR length: 5.00e-02 | num. restarts: 1/13 | num. successes: 0/10
2024-01-13 20:42:58,658 - INFO - [Restart 0] 984) Best value: -1.63e+03 | TR length: 5.00e-02 | num. restarts: 2/13 | num. successes: 0/10
2024-01-13 20:42:59,377 - INFO - [Restart 0] 988) Best value: -1.63e+03 | TR length: 5.00e-02 | num. restarts: 3/13 | num. successes: 0/10
2024-01-13 20:42:59,973 - INFO - [Restart 0] 992) Best value: -1.63e+03 | TR length: 5.00e-02 | num. restarts: 4/13 | num. successes: 0/10
2024-01-13 20:43:00,564 - INFO - [Restart 0] 996) Best value: -1.63e+03 | TR length: 5.00e-02 | num. restarts: 5/13 | num. successes: 0/10
2024-01-13 20:43:01,259 - INFO - [Restart 0] 1000) Best value: -1.63e+03 | TR length: 5.00e-02 | num. restarts: 6/13 | num. successes: 0/10
2024-01-13 20:43:01,898 - INFO - [Restart 0] 1004) Best value: -1.63e+03 | TR length: 5.00e-02 | num. restarts: 7/13 | num. successes: 0/10
2024-01-13 20:43:02,506 - INFO - [Restart 0] 1008) Best value: -1.63e+03 | TR length: 5.00e-02 | num. restarts: 8/13 | num. successes: 0/10
2024-01-13 20:43:03,097 - INFO - [Restart 0] 1012) Best value: -1.63e+03 | TR length: 5.00e-02 | num. restarts: 9/13 | num. successes: 0/10
2024-01-13 20:43:03,756 - INFO - [Restart 0] 1016) Best value: -1.51e+03 | TR length: 5.00e-02 | num. restarts: 0/13 | num. successes: 1/10
2024-01-13 20:43:04,454 - INFO - [Restart 0] 1020) Best value: -1.51e+03 | TR length: 5.00e-02 | num. restarts: 1/13 | num. successes: 0/10
2024-01-13 20:43:05,145 - INFO - [Restart 0] 1024) Best value: -1.50e+03 | TR length: 5.00e-02 | num. restarts: 0/13 | num. successes: 1/10
2024-01-13 20:43:05,892 - INFO - [Restart 0] 1028) Best value: -1.32e+03 | TR length: 5.00e-02 | num. restarts: 0/13 | num. successes: 2/10
2024-01-13 20:43:06,674 - INFO - [Restart 0] 1032) Best value: -1.32e+03 | TR length: 5.00e-02 | num. restarts: 1/13 | num. successes: 0/10
2024-01-13 20:43:07,328 - INFO - [Restart 0] 1036) Best value: -1.32e+03 | TR length: 5.00e-02 | num. restarts: 2/13 | num. successes: 0/10
2024-01-13 20:43:08,153 - INFO - [Restart 0] 1040) Best value: -1.32e+03 | TR length: 5.00e-02 | num. restarts: 3/13 | num. successes: 0/10
2024-01-13 20:43:08,821 - INFO - [Restart 0] 1044) Best value: -1.32e+03 | TR length: 5.00e-02 | num. restarts: 4/13 | num. successes: 0/10
2024-01-13 20:43:09,586 - INFO - [Restart 0] 1048) Best value: -1.32e+03 | TR length: 5.00e-02 | num. restarts: 5/13 | num. successes: 0/10
2024-01-13 20:43:10,363 - INFO - [Restart 0] 1052) Best value: -1.32e+03 | TR length: 5.00e-02 | num. restarts: 6/13 | num. successes: 0/10
2024-01-13 20:43:11,050 - INFO - [Restart 0] 1056) Best value: -1.32e+03 | TR length: 5.00e-02 | num. restarts: 7/13 | num. successes: 0/10
2024-01-13 20:43:11,692 - INFO - [Restart 0] 1060) Best value: -1.32e+03 | TR length: 5.00e-02 | num. restarts: 8/13 | num. successes: 0/10
2024-01-13 20:43:12,359 - INFO - [Restart 0] 1064) Best value: -1.32e+03 | TR length: 5.00e-02 | num. restarts: 9/13 | num. successes: 0/10
2024-01-13 20:43:13,107 - INFO - [Restart 0] 1068) Best value: -1.32e+03 | TR length: 5.00e-02 | num. restarts: 10/13 | num. successes: 0/10
2024-01-13 20:43:13,860 - INFO - [Restart 0] 1072) Best value: -1.32e+03 | TR length: 5.00e-02 | num. restarts: 11/13 | num. successes: 0/10
2024-01-13 20:43:15,039 - INFO - [Restart 0] 1076) Best value: -1.32e+03 | TR length: 5.00e-02 | num. restarts: 12/13 | num. successes: 0/10
2024-01-13 20:43:15,860 - INFO - [Restart 0] 1080) Best value: -1.32e+03 | TR length: 2.50e-02 | num. restarts: 0/13 | num. successes: 0/10
2024-01-13 20:43:16,750 - INFO - [Restart 0] 1084) Best value: -1.32e+03 | TR length: 2.50e-02 | num. restarts: 1/13 | num. successes: 0/10
2024-01-13 20:43:17,568 - INFO - [Restart 0] 1088) Best value: -1.32e+03 | TR length: 2.50e-02 | num. restarts: 2/13 | num. successes: 0/10
2024-01-13 20:43:19,258 - INFO - [Restart 0] 1092) Best value: -1.24e+03 | TR length: 2.50e-02 | num. restarts: 0/13 | num. successes: 1/10
2024-01-13 20:43:20,494 - INFO - [Restart 0] 1096) Best value: -1.10e+03 | TR length: 2.50e-02 | num. restarts: 0/13 | num. successes: 2/10
2024-01-13 20:43:21,627 - INFO - [Restart 0] 1100) Best value: -1.10e+03 | TR length: 2.50e-02 | num. restarts: 1/13 | num. successes: 0/10
2024-01-13 20:43:22,390 - INFO - [Restart 0] 1104) Best value: -1.03e+03 | TR length: 2.50e-02 | num. restarts: 0/13 | num. successes: 1/10
2024-01-13 20:43:23,517 - INFO - [Restart 0] 1108) Best value: -1.03e+03 | TR length: 2.50e-02 | num. restarts: 1/13 | num. successes: 0/10
2024-01-13 20:43:25,131 - INFO - [Restart 0] 1112) Best value: -1.03e+03 | TR length: 2.50e-02 | num. restarts: 2/13 | num. successes: 0/10
2024-01-13 20:43:26,403 - INFO - [Restart 0] 1116) Best value: -9.23e+02 | TR length: 2.50e-02 | num. restarts: 0/13 | num. successes: 1/10
2024-01-13 20:43:27,364 - INFO - [Restart 0] 1120) Best value: -7.88e+02 | TR length: 2.50e-02 | num. restarts: 0/13 | num. successes: 2/10
2024-01-13 20:43:28,300 - INFO - [Restart 0] 1124) Best value: -7.88e+02 | TR length: 2.50e-02 | num. restarts: 1/13 | num. successes: 0/10
2024-01-13 20:43:29,580 - INFO - [Restart 0] 1128) Best value: -7.88e+02 | TR length: 2.50e-02 | num. restarts: 2/13 | num. successes: 0/10
2024-01-13 20:43:30,748 - INFO - [Restart 0] 1132) Best value: -7.87e+02 | TR length: 2.50e-02 | num. restarts: 0/13 | num. successes: 1/10
2024-01-13 20:43:32,039 - INFO - [Restart 0] 1136) Best value: -7.87e+02 | TR length: 2.50e-02 | num. restarts: 1/13 | num. successes: 0/10
2024-01-13 20:43:33,117 - INFO - [Restart 0] 1140) Best value: -7.61e+02 | TR length: 2.50e-02 | num. restarts: 0/13 | num. successes: 1/10
2024-01-13 20:43:34,149 - INFO - [Restart 0] 1144) Best value: -7.61e+02 | TR length: 2.50e-02 | num. restarts: 1/13 | num. successes: 0/10
2024-01-13 20:43:35,075 - INFO - [Restart 0] 1148) Best value: -7.61e+02 | TR length: 2.50e-02 | num. restarts: 2/13 | num. successes: 0/10
2024-01-13 20:43:36,609 - INFO - [Restart 0] 1152) Best value: -7.61e+02 | TR length: 2.50e-02 | num. restarts: 3/13 | num. successes: 0/10
2024-01-13 20:43:37,743 - INFO - [Restart 0] 1156) Best value: -7.61e+02 | TR length: 2.50e-02 | num. restarts: 4/13 | num. successes: 0/10
2024-01-13 20:43:38,871 - INFO - [Restart 0] 1160) Best value: -7.61e+02 | TR length: 2.50e-02 | num. restarts: 5/13 | num. successes: 0/10
2024-01-13 20:43:40,088 - INFO - [Restart 0] 1164) Best value: -7.61e+02 | TR length: 2.50e-02 | num. restarts: 6/13 | num. successes: 0/10
2024-01-13 20:43:41,199 - INFO - [Restart 0] 1168) Best value: -7.61e+02 | TR length: 2.50e-02 | num. restarts: 7/13 | num. successes: 0/10
2024-01-13 20:43:42,353 - INFO - [Restart 0] 1172) Best value: -7.26e+02 | TR length: 2.50e-02 | num. restarts: 0/13 | num. successes: 1/10
2024-01-13 20:43:44,310 - INFO - [Restart 0] 1176) Best value: -7.26e+02 | TR length: 2.50e-02 | num. restarts: 1/13 | num. successes: 0/10
2024-01-13 20:43:45,494 - INFO - [Restart 0] 1180) Best value: -7.26e+02 | TR length: 2.50e-02 | num. restarts: 2/13 | num. successes: 0/10
2024-01-13 20:43:46,971 - INFO - [Restart 0] 1184) Best value: -7.26e+02 | TR length: 2.50e-02 | num. restarts: 3/13 | num. successes: 0/10
2024-01-13 20:43:48,972 - INFO - [Restart 0] 1188) Best value: -7.26e+02 | TR length: 2.50e-02 | num. restarts: 4/13 | num. successes: 0/10
2024-01-13 20:43:51,187 - INFO - [Restart 0] 1192) Best value: -7.26e+02 | TR length: 2.50e-02 | num. restarts: 5/13 | num. successes: 0/10
2024-01-13 20:43:53,269 - INFO - [Restart 0] 1196) Best value: -6.68e+02 | TR length: 2.50e-02 | num. restarts: 0/13 | num. successes: 1/10
2024-01-13 20:43:54,719 - INFO - [Restart 0] 1200) Best value: -6.68e+02 | TR length: 2.50e-02 | num. restarts: 1/13 | num. successes: 0/10
2024-01-13 20:43:56,438 - INFO - [Restart 0] 1204) Best value: -6.68e+02 | TR length: 2.50e-02 | num. restarts: 2/13 | num. successes: 0/10
2024-01-13 20:43:58,000 - INFO - [Restart 0] 1208) Best value: -6.68e+02 | TR length: 2.50e-02 | num. restarts: 3/13 | num. successes: 0/10
2024-01-13 20:43:59,930 - INFO - [Restart 0] 1212) Best value: -6.68e+02 | TR length: 2.50e-02 | num. restarts: 4/13 | num. successes: 0/10
2024-01-13 20:44:01,464 - INFO - [Restart 0] 1216) Best value: -6.68e+02 | TR length: 2.50e-02 | num. restarts: 5/13 | num. successes: 0/10
2024-01-13 20:44:03,105 - INFO - [Restart 0] 1220) Best value: -6.68e+02 | TR length: 2.50e-02 | num. restarts: 6/13 | num. successes: 0/10
2024-01-13 20:44:04,714 - INFO - [Restart 0] 1224) Best value: -6.31e+02 | TR length: 2.50e-02 | num. restarts: 0/13 | num. successes: 1/10
2024-01-13 20:44:06,134 - INFO - [Restart 0] 1228) Best value: -6.31e+02 | TR length: 2.50e-02 | num. restarts: 1/13 | num. successes: 0/10
2024-01-13 20:44:07,160 - INFO - [Restart 0] 1232) Best value: -6.31e+02 | TR length: 2.50e-02 | num. restarts: 2/13 | num. successes: 0/10
2024-01-13 20:44:08,730 - INFO - [Restart 0] 1236) Best value: -6.31e+02 | TR length: 2.50e-02 | num. restarts: 3/13 | num. successes: 0/10
2024-01-13 20:44:09,724 - INFO - [Restart 0] 1240) Best value: -6.19e+02 | TR length: 2.50e-02 | num. restarts: 0/13 | num. successes: 1/10
2024-01-13 20:44:10,796 - INFO - [Restart 0] 1244) Best value: -6.19e+02 | TR length: 2.50e-02 | num. restarts: 1/13 | num. successes: 0/10
2024-01-13 20:44:12,658 - INFO - [Restart 0] 1248) Best value: -6.01e+02 | TR length: 2.50e-02 | num. restarts: 0/13 | num. successes: 1/10
2024-01-13 20:44:13,753 - INFO - [Restart 0] 1252) Best value: -6.01e+02 | TR length: 2.50e-02 | num. restarts: 1/13 | num. successes: 0/10
2024-01-13 20:44:15,734 - INFO - [Restart 0] 1256) Best value: -5.38e+02 | TR length: 2.50e-02 | num. restarts: 0/13 | num. successes: 1/10
2024-01-13 20:44:17,043 - INFO - [Restart 0] 1260) Best value: -5.38e+02 | TR length: 2.50e-02 | num. restarts: 1/13 | num. successes: 0/10
2024-01-13 20:44:18,243 - INFO - [Restart 0] 1264) Best value: -5.38e+02 | TR length: 2.50e-02 | num. restarts: 2/13 | num. successes: 0/10
2024-01-13 20:44:19,530 - INFO - [Restart 0] 1268) Best value: -4.73e+02 | TR length: 2.50e-02 | num. restarts: 0/13 | num. successes: 1/10
2024-01-13 20:44:20,895 - INFO - [Restart 0] 1272) Best value: -4.73e+02 | TR length: 2.50e-02 | num. restarts: 1/13 | num. successes: 0/10
2024-01-13 20:44:22,371 - INFO - [Restart 0] 1276) Best value: -4.73e+02 | TR length: 2.50e-02 | num. restarts: 2/13 | num. successes: 0/10
2024-01-13 20:44:23,770 - INFO - [Restart 0] 1280) Best value: -4.51e+02 | TR length: 2.50e-02 | num. restarts: 0/13 | num. successes: 1/10
2024-01-13 20:44:24,886 - INFO - [Restart 0] 1284) Best value: -4.50e+02 | TR length: 2.50e-02 | num. restarts: 0/13 | num. successes: 2/10
2024-01-13 20:44:26,721 - INFO - [Restart 0] 1288) Best value: -4.50e+02 | TR length: 2.50e-02 | num. restarts: 1/13 | num. successes: 0/10
2024-01-13 20:44:28,122 - INFO - [Restart 0] 1292) Best value: -4.50e+02 | TR length: 2.50e-02 | num. restarts: 2/13 | num. successes: 0/10
2024-01-13 20:44:29,971 - INFO - [Restart 0] 1296) Best value: -4.50e+02 | TR length: 2.50e-02 | num. restarts: 3/13 | num. successes: 0/10
2024-01-13 20:44:31,537 - INFO - [Restart 0] 1300) Best value: -4.50e+02 | TR length: 2.50e-02 | num. restarts: 4/13 | num. successes: 0/10
2024-01-13 20:44:32,593 - INFO - [Restart 0] 1304) Best value: -4.50e+02 | TR length: 2.50e-02 | num. restarts: 5/13 | num. successes: 0/10
2024-01-13 20:44:34,338 - INFO - [Restart 0] 1308) Best value: -4.50e+02 | TR length: 2.50e-02 | num. restarts: 6/13 | num. successes: 0/10
2024-01-13 20:44:35,848 - INFO - [Restart 0] 1312) Best value: -4.50e+02 | TR length: 2.50e-02 | num. restarts: 7/13 | num. successes: 0/10
2024-01-13 20:44:36,878 - INFO - [Restart 0] 1316) Best value: -4.50e+02 | TR length: 2.50e-02 | num. restarts: 8/13 | num. successes: 0/10
2024-01-13 20:44:37,964 - INFO - [Restart 0] 1320) Best value: -4.50e+02 | TR length: 2.50e-02 | num. restarts: 9/13 | num. successes: 0/10
2024-01-13 20:44:39,167 - INFO - [Restart 0] 1324) Best value: -4.50e+02 | TR length: 2.50e-02 | num. restarts: 10/13 | num. successes: 0/10
2024-01-13 20:44:41,235 - INFO - [Restart 0] 1328) Best value: -4.50e+02 | TR length: 2.50e-02 | num. restarts: 11/13 | num. successes: 0/10
2024-01-13 20:44:42,335 - INFO - [Restart 0] 1332) Best value: -4.50e+02 | TR length: 2.50e-02 | num. restarts: 12/13 | num. successes: 0/10
2024-01-13 20:44:43,465 - INFO - [Restart 0] 1336) Best value: -4.50e+02 | TR length: 1.25e-02 | num. restarts: 0/13 | num. successes: 0/10
2024-01-13 20:44:44,620 - INFO - [Restart 0] 1340) Best value: -4.50e+02 | TR length: 1.25e-02 | num. restarts: 1/13 | num. successes: 0/10
2024-01-13 20:44:45,800 - INFO - [Restart 0] 1344) Best value: -4.39e+02 | TR length: 1.25e-02 | num. restarts: 0/13 | num. successes: 1/10
2024-01-13 20:44:47,046 - INFO - [Restart 0] 1348) Best value: -4.39e+02 | TR length: 1.25e-02 | num. restarts: 1/13 | num. successes: 0/10
2024-01-13 20:44:48,421 - INFO - [Restart 0] 1352) Best value: -4.39e+02 | TR length: 1.25e-02 | num. restarts: 2/13 | num. successes: 0/10
2024-01-13 20:44:49,606 - INFO - [Restart 0] 1356) Best value: -4.37e+02 | TR length: 1.25e-02 | num. restarts: 0/13 | num. successes: 1/10
2024-01-13 20:44:50,908 - INFO - [Restart 0] 1360) Best value: -4.37e+02 | TR length: 1.25e-02 | num. restarts: 1/13 | num. successes: 0/10
2024-01-13 20:44:51,167 - INFO - [Restart 0] 1364) Best value: -4.37e+02 | TR length: 1.25e-02 | num. restarts: 2/13 | num. successes: 0/10
2024-01-13 20:44:52,372 - INFO - [Restart 0] 1368) Best value: -4.32e+02 | TR length: 1.25e-02 | num. restarts: 0/13 | num. successes: 1/10
2024-01-13 20:44:53,537 - INFO - [Restart 0] 1372) Best value: -4.17e+02 | TR length: 1.25e-02 | num. restarts: 0/13 | num. successes: 2/10
2024-01-13 20:44:54,835 - INFO - [Restart 0] 1376) Best value: -4.08e+02 | TR length: 1.25e-02 | num. restarts: 0/13 | num. successes: 3/10
2024-01-13 20:44:56,231 - INFO - [Restart 0] 1380) Best value: -4.08e+02 | TR length: 1.25e-02 | num. restarts: 1/13 | num. successes: 0/10
2024-01-13 20:44:57,559 - INFO - [Restart 0] 1384) Best value: -3.95e+02 | TR length: 1.25e-02 | num. restarts: 0/13 | num. successes: 1/10
2024-01-13 20:44:59,270 - INFO - [Restart 0] 1388) Best value: -3.90e+02 | TR length: 1.25e-02 | num. restarts: 0/13 | num. successes: 2/10
2024-01-13 20:45:00,557 - INFO - [Restart 0] 1392) Best value: -3.86e+02 | TR length: 1.25e-02 | num. restarts: 0/13 | num. successes: 3/10
2024-01-13 20:45:02,024 - INFO - [Restart 0] 1396) Best value: -3.85e+02 | TR length: 1.25e-02 | num. restarts: 0/13 | num. successes: 4/10
2024-01-13 20:45:03,628 - INFO - [Restart 0] 1400) Best value: -3.85e+02 | TR length: 1.25e-02 | num. restarts: 1/13 | num. successes: 0/10
2024-01-13 20:45:05,274 - INFO - [Restart 0] 1404) Best value: -3.72e+02 | TR length: 1.25e-02 | num. restarts: 0/13 | num. successes: 1/10
2024-01-13 20:45:07,818 - INFO - [Restart 0] 1408) Best value: -3.71e+02 | TR length: 1.25e-02 | num. restarts: 0/13 | num. successes: 2/10
2024-01-13 20:45:09,923 - INFO - [Restart 0] 1412) Best value: -3.66e+02 | TR length: 1.25e-02 | num. restarts: 0/13 | num. successes: 3/10
2024-01-13 20:45:11,296 - INFO - [Restart 0] 1416) Best value: -3.66e+02 | TR length: 1.25e-02 | num. restarts: 1/13 | num. successes: 0/10
2024-01-13 20:45:12,673 - INFO - [Restart 0] 1420) Best value: -3.66e+02 | TR length: 1.25e-02 | num. restarts: 2/13 | num. successes: 0/10
2024-01-13 20:45:14,526 - INFO - [Restart 0] 1424) Best value: -3.66e+02 | TR length: 1.25e-02 | num. restarts: 3/13 | num. successes: 0/10
2024-01-13 20:45:16,049 - INFO - [Restart 0] 1428) Best value: -3.66e+02 | TR length: 1.25e-02 | num. restarts: 4/13 | num. successes: 0/10
2024-01-13 20:45:17,709 - INFO - [Restart 0] 1432) Best value: -3.66e+02 | TR length: 1.25e-02 | num. restarts: 5/13 | num. successes: 0/10
2024-01-13 20:45:20,034 - INFO - [Restart 0] 1436) Best value: -3.66e+02 | TR length: 1.25e-02 | num. restarts: 6/13 | num. successes: 0/10
2024-01-13 20:45:21,852 - INFO - [Restart 0] 1440) Best value: -3.65e+02 | TR length: 1.25e-02 | num. restarts: 0/13 | num. successes: 1/10
2024-01-13 20:45:23,696 - INFO - [Restart 0] 1444) Best value: -3.65e+02 | TR length: 1.25e-02 | num. restarts: 1/13 | num. successes: 0/10
2024-01-13 20:45:25,411 - INFO - [Restart 0] 1448) Best value: -3.65e+02 | TR length: 1.25e-02 | num. restarts: 2/13 | num. successes: 0/10
2024-01-13 20:45:26,914 - INFO - [Restart 0] 1452) Best value: -3.65e+02 | TR length: 1.25e-02 | num. restarts: 3/13 | num. successes: 0/10
2024-01-13 20:45:28,598 - INFO - [Restart 0] 1456) Best value: -3.65e+02 | TR length: 1.25e-02 | num. restarts: 4/13 | num. successes: 0/10
2024-01-13 20:45:30,369 - INFO - [Restart 0] 1460) Best value: -3.65e+02 | TR length: 1.25e-02 | num. restarts: 5/13 | num. successes: 0/10
2024-01-13 20:45:32,213 - INFO - [Restart 0] 1464) Best value: -3.65e+02 | TR length: 1.25e-02 | num. restarts: 6/13 | num. successes: 0/10
2024-01-13 20:45:33,850 - INFO - [Restart 0] 1468) Best value: -3.65e+02 | TR length: 1.25e-02 | num. restarts: 7/13 | num. successes: 0/10
2024-01-13 20:45:35,705 - INFO - [Restart 0] 1472) Best value: -3.65e+02 | TR length: 1.25e-02 | num. restarts: 8/13 | num. successes: 0/10
2024-01-13 20:45:37,359 - INFO - [Restart 0] 1476) Best value: -3.65e+02 | TR length: 1.25e-02 | num. restarts: 9/13 | num. successes: 0/10
2024-01-13 20:45:39,287 - INFO - [Restart 0] 1480) Best value: -3.65e+02 | TR length: 1.25e-02 | num. restarts: 10/13 | num. successes: 0/10
2024-01-13 20:45:41,159 - INFO - [Restart 0] 1484) Best value: -3.65e+02 | TR length: 1.25e-02 | num. restarts: 11/13 | num. successes: 0/10
2024-01-13 20:45:43,189 - INFO - [Restart 0] 1488) Best value: -3.65e+02 | TR length: 1.25e-02 | num. restarts: 12/13 | num. successes: 0/10
2024-01-13 20:45:45,199 - INFO - [Restart 0] 1492) Best value: -3.65e+02 | TR length: 6.25e-03 | num. restarts: 0/13 | num. successes: 0/10
2024-01-13 20:45:45,624 - INFO - [Restart 1] 1596) Best value: -4.66e+06 | TR length: 8.00e-01 | num. restarts: 0/13 | num. successes: 1/10
2024-01-13 20:45:46,004 - INFO - [Restart 1] 1600) Best value: -3.65e+06 | TR length: 8.00e-01 | num. restarts: 0/13 | num. successes: 2/10
2024-01-13 20:45:46,516 - INFO - [Restart 1] 1604) Best value: -3.65e+06 | TR length: 8.00e-01 | num. restarts: 1/13 | num. successes: 0/10
2024-01-13 20:45:46,994 - INFO - [Restart 1] 1608) Best value: -3.65e+06 | TR length: 8.00e-01 | num. restarts: 2/13 | num. successes: 0/10
2024-01-13 20:45:47,564 - INFO - [Restart 1] 1612) Best value: -2.40e+06 | TR length: 8.00e-01 | num. restarts: 0/13 | num. successes: 1/10
2024-01-13 20:45:48,704 - INFO - [Restart 1] 1616) Best value: -2.40e+06 | TR length: 8.00e-01 | num. restarts: 1/13 | num. successes: 0/10
2024-01-13 20:45:49,383 - INFO - [Restart 1] 1620) Best value: -2.40e+06 | TR length: 8.00e-01 | num. restarts: 2/13 | num. successes: 0/10
2024-01-13 20:45:50,171 - INFO - [Restart 1] 1624) Best value: -2.38e+06 | TR length: 8.00e-01 | num. restarts: 0/13 | num. successes: 1/10
2024-01-13 20:45:50,781 - INFO - [Restart 1] 1628) Best value: -2.38e+06 | TR length: 8.00e-01 | num. restarts: 1/13 | num. successes: 0/10
2024-01-13 20:45:51,561 - INFO - [Restart 1] 1632) Best value: -2.38e+06 | TR length: 8.00e-01 | num. restarts: 2/13 | num. successes: 0/10
2024-01-13 20:45:52,491 - INFO - [Restart 1] 1636) Best value: -1.92e+06 | TR length: 8.00e-01 | num. restarts: 0/13 | num. successes: 1/10
2024-01-13 20:45:52,917 - INFO - [Restart 1] 1640) Best value: -1.92e+06 | TR length: 8.00e-01 | num. restarts: 1/13 | num. successes: 0/10
2024-01-13 20:45:53,825 - INFO - [Restart 1] 1644) Best value: -1.92e+06 | TR length: 8.00e-01 | num. restarts: 2/13 | num. successes: 0/10
2024-01-13 20:45:54,428 - INFO - [Restart 1] 1648) Best value: -1.92e+06 | TR length: 8.00e-01 | num. restarts: 3/13 | num. successes: 0/10
2024-01-13 20:45:56,114 - INFO - [Restart 1] 1652) Best value: -1.92e+06 | TR length: 8.00e-01 | num. restarts: 4/13 | num. successes: 0/10
2024-01-13 20:45:56,603 - INFO - [Restart 1] 1656) Best value: -1.82e+06 | TR length: 8.00e-01 | num. restarts: 0/13 | num. successes: 1/10
2024-01-13 20:45:57,046 - INFO - [Restart 1] 1660) Best value: -1.82e+06 | TR length: 8.00e-01 | num. restarts: 1/13 | num. successes: 0/10
2024-01-13 20:45:57,518 - INFO - [Restart 1] 1664) Best value: -1.82e+06 | TR length: 8.00e-01 | num. restarts: 2/13 | num. successes: 0/10
2024-01-13 20:45:58,497 - INFO - [Restart 1] 1668) Best value: -1.31e+06 | TR length: 8.00e-01 | num. restarts: 0/13 | num. successes: 1/10
2024-01-13 20:45:59,206 - INFO - [Restart 1] 1672) Best value: -1.31e+06 | TR length: 8.00e-01 | num. restarts: 1/13 | num. successes: 0/10
2024-01-13 20:45:59,940 - INFO - [Restart 1] 1676) Best value: -1.10e+06 | TR length: 8.00e-01 | num. restarts: 0/13 | num. successes: 1/10
2024-01-13 20:46:00,639 - INFO - [Restart 1] 1680) Best value: -1.10e+06 | TR length: 8.00e-01 | num. restarts: 1/13 | num. successes: 0/10
2024-01-13 20:46:01,293 - INFO - [Restart 1] 1684) Best value: -8.04e+05 | TR length: 8.00e-01 | num. restarts: 0/13 | num. successes: 1/10
2024-01-13 20:46:02,689 - INFO - [Restart 1] 1688) Best value: -8.04e+05 | TR length: 8.00e-01 | num. restarts: 1/13 | num. successes: 0/10
2024-01-13 20:46:03,866 - INFO - [Restart 1] 1692) Best value: -8.04e+05 | TR length: 8.00e-01 | num. restarts: 2/13 | num. successes: 0/10
2024-01-13 20:46:04,442 - INFO - [Restart 1] 1696) Best value: -8.04e+05 | TR length: 8.00e-01 | num. restarts: 3/13 | num. successes: 0/10
2024-01-13 20:46:06,518 - INFO - [Restart 1] 1700) Best value: -8.04e+05 | TR length: 8.00e-01 | num. restarts: 4/13 | num. successes: 0/10
2024-01-13 20:46:07,256 - INFO - [Restart 1] 1704) Best value: -8.04e+05 | TR length: 8.00e-01 | num. restarts: 5/13 | num. successes: 0/10
2024-01-13 20:46:08,202 - INFO - [Restart 1] 1708) Best value: -7.56e+05 | TR length: 8.00e-01 | num. restarts: 0/13 | num. successes: 1/10
2024-01-13 20:46:09,372 - INFO - [Restart 1] 1712) Best value: -7.56e+05 | TR length: 8.00e-01 | num. restarts: 1/13 | num. successes: 0/10
2024-01-13 20:46:10,058 - INFO - [Restart 1] 1716) Best value: -5.08e+05 | TR length: 8.00e-01 | num. restarts: 0/13 | num. successes: 1/10
2024-01-13 20:46:11,414 - INFO - [Restart 1] 1720) Best value: -5.08e+05 | TR length: 8.00e-01 | num. restarts: 1/13 | num. successes: 0/10
2024-01-13 20:46:12,024 - INFO - [Restart 1] 1724) Best value: -5.08e+05 | TR length: 8.00e-01 | num. restarts: 2/13 | num. successes: 0/10
2024-01-13 20:46:13,152 - INFO - [Restart 1] 1728) Best value: -5.08e+05 | TR length: 8.00e-01 | num. restarts: 3/13 | num. successes: 0/10
2024-01-13 20:46:14,191 - INFO - [Restart 1] 1732) Best value: -5.08e+05 | TR length: 8.00e-01 | num. restarts: 4/13 | num. successes: 0/10
2024-01-13 20:46:15,166 - INFO - [Restart 1] 1736) Best value: -5.08e+05 | TR length: 8.00e-01 | num. restarts: 5/13 | num. successes: 0/10
2024-01-13 20:46:16,350 - INFO - [Restart 1] 1740) Best value: -3.26e+05 | TR length: 8.00e-01 | num. restarts: 0/13 | num. successes: 1/10
2024-01-13 20:46:17,120 - INFO - [Restart 1] 1744) Best value: -3.26e+05 | TR length: 8.00e-01 | num. restarts: 1/13 | num. successes: 0/10
2024-01-13 20:46:18,105 - INFO - [Restart 1] 1748) Best value: -3.26e+05 | TR length: 8.00e-01 | num. restarts: 2/13 | num. successes: 0/10
2024-01-13 20:46:18,804 - INFO - [Restart 1] 1752) Best value: -3.26e+05 | TR length: 8.00e-01 | num. restarts: 3/13 | num. successes: 0/10
2024-01-13 20:46:19,921 - INFO - [Restart 1] 1756) Best value: -3.06e+05 | TR length: 8.00e-01 | num. restarts: 0/13 | num. successes: 1/10
2024-01-13 20:46:20,791 - INFO - [Restart 1] 1760) Best value: -3.06e+05 | TR length: 8.00e-01 | num. restarts: 1/13 | num. successes: 0/10
2024-01-13 20:46:21,790 - INFO - [Restart 1] 1764) Best value: -3.06e+05 | TR length: 8.00e-01 | num. restarts: 2/13 | num. successes: 0/10
2024-01-13 20:46:22,849 - INFO - [Restart 1] 1768) Best value: -2.90e+05 | TR length: 8.00e-01 | num. restarts: 0/13 | num. successes: 1/10
2024-01-13 20:46:23,752 - INFO - [Restart 1] 1772) Best value: -2.90e+05 | TR length: 8.00e-01 | num. restarts: 1/13 | num. successes: 0/10
2024-01-13 20:46:24,743 - INFO - [Restart 1] 1776) Best value: -2.90e+05 | TR length: 8.00e-01 | num. restarts: 2/13 | num. successes: 0/10
2024-01-13 20:46:25,655 - INFO - [Restart 1] 1780) Best value: -2.90e+05 | TR length: 8.00e-01 | num. restarts: 3/13 | num. successes: 0/10
2024-01-13 20:46:26,579 - INFO - [Restart 1] 1784) Best value: -2.90e+05 | TR length: 8.00e-01 | num. restarts: 4/13 | num. successes: 0/10
2024-01-13 20:46:27,459 - INFO - [Restart 1] 1788) Best value: -2.90e+05 | TR length: 8.00e-01 | num. restarts: 5/13 | num. successes: 0/10
2024-01-13 20:46:28,419 - INFO - [Restart 1] 1792) Best value: -2.90e+05 | TR length: 8.00e-01 | num. restarts: 6/13 | num. successes: 0/10
2024-01-13 20:46:29,239 - INFO - [Restart 1] 1796) Best value: -2.90e+05 | TR length: 8.00e-01 | num. restarts: 7/13 | num. successes: 0/10
2024-01-13 20:46:30,317 - INFO - [Restart 1] 1800) Best value: -2.83e+05 | TR length: 8.00e-01 | num. restarts: 0/13 | num. successes: 1/10
2024-01-13 20:46:31,413 - INFO - [Restart 1] 1804) Best value: -2.22e+05 | TR length: 8.00e-01 | num. restarts: 0/13 | num. successes: 2/10
2024-01-13 20:46:32,406 - INFO - [Restart 1] 1808) Best value: -2.22e+05 | TR length: 8.00e-01 | num. restarts: 1/13 | num. successes: 0/10
2024-01-13 20:46:33,428 - INFO - [Restart 1] 1812) Best value: -2.00e+05 | TR length: 8.00e-01 | num. restarts: 0/13 | num. successes: 1/10
2024-01-13 20:46:34,120 - INFO - [Restart 1] 1816) Best value: -2.00e+05 | TR length: 8.00e-01 | num. restarts: 1/13 | num. successes: 0/10
2024-01-13 20:46:34,905 - INFO - [Restart 1] 1820) Best value: -2.00e+05 | TR length: 8.00e-01 | num. restarts: 2/13 | num. successes: 0/10
2024-01-13 20:46:36,002 - INFO - [Restart 1] 1824) Best value: -2.00e+05 | TR length: 8.00e-01 | num. restarts: 3/13 | num. successes: 0/10
2024-01-13 20:46:36,748 - INFO - [Restart 1] 1828) Best value: -2.00e+05 | TR length: 8.00e-01 | num. restarts: 4/13 | num. successes: 0/10
2024-01-13 20:46:37,590 - INFO - [Restart 1] 1832) Best value: -2.00e+05 | TR length: 8.00e-01 | num. restarts: 5/13 | num. successes: 0/10
2024-01-13 20:46:38,271 - INFO - [Restart 1] 1836) Best value: -2.00e+05 | TR length: 8.00e-01 | num. restarts: 6/13 | num. successes: 0/10
2024-01-13 20:46:39,400 - INFO - [Restart 1] 1840) Best value: -2.00e+05 | TR length: 8.00e-01 | num. restarts: 7/13 | num. successes: 0/10
2024-01-13 20:46:40,541 - INFO - [Restart 1] 1844) Best value: -2.00e+05 | TR length: 8.00e-01 | num. restarts: 8/13 | num. successes: 0/10
2024-01-13 20:46:41,382 - INFO - [Restart 1] 1848) Best value: -2.00e+05 | TR length: 8.00e-01 | num. restarts: 9/13 | num. successes: 0/10
2024-01-13 20:46:42,208 - INFO - [Restart 1] 1852) Best value: -2.00e+05 | TR length: 8.00e-01 | num. restarts: 10/13 | num. successes: 0/10
2024-01-13 20:46:43,185 - INFO - [Restart 1] 1856) Best value: -2.00e+05 | TR length: 8.00e-01 | num. restarts: 11/13 | num. successes: 0/10
2024-01-13 20:46:44,401 - INFO - [Restart 1] 1860) Best value: -2.00e+05 | TR length: 8.00e-01 | num. restarts: 12/13 | num. successes: 0/10
2024-01-13 20:46:45,158 - INFO - [Restart 1] 1864) Best value: -2.00e+05 | TR length: 4.00e-01 | num. restarts: 0/13 | num. successes: 0/10
2024-01-13 20:46:46,129 - INFO - [Restart 1] 1868) Best value: -1.75e+05 | TR length: 4.00e-01 | num. restarts: 0/13 | num. successes: 1/10
2024-01-13 20:46:47,200 - INFO - [Restart 1] 1872) Best value: -9.19e+04 | TR length: 4.00e-01 | num. restarts: 0/13 | num. successes: 2/10
2024-01-13 20:46:48,186 - INFO - [Restart 1] 1876) Best value: -8.08e+04 | TR length: 4.00e-01 | num. restarts: 0/13 | num. successes: 3/10
2024-01-13 20:46:49,108 - INFO - [Restart 1] 1880) Best value: -8.08e+04 | TR length: 4.00e-01 | num. restarts: 1/13 | num. successes: 0/10
2024-01-13 20:46:50,104 - INFO - [Restart 1] 1884) Best value: -8.08e+04 | TR length: 4.00e-01 | num. restarts: 2/13 | num. successes: 0/10
2024-01-13 20:46:51,361 - INFO - [Restart 1] 1888) Best value: -8.08e+04 | TR length: 4.00e-01 | num. restarts: 3/13 | num. successes: 0/10
2024-01-13 20:46:52,345 - INFO - [Restart 1] 1892) Best value: -8.08e+04 | TR length: 4.00e-01 | num. restarts: 4/13 | num. successes: 0/10
2024-01-13 20:46:53,556 - INFO - [Restart 1] 1896) Best value: -8.08e+04 | TR length: 4.00e-01 | num. restarts: 5/13 | num. successes: 0/10
2024-01-13 20:46:54,232 - INFO - [Restart 1] 1900) Best value: -7.10e+04 | TR length: 4.00e-01 | num. restarts: 0/13 | num. successes: 1/10
2024-01-13 20:46:55,109 - INFO - [Restart 1] 1904) Best value: -7.10e+04 | TR length: 4.00e-01 | num. restarts: 1/13 | num. successes: 0/10
2024-01-13 20:46:55,977 - INFO - [Restart 1] 1908) Best value: -7.10e+04 | TR length: 4.00e-01 | num. restarts: 2/13 | num. successes: 0/10
2024-01-13 20:46:56,839 - INFO - [Restart 1] 1912) Best value: -7.10e+04 | TR length: 4.00e-01 | num. restarts: 3/13 | num. successes: 0/10
2024-01-13 20:46:57,716 - INFO - [Restart 1] 1916) Best value: -7.10e+04 | TR length: 4.00e-01 | num. restarts: 4/13 | num. successes: 0/10
2024-01-13 20:46:58,370 - INFO - [Restart 1] 1920) Best value: -6.15e+04 | TR length: 4.00e-01 | num. restarts: 0/13 | num. successes: 1/10
2024-01-13 20:46:59,240 - INFO - [Restart 1] 1924) Best value: -6.15e+04 | TR length: 4.00e-01 | num. restarts: 1/13 | num. successes: 0/10
2024-01-13 20:46:59,936 - INFO - [Restart 1] 1928) Best value: -4.00e+04 | TR length: 4.00e-01 | num. restarts: 0/13 | num. successes: 1/10
2024-01-13 20:47:00,544 - INFO - [Restart 1] 1932) Best value: -4.00e+04 | TR length: 4.00e-01 | num. restarts: 1/13 | num. successes: 0/10
2024-01-13 20:47:01,351 - INFO - [Restart 1] 1936) Best value: -4.00e+04 | TR length: 4.00e-01 | num. restarts: 2/13 | num. successes: 0/10
2024-01-13 20:47:02,331 - INFO - [Restart 1] 1940) Best value: -3.30e+04 | TR length: 4.00e-01 | num. restarts: 0/13 | num. successes: 1/10
2024-01-13 20:47:03,083 - INFO - [Restart 1] 1944) Best value: -3.30e+04 | TR length: 4.00e-01 | num. restarts: 1/13 | num. successes: 0/10
2024-01-13 20:47:04,237 - INFO - [Restart 1] 1948) Best value: -3.30e+04 | TR length: 4.00e-01 | num. restarts: 2/13 | num. successes: 0/10
2024-01-13 20:47:05,407 - INFO - [Restart 1] 1952) Best value: -3.30e+04 | TR length: 4.00e-01 | num. restarts: 3/13 | num. successes: 0/10
2024-01-13 20:47:06,086 - INFO - [Restart 1] 1956) Best value: -3.30e+04 | TR length: 4.00e-01 | num. restarts: 4/13 | num. successes: 0/10
2024-01-13 20:47:06,624 - INFO - [Restart 1] 1960) Best value: -3.30e+04 | TR length: 4.00e-01 | num. restarts: 5/13 | num. successes: 0/10
2024-01-13 20:47:07,786 - INFO - [Restart 1] 1964) Best value: -3.30e+04 | TR length: 4.00e-01 | num. restarts: 6/13 | num. successes: 0/10
2024-01-13 20:47:08,332 - INFO - [Restart 1] 1968) Best value: -3.30e+04 | TR length: 4.00e-01 | num. restarts: 7/13 | num. successes: 0/10
2024-01-13 20:47:09,002 - INFO - [Restart 1] 1972) Best value: -3.30e+04 | TR length: 4.00e-01 | num. restarts: 8/13 | num. successes: 0/10
2024-01-13 20:47:10,096 - INFO - [Restart 1] 1976) Best value: -3.30e+04 | TR length: 4.00e-01 | num. restarts: 9/13 | num. successes: 0/10
2024-01-13 20:47:10,905 - INFO - [Restart 1] 1980) Best value: -3.30e+04 | TR length: 4.00e-01 | num. restarts: 10/13 | num. successes: 0/10
2024-01-13 20:47:11,696 - INFO - [Restart 1] 1984) Best value: -3.30e+04 | TR length: 4.00e-01 | num. restarts: 11/13 | num. successes: 0/10
2024-01-13 20:47:13,015 - INFO - [Restart 1] 1988) Best value: -3.30e+04 | TR length: 4.00e-01 | num. restarts: 12/13 | num. successes: 0/10
2024-01-13 20:47:14,082 - INFO - [Restart 1] 1992) Best value: -3.30e+04 | TR length: 2.00e-01 | num. restarts: 0/13 | num. successes: 0/10
2024-01-13 20:47:14,943 - INFO - [Restart 1] 1996) Best value: -3.24e+04 | TR length: 2.00e-01 | num. restarts: 0/13 | num. successes: 1/10
2024-01-13 20:47:15,886 - INFO - [Restart 1] 2000) Best value: -3.17e+04 | TR length: 2.00e-01 | num. restarts: 0/13 | num. successes: 2/10
2024-01-13 20:47:16,791 - INFO - [Restart 1] 2004) Best value: -3.17e+04 | TR length: 2.00e-01 | num. restarts: 1/13 | num. successes: 0/10
2024-01-13 20:47:17,562 - INFO - [Restart 1] 2008) Best value: -2.10e+04 | TR length: 2.00e-01 | num. restarts: 0/13 | num. successes: 1/10
2024-01-13 20:47:18,262 - INFO - [Restart 1] 2012) Best value: -1.92e+04 | TR length: 2.00e-01 | num. restarts: 0/13 | num. successes: 2/10
2024-01-13 20:47:19,262 - INFO - [Restart 1] 2016) Best value: -1.92e+04 | TR length: 2.00e-01 | num. restarts: 1/13 | num. successes: 0/10
2024-01-13 20:47:20,088 - INFO - [Restart 1] 2020) Best value: -1.92e+04 | TR length: 2.00e-01 | num. restarts: 2/13 | num. successes: 0/10
2024-01-13 20:47:20,831 - INFO - [Restart 1] 2024) Best value: -1.63e+04 | TR length: 2.00e-01 | num. restarts: 0/13 | num. successes: 1/10
2024-01-13 20:47:21,654 - INFO - [Restart 1] 2028) Best value: -1.63e+04 | TR length: 2.00e-01 | num. restarts: 1/13 | num. successes: 0/10
2024-01-13 20:47:22,670 - INFO - [Restart 1] 2032) Best value: -1.63e+04 | TR length: 2.00e-01 | num. restarts: 2/13 | num. successes: 0/10
2024-01-13 20:47:23,993 - INFO - [Restart 1] 2036) Best value: -1.63e+04 | TR length: 2.00e-01 | num. restarts: 3/13 | num. successes: 0/10
2024-01-13 20:47:24,924 - INFO - [Restart 1] 2040) Best value: -1.63e+04 | TR length: 2.00e-01 | num. restarts: 4/13 | num. successes: 0/10
2024-01-13 20:47:25,852 - INFO - [Restart 1] 2044) Best value: -1.56e+04 | TR length: 2.00e-01 | num. restarts: 0/13 | num. successes: 1/10
2024-01-13 20:47:26,964 - INFO - [Restart 1] 2048) Best value: -1.56e+04 | TR length: 2.00e-01 | num. restarts: 1/13 | num. successes: 0/10
2024-01-13 20:47:27,988 - INFO - [Restart 1] 2052) Best value: -1.56e+04 | TR length: 2.00e-01 | num. restarts: 2/13 | num. successes: 0/10
2024-01-13 20:47:28,869 - INFO - [Restart 1] 2056) Best value: -1.56e+04 | TR length: 2.00e-01 | num. restarts: 3/13 | num. successes: 0/10
2024-01-13 20:47:30,119 - INFO - [Restart 1] 2060) Best value: -1.25e+04 | TR length: 2.00e-01 | num. restarts: 0/13 | num. successes: 1/10
2024-01-13 20:47:31,217 - INFO - [Restart 1] 2064) Best value: -1.25e+04 | TR length: 2.00e-01 | num. restarts: 1/13 | num. successes: 0/10
2024-01-13 20:47:32,232 - INFO - [Restart 1] 2068) Best value: -1.25e+04 | TR length: 2.00e-01 | num. restarts: 2/13 | num. successes: 0/10
2024-01-13 20:47:33,721 - INFO - [Restart 1] 2072) Best value: -1.25e+04 | TR length: 2.00e-01 | num. restarts: 3/13 | num. successes: 0/10
2024-01-13 20:47:34,933 - INFO - [Restart 1] 2076) Best value: -1.25e+04 | TR length: 2.00e-01 | num. restarts: 4/13 | num. successes: 0/10
2024-01-13 20:47:35,949 - INFO - [Restart 1] 2080) Best value: -1.25e+04 | TR length: 2.00e-01 | num. restarts: 5/13 | num. successes: 0/10
2024-01-13 20:47:36,832 - INFO - [Restart 1] 2084) Best value: -1.25e+04 | TR length: 2.00e-01 | num. restarts: 6/13 | num. successes: 0/10
2024-01-13 20:47:38,679 - INFO - [Restart 1] 2088) Best value: -1.25e+04 | TR length: 2.00e-01 | num. restarts: 7/13 | num. successes: 0/10
2024-01-13 20:47:39,855 - INFO - [Restart 1] 2092) Best value: -1.20e+04 | TR length: 2.00e-01 | num. restarts: 0/13 | num. successes: 1/10
2024-01-13 20:47:40,871 - INFO - [Restart 1] 2096) Best value: -1.20e+04 | TR length: 2.00e-01 | num. restarts: 1/13 | num. successes: 0/10
2024-01-13 20:47:42,332 - INFO - [Restart 1] 2100) Best value: -1.20e+04 | TR length: 2.00e-01 | num. restarts: 2/13 | num. successes: 0/10
2024-01-13 20:47:43,178 - INFO - [Restart 1] 2104) Best value: -1.20e+04 | TR length: 2.00e-01 | num. restarts: 3/13 | num. successes: 0/10
2024-01-13 20:47:44,255 - INFO - [Restart 1] 2108) Best value: -9.54e+03 | TR length: 2.00e-01 | num. restarts: 0/13 | num. successes: 1/10
2024-01-13 20:47:45,413 - INFO - [Restart 1] 2112) Best value: -9.54e+03 | TR length: 2.00e-01 | num. restarts: 1/13 | num. successes: 0/10
2024-01-13 20:47:46,896 - INFO - [Restart 1] 2116) Best value: -9.54e+03 | TR length: 2.00e-01 | num. restarts: 2/13 | num. successes: 0/10
2024-01-13 20:47:48,030 - INFO - [Restart 1] 2120) Best value: -9.54e+03 | TR length: 2.00e-01 | num. restarts: 3/13 | num. successes: 0/10
2024-01-13 20:47:49,188 - INFO - [Restart 1] 2124) Best value: -9.54e+03 | TR length: 2.00e-01 | num. restarts: 4/13 | num. successes: 0/10
2024-01-13 20:47:50,598 - INFO - [Restart 1] 2128) Best value: -9.54e+03 | TR length: 2.00e-01 | num. restarts: 5/13 | num. successes: 0/10
2024-01-13 20:47:51,558 - INFO - [Restart 1] 2132) Best value: -9.54e+03 | TR length: 2.00e-01 | num. restarts: 6/13 | num. successes: 0/10
2024-01-13 20:47:52,848 - INFO - [Restart 1] 2136) Best value: -9.54e+03 | TR length: 2.00e-01 | num. restarts: 7/13 | num. successes: 0/10
2024-01-13 20:47:54,272 - INFO - [Restart 1] 2140) Best value: -9.54e+03 | TR length: 2.00e-01 | num. restarts: 8/13 | num. successes: 0/10
2024-01-13 20:47:56,097 - INFO - [Restart 1] 2144) Best value: -9.54e+03 | TR length: 2.00e-01 | num. restarts: 9/13 | num. successes: 0/10
2024-01-13 20:47:57,350 - INFO - [Restart 1] 2148) Best value: -9.54e+03 | TR length: 2.00e-01 | num. restarts: 10/13 | num. successes: 0/10
2024-01-13 20:47:58,427 - INFO - [Restart 1] 2152) Best value: -9.54e+03 | TR length: 2.00e-01 | num. restarts: 11/13 | num. successes: 0/10
2024-01-13 20:47:59,747 - INFO - [Restart 1] 2156) Best value: -9.54e+03 | TR length: 2.00e-01 | num. restarts: 12/13 | num. successes: 0/10
2024-01-13 20:48:00,997 - INFO - [Restart 1] 2160) Best value: -9.54e+03 | TR length: 1.00e-01 | num. restarts: 0/13 | num. successes: 0/10
2024-01-13 20:48:02,125 - INFO - [Restart 1] 2164) Best value: -9.03e+03 | TR length: 1.00e-01 | num. restarts: 0/13 | num. successes: 1/10
2024-01-13 20:48:03,845 - INFO - [Restart 1] 2168) Best value: -7.72e+03 | TR length: 1.00e-01 | num. restarts: 0/13 | num. successes: 2/10
2024-01-13 20:48:05,081 - INFO - [Restart 1] 2172) Best value: -7.72e+03 | TR length: 1.00e-01 | num. restarts: 1/13 | num. successes: 0/10
2024-01-13 20:48:06,155 - INFO - [Restart 1] 2176) Best value: -7.72e+03 | TR length: 1.00e-01 | num. restarts: 2/13 | num. successes: 0/10
2024-01-13 20:48:06,882 - INFO - [Restart 1] 2180) Best value: -5.47e+03 | TR length: 1.00e-01 | num. restarts: 0/13 | num. successes: 1/10
2024-01-13 20:48:08,135 - INFO - [Restart 1] 2184) Best value: -5.07e+03 | TR length: 1.00e-01 | num. restarts: 0/13 | num. successes: 2/10
2024-01-13 20:48:09,232 - INFO - [Restart 1] 2188) Best value: -5.07e+03 | TR length: 1.00e-01 | num. restarts: 1/13 | num. successes: 0/10
2024-01-13 20:48:10,433 - INFO - [Restart 1] 2192) Best value: -5.07e+03 | TR length: 1.00e-01 | num. restarts: 2/13 | num. successes: 0/10
2024-01-13 20:48:11,590 - INFO - [Restart 1] 2196) Best value: -5.07e+03 | TR length: 1.00e-01 | num. restarts: 3/13 | num. successes: 0/10
2024-01-13 20:48:12,878 - INFO - [Restart 1] 2200) Best value: -5.07e+03 | TR length: 1.00e-01 | num. restarts: 4/13 | num. successes: 0/10
2024-01-13 20:48:13,936 - INFO - [Restart 1] 2204) Best value: -5.07e+03 | TR length: 1.00e-01 | num. restarts: 5/13 | num. successes: 0/10
2024-01-13 20:48:15,530 - INFO - [Restart 1] 2208) Best value: -5.07e+03 | TR length: 1.00e-01 | num. restarts: 6/13 | num. successes: 0/10
2024-01-13 20:48:16,906 - INFO - [Restart 1] 2212) Best value: -5.07e+03 | TR length: 1.00e-01 | num. restarts: 7/13 | num. successes: 0/10
2024-01-13 20:48:18,064 - INFO - [Restart 1] 2216) Best value: -5.07e+03 | TR length: 1.00e-01 | num. restarts: 8/13 | num. successes: 0/10
2024-01-13 20:48:19,270 - INFO - [Restart 1] 2220) Best value: -4.72e+03 | TR length: 1.00e-01 | num. restarts: 0/13 | num. successes: 1/10
2024-01-13 20:48:20,561 - INFO - [Restart 1] 2224) Best value: -4.40e+03 | TR length: 1.00e-01 | num. restarts: 0/13 | num. successes: 2/10
2024-01-13 20:48:21,437 - INFO - [Restart 1] 2228) Best value: -4.40e+03 | TR length: 1.00e-01 | num. restarts: 1/13 | num. successes: 0/10
2024-01-13 20:48:22,744 - INFO - [Restart 1] 2232) Best value: -4.40e+03 | TR length: 1.00e-01 | num. restarts: 2/13 | num. successes: 0/10
2024-01-13 20:48:23,512 - INFO - [Restart 1] 2236) Best value: -4.40e+03 | TR length: 1.00e-01 | num. restarts: 3/13 | num. successes: 0/10
2024-01-13 20:48:24,665 - INFO - [Restart 1] 2240) Best value: -4.40e+03 | TR length: 1.00e-01 | num. restarts: 4/13 | num. successes: 0/10
2024-01-13 20:48:26,458 - INFO - [Restart 1] 2244) Best value: -4.40e+03 | TR length: 1.00e-01 | num. restarts: 5/13 | num. successes: 0/10
2024-01-13 20:48:27,485 - INFO - [Restart 1] 2248) Best value: -4.40e+03 | TR length: 1.00e-01 | num. restarts: 0/13 | num. successes: 1/10
2024-01-13 20:48:28,674 - INFO - [Restart 1] 2252) Best value: -4.40e+03 | TR length: 1.00e-01 | num. restarts: 1/13 | num. successes: 0/10
2024-01-13 20:48:29,729 - INFO - [Restart 1] 2256) Best value: -4.40e+03 | TR length: 1.00e-01 | num. restarts: 2/13 | num. successes: 0/10
2024-01-13 20:48:31,004 - INFO - [Restart 1] 2260) Best value: -4.40e+03 | TR length: 1.00e-01 | num. restarts: 3/13 | num. successes: 0/10
2024-01-13 20:48:32,223 - INFO - [Restart 1] 2264) Best value: -4.40e+03 | TR length: 1.00e-01 | num. restarts: 4/13 | num. successes: 0/10
2024-01-13 20:48:33,511 - INFO - [Restart 1] 2268) Best value: -4.40e+03 | TR length: 1.00e-01 | num. restarts: 5/13 | num. successes: 0/10
2024-01-13 20:48:35,676 - INFO - [Restart 1] 2272) Best value: -4.40e+03 | TR length: 1.00e-01 | num. restarts: 6/13 | num. successes: 0/10
2024-01-13 20:48:36,854 - INFO - [Restart 1] 2276) Best value: -4.40e+03 | TR length: 1.00e-01 | num. restarts: 7/13 | num. successes: 0/10
2024-01-13 20:48:38,295 - INFO - [Restart 1] 2280) Best value: -4.40e+03 | TR length: 1.00e-01 | num. restarts: 8/13 | num. successes: 0/10
2024-01-13 20:48:39,827 - INFO - [Restart 1] 2284) Best value: -4.40e+03 | TR length: 1.00e-01 | num. restarts: 9/13 | num. successes: 0/10
2024-01-13 20:48:40,982 - INFO - [Restart 1] 2288) Best value: -4.40e+03 | TR length: 1.00e-01 | num. restarts: 10/13 | num. successes: 0/10
2024-01-13 20:48:42,443 - INFO - [Restart 1] 2292) Best value: -3.55e+03 | TR length: 1.00e-01 | num. restarts: 0/13 | num. successes: 1/10
2024-01-13 20:48:44,114 - INFO - [Restart 1] 2296) Best value: -3.55e+03 | TR length: 1.00e-01 | num. restarts: 1/13 | num. successes: 0/10
2024-01-13 20:48:45,432 - INFO - [Restart 1] 2300) Best value: -3.51e+03 | TR length: 1.00e-01 | num. restarts: 0/13 | num. successes: 1/10
2024-01-13 20:48:46,963 - INFO - [Restart 1] 2304) Best value: -3.51e+03 | TR length: 1.00e-01 | num. restarts: 1/13 | num. successes: 0/10
2024-01-13 20:48:48,570 - INFO - [Restart 1] 2308) Best value: -3.51e+03 | TR length: 1.00e-01 | num. restarts: 2/13 | num. successes: 0/10
2024-01-13 20:48:49,634 - INFO - [Restart 1] 2312) Best value: -3.51e+03 | TR length: 1.00e-01 | num. restarts: 3/13 | num. successes: 0/10
2024-01-13 20:48:51,170 - INFO - [Restart 1] 2316) Best value: -3.51e+03 | TR length: 1.00e-01 | num. restarts: 4/13 | num. successes: 0/10
2024-01-13 20:48:52,120 - INFO - [Restart 1] 2320) Best value: -3.51e+03 | TR length: 1.00e-01 | num. restarts: 5/13 | num. successes: 0/10
2024-01-13 20:48:53,476 - INFO - [Restart 1] 2324) Best value: -3.51e+03 | TR length: 1.00e-01 | num. restarts: 6/13 | num. successes: 0/10
2024-01-13 20:48:55,100 - INFO - [Restart 1] 2328) Best value: -3.51e+03 | TR length: 1.00e-01 | num. restarts: 7/13 | num. successes: 0/10
2024-01-13 20:48:56,913 - INFO - [Restart 1] 2332) Best value: -3.51e+03 | TR length: 1.00e-01 | num. restarts: 8/13 | num. successes: 0/10
2024-01-13 20:48:58,155 - INFO - [Restart 1] 2336) Best value: -3.51e+03 | TR length: 1.00e-01 | num. restarts: 9/13 | num. successes: 0/10
2024-01-13 20:49:00,129 - INFO - [Restart 1] 2340) Best value: -3.51e+03 | TR length: 1.00e-01 | num. restarts: 10/13 | num. successes: 0/10
2024-01-13 20:49:01,726 - INFO - [Restart 1] 2344) Best value: -3.51e+03 | TR length: 1.00e-01 | num. restarts: 11/13 | num. successes: 0/10
2024-01-13 20:49:03,207 - INFO - [Restart 1] 2348) Best value: -3.51e+03 | TR length: 1.00e-01 | num. restarts: 12/13 | num. successes: 0/10
2024-01-13 20:49:04,629 - INFO - [Restart 1] 2352) Best value: -3.44e+03 | TR length: 1.00e-01 | num. restarts: 0/13 | num. successes: 1/10
2024-01-13 20:49:06,077 - INFO - [Restart 1] 2356) Best value: -3.44e+03 | TR length: 1.00e-01 | num. restarts: 1/13 | num. successes: 0/10
2024-01-13 20:49:08,031 - INFO - [Restart 1] 2360) Best value: -3.44e+03 | TR length: 1.00e-01 | num. restarts: 2/13 | num. successes: 0/10
2024-01-13 20:49:09,737 - INFO - [Restart 1] 2364) Best value: -3.44e+03 | TR length: 1.00e-01 | num. restarts: 3/13 | num. successes: 0/10
2024-01-13 20:49:11,885 - INFO - [Restart 1] 2368) Best value: -2.60e+03 | TR length: 1.00e-01 | num. restarts: 0/13 | num. successes: 1/10
2024-01-13 20:49:13,867 - INFO - [Restart 1] 2372) Best value: -2.57e+03 | TR length: 1.00e-01 | num. restarts: 0/13 | num. successes: 2/10
2024-01-13 20:49:15,390 - INFO - [Restart 1] 2376) Best value: -2.57e+03 | TR length: 1.00e-01 | num. restarts: 1/13 | num. successes: 0/10
2024-01-13 20:49:16,825 - INFO - [Restart 1] 2380) Best value: -2.57e+03 | TR length: 1.00e-01 | num. restarts: 2/13 | num. successes: 0/10
2024-01-13 20:49:18,442 - INFO - [Restart 1] 2384) Best value: -2.57e+03 | TR length: 1.00e-01 | num. restarts: 3/13 | num. successes: 0/10
2024-01-13 20:49:20,314 - INFO - [Restart 1] 2388) Best value: -2.57e+03 | TR length: 1.00e-01 | num. restarts: 4/13 | num. successes: 0/10
2024-01-13 20:49:21,584 - INFO - [Restart 1] 2392) Best value: -2.57e+03 | TR length: 1.00e-01 | num. restarts: 5/13 | num. successes: 0/10
2024-01-13 20:49:23,550 - INFO - [Restart 1] 2396) Best value: -2.57e+03 | TR length: 1.00e-01 | num. restarts: 6/13 | num. successes: 0/10
2024-01-13 20:49:25,523 - INFO - [Restart 1] 2400) Best value: -2.57e+03 | TR length: 1.00e-01 | num. restarts: 7/13 | num. successes: 0/10
2024-01-13 20:49:26,902 - INFO - [Restart 1] 2404) Best value: -2.57e+03 | TR length: 1.00e-01 | num. restarts: 8/13 | num. successes: 0/10
2024-01-13 20:49:28,512 - INFO - [Restart 1] 2408) Best value: -2.57e+03 | TR length: 1.00e-01 | num. restarts: 9/13 | num. successes: 0/10
2024-01-13 20:49:30,152 - INFO - [Restart 1] 2412) Best value: -2.57e+03 | TR length: 1.00e-01 | num. restarts: 10/13 | num. successes: 0/10
2024-01-13 20:49:31,462 - INFO - [Restart 1] 2416) Best value: -2.57e+03 | TR length: 1.00e-01 | num. restarts: 11/13 | num. successes: 0/10
2024-01-13 20:49:32,885 - INFO - [Restart 1] 2420) Best value: -2.57e+03 | TR length: 1.00e-01 | num. restarts: 12/13 | num. successes: 0/10
2024-01-13 20:49:34,088 - INFO - [Restart 1] 2424) Best value: -2.57e+03 | TR length: 5.00e-02 | num. restarts: 0/13 | num. successes: 0/10
2024-01-13 20:49:35,430 - INFO - [Restart 1] 2428) Best value: -2.45e+03 | TR length: 5.00e-02 | num. restarts: 0/13 | num. successes: 1/10
2024-01-13 20:49:36,998 - INFO - [Restart 1] 2432) Best value: -2.34e+03 | TR length: 5.00e-02 | num. restarts: 0/13 | num. successes: 2/10
2024-01-13 20:49:38,330 - INFO - [Restart 1] 2436) Best value: -2.11e+03 | TR length: 5.00e-02 | num. restarts: 0/13 | num. successes: 3/10
2024-01-13 20:49:39,390 - INFO - [Restart 1] 2440) Best value: -2.11e+03 | TR length: 5.00e-02 | num. restarts: 1/13 | num. successes: 0/10
2024-01-13 20:49:40,738 - INFO - [Restart 1] 2444) Best value: -2.11e+03 | TR length: 5.00e-02 | num. restarts: 2/13 | num. successes: 0/10
2024-01-13 20:49:42,096 - INFO - [Restart 1] 2448) Best value: -2.11e+03 | TR length: 5.00e-02 | num. restarts: 3/13 | num. successes: 0/10
2024-01-13 20:49:43,737 - INFO - [Restart 1] 2452) Best value: -2.11e+03 | TR length: 5.00e-02 | num. restarts: 4/13 | num. successes: 0/10
2024-01-13 20:49:45,199 - INFO - [Restart 1] 2456) Best value: -1.91e+03 | TR length: 5.00e-02 | num. restarts: 0/13 | num. successes: 1/10
2024-01-13 20:49:46,870 - INFO - [Restart 1] 2460) Best value: -1.91e+03 | TR length: 5.00e-02 | num. restarts: 1/13 | num. successes: 0/10
2024-01-13 20:49:49,051 - INFO - [Restart 1] 2464) Best value: -1.91e+03 | TR length: 5.00e-02 | num. restarts: 2/13 | num. successes: 0/10
2024-01-13 20:49:50,878 - INFO - [Restart 1] 2468) Best value: -1.91e+03 | TR length: 5.00e-02 | num. restarts: 0/13 | num. successes: 1/10
2024-01-13 20:49:52,002 - INFO - [Restart 1] 2472) Best value: -1.91e+03 | TR length: 5.00e-02 | num. restarts: 1/13 | num. successes: 0/10
2024-01-13 20:49:53,801 - INFO - [Restart 1] 2476) Best value: -1.91e+03 | TR length: 5.00e-02 | num. restarts: 2/13 | num. successes: 0/10
2024-01-13 20:49:55,537 - INFO - [Restart 1] 2480) Best value: -1.64e+03 | TR length: 5.00e-02 | num. restarts: 0/13 | num. successes: 1/10
2024-01-13 20:49:57,826 - INFO - [Restart 1] 2484) Best value: -1.64e+03 | TR length: 5.00e-02 | num. restarts: 0/13 | num. successes: 2/10
2024-01-13 20:49:59,798 - INFO - [Restart 1] 2488) Best value: -1.64e+03 | TR length: 5.00e-02 | num. restarts: 1/13 | num. successes: 0/10
2024-01-13 20:50:02,060 - INFO - [Restart 1] 2492) Best value: -1.64e+03 | TR length: 5.00e-02 | num. restarts: 2/13 | num. successes: 0/10
2024-01-13 20:50:04,245 - INFO - [Restart 1] 2496) Best value: -1.64e+03 | TR length: 5.00e-02 | num. restarts: 3/13 | num. successes: 0/10
2024-01-13 20:50:06,462 - INFO - [Restart 1] 2500) Best value: -1.64e+03 | TR length: 5.00e-02 | num. restarts: 4/13 | num. successes: 0/10
2024-01-13 20:50:08,594 - INFO - [Restart 1] 2504) Best value: -1.28e+03 | TR length: 5.00e-02 | num. restarts: 0/13 | num. successes: 1/10
2024-01-13 20:50:10,699 - INFO - [Restart 1] 2508) Best value: -1.28e+03 | TR length: 5.00e-02 | num. restarts: 1/13 | num. successes: 0/10
2024-01-13 20:50:12,968 - INFO - [Restart 1] 2512) Best value: -1.28e+03 | TR length: 5.00e-02 | num. restarts: 2/13 | num. successes: 0/10
2024-01-13 20:50:14,285 - INFO - [Restart 1] 2516) Best value: -1.28e+03 | TR length: 5.00e-02 | num. restarts: 3/13 | num. successes: 0/10
2024-01-13 20:50:15,837 - INFO - [Restart 1] 2520) Best value: -1.28e+03 | TR length: 5.00e-02 | num. restarts: 4/13 | num. successes: 0/10
2024-01-13 20:50:17,332 - INFO - [Restart 1] 2524) Best value: -1.28e+03 | TR length: 5.00e-02 | num. restarts: 5/13 | num. successes: 0/10
2024-01-13 20:50:19,349 - INFO - [Restart 1] 2528) Best value: -1.17e+03 | TR length: 5.00e-02 | num. restarts: 0/13 | num. successes: 1/10
2024-01-13 20:50:21,924 - INFO - [Restart 1] 2532) Best value: -1.17e+03 | TR length: 5.00e-02 | num. restarts: 1/13 | num. successes: 0/10
2024-01-13 20:50:23,741 - INFO - [Restart 1] 2536) Best value: -1.17e+03 | TR length: 5.00e-02 | num. restarts: 2/13 | num. successes: 0/10
2024-01-13 20:50:25,772 - INFO - [Restart 1] 2540) Best value: -1.17e+03 | TR length: 5.00e-02 | num. restarts: 3/13 | num. successes: 0/10
2024-01-13 20:50:27,910 - INFO - [Restart 1] 2544) Best value: -1.17e+03 | TR length: 5.00e-02 | num. restarts: 4/13 | num. successes: 0/10
2024-01-13 20:50:30,181 - INFO - [Restart 1] 2548) Best value: -1.11e+03 | TR length: 5.00e-02 | num. restarts: 0/13 | num. successes: 1/10
2024-01-13 20:50:32,563 - INFO - [Restart 1] 2552) Best value: -1.11e+03 | TR length: 5.00e-02 | num. restarts: 1/13 | num. successes: 0/10
2024-01-13 20:50:34,016 - INFO - [Restart 1] 2556) Best value: -1.09e+03 | TR length: 5.00e-02 | num. restarts: 0/13 | num. successes: 1/10
2024-01-13 20:50:36,303 - INFO - [Restart 1] 2560) Best value: -1.09e+03 | TR length: 5.00e-02 | num. restarts: 1/13 | num. successes: 0/10
2024-01-13 20:50:38,339 - INFO - [Restart 1] 2564) Best value: -1.09e+03 | TR length: 5.00e-02 | num. restarts: 2/13 | num. successes: 0/10
2024-01-13 20:50:39,548 - INFO - [Restart 1] 2568) Best value: -1.09e+03 | TR length: 5.00e-02 | num. restarts: 3/13 | num. successes: 0/10
2024-01-13 20:50:42,026 - INFO - [Restart 1] 2572) Best value: -1.09e+03 | TR length: 5.00e-02 | num. restarts: 4/13 | num. successes: 0/10
2024-01-13 20:50:44,294 - INFO - [Restart 1] 2576) Best value: -1.09e+03 | TR length: 5.00e-02 | num. restarts: 5/13 | num. successes: 0/10
2024-01-13 20:50:46,498 - INFO - [Restart 1] 2580) Best value: -1.01e+03 | TR length: 5.00e-02 | num. restarts: 0/13 | num. successes: 1/10
2024-01-13 20:50:48,573 - INFO - [Restart 1] 2584) Best value: -1.01e+03 | TR length: 5.00e-02 | num. restarts: 1/13 | num. successes: 0/10
2024-01-13 20:50:51,088 - INFO - [Restart 1] 2588) Best value: -1.01e+03 | TR length: 5.00e-02 | num. restarts: 2/13 | num. successes: 0/10
2024-01-13 20:50:53,628 - INFO - [Restart 1] 2592) Best value: -1.01e+03 | TR length: 5.00e-02 | num. restarts: 3/13 | num. successes: 0/10
2024-01-13 20:50:55,578 - INFO - [Restart 1] 2596) Best value: -1.01e+03 | TR length: 5.00e-02 | num. restarts: 4/13 | num. successes: 0/10
2024-01-13 20:50:58,007 - INFO - [Restart 1] 2600) Best value: -1.01e+03 | TR length: 5.00e-02 | num. restarts: 5/13 | num. successes: 0/10
2024-01-13 20:51:00,527 - INFO - [Restart 1] 2604) Best value: -1.01e+03 | TR length: 5.00e-02 | num. restarts: 6/13 | num. successes: 0/10
2024-01-13 20:51:03,064 - INFO - [Restart 1] 2608) Best value: -1.01e+03 | TR length: 5.00e-02 | num. restarts: 7/13 | num. successes: 0/10
2024-01-13 20:51:06,227 - INFO - [Restart 1] 2612) Best value: -8.82e+02 | TR length: 5.00e-02 | num. restarts: 0/13 | num. successes: 1/10
2024-01-13 20:51:08,940 - INFO - [Restart 1] 2616) Best value: -8.82e+02 | TR length: 5.00e-02 | num. restarts: 1/13 | num. successes: 0/10
2024-01-13 20:51:11,358 - INFO - [Restart 1] 2620) Best value: -8.00e+02 | TR length: 5.00e-02 | num. restarts: 0/13 | num. successes: 1/10
2024-01-13 20:51:13,853 - INFO - [Restart 1] 2624) Best value: -8.00e+02 | TR length: 5.00e-02 | num. restarts: 1/13 | num. successes: 0/10
2024-01-13 20:51:15,867 - INFO - [Restart 1] 2628) Best value: -8.00e+02 | TR length: 5.00e-02 | num. restarts: 2/13 | num. successes: 0/10
2024-01-13 20:51:17,951 - INFO - [Restart 1] 2632) Best value: -8.00e+02 | TR length: 5.00e-02 | num. restarts: 3/13 | num. successes: 0/10
2024-01-13 20:51:20,147 - INFO - [Restart 1] 2636) Best value: -8.00e+02 | TR length: 5.00e-02 | num. restarts: 4/13 | num. successes: 0/10
2024-01-13 20:51:22,493 - INFO - [Restart 1] 2640) Best value: -8.00e+02 | TR length: 5.00e-02 | num. restarts: 5/13 | num. successes: 0/10
2024-01-13 20:51:25,181 - INFO - [Restart 1] 2644) Best value: -8.00e+02 | TR length: 5.00e-02 | num. restarts: 6/13 | num. successes: 0/10
2024-01-13 20:51:27,356 - INFO - [Restart 1] 2648) Best value: -8.00e+02 | TR length: 5.00e-02 | num. restarts: 7/13 | num. successes: 0/10
2024-01-13 20:51:29,975 - INFO - [Restart 1] 2652) Best value: -8.00e+02 | TR length: 5.00e-02 | num. restarts: 8/13 | num. successes: 0/10
2024-01-13 20:51:32,958 - INFO - [Restart 1] 2656) Best value: -8.00e+02 | TR length: 5.00e-02 | num. restarts: 9/13 | num. successes: 0/10
2024-01-13 20:51:35,254 - INFO - [Restart 1] 2660) Best value: -8.00e+02 | TR length: 5.00e-02 | num. restarts: 10/13 | num. successes: 0/10
2024-01-13 20:51:37,887 - INFO - [Restart 1] 2664) Best value: -8.00e+02 | TR length: 5.00e-02 | num. restarts: 11/13 | num. successes: 0/10
2024-01-13 20:51:41,082 - INFO - [Restart 1] 2668) Best value: -7.62e+02 | TR length: 5.00e-02 | num. restarts: 0/13 | num. successes: 1/10
2024-01-13 20:51:43,540 - INFO - [Restart 1] 2672) Best value: -7.62e+02 | TR length: 5.00e-02 | num. restarts: 1/13 | num. successes: 0/10
2024-01-13 20:51:46,013 - INFO - [Restart 1] 2676) Best value: -7.62e+02 | TR length: 5.00e-02 | num. restarts: 2/13 | num. successes: 0/10
2024-01-13 20:51:48,096 - INFO - [Restart 1] 2680) Best value: -7.62e+02 | TR length: 5.00e-02 | num. restarts: 3/13 | num. successes: 0/10
2024-01-13 20:51:50,317 - INFO - [Restart 1] 2684) Best value: -7.62e+02 | TR length: 5.00e-02 | num. restarts: 4/13 | num. successes: 0/10
2024-01-13 20:51:53,215 - INFO - [Restart 1] 2688) Best value: -7.62e+02 | TR length: 5.00e-02 | num. restarts: 5/13 | num. successes: 0/10
2024-01-13 20:51:56,147 - INFO - [Restart 1] 2692) Best value: -7.62e+02 | TR length: 5.00e-02 | num. restarts: 6/13 | num. successes: 0/10
2024-01-13 20:51:58,779 - INFO - [Restart 1] 2696) Best value: -7.62e+02 | TR length: 5.00e-02 | num. restarts: 7/13 | num. successes: 0/10
2024-01-13 20:52:01,088 - INFO - [Restart 1] 2700) Best value: -7.62e+02 | TR length: 5.00e-02 | num. restarts: 8/13 | num. successes: 0/10
2024-01-13 20:52:03,765 - INFO - [Restart 1] 2704) Best value: -7.62e+02 | TR length: 5.00e-02 | num. restarts: 9/13 | num. successes: 0/10
2024-01-13 20:52:06,237 - INFO - [Restart 1] 2708) Best value: -7.62e+02 | TR length: 5.00e-02 | num. restarts: 10/13 | num. successes: 0/10
2024-01-13 20:52:08,728 - INFO - [Restart 1] 2712) Best value: -7.62e+02 | TR length: 5.00e-02 | num. restarts: 11/13 | num. successes: 0/10
2024-01-13 20:52:10,701 - INFO - [Restart 1] 2716) Best value: -6.75e+02 | TR length: 5.00e-02 | num. restarts: 0/13 | num. successes: 1/10
2024-01-13 20:52:12,566 - INFO - [Restart 1] 2720) Best value: -6.75e+02 | TR length: 5.00e-02 | num. restarts: 1/13 | num. successes: 0/10
2024-01-13 20:52:14,712 - INFO - [Restart 1] 2724) Best value: -6.75e+02 | TR length: 5.00e-02 | num. restarts: 2/13 | num. successes: 0/10
2024-01-13 20:52:16,479 - INFO - [Restart 1] 2728) Best value: -6.75e+02 | TR length: 5.00e-02 | num. restarts: 3/13 | num. successes: 0/10
2024-01-13 20:52:19,302 - INFO - [Restart 1] 2732) Best value: -6.75e+02 | TR length: 5.00e-02 | num. restarts: 4/13 | num. successes: 0/10
2024-01-13 20:52:22,469 - INFO - [Restart 1] 2736) Best value: -6.75e+02 | TR length: 5.00e-02 | num. restarts: 5/13 | num. successes: 0/10
2024-01-13 20:52:24,468 - INFO - [Restart 1] 2740) Best value: -6.75e+02 | TR length: 5.00e-02 | num. restarts: 6/13 | num. successes: 0/10
2024-01-13 20:52:26,787 - INFO - [Restart 1] 2744) Best value: -6.75e+02 | TR length: 5.00e-02 | num. restarts: 7/13 | num. successes: 0/10
2024-01-13 20:52:29,536 - INFO - [Restart 1] 2748) Best value: -6.75e+02 | TR length: 5.00e-02 | num. restarts: 8/13 | num. successes: 0/10
2024-01-13 20:52:31,731 - INFO - [Restart 1] 2752) Best value: -6.75e+02 | TR length: 5.00e-02 | num. restarts: 9/13 | num. successes: 0/10
2024-01-13 20:52:33,644 - INFO - [Restart 1] 2756) Best value: -6.75e+02 | TR length: 5.00e-02 | num. restarts: 10/13 | num. successes: 0/10
2024-01-13 20:52:35,951 - INFO - [Restart 1] 2760) Best value: -6.75e+02 | TR length: 5.00e-02 | num. restarts: 11/13 | num. successes: 0/10
2024-01-13 20:52:39,139 - INFO - [Restart 1] 2764) Best value: -6.75e+02 | TR length: 5.00e-02 | num. restarts: 12/13 | num. successes: 0/10
2024-01-13 20:52:42,207 - INFO - [Restart 1] 2768) Best value: -6.75e+02 | TR length: 2.50e-02 | num. restarts: 0/13 | num. successes: 0/10
2024-01-13 20:52:44,848 - INFO - [Restart 1] 2772) Best value: -6.47e+02 | TR length: 2.50e-02 | num. restarts: 0/13 | num. successes: 1/10
2024-01-13 20:52:47,207 - INFO - [Restart 1] 2776) Best value: -6.47e+02 | TR length: 2.50e-02 | num. restarts: 1/13 | num. successes: 0/10
2024-01-13 20:52:50,157 - INFO - [Restart 1] 2780) Best value: -6.47e+02 | TR length: 2.50e-02 | num. restarts: 2/13 | num. successes: 0/10
2024-01-13 20:52:53,062 - INFO - [Restart 1] 2784) Best value: -6.47e+02 | TR length: 2.50e-02 | num. restarts: 3/13 | num. successes: 0/10
2024-01-13 20:52:55,813 - INFO - [Restart 1] 2788) Best value: -6.47e+02 | TR length: 2.50e-02 | num. restarts: 4/13 | num. successes: 0/10
2024-01-13 20:52:58,742 - INFO - [Restart 1] 2792) Best value: -6.47e+02 | TR length: 2.50e-02 | num. restarts: 5/13 | num. successes: 0/10
2024-01-13 20:53:01,874 - INFO - [Restart 1] 2796) Best value: -6.47e+02 | TR length: 2.50e-02 | num. restarts: 6/13 | num. successes: 0/10
2024-01-13 20:53:04,635 - INFO - [Restart 1] 2800) Best value: -6.38e+02 | TR length: 2.50e-02 | num. restarts: 0/13 | num. successes: 1/10
2024-01-13 20:53:07,181 - INFO - [Restart 1] 2804) Best value: -6.38e+02 | TR length: 2.50e-02 | num. restarts: 1/13 | num. successes: 0/10
2024-01-13 20:53:10,870 - INFO - [Restart 1] 2808) Best value: -6.05e+02 | TR length: 2.50e-02 | num. restarts: 0/13 | num. successes: 1/10
2024-01-13 20:53:13,373 - INFO - [Restart 1] 2812) Best value: -6.05e+02 | TR length: 2.50e-02 | num. restarts: 1/13 | num. successes: 0/10
2024-01-13 20:53:16,681 - INFO - [Restart 1] 2816) Best value: -6.05e+02 | TR length: 2.50e-02 | num. restarts: 2/13 | num. successes: 0/10
2024-01-13 20:53:19,631 - INFO - [Restart 1] 2820) Best value: -6.05e+02 | TR length: 2.50e-02 | num. restarts: 3/13 | num. successes: 0/10
2024-01-13 20:53:22,466 - INFO - [Restart 1] 2824) Best value: -6.05e+02 | TR length: 2.50e-02 | num. restarts: 4/13 | num. successes: 0/10
2024-01-13 20:53:25,462 - INFO - [Restart 1] 2828) Best value: -6.05e+02 | TR length: 2.50e-02 | num. restarts: 5/13 | num. successes: 0/10
2024-01-13 20:53:28,473 - INFO - [Restart 1] 2832) Best value: -6.05e+02 | TR length: 2.50e-02 | num. restarts: 6/13 | num. successes: 0/10
2024-01-13 20:53:31,442 - INFO - [Restart 1] 2836) Best value: -6.05e+02 | TR length: 2.50e-02 | num. restarts: 7/13 | num. successes: 0/10
2024-01-13 20:53:34,318 - INFO - [Restart 1] 2840) Best value: -5.86e+02 | TR length: 2.50e-02 | num. restarts: 0/13 | num. successes: 1/10
2024-01-13 20:53:36,281 - INFO - [Restart 1] 2844) Best value: -5.86e+02 | TR length: 2.50e-02 | num. restarts: 1/13 | num. successes: 0/10
2024-01-13 20:53:38,694 - INFO - [Restart 1] 2848) Best value: -5.06e+02 | TR length: 2.50e-02 | num. restarts: 0/13 | num. successes: 1/10
2024-01-13 20:53:40,687 - INFO - [Restart 1] 2852) Best value: -4.99e+02 | TR length: 2.50e-02 | num. restarts: 0/13 | num. successes: 2/10
2024-01-13 20:53:42,837 - INFO - [Restart 1] 2856) Best value: -4.89e+02 | TR length: 2.50e-02 | num. restarts: 0/13 | num. successes: 3/10
2024-01-13 20:53:44,798 - INFO - [Restart 1] 2860) Best value: -4.89e+02 | TR length: 2.50e-02 | num. restarts: 1/13 | num. successes: 0/10
2024-01-13 20:53:46,543 - INFO - [Restart 1] 2864) Best value: -4.56e+02 | TR length: 2.50e-02 | num. restarts: 0/13 | num. successes: 1/10
2024-01-13 20:53:48,337 - INFO - [Restart 1] 2868) Best value: -4.56e+02 | TR length: 2.50e-02 | num. restarts: 1/13 | num. successes: 0/10
2024-01-13 20:53:50,739 - INFO - [Restart 1] 2872) Best value: -4.56e+02 | TR length: 2.50e-02 | num. restarts: 2/13 | num. successes: 0/10
2024-01-13 20:53:52,757 - INFO - [Restart 1] 2876) Best value: -4.56e+02 | TR length: 2.50e-02 | num. restarts: 3/13 | num. successes: 0/10
2024-01-13 20:53:54,988 - INFO - [Restart 1] 2880) Best value: -4.56e+02 | TR length: 2.50e-02 | num. restarts: 4/13 | num. successes: 0/10
2024-01-13 20:53:57,278 - INFO - [Restart 1] 2884) Best value: -4.56e+02 | TR length: 2.50e-02 | num. restarts: 5/13 | num. successes: 0/10
2024-01-13 20:53:59,230 - INFO - [Restart 1] 2888) Best value: -4.56e+02 | TR length: 2.50e-02 | num. restarts: 6/13 | num. successes: 0/10
2024-01-13 20:54:01,467 - INFO - [Restart 1] 2892) Best value: -4.56e+02 | TR length: 2.50e-02 | num. restarts: 7/13 | num. successes: 0/10
2024-01-13 20:54:03,369 - INFO - [Restart 1] 2896) Best value: -4.06e+02 | TR length: 2.50e-02 | num. restarts: 0/13 | num. successes: 1/10
2024-01-13 20:54:06,585 - INFO - [Restart 1] 2900) Best value: -4.06e+02 | TR length: 2.50e-02 | num. restarts: 1/13 | num. successes: 0/10
2024-01-13 20:54:08,888 - INFO - [Restart 1] 2904) Best value: -4.06e+02 | TR length: 2.50e-02 | num. restarts: 2/13 | num. successes: 0/10
2024-01-13 20:54:11,205 - INFO - [Restart 1] 2908) Best value: -4.06e+02 | TR length: 2.50e-02 | num. restarts: 3/13 | num. successes: 0/10
2024-01-13 20:54:13,794 - INFO - [Restart 1] 2912) Best value: -4.06e+02 | TR length: 2.50e-02 | num. restarts: 4/13 | num. successes: 0/10
2024-01-13 20:54:15,736 - INFO - [Restart 1] 2916) Best value: -4.06e+02 | TR length: 2.50e-02 | num. restarts: 5/13 | num. successes: 0/10
2024-01-13 20:54:17,747 - INFO - [Restart 1] 2920) Best value: -4.06e+02 | TR length: 2.50e-02 | num. restarts: 6/13 | num. successes: 0/10
2024-01-13 20:54:20,057 - INFO - [Restart 1] 2924) Best value: -4.06e+02 | TR length: 2.50e-02 | num. restarts: 7/13 | num. successes: 0/10
2024-01-13 20:54:22,810 - INFO - [Restart 1] 2928) Best value: -4.06e+02 | TR length: 2.50e-02 | num. restarts: 8/13 | num. successes: 0/10
2024-01-13 20:54:25,195 - INFO - [Restart 1] 2932) Best value: -4.06e+02 | TR length: 2.50e-02 | num. restarts: 9/13 | num. successes: 0/10
2024-01-13 20:54:27,451 - INFO - [Restart 1] 2936) Best value: -4.06e+02 | TR length: 2.50e-02 | num. restarts: 10/13 | num. successes: 0/10
2024-01-13 20:54:29,866 - INFO - [Restart 1] 2940) Best value: -4.06e+02 | TR length: 2.50e-02 | num. restarts: 11/13 | num. successes: 0/10
2024-01-13 20:54:32,384 - INFO - [Restart 1] 2944) Best value: -4.06e+02 | TR length: 2.50e-02 | num. restarts: 12/13 | num. successes: 0/10
2024-01-13 20:54:34,972 - INFO - [Restart 1] 2948) Best value: -4.06e+02 | TR length: 1.25e-02 | num. restarts: 0/13 | num. successes: 0/10
2024-01-13 20:54:37,461 - INFO - [Restart 1] 2952) Best value: -3.98e+02 | TR length: 1.25e-02 | num. restarts: 0/13 | num. successes: 1/10
2024-01-13 20:54:40,117 - INFO - [Restart 1] 2956) Best value: -3.98e+02 | TR length: 1.25e-02 | num. restarts: 1/13 | num. successes: 0/10
2024-01-13 20:54:42,687 - INFO - [Restart 1] 2960) Best value: -3.75e+02 | TR length: 1.25e-02 | num. restarts: 0/13 | num. successes: 1/10
2024-01-13 20:54:45,338 - INFO - [Restart 1] 2964) Best value: -3.75e+02 | TR length: 1.25e-02 | num. restarts: 1/13 | num. successes: 0/10
2024-01-13 20:54:47,848 - INFO - [Restart 1] 2968) Best value: -3.65e+02 | TR length: 1.25e-02 | num. restarts: 0/13 | num. successes: 1/10
2024-01-13 20:54:50,572 - INFO - [Restart 1] 2972) Best value: -3.53e+02 | TR length: 1.25e-02 | num. restarts: 0/13 | num. successes: 2/10
2024-01-13 20:54:53,680 - INFO - [Restart 1] 2976) Best value: -3.53e+02 | TR length: 1.25e-02 | num. restarts: 1/13 | num. successes: 0/10
2024-01-13 20:54:56,873 - INFO - [Restart 1] 2980) Best value: -3.53e+02 | TR length: 1.25e-02 | num. restarts: 2/13 | num. successes: 0/10
2024-01-13 20:55:00,312 - INFO - [Restart 1] 2984) Best value: -3.53e+02 | TR length: 1.25e-02 | num. restarts: 3/13 | num. successes: 0/10
2024-01-13 20:55:03,374 - INFO - [Restart 1] 2988) Best value: -3.53e+02 | TR length: 1.25e-02 | num. restarts: 4/13 | num. successes: 0/10
2024-01-13 20:55:06,149 - INFO - [Restart 1] 2992) Best value: -3.45e+02 | TR length: 1.25e-02 | num. restarts: 0/13 | num. successes: 1/10
2024-01-13 20:55:09,069 - INFO - [Restart 1] 2996) Best value: -3.45e+02 | TR length: 1.25e-02 | num. restarts: 1/13 | num. successes: 0/10
2024-01-13 20:55:11,957 - INFO - [Restart 1] 3000) Best value: -3.45e+02 | TR length: 1.25e-02 | num. restarts: 2/13 | num. successes: 0/10
2024-01-13 20:55:11,958 - INFO - --------------------------------------------------
2024-01-13 20:55:11,958 - INFO - Best function value: -345.4187677147435
2024-01-13 20:55:11,958 - INFO - Elapsed time: 925.78 seconds
