2024-01-12 21:39:51,857 - INFO - [Restart 0] 44) Best value: -6.02e-01 | TR length: 8.00e-01 | num. restarts: 0/5 | num. successes: 1/10
2024-01-12 21:39:52,197 - INFO - [Restart 0] 48) Best value: -5.15e-01 | TR length: 8.00e-01 | num. restarts: 0/5 | num. successes: 2/10
2024-01-12 21:39:52,494 - INFO - [Restart 0] 52) Best value: -3.92e-01 | TR length: 8.00e-01 | num. restarts: 0/5 | num. successes: 3/10
2024-01-12 21:39:52,780 - INFO - [Restart 0] 56) Best value: -2.90e-01 | TR length: 8.00e-01 | num. restarts: 0/5 | num. successes: 4/10
2024-01-12 21:39:53,142 - INFO - [Restart 0] 60) Best value: -2.51e-01 | TR length: 8.00e-01 | num. restarts: 0/5 | num. successes: 5/10
2024-01-12 21:39:53,457 - INFO - [Restart 0] 64) Best value: -2.51e-01 | TR length: 8.00e-01 | num. restarts: 1/5 | num. successes: 0/10
2024-01-12 21:39:53,745 - INFO - [Restart 0] 68) Best value: -2.51e-01 | TR length: 8.00e-01 | num. restarts: 2/5 | num. successes: 0/10
2024-01-12 21:39:54,043 - INFO - [Restart 0] 72) Best value: -2.16e-01 | TR length: 8.00e-01 | num. restarts: 0/5 | num. successes: 1/10
2024-01-12 21:39:54,401 - INFO - [Restart 0] 76) Best value: -2.16e-01 | TR length: 8.00e-01 | num. restarts: 1/5 | num. successes: 0/10
2024-01-12 21:39:54,915 - INFO - [Restart 0] 80) Best value: -2.16e-01 | TR length: 8.00e-01 | num. restarts: 2/5 | num. successes: 0/10
2024-01-12 21:39:55,320 - INFO - [Restart 0] 84) Best value: -2.11e-01 | TR length: 8.00e-01 | num. restarts: 0/5 | num. successes: 1/10
2024-01-12 21:39:55,684 - INFO - [Restart 0] 88) Best value: -2.11e-01 | TR length: 8.00e-01 | num. restarts: 1/5 | num. successes: 0/10
2024-01-12 21:39:56,222 - INFO - [Restart 0] 92) Best value: -2.11e-01 | TR length: 8.00e-01 | num. restarts: 2/5 | num. successes: 0/10
2024-01-12 21:39:56,655 - INFO - [Restart 0] 96) Best value: -2.11e-01 | TR length: 8.00e-01 | num. restarts: 3/5 | num. successes: 0/10
2024-01-12 21:39:57,435 - INFO - [Restart 0] 100) Best value: -2.11e-01 | TR length: 8.00e-01 | num. restarts: 4/5 | num. successes: 0/10
2024-01-12 21:39:58,018 - INFO - [Restart 0] 104) Best value: -2.11e-01 | TR length: 4.00e-01 | num. restarts: 0/5 | num. successes: 0/10
2024-01-12 21:39:58,848 - INFO - [Restart 0] 108) Best value: -1.44e-01 | TR length: 4.00e-01 | num. restarts: 0/5 | num. successes: 1/10
2024-01-12 21:39:59,641 - INFO - [Restart 0] 112) Best value: -1.05e-01 | TR length: 4.00e-01 | num. restarts: 0/5 | num. successes: 2/10
2024-01-12 21:40:00,166 - INFO - [Restart 0] 116) Best value: -8.53e-02 | TR length: 4.00e-01 | num. restarts: 0/5 | num. successes: 3/10
2024-01-12 21:40:00,759 - INFO - [Restart 0] 120) Best value: -6.65e-02 | TR length: 4.00e-01 | num. restarts: 0/5 | num. successes: 4/10
2024-01-12 21:40:01,416 - INFO - [Restart 0] 124) Best value: -6.51e-02 | TR length: 4.00e-01 | num. restarts: 0/5 | num. successes: 5/10
2024-01-12 21:40:02,279 - INFO - [Restart 0] 128) Best value: -6.51e-02 | TR length: 4.00e-01 | num. restarts: 1/5 | num. successes: 0/10
2024-01-12 21:40:03,105 - INFO - [Restart 0] 132) Best value: -6.51e-02 | TR length: 4.00e-01 | num. restarts: 2/5 | num. successes: 0/10
2024-01-12 21:40:03,793 - INFO - [Restart 0] 136) Best value: -6.51e-02 | TR length: 4.00e-01 | num. restarts: 3/5 | num. successes: 0/10
2024-01-12 21:40:04,632 - INFO - [Restart 0] 140) Best value: -6.51e-02 | TR length: 4.00e-01 | num. restarts: 4/5 | num. successes: 0/10
2024-01-12 21:40:05,241 - INFO - [Restart 0] 144) Best value: -6.51e-02 | TR length: 2.00e-01 | num. restarts: 0/5 | num. successes: 0/10
2024-01-12 21:40:06,049 - INFO - [Restart 0] 148) Best value: -4.30e-02 | TR length: 2.00e-01 | num. restarts: 0/5 | num. successes: 1/10
2024-01-12 21:40:07,039 - INFO - [Restart 0] 152) Best value: -3.31e-02 | TR length: 2.00e-01 | num. restarts: 0/5 | num. successes: 2/10
2024-01-12 21:40:07,713 - INFO - [Restart 0] 156) Best value: -2.39e-02 | TR length: 2.00e-01 | num. restarts: 0/5 | num. successes: 3/10
2024-01-12 21:40:08,334 - INFO - [Restart 0] 160) Best value: -2.39e-02 | TR length: 2.00e-01 | num. restarts: 1/5 | num. successes: 0/10
2024-01-12 21:40:09,468 - INFO - [Restart 0] 164) Best value: -2.39e-02 | TR length: 2.00e-01 | num. restarts: 2/5 | num. successes: 0/10
2024-01-12 21:40:10,347 - INFO - [Restart 0] 168) Best value: -2.39e-02 | TR length: 2.00e-01 | num. restarts: 3/5 | num. successes: 0/10
2024-01-12 21:40:10,980 - INFO - [Restart 0] 172) Best value: -2.34e-02 | TR length: 2.00e-01 | num. restarts: 0/5 | num. successes: 1/10
2024-01-12 21:40:11,656 - INFO - [Restart 0] 176) Best value: -1.84e-02 | TR length: 2.00e-01 | num. restarts: 0/5 | num. successes: 2/10
2024-01-12 21:40:12,475 - INFO - [Restart 0] 180) Best value: -1.84e-02 | TR length: 2.00e-01 | num. restarts: 1/5 | num. successes: 0/10
2024-01-12 21:40:12,990 - INFO - [Restart 0] 184) Best value: -1.84e-02 | TR length: 2.00e-01 | num. restarts: 2/5 | num. successes: 0/10
2024-01-12 21:40:13,581 - INFO - [Restart 0] 188) Best value: -1.84e-02 | TR length: 2.00e-01 | num. restarts: 3/5 | num. successes: 0/10
2024-01-12 21:40:14,151 - INFO - [Restart 0] 192) Best value: -1.84e-02 | TR length: 2.00e-01 | num. restarts: 4/5 | num. successes: 0/10
2024-01-12 21:40:14,631 - INFO - [Restart 0] 196) Best value: -1.54e-02 | TR length: 2.00e-01 | num. restarts: 0/5 | num. successes: 1/10
2024-01-12 21:40:15,206 - INFO - [Restart 0] 200) Best value: -1.48e-02 | TR length: 2.00e-01 | num. restarts: 0/5 | num. successes: 2/10
2024-01-12 21:40:15,697 - INFO - [Restart 0] 204) Best value: -1.48e-02 | TR length: 2.00e-01 | num. restarts: 1/5 | num. successes: 0/10
2024-01-12 21:40:16,190 - INFO - [Restart 0] 208) Best value: -1.48e-02 | TR length: 2.00e-01 | num. restarts: 2/5 | num. successes: 0/10
2024-01-12 21:40:16,639 - INFO - [Restart 0] 212) Best value: -1.48e-02 | TR length: 2.00e-01 | num. restarts: 3/5 | num. successes: 0/10
2024-01-12 21:40:17,130 - INFO - [Restart 0] 216) Best value: -1.48e-02 | TR length: 2.00e-01 | num. restarts: 4/5 | num. successes: 0/10
2024-01-12 21:40:17,643 - INFO - [Restart 0] 220) Best value: -1.48e-02 | TR length: 1.00e-01 | num. restarts: 0/5 | num. successes: 0/10
2024-01-12 21:40:18,134 - INFO - [Restart 0] 224) Best value: -8.95e-03 | TR length: 1.00e-01 | num. restarts: 0/5 | num. successes: 1/10
2024-01-12 21:40:18,620 - INFO - [Restart 0] 228) Best value: -6.86e-03 | TR length: 1.00e-01 | num. restarts: 0/5 | num. successes: 2/10
2024-01-12 21:40:19,106 - INFO - [Restart 0] 232) Best value: -6.28e-03 | TR length: 1.00e-01 | num. restarts: 0/5 | num. successes: 3/10
2024-01-12 21:40:19,575 - INFO - [Restart 0] 236) Best value: -6.10e-03 | TR length: 1.00e-01 | num. restarts: 0/5 | num. successes: 4/10
2024-01-12 21:40:20,038 - INFO - [Restart 0] 240) Best value: -5.14e-03 | TR length: 1.00e-01 | num. restarts: 0/5 | num. successes: 5/10
2024-01-12 21:40:20,477 - INFO - [Restart 0] 244) Best value: -4.99e-03 | TR length: 1.00e-01 | num. restarts: 0/5 | num. successes: 6/10
2024-01-12 21:40:20,945 - INFO - [Restart 0] 248) Best value: -4.99e-03 | TR length: 1.00e-01 | num. restarts: 1/5 | num. successes: 0/10
2024-01-12 21:40:21,426 - INFO - [Restart 0] 252) Best value: -4.99e-03 | TR length: 1.00e-01 | num. restarts: 2/5 | num. successes: 0/10
2024-01-12 21:40:21,890 - INFO - [Restart 0] 256) Best value: -4.49e-03 | TR length: 1.00e-01 | num. restarts: 0/5 | num. successes: 1/10
2024-01-12 21:40:22,311 - INFO - [Restart 0] 260) Best value: -4.49e-03 | TR length: 1.00e-01 | num. restarts: 1/5 | num. successes: 0/10
2024-01-12 21:40:22,798 - INFO - [Restart 0] 264) Best value: -4.49e-03 | TR length: 1.00e-01 | num. restarts: 2/5 | num. successes: 0/10
2024-01-12 21:40:23,290 - INFO - [Restart 0] 268) Best value: -4.49e-03 | TR length: 1.00e-01 | num. restarts: 3/5 | num. successes: 0/10
2024-01-12 21:40:23,771 - INFO - [Restart 0] 272) Best value: -3.97e-03 | TR length: 1.00e-01 | num. restarts: 0/5 | num. successes: 1/10
2024-01-12 21:40:24,243 - INFO - [Restart 0] 276) Best value: -3.97e-03 | TR length: 1.00e-01 | num. restarts: 1/5 | num. successes: 0/10
2024-01-12 21:40:24,742 - INFO - [Restart 0] 280) Best value: -3.97e-03 | TR length: 1.00e-01 | num. restarts: 2/5 | num. successes: 0/10
2024-01-12 21:40:25,196 - INFO - [Restart 0] 284) Best value: -3.97e-03 | TR length: 1.00e-01 | num. restarts: 3/5 | num. successes: 0/10
2024-01-12 21:40:25,673 - INFO - [Restart 0] 288) Best value: -3.97e-03 | TR length: 1.00e-01 | num. restarts: 4/5 | num. successes: 0/10
2024-01-12 21:40:26,162 - INFO - [Restart 0] 292) Best value: -3.97e-03 | TR length: 5.00e-02 | num. restarts: 0/5 | num. successes: 0/10
2024-01-12 21:40:26,663 - INFO - [Restart 0] 296) Best value: -2.26e-03 | TR length: 5.00e-02 | num. restarts: 0/5 | num. successes: 1/10
2024-01-12 21:40:27,144 - INFO - [Restart 0] 300) Best value: -1.84e-03 | TR length: 5.00e-02 | num. restarts: 0/5 | num. successes: 2/10
2024-01-12 21:40:27,670 - INFO - [Restart 0] 304) Best value: -1.51e-03 | TR length: 5.00e-02 | num. restarts: 0/5 | num. successes: 3/10
2024-01-12 21:40:28,192 - INFO - [Restart 0] 308) Best value: -1.29e-03 | TR length: 5.00e-02 | num. restarts: 0/5 | num. successes: 4/10
2024-01-12 21:40:28,716 - INFO - [Restart 0] 312) Best value: -1.29e-03 | TR length: 5.00e-02 | num. restarts: 1/5 | num. successes: 0/10
2024-01-12 21:40:29,212 - INFO - [Restart 0] 316) Best value: -1.29e-03 | TR length: 5.00e-02 | num. restarts: 2/5 | num. successes: 0/10
2024-01-12 21:40:29,747 - INFO - [Restart 0] 320) Best value: -1.07e-03 | TR length: 5.00e-02 | num. restarts: 0/5 | num. successes: 1/10
2024-01-12 21:40:30,233 - INFO - [Restart 0] 324) Best value: -1.07e-03 | TR length: 5.00e-02 | num. restarts: 1/5 | num. successes: 0/10
2024-01-12 21:40:30,777 - INFO - [Restart 0] 328) Best value: -1.07e-03 | TR length: 5.00e-02 | num. restarts: 2/5 | num. successes: 0/10
2024-01-12 21:40:31,322 - INFO - [Restart 0] 332) Best value: -1.07e-03 | TR length: 5.00e-02 | num. restarts: 3/5 | num. successes: 0/10
2024-01-12 21:40:31,871 - INFO - [Restart 0] 336) Best value: -1.07e-03 | TR length: 5.00e-02 | num. restarts: 4/5 | num. successes: 0/10
2024-01-12 21:40:32,411 - INFO - [Restart 0] 340) Best value: -1.07e-03 | TR length: 2.50e-02 | num. restarts: 0/5 | num. successes: 0/10
2024-01-12 21:40:32,974 - INFO - [Restart 0] 344) Best value: -7.02e-04 | TR length: 2.50e-02 | num. restarts: 0/5 | num. successes: 1/10
2024-01-12 21:40:33,648 - INFO - [Restart 0] 348) Best value: -5.03e-04 | TR length: 2.50e-02 | num. restarts: 0/5 | num. successes: 2/10
2024-01-12 21:40:34,230 - INFO - [Restart 0] 352) Best value: -4.02e-04 | TR length: 2.50e-02 | num. restarts: 0/5 | num. successes: 3/10
2024-01-12 21:40:34,717 - INFO - [Restart 0] 356) Best value: -3.81e-04 | TR length: 2.50e-02 | num. restarts: 0/5 | num. successes: 4/10
2024-01-12 21:40:35,264 - INFO - [Restart 0] 360) Best value: -2.82e-04 | TR length: 2.50e-02 | num. restarts: 0/5 | num. successes: 5/10
2024-01-12 21:40:35,830 - INFO - [Restart 0] 364) Best value: -2.82e-04 | TR length: 2.50e-02 | num. restarts: 1/5 | num. successes: 0/10
2024-01-12 21:40:36,398 - INFO - [Restart 0] 368) Best value: -2.82e-04 | TR length: 2.50e-02 | num. restarts: 2/5 | num. successes: 0/10
2024-01-12 21:40:36,889 - INFO - [Restart 0] 372) Best value: -2.82e-04 | TR length: 2.50e-02 | num. restarts: 3/5 | num. successes: 0/10
2024-01-12 21:40:37,450 - INFO - [Restart 0] 376) Best value: -2.82e-04 | TR length: 2.50e-02 | num. restarts: 4/5 | num. successes: 0/10
2024-01-12 21:40:37,958 - INFO - [Restart 0] 380) Best value: -2.82e-04 | TR length: 1.25e-02 | num. restarts: 0/5 | num. successes: 0/10
2024-01-12 21:40:38,505 - INFO - [Restart 0] 384) Best value: -1.54e-04 | TR length: 1.25e-02 | num. restarts: 0/5 | num. successes: 1/10
2024-01-12 21:40:39,003 - INFO - [Restart 0] 388) Best value: -9.21e-05 | TR length: 1.25e-02 | num. restarts: 0/5 | num. successes: 2/10
2024-01-12 21:40:39,517 - INFO - [Restart 0] 392) Best value: -9.21e-05 | TR length: 1.25e-02 | num. restarts: 1/5 | num. successes: 0/10
2024-01-12 21:40:40,075 - INFO - [Restart 0] 396) Best value: -9.21e-05 | TR length: 1.25e-02 | num. restarts: 2/5 | num. successes: 0/10
2024-01-12 21:40:40,605 - INFO - [Restart 0] 400) Best value: -9.21e-05 | TR length: 1.25e-02 | num. restarts: 3/5 | num. successes: 0/10
2024-01-12 21:40:41,137 - INFO - [Restart 0] 404) Best value: -9.21e-05 | TR length: 1.25e-02 | num. restarts: 4/5 | num. successes: 0/10
2024-01-12 21:40:41,714 - INFO - [Restart 0] 408) Best value: -9.21e-05 | TR length: 6.25e-03 | num. restarts: 0/5 | num. successes: 0/10
2024-01-12 21:40:42,065 - INFO - [Restart 1] 452) Best value: -6.77e-01 | TR length: 8.00e-01 | num. restarts: 0/5 | num. successes: 1/10
2024-01-12 21:40:42,388 - INFO - [Restart 1] 456) Best value: -5.58e-01 | TR length: 8.00e-01 | num. restarts: 0/5 | num. successes: 2/10
2024-01-12 21:40:42,777 - INFO - [Restart 1] 460) Best value: -4.12e-01 | TR length: 8.00e-01 | num. restarts: 0/5 | num. successes: 3/10
2024-01-12 21:40:43,110 - INFO - [Restart 1] 464) Best value: -3.50e-01 | TR length: 8.00e-01 | num. restarts: 0/5 | num. successes: 4/10
2024-01-12 21:40:43,430 - INFO - [Restart 1] 468) Best value: -3.06e-01 | TR length: 8.00e-01 | num. restarts: 0/5 | num. successes: 5/10
2024-01-12 21:40:43,773 - INFO - [Restart 1] 472) Best value: -2.68e-01 | TR length: 8.00e-01 | num. restarts: 0/5 | num. successes: 6/10
2024-01-12 21:40:44,092 - INFO - [Restart 1] 476) Best value: -2.68e-01 | TR length: 8.00e-01 | num. restarts: 1/5 | num. successes: 0/10
2024-01-12 21:40:44,410 - INFO - [Restart 1] 480) Best value: -2.68e-01 | TR length: 8.00e-01 | num. restarts: 2/5 | num. successes: 0/10
2024-01-12 21:40:44,688 - INFO - [Restart 1] 484) Best value: -2.68e-01 | TR length: 8.00e-01 | num. restarts: 3/5 | num. successes: 0/10
2024-01-12 21:40:45,005 - INFO - [Restart 1] 488) Best value: -1.82e-01 | TR length: 8.00e-01 | num. restarts: 0/5 | num. successes: 1/10
2024-01-12 21:40:45,322 - INFO - [Restart 1] 492) Best value: -1.82e-01 | TR length: 8.00e-01 | num. restarts: 1/5 | num. successes: 0/10
2024-01-12 21:40:45,636 - INFO - [Restart 1] 496) Best value: -1.82e-01 | TR length: 8.00e-01 | num. restarts: 2/5 | num. successes: 0/10
2024-01-12 21:40:46,339 - INFO - [Restart 1] 500) Best value: -1.82e-01 | TR length: 8.00e-01 | num. restarts: 3/5 | num. successes: 0/10
2024-01-12 21:40:46,933 - INFO - [Restart 1] 504) Best value: -1.82e-01 | TR length: 8.00e-01 | num. restarts: 4/5 | num. successes: 0/10
2024-01-12 21:40:47,324 - INFO - [Restart 1] 508) Best value: -1.82e-01 | TR length: 4.00e-01 | num. restarts: 0/5 | num. successes: 0/10
2024-01-12 21:40:47,779 - INFO - [Restart 1] 512) Best value: -1.39e-01 | TR length: 4.00e-01 | num. restarts: 0/5 | num. successes: 1/10
2024-01-12 21:40:48,295 - INFO - [Restart 1] 516) Best value: -1.06e-01 | TR length: 4.00e-01 | num. restarts: 0/5 | num. successes: 2/10
2024-01-12 21:40:48,884 - INFO - [Restart 1] 520) Best value: -8.66e-02 | TR length: 4.00e-01 | num. restarts: 0/5 | num. successes: 3/10
2024-01-12 21:40:49,523 - INFO - [Restart 1] 524) Best value: -8.66e-02 | TR length: 4.00e-01 | num. restarts: 1/5 | num. successes: 0/10
2024-01-12 21:40:50,015 - INFO - [Restart 1] 528) Best value: -7.73e-02 | TR length: 4.00e-01 | num. restarts: 0/5 | num. successes: 1/10
2024-01-12 21:40:50,501 - INFO - [Restart 1] 532) Best value: -7.73e-02 | TR length: 4.00e-01 | num. restarts: 1/5 | num. successes: 0/10
2024-01-12 21:40:51,238 - INFO - [Restart 1] 536) Best value: -7.73e-02 | TR length: 4.00e-01 | num. restarts: 2/5 | num. successes: 0/10
2024-01-12 21:40:51,890 - INFO - [Restart 1] 540) Best value: -7.38e-02 | TR length: 4.00e-01 | num. restarts: 0/5 | num. successes: 1/10
2024-01-12 21:40:52,816 - INFO - [Restart 1] 544) Best value: -7.38e-02 | TR length: 4.00e-01 | num. restarts: 1/5 | num. successes: 0/10
2024-01-12 21:40:53,841 - INFO - [Restart 1] 548) Best value: -7.38e-02 | TR length: 4.00e-01 | num. restarts: 2/5 | num. successes: 0/10
2024-01-12 21:40:55,218 - INFO - [Restart 1] 552) Best value: -7.38e-02 | TR length: 4.00e-01 | num. restarts: 3/5 | num. successes: 0/10
2024-01-12 21:40:56,048 - INFO - [Restart 1] 556) Best value: -7.38e-02 | TR length: 4.00e-01 | num. restarts: 4/5 | num. successes: 0/10
2024-01-12 21:40:57,293 - INFO - [Restart 1] 560) Best value: -7.38e-02 | TR length: 2.00e-01 | num. restarts: 0/5 | num. successes: 0/10
2024-01-12 21:40:58,625 - INFO - [Restart 1] 564) Best value: -4.65e-02 | TR length: 2.00e-01 | num. restarts: 0/5 | num. successes: 1/10
2024-01-12 21:40:59,209 - INFO - [Restart 1] 568) Best value: -2.44e-02 | TR length: 2.00e-01 | num. restarts: 0/5 | num. successes: 2/10
2024-01-12 21:41:00,068 - INFO - [Restart 1] 572) Best value: -2.40e-02 | TR length: 2.00e-01 | num. restarts: 0/5 | num. successes: 3/10
2024-01-12 21:41:00,595 - INFO - [Restart 1] 576) Best value: -2.10e-02 | TR length: 2.00e-01 | num. restarts: 0/5 | num. successes: 4/10
2024-01-12 21:41:01,379 - INFO - [Restart 1] 580) Best value: -2.10e-02 | TR length: 2.00e-01 | num. restarts: 1/5 | num. successes: 0/10
2024-01-12 21:41:01,922 - INFO - [Restart 1] 584) Best value: -2.10e-02 | TR length: 2.00e-01 | num. restarts: 2/5 | num. successes: 0/10
2024-01-12 21:41:02,475 - INFO - [Restart 1] 588) Best value: -1.43e-02 | TR length: 2.00e-01 | num. restarts: 0/5 | num. successes: 1/10
2024-01-12 21:41:03,106 - INFO - [Restart 1] 592) Best value: -1.43e-02 | TR length: 2.00e-01 | num. restarts: 1/5 | num. successes: 0/10
2024-01-12 21:41:03,708 - INFO - [Restart 1] 596) Best value: -1.43e-02 | TR length: 2.00e-01 | num. restarts: 2/5 | num. successes: 0/10
2024-01-12 21:41:04,274 - INFO - [Restart 1] 600) Best value: -1.43e-02 | TR length: 2.00e-01 | num. restarts: 3/5 | num. successes: 0/10
2024-01-12 21:41:04,768 - INFO - [Restart 1] 604) Best value: -1.43e-02 | TR length: 2.00e-01 | num. restarts: 4/5 | num. successes: 0/10
2024-01-12 21:41:05,294 - INFO - [Restart 1] 608) Best value: -1.43e-02 | TR length: 1.00e-01 | num. restarts: 0/5 | num. successes: 0/10
2024-01-12 21:41:05,725 - INFO - [Restart 1] 612) Best value: -8.53e-03 | TR length: 1.00e-01 | num. restarts: 0/5 | num. successes: 1/10
2024-01-12 21:41:06,210 - INFO - [Restart 1] 616) Best value: -6.99e-03 | TR length: 1.00e-01 | num. restarts: 0/5 | num. successes: 2/10
2024-01-12 21:41:06,620 - INFO - [Restart 1] 620) Best value: -5.27e-03 | TR length: 1.00e-01 | num. restarts: 0/5 | num. successes: 3/10
2024-01-12 21:41:07,046 - INFO - [Restart 1] 624) Best value: -5.27e-03 | TR length: 1.00e-01 | num. restarts: 1/5 | num. successes: 0/10
2024-01-12 21:41:07,481 - INFO - [Restart 1] 628) Best value: -5.27e-03 | TR length: 1.00e-01 | num. restarts: 2/5 | num. successes: 0/10
2024-01-12 21:41:07,912 - INFO - [Restart 1] 632) Best value: -5.27e-03 | TR length: 1.00e-01 | num. restarts: 3/5 | num. successes: 0/10
2024-01-12 21:41:08,379 - INFO - [Restart 1] 636) Best value: -5.04e-03 | TR length: 1.00e-01 | num. restarts: 0/5 | num. successes: 1/10
2024-01-12 21:41:08,813 - INFO - [Restart 1] 640) Best value: -5.04e-03 | TR length: 1.00e-01 | num. restarts: 1/5 | num. successes: 0/10
2024-01-12 21:41:09,319 - INFO - [Restart 1] 644) Best value: -5.04e-03 | TR length: 1.00e-01 | num. restarts: 2/5 | num. successes: 0/10
2024-01-12 21:41:09,774 - INFO - [Restart 1] 648) Best value: -5.04e-03 | TR length: 1.00e-01 | num. restarts: 3/5 | num. successes: 0/10
2024-01-12 21:41:10,200 - INFO - [Restart 1] 652) Best value: -5.04e-03 | TR length: 1.00e-01 | num. restarts: 4/5 | num. successes: 0/10
2024-01-12 21:41:10,658 - INFO - [Restart 1] 656) Best value: -5.04e-03 | TR length: 5.00e-02 | num. restarts: 0/5 | num. successes: 0/10
2024-01-12 21:41:11,117 - INFO - [Restart 1] 660) Best value: -2.33e-03 | TR length: 5.00e-02 | num. restarts: 0/5 | num. successes: 1/10
2024-01-12 21:41:11,605 - INFO - [Restart 1] 664) Best value: -1.70e-03 | TR length: 5.00e-02 | num. restarts: 0/5 | num. successes: 2/10
2024-01-12 21:41:12,026 - INFO - [Restart 1] 668) Best value: -1.63e-03 | TR length: 5.00e-02 | num. restarts: 0/5 | num. successes: 3/10
2024-01-12 21:41:12,534 - INFO - [Restart 1] 672) Best value: -1.37e-03 | TR length: 5.00e-02 | num. restarts: 0/5 | num. successes: 4/10
2024-01-12 21:41:13,026 - INFO - [Restart 1] 676) Best value: -1.37e-03 | TR length: 5.00e-02 | num. restarts: 1/5 | num. successes: 0/10
2024-01-12 21:41:13,490 - INFO - [Restart 1] 680) Best value: -1.37e-03 | TR length: 5.00e-02 | num. restarts: 2/5 | num. successes: 0/10
2024-01-12 21:41:13,954 - INFO - [Restart 1] 684) Best value: -1.14e-03 | TR length: 5.00e-02 | num. restarts: 0/5 | num. successes: 1/10
2024-01-12 21:41:14,465 - INFO - [Restart 1] 688) Best value: -1.14e-03 | TR length: 5.00e-02 | num. restarts: 1/5 | num. successes: 0/10
2024-01-12 21:41:14,949 - INFO - [Restart 1] 692) Best value: -1.14e-03 | TR length: 5.00e-02 | num. restarts: 2/5 | num. successes: 0/10
2024-01-12 21:41:15,408 - INFO - [Restart 1] 696) Best value: -1.14e-03 | TR length: 5.00e-02 | num. restarts: 3/5 | num. successes: 0/10
2024-01-12 21:41:15,857 - INFO - [Restart 1] 700) Best value: -1.14e-03 | TR length: 5.00e-02 | num. restarts: 4/5 | num. successes: 0/10
2024-01-12 21:41:16,356 - INFO - [Restart 1] 704) Best value: -1.14e-03 | TR length: 2.50e-02 | num. restarts: 0/5 | num. successes: 0/10
2024-01-12 21:41:16,840 - INFO - [Restart 1] 708) Best value: -7.20e-04 | TR length: 2.50e-02 | num. restarts: 0/5 | num. successes: 1/10
2024-01-12 21:41:17,310 - INFO - [Restart 1] 712) Best value: -4.81e-04 | TR length: 2.50e-02 | num. restarts: 0/5 | num. successes: 2/10
2024-01-12 21:41:17,819 - INFO - [Restart 1] 716) Best value: -3.11e-04 | TR length: 2.50e-02 | num. restarts: 0/5 | num. successes: 3/10
2024-01-12 21:41:18,339 - INFO - [Restart 1] 720) Best value: -3.11e-04 | TR length: 2.50e-02 | num. restarts: 1/5 | num. successes: 0/10
2024-01-12 21:41:18,856 - INFO - [Restart 1] 724) Best value: -3.11e-04 | TR length: 2.50e-02 | num. restarts: 2/5 | num. successes: 0/10
2024-01-12 21:41:19,361 - INFO - [Restart 1] 728) Best value: -3.00e-04 | TR length: 2.50e-02 | num. restarts: 0/5 | num. successes: 1/10
2024-01-12 21:41:19,869 - INFO - [Restart 1] 732) Best value: -3.00e-04 | TR length: 2.50e-02 | num. restarts: 1/5 | num. successes: 0/10
2024-01-12 21:41:20,415 - INFO - [Restart 1] 736) Best value: -2.86e-04 | TR length: 2.50e-02 | num. restarts: 0/5 | num. successes: 1/10
2024-01-12 21:41:20,946 - INFO - [Restart 1] 740) Best value: -2.86e-04 | TR length: 2.50e-02 | num. restarts: 1/5 | num. successes: 0/10
2024-01-12 21:41:21,518 - INFO - [Restart 1] 744) Best value: -2.86e-04 | TR length: 2.50e-02 | num. restarts: 2/5 | num. successes: 0/10
2024-01-12 21:41:22,038 - INFO - [Restart 1] 748) Best value: -2.86e-04 | TR length: 2.50e-02 | num. restarts: 3/5 | num. successes: 0/10
2024-01-12 21:41:22,604 - INFO - [Restart 1] 752) Best value: -2.57e-04 | TR length: 2.50e-02 | num. restarts: 0/5 | num. successes: 1/10
2024-01-12 21:41:23,132 - INFO - [Restart 1] 756) Best value: -2.51e-04 | TR length: 2.50e-02 | num. restarts: 0/5 | num. successes: 2/10
2024-01-12 21:41:23,652 - INFO - [Restart 1] 760) Best value: -2.44e-04 | TR length: 2.50e-02 | num. restarts: 0/5 | num. successes: 3/10
2024-01-12 21:41:24,163 - INFO - [Restart 1] 764) Best value: -2.44e-04 | TR length: 2.50e-02 | num. restarts: 1/5 | num. successes: 0/10
2024-01-12 21:41:24,697 - INFO - [Restart 1] 768) Best value: -2.15e-04 | TR length: 2.50e-02 | num. restarts: 0/5 | num. successes: 1/10
2024-01-12 21:41:25,226 - INFO - [Restart 1] 772) Best value: -2.15e-04 | TR length: 2.50e-02 | num. restarts: 1/5 | num. successes: 0/10
2024-01-12 21:41:25,743 - INFO - [Restart 1] 776) Best value: -2.15e-04 | TR length: 2.50e-02 | num. restarts: 2/5 | num. successes: 0/10
2024-01-12 21:41:26,227 - INFO - [Restart 1] 780) Best value: -2.15e-04 | TR length: 2.50e-02 | num. restarts: 3/5 | num. successes: 0/10
2024-01-12 21:41:26,775 - INFO - [Restart 1] 784) Best value: -2.15e-04 | TR length: 2.50e-02 | num. restarts: 4/5 | num. successes: 0/10
2024-01-12 21:41:27,260 - INFO - [Restart 1] 788) Best value: -2.15e-04 | TR length: 1.25e-02 | num. restarts: 0/5 | num. successes: 0/10
2024-01-12 21:41:27,766 - INFO - [Restart 1] 792) Best value: -1.51e-04 | TR length: 1.25e-02 | num. restarts: 0/5 | num. successes: 1/10
2024-01-12 21:41:28,289 - INFO - [Restart 1] 796) Best value: -1.02e-04 | TR length: 1.25e-02 | num. restarts: 0/5 | num. successes: 2/10
2024-01-12 21:41:28,851 - INFO - [Restart 1] 800) Best value: -9.11e-05 | TR length: 1.25e-02 | num. restarts: 0/5 | num. successes: 3/10
2024-01-12 21:41:29,444 - INFO - [Restart 1] 804) Best value: -9.09e-05 | TR length: 1.25e-02 | num. restarts: 0/5 | num. successes: 4/10
2024-01-12 21:41:29,990 - INFO - [Restart 1] 808) Best value: -9.09e-05 | TR length: 1.25e-02 | num. restarts: 1/5 | num. successes: 0/10
2024-01-12 21:41:30,543 - INFO - [Restart 1] 812) Best value: -7.58e-05 | TR length: 1.25e-02 | num. restarts: 0/5 | num. successes: 1/10
2024-01-12 21:41:31,153 - INFO - [Restart 1] 816) Best value: -7.49e-05 | TR length: 1.25e-02 | num. restarts: 0/5 | num. successes: 2/10
2024-01-12 21:41:31,696 - INFO - [Restart 1] 820) Best value: -7.49e-05 | TR length: 1.25e-02 | num. restarts: 1/5 | num. successes: 0/10
2024-01-12 21:41:32,308 - INFO - [Restart 1] 824) Best value: -7.49e-05 | TR length: 1.25e-02 | num. restarts: 2/5 | num. successes: 0/10
2024-01-12 21:41:32,894 - INFO - [Restart 1] 828) Best value: -7.49e-05 | TR length: 1.25e-02 | num. restarts: 3/5 | num. successes: 0/10
2024-01-12 21:41:33,515 - INFO - [Restart 1] 832) Best value: -7.49e-05 | TR length: 1.25e-02 | num. restarts: 4/5 | num. successes: 0/10
2024-01-12 21:41:34,180 - INFO - [Restart 1] 836) Best value: -7.49e-05 | TR length: 6.25e-03 | num. restarts: 0/5 | num. successes: 0/10
2024-01-12 21:41:34,536 - INFO - [Restart 2] 880) Best value: -7.10e-01 | TR length: 8.00e-01 | num. restarts: 0/5 | num. successes: 1/10
2024-01-12 21:41:34,815 - INFO - [Restart 2] 884) Best value: -5.11e-01 | TR length: 8.00e-01 | num. restarts: 0/5 | num. successes: 2/10
2024-01-12 21:41:35,173 - INFO - [Restart 2] 888) Best value: -3.92e-01 | TR length: 8.00e-01 | num. restarts: 0/5 | num. successes: 3/10
2024-01-12 21:41:35,435 - INFO - [Restart 2] 892) Best value: -3.00e-01 | TR length: 8.00e-01 | num. restarts: 0/5 | num. successes: 4/10
2024-01-12 21:41:35,695 - INFO - [Restart 2] 896) Best value: -3.00e-01 | TR length: 8.00e-01 | num. restarts: 1/5 | num. successes: 0/10
2024-01-12 21:41:35,969 - INFO - [Restart 2] 900) Best value: -2.31e-01 | TR length: 8.00e-01 | num. restarts: 0/5 | num. successes: 1/10
2024-01-12 21:41:36,244 - INFO - [Restart 2] 904) Best value: -2.31e-01 | TR length: 8.00e-01 | num. restarts: 1/5 | num. successes: 0/10
2024-01-12 21:41:36,556 - INFO - [Restart 2] 908) Best value: -2.31e-01 | TR length: 8.00e-01 | num. restarts: 2/5 | num. successes: 0/10
2024-01-12 21:41:36,856 - INFO - [Restart 2] 912) Best value: -2.31e-01 | TR length: 8.00e-01 | num. restarts: 3/5 | num. successes: 0/10
2024-01-12 21:41:37,136 - INFO - [Restart 2] 916) Best value: -2.31e-01 | TR length: 8.00e-01 | num. restarts: 4/5 | num. successes: 0/10
2024-01-12 21:41:37,420 - INFO - [Restart 2] 920) Best value: -2.31e-01 | TR length: 4.00e-01 | num. restarts: 0/5 | num. successes: 0/10
2024-01-12 21:41:37,910 - INFO - [Restart 2] 924) Best value: -1.75e-01 | TR length: 4.00e-01 | num. restarts: 0/5 | num. successes: 1/10
2024-01-12 21:41:38,337 - INFO - [Restart 2] 928) Best value: -8.09e-02 | TR length: 4.00e-01 | num. restarts: 0/5 | num. successes: 2/10
2024-01-12 21:41:38,822 - INFO - [Restart 2] 932) Best value: -6.97e-02 | TR length: 4.00e-01 | num. restarts: 0/5 | num. successes: 3/10
2024-01-12 21:41:39,189 - INFO - [Restart 2] 936) Best value: -6.42e-02 | TR length: 4.00e-01 | num. restarts: 0/5 | num. successes: 4/10
2024-01-12 21:41:39,561 - INFO - [Restart 2] 940) Best value: -6.42e-02 | TR length: 4.00e-01 | num. restarts: 1/5 | num. successes: 0/10
2024-01-12 21:41:39,972 - INFO - [Restart 2] 944) Best value: -6.42e-02 | TR length: 4.00e-01 | num. restarts: 2/5 | num. successes: 0/10
2024-01-12 21:41:40,397 - INFO - [Restart 2] 948) Best value: -6.42e-02 | TR length: 4.00e-01 | num. restarts: 3/5 | num. successes: 0/10
2024-01-12 21:41:40,791 - INFO - [Restart 2] 952) Best value: -6.42e-02 | TR length: 4.00e-01 | num. restarts: 4/5 | num. successes: 0/10
2024-01-12 21:41:41,658 - INFO - [Restart 2] 956) Best value: -6.42e-02 | TR length: 2.00e-01 | num. restarts: 0/5 | num. successes: 0/10
2024-01-12 21:41:42,172 - INFO - [Restart 2] 960) Best value: -4.10e-02 | TR length: 2.00e-01 | num. restarts: 0/5 | num. successes: 1/10
2024-01-12 21:41:42,544 - INFO - [Restart 2] 964) Best value: -2.33e-02 | TR length: 2.00e-01 | num. restarts: 0/5 | num. successes: 2/10
2024-01-12 21:41:43,371 - INFO - [Restart 2] 968) Best value: -2.20e-02 | TR length: 2.00e-01 | num. restarts: 0/5 | num. successes: 3/10
2024-01-12 21:41:44,104 - INFO - [Restart 2] 972) Best value: -2.20e-02 | TR length: 2.00e-01 | num. restarts: 1/5 | num. successes: 0/10
2024-01-12 21:41:44,788 - INFO - [Restart 2] 976) Best value: -1.77e-02 | TR length: 2.00e-01 | num. restarts: 0/5 | num. successes: 1/10
2024-01-12 21:41:45,965 - INFO - [Restart 2] 980) Best value: -1.77e-02 | TR length: 2.00e-01 | num. restarts: 1/5 | num. successes: 0/10
2024-01-12 21:41:46,767 - INFO - [Restart 2] 984) Best value: -1.77e-02 | TR length: 2.00e-01 | num. restarts: 2/5 | num. successes: 0/10
2024-01-12 21:41:47,468 - INFO - [Restart 2] 988) Best value: -1.77e-02 | TR length: 2.00e-01 | num. restarts: 3/5 | num. successes: 0/10
2024-01-12 21:41:48,055 - INFO - [Restart 2] 992) Best value: -1.77e-02 | TR length: 2.00e-01 | num. restarts: 4/5 | num. successes: 0/10
2024-01-12 21:41:49,157 - INFO - [Restart 2] 996) Best value: -1.77e-02 | TR length: 1.00e-01 | num. restarts: 0/5 | num. successes: 0/10
2024-01-12 21:41:49,647 - INFO - [Restart 2] 1000) Best value: -1.14e-02 | TR length: 1.00e-01 | num. restarts: 0/5 | num. successes: 1/10
2024-01-12 21:41:49,647 - INFO - --------------------------------------------------
2024-01-12 21:41:49,648 - INFO - Best function value: -7.488761735441767e-05
2024-01-12 21:41:49,648 - INFO - Elapsed time: 119.54 seconds
2024-01-12 21:45:43,510 - INFO - [Restart 0] 44) Best value: -8.22e+01 | TR length: 8.00e-01 | num. restarts: 0/5 | num. successes: 1/10
2024-01-12 21:45:43,948 - INFO - [Restart 0] 48) Best value: -7.78e+01 | TR length: 8.00e-01 | num. restarts: 0/5 | num. successes: 2/10
2024-01-12 21:45:44,288 - INFO - [Restart 0] 52) Best value: -7.39e+01 | TR length: 8.00e-01 | num. restarts: 0/5 | num. successes: 3/10
2024-01-12 21:45:44,671 - INFO - [Restart 0] 56) Best value: -7.39e+01 | TR length: 8.00e-01 | num. restarts: 1/5 | num. successes: 0/10
2024-01-12 21:45:45,107 - INFO - [Restart 0] 60) Best value: -7.39e+01 | TR length: 8.00e-01 | num. restarts: 2/5 | num. successes: 0/10
2024-01-12 21:45:45,555 - INFO - [Restart 0] 64) Best value: -7.39e+01 | TR length: 8.00e-01 | num. restarts: 3/5 | num. successes: 0/10
2024-01-12 21:45:46,023 - INFO - [Restart 0] 68) Best value: -6.31e+01 | TR length: 8.00e-01 | num. restarts: 0/5 | num. successes: 1/10
2024-01-12 21:45:46,495 - INFO - [Restart 0] 72) Best value: -4.43e+01 | TR length: 8.00e-01 | num. restarts: 0/5 | num. successes: 2/10
2024-01-12 21:45:47,073 - INFO - [Restart 0] 76) Best value: -3.65e+01 | TR length: 8.00e-01 | num. restarts: 0/5 | num. successes: 3/10
2024-01-12 21:45:47,538 - INFO - [Restart 0] 80) Best value: -3.65e+01 | TR length: 8.00e-01 | num. restarts: 1/5 | num. successes: 0/10
2024-01-12 21:45:48,242 - INFO - [Restart 0] 84) Best value: -3.65e+01 | TR length: 8.00e-01 | num. restarts: 2/5 | num. successes: 0/10
2024-01-12 21:45:48,779 - INFO - [Restart 0] 88) Best value: -3.65e+01 | TR length: 8.00e-01 | num. restarts: 3/5 | num. successes: 0/10
2024-01-12 21:45:49,265 - INFO - [Restart 0] 92) Best value: -2.89e+01 | TR length: 8.00e-01 | num. restarts: 0/5 | num. successes: 1/10
2024-01-12 21:45:49,784 - INFO - [Restart 0] 96) Best value: -2.89e+01 | TR length: 8.00e-01 | num. restarts: 1/5 | num. successes: 0/10
2024-01-12 21:45:50,231 - INFO - [Restart 0] 100) Best value: -2.89e+01 | TR length: 8.00e-01 | num. restarts: 2/5 | num. successes: 0/10
2024-01-12 21:45:50,721 - INFO - [Restart 0] 104) Best value: -2.89e+01 | TR length: 8.00e-01 | num. restarts: 3/5 | num. successes: 0/10
2024-01-12 21:45:51,321 - INFO - [Restart 0] 108) Best value: -2.89e+01 | TR length: 8.00e-01 | num. restarts: 4/5 | num. successes: 0/10
2024-01-12 21:45:51,999 - INFO - [Restart 0] 112) Best value: -2.89e+01 | TR length: 4.00e-01 | num. restarts: 0/5 | num. successes: 0/10
2024-01-12 21:45:52,545 - INFO - [Restart 0] 116) Best value: -1.49e+01 | TR length: 4.00e-01 | num. restarts: 0/5 | num. successes: 1/10
2024-01-12 21:45:53,207 - INFO - [Restart 0] 120) Best value: -1.49e+01 | TR length: 4.00e-01 | num. restarts: 1/5 | num. successes: 0/10
2024-01-12 21:45:53,773 - INFO - [Restart 0] 124) Best value: -1.49e+01 | TR length: 4.00e-01 | num. restarts: 2/5 | num. successes: 0/10
2024-01-12 21:45:54,253 - INFO - [Restart 0] 128) Best value: -1.49e+01 | TR length: 4.00e-01 | num. restarts: 3/5 | num. successes: 0/10
2024-01-12 21:45:54,849 - INFO - [Restart 0] 132) Best value: -1.49e+01 | TR length: 4.00e-01 | num. restarts: 4/5 | num. successes: 0/10
2024-01-12 21:45:55,602 - INFO - [Restart 0] 136) Best value: -1.49e+01 | TR length: 2.00e-01 | num. restarts: 0/5 | num. successes: 0/10
2024-01-12 21:45:56,132 - INFO - [Restart 0] 140) Best value: -1.49e+01 | TR length: 2.00e-01 | num. restarts: 1/5 | num. successes: 0/10
2024-01-12 21:45:56,556 - INFO - [Restart 0] 144) Best value: -1.49e+01 | TR length: 2.00e-01 | num. restarts: 2/5 | num. successes: 0/10
2024-01-12 21:45:56,971 - INFO - [Restart 0] 148) Best value: -1.49e+01 | TR length: 2.00e-01 | num. restarts: 3/5 | num. successes: 0/10
2024-01-12 21:45:57,470 - INFO - [Restart 0] 152) Best value: -1.49e+01 | TR length: 2.00e-01 | num. restarts: 4/5 | num. successes: 0/10
2024-01-12 21:45:57,955 - INFO - [Restart 0] 156) Best value: -1.49e+01 | TR length: 1.00e-01 | num. restarts: 0/5 | num. successes: 0/10
2024-01-12 21:45:58,390 - INFO - [Restart 0] 160) Best value: -1.49e+01 | TR length: 1.00e-01 | num. restarts: 1/5 | num. successes: 0/10
2024-01-12 21:45:58,874 - INFO - [Restart 0] 164) Best value: -1.31e+01 | TR length: 1.00e-01 | num. restarts: 0/5 | num. successes: 1/10
2024-01-12 21:45:59,500 - INFO - [Restart 0] 168) Best value: -1.31e+01 | TR length: 1.00e-01 | num. restarts: 1/5 | num. successes: 0/10
2024-01-12 21:45:59,969 - INFO - [Restart 0] 172) Best value: -9.38e+00 | TR length: 1.00e-01 | num. restarts: 0/5 | num. successes: 1/10
2024-01-12 21:46:00,535 - INFO - [Restart 0] 176) Best value: -9.38e+00 | TR length: 1.00e-01 | num. restarts: 1/5 | num. successes: 0/10
2024-01-12 21:46:01,166 - INFO - [Restart 0] 180) Best value: -8.65e+00 | TR length: 1.00e-01 | num. restarts: 0/5 | num. successes: 1/10
2024-01-12 21:46:01,783 - INFO - [Restart 0] 184) Best value: -8.65e+00 | TR length: 1.00e-01 | num. restarts: 1/5 | num. successes: 0/10
2024-01-12 21:46:02,373 - INFO - [Restart 0] 188) Best value: -8.65e+00 | TR length: 1.00e-01 | num. restarts: 2/5 | num. successes: 0/10
2024-01-12 21:46:03,158 - INFO - [Restart 0] 192) Best value: -8.65e+00 | TR length: 1.00e-01 | num. restarts: 3/5 | num. successes: 0/10
2024-01-12 21:46:03,722 - INFO - [Restart 0] 196) Best value: -8.39e+00 | TR length: 1.00e-01 | num. restarts: 0/5 | num. successes: 1/10
2024-01-12 21:46:04,306 - INFO - [Restart 0] 200) Best value: -8.39e+00 | TR length: 1.00e-01 | num. restarts: 1/5 | num. successes: 0/10
2024-01-12 21:46:04,882 - INFO - [Restart 0] 204) Best value: -8.39e+00 | TR length: 1.00e-01 | num. restarts: 2/5 | num. successes: 0/10
2024-01-12 21:46:05,403 - INFO - [Restart 0] 208) Best value: -8.39e+00 | TR length: 1.00e-01 | num. restarts: 3/5 | num. successes: 0/10
2024-01-12 21:46:05,849 - INFO - [Restart 0] 212) Best value: -8.39e+00 | TR length: 1.00e-01 | num. restarts: 4/5 | num. successes: 0/10
2024-01-12 21:46:06,405 - INFO - [Restart 0] 216) Best value: -8.39e+00 | TR length: 5.00e-02 | num. restarts: 0/5 | num. successes: 0/10
2024-01-12 21:46:06,965 - INFO - [Restart 0] 220) Best value: -7.32e+00 | TR length: 5.00e-02 | num. restarts: 0/5 | num. successes: 1/10
2024-01-12 21:46:07,464 - INFO - [Restart 0] 224) Best value: -6.94e+00 | TR length: 5.00e-02 | num. restarts: 0/5 | num. successes: 2/10
2024-01-12 21:46:08,379 - INFO - [Restart 0] 228) Best value: -6.94e+00 | TR length: 5.00e-02 | num. restarts: 1/5 | num. successes: 0/10
2024-01-12 21:46:09,483 - INFO - [Restart 0] 232) Best value: -6.93e+00 | TR length: 5.00e-02 | num. restarts: 0/5 | num. successes: 1/10
2024-01-12 21:46:10,482 - INFO - [Restart 0] 236) Best value: -5.32e+00 | TR length: 5.00e-02 | num. restarts: 0/5 | num. successes: 2/10
2024-01-12 21:46:11,502 - INFO - [Restart 0] 240) Best value: -4.75e+00 | TR length: 5.00e-02 | num. restarts: 0/5 | num. successes: 3/10
2024-01-12 21:46:12,596 - INFO - [Restart 0] 244) Best value: -4.75e+00 | TR length: 5.00e-02 | num. restarts: 1/5 | num. successes: 0/10
2024-01-12 21:46:13,511 - INFO - [Restart 0] 248) Best value: -4.75e+00 | TR length: 5.00e-02 | num. restarts: 2/5 | num. successes: 0/10
2024-01-12 21:46:14,407 - INFO - [Restart 0] 252) Best value: -4.69e+00 | TR length: 5.00e-02 | num. restarts: 0/5 | num. successes: 1/10
2024-01-12 21:46:15,315 - INFO - [Restart 0] 256) Best value: -4.24e+00 | TR length: 5.00e-02 | num. restarts: 0/5 | num. successes: 2/10
2024-01-12 21:46:16,002 - INFO - [Restart 0] 260) Best value: -4.24e+00 | TR length: 5.00e-02 | num. restarts: 1/5 | num. successes: 0/10
2024-01-12 21:46:17,051 - INFO - [Restart 0] 264) Best value: -4.09e+00 | TR length: 5.00e-02 | num. restarts: 0/5 | num. successes: 1/10
2024-01-12 21:46:18,086 - INFO - [Restart 0] 268) Best value: -4.09e+00 | TR length: 5.00e-02 | num. restarts: 1/5 | num. successes: 0/10
2024-01-12 21:46:19,023 - INFO - [Restart 0] 272) Best value: -4.09e+00 | TR length: 5.00e-02 | num. restarts: 2/5 | num. successes: 0/10
2024-01-12 21:46:19,981 - INFO - [Restart 0] 276) Best value: -4.09e+00 | TR length: 5.00e-02 | num. restarts: 3/5 | num. successes: 0/10
2024-01-12 21:46:21,239 - INFO - [Restart 0] 280) Best value: -4.09e+00 | TR length: 5.00e-02 | num. restarts: 4/5 | num. successes: 0/10
2024-01-12 21:46:21,917 - INFO - [Restart 0] 284) Best value: -4.09e+00 | TR length: 2.50e-02 | num. restarts: 0/5 | num. successes: 0/10
2024-01-12 21:46:22,677 - INFO - [Restart 0] 288) Best value: -3.99e+00 | TR length: 2.50e-02 | num. restarts: 0/5 | num. successes: 1/10
2024-01-12 21:46:23,441 - INFO - [Restart 0] 292) Best value: -3.99e+00 | TR length: 2.50e-02 | num. restarts: 1/5 | num. successes: 0/10
2024-01-12 21:46:24,141 - INFO - [Restart 0] 296) Best value: -3.99e+00 | TR length: 2.50e-02 | num. restarts: 2/5 | num. successes: 0/10
2024-01-12 21:46:24,929 - INFO - [Restart 0] 300) Best value: -3.96e+00 | TR length: 2.50e-02 | num. restarts: 0/5 | num. successes: 1/10
2024-01-12 21:46:25,681 - INFO - [Restart 0] 304) Best value: -3.93e+00 | TR length: 2.50e-02 | num. restarts: 0/5 | num. successes: 2/10
2024-01-12 21:46:26,777 - INFO - [Restart 0] 308) Best value: -3.93e+00 | TR length: 2.50e-02 | num. restarts: 1/5 | num. successes: 0/10
2024-01-12 21:46:27,933 - INFO - [Restart 0] 312) Best value: -3.93e+00 | TR length: 2.50e-02 | num. restarts: 2/5 | num. successes: 0/10
2024-01-12 21:46:29,172 - INFO - [Restart 0] 316) Best value: -3.88e+00 | TR length: 2.50e-02 | num. restarts: 0/5 | num. successes: 1/10
2024-01-12 21:46:30,486 - INFO - [Restart 0] 320) Best value: -3.88e+00 | TR length: 2.50e-02 | num. restarts: 1/5 | num. successes: 0/10
2024-01-12 21:46:31,628 - INFO - [Restart 0] 324) Best value: -3.88e+00 | TR length: 2.50e-02 | num. restarts: 2/5 | num. successes: 0/10
2024-01-12 21:46:32,991 - INFO - [Restart 0] 328) Best value: -3.88e+00 | TR length: 2.50e-02 | num. restarts: 3/5 | num. successes: 0/10
2024-01-12 21:46:34,238 - INFO - [Restart 0] 332) Best value: -3.88e+00 | TR length: 2.50e-02 | num. restarts: 4/5 | num. successes: 0/10
2024-01-12 21:46:35,344 - INFO - [Restart 0] 336) Best value: -3.88e+00 | TR length: 1.25e-02 | num. restarts: 0/5 | num. successes: 0/10
2024-01-12 21:46:36,146 - INFO - [Restart 0] 340) Best value: -3.86e+00 | TR length: 1.25e-02 | num. restarts: 0/5 | num. successes: 1/10
2024-01-12 21:46:37,759 - INFO - [Restart 0] 344) Best value: -3.82e+00 | TR length: 1.25e-02 | num. restarts: 0/5 | num. successes: 2/10
2024-01-12 21:46:38,697 - INFO - [Restart 0] 348) Best value: -3.79e+00 | TR length: 1.25e-02 | num. restarts: 0/5 | num. successes: 3/10
2024-01-12 21:46:40,034 - INFO - [Restart 0] 352) Best value: -3.79e+00 | TR length: 1.25e-02 | num. restarts: 1/5 | num. successes: 0/10
2024-01-12 21:46:40,754 - INFO - [Restart 0] 356) Best value: -3.78e+00 | TR length: 1.25e-02 | num. restarts: 0/5 | num. successes: 1/10
2024-01-12 21:46:41,653 - INFO - [Restart 0] 360) Best value: -3.75e+00 | TR length: 1.25e-02 | num. restarts: 0/5 | num. successes: 2/10
2024-01-12 21:46:42,445 - INFO - [Restart 0] 364) Best value: -3.75e+00 | TR length: 1.25e-02 | num. restarts: 1/5 | num. successes: 0/10
2024-01-12 21:46:43,221 - INFO - [Restart 0] 368) Best value: -3.75e+00 | TR length: 1.25e-02 | num. restarts: 2/5 | num. successes: 0/10
2024-01-12 21:46:43,981 - INFO - [Restart 0] 372) Best value: -3.75e+00 | TR length: 1.25e-02 | num. restarts: 3/5 | num. successes: 0/10
2024-01-12 21:46:44,768 - INFO - [Restart 0] 376) Best value: -3.74e+00 | TR length: 1.25e-02 | num. restarts: 0/5 | num. successes: 1/10
2024-01-12 21:46:45,522 - INFO - [Restart 0] 380) Best value: -3.74e+00 | TR length: 1.25e-02 | num. restarts: 1/5 | num. successes: 0/10
2024-01-12 21:46:46,287 - INFO - [Restart 0] 384) Best value: -3.72e+00 | TR length: 1.25e-02 | num. restarts: 0/5 | num. successes: 1/10
2024-01-12 21:46:46,974 - INFO - [Restart 0] 388) Best value: -3.72e+00 | TR length: 1.25e-02 | num. restarts: 1/5 | num. successes: 0/10
2024-01-12 21:46:47,740 - INFO - [Restart 0] 392) Best value: -3.72e+00 | TR length: 1.25e-02 | num. restarts: 2/5 | num. successes: 0/10
2024-01-12 21:46:48,590 - INFO - [Restart 0] 396) Best value: -3.71e+00 | TR length: 1.25e-02 | num. restarts: 0/5 | num. successes: 1/10
2024-01-12 21:46:49,501 - INFO - [Restart 0] 400) Best value: -3.67e+00 | TR length: 1.25e-02 | num. restarts: 0/5 | num. successes: 2/10
2024-01-12 21:46:50,553 - INFO - [Restart 0] 404) Best value: -3.66e+00 | TR length: 1.25e-02 | num. restarts: 0/5 | num. successes: 3/10
2024-01-12 21:46:51,653 - INFO - [Restart 0] 408) Best value: -3.62e+00 | TR length: 1.25e-02 | num. restarts: 0/5 | num. successes: 4/10
2024-01-12 21:46:52,628 - INFO - [Restart 0] 412) Best value: -3.59e+00 | TR length: 1.25e-02 | num. restarts: 0/5 | num. successes: 5/10
2024-01-12 21:46:53,735 - INFO - [Restart 0] 416) Best value: -3.59e+00 | TR length: 1.25e-02 | num. restarts: 1/5 | num. successes: 0/10
2024-01-12 21:46:54,752 - INFO - [Restart 0] 420) Best value: -3.57e+00 | TR length: 1.25e-02 | num. restarts: 0/5 | num. successes: 1/10
2024-01-12 21:46:55,838 - INFO - [Restart 0] 424) Best value: -3.57e+00 | TR length: 1.25e-02 | num. restarts: 1/5 | num. successes: 0/10
2024-01-12 21:46:57,096 - INFO - [Restart 0] 428) Best value: -3.56e+00 | TR length: 1.25e-02 | num. restarts: 0/5 | num. successes: 1/10
2024-01-12 21:46:58,322 - INFO - [Restart 0] 432) Best value: -3.56e+00 | TR length: 1.25e-02 | num. restarts: 1/5 | num. successes: 0/10
2024-01-12 21:46:59,528 - INFO - [Restart 0] 436) Best value: -3.53e+00 | TR length: 1.25e-02 | num. restarts: 0/5 | num. successes: 1/10
2024-01-12 21:47:00,934 - INFO - [Restart 0] 440) Best value: -3.53e+00 | TR length: 1.25e-02 | num. restarts: 1/5 | num. successes: 0/10
2024-01-12 21:47:02,133 - INFO - [Restart 0] 444) Best value: -3.52e+00 | TR length: 1.25e-02 | num. restarts: 0/5 | num. successes: 1/10
2024-01-12 21:47:03,643 - INFO - [Restart 0] 448) Best value: -3.50e+00 | TR length: 1.25e-02 | num. restarts: 0/5 | num. successes: 2/10
2024-01-12 21:47:05,164 - INFO - [Restart 0] 452) Best value: -3.50e+00 | TR length: 1.25e-02 | num. restarts: 1/5 | num. successes: 0/10
2024-01-12 21:47:06,844 - INFO - [Restart 0] 456) Best value: -3.49e+00 | TR length: 1.25e-02 | num. restarts: 0/5 | num. successes: 1/10
2024-01-12 21:47:08,432 - INFO - [Restart 0] 460) Best value: -3.49e+00 | TR length: 1.25e-02 | num. restarts: 1/5 | num. successes: 0/10
2024-01-12 21:47:09,929 - INFO - [Restart 0] 464) Best value: -3.49e+00 | TR length: 1.25e-02 | num. restarts: 2/5 | num. successes: 0/10
2024-01-12 21:47:11,320 - INFO - [Restart 0] 468) Best value: -3.49e+00 | TR length: 1.25e-02 | num. restarts: 3/5 | num. successes: 0/10
2024-01-12 21:47:12,730 - INFO - [Restart 0] 472) Best value: -3.48e+00 | TR length: 1.25e-02 | num. restarts: 0/5 | num. successes: 1/10
2024-01-12 21:47:14,184 - INFO - [Restart 0] 476) Best value: -3.48e+00 | TR length: 1.25e-02 | num. restarts: 1/5 | num. successes: 0/10
2024-01-12 21:47:15,567 - INFO - [Restart 0] 480) Best value: -3.48e+00 | TR length: 1.25e-02 | num. restarts: 0/5 | num. successes: 1/10
2024-01-12 21:47:17,301 - INFO - [Restart 0] 484) Best value: -3.48e+00 | TR length: 1.25e-02 | num. restarts: 1/5 | num. successes: 0/10
2024-01-12 21:47:19,302 - INFO - [Restart 0] 488) Best value: -3.48e+00 | TR length: 1.25e-02 | num. restarts: 0/5 | num. successes: 1/10
2024-01-12 21:47:21,184 - INFO - [Restart 0] 492) Best value: -3.48e+00 | TR length: 1.25e-02 | num. restarts: 1/5 | num. successes: 0/10
2024-01-12 21:47:23,482 - INFO - [Restart 0] 496) Best value: -3.48e+00 | TR length: 1.25e-02 | num. restarts: 0/5 | num. successes: 1/10
2024-01-12 21:47:25,179 - INFO - [Restart 0] 500) Best value: -3.48e+00 | TR length: 1.25e-02 | num. restarts: 1/5 | num. successes: 0/10
2024-01-12 21:47:26,773 - INFO - [Restart 0] 504) Best value: -3.48e+00 | TR length: 1.25e-02 | num. restarts: 0/5 | num. successes: 1/10
2024-01-12 21:47:28,272 - INFO - [Restart 0] 508) Best value: -3.47e+00 | TR length: 1.25e-02 | num. restarts: 0/5 | num. successes: 2/10
2024-01-12 21:47:29,907 - INFO - [Restart 0] 512) Best value: -3.47e+00 | TR length: 1.25e-02 | num. restarts: 1/5 | num. successes: 0/10
2024-01-12 21:47:31,428 - INFO - [Restart 0] 516) Best value: -3.47e+00 | TR length: 1.25e-02 | num. restarts: 0/5 | num. successes: 1/10
2024-01-12 21:47:33,232 - INFO - [Restart 0] 520) Best value: -3.47e+00 | TR length: 1.25e-02 | num. restarts: 0/5 | num. successes: 2/10
2024-01-12 21:47:35,134 - INFO - [Restart 0] 524) Best value: -3.47e+00 | TR length: 1.25e-02 | num. restarts: 1/5 | num. successes: 0/10
2024-01-12 21:47:36,878 - INFO - [Restart 0] 528) Best value: -3.47e+00 | TR length: 1.25e-02 | num. restarts: 2/5 | num. successes: 0/10
2024-01-12 21:47:38,676 - INFO - [Restart 0] 532) Best value: -3.47e+00 | TR length: 1.25e-02 | num. restarts: 0/5 | num. successes: 1/10
2024-01-12 21:47:40,562 - INFO - [Restart 0] 536) Best value: -3.47e+00 | TR length: 1.25e-02 | num. restarts: 1/5 | num. successes: 0/10
2024-01-12 21:47:42,149 - INFO - [Restart 0] 540) Best value: -3.47e+00 | TR length: 1.25e-02 | num. restarts: 2/5 | num. successes: 0/10
2024-01-12 21:47:43,744 - INFO - [Restart 0] 544) Best value: -3.47e+00 | TR length: 1.25e-02 | num. restarts: 3/5 | num. successes: 0/10
2024-01-12 21:47:45,819 - INFO - [Restart 0] 548) Best value: -3.47e+00 | TR length: 1.25e-02 | num. restarts: 4/5 | num. successes: 0/10
2024-01-12 21:47:47,826 - INFO - [Restart 0] 552) Best value: -3.47e+00 | TR length: 6.25e-03 | num. restarts: 0/5 | num. successes: 0/10
2024-01-12 21:47:48,383 - INFO - [Restart 1] 596) Best value: -6.88e+01 | TR length: 8.00e-01 | num. restarts: 0/5 | num. successes: 1/10
2024-01-12 21:47:48,869 - INFO - [Restart 1] 600) Best value: -6.88e+01 | TR length: 8.00e-01 | num. restarts: 1/5 | num. successes: 0/10
2024-01-12 21:47:49,539 - INFO - [Restart 1] 604) Best value: -6.88e+01 | TR length: 8.00e-01 | num. restarts: 2/5 | num. successes: 0/10
2024-01-12 21:47:50,143 - INFO - [Restart 1] 608) Best value: -6.88e+01 | TR length: 8.00e-01 | num. restarts: 3/5 | num. successes: 0/10
2024-01-12 21:47:50,689 - INFO - [Restart 1] 612) Best value: -6.88e+01 | TR length: 8.00e-01 | num. restarts: 4/5 | num. successes: 0/10
2024-01-12 21:47:51,324 - INFO - [Restart 1] 616) Best value: -4.87e+01 | TR length: 8.00e-01 | num. restarts: 0/5 | num. successes: 1/10
2024-01-12 21:47:52,081 - INFO - [Restart 1] 620) Best value: -4.87e+01 | TR length: 8.00e-01 | num. restarts: 1/5 | num. successes: 0/10
2024-01-12 21:47:52,701 - INFO - [Restart 1] 624) Best value: -4.87e+01 | TR length: 8.00e-01 | num. restarts: 2/5 | num. successes: 0/10
2024-01-12 21:47:53,292 - INFO - [Restart 1] 628) Best value: -4.87e+01 | TR length: 8.00e-01 | num. restarts: 3/5 | num. successes: 0/10
2024-01-12 21:47:54,138 - INFO - [Restart 1] 632) Best value: -4.87e+01 | TR length: 8.00e-01 | num. restarts: 4/5 | num. successes: 0/10
2024-01-12 21:47:54,736 - INFO - [Restart 1] 636) Best value: -4.87e+01 | TR length: 4.00e-01 | num. restarts: 0/5 | num. successes: 0/10
2024-01-12 21:47:55,327 - INFO - [Restart 1] 640) Best value: -4.87e+01 | TR length: 4.00e-01 | num. restarts: 1/5 | num. successes: 0/10
2024-01-12 21:47:55,942 - INFO - [Restart 1] 644) Best value: -4.87e+01 | TR length: 4.00e-01 | num. restarts: 2/5 | num. successes: 0/10
2024-01-12 21:47:56,706 - INFO - [Restart 1] 648) Best value: -4.17e+01 | TR length: 4.00e-01 | num. restarts: 0/5 | num. successes: 1/10
2024-01-12 21:47:57,288 - INFO - [Restart 1] 652) Best value: -3.20e+01 | TR length: 4.00e-01 | num. restarts: 0/5 | num. successes: 2/10
2024-01-12 21:47:58,082 - INFO - [Restart 1] 656) Best value: -3.20e+01 | TR length: 4.00e-01 | num. restarts: 1/5 | num. successes: 0/10
2024-01-12 21:47:58,541 - INFO - [Restart 1] 660) Best value: -3.20e+01 | TR length: 4.00e-01 | num. restarts: 2/5 | num. successes: 0/10
2024-01-12 21:47:59,123 - INFO - [Restart 1] 664) Best value: -3.04e+01 | TR length: 4.00e-01 | num. restarts: 0/5 | num. successes: 1/10
2024-01-12 21:47:59,717 - INFO - [Restart 1] 668) Best value: -2.19e+01 | TR length: 4.00e-01 | num. restarts: 0/5 | num. successes: 2/10
2024-01-12 21:48:00,188 - INFO - [Restart 1] 672) Best value: -2.19e+01 | TR length: 4.00e-01 | num. restarts: 1/5 | num. successes: 0/10
2024-01-12 21:48:00,661 - INFO - [Restart 1] 676) Best value: -2.19e+01 | TR length: 4.00e-01 | num. restarts: 2/5 | num. successes: 0/10
2024-01-12 21:48:01,378 - INFO - [Restart 1] 680) Best value: -2.19e+01 | TR length: 4.00e-01 | num. restarts: 3/5 | num. successes: 0/10
2024-01-12 21:48:02,079 - INFO - [Restart 1] 684) Best value: -2.19e+01 | TR length: 4.00e-01 | num. restarts: 4/5 | num. successes: 0/10
2024-01-12 21:48:02,754 - INFO - [Restart 1] 688) Best value: -2.19e+01 | TR length: 2.00e-01 | num. restarts: 0/5 | num. successes: 0/10
2024-01-12 21:48:03,304 - INFO - [Restart 1] 692) Best value: -2.19e+01 | TR length: 2.00e-01 | num. restarts: 1/5 | num. successes: 0/10
2024-01-12 21:48:03,769 - INFO - [Restart 1] 696) Best value: -2.19e+01 | TR length: 2.00e-01 | num. restarts: 2/5 | num. successes: 0/10
2024-01-12 21:48:04,266 - INFO - [Restart 1] 700) Best value: -2.19e+01 | TR length: 2.00e-01 | num. restarts: 3/5 | num. successes: 0/10
2024-01-12 21:48:05,007 - INFO - [Restart 1] 704) Best value: -2.19e+01 | TR length: 2.00e-01 | num. restarts: 4/5 | num. successes: 0/10
2024-01-12 21:48:05,610 - INFO - [Restart 1] 708) Best value: -2.19e+01 | TR length: 1.00e-01 | num. restarts: 0/5 | num. successes: 0/10
2024-01-12 21:48:06,276 - INFO - [Restart 1] 712) Best value: -2.19e+01 | TR length: 1.00e-01 | num. restarts: 1/5 | num. successes: 0/10
2024-01-12 21:48:06,970 - INFO - [Restart 1] 716) Best value: -2.19e+01 | TR length: 1.00e-01 | num. restarts: 2/5 | num. successes: 0/10
2024-01-12 21:48:07,542 - INFO - [Restart 1] 720) Best value: -1.50e+01 | TR length: 1.00e-01 | num. restarts: 0/5 | num. successes: 1/10
2024-01-12 21:48:08,125 - INFO - [Restart 1] 724) Best value: -1.50e+01 | TR length: 1.00e-01 | num. restarts: 1/5 | num. successes: 0/10
2024-01-12 21:48:08,972 - INFO - [Restart 1] 728) Best value: -1.50e+01 | TR length: 1.00e-01 | num. restarts: 2/5 | num. successes: 0/10
2024-01-12 21:48:09,673 - INFO - [Restart 1] 732) Best value: -1.50e+01 | TR length: 1.00e-01 | num. restarts: 3/5 | num. successes: 0/10
2024-01-12 21:48:10,401 - INFO - [Restart 1] 736) Best value: -1.50e+01 | TR length: 1.00e-01 | num. restarts: 4/5 | num. successes: 0/10
2024-01-12 21:48:11,013 - INFO - [Restart 1] 740) Best value: -1.42e+01 | TR length: 1.00e-01 | num. restarts: 0/5 | num. successes: 1/10
2024-01-12 21:48:11,775 - INFO - [Restart 1] 744) Best value: -1.40e+01 | TR length: 1.00e-01 | num. restarts: 0/5 | num. successes: 2/10
2024-01-12 21:48:12,285 - INFO - [Restart 1] 748) Best value: -1.31e+01 | TR length: 1.00e-01 | num. restarts: 0/5 | num. successes: 3/10
2024-01-12 21:48:12,913 - INFO - [Restart 1] 752) Best value: -1.31e+01 | TR length: 1.00e-01 | num. restarts: 1/5 | num. successes: 0/10
2024-01-12 21:48:13,444 - INFO - [Restart 1] 756) Best value: -1.31e+01 | TR length: 1.00e-01 | num. restarts: 2/5 | num. successes: 0/10
2024-01-12 21:48:14,408 - INFO - [Restart 1] 760) Best value: -1.18e+01 | TR length: 1.00e-01 | num. restarts: 0/5 | num. successes: 1/10
2024-01-12 21:48:15,064 - INFO - [Restart 1] 764) Best value: -1.18e+01 | TR length: 1.00e-01 | num. restarts: 1/5 | num. successes: 0/10
2024-01-12 21:48:15,699 - INFO - [Restart 1] 768) Best value: -1.14e+01 | TR length: 1.00e-01 | num. restarts: 0/5 | num. successes: 1/10
2024-01-12 21:48:16,393 - INFO - [Restart 1] 772) Best value: -1.14e+01 | TR length: 1.00e-01 | num. restarts: 1/5 | num. successes: 0/10
2024-01-12 21:48:17,330 - INFO - [Restart 1] 776) Best value: -1.14e+01 | TR length: 1.00e-01 | num. restarts: 2/5 | num. successes: 0/10
2024-01-12 21:48:18,076 - INFO - [Restart 1] 780) Best value: -1.14e+01 | TR length: 1.00e-01 | num. restarts: 3/5 | num. successes: 0/10
2024-01-12 21:48:19,000 - INFO - [Restart 1] 784) Best value: -1.11e+01 | TR length: 1.00e-01 | num. restarts: 0/5 | num. successes: 1/10
2024-01-12 21:48:19,949 - INFO - [Restart 1] 788) Best value: -1.11e+01 | TR length: 1.00e-01 | num. restarts: 1/5 | num. successes: 0/10
2024-01-12 21:48:20,983 - INFO - [Restart 1] 792) Best value: -1.08e+01 | TR length: 1.00e-01 | num. restarts: 0/5 | num. successes: 1/10
2024-01-12 21:48:21,622 - INFO - [Restart 1] 796) Best value: -1.08e+01 | TR length: 1.00e-01 | num. restarts: 1/5 | num. successes: 0/10
2024-01-12 21:48:22,567 - INFO - [Restart 1] 800) Best value: -1.08e+01 | TR length: 1.00e-01 | num. restarts: 2/5 | num. successes: 0/10
2024-01-12 21:48:23,170 - INFO - [Restart 1] 804) Best value: -1.01e+01 | TR length: 1.00e-01 | num. restarts: 0/5 | num. successes: 1/10
2024-01-12 21:48:24,061 - INFO - [Restart 1] 808) Best value: -1.01e+01 | TR length: 1.00e-01 | num. restarts: 1/5 | num. successes: 0/10
2024-01-12 21:48:24,811 - INFO - [Restart 1] 812) Best value: -1.01e+01 | TR length: 1.00e-01 | num. restarts: 2/5 | num. successes: 0/10
2024-01-12 21:48:25,515 - INFO - [Restart 1] 816) Best value: -1.01e+01 | TR length: 1.00e-01 | num. restarts: 3/5 | num. successes: 0/10
2024-01-12 21:48:26,262 - INFO - [Restart 1] 820) Best value: -1.01e+01 | TR length: 1.00e-01 | num. restarts: 4/5 | num. successes: 0/10
2024-01-12 21:48:27,103 - INFO - [Restart 1] 824) Best value: -1.01e+01 | TR length: 5.00e-02 | num. restarts: 0/5 | num. successes: 0/10
2024-01-12 21:48:27,862 - INFO - [Restart 1] 828) Best value: -9.74e+00 | TR length: 5.00e-02 | num. restarts: 0/5 | num. successes: 1/10
2024-01-12 21:48:28,682 - INFO - [Restart 1] 832) Best value: -9.42e+00 | TR length: 5.00e-02 | num. restarts: 0/5 | num. successes: 2/10
2024-01-12 21:48:29,407 - INFO - [Restart 1] 836) Best value: -9.42e+00 | TR length: 5.00e-02 | num. restarts: 1/5 | num. successes: 0/10
2024-01-12 21:48:30,181 - INFO - [Restart 1] 840) Best value: -8.86e+00 | TR length: 5.00e-02 | num. restarts: 0/5 | num. successes: 1/10
2024-01-12 21:48:30,940 - INFO - [Restart 1] 844) Best value: -8.44e+00 | TR length: 5.00e-02 | num. restarts: 0/5 | num. successes: 2/10
2024-01-12 21:48:31,733 - INFO - [Restart 1] 848) Best value: -8.25e+00 | TR length: 5.00e-02 | num. restarts: 0/5 | num. successes: 3/10
2024-01-12 21:48:32,666 - INFO - [Restart 1] 852) Best value: -8.25e+00 | TR length: 5.00e-02 | num. restarts: 1/5 | num. successes: 0/10
2024-01-12 21:48:33,423 - INFO - [Restart 1] 856) Best value: -8.04e+00 | TR length: 5.00e-02 | num. restarts: 0/5 | num. successes: 1/10
2024-01-12 21:48:34,216 - INFO - [Restart 1] 860) Best value: -7.83e+00 | TR length: 5.00e-02 | num. restarts: 0/5 | num. successes: 2/10
2024-01-12 21:48:35,020 - INFO - [Restart 1] 864) Best value: -7.83e+00 | TR length: 5.00e-02 | num. restarts: 1/5 | num. successes: 0/10
2024-01-12 21:48:35,818 - INFO - [Restart 1] 868) Best value: -7.83e+00 | TR length: 5.00e-02 | num. restarts: 2/5 | num. successes: 0/10
2024-01-12 21:48:36,639 - INFO - [Restart 1] 872) Best value: -7.83e+00 | TR length: 5.00e-02 | num. restarts: 3/5 | num. successes: 0/10
2024-01-12 21:48:37,506 - INFO - [Restart 1] 876) Best value: -7.83e+00 | TR length: 5.00e-02 | num. restarts: 4/5 | num. successes: 0/10
2024-01-12 21:48:38,471 - INFO - [Restart 1] 880) Best value: -7.60e+00 | TR length: 5.00e-02 | num. restarts: 0/5 | num. successes: 1/10
2024-01-12 21:48:39,482 - INFO - [Restart 1] 884) Best value: -7.60e+00 | TR length: 5.00e-02 | num. restarts: 1/5 | num. successes: 0/10
2024-01-12 21:48:40,399 - INFO - [Restart 1] 888) Best value: -7.60e+00 | TR length: 5.00e-02 | num. restarts: 2/5 | num. successes: 0/10
2024-01-12 21:48:41,257 - INFO - [Restart 1] 892) Best value: -7.60e+00 | TR length: 5.00e-02 | num. restarts: 3/5 | num. successes: 0/10
2024-01-12 21:48:42,419 - INFO - [Restart 1] 896) Best value: -7.56e+00 | TR length: 5.00e-02 | num. restarts: 0/5 | num. successes: 1/10
2024-01-12 21:48:43,526 - INFO - [Restart 1] 900) Best value: -7.50e+00 | TR length: 5.00e-02 | num. restarts: 0/5 | num. successes: 2/10
2024-01-12 21:48:44,574 - INFO - [Restart 1] 904) Best value: -7.50e+00 | TR length: 5.00e-02 | num. restarts: 1/5 | num. successes: 0/10
2024-01-12 21:48:45,620 - INFO - [Restart 1] 908) Best value: -7.50e+00 | TR length: 5.00e-02 | num. restarts: 2/5 | num. successes: 0/10
2024-01-12 21:48:46,918 - INFO - [Restart 1] 912) Best value: -7.50e+00 | TR length: 5.00e-02 | num. restarts: 3/5 | num. successes: 0/10
2024-01-12 21:48:48,064 - INFO - [Restart 1] 916) Best value: -7.50e+00 | TR length: 5.00e-02 | num. restarts: 4/5 | num. successes: 0/10
2024-01-12 21:48:49,065 - INFO - [Restart 1] 920) Best value: -7.50e+00 | TR length: 2.50e-02 | num. restarts: 0/5 | num. successes: 0/10
2024-01-12 21:48:49,993 - INFO - [Restart 1] 924) Best value: -7.44e+00 | TR length: 2.50e-02 | num. restarts: 0/5 | num. successes: 1/10
2024-01-12 21:48:51,020 - INFO - [Restart 1] 928) Best value: -7.39e+00 | TR length: 2.50e-02 | num. restarts: 0/5 | num. successes: 2/10
2024-01-12 21:48:52,089 - INFO - [Restart 1] 932) Best value: -7.35e+00 | TR length: 2.50e-02 | num. restarts: 0/5 | num. successes: 3/10
2024-01-12 21:48:53,068 - INFO - [Restart 1] 936) Best value: -7.28e+00 | TR length: 2.50e-02 | num. restarts: 0/5 | num. successes: 4/10
2024-01-12 21:48:54,092 - INFO - [Restart 1] 940) Best value: -7.28e+00 | TR length: 2.50e-02 | num. restarts: 1/5 | num. successes: 0/10
2024-01-12 21:48:55,090 - INFO - [Restart 1] 944) Best value: -7.28e+00 | TR length: 2.50e-02 | num. restarts: 2/5 | num. successes: 0/10
2024-01-12 21:48:56,232 - INFO - [Restart 1] 948) Best value: -7.28e+00 | TR length: 2.50e-02 | num. restarts: 3/5 | num. successes: 0/10
2024-01-12 21:48:57,399 - INFO - [Restart 1] 952) Best value: -7.26e+00 | TR length: 2.50e-02 | num. restarts: 0/5 | num. successes: 1/10
2024-01-12 21:48:58,544 - INFO - [Restart 1] 956) Best value: -7.26e+00 | TR length: 2.50e-02 | num. restarts: 1/5 | num. successes: 0/10
2024-01-12 21:48:59,769 - INFO - [Restart 1] 960) Best value: -7.25e+00 | TR length: 2.50e-02 | num. restarts: 0/5 | num. successes: 1/10
2024-01-12 21:49:01,026 - INFO - [Restart 1] 964) Best value: -7.16e+00 | TR length: 2.50e-02 | num. restarts: 0/5 | num. successes: 2/10
2024-01-12 21:49:02,280 - INFO - [Restart 1] 968) Best value: -7.16e+00 | TR length: 2.50e-02 | num. restarts: 1/5 | num. successes: 0/10
2024-01-12 21:49:03,346 - INFO - [Restart 1] 972) Best value: -7.16e+00 | TR length: 2.50e-02 | num. restarts: 2/5 | num. successes: 0/10
2024-01-12 21:49:04,403 - INFO - [Restart 1] 976) Best value: -7.16e+00 | TR length: 2.50e-02 | num. restarts: 3/5 | num. successes: 0/10
2024-01-12 21:49:05,625 - INFO - [Restart 1] 980) Best value: -7.16e+00 | TR length: 2.50e-02 | num. restarts: 4/5 | num. successes: 0/10
2024-01-12 21:49:06,804 - INFO - [Restart 1] 984) Best value: -7.16e+00 | TR length: 1.25e-02 | num. restarts: 0/5 | num. successes: 0/10
2024-01-12 21:49:08,011 - INFO - [Restart 1] 988) Best value: -7.08e+00 | TR length: 1.25e-02 | num. restarts: 0/5 | num. successes: 1/10
2024-01-12 21:49:09,199 - INFO - [Restart 1] 992) Best value: -7.06e+00 | TR length: 1.25e-02 | num. restarts: 0/5 | num. successes: 2/10
2024-01-12 21:49:10,303 - INFO - [Restart 1] 996) Best value: -7.06e+00 | TR length: 1.25e-02 | num. restarts: 1/5 | num. successes: 0/10
2024-01-12 21:49:11,450 - INFO - [Restart 1] 1000) Best value: -7.06e+00 | TR length: 1.25e-02 | num. restarts: 0/5 | num. successes: 1/10
2024-01-12 21:49:11,451 - INFO - --------------------------------------------------
2024-01-12 21:49:11,451 - INFO - Best function value: -3.4693576642545265
2024-01-12 21:49:11,451 - INFO - Elapsed time: 209.79 seconds
