2024-01-16 11:57:16,807 - INFO - Start experiment: gp_ei_rastrigin20d_1000
2024-01-16 11:57:16,807 - INFO - ==================================================
2024-01-16 11:57:16,807 - INFO - Config:
2024-01-16 11:57:16,807 - INFO - obj_func: Rastrigin()
2024-01-16 11:57:16,895 - INFO - bounds: tensor([[-5.1200, -5.1200, -5.1200, -5.1200, -5.1200, -5.1200, -5.1200, -5.1200,
         -5.1200, -5.1200, -5.1200, -5.1200, -5.1200, -5.1200, -5.1200, -5.1200,
         -5.1200, -5.1200, -5.1200, -5.1200],
        [ 5.1200,  5.1200,  5.1200,  5.1200,  5.1200,  5.1200,  5.1200,  5.1200,
          5.1200,  5.1200,  5.1200,  5.1200,  5.1200,  5.1200,  5.1200,  5.1200,
          5.1200,  5.1200,  5.1200,  5.1200]], device='cuda:0',
       dtype=torch.float64)
2024-01-16 11:57:16,895 - INFO - batch_size: 4
2024-01-16 11:57:16,895 - INFO - n_init: 40
2024-01-16 11:57:16,895 - INFO - seed: 0
2024-01-16 11:57:16,895 - INFO - acqf_func: ts
2024-01-16 11:57:16,896 - INFO - max_cholesky_size: inf
2024-01-16 11:57:16,896 - INFO - ==================================================
2024-01-16 11:57:20,047 - INFO - Sample 44 | Best value: -283.80 |
2024-01-16 11:57:28,891 - INFO - Sample 48 | Best value: -267.45 |
2024-01-16 11:57:38,284 - INFO - Sample 52 | Best value: -267.45 |
2024-01-16 11:57:47,791 - INFO - Sample 56 | Best value: -247.87 |
2024-01-16 11:57:57,442 - INFO - Sample 60 | Best value: -247.87 |
2024-01-16 11:58:07,192 - INFO - Sample 64 | Best value: -247.87 |
2024-01-16 11:58:16,872 - INFO - Sample 68 | Best value: -247.87 |
2024-01-16 11:58:26,373 - INFO - Sample 72 | Best value: -247.87 |
2024-01-16 11:58:35,924 - INFO - Sample 76 | Best value: -247.87 |
2024-01-16 11:58:45,527 - INFO - Sample 80 | Best value: -243.99 |
2024-01-16 11:58:55,262 - INFO - Sample 84 | Best value: -241.44 |
2024-01-16 11:59:04,833 - INFO - Sample 88 | Best value: -231.66 |
2024-01-16 11:59:14,493 - INFO - Sample 92 | Best value: -231.66 |
2024-01-16 11:59:24,356 - INFO - Sample 96 | Best value: -188.01 |
2024-01-16 11:59:25,120 - INFO - Sample 100 | Best value: -188.01 |
2024-01-16 11:59:25,786 - INFO - Sample 104 | Best value: -188.01 |
2024-01-16 11:59:26,304 - INFO - Sample 108 | Best value: -188.01 |
2024-01-16 11:59:26,759 - INFO - Sample 112 | Best value: -188.01 |
2024-01-16 11:59:27,293 - INFO - Sample 116 | Best value: -188.01 |
2024-01-16 11:59:30,410 - INFO - Sample 120 | Best value: -188.01 |
2024-01-16 11:59:30,983 - INFO - Sample 124 | Best value: -188.01 |
2024-01-16 11:59:31,569 - INFO - Sample 128 | Best value: -188.01 |
2024-01-16 11:59:36,578 - INFO - Sample 132 | Best value: -188.01 |
2024-01-16 11:59:46,515 - INFO - Sample 136 | Best value: -181.43 |
2024-01-16 11:59:47,158 - INFO - Sample 140 | Best value: -181.43 |
2024-01-16 11:59:47,813 - INFO - Sample 144 | Best value: -181.43 |
2024-01-16 11:59:48,382 - INFO - Sample 148 | Best value: -181.43 |
2024-01-16 11:59:49,056 - INFO - Sample 152 | Best value: -181.43 |
2024-01-16 11:59:49,800 - INFO - Sample 156 | Best value: -181.43 |
2024-01-16 11:59:50,544 - INFO - Sample 160 | Best value: -181.43 |
2024-01-16 11:59:57,909 - INFO - Sample 164 | Best value: -181.43 |
2024-01-16 11:59:58,569 - INFO - Sample 168 | Best value: -181.43 |
2024-01-16 11:59:59,268 - INFO - Sample 172 | Best value: -181.43 |
2024-01-16 11:59:59,819 - INFO - Sample 176 | Best value: -181.43 |
2024-01-16 12:00:00,440 - INFO - Sample 180 | Best value: -181.43 |
2024-01-16 12:00:01,073 - INFO - Sample 184 | Best value: -181.43 |
2024-01-16 12:00:01,674 - INFO - Sample 188 | Best value: -181.43 |
2024-01-16 12:00:02,244 - INFO - Sample 192 | Best value: -181.43 |
2024-01-16 12:00:02,891 - INFO - Sample 196 | Best value: -181.43 |
2024-01-16 12:00:03,473 - INFO - Sample 200 | Best value: -181.43 |
2024-01-16 12:00:04,066 - INFO - Sample 204 | Best value: -181.43 |
2024-01-16 12:00:04,747 - INFO - Sample 208 | Best value: -181.43 |
2024-01-16 12:00:05,513 - INFO - Sample 212 | Best value: -181.43 |
2024-01-16 12:00:09,267 - INFO - Sample 216 | Best value: -181.43 |
2024-01-16 12:00:09,655 - INFO - Sample 220 | Best value: -181.43 |
2024-01-16 12:00:11,130 - INFO - Sample 224 | Best value: -181.43 |
2024-01-16 12:00:11,508 - INFO - Sample 228 | Best value: -181.43 |
2024-01-16 12:00:11,920 - INFO - Sample 232 | Best value: -181.43 |
2024-01-16 12:00:12,297 - INFO - Sample 236 | Best value: -181.43 |
2024-01-16 12:00:12,667 - INFO - Sample 240 | Best value: -181.43 |
2024-01-16 12:00:13,024 - INFO - Sample 244 | Best value: -181.43 |
2024-01-16 12:00:13,361 - INFO - Sample 248 | Best value: -181.43 |
2024-01-16 12:00:13,734 - INFO - Sample 252 | Best value: -181.43 |
2024-01-16 12:00:14,088 - INFO - Sample 256 | Best value: -181.43 |
2024-01-16 12:00:14,413 - INFO - Sample 260 | Best value: -181.43 |
2024-01-16 12:00:14,776 - INFO - Sample 264 | Best value: -181.43 |
2024-01-16 12:00:15,151 - INFO - Sample 268 | Best value: -181.43 |
2024-01-16 12:00:15,549 - INFO - Sample 272 | Best value: -181.43 |
2024-01-16 12:00:15,968 - INFO - Sample 276 | Best value: -181.43 |
2024-01-16 12:00:16,409 - INFO - Sample 280 | Best value: -181.43 |
2024-01-16 12:00:16,836 - INFO - Sample 284 | Best value: -181.43 |
2024-01-16 12:00:17,222 - INFO - Sample 288 | Best value: -181.43 |
2024-01-16 12:00:17,609 - INFO - Sample 292 | Best value: -181.43 |
2024-01-16 12:00:17,966 - INFO - Sample 296 | Best value: -181.43 |
2024-01-16 12:00:18,430 - INFO - Sample 300 | Best value: -181.43 |
2024-01-16 12:00:18,838 - INFO - Sample 304 | Best value: -181.43 |
2024-01-16 12:00:19,219 - INFO - Sample 308 | Best value: -181.43 |
2024-01-16 12:00:19,599 - INFO - Sample 312 | Best value: -181.43 |
2024-01-16 12:00:20,039 - INFO - Sample 316 | Best value: -181.43 |
2024-01-16 12:00:20,422 - INFO - Sample 320 | Best value: -181.43 |
2024-01-16 12:00:20,847 - INFO - Sample 324 | Best value: -181.43 |
2024-01-16 12:00:21,325 - INFO - Sample 328 | Best value: -181.43 |
2024-01-16 12:00:21,742 - INFO - Sample 332 | Best value: -181.43 |
2024-01-16 12:00:22,185 - INFO - Sample 336 | Best value: -181.43 |
2024-01-16 12:00:22,671 - INFO - Sample 340 | Best value: -181.43 |
2024-01-16 12:00:25,537 - INFO - Sample 344 | Best value: -181.43 |
2024-01-16 12:00:25,963 - INFO - Sample 348 | Best value: -181.43 |
2024-01-16 12:00:26,357 - INFO - Sample 352 | Best value: -181.43 |
2024-01-16 12:00:36,112 - INFO - Sample 356 | Best value: -181.43 |
2024-01-16 12:00:36,907 - INFO - Sample 360 | Best value: -181.43 |
2024-01-16 12:00:37,711 - INFO - Sample 364 | Best value: -181.43 |
2024-01-16 12:00:38,517 - INFO - Sample 368 | Best value: -181.43 |
2024-01-16 12:00:39,350 - INFO - Sample 372 | Best value: -181.43 |
2024-01-16 12:00:40,152 - INFO - Sample 376 | Best value: -181.43 |
2024-01-16 12:00:40,975 - INFO - Sample 380 | Best value: -181.43 |
2024-01-16 12:00:41,739 - INFO - Sample 384 | Best value: -181.43 |
2024-01-16 12:00:42,565 - INFO - Sample 388 | Best value: -181.43 |
2024-01-16 12:00:43,397 - INFO - Sample 392 | Best value: -181.43 |
2024-01-16 12:00:44,248 - INFO - Sample 396 | Best value: -181.43 |
2024-01-16 12:00:45,075 - INFO - Sample 400 | Best value: -181.43 |
2024-01-16 12:00:45,857 - INFO - Sample 404 | Best value: -181.43 |
2024-01-16 12:00:46,596 - INFO - Sample 408 | Best value: -181.43 |
2024-01-16 12:00:47,359 - INFO - Sample 412 | Best value: -181.43 |
2024-01-16 12:00:48,210 - INFO - Sample 416 | Best value: -181.43 |
2024-01-16 12:00:49,008 - INFO - Sample 420 | Best value: -181.43 |
2024-01-16 12:00:49,795 - INFO - Sample 424 | Best value: -181.43 |
2024-01-16 12:00:50,621 - INFO - Sample 428 | Best value: -181.43 |
2024-01-16 12:00:51,412 - INFO - Sample 432 | Best value: -181.43 |
2024-01-16 12:00:52,315 - INFO - Sample 436 | Best value: -181.43 |
2024-01-16 12:00:53,048 - INFO - Sample 440 | Best value: -181.43 |
2024-01-16 12:00:53,844 - INFO - Sample 444 | Best value: -181.43 |
2024-01-16 12:00:54,366 - INFO - Sample 448 | Best value: -181.43 |
2024-01-16 12:00:54,919 - INFO - Sample 452 | Best value: -181.43 |
2024-01-16 12:00:55,430 - INFO - Sample 456 | Best value: -181.43 |
2024-01-16 12:01:02,266 - INFO - Sample 460 | Best value: -181.43 |
2024-01-16 12:01:03,133 - INFO - Sample 464 | Best value: -181.43 |
2024-01-16 12:01:04,089 - INFO - Sample 468 | Best value: -181.43 |
2024-01-16 12:01:05,033 - INFO - Sample 472 | Best value: -181.43 |
2024-01-16 12:01:05,643 - INFO - Sample 476 | Best value: -181.43 |
2024-01-16 12:01:06,621 - INFO - Sample 480 | Best value: -181.43 |
2024-01-16 12:01:07,487 - INFO - Sample 484 | Best value: -181.43 |
2024-01-16 12:01:08,310 - INFO - Sample 488 | Best value: -181.43 |
2024-01-16 12:01:09,237 - INFO - Sample 492 | Best value: -181.43 |
2024-01-16 12:01:10,277 - INFO - Sample 496 | Best value: -181.43 |
2024-01-16 12:01:11,273 - INFO - Sample 500 | Best value: -181.43 |
2024-01-16 12:01:12,196 - INFO - Sample 504 | Best value: -181.43 |
2024-01-16 12:01:13,018 - INFO - Sample 508 | Best value: -181.43 |
2024-01-16 12:01:14,037 - INFO - Sample 512 | Best value: -181.43 |
2024-01-16 12:01:15,027 - INFO - Sample 516 | Best value: -181.43 |
2024-01-16 12:01:15,743 - INFO - Sample 520 | Best value: -181.43 |
2024-01-16 12:01:16,683 - INFO - Sample 524 | Best value: -181.43 |
2024-01-16 12:01:17,399 - INFO - Sample 528 | Best value: -181.43 |
2024-01-16 12:01:18,094 - INFO - Sample 532 | Best value: -181.43 |
2024-01-16 12:01:28,463 - INFO - Sample 536 | Best value: -181.43 |
2024-01-16 12:01:29,519 - INFO - Sample 540 | Best value: -181.43 |
2024-01-16 12:01:30,326 - INFO - Sample 544 | Best value: -181.43 |
2024-01-16 12:01:31,092 - INFO - Sample 548 | Best value: -181.43 |
2024-01-16 12:01:31,956 - INFO - Sample 552 | Best value: -181.43 |
2024-01-16 12:01:32,778 - INFO - Sample 556 | Best value: -181.43 |
2024-01-16 12:01:33,651 - INFO - Sample 560 | Best value: -181.43 |
2024-01-16 12:01:34,757 - INFO - Sample 564 | Best value: -181.43 |
2024-01-16 12:01:35,502 - INFO - Sample 568 | Best value: -181.43 |
2024-01-16 12:01:36,302 - INFO - Sample 572 | Best value: -181.43 |
2024-01-16 12:01:37,576 - INFO - Sample 576 | Best value: -181.43 |
2024-01-16 12:01:38,006 - INFO - Sample 580 | Best value: -181.43 |
2024-01-16 12:01:38,469 - INFO - Sample 584 | Best value: -181.43 |
2024-01-16 12:01:38,956 - INFO - Sample 588 | Best value: -181.43 |
2024-01-16 12:01:39,420 - INFO - Sample 592 | Best value: -181.43 |
2024-01-16 12:01:39,919 - INFO - Sample 596 | Best value: -181.43 |
2024-01-16 12:01:40,351 - INFO - Sample 600 | Best value: -181.43 |
2024-01-16 12:01:40,756 - INFO - Sample 604 | Best value: -181.43 |
2024-01-16 12:01:41,269 - INFO - Sample 608 | Best value: -181.43 |
2024-01-16 12:01:41,704 - INFO - Sample 612 | Best value: -181.43 |
2024-01-16 12:01:42,162 - INFO - Sample 616 | Best value: -181.43 |
2024-01-16 12:01:42,649 - INFO - Sample 620 | Best value: -181.43 |
2024-01-16 12:01:43,091 - INFO - Sample 624 | Best value: -181.43 |
2024-01-16 12:01:43,470 - INFO - Sample 628 | Best value: -181.43 |
2024-01-16 12:01:43,931 - INFO - Sample 632 | Best value: -181.43 |
2024-01-16 12:01:44,371 - INFO - Sample 636 | Best value: -181.43 |
2024-01-16 12:01:44,794 - INFO - Sample 640 | Best value: -181.43 |
2024-01-16 12:01:45,291 - INFO - Sample 644 | Best value: -181.43 |
2024-01-16 12:01:45,968 - INFO - Sample 648 | Best value: -181.43 |
2024-01-16 12:01:46,497 - INFO - Sample 652 | Best value: -181.43 |
2024-01-16 12:01:47,068 - INFO - Sample 656 | Best value: -181.43 |
2024-01-16 12:01:47,608 - INFO - Sample 660 | Best value: -181.43 |
2024-01-16 12:01:48,119 - INFO - Sample 664 | Best value: -181.43 |
2024-01-16 12:01:48,553 - INFO - Sample 668 | Best value: -181.43 |
2024-01-16 12:01:49,055 - INFO - Sample 672 | Best value: -181.43 |
2024-01-16 12:01:49,498 - INFO - Sample 676 | Best value: -181.43 |
2024-01-16 12:01:50,237 - INFO - Sample 680 | Best value: -181.43 |
2024-01-16 12:01:51,105 - INFO - Sample 684 | Best value: -181.43 |
2024-01-16 12:01:51,929 - INFO - Sample 688 | Best value: -181.43 |
2024-01-16 12:01:52,673 - INFO - Sample 692 | Best value: -181.43 |
2024-01-16 12:01:53,566 - INFO - Sample 696 | Best value: -181.43 |
2024-01-16 12:01:54,433 - INFO - Sample 700 | Best value: -181.43 |
2024-01-16 12:01:55,226 - INFO - Sample 704 | Best value: -181.43 |
2024-01-16 12:01:55,613 - INFO - Sample 708 | Best value: -181.43 |
2024-01-16 12:01:56,343 - INFO - Sample 712 | Best value: -181.43 |
2024-01-16 12:02:00,870 - INFO - Sample 716 | Best value: -181.43 |
2024-01-16 12:02:02,309 - INFO - Sample 720 | Best value: -181.43 |
2024-01-16 12:02:03,694 - INFO - Sample 724 | Best value: -181.43 |
2024-01-16 12:02:05,184 - INFO - Sample 728 | Best value: -181.43 |
2024-01-16 12:02:05,895 - INFO - Sample 732 | Best value: -181.43 |
2024-01-16 12:02:07,088 - INFO - Sample 736 | Best value: -181.43 |
2024-01-16 12:02:08,238 - INFO - Sample 740 | Best value: -181.43 |
2024-01-16 12:02:09,433 - INFO - Sample 744 | Best value: -181.43 |
2024-01-16 12:02:10,411 - INFO - Sample 748 | Best value: -181.43 |
2024-01-16 12:02:11,489 - INFO - Sample 752 | Best value: -181.43 |
2024-01-16 12:02:12,384 - INFO - Sample 756 | Best value: -181.43 |
2024-01-16 12:02:13,304 - INFO - Sample 760 | Best value: -181.43 |
2024-01-16 12:02:16,695 - INFO - Sample 764 | Best value: -181.43 |
2024-01-16 12:02:17,584 - INFO - Sample 768 | Best value: -181.43 |
2024-01-16 12:02:18,496 - INFO - Sample 772 | Best value: -181.43 |
2024-01-16 12:02:19,289 - INFO - Sample 776 | Best value: -181.43 |
2024-01-16 12:02:20,337 - INFO - Sample 780 | Best value: -181.43 |
2024-01-16 12:02:21,422 - INFO - Sample 784 | Best value: -181.43 |
2024-01-16 12:02:22,233 - INFO - Sample 788 | Best value: -181.43 |
2024-01-16 12:02:23,171 - INFO - Sample 792 | Best value: -181.43 |
2024-01-16 12:02:24,120 - INFO - Sample 796 | Best value: -181.43 |
2024-01-16 12:02:25,133 - INFO - Sample 800 | Best value: -181.43 |
2024-01-16 12:02:26,726 - INFO - Sample 804 | Best value: -181.43 |
2024-01-16 12:02:27,651 - INFO - Sample 808 | Best value: -181.43 |
2024-01-16 12:02:28,585 - INFO - Sample 812 | Best value: -181.43 |
2024-01-16 12:02:29,566 - INFO - Sample 816 | Best value: -181.43 |
2024-01-16 12:02:30,432 - INFO - Sample 820 | Best value: -181.43 |
2024-01-16 12:02:35,287 - INFO - Sample 824 | Best value: -181.43 |
2024-01-16 12:02:36,619 - INFO - Sample 828 | Best value: -181.43 |
2024-01-16 12:02:37,525 - INFO - Sample 832 | Best value: -181.43 |
2024-01-16 12:02:38,489 - INFO - Sample 836 | Best value: -181.43 |
2024-01-16 12:02:39,377 - INFO - Sample 840 | Best value: -181.43 |
2024-01-16 12:02:40,427 - INFO - Sample 844 | Best value: -181.43 |
2024-01-16 12:02:41,400 - INFO - Sample 848 | Best value: -181.43 |
2024-01-16 12:02:42,199 - INFO - Sample 852 | Best value: -181.43 |
2024-01-16 12:02:43,263 - INFO - Sample 856 | Best value: -181.43 |
2024-01-16 12:02:44,218 - INFO - Sample 860 | Best value: -181.43 |
2024-01-16 12:02:45,223 - INFO - Sample 864 | Best value: -181.43 |
2024-01-16 12:02:46,608 - INFO - Sample 868 | Best value: -181.43 |
2024-01-16 12:02:47,363 - INFO - Sample 872 | Best value: -181.43 |
2024-01-16 12:02:50,344 - INFO - Sample 876 | Best value: -161.22 |
2024-01-16 12:02:51,389 - INFO - Sample 880 | Best value: -161.22 |
2024-01-16 12:02:52,350 - INFO - Sample 884 | Best value: -161.22 |
2024-01-16 12:02:53,258 - INFO - Sample 888 | Best value: -161.22 |
2024-01-16 12:02:54,159 - INFO - Sample 892 | Best value: -161.22 |
2024-01-16 12:02:55,058 - INFO - Sample 896 | Best value: -161.22 |
2024-01-16 12:03:02,428 - INFO - Sample 900 | Best value: -161.22 |
2024-01-16 12:03:03,490 - INFO - Sample 904 | Best value: -161.22 |
2024-01-16 12:03:04,463 - INFO - Sample 908 | Best value: -161.22 |
2024-01-16 12:03:05,520 - INFO - Sample 912 | Best value: -161.22 |
2024-01-16 12:03:06,522 - INFO - Sample 916 | Best value: -161.22 |
2024-01-16 12:03:07,598 - INFO - Sample 920 | Best value: -161.22 |
2024-01-16 12:03:08,740 - INFO - Sample 924 | Best value: -161.22 |
2024-01-16 12:03:09,759 - INFO - Sample 928 | Best value: -161.22 |
2024-01-16 12:03:10,817 - INFO - Sample 932 | Best value: -161.22 |
2024-01-16 12:03:11,858 - INFO - Sample 936 | Best value: -161.22 |
2024-01-16 12:03:12,823 - INFO - Sample 940 | Best value: -161.22 |
2024-01-16 12:03:13,941 - INFO - Sample 944 | Best value: -161.22 |
2024-01-16 12:03:14,851 - INFO - Sample 948 | Best value: -161.22 |
2024-01-16 12:03:15,829 - INFO - Sample 952 | Best value: -161.22 |
2024-01-16 12:03:16,670 - INFO - Sample 956 | Best value: -161.22 |
2024-01-16 12:03:17,710 - INFO - Sample 960 | Best value: -161.22 |
2024-01-16 12:03:18,686 - INFO - Sample 964 | Best value: -161.22 |
2024-01-16 12:03:21,235 - INFO - Sample 968 | Best value: -161.22 |
2024-01-16 12:03:22,320 - INFO - Sample 972 | Best value: -161.22 |
2024-01-16 12:03:23,474 - INFO - Sample 976 | Best value: -161.22 |
2024-01-16 12:03:24,381 - INFO - Sample 980 | Best value: -161.22 |
2024-01-16 12:03:25,414 - INFO - Sample 984 | Best value: -161.22 |
2024-01-16 12:03:26,679 - INFO - Sample 988 | Best value: -161.22 |
2024-01-16 12:03:27,768 - INFO - Sample 992 | Best value: -161.22 |
2024-01-16 12:03:28,842 - INFO - Sample 996 | Best value: -161.22 |
2024-01-16 12:03:29,988 - INFO - Sample 1000 | Best value: -161.22 |
2024-01-16 12:03:29,988 - INFO - --------------------------------------------------
2024-01-16 12:03:29,989 - INFO - Best X: tensor([0.3912, 0.7020, 0.4968, 0.4992, 0.5772, 0.4913, 0.3510, 0.3868, 0.4449,
        0.5759, 0.5929, 0.4183, 0.6244, 0.5270, 0.6244, 0.6060, 0.4316, 0.4847,
        0.5229, 0.4280], device='cuda:0', dtype=torch.float64)
2024-01-16 12:03:29,989 - INFO - Best Y: -161.22393078822503
2024-01-16 12:03:29,989 - INFO - Elapsed time: 373.09 seconds
