2024-01-16 11:54:05,973 - INFO - Start experiment: gp_ei_rosenbrock20d_1000
2024-01-16 11:54:05,974 - INFO - ==================================================
2024-01-16 11:54:05,974 - INFO - Config:
2024-01-16 11:54:05,974 - INFO - obj_func: Rosenbrock()
2024-01-16 11:54:06,066 - INFO - bounds: tensor([[-10., -10., -10., -10., -10., -10., -10., -10., -10., -10., -10., -10.,
         -10., -10., -10., -10., -10., -10., -10., -10.],
        [ 10.,  10.,  10.,  10.,  10.,  10.,  10.,  10.,  10.,  10.,  10.,  10.,
          10.,  10.,  10.,  10.,  10.,  10.,  10.,  10.]], device='cuda:0',
       dtype=torch.float64)
2024-01-16 11:54:06,066 - INFO - batch_size: 4
2024-01-16 11:54:06,066 - INFO - n_init: 40
2024-01-16 11:54:06,066 - INFO - seed: 0
2024-01-16 11:54:06,066 - INFO - acqf_func: ts
2024-01-16 11:54:06,066 - INFO - max_cholesky_size: 2000
2024-01-16 11:54:06,067 - INFO - ==================================================
2024-01-16 11:54:10,135 - INFO - Sample 44 | Best value: -1093031.01 |
2024-01-16 11:54:16,867 - INFO - Sample 48 | Best value: -837177.05 |
2024-01-16 11:54:18,233 - INFO - Sample 52 | Best value: -614733.64 |
2024-01-16 11:54:19,093 - INFO - Sample 56 | Best value: -499053.19 |
2024-01-16 11:54:23,802 - INFO - Sample 60 | Best value: -400037.48 |
2024-01-16 11:54:25,380 - INFO - Sample 64 | Best value: -233799.13 |
2024-01-16 11:54:27,575 - INFO - Sample 68 | Best value: -192401.47 |
2024-01-16 11:54:34,089 - INFO - Sample 72 | Best value: -107928.04 |
2024-01-16 11:54:39,500 - INFO - Sample 76 | Best value: -103143.22 |
2024-01-16 11:54:39,960 - INFO - Sample 80 | Best value: -56982.75 |
2024-01-16 11:54:45,312 - INFO - Sample 84 | Best value: -56982.75 |
2024-01-16 11:54:48,984 - INFO - Sample 88 | Best value: -56982.75 |
2024-01-16 11:54:49,572 - INFO - Sample 92 | Best value: -56982.75 |
2024-01-16 11:54:53,413 - INFO - Sample 96 | Best value: -49081.10 |
2024-01-16 11:54:54,049 - INFO - Sample 100 | Best value: -45058.32 |
2024-01-16 11:54:56,130 - INFO - Sample 104 | Best value: -15158.83 |
2024-01-16 11:54:56,676 - INFO - Sample 108 | Best value: -15158.83 |
2024-01-16 11:54:58,408 - INFO - Sample 112 | Best value: -8268.75 |
2024-01-16 11:54:59,010 - INFO - Sample 116 | Best value: -8268.75 |
2024-01-16 11:55:02,229 - INFO - Sample 120 | Best value: -8268.75 |
2024-01-16 11:55:04,522 - INFO - Sample 124 | Best value: -8268.75 |
2024-01-16 11:55:07,822 - INFO - Sample 128 | Best value: -8268.75 |
2024-01-16 11:55:08,156 - INFO - Sample 132 | Best value: -8268.75 |
2024-01-16 11:55:08,721 - INFO - Sample 136 | Best value: -8268.75 |
2024-01-16 11:55:13,154 - INFO - Sample 140 | Best value: -8268.75 |
2024-01-16 11:55:13,540 - INFO - Sample 144 | Best value: -8268.75 |
2024-01-16 11:55:14,407 - INFO - Sample 148 | Best value: -8268.75 |
2024-01-16 11:55:15,879 - INFO - Sample 152 | Best value: -8268.75 |
2024-01-16 11:55:17,768 - INFO - Sample 156 | Best value: -8268.75 |
2024-01-16 11:55:20,963 - INFO - Sample 160 | Best value: -8268.75 |
2024-01-16 11:55:22,271 - INFO - Sample 164 | Best value: -8268.75 |
2024-01-16 11:55:24,271 - INFO - Sample 168 | Best value: -8268.75 |
2024-01-16 11:55:25,247 - INFO - Sample 172 | Best value: -8268.75 |
2024-01-16 11:55:25,869 - INFO - Sample 176 | Best value: -8268.75 |
2024-01-16 11:55:26,718 - INFO - Sample 180 | Best value: -8268.75 |
2024-01-16 11:55:27,862 - INFO - Sample 184 | Best value: -8268.75 |
2024-01-16 11:55:29,281 - INFO - Sample 188 | Best value: -8268.75 |
2024-01-16 11:55:29,798 - INFO - Sample 192 | Best value: -8268.75 |
2024-01-16 11:55:31,391 - INFO - Sample 196 | Best value: -8268.75 |
2024-01-16 11:55:32,213 - INFO - Sample 200 | Best value: -8268.75 |
2024-01-16 11:55:32,887 - INFO - Sample 204 | Best value: -8268.75 |
2024-01-16 11:55:34,332 - INFO - Sample 208 | Best value: -8268.75 |
2024-01-16 11:55:34,679 - INFO - Sample 212 | Best value: -8268.75 |
2024-01-16 11:55:38,594 - INFO - Sample 216 | Best value: -8268.75 |
2024-01-16 11:55:39,070 - INFO - Sample 220 | Best value: -8268.75 |
2024-01-16 11:55:39,519 - INFO - Sample 224 | Best value: -8268.75 |
2024-01-16 11:55:40,056 - INFO - Sample 228 | Best value: -8268.75 |
2024-01-16 11:55:40,778 - INFO - Sample 232 | Best value: -8268.75 |
2024-01-16 11:55:41,117 - INFO - Sample 236 | Best value: -8268.75 |
2024-01-16 11:55:42,106 - INFO - Sample 240 | Best value: -8268.75 |
2024-01-16 11:55:44,399 - INFO - Sample 244 | Best value: -8268.75 |
2024-01-16 11:55:44,869 - INFO - Sample 248 | Best value: -8268.75 |
2024-01-16 11:55:46,427 - INFO - Sample 252 | Best value: -8268.75 |
2024-01-16 11:55:46,750 - INFO - Sample 256 | Best value: -8268.75 |
2024-01-16 11:55:48,391 - INFO - Sample 260 | Best value: -8268.75 |
2024-01-16 11:55:48,849 - INFO - Sample 264 | Best value: -8268.75 |
2024-01-16 11:55:49,344 - INFO - Sample 268 | Best value: -8268.75 |
2024-01-16 11:55:49,661 - INFO - Sample 272 | Best value: -8268.75 |
2024-01-16 11:55:49,963 - INFO - Sample 276 | Best value: -8268.75 |
2024-01-16 11:55:51,762 - INFO - Sample 280 | Best value: -8268.75 |
2024-01-16 11:55:52,264 - INFO - Sample 284 | Best value: -8268.75 |
2024-01-16 11:55:52,697 - INFO - Sample 288 | Best value: -8268.75 |
2024-01-16 11:55:53,080 - INFO - Sample 292 | Best value: -8268.75 |
2024-01-16 11:55:53,482 - INFO - Sample 296 | Best value: -8268.75 |
2024-01-16 11:55:54,408 - INFO - Sample 300 | Best value: -8268.75 |
2024-01-16 11:55:54,838 - INFO - Sample 304 | Best value: -8268.75 |
2024-01-16 11:55:55,150 - INFO - Sample 308 | Best value: -8268.75 |
2024-01-16 11:55:55,678 - INFO - Sample 312 | Best value: -8268.75 |
2024-01-16 11:55:56,117 - INFO - Sample 316 | Best value: -8268.75 |
2024-01-16 11:55:56,499 - INFO - Sample 320 | Best value: -8268.75 |
2024-01-16 11:55:56,828 - INFO - Sample 324 | Best value: -8268.75 |
2024-01-16 11:55:57,380 - INFO - Sample 328 | Best value: -8268.75 |
2024-01-16 11:55:57,752 - INFO - Sample 332 | Best value: -8268.75 |
2024-01-16 11:55:58,201 - INFO - Sample 336 | Best value: -8268.75 |
2024-01-16 11:55:58,534 - INFO - Sample 340 | Best value: -8268.75 |
2024-01-16 11:55:58,974 - INFO - Sample 344 | Best value: -8268.75 |
2024-01-16 11:56:00,513 - INFO - Sample 348 | Best value: -8268.75 |
2024-01-16 11:56:00,878 - INFO - Sample 352 | Best value: -8268.75 |
2024-01-16 11:56:01,404 - INFO - Sample 356 | Best value: -8268.75 |
2024-01-16 11:56:01,820 - INFO - Sample 360 | Best value: -8268.75 |
2024-01-16 11:56:02,210 - INFO - Sample 364 | Best value: -8268.75 |
2024-01-16 11:56:02,897 - INFO - Sample 368 | Best value: -8268.75 |
2024-01-16 11:56:03,267 - INFO - Sample 372 | Best value: -8268.75 |
2024-01-16 11:56:03,711 - INFO - Sample 376 | Best value: -8268.75 |
2024-01-16 11:56:04,260 - INFO - Sample 380 | Best value: -8268.75 |
2024-01-16 11:56:04,824 - INFO - Sample 384 | Best value: -8268.75 |
2024-01-16 11:56:05,184 - INFO - Sample 388 | Best value: -8268.75 |
2024-01-16 11:56:05,535 - INFO - Sample 392 | Best value: -8268.75 |
2024-01-16 11:56:05,995 - INFO - Sample 396 | Best value: -8268.75 |
2024-01-16 11:56:06,582 - INFO - Sample 400 | Best value: -8268.75 |
2024-01-16 11:56:06,946 - INFO - Sample 404 | Best value: -8268.75 |
2024-01-16 11:56:07,320 - INFO - Sample 408 | Best value: -8268.75 |
2024-01-16 11:56:07,720 - INFO - Sample 412 | Best value: -8268.75 |
2024-01-16 11:56:08,178 - INFO - Sample 416 | Best value: -8268.75 |
2024-01-16 11:56:08,542 - INFO - Sample 420 | Best value: -8268.75 |
2024-01-16 11:56:08,949 - INFO - Sample 424 | Best value: -8268.75 |
2024-01-16 11:56:09,563 - INFO - Sample 428 | Best value: -8268.75 |
2024-01-16 11:56:10,104 - INFO - Sample 432 | Best value: -8268.75 |
2024-01-16 11:56:10,481 - INFO - Sample 436 | Best value: -8268.75 |
2024-01-16 11:56:10,859 - INFO - Sample 440 | Best value: -8268.75 |
2024-01-16 11:56:11,271 - INFO - Sample 444 | Best value: -8268.75 |
2024-01-16 11:56:11,753 - INFO - Sample 448 | Best value: -8268.75 |
2024-01-16 11:56:12,031 - INFO - Sample 452 | Best value: -8268.75 |
2024-01-16 11:56:12,411 - INFO - Sample 456 | Best value: -8268.75 |
2024-01-16 11:56:12,688 - INFO - Sample 460 | Best value: -8268.75 |
2024-01-16 11:56:13,115 - INFO - Sample 464 | Best value: -8268.75 |
2024-01-16 11:56:13,459 - INFO - Sample 468 | Best value: -8268.75 |
2024-01-16 11:56:13,720 - INFO - Sample 472 | Best value: -8268.75 |
2024-01-16 11:56:14,973 - INFO - Sample 476 | Best value: -8268.75 |
2024-01-16 11:56:15,862 - INFO - Sample 480 | Best value: -8268.75 |
2024-01-16 11:56:16,319 - INFO - Sample 484 | Best value: -8268.75 |
2024-01-16 11:56:16,708 - INFO - Sample 488 | Best value: -8268.75 |
2024-01-16 11:56:17,129 - INFO - Sample 492 | Best value: -8268.75 |
2024-01-16 11:56:17,414 - INFO - Sample 496 | Best value: -8268.75 |
2024-01-16 11:56:17,842 - INFO - Sample 500 | Best value: -8268.75 |
2024-01-16 11:56:18,268 - INFO - Sample 504 | Best value: -8268.75 |
2024-01-16 11:56:18,711 - INFO - Sample 508 | Best value: -8268.75 |
2024-01-16 11:56:18,998 - INFO - Sample 512 | Best value: -8268.75 |
2024-01-16 11:56:19,373 - INFO - Sample 516 | Best value: -8268.75 |
2024-01-16 11:56:19,672 - INFO - Sample 520 | Best value: -8268.75 |
2024-01-16 11:56:20,112 - INFO - Sample 524 | Best value: -8268.75 |
2024-01-16 11:56:20,373 - INFO - Sample 528 | Best value: -8268.75 |
2024-01-16 11:56:20,996 - INFO - Sample 532 | Best value: -8268.75 |
2024-01-16 11:56:21,281 - INFO - Sample 536 | Best value: -8268.75 |
2024-01-16 11:56:21,776 - INFO - Sample 540 | Best value: -8268.75 |
2024-01-16 11:56:22,084 - INFO - Sample 544 | Best value: -8268.75 |
2024-01-16 11:56:22,463 - INFO - Sample 548 | Best value: -8268.75 |
2024-01-16 11:56:22,893 - INFO - Sample 552 | Best value: -8268.75 |
2024-01-16 11:56:23,517 - INFO - Sample 556 | Best value: -8268.75 |
2024-01-16 11:56:24,235 - INFO - Sample 560 | Best value: -8268.75 |
2024-01-16 11:56:24,520 - INFO - Sample 564 | Best value: -8268.75 |
2024-01-16 11:56:24,916 - INFO - Sample 568 | Best value: -8268.75 |
2024-01-16 11:56:25,509 - INFO - Sample 572 | Best value: -8268.75 |
2024-01-16 11:56:26,039 - INFO - Sample 576 | Best value: -8268.75 |
2024-01-16 11:56:26,629 - INFO - Sample 580 | Best value: -8268.75 |
2024-01-16 11:56:26,986 - INFO - Sample 584 | Best value: -8268.75 |
2024-01-16 11:56:27,474 - INFO - Sample 588 | Best value: -8268.75 |
2024-01-16 11:56:27,764 - INFO - Sample 592 | Best value: -8268.75 |
2024-01-16 11:56:28,324 - INFO - Sample 596 | Best value: -8268.75 |
2024-01-16 11:56:28,983 - INFO - Sample 600 | Best value: -8268.75 |
2024-01-16 11:56:29,474 - INFO - Sample 604 | Best value: -8268.75 |
2024-01-16 11:56:29,891 - INFO - Sample 608 | Best value: -8268.75 |
2024-01-16 11:56:30,177 - INFO - Sample 612 | Best value: -8268.75 |
2024-01-16 11:56:30,478 - INFO - Sample 616 | Best value: -8268.75 |
2024-01-16 11:56:30,932 - INFO - Sample 620 | Best value: -8268.75 |
2024-01-16 11:56:31,254 - INFO - Sample 624 | Best value: -8268.75 |
2024-01-16 11:56:31,667 - INFO - Sample 628 | Best value: -8268.75 |
2024-01-16 11:56:32,264 - INFO - Sample 632 | Best value: -8268.75 |
2024-01-16 11:56:32,914 - INFO - Sample 636 | Best value: -8268.75 |
2024-01-16 11:56:33,210 - INFO - Sample 640 | Best value: -8268.75 |
2024-01-16 11:56:33,809 - INFO - Sample 644 | Best value: -8268.75 |
2024-01-16 11:56:34,285 - INFO - Sample 648 | Best value: -8268.75 |
2024-01-16 11:56:34,655 - INFO - Sample 652 | Best value: -8268.75 |
2024-01-16 11:56:35,101 - INFO - Sample 656 | Best value: -8268.75 |
2024-01-16 11:56:35,406 - INFO - Sample 660 | Best value: -8268.75 |
2024-01-16 11:56:35,865 - INFO - Sample 664 | Best value: -8268.75 |
2024-01-16 11:56:36,481 - INFO - Sample 668 | Best value: -8268.75 |
2024-01-16 11:56:36,966 - INFO - Sample 672 | Best value: -8268.75 |
2024-01-16 11:56:37,280 - INFO - Sample 676 | Best value: -8268.75 |
2024-01-16 11:56:37,770 - INFO - Sample 680 | Best value: -8268.75 |
2024-01-16 11:56:38,125 - INFO - Sample 684 | Best value: -8268.75 |
2024-01-16 11:56:38,483 - INFO - Sample 688 | Best value: -8268.75 |
2024-01-16 11:56:39,088 - INFO - Sample 692 | Best value: -8268.75 |
2024-01-16 11:56:39,428 - INFO - Sample 696 | Best value: -8268.75 |
2024-01-16 11:56:39,756 - INFO - Sample 700 | Best value: -8268.75 |
2024-01-16 11:56:40,345 - INFO - Sample 704 | Best value: -8268.75 |
2024-01-16 11:56:40,855 - INFO - Sample 708 | Best value: -8268.75 |
2024-01-16 11:56:41,309 - INFO - Sample 712 | Best value: -8268.75 |
2024-01-16 11:56:42,034 - INFO - Sample 716 | Best value: -8268.75 |
2024-01-16 11:56:42,498 - INFO - Sample 720 | Best value: -8268.75 |
2024-01-16 11:56:42,801 - INFO - Sample 724 | Best value: -8268.75 |
2024-01-16 11:56:43,237 - INFO - Sample 728 | Best value: -8268.75 |
2024-01-16 11:56:43,561 - INFO - Sample 732 | Best value: -8268.75 |
2024-01-16 11:56:43,982 - INFO - Sample 736 | Best value: -8268.75 |
2024-01-16 11:56:44,530 - INFO - Sample 740 | Best value: -8268.75 |
2024-01-16 11:56:44,853 - INFO - Sample 744 | Best value: -8268.75 |
2024-01-16 11:56:45,401 - INFO - Sample 748 | Best value: -8268.75 |
2024-01-16 11:56:46,055 - INFO - Sample 752 | Best value: -8268.75 |
2024-01-16 11:56:46,774 - INFO - Sample 756 | Best value: -8268.75 |
2024-01-16 11:56:47,204 - INFO - Sample 760 | Best value: -8268.75 |
2024-01-16 11:56:47,526 - INFO - Sample 764 | Best value: -8268.75 |
2024-01-16 11:56:47,877 - INFO - Sample 768 | Best value: -8268.75 |
2024-01-16 11:56:48,400 - INFO - Sample 772 | Best value: -8268.75 |
2024-01-16 11:56:48,841 - INFO - Sample 776 | Best value: -8268.75 |
2024-01-16 11:56:49,194 - INFO - Sample 780 | Best value: -8268.75 |
2024-01-16 11:56:49,548 - INFO - Sample 784 | Best value: -8268.75 |
2024-01-16 11:56:50,143 - INFO - Sample 788 | Best value: -8268.75 |
2024-01-16 11:56:50,612 - INFO - Sample 792 | Best value: -8268.75 |
2024-01-16 11:56:50,938 - INFO - Sample 796 | Best value: -8268.75 |
2024-01-16 11:56:51,419 - INFO - Sample 800 | Best value: -8268.75 |
2024-01-16 11:56:51,860 - INFO - Sample 804 | Best value: -8268.75 |
2024-01-16 11:56:52,352 - INFO - Sample 808 | Best value: -8268.75 |
2024-01-16 11:56:52,703 - INFO - Sample 812 | Best value: -8268.75 |
2024-01-16 11:56:53,071 - INFO - Sample 816 | Best value: -8268.75 |
2024-01-16 11:56:53,509 - INFO - Sample 820 | Best value: -8268.75 |
2024-01-16 11:56:53,880 - INFO - Sample 824 | Best value: -8268.75 |
2024-01-16 11:56:54,238 - INFO - Sample 828 | Best value: -8268.75 |
2024-01-16 11:56:54,604 - INFO - Sample 832 | Best value: -8268.75 |
2024-01-16 11:56:54,953 - INFO - Sample 836 | Best value: -8268.75 |
2024-01-16 11:56:55,404 - INFO - Sample 840 | Best value: -8268.75 |
2024-01-16 11:56:55,773 - INFO - Sample 844 | Best value: -8268.75 |
2024-01-16 11:56:56,120 - INFO - Sample 848 | Best value: -8268.75 |
2024-01-16 11:56:56,596 - INFO - Sample 852 | Best value: -8268.75 |
2024-01-16 11:56:56,945 - INFO - Sample 856 | Best value: -8268.75 |
2024-01-16 11:56:57,602 - INFO - Sample 860 | Best value: -8268.75 |
2024-01-16 11:56:57,941 - INFO - Sample 864 | Best value: -8268.75 |
2024-01-16 11:56:58,479 - INFO - Sample 868 | Best value: -8268.75 |
2024-01-16 11:56:58,909 - INFO - Sample 872 | Best value: -8268.75 |
2024-01-16 11:56:59,266 - INFO - Sample 876 | Best value: -8268.75 |
2024-01-16 11:56:59,849 - INFO - Sample 880 | Best value: -8268.75 |
2024-01-16 11:57:00,352 - INFO - Sample 884 | Best value: -8268.75 |
2024-01-16 11:57:00,915 - INFO - Sample 888 | Best value: -8268.75 |
2024-01-16 11:57:01,235 - INFO - Sample 892 | Best value: -8268.75 |
2024-01-16 11:57:01,817 - INFO - Sample 896 | Best value: -8268.75 |
2024-01-16 11:57:02,166 - INFO - Sample 900 | Best value: -8268.75 |
2024-01-16 11:57:02,560 - INFO - Sample 904 | Best value: -8268.75 |
2024-01-16 11:57:02,920 - INFO - Sample 908 | Best value: -8268.75 |
2024-01-16 11:57:03,317 - INFO - Sample 912 | Best value: -8268.75 |
2024-01-16 11:57:03,700 - INFO - Sample 916 | Best value: -8268.75 |
2024-01-16 11:57:04,185 - INFO - Sample 920 | Best value: -8268.75 |
2024-01-16 11:57:04,578 - INFO - Sample 924 | Best value: -8268.75 |
2024-01-16 11:57:05,155 - INFO - Sample 928 | Best value: -8268.75 |
2024-01-16 11:57:05,515 - INFO - Sample 932 | Best value: -8268.75 |
2024-01-16 11:57:05,950 - INFO - Sample 936 | Best value: -8268.75 |
2024-01-16 11:57:06,394 - INFO - Sample 940 | Best value: -8268.75 |
2024-01-16 11:57:06,965 - INFO - Sample 944 | Best value: -8268.75 |
2024-01-16 11:57:07,376 - INFO - Sample 948 | Best value: -8268.75 |
2024-01-16 11:57:07,788 - INFO - Sample 952 | Best value: -8268.75 |
2024-01-16 11:57:08,173 - INFO - Sample 956 | Best value: -8268.75 |
2024-01-16 11:57:08,577 - INFO - Sample 960 | Best value: -8268.75 |
2024-01-16 11:57:08,970 - INFO - Sample 964 | Best value: -8268.75 |
2024-01-16 11:57:09,388 - INFO - Sample 968 | Best value: -8268.75 |
2024-01-16 11:57:09,952 - INFO - Sample 972 | Best value: -8268.75 |
2024-01-16 11:57:10,341 - INFO - Sample 976 | Best value: -8268.75 |
2024-01-16 11:57:11,065 - INFO - Sample 980 | Best value: -8268.75 |
2024-01-16 11:57:11,457 - INFO - Sample 984 | Best value: -8268.75 |
2024-01-16 11:57:11,955 - INFO - Sample 988 | Best value: -8268.75 |
2024-01-16 11:57:12,540 - INFO - Sample 992 | Best value: -8268.75 |
2024-01-16 11:57:12,917 - INFO - Sample 996 | Best value: -8268.75 |
2024-01-16 11:57:13,357 - INFO - Sample 1000 | Best value: -8268.75 |
2024-01-16 11:57:13,358 - INFO - --------------------------------------------------
2024-01-16 11:57:13,359 - INFO - Best X: tensor([0.5415, 0.5206, 0.4662, 0.5622, 0.5714, 0.4568, 0.5368, 0.3897, 0.5221,
        0.5830, 0.5328, 0.4591, 0.5807, 0.6095, 0.5048, 0.5487, 0.5670, 0.5424,
        0.3772, 0.7310], device='cuda:0', dtype=torch.float64)
2024-01-16 11:57:13,359 - INFO - Best Y: -8268.74631010725
2024-01-16 11:57:13,359 - INFO - Elapsed time: 187.29 seconds
