2024-01-13 14:58:49,739 - INFO - Start experiment: mcts_rosenbrock20d_1000
2024-01-13 14:58:49,742 - INFO - ==================================================
2024-01-13 14:58:49,743 - INFO - Config:
2024-01-13 14:58:49,743 - INFO - seed: 0
2024-01-13 14:58:49,743 - INFO - Cp: 1.0
2024-01-13 14:58:49,743 - INFO - leaf_size: 20
2024-01-13 14:58:49,744 - INFO - node_selection_type: UCB
2024-01-13 14:58:49,744 - INFO - initial_sampling_method: Sobol
2024-01-13 14:58:49,752 - INFO - bounds: tensor([[-10., -10., -10., -10., -10., -10., -10., -10., -10., -10., -10., -10.,
         -10., -10., -10., -10., -10., -10., -10., -10.],
        [10., 10., 10., 10., 10., 10., 10., 10., 10., 10., 10., 10., 10., 10.,
         10., 10., 10., 10., 10., 10.]], device='cuda:0', dtype=torch.float64)
2024-01-13 14:58:49,753 - INFO - num_init: 40
2024-01-13 14:58:49,753 - INFO - obj_func: Rosenbrock()
2024-01-13 14:58:49,753 - INFO - optimizer_type: turbo
2024-01-13 14:58:49,753 - INFO - optimizer_params: {'batch_size': 4, 'acqf': 'ts', 'num_restarts': 10, 'raw_samples': 512, 'max_cholesky_size': 2000}
2024-01-13 14:58:49,753 - INFO - classifier_type: SVM
2024-01-13 14:58:49,753 - INFO - classifier_params: {'kernel_type': 'poly', 'gamma_type': 'auto'}
2024-01-13 14:58:49,753 - INFO - ==================================================
2024-01-13 14:58:52,382 - INFO - [44 in node 3] Best value: -2824462.986 | TR length: 0.800 | num. failures: 0/5 | num. successes: 1/10
2024-01-13 14:58:52,935 - INFO - [48 in node 3] Best value: -1622680.411 | TR length: 0.800 | num. failures: 0/5 | num. successes: 2/10
2024-01-13 14:58:53,558 - INFO - [52 in node 3] Best value: -1440665.996 | TR length: 0.800 | num. failures: 0/5 | num. successes: 3/10
2024-01-13 14:58:54,130 - INFO - [56 in node 3] Best value: -1440665.996 | TR length: 0.800 | num. failures: 1/5 | num. successes: 0/10
2024-01-13 14:58:54,653 - INFO - [60 in node 3] Best value: -1440665.996 | TR length: 0.800 | num. failures: 2/5 | num. successes: 0/10
2024-01-13 14:58:55,230 - INFO - [64 in node 3] Best value: -1440665.996 | TR length: 0.800 | num. failures: 3/5 | num. successes: 0/10
2024-01-13 14:58:55,708 - INFO - [68 in node 3] Best value: -1360570.594 | TR length: 0.800 | num. failures: 0/5 | num. successes: 1/10
2024-01-13 14:58:56,186 - INFO - [72 in node 3] Best value: -1360570.594 | TR length: 0.800 | num. failures: 1/5 | num. successes: 0/10
2024-01-13 14:58:56,657 - INFO - [76 in node 3] Best value: -1360570.594 | TR length: 0.800 | num. failures: 2/5 | num. successes: 0/10
2024-01-13 14:58:57,283 - INFO - [80 in node 3] Best value: -1360570.594 | TR length: 0.800 | num. failures: 3/5 | num. successes: 0/10
2024-01-13 14:58:57,831 - INFO - [84 in node 3] Best value: -1160642.941 | TR length: 0.800 | num. failures: 0/5 | num. successes: 1/10
2024-01-13 14:58:58,521 - INFO - [88 in node 3] Best value: -1160642.941 | TR length: 0.800 | num. failures: 1/5 | num. successes: 0/10
2024-01-13 14:58:59,042 - INFO - [92 in node 3] Best value: -930411.408 | TR length: 0.800 | num. failures: 0/5 | num. successes: 1/10
2024-01-13 14:58:59,491 - INFO - [96 in node 3] Best value: -750379.457 | TR length: 0.800 | num. failures: 0/5 | num. successes: 2/10
2024-01-13 14:58:59,978 - INFO - [100 in node 3] Best value: -551273.941 | TR length: 0.800 | num. failures: 0/5 | num. successes: 3/10
2024-01-13 14:59:00,402 - INFO - [104 in node 3] Best value: -551273.941 | TR length: 0.800 | num. failures: 1/5 | num. successes: 0/10
2024-01-13 14:59:00,847 - INFO - [108 in node 3] Best value: -551273.941 | TR length: 0.800 | num. failures: 2/5 | num. successes: 0/10
2024-01-13 14:59:01,304 - INFO - [112 in node 3] Best value: -551273.941 | TR length: 0.800 | num. failures: 3/5 | num. successes: 0/10
2024-01-13 14:59:01,714 - INFO - [116 in node 3] Best value: -551273.941 | TR length: 0.800 | num. failures: 4/5 | num. successes: 0/10
2024-01-13 14:59:02,138 - INFO - [120 in node 3] Best value: -399370.134 | TR length: 0.800 | num. failures: 0/5 | num. successes: 1/10
2024-01-13 14:59:02,606 - INFO - [124 in node 3] Best value: -399370.134 | TR length: 0.800 | num. failures: 1/5 | num. successes: 0/10
2024-01-13 14:59:03,059 - INFO - [128 in node 3] Best value: -399370.134 | TR length: 0.800 | num. failures: 2/5 | num. successes: 0/10
2024-01-13 14:59:03,534 - INFO - [132 in node 3] Best value: -399370.134 | TR length: 0.800 | num. failures: 3/5 | num. successes: 0/10
2024-01-13 14:59:04,098 - INFO - [136 in node 3] Best value: -397700.284 | TR length: 0.800 | num. failures: 0/5 | num. successes: 1/10
2024-01-13 14:59:04,621 - INFO - [140 in node 3] Best value: -397700.284 | TR length: 0.800 | num. failures: 1/5 | num. successes: 0/10
2024-01-13 14:59:05,119 - INFO - [144 in node 3] Best value: -397700.284 | TR length: 0.800 | num. failures: 2/5 | num. successes: 0/10
2024-01-13 14:59:05,613 - INFO - [148 in node 3] Best value: -323034.307 | TR length: 0.800 | num. failures: 0/5 | num. successes: 1/10
2024-01-13 14:59:06,126 - INFO - [152 in node 3] Best value: -323034.307 | TR length: 0.800 | num. failures: 1/5 | num. successes: 0/10
2024-01-13 14:59:06,617 - INFO - [156 in node 3] Best value: -276550.479 | TR length: 0.800 | num. failures: 0/5 | num. successes: 1/10
2024-01-13 14:59:07,091 - INFO - [160 in node 3] Best value: -274811.899 | TR length: 0.800 | num. failures: 0/5 | num. successes: 2/10
2024-01-13 14:59:07,566 - INFO - [164 in node 3] Best value: -274811.899 | TR length: 0.800 | num. failures: 1/5 | num. successes: 0/10
2024-01-13 14:59:08,041 - INFO - [168 in node 3] Best value: -274811.899 | TR length: 0.800 | num. failures: 2/5 | num. successes: 0/10
2024-01-13 14:59:08,546 - INFO - [172 in node 3] Best value: -274811.899 | TR length: 0.800 | num. failures: 3/5 | num. successes: 0/10
2024-01-13 14:59:09,030 - INFO - [176 in node 3] Best value: -274811.899 | TR length: 0.800 | num. failures: 4/5 | num. successes: 0/10
2024-01-13 14:59:09,528 - INFO - [180 in node 3] Best value: -274811.899 | TR length: 0.400 | num. failures: 0/5 | num. successes: 0/10
2024-01-13 14:59:10,017 - INFO - [184 in node 3] Best value: -88214.955 | TR length: 0.400 | num. failures: 0/5 | num. successes: 1/10
2024-01-13 14:59:10,554 - INFO - [188 in node 3] Best value: -68389.956 | TR length: 0.400 | num. failures: 0/5 | num. successes: 2/10
2024-01-13 14:59:11,109 - INFO - [192 in node 3] Best value: -65668.416 | TR length: 0.400 | num. failures: 0/5 | num. successes: 3/10
2024-01-13 14:59:11,594 - INFO - [196 in node 3] Best value: -65668.416 | TR length: 0.400 | num. failures: 1/5 | num. successes: 0/10
2024-01-13 14:59:12,141 - INFO - [200 in node 3] Best value: -40275.703 | TR length: 0.400 | num. failures: 0/5 | num. successes: 1/10
2024-01-13 14:59:12,773 - INFO - [204 in node 3] Best value: -40275.703 | TR length: 0.400 | num. failures: 1/5 | num. successes: 0/10
2024-01-13 14:59:13,428 - INFO - [208 in node 3] Best value: -40275.703 | TR length: 0.400 | num. failures: 2/5 | num. successes: 0/10
2024-01-13 14:59:13,919 - INFO - [212 in node 3] Best value: -40275.703 | TR length: 0.400 | num. failures: 3/5 | num. successes: 0/10
2024-01-13 14:59:14,466 - INFO - [216 in node 3] Best value: -40275.703 | TR length: 0.400 | num. failures: 4/5 | num. successes: 0/10
2024-01-13 14:59:15,027 - INFO - [220 in node 3] Best value: -40275.703 | TR length: 0.200 | num. failures: 0/5 | num. successes: 0/10
2024-01-13 14:59:15,584 - INFO - [224 in node 3] Best value: -40275.703 | TR length: 0.200 | num. failures: 1/5 | num. successes: 0/10
2024-01-13 14:59:16,124 - INFO - [228 in node 3] Best value: -33146.451 | TR length: 0.200 | num. failures: 0/5 | num. successes: 1/10
2024-01-13 14:59:16,684 - INFO - [232 in node 3] Best value: -33146.451 | TR length: 0.200 | num. failures: 1/5 | num. successes: 0/10
2024-01-13 14:59:17,211 - INFO - [236 in node 3] Best value: -24554.711 | TR length: 0.200 | num. failures: 0/5 | num. successes: 1/10
2024-01-13 14:59:17,747 - INFO - [240 in node 3] Best value: -17688.286 | TR length: 0.200 | num. failures: 0/5 | num. successes: 2/10
2024-01-13 14:59:18,301 - INFO - [244 in node 3] Best value: -17688.286 | TR length: 0.200 | num. failures: 1/5 | num. successes: 0/10
2024-01-13 14:59:18,859 - INFO - [248 in node 3] Best value: -17688.286 | TR length: 0.200 | num. failures: 2/5 | num. successes: 0/10
2024-01-13 14:59:19,404 - INFO - [252 in node 3] Best value: -17688.286 | TR length: 0.200 | num. failures: 3/5 | num. successes: 0/10
2024-01-13 14:59:20,054 - INFO - [256 in node 3] Best value: -17688.286 | TR length: 0.200 | num. failures: 4/5 | num. successes: 0/10
2024-01-13 14:59:20,610 - INFO - [260 in node 3] Best value: -9215.434 | TR length: 0.200 | num. failures: 0/5 | num. successes: 1/10
2024-01-13 14:59:21,288 - INFO - [264 in node 3] Best value: -9215.434 | TR length: 0.200 | num. failures: 1/5 | num. successes: 0/10
2024-01-13 14:59:21,986 - INFO - [268 in node 3] Best value: -7931.172 | TR length: 0.200 | num. failures: 0/5 | num. successes: 1/10
2024-01-13 14:59:22,692 - INFO - [272 in node 3] Best value: -7931.172 | TR length: 0.200 | num. failures: 1/5 | num. successes: 0/10
2024-01-13 14:59:23,250 - INFO - [276 in node 3] Best value: -7931.172 | TR length: 0.200 | num. failures: 2/5 | num. successes: 0/10
2024-01-13 14:59:23,880 - INFO - [280 in node 3] Best value: -7931.172 | TR length: 0.200 | num. failures: 3/5 | num. successes: 0/10
2024-01-13 14:59:24,504 - INFO - [284 in node 3] Best value: -7931.172 | TR length: 0.200 | num. failures: 4/5 | num. successes: 0/10
2024-01-13 14:59:25,154 - INFO - [288 in node 3] Best value: -7931.172 | TR length: 0.100 | num. failures: 0/5 | num. successes: 0/10
2024-01-13 14:59:25,757 - INFO - [292 in node 3] Best value: -5727.423 | TR length: 0.100 | num. failures: 0/5 | num. successes: 1/10
2024-01-13 14:59:26,373 - INFO - [296 in node 3] Best value: -5727.423 | TR length: 0.100 | num. failures: 1/5 | num. successes: 0/10
2024-01-13 14:59:27,100 - INFO - [300 in node 3] Best value: -5727.423 | TR length: 0.100 | num. failures: 2/5 | num. successes: 0/10
2024-01-13 14:59:27,945 - INFO - [304 in node 3] Best value: -5613.802 | TR length: 0.100 | num. failures: 0/5 | num. successes: 1/10
2024-01-13 14:59:28,651 - INFO - [308 in node 3] Best value: -4988.601 | TR length: 0.100 | num. failures: 0/5 | num. successes: 2/10
2024-01-13 14:59:29,453 - INFO - [312 in node 3] Best value: -4807.883 | TR length: 0.100 | num. failures: 0/5 | num. successes: 3/10
2024-01-13 14:59:30,205 - INFO - [316 in node 3] Best value: -4131.928 | TR length: 0.100 | num. failures: 0/5 | num. successes: 4/10
2024-01-13 14:59:30,942 - INFO - [320 in node 3] Best value: -3135.912 | TR length: 0.100 | num. failures: 0/5 | num. successes: 5/10
2024-01-13 14:59:31,647 - INFO - [324 in node 3] Best value: -2420.482 | TR length: 0.100 | num. failures: 0/5 | num. successes: 6/10
2024-01-13 14:59:32,390 - INFO - [328 in node 3] Best value: -2420.482 | TR length: 0.100 | num. failures: 1/5 | num. successes: 0/10
2024-01-13 14:59:33,143 - INFO - [332 in node 3] Best value: -2420.482 | TR length: 0.100 | num. failures: 2/5 | num. successes: 0/10
2024-01-13 14:59:33,942 - INFO - [336 in node 3] Best value: -2420.482 | TR length: 0.100 | num. failures: 3/5 | num. successes: 0/10
2024-01-13 14:59:34,732 - INFO - [340 in node 3] Best value: -2420.482 | TR length: 0.100 | num. failures: 4/5 | num. successes: 0/10
2024-01-13 14:59:35,578 - INFO - [344 in node 3] Best value: -2420.482 | TR length: 0.050 | num. failures: 0/5 | num. successes: 0/10
2024-01-13 14:59:36,386 - INFO - [348 in node 3] Best value: -2359.388 | TR length: 0.050 | num. failures: 0/5 | num. successes: 1/10
2024-01-13 14:59:37,242 - INFO - [352 in node 3] Best value: -2071.972 | TR length: 0.050 | num. failures: 0/5 | num. successes: 2/10
2024-01-13 14:59:37,944 - INFO - [356 in node 3] Best value: -1485.912 | TR length: 0.050 | num. failures: 0/5 | num. successes: 3/10
2024-01-13 14:59:38,833 - INFO - [360 in node 3] Best value: -1485.912 | TR length: 0.050 | num. failures: 1/5 | num. successes: 0/10
2024-01-13 14:59:39,637 - INFO - [364 in node 3] Best value: -1029.238 | TR length: 0.050 | num. failures: 0/5 | num. successes: 1/10
2024-01-13 14:59:40,381 - INFO - [368 in node 3] Best value: -1029.238 | TR length: 0.050 | num. failures: 1/5 | num. successes: 0/10
2024-01-13 14:59:41,281 - INFO - [372 in node 3] Best value: -912.438 | TR length: 0.050 | num. failures: 0/5 | num. successes: 1/10
2024-01-13 14:59:42,148 - INFO - [376 in node 3] Best value: -912.438 | TR length: 0.050 | num. failures: 1/5 | num. successes: 0/10
2024-01-13 14:59:42,993 - INFO - [380 in node 3] Best value: -912.438 | TR length: 0.050 | num. failures: 2/5 | num. successes: 0/10
2024-01-13 14:59:43,842 - INFO - [384 in node 3] Best value: -690.605 | TR length: 0.050 | num. failures: 0/5 | num. successes: 1/10
2024-01-13 14:59:44,653 - INFO - [388 in node 3] Best value: -455.846 | TR length: 0.050 | num. failures: 0/5 | num. successes: 2/10
2024-01-13 14:59:45,565 - INFO - [392 in node 3] Best value: -455.846 | TR length: 0.050 | num. failures: 1/5 | num. successes: 0/10
2024-01-13 14:59:46,523 - INFO - [396 in node 3] Best value: -455.846 | TR length: 0.050 | num. failures: 2/5 | num. successes: 0/10
2024-01-13 14:59:47,321 - INFO - [400 in node 3] Best value: -413.442 | TR length: 0.050 | num. failures: 0/5 | num. successes: 1/10
2024-01-13 14:59:48,297 - INFO - [404 in node 3] Best value: -413.442 | TR length: 0.050 | num. failures: 1/5 | num. successes: 0/10
2024-01-13 14:59:49,216 - INFO - [408 in node 3] Best value: -305.880 | TR length: 0.050 | num. failures: 0/5 | num. successes: 1/10
2024-01-13 14:59:50,223 - INFO - [412 in node 3] Best value: -305.880 | TR length: 0.050 | num. failures: 1/5 | num. successes: 0/10
2024-01-13 14:59:51,243 - INFO - [416 in node 3] Best value: -305.880 | TR length: 0.050 | num. failures: 2/5 | num. successes: 0/10
2024-01-13 14:59:52,173 - INFO - [420 in node 3] Best value: -305.880 | TR length: 0.050 | num. failures: 3/5 | num. successes: 0/10
2024-01-13 14:59:53,216 - INFO - [424 in node 3] Best value: -305.880 | TR length: 0.050 | num. failures: 4/5 | num. successes: 0/10
2024-01-13 14:59:54,244 - INFO - [428 in node 3] Best value: -305.880 | TR length: 0.025 | num. failures: 0/5 | num. successes: 0/10
2024-01-13 14:59:55,281 - INFO - [432 in node 3] Best value: -305.880 | TR length: 0.025 | num. failures: 1/5 | num. successes: 0/10
2024-01-13 14:59:56,227 - INFO - [436 in node 3] Best value: -249.620 | TR length: 0.025 | num. failures: 0/5 | num. successes: 1/10
2024-01-13 14:59:57,278 - INFO - [440 in node 3] Best value: -249.620 | TR length: 0.025 | num. failures: 1/5 | num. successes: 0/10
2024-01-13 14:59:58,529 - INFO - [444 in node 3] Best value: -242.261 | TR length: 0.025 | num. failures: 0/5 | num. successes: 1/10
2024-01-13 14:59:59,639 - INFO - [448 in node 3] Best value: -237.131 | TR length: 0.025 | num. failures: 0/5 | num. successes: 2/10
2024-01-13 15:00:00,815 - INFO - [452 in node 3] Best value: -219.133 | TR length: 0.025 | num. failures: 0/5 | num. successes: 3/10
2024-01-13 15:00:02,128 - INFO - [456 in node 3] Best value: -209.593 | TR length: 0.025 | num. failures: 0/5 | num. successes: 4/10
2024-01-13 15:00:03,421 - INFO - [460 in node 3] Best value: -209.593 | TR length: 0.025 | num. failures: 1/5 | num. successes: 0/10
2024-01-13 15:00:04,732 - INFO - [464 in node 3] Best value: -209.593 | TR length: 0.025 | num. failures: 2/5 | num. successes: 0/10
2024-01-13 15:00:05,864 - INFO - [468 in node 3] Best value: -203.550 | TR length: 0.025 | num. failures: 0/5 | num. successes: 1/10
2024-01-13 15:00:07,082 - INFO - [472 in node 3] Best value: -203.550 | TR length: 0.025 | num. failures: 1/5 | num. successes: 0/10
2024-01-13 15:00:08,478 - INFO - [476 in node 3] Best value: -203.550 | TR length: 0.025 | num. failures: 2/5 | num. successes: 0/10
2024-01-13 15:00:09,902 - INFO - [480 in node 3] Best value: -203.550 | TR length: 0.025 | num. failures: 3/5 | num. successes: 0/10
2024-01-13 15:00:11,201 - INFO - [484 in node 3] Best value: -203.550 | TR length: 0.025 | num. failures: 4/5 | num. successes: 0/10
2024-01-13 15:00:12,656 - INFO - [488 in node 3] Best value: -203.550 | TR length: 0.013 | num. failures: 0/5 | num. successes: 0/10
2024-01-13 15:00:14,232 - INFO - [492 in node 3] Best value: -203.550 | TR length: 0.013 | num. failures: 1/5 | num. successes: 0/10
2024-01-13 15:00:15,826 - INFO - [496 in node 3] Best value: -180.275 | TR length: 0.013 | num. failures: 0/5 | num. successes: 1/10
2024-01-13 15:00:17,346 - INFO - [500 in node 3] Best value: -180.275 | TR length: 0.013 | num. failures: 1/5 | num. successes: 0/10
2024-01-13 15:00:19,158 - INFO - [504 in node 3] Best value: -180.275 | TR length: 0.013 | num. failures: 2/5 | num. successes: 0/10
2024-01-13 15:00:20,833 - INFO - [508 in node 3] Best value: -172.741 | TR length: 0.013 | num. failures: 0/5 | num. successes: 1/10
2024-01-13 15:00:22,276 - INFO - [512 in node 3] Best value: -172.741 | TR length: 0.013 | num. failures: 1/5 | num. successes: 0/10
2024-01-13 15:00:23,661 - INFO - [516 in node 3] Best value: -165.572 | TR length: 0.013 | num. failures: 0/5 | num. successes: 1/10
2024-01-13 15:00:25,274 - INFO - [520 in node 3] Best value: -145.631 | TR length: 0.013 | num. failures: 0/5 | num. successes: 2/10
2024-01-13 15:00:26,955 - INFO - [524 in node 3] Best value: -144.893 | TR length: 0.013 | num. failures: 0/5 | num. successes: 3/10
2024-01-13 15:00:28,475 - INFO - [528 in node 3] Best value: -137.544 | TR length: 0.013 | num. failures: 0/5 | num. successes: 4/10
2024-01-13 15:00:29,875 - INFO - [532 in node 3] Best value: -137.544 | TR length: 0.013 | num. failures: 1/5 | num. successes: 0/10
2024-01-13 15:00:31,464 - INFO - [536 in node 3] Best value: -137.544 | TR length: 0.013 | num. failures: 2/5 | num. successes: 0/10
2024-01-13 15:00:33,066 - INFO - [540 in node 3] Best value: -129.364 | TR length: 0.013 | num. failures: 0/5 | num. successes: 1/10
2024-01-13 15:00:34,654 - INFO - [544 in node 3] Best value: -129.364 | TR length: 0.013 | num. failures: 1/5 | num. successes: 0/10
2024-01-13 15:00:36,222 - INFO - [548 in node 3] Best value: -129.364 | TR length: 0.013 | num. failures: 2/5 | num. successes: 0/10
2024-01-13 15:00:37,910 - INFO - [552 in node 3] Best value: -129.364 | TR length: 0.013 | num. failures: 3/5 | num. successes: 0/10
2024-01-13 15:00:39,581 - INFO - [556 in node 3] Best value: -116.714 | TR length: 0.013 | num. failures: 0/5 | num. successes: 1/10
2024-01-13 15:00:41,553 - INFO - [560 in node 3] Best value: -115.089 | TR length: 0.013 | num. failures: 0/5 | num. successes: 2/10
2024-01-13 15:00:43,295 - INFO - [564 in node 3] Best value: -115.089 | TR length: 0.013 | num. failures: 1/5 | num. successes: 0/10
2024-01-13 15:00:45,405 - INFO - [568 in node 3] Best value: -115.089 | TR length: 0.013 | num. failures: 2/5 | num. successes: 0/10
2024-01-13 15:00:47,307 - INFO - [572 in node 3] Best value: -102.132 | TR length: 0.013 | num. failures: 0/5 | num. successes: 1/10
2024-01-13 15:00:49,126 - INFO - [576 in node 3] Best value: -98.712 | TR length: 0.013 | num. failures: 0/5 | num. successes: 2/10
2024-01-13 15:00:50,966 - INFO - [580 in node 3] Best value: -98.712 | TR length: 0.013 | num. failures: 1/5 | num. successes: 0/10
2024-01-13 15:00:53,466 - INFO - [584 in node 3] Best value: -98.712 | TR length: 0.013 | num. failures: 2/5 | num. successes: 0/10
2024-01-13 15:00:56,263 - INFO - [588 in node 3] Best value: -98.712 | TR length: 0.013 | num. failures: 3/5 | num. successes: 0/10
2024-01-13 15:00:58,819 - INFO - [592 in node 3] Best value: -92.396 | TR length: 0.013 | num. failures: 0/5 | num. successes: 1/10
2024-01-13 15:01:01,296 - INFO - [596 in node 3] Best value: -92.396 | TR length: 0.013 | num. failures: 1/5 | num. successes: 0/10
2024-01-13 15:01:03,950 - INFO - [600 in node 3] Best value: -92.396 | TR length: 0.013 | num. failures: 2/5 | num. successes: 0/10
2024-01-13 15:01:06,487 - INFO - [604 in node 3] Best value: -92.396 | TR length: 0.013 | num. failures: 3/5 | num. successes: 0/10
2024-01-13 15:01:09,290 - INFO - [608 in node 3] Best value: -92.396 | TR length: 0.013 | num. failures: 4/5 | num. successes: 0/10
2024-01-13 15:01:11,639 - INFO - [612 in node 3] Best value: -92.396 | TR length: 0.006 | num. failures: 0/5 | num. successes: 0/10
2024-01-13 15:01:11,640 - INFO - [TuRBO] Local Modelling converges (TR length below threshold) after 612 evaluations
2024-01-13 15:01:12,832 - INFO - [44 in node 55] Best value: -281538.152 | TR length: 0.800 | num. failures: 0/5 | num. successes: 1/10
2024-01-13 15:01:13,198 - INFO - [48 in node 55] Best value: -281538.152 | TR length: 0.800 | num. failures: 1/5 | num. successes: 0/10
2024-01-13 15:01:13,455 - INFO - [52 in node 55] Best value: -281538.152 | TR length: 0.800 | num. failures: 2/5 | num. successes: 0/10
2024-01-13 15:01:13,835 - INFO - [56 in node 55] Best value: -281538.152 | TR length: 0.800 | num. failures: 3/5 | num. successes: 0/10
2024-01-13 15:01:14,379 - INFO - [60 in node 55] Best value: -281538.152 | TR length: 0.800 | num. failures: 4/5 | num. successes: 0/10
2024-01-13 15:01:14,629 - INFO - [64 in node 55] Best value: -281538.152 | TR length: 0.400 | num. failures: 0/5 | num. successes: 0/10
2024-01-13 15:01:15,031 - INFO - [68 in node 55] Best value: -281538.152 | TR length: 0.400 | num. failures: 1/5 | num. successes: 0/10
2024-01-13 15:01:15,302 - INFO - [72 in node 55] Best value: -83725.675 | TR length: 0.400 | num. failures: 0/5 | num. successes: 1/10
2024-01-13 15:01:15,744 - INFO - [76 in node 55] Best value: -83725.675 | TR length: 0.400 | num. failures: 1/5 | num. successes: 0/10
2024-01-13 15:01:16,261 - INFO - [80 in node 55] Best value: -83725.675 | TR length: 0.400 | num. failures: 2/5 | num. successes: 0/10
2024-01-13 15:01:16,722 - INFO - [84 in node 55] Best value: -83725.675 | TR length: 0.400 | num. failures: 3/5 | num. successes: 0/10
2024-01-13 15:01:17,246 - INFO - [88 in node 55] Best value: -83725.675 | TR length: 0.400 | num. failures: 4/5 | num. successes: 0/10
2024-01-13 15:01:17,826 - INFO - [92 in node 55] Best value: -83725.675 | TR length: 0.200 | num. failures: 0/5 | num. successes: 0/10
2024-01-13 15:01:18,522 - INFO - [96 in node 55] Best value: -29917.257 | TR length: 0.200 | num. failures: 0/5 | num. successes: 1/10
2024-01-13 15:01:19,092 - INFO - [100 in node 55] Best value: -23336.965 | TR length: 0.200 | num. failures: 0/5 | num. successes: 2/10
2024-01-13 15:01:19,648 - INFO - [104 in node 55] Best value: -22347.153 | TR length: 0.200 | num. failures: 0/5 | num. successes: 3/10
2024-01-13 15:01:19,943 - INFO - [108 in node 55] Best value: -9489.053 | TR length: 0.200 | num. failures: 0/5 | num. successes: 4/10
2024-01-13 15:01:20,485 - INFO - [112 in node 55] Best value: -9489.053 | TR length: 0.200 | num. failures: 1/5 | num. successes: 0/10
2024-01-13 15:01:21,207 - INFO - [116 in node 55] Best value: -9489.053 | TR length: 0.200 | num. failures: 2/5 | num. successes: 0/10
2024-01-13 15:01:21,899 - INFO - [120 in node 55] Best value: -9489.053 | TR length: 0.200 | num. failures: 3/5 | num. successes: 0/10
2024-01-13 15:01:22,973 - INFO - [124 in node 55] Best value: -9489.053 | TR length: 0.200 | num. failures: 4/5 | num. successes: 0/10
2024-01-13 15:01:24,162 - INFO - [128 in node 55] Best value: -9489.053 | TR length: 0.100 | num. failures: 0/5 | num. successes: 0/10
2024-01-13 15:01:24,980 - INFO - [132 in node 55] Best value: -2436.252 | TR length: 0.100 | num. failures: 0/5 | num. successes: 1/10
2024-01-13 15:01:25,775 - INFO - [136 in node 55] Best value: -2436.252 | TR length: 0.100 | num. failures: 1/5 | num. successes: 0/10
2024-01-13 15:01:26,416 - INFO - [140 in node 55] Best value: -2436.252 | TR length: 0.100 | num. failures: 2/5 | num. successes: 0/10
2024-01-13 15:01:27,083 - INFO - [144 in node 55] Best value: -2436.252 | TR length: 0.100 | num. failures: 3/5 | num. successes: 0/10
2024-01-13 15:01:27,701 - INFO - [148 in node 55] Best value: -2436.252 | TR length: 0.100 | num. failures: 4/5 | num. successes: 0/10
2024-01-13 15:01:28,393 - INFO - [152 in node 55] Best value: -2436.252 | TR length: 0.050 | num. failures: 0/5 | num. successes: 0/10
2024-01-13 15:01:29,094 - INFO - [156 in node 55] Best value: -507.796 | TR length: 0.050 | num. failures: 0/5 | num. successes: 1/10
2024-01-13 15:01:29,690 - INFO - [160 in node 55] Best value: -256.115 | TR length: 0.050 | num. failures: 0/5 | num. successes: 2/10
2024-01-13 15:01:30,307 - INFO - [164 in node 55] Best value: -256.115 | TR length: 0.050 | num. failures: 1/5 | num. successes: 0/10
2024-01-13 15:01:30,918 - INFO - [168 in node 55] Best value: -256.115 | TR length: 0.050 | num. failures: 2/5 | num. successes: 0/10
2024-01-13 15:01:31,721 - INFO - [172 in node 55] Best value: -256.115 | TR length: 0.050 | num. failures: 3/5 | num. successes: 0/10
2024-01-13 15:01:32,263 - INFO - [176 in node 55] Best value: -169.271 | TR length: 0.050 | num. failures: 0/5 | num. successes: 1/10
2024-01-13 15:01:32,951 - INFO - [180 in node 55] Best value: -169.271 | TR length: 0.050 | num. failures: 1/5 | num. successes: 0/10
2024-01-13 15:01:33,811 - INFO - [184 in node 55] Best value: -169.271 | TR length: 0.050 | num. failures: 2/5 | num. successes: 0/10
2024-01-13 15:01:34,720 - INFO - [188 in node 55] Best value: -169.271 | TR length: 0.050 | num. failures: 3/5 | num. successes: 0/10
2024-01-13 15:01:35,427 - INFO - [192 in node 55] Best value: -169.271 | TR length: 0.050 | num. failures: 4/5 | num. successes: 0/10
2024-01-13 15:01:36,103 - INFO - [196 in node 55] Best value: -169.271 | TR length: 0.025 | num. failures: 0/5 | num. successes: 0/10
2024-01-13 15:01:36,832 - INFO - [200 in node 55] Best value: -132.130 | TR length: 0.025 | num. failures: 0/5 | num. successes: 1/10
2024-01-13 15:01:37,577 - INFO - [204 in node 55] Best value: -132.130 | TR length: 0.025 | num. failures: 1/5 | num. successes: 0/10
2024-01-13 15:01:38,396 - INFO - [208 in node 55] Best value: -132.130 | TR length: 0.025 | num. failures: 2/5 | num. successes: 0/10
2024-01-13 15:01:39,138 - INFO - [212 in node 55] Best value: -132.130 | TR length: 0.025 | num. failures: 3/5 | num. successes: 0/10
2024-01-13 15:01:39,941 - INFO - [216 in node 55] Best value: -132.130 | TR length: 0.025 | num. failures: 4/5 | num. successes: 0/10
2024-01-13 15:01:40,920 - INFO - [220 in node 55] Best value: -127.003 | TR length: 0.025 | num. failures: 0/5 | num. successes: 1/10
2024-01-13 15:01:41,593 - INFO - [224 in node 55] Best value: -127.003 | TR length: 0.025 | num. failures: 1/5 | num. successes: 0/10
2024-01-13 15:01:42,405 - INFO - [228 in node 55] Best value: -127.003 | TR length: 0.025 | num. failures: 2/5 | num. successes: 0/10
2024-01-13 15:01:43,445 - INFO - [232 in node 55] Best value: -99.958 | TR length: 0.025 | num. failures: 0/5 | num. successes: 1/10
2024-01-13 15:01:44,254 - INFO - [236 in node 55] Best value: -99.958 | TR length: 0.025 | num. failures: 1/5 | num. successes: 0/10
2024-01-13 15:01:45,045 - INFO - [240 in node 55] Best value: -99.958 | TR length: 0.025 | num. failures: 2/5 | num. successes: 0/10
2024-01-13 15:01:45,902 - INFO - [244 in node 55] Best value: -99.958 | TR length: 0.025 | num. failures: 3/5 | num. successes: 0/10
2024-01-13 15:01:46,802 - INFO - [248 in node 55] Best value: -99.958 | TR length: 0.025 | num. failures: 4/5 | num. successes: 0/10
2024-01-13 15:01:47,754 - INFO - [252 in node 55] Best value: -99.958 | TR length: 0.013 | num. failures: 0/5 | num. successes: 0/10
2024-01-13 15:01:48,587 - INFO - [256 in node 55] Best value: -95.248 | TR length: 0.013 | num. failures: 0/5 | num. successes: 1/10
2024-01-13 15:01:49,491 - INFO - [260 in node 55] Best value: -95.248 | TR length: 0.013 | num. failures: 1/5 | num. successes: 0/10
2024-01-13 15:01:50,527 - INFO - [264 in node 55] Best value: -95.248 | TR length: 0.013 | num. failures: 2/5 | num. successes: 0/10
2024-01-13 15:01:51,497 - INFO - [268 in node 55] Best value: -95.248 | TR length: 0.013 | num. failures: 3/5 | num. successes: 0/10
2024-01-13 15:01:52,453 - INFO - [272 in node 55] Best value: -95.248 | TR length: 0.013 | num. failures: 4/5 | num. successes: 0/10
2024-01-13 15:01:53,273 - INFO - [276 in node 55] Best value: -85.792 | TR length: 0.013 | num. failures: 0/5 | num. successes: 1/10
2024-01-13 15:01:54,330 - INFO - [280 in node 55] Best value: -85.792 | TR length: 0.013 | num. failures: 1/5 | num. successes: 0/10
2024-01-13 15:01:55,571 - INFO - [284 in node 55] Best value: -85.792 | TR length: 0.013 | num. failures: 2/5 | num. successes: 0/10
2024-01-13 15:01:56,346 - INFO - [288 in node 55] Best value: -76.036 | TR length: 0.013 | num. failures: 0/5 | num. successes: 1/10
2024-01-13 15:01:57,275 - INFO - [292 in node 55] Best value: -76.036 | TR length: 0.013 | num. failures: 1/5 | num. successes: 0/10
2024-01-13 15:01:58,226 - INFO - [296 in node 55] Best value: -76.036 | TR length: 0.013 | num. failures: 2/5 | num. successes: 0/10
2024-01-13 15:01:59,158 - INFO - [300 in node 55] Best value: -76.036 | TR length: 0.013 | num. failures: 3/5 | num. successes: 0/10
2024-01-13 15:02:00,208 - INFO - [304 in node 55] Best value: -76.036 | TR length: 0.013 | num. failures: 4/5 | num. successes: 0/10
2024-01-13 15:02:01,051 - INFO - [308 in node 55] Best value: -76.036 | TR length: 0.006 | num. failures: 0/5 | num. successes: 0/10
2024-01-13 15:02:01,052 - INFO - [TuRBO] Local Modelling converges (TR length below threshold) after 308 evaluations
2024-01-13 15:02:02,021 - INFO - --------------------------------------------------
2024-01-13 15:02:02,024 - INFO - Best X: tensor([0.4780, 0.4744, 0.4511, 0.4999, 0.4954, 0.4947, 0.4775, 0.4671, 0.4814,
        0.4790, 0.4755, 0.4758, 0.4912, 0.4873, 0.4767, 0.4841, 0.4739, 0.4747,
        0.4705, 0.4782], device='cuda:0', dtype=torch.float64)
2024-01-13 15:02:02,024 - INFO - Best Y: -75.34178625351646
2024-01-13 15:02:02,024 - INFO - Elapsed time: 192.27 seconds
