2024-01-13 15:48:55,877 - INFO - Start experiment with plain-TuRBO: turbo_rastrigin20d_1000
2024-01-13 15:48:55,877 - INFO - ==================================================
2024-01-13 15:48:55,878 - INFO - Config:
2024-01-13 15:48:55,878 - INFO - obj_func: Rastrigin()
2024-01-13 15:48:55,884 - INFO - bounds: tensor([[-5.1200, -5.1200, -5.1200, -5.1200, -5.1200, -5.1200, -5.1200, -5.1200,
         -5.1200, -5.1200, -5.1200, -5.1200, -5.1200, -5.1200, -5.1200, -5.1200,
         -5.1200, -5.1200, -5.1200, -5.1200],
        [ 5.1200,  5.1200,  5.1200,  5.1200,  5.1200,  5.1200,  5.1200,  5.1200,
          5.1200,  5.1200,  5.1200,  5.1200,  5.1200,  5.1200,  5.1200,  5.1200,
          5.1200,  5.1200,  5.1200,  5.1200]], device='cuda:0',
       dtype=torch.float64)
2024-01-13 15:48:55,884 - INFO - batch_size: 4
2024-01-13 15:48:55,885 - INFO - n_init: 40
2024-01-13 15:48:55,885 - INFO - num_evals: 1000
2024-01-13 15:48:55,885 - INFO - seed: 0
2024-01-13 15:48:55,886 - INFO - acqf_func: ts
2024-01-13 15:48:55,886 - INFO - max_cholesky_size: inf
2024-01-13 15:48:55,886 - INFO - ==================================================
2024-01-13 15:48:57,658 - INFO - [Restart 0] 44) Best value: -3.29e+02 | TR length: 8.00e-01 | num. restarts: 0/5 | num. successes: 1/10
2024-01-13 15:48:58,054 - INFO - [Restart 0] 48) Best value: -3.29e+02 | TR length: 8.00e-01 | num. restarts: 1/5 | num. successes: 0/10
2024-01-13 15:48:58,524 - INFO - [Restart 0] 52) Best value: -3.29e+02 | TR length: 8.00e-01 | num. restarts: 2/5 | num. successes: 0/10
2024-01-13 15:48:58,919 - INFO - [Restart 0] 56) Best value: -2.99e+02 | TR length: 8.00e-01 | num. restarts: 0/5 | num. successes: 1/10
2024-01-13 15:48:59,321 - INFO - [Restart 0] 60) Best value: -2.99e+02 | TR length: 8.00e-01 | num. restarts: 1/5 | num. successes: 0/10
2024-01-13 15:48:59,761 - INFO - [Restart 0] 64) Best value: -2.72e+02 | TR length: 8.00e-01 | num. restarts: 0/5 | num. successes: 1/10
2024-01-13 15:49:00,146 - INFO - [Restart 0] 68) Best value: -2.72e+02 | TR length: 8.00e-01 | num. restarts: 1/5 | num. successes: 0/10
2024-01-13 15:49:00,611 - INFO - [Restart 0] 72) Best value: -2.72e+02 | TR length: 8.00e-01 | num. restarts: 2/5 | num. successes: 0/10
2024-01-13 15:49:01,077 - INFO - [Restart 0] 76) Best value: -2.72e+02 | TR length: 8.00e-01 | num. restarts: 3/5 | num. successes: 0/10
2024-01-13 15:49:02,271 - INFO - [Restart 0] 80) Best value: -2.72e+02 | TR length: 8.00e-01 | num. restarts: 4/5 | num. successes: 0/10
2024-01-13 15:49:02,827 - INFO - [Restart 0] 84) Best value: -2.72e+02 | TR length: 4.00e-01 | num. restarts: 0/5 | num. successes: 0/10
2024-01-13 15:49:03,542 - INFO - [Restart 0] 88) Best value: -2.72e+02 | TR length: 4.00e-01 | num. restarts: 1/5 | num. successes: 0/10
2024-01-13 15:49:04,051 - INFO - [Restart 0] 92) Best value: -2.53e+02 | TR length: 4.00e-01 | num. restarts: 0/5 | num. successes: 1/10
2024-01-13 15:49:04,553 - INFO - [Restart 0] 96) Best value: -2.53e+02 | TR length: 4.00e-01 | num. restarts: 1/5 | num. successes: 0/10
2024-01-13 15:49:05,141 - INFO - [Restart 0] 100) Best value: -2.53e+02 | TR length: 4.00e-01 | num. restarts: 2/5 | num. successes: 0/10
2024-01-13 15:49:05,970 - INFO - [Restart 0] 104) Best value: -2.53e+02 | TR length: 4.00e-01 | num. restarts: 3/5 | num. successes: 0/10
2024-01-13 15:49:06,568 - INFO - [Restart 0] 108) Best value: -2.53e+02 | TR length: 4.00e-01 | num. restarts: 4/5 | num. successes: 0/10
2024-01-13 15:49:07,130 - INFO - [Restart 0] 112) Best value: -2.53e+02 | TR length: 2.00e-01 | num. restarts: 0/5 | num. successes: 0/10
2024-01-13 15:49:07,738 - INFO - [Restart 0] 116) Best value: -2.53e+02 | TR length: 2.00e-01 | num. restarts: 1/5 | num. successes: 0/10
2024-01-13 15:49:08,338 - INFO - [Restart 0] 120) Best value: -2.50e+02 | TR length: 2.00e-01 | num. restarts: 0/5 | num. successes: 1/10
2024-01-13 15:49:09,154 - INFO - [Restart 0] 124) Best value: -2.50e+02 | TR length: 2.00e-01 | num. restarts: 1/5 | num. successes: 0/10
2024-01-13 15:49:09,807 - INFO - [Restart 0] 128) Best value: -2.50e+02 | TR length: 2.00e-01 | num. restarts: 2/5 | num. successes: 0/10
2024-01-13 15:49:10,578 - INFO - [Restart 0] 132) Best value: -2.50e+02 | TR length: 2.00e-01 | num. restarts: 3/5 | num. successes: 0/10
2024-01-13 15:49:11,224 - INFO - [Restart 0] 136) Best value: -2.50e+02 | TR length: 2.00e-01 | num. restarts: 4/5 | num. successes: 0/10
2024-01-13 15:49:11,978 - INFO - [Restart 0] 140) Best value: -2.50e+02 | TR length: 1.00e-01 | num. restarts: 0/5 | num. successes: 0/10
2024-01-13 15:49:12,630 - INFO - [Restart 0] 144) Best value: -2.50e+02 | TR length: 1.00e-01 | num. restarts: 1/5 | num. successes: 0/10
2024-01-13 15:49:13,282 - INFO - [Restart 0] 148) Best value: -2.36e+02 | TR length: 1.00e-01 | num. restarts: 0/5 | num. successes: 1/10
2024-01-13 15:49:14,138 - INFO - [Restart 0] 152) Best value: -2.36e+02 | TR length: 1.00e-01 | num. restarts: 1/5 | num. successes: 0/10
2024-01-13 15:49:14,847 - INFO - [Restart 0] 156) Best value: -2.28e+02 | TR length: 1.00e-01 | num. restarts: 0/5 | num. successes: 1/10
2024-01-13 15:49:15,493 - INFO - [Restart 0] 160) Best value: -2.28e+02 | TR length: 1.00e-01 | num. restarts: 1/5 | num. successes: 0/10
2024-01-13 15:49:16,094 - INFO - [Restart 0] 164) Best value: -2.28e+02 | TR length: 1.00e-01 | num. restarts: 2/5 | num. successes: 0/10
2024-01-13 15:49:16,896 - INFO - [Restart 0] 168) Best value: -2.28e+02 | TR length: 1.00e-01 | num. restarts: 3/5 | num. successes: 0/10
2024-01-13 15:49:17,840 - INFO - [Restart 0] 172) Best value: -2.28e+02 | TR length: 1.00e-01 | num. restarts: 4/5 | num. successes: 0/10
2024-01-13 15:49:18,768 - INFO - [Restart 0] 176) Best value: -2.28e+02 | TR length: 5.00e-02 | num. restarts: 0/5 | num. successes: 0/10
2024-01-13 15:49:19,667 - INFO - [Restart 0] 180) Best value: -2.28e+02 | TR length: 5.00e-02 | num. restarts: 1/5 | num. successes: 0/10
2024-01-13 15:49:20,624 - INFO - [Restart 0] 184) Best value: -2.28e+02 | TR length: 5.00e-02 | num. restarts: 2/5 | num. successes: 0/10
2024-01-13 15:49:21,539 - INFO - [Restart 0] 188) Best value: -2.28e+02 | TR length: 5.00e-02 | num. restarts: 3/5 | num. successes: 0/10
2024-01-13 15:49:22,482 - INFO - [Restart 0] 192) Best value: -2.11e+02 | TR length: 5.00e-02 | num. restarts: 0/5 | num. successes: 1/10
2024-01-13 15:49:23,460 - INFO - [Restart 0] 196) Best value: -2.08e+02 | TR length: 5.00e-02 | num. restarts: 0/5 | num. successes: 2/10
2024-01-13 15:49:24,210 - INFO - [Restart 0] 200) Best value: -2.08e+02 | TR length: 5.00e-02 | num. restarts: 1/5 | num. successes: 0/10
2024-01-13 15:49:25,256 - INFO - [Restart 0] 204) Best value: -2.08e+02 | TR length: 5.00e-02 | num. restarts: 2/5 | num. successes: 0/10
2024-01-13 15:49:26,393 - INFO - [Restart 0] 208) Best value: -2.08e+02 | TR length: 5.00e-02 | num. restarts: 3/5 | num. successes: 0/10
2024-01-13 15:49:27,628 - INFO - [Restart 0] 212) Best value: -2.08e+02 | TR length: 5.00e-02 | num. restarts: 4/5 | num. successes: 0/10
2024-01-13 15:49:28,803 - INFO - [Restart 0] 216) Best value: -2.08e+02 | TR length: 2.50e-02 | num. restarts: 0/5 | num. successes: 0/10
2024-01-13 15:49:29,796 - INFO - [Restart 0] 220) Best value: -2.08e+02 | TR length: 2.50e-02 | num. restarts: 1/5 | num. successes: 0/10
2024-01-13 15:49:31,482 - INFO - [Restart 0] 224) Best value: -1.99e+02 | TR length: 2.50e-02 | num. restarts: 0/5 | num. successes: 1/10
2024-01-13 15:49:33,240 - INFO - [Restart 0] 228) Best value: -1.99e+02 | TR length: 2.50e-02 | num. restarts: 1/5 | num. successes: 0/10
2024-01-13 15:49:34,950 - INFO - [Restart 0] 232) Best value: -1.94e+02 | TR length: 2.50e-02 | num. restarts: 0/5 | num. successes: 1/10
2024-01-13 15:49:36,356 - INFO - [Restart 0] 236) Best value: -1.85e+02 | TR length: 2.50e-02 | num. restarts: 0/5 | num. successes: 2/10
2024-01-13 15:49:37,484 - INFO - [Restart 0] 240) Best value: -1.85e+02 | TR length: 2.50e-02 | num. restarts: 1/5 | num. successes: 0/10
2024-01-13 15:49:39,064 - INFO - [Restart 0] 244) Best value: -1.85e+02 | TR length: 2.50e-02 | num. restarts: 2/5 | num. successes: 0/10
2024-01-13 15:49:40,473 - INFO - [Restart 0] 248) Best value: -1.85e+02 | TR length: 2.50e-02 | num. restarts: 3/5 | num. successes: 0/10
2024-01-13 15:49:42,056 - INFO - [Restart 0] 252) Best value: -1.85e+02 | TR length: 2.50e-02 | num. restarts: 4/5 | num. successes: 0/10
2024-01-13 15:49:43,744 - INFO - [Restart 0] 256) Best value: -1.85e+02 | TR length: 1.25e-02 | num. restarts: 0/5 | num. successes: 0/10
2024-01-13 15:49:45,137 - INFO - [Restart 0] 260) Best value: -1.83e+02 | TR length: 1.25e-02 | num. restarts: 0/5 | num. successes: 1/10
2024-01-13 15:49:46,781 - INFO - [Restart 0] 264) Best value: -1.81e+02 | TR length: 1.25e-02 | num. restarts: 0/5 | num. successes: 2/10
2024-01-13 15:49:48,658 - INFO - [Restart 0] 268) Best value: -1.68e+02 | TR length: 1.25e-02 | num. restarts: 0/5 | num. successes: 3/10
2024-01-13 15:49:49,728 - INFO - [Restart 0] 272) Best value: -1.68e+02 | TR length: 1.25e-02 | num. restarts: 1/5 | num. successes: 0/10
2024-01-13 15:49:50,834 - INFO - [Restart 0] 276) Best value: -1.68e+02 | TR length: 1.25e-02 | num. restarts: 2/5 | num. successes: 0/10
2024-01-13 15:49:52,145 - INFO - [Restart 0] 280) Best value: -1.60e+02 | TR length: 1.25e-02 | num. restarts: 0/5 | num. successes: 1/10
2024-01-13 15:49:53,300 - INFO - [Restart 0] 284) Best value: -1.60e+02 | TR length: 1.25e-02 | num. restarts: 1/5 | num. successes: 0/10
2024-01-13 15:49:54,597 - INFO - [Restart 0] 288) Best value: -1.44e+02 | TR length: 1.25e-02 | num. restarts: 0/5 | num. successes: 1/10
2024-01-13 15:49:55,619 - INFO - [Restart 0] 292) Best value: -1.44e+02 | TR length: 1.25e-02 | num. restarts: 1/5 | num. successes: 0/10
2024-01-13 15:49:56,589 - INFO - [Restart 0] 296) Best value: -1.35e+02 | TR length: 1.25e-02 | num. restarts: 0/5 | num. successes: 1/10
2024-01-13 15:49:57,826 - INFO - [Restart 0] 300) Best value: -1.34e+02 | TR length: 1.25e-02 | num. restarts: 0/5 | num. successes: 2/10
2024-01-13 15:49:58,608 - INFO - [Restart 0] 304) Best value: -1.34e+02 | TR length: 1.25e-02 | num. restarts: 1/5 | num. successes: 0/10
2024-01-13 15:49:59,560 - INFO - [Restart 0] 308) Best value: -1.28e+02 | TR length: 1.25e-02 | num. restarts: 0/5 | num. successes: 1/10
2024-01-13 15:50:00,860 - INFO - [Restart 0] 312) Best value: -1.28e+02 | TR length: 1.25e-02 | num. restarts: 1/5 | num. successes: 0/10
2024-01-13 15:50:02,013 - INFO - [Restart 0] 316) Best value: -1.28e+02 | TR length: 1.25e-02 | num. restarts: 2/5 | num. successes: 0/10
2024-01-13 15:50:03,342 - INFO - [Restart 0] 320) Best value: -1.28e+02 | TR length: 1.25e-02 | num. restarts: 3/5 | num. successes: 0/10
2024-01-13 15:50:05,429 - INFO - [Restart 0] 324) Best value: -1.28e+02 | TR length: 1.25e-02 | num. restarts: 4/5 | num. successes: 0/10
2024-01-13 15:50:07,081 - INFO - [Restart 0] 328) Best value: -1.28e+02 | TR length: 6.25e-03 | num. restarts: 0/5 | num. successes: 0/10
2024-01-13 15:50:07,475 - INFO - [Restart 1] 372) Best value: -3.91e+02 | TR length: 8.00e-01 | num. restarts: 0/5 | num. successes: 1/10
2024-01-13 15:50:07,897 - INFO - [Restart 1] 376) Best value: -3.16e+02 | TR length: 8.00e-01 | num. restarts: 0/5 | num. successes: 2/10
2024-01-13 15:50:08,341 - INFO - [Restart 1] 380) Best value: -3.16e+02 | TR length: 8.00e-01 | num. restarts: 1/5 | num. successes: 0/10
2024-01-13 15:50:08,788 - INFO - [Restart 1] 384) Best value: -3.16e+02 | TR length: 8.00e-01 | num. restarts: 2/5 | num. successes: 0/10
2024-01-13 15:50:09,203 - INFO - [Restart 1] 388) Best value: -3.16e+02 | TR length: 8.00e-01 | num. restarts: 3/5 | num. successes: 0/10
2024-01-13 15:50:09,642 - INFO - [Restart 1] 392) Best value: -2.69e+02 | TR length: 8.00e-01 | num. restarts: 0/5 | num. successes: 1/10
2024-01-13 15:50:10,022 - INFO - [Restart 1] 396) Best value: -2.69e+02 | TR length: 8.00e-01 | num. restarts: 1/5 | num. successes: 0/10
2024-01-13 15:50:10,446 - INFO - [Restart 1] 400) Best value: -2.69e+02 | TR length: 8.00e-01 | num. restarts: 2/5 | num. successes: 0/10
2024-01-13 15:50:10,877 - INFO - [Restart 1] 404) Best value: -2.69e+02 | TR length: 8.00e-01 | num. restarts: 3/5 | num. successes: 0/10
2024-01-13 15:50:11,363 - INFO - [Restart 1] 408) Best value: -2.67e+02 | TR length: 8.00e-01 | num. restarts: 0/5 | num. successes: 1/10
2024-01-13 15:50:11,869 - INFO - [Restart 1] 412) Best value: -2.67e+02 | TR length: 8.00e-01 | num. restarts: 1/5 | num. successes: 0/10
2024-01-13 15:50:12,428 - INFO - [Restart 1] 416) Best value: -2.67e+02 | TR length: 8.00e-01 | num. restarts: 2/5 | num. successes: 0/10
2024-01-13 15:50:13,033 - INFO - [Restart 1] 420) Best value: -2.67e+02 | TR length: 8.00e-01 | num. restarts: 3/5 | num. successes: 0/10
2024-01-13 15:50:13,653 - INFO - [Restart 1] 424) Best value: -2.13e+02 | TR length: 8.00e-01 | num. restarts: 0/5 | num. successes: 1/10
2024-01-13 15:50:14,353 - INFO - [Restart 1] 428) Best value: -2.13e+02 | TR length: 8.00e-01 | num. restarts: 1/5 | num. successes: 0/10
2024-01-13 15:50:14,981 - INFO - [Restart 1] 432) Best value: -2.13e+02 | TR length: 8.00e-01 | num. restarts: 2/5 | num. successes: 0/10
2024-01-13 15:50:15,596 - INFO - [Restart 1] 436) Best value: -2.13e+02 | TR length: 8.00e-01 | num. restarts: 3/5 | num. successes: 0/10
2024-01-13 15:50:16,212 - INFO - [Restart 1] 440) Best value: -2.13e+02 | TR length: 8.00e-01 | num. restarts: 4/5 | num. successes: 0/10
2024-01-13 15:50:16,783 - INFO - [Restart 1] 444) Best value: -2.13e+02 | TR length: 4.00e-01 | num. restarts: 0/5 | num. successes: 0/10
2024-01-13 15:50:17,613 - INFO - [Restart 1] 448) Best value: -2.13e+02 | TR length: 4.00e-01 | num. restarts: 1/5 | num. successes: 0/10
2024-01-13 15:50:18,390 - INFO - [Restart 1] 452) Best value: -2.13e+02 | TR length: 4.00e-01 | num. restarts: 2/5 | num. successes: 0/10
2024-01-13 15:50:19,112 - INFO - [Restart 1] 456) Best value: -2.13e+02 | TR length: 4.00e-01 | num. restarts: 3/5 | num. successes: 0/10
2024-01-13 15:50:19,854 - INFO - [Restart 1] 460) Best value: -2.13e+02 | TR length: 4.00e-01 | num. restarts: 4/5 | num. successes: 0/10
2024-01-13 15:50:20,599 - INFO - [Restart 1] 464) Best value: -2.13e+02 | TR length: 2.00e-01 | num. restarts: 0/5 | num. successes: 0/10
2024-01-13 15:50:21,668 - INFO - [Restart 1] 468) Best value: -2.13e+02 | TR length: 2.00e-01 | num. restarts: 1/5 | num. successes: 0/10
2024-01-13 15:50:22,503 - INFO - [Restart 1] 472) Best value: -2.13e+02 | TR length: 2.00e-01 | num. restarts: 2/5 | num. successes: 0/10
2024-01-13 15:50:23,336 - INFO - [Restart 1] 476) Best value: -2.13e+02 | TR length: 2.00e-01 | num. restarts: 3/5 | num. successes: 0/10
2024-01-13 15:50:24,149 - INFO - [Restart 1] 480) Best value: -2.13e+02 | TR length: 2.00e-01 | num. restarts: 4/5 | num. successes: 0/10
2024-01-13 15:50:24,994 - INFO - [Restart 1] 484) Best value: -2.13e+02 | TR length: 1.00e-01 | num. restarts: 0/5 | num. successes: 0/10
2024-01-13 15:50:26,253 - INFO - [Restart 1] 488) Best value: -2.13e+02 | TR length: 1.00e-01 | num. restarts: 1/5 | num. successes: 0/10
2024-01-13 15:50:27,401 - INFO - [Restart 1] 492) Best value: -2.13e+02 | TR length: 1.00e-01 | num. restarts: 2/5 | num. successes: 0/10
2024-01-13 15:50:28,176 - INFO - [Restart 1] 496) Best value: -2.13e+02 | TR length: 1.00e-01 | num. restarts: 3/5 | num. successes: 0/10
2024-01-13 15:50:29,024 - INFO - [Restart 1] 500) Best value: -2.13e+02 | TR length: 1.00e-01 | num. restarts: 4/5 | num. successes: 0/10
2024-01-13 15:50:30,139 - INFO - [Restart 1] 504) Best value: -2.13e+02 | TR length: 5.00e-02 | num. restarts: 0/5 | num. successes: 0/10
2024-01-13 15:50:31,370 - INFO - [Restart 1] 508) Best value: -2.13e+02 | TR length: 5.00e-02 | num. restarts: 1/5 | num. successes: 0/10
2024-01-13 15:50:32,467 - INFO - [Restart 1] 512) Best value: -2.13e+02 | TR length: 5.00e-02 | num. restarts: 2/5 | num. successes: 0/10
2024-01-13 15:50:33,393 - INFO - [Restart 1] 516) Best value: -2.13e+02 | TR length: 5.00e-02 | num. restarts: 3/5 | num. successes: 0/10
2024-01-13 15:50:34,601 - INFO - [Restart 1] 520) Best value: -2.13e+02 | TR length: 5.00e-02 | num. restarts: 4/5 | num. successes: 0/10
2024-01-13 15:50:35,845 - INFO - [Restart 1] 524) Best value: -2.13e+02 | TR length: 2.50e-02 | num. restarts: 0/5 | num. successes: 0/10
2024-01-13 15:50:37,109 - INFO - [Restart 1] 528) Best value: -2.13e+02 | TR length: 2.50e-02 | num. restarts: 1/5 | num. successes: 0/10
2024-01-13 15:50:39,189 - INFO - [Restart 1] 532) Best value: -2.13e+02 | TR length: 2.50e-02 | num. restarts: 2/5 | num. successes: 0/10
2024-01-13 15:50:40,155 - INFO - [Restart 1] 536) Best value: -2.06e+02 | TR length: 2.50e-02 | num. restarts: 0/5 | num. successes: 1/10
2024-01-13 15:50:41,178 - INFO - [Restart 1] 540) Best value: -2.06e+02 | TR length: 2.50e-02 | num. restarts: 1/5 | num. successes: 0/10
2024-01-13 15:50:42,321 - INFO - [Restart 1] 544) Best value: -2.06e+02 | TR length: 2.50e-02 | num. restarts: 2/5 | num. successes: 0/10
2024-01-13 15:50:43,144 - INFO - [Restart 1] 548) Best value: -2.06e+02 | TR length: 2.50e-02 | num. restarts: 3/5 | num. successes: 0/10
2024-01-13 15:50:43,986 - INFO - [Restart 1] 552) Best value: -2.06e+02 | TR length: 2.50e-02 | num. restarts: 4/5 | num. successes: 0/10
2024-01-13 15:50:44,856 - INFO - [Restart 1] 556) Best value: -1.66e+02 | TR length: 2.50e-02 | num. restarts: 0/5 | num. successes: 1/10
2024-01-13 15:50:46,289 - INFO - [Restart 1] 560) Best value: -1.66e+02 | TR length: 2.50e-02 | num. restarts: 0/5 | num. successes: 2/10
2024-01-13 15:50:47,745 - INFO - [Restart 1] 564) Best value: -1.66e+02 | TR length: 2.50e-02 | num. restarts: 1/5 | num. successes: 0/10
2024-01-13 15:50:48,798 - INFO - [Restart 1] 568) Best value: -1.63e+02 | TR length: 2.50e-02 | num. restarts: 0/5 | num. successes: 1/10
2024-01-13 15:50:50,130 - INFO - [Restart 1] 572) Best value: -1.63e+02 | TR length: 2.50e-02 | num. restarts: 1/5 | num. successes: 0/10
2024-01-13 15:50:51,297 - INFO - [Restart 1] 576) Best value: -1.63e+02 | TR length: 2.50e-02 | num. restarts: 2/5 | num. successes: 0/10
2024-01-13 15:50:52,805 - INFO - [Restart 1] 580) Best value: -1.63e+02 | TR length: 2.50e-02 | num. restarts: 3/5 | num. successes: 0/10
2024-01-13 15:50:53,918 - INFO - [Restart 1] 584) Best value: -1.63e+02 | TR length: 2.50e-02 | num. restarts: 4/5 | num. successes: 0/10
2024-01-13 15:50:54,916 - INFO - [Restart 1] 588) Best value: -1.63e+02 | TR length: 1.25e-02 | num. restarts: 0/5 | num. successes: 0/10
2024-01-13 15:50:56,307 - INFO - [Restart 1] 592) Best value: -1.63e+02 | TR length: 1.25e-02 | num. restarts: 1/5 | num. successes: 0/10
2024-01-13 15:50:57,480 - INFO - [Restart 1] 596) Best value: -1.63e+02 | TR length: 1.25e-02 | num. restarts: 2/5 | num. successes: 0/10
2024-01-13 15:50:58,593 - INFO - [Restart 1] 600) Best value: -1.63e+02 | TR length: 1.25e-02 | num. restarts: 3/5 | num. successes: 0/10
2024-01-13 15:50:59,980 - INFO - [Restart 1] 604) Best value: -1.61e+02 | TR length: 1.25e-02 | num. restarts: 0/5 | num. successes: 1/10
2024-01-13 15:51:00,946 - INFO - [Restart 1] 608) Best value: -1.61e+02 | TR length: 1.25e-02 | num. restarts: 1/5 | num. successes: 0/10
2024-01-13 15:51:02,076 - INFO - [Restart 1] 612) Best value: -1.61e+02 | TR length: 1.25e-02 | num. restarts: 2/5 | num. successes: 0/10
2024-01-13 15:51:03,371 - INFO - [Restart 1] 616) Best value: -1.58e+02 | TR length: 1.25e-02 | num. restarts: 0/5 | num. successes: 1/10
2024-01-13 15:51:04,949 - INFO - [Restart 1] 620) Best value: -1.58e+02 | TR length: 1.25e-02 | num. restarts: 1/5 | num. successes: 0/10
2024-01-13 15:51:05,911 - INFO - [Restart 1] 624) Best value: -1.58e+02 | TR length: 1.25e-02 | num. restarts: 2/5 | num. successes: 0/10
2024-01-13 15:51:06,979 - INFO - [Restart 1] 628) Best value: -1.58e+02 | TR length: 1.25e-02 | num. restarts: 3/5 | num. successes: 0/10
2024-01-13 15:51:08,256 - INFO - [Restart 1] 632) Best value: -1.58e+02 | TR length: 1.25e-02 | num. restarts: 4/5 | num. successes: 0/10
2024-01-13 15:51:09,217 - INFO - [Restart 1] 636) Best value: -1.49e+02 | TR length: 1.25e-02 | num. restarts: 0/5 | num. successes: 1/10
2024-01-13 15:51:10,747 - INFO - [Restart 1] 640) Best value: -1.49e+02 | TR length: 1.25e-02 | num. restarts: 1/5 | num. successes: 0/10
2024-01-13 15:51:12,109 - INFO - [Restart 1] 644) Best value: -1.49e+02 | TR length: 1.25e-02 | num. restarts: 2/5 | num. successes: 0/10
2024-01-13 15:51:13,284 - INFO - [Restart 1] 648) Best value: -1.43e+02 | TR length: 1.25e-02 | num. restarts: 0/5 | num. successes: 1/10
2024-01-13 15:51:14,719 - INFO - [Restart 1] 652) Best value: -1.34e+02 | TR length: 1.25e-02 | num. restarts: 0/5 | num. successes: 2/10
2024-01-13 15:51:16,013 - INFO - [Restart 1] 656) Best value: -1.34e+02 | TR length: 1.25e-02 | num. restarts: 1/5 | num. successes: 0/10
2024-01-13 15:51:17,287 - INFO - [Restart 1] 660) Best value: -1.34e+02 | TR length: 1.25e-02 | num. restarts: 2/5 | num. successes: 0/10
2024-01-13 15:51:19,738 - INFO - [Restart 1] 664) Best value: -1.34e+02 | TR length: 1.25e-02 | num. restarts: 3/5 | num. successes: 0/10
2024-01-13 15:51:20,938 - INFO - [Restart 1] 668) Best value: -1.34e+02 | TR length: 1.25e-02 | num. restarts: 4/5 | num. successes: 0/10
2024-01-13 15:51:22,642 - INFO - [Restart 1] 672) Best value: -1.34e+02 | TR length: 6.25e-03 | num. restarts: 0/5 | num. successes: 0/10
2024-01-13 15:51:23,038 - INFO - [Restart 2] 716) Best value: -3.42e+02 | TR length: 8.00e-01 | num. restarts: 0/5 | num. successes: 1/10
2024-01-13 15:51:23,714 - INFO - [Restart 2] 720) Best value: -3.16e+02 | TR length: 8.00e-01 | num. restarts: 0/5 | num. successes: 2/10
2024-01-13 15:51:24,123 - INFO - [Restart 2] 724) Best value: -3.16e+02 | TR length: 8.00e-01 | num. restarts: 1/5 | num. successes: 0/10
2024-01-13 15:51:24,578 - INFO - [Restart 2] 728) Best value: -3.16e+02 | TR length: 8.00e-01 | num. restarts: 2/5 | num. successes: 0/10
2024-01-13 15:51:25,015 - INFO - [Restart 2] 732) Best value: -2.98e+02 | TR length: 8.00e-01 | num. restarts: 0/5 | num. successes: 1/10
2024-01-13 15:51:25,550 - INFO - [Restart 2] 736) Best value: -2.84e+02 | TR length: 8.00e-01 | num. restarts: 0/5 | num. successes: 2/10
2024-01-13 15:51:25,965 - INFO - [Restart 2] 740) Best value: -2.76e+02 | TR length: 8.00e-01 | num. restarts: 0/5 | num. successes: 3/10
2024-01-13 15:51:26,597 - INFO - [Restart 2] 744) Best value: -2.76e+02 | TR length: 8.00e-01 | num. restarts: 1/5 | num. successes: 0/10
2024-01-13 15:51:27,069 - INFO - [Restart 2] 748) Best value: -2.76e+02 | TR length: 8.00e-01 | num. restarts: 2/5 | num. successes: 0/10
2024-01-13 15:51:27,594 - INFO - [Restart 2] 752) Best value: -2.76e+02 | TR length: 8.00e-01 | num. restarts: 3/5 | num. successes: 0/10
2024-01-13 15:51:28,146 - INFO - [Restart 2] 756) Best value: -2.76e+02 | TR length: 8.00e-01 | num. restarts: 4/5 | num. successes: 0/10
2024-01-13 15:51:28,834 - INFO - [Restart 2] 760) Best value: -2.76e+02 | TR length: 4.00e-01 | num. restarts: 0/5 | num. successes: 0/10
2024-01-13 15:51:29,460 - INFO - [Restart 2] 764) Best value: -2.33e+02 | TR length: 4.00e-01 | num. restarts: 0/5 | num. successes: 1/10
2024-01-13 15:51:30,020 - INFO - [Restart 2] 768) Best value: -2.33e+02 | TR length: 4.00e-01 | num. restarts: 1/5 | num. successes: 0/10
2024-01-13 15:51:30,992 - INFO - [Restart 2] 772) Best value: -2.33e+02 | TR length: 4.00e-01 | num. restarts: 2/5 | num. successes: 0/10
2024-01-13 15:51:32,351 - INFO - [Restart 2] 776) Best value: -2.33e+02 | TR length: 4.00e-01 | num. restarts: 3/5 | num. successes: 0/10
2024-01-13 15:51:32,872 - INFO - [Restart 2] 780) Best value: -2.33e+02 | TR length: 4.00e-01 | num. restarts: 4/5 | num. successes: 0/10
2024-01-13 15:51:33,586 - INFO - [Restart 2] 784) Best value: -2.33e+02 | TR length: 2.00e-01 | num. restarts: 0/5 | num. successes: 0/10
2024-01-13 15:51:34,271 - INFO - [Restart 2] 788) Best value: -2.33e+02 | TR length: 2.00e-01 | num. restarts: 1/5 | num. successes: 0/10
2024-01-13 15:51:35,213 - INFO - [Restart 2] 792) Best value: -2.33e+02 | TR length: 2.00e-01 | num. restarts: 2/5 | num. successes: 0/10
2024-01-13 15:51:35,784 - INFO - [Restart 2] 796) Best value: -2.18e+02 | TR length: 2.00e-01 | num. restarts: 0/5 | num. successes: 1/10
2024-01-13 15:51:36,528 - INFO - [Restart 2] 800) Best value: -2.18e+02 | TR length: 2.00e-01 | num. restarts: 1/5 | num. successes: 0/10
2024-01-13 15:51:37,557 - INFO - [Restart 2] 804) Best value: -2.18e+02 | TR length: 2.00e-01 | num. restarts: 2/5 | num. successes: 0/10
2024-01-13 15:51:38,321 - INFO - [Restart 2] 808) Best value: -2.18e+02 | TR length: 2.00e-01 | num. restarts: 3/5 | num. successes: 0/10
2024-01-13 15:51:39,340 - INFO - [Restart 2] 812) Best value: -2.18e+02 | TR length: 2.00e-01 | num. restarts: 4/5 | num. successes: 0/10
2024-01-13 15:51:40,355 - INFO - [Restart 2] 816) Best value: -2.18e+02 | TR length: 1.00e-01 | num. restarts: 0/5 | num. successes: 0/10
2024-01-13 15:51:41,420 - INFO - [Restart 2] 820) Best value: -2.18e+02 | TR length: 1.00e-01 | num. restarts: 1/5 | num. successes: 0/10
2024-01-13 15:51:42,499 - INFO - [Restart 2] 824) Best value: -2.18e+02 | TR length: 1.00e-01 | num. restarts: 2/5 | num. successes: 0/10
2024-01-13 15:51:43,332 - INFO - [Restart 2] 828) Best value: -2.18e+02 | TR length: 1.00e-01 | num. restarts: 3/5 | num. successes: 0/10
2024-01-13 15:51:44,257 - INFO - [Restart 2] 832) Best value: -2.18e+02 | TR length: 1.00e-01 | num. restarts: 4/5 | num. successes: 0/10
2024-01-13 15:51:45,178 - INFO - [Restart 2] 836) Best value: -2.18e+02 | TR length: 5.00e-02 | num. restarts: 0/5 | num. successes: 0/10
2024-01-13 15:51:45,900 - INFO - [Restart 2] 840) Best value: -2.08e+02 | TR length: 5.00e-02 | num. restarts: 0/5 | num. successes: 1/10
2024-01-13 15:51:46,990 - INFO - [Restart 2] 844) Best value: -2.08e+02 | TR length: 5.00e-02 | num. restarts: 1/5 | num. successes: 0/10
2024-01-13 15:51:48,153 - INFO - [Restart 2] 848) Best value: -2.08e+02 | TR length: 5.00e-02 | num. restarts: 2/5 | num. successes: 0/10
2024-01-13 15:51:49,091 - INFO - [Restart 2] 852) Best value: -2.08e+02 | TR length: 5.00e-02 | num. restarts: 3/5 | num. successes: 0/10
2024-01-13 15:51:50,174 - INFO - [Restart 2] 856) Best value: -2.08e+02 | TR length: 5.00e-02 | num. restarts: 4/5 | num. successes: 0/10
2024-01-13 15:51:51,460 - INFO - [Restart 2] 860) Best value: -2.08e+02 | TR length: 2.50e-02 | num. restarts: 0/5 | num. successes: 0/10
2024-01-13 15:51:52,732 - INFO - [Restart 2] 864) Best value: -2.08e+02 | TR length: 2.50e-02 | num. restarts: 1/5 | num. successes: 0/10
2024-01-13 15:51:54,402 - INFO - [Restart 2] 868) Best value: -2.08e+02 | TR length: 2.50e-02 | num. restarts: 2/5 | num. successes: 0/10
2024-01-13 15:51:55,404 - INFO - [Restart 2] 872) Best value: -2.08e+02 | TR length: 2.50e-02 | num. restarts: 3/5 | num. successes: 0/10
2024-01-13 15:51:56,743 - INFO - [Restart 2] 876) Best value: -2.04e+02 | TR length: 2.50e-02 | num. restarts: 0/5 | num. successes: 1/10
2024-01-13 15:51:57,869 - INFO - [Restart 2] 880) Best value: -1.79e+02 | TR length: 2.50e-02 | num. restarts: 0/5 | num. successes: 2/10
2024-01-13 15:51:59,623 - INFO - [Restart 2] 884) Best value: -1.77e+02 | TR length: 2.50e-02 | num. restarts: 0/5 | num. successes: 3/10
2024-01-13 15:52:00,696 - INFO - [Restart 2] 888) Best value: -1.66e+02 | TR length: 2.50e-02 | num. restarts: 0/5 | num. successes: 4/10
2024-01-13 15:52:01,845 - INFO - [Restart 2] 892) Best value: -1.66e+02 | TR length: 2.50e-02 | num. restarts: 1/5 | num. successes: 0/10
2024-01-13 15:52:03,607 - INFO - [Restart 2] 896) Best value: -1.66e+02 | TR length: 2.50e-02 | num. restarts: 2/5 | num. successes: 0/10
2024-01-13 15:52:06,115 - INFO - [Restart 2] 900) Best value: -1.66e+02 | TR length: 2.50e-02 | num. restarts: 3/5 | num. successes: 0/10
2024-01-13 15:52:08,082 - INFO - [Restart 2] 904) Best value: -1.66e+02 | TR length: 2.50e-02 | num. restarts: 4/5 | num. successes: 0/10
2024-01-13 15:52:09,798 - INFO - [Restart 2] 908) Best value: -1.66e+02 | TR length: 1.25e-02 | num. restarts: 0/5 | num. successes: 0/10
2024-01-13 15:52:12,058 - INFO - [Restart 2] 912) Best value: -1.64e+02 | TR length: 1.25e-02 | num. restarts: 0/5 | num. successes: 1/10
2024-01-13 15:52:14,996 - INFO - [Restart 2] 916) Best value: -1.64e+02 | TR length: 1.25e-02 | num. restarts: 1/5 | num. successes: 0/10
2024-01-13 15:52:16,314 - INFO - [Restart 2] 920) Best value: -1.64e+02 | TR length: 1.25e-02 | num. restarts: 2/5 | num. successes: 0/10
2024-01-13 15:52:17,859 - INFO - [Restart 2] 924) Best value: -1.64e+02 | TR length: 1.25e-02 | num. restarts: 3/5 | num. successes: 0/10
2024-01-13 15:52:19,095 - INFO - [Restart 2] 928) Best value: -1.64e+02 | TR length: 1.25e-02 | num. restarts: 4/5 | num. successes: 0/10
2024-01-13 15:52:20,009 - INFO - [Restart 2] 932) Best value: -1.64e+02 | TR length: 6.25e-03 | num. restarts: 0/5 | num. successes: 0/10
2024-01-13 15:52:20,445 - INFO - [Restart 3] 976) Best value: -3.30e+02 | TR length: 8.00e-01 | num. restarts: 0/5 | num. successes: 1/10
2024-01-13 15:52:20,826 - INFO - [Restart 3] 980) Best value: -3.30e+02 | TR length: 8.00e-01 | num. restarts: 1/5 | num. successes: 0/10
2024-01-13 15:52:21,269 - INFO - [Restart 3] 984) Best value: -2.92e+02 | TR length: 8.00e-01 | num. restarts: 0/5 | num. successes: 1/10
2024-01-13 15:52:21,857 - INFO - [Restart 3] 988) Best value: -2.92e+02 | TR length: 8.00e-01 | num. restarts: 1/5 | num. successes: 0/10
2024-01-13 15:52:22,277 - INFO - [Restart 3] 992) Best value: -2.92e+02 | TR length: 8.00e-01 | num. restarts: 2/5 | num. successes: 0/10
2024-01-13 15:52:22,675 - INFO - [Restart 3] 996) Best value: -2.92e+02 | TR length: 8.00e-01 | num. restarts: 3/5 | num. successes: 0/10
2024-01-13 15:52:23,166 - INFO - [Restart 3] 1000) Best value: -2.92e+02 | TR length: 8.00e-01 | num. restarts: 4/5 | num. successes: 0/10
2024-01-13 15:52:23,166 - INFO - --------------------------------------------------
2024-01-13 15:52:23,167 - INFO - Best function value: -128.43747710686972
2024-01-13 15:52:23,167 - INFO - Elapsed time: 207.28 seconds
