2024-01-12 21:56:51,378 - INFO - [Restart 0] 44) Best value: -1.20e+01 | TR length: 8.00e-01 | num. restarts: 0/5 | num. successes: 1/10
2024-01-12 21:56:51,846 - INFO - [Restart 0] 48) Best value: -1.19e+01 | TR length: 8.00e-01 | num. restarts: 0/5 | num. successes: 2/10
2024-01-12 21:56:52,374 - INFO - [Restart 0] 52) Best value: -1.17e+01 | TR length: 8.00e-01 | num. restarts: 0/5 | num. successes: 3/10
2024-01-12 21:56:53,042 - INFO - [Restart 0] 56) Best value: -1.07e+01 | TR length: 8.00e-01 | num. restarts: 0/5 | num. successes: 4/10
2024-01-12 21:56:53,442 - INFO - [Restart 0] 60) Best value: -1.04e+01 | TR length: 8.00e-01 | num. restarts: 0/5 | num. successes: 5/10
2024-01-12 21:56:53,875 - INFO - [Restart 0] 64) Best value: -1.04e+01 | TR length: 8.00e-01 | num. restarts: 1/5 | num. successes: 0/10
2024-01-12 21:56:54,382 - INFO - [Restart 0] 68) Best value: -9.71e+00 | TR length: 8.00e-01 | num. restarts: 0/5 | num. successes: 1/10
2024-01-12 21:56:54,817 - INFO - [Restart 0] 72) Best value: -8.68e+00 | TR length: 8.00e-01 | num. restarts: 0/5 | num. successes: 2/10
2024-01-12 21:56:55,449 - INFO - [Restart 0] 76) Best value: -8.68e+00 | TR length: 8.00e-01 | num. restarts: 1/5 | num. successes: 0/10
2024-01-12 21:56:55,981 - INFO - [Restart 0] 80) Best value: -8.68e+00 | TR length: 8.00e-01 | num. restarts: 2/5 | num. successes: 0/10
2024-01-12 21:56:56,385 - INFO - [Restart 0] 84) Best value: -8.68e+00 | TR length: 8.00e-01 | num. restarts: 3/5 | num. successes: 0/10
2024-01-12 21:56:57,346 - INFO - [Restart 0] 88) Best value: -8.68e+00 | TR length: 8.00e-01 | num. restarts: 4/5 | num. successes: 0/10
2024-01-12 21:56:57,996 - INFO - [Restart 0] 92) Best value: -8.68e+00 | TR length: 4.00e-01 | num. restarts: 0/5 | num. successes: 0/10
2024-01-12 21:56:58,489 - INFO - [Restart 0] 96) Best value: -8.56e+00 | TR length: 4.00e-01 | num. restarts: 0/5 | num. successes: 1/10
2024-01-12 21:56:58,881 - INFO - [Restart 0] 100) Best value: -8.39e+00 | TR length: 4.00e-01 | num. restarts: 0/5 | num. successes: 2/10
2024-01-12 21:56:59,352 - INFO - [Restart 0] 104) Best value: -7.02e+00 | TR length: 4.00e-01 | num. restarts: 0/5 | num. successes: 3/10
2024-01-12 21:56:59,787 - INFO - [Restart 0] 108) Best value: -6.59e+00 | TR length: 4.00e-01 | num. restarts: 0/5 | num. successes: 4/10
2024-01-12 21:57:00,253 - INFO - [Restart 0] 112) Best value: -6.59e+00 | TR length: 4.00e-01 | num. restarts: 1/5 | num. successes: 0/10
2024-01-12 21:57:00,815 - INFO - [Restart 0] 116) Best value: -5.90e+00 | TR length: 4.00e-01 | num. restarts: 0/5 | num. successes: 1/10
2024-01-12 21:57:01,266 - INFO - [Restart 0] 120) Best value: -5.90e+00 | TR length: 4.00e-01 | num. restarts: 1/5 | num. successes: 0/10
2024-01-12 21:57:01,732 - INFO - [Restart 0] 124) Best value: -5.90e+00 | TR length: 4.00e-01 | num. restarts: 2/5 | num. successes: 0/10
2024-01-12 21:57:02,172 - INFO - [Restart 0] 128) Best value: -5.90e+00 | TR length: 4.00e-01 | num. restarts: 3/5 | num. successes: 0/10
2024-01-12 21:57:02,583 - INFO - [Restart 0] 132) Best value: -5.90e+00 | TR length: 4.00e-01 | num. restarts: 4/5 | num. successes: 0/10
2024-01-12 21:57:03,005 - INFO - [Restart 0] 136) Best value: -5.76e+00 | TR length: 4.00e-01 | num. restarts: 0/5 | num. successes: 1/10
2024-01-12 21:57:03,455 - INFO - [Restart 0] 140) Best value: -5.50e+00 | TR length: 4.00e-01 | num. restarts: 0/5 | num. successes: 2/10
2024-01-12 21:57:03,892 - INFO - [Restart 0] 144) Best value: -5.50e+00 | TR length: 4.00e-01 | num. restarts: 0/5 | num. successes: 3/10
2024-01-12 21:57:04,350 - INFO - [Restart 0] 148) Best value: -5.50e+00 | TR length: 4.00e-01 | num. restarts: 1/5 | num. successes: 0/10
2024-01-12 21:57:04,796 - INFO - [Restart 0] 152) Best value: -5.50e+00 | TR length: 4.00e-01 | num. restarts: 2/5 | num. successes: 0/10
2024-01-12 21:57:05,221 - INFO - [Restart 0] 156) Best value: -5.50e+00 | TR length: 4.00e-01 | num. restarts: 3/5 | num. successes: 0/10
2024-01-12 21:57:05,650 - INFO - [Restart 0] 160) Best value: -5.23e+00 | TR length: 4.00e-01 | num. restarts: 0/5 | num. successes: 1/10
2024-01-12 21:57:06,053 - INFO - [Restart 0] 164) Best value: -5.23e+00 | TR length: 4.00e-01 | num. restarts: 1/5 | num. successes: 0/10
2024-01-12 21:57:06,462 - INFO - [Restart 0] 168) Best value: -5.23e+00 | TR length: 4.00e-01 | num. restarts: 2/5 | num. successes: 0/10
2024-01-12 21:57:06,895 - INFO - [Restart 0] 172) Best value: -5.23e+00 | TR length: 4.00e-01 | num. restarts: 3/5 | num. successes: 0/10
2024-01-12 21:57:07,388 - INFO - [Restart 0] 176) Best value: -5.23e+00 | TR length: 4.00e-01 | num. restarts: 4/5 | num. successes: 0/10
2024-01-12 21:57:07,908 - INFO - [Restart 0] 180) Best value: -5.23e+00 | TR length: 2.00e-01 | num. restarts: 0/5 | num. successes: 0/10
2024-01-12 21:57:08,333 - INFO - [Restart 0] 184) Best value: -3.96e+00 | TR length: 2.00e-01 | num. restarts: 0/5 | num. successes: 1/10
2024-01-12 21:57:08,724 - INFO - [Restart 0] 188) Best value: -3.96e+00 | TR length: 2.00e-01 | num. restarts: 1/5 | num. successes: 0/10
2024-01-12 21:57:09,142 - INFO - [Restart 0] 192) Best value: -3.59e+00 | TR length: 2.00e-01 | num. restarts: 0/5 | num. successes: 1/10
2024-01-12 21:57:09,603 - INFO - [Restart 0] 196) Best value: -3.59e+00 | TR length: 2.00e-01 | num. restarts: 1/5 | num. successes: 0/10
2024-01-12 21:57:10,079 - INFO - [Restart 0] 200) Best value: -3.59e+00 | TR length: 2.00e-01 | num. restarts: 2/5 | num. successes: 0/10
2024-01-12 21:57:10,549 - INFO - [Restart 0] 204) Best value: -3.59e+00 | TR length: 2.00e-01 | num. restarts: 3/5 | num. successes: 0/10
2024-01-12 21:57:11,048 - INFO - [Restart 0] 208) Best value: -3.59e+00 | TR length: 2.00e-01 | num. restarts: 4/5 | num. successes: 0/10
2024-01-12 21:57:11,592 - INFO - [Restart 0] 212) Best value: -3.59e+00 | TR length: 1.00e-01 | num. restarts: 0/5 | num. successes: 0/10
2024-01-12 21:57:12,138 - INFO - [Restart 0] 216) Best value: -3.28e+00 | TR length: 1.00e-01 | num. restarts: 0/5 | num. successes: 1/10
2024-01-12 21:57:12,650 - INFO - [Restart 0] 220) Best value: -3.28e+00 | TR length: 1.00e-01 | num. restarts: 1/5 | num. successes: 0/10
2024-01-12 21:57:13,180 - INFO - [Restart 0] 224) Best value: -3.28e+00 | TR length: 1.00e-01 | num. restarts: 2/5 | num. successes: 0/10
2024-01-12 21:57:13,722 - INFO - [Restart 0] 228) Best value: -3.28e+00 | TR length: 1.00e-01 | num. restarts: 3/5 | num. successes: 0/10
2024-01-12 21:57:14,290 - INFO - [Restart 0] 232) Best value: -3.12e+00 | TR length: 1.00e-01 | num. restarts: 0/5 | num. successes: 1/10
2024-01-12 21:57:14,829 - INFO - [Restart 0] 236) Best value: -2.95e+00 | TR length: 1.00e-01 | num. restarts: 0/5 | num. successes: 2/10
2024-01-12 21:57:15,365 - INFO - [Restart 0] 240) Best value: -2.95e+00 | TR length: 1.00e-01 | num. restarts: 1/5 | num. successes: 0/10
2024-01-12 21:57:15,954 - INFO - [Restart 0] 244) Best value: -2.95e+00 | TR length: 1.00e-01 | num. restarts: 2/5 | num. successes: 0/10
2024-01-12 21:57:16,550 - INFO - [Restart 0] 248) Best value: -2.95e+00 | TR length: 1.00e-01 | num. restarts: 3/5 | num. successes: 0/10
2024-01-12 21:57:17,163 - INFO - [Restart 0] 252) Best value: -2.91e+00 | TR length: 1.00e-01 | num. restarts: 0/5 | num. successes: 1/10
2024-01-12 21:57:17,685 - INFO - [Restart 0] 256) Best value: -2.76e+00 | TR length: 1.00e-01 | num. restarts: 0/5 | num. successes: 2/10
2024-01-12 21:57:18,163 - INFO - [Restart 0] 260) Best value: -2.76e+00 | TR length: 1.00e-01 | num. restarts: 1/5 | num. successes: 0/10
2024-01-12 21:57:18,791 - INFO - [Restart 0] 264) Best value: -2.53e+00 | TR length: 1.00e-01 | num. restarts: 0/5 | num. successes: 1/10
2024-01-12 21:57:19,405 - INFO - [Restart 0] 268) Best value: -2.53e+00 | TR length: 1.00e-01 | num. restarts: 1/5 | num. successes: 0/10
2024-01-12 21:57:19,971 - INFO - [Restart 0] 272) Best value: -2.53e+00 | TR length: 1.00e-01 | num. restarts: 2/5 | num. successes: 0/10
2024-01-12 21:57:20,524 - INFO - [Restart 0] 276) Best value: -2.53e+00 | TR length: 1.00e-01 | num. restarts: 3/5 | num. successes: 0/10
2024-01-12 21:57:21,223 - INFO - [Restart 0] 280) Best value: -2.53e+00 | TR length: 1.00e-01 | num. restarts: 4/5 | num. successes: 0/10
2024-01-12 21:57:21,854 - INFO - [Restart 0] 284) Best value: -2.53e+00 | TR length: 5.00e-02 | num. restarts: 0/5 | num. successes: 0/10
2024-01-12 21:57:22,446 - INFO - [Restart 0] 288) Best value: -2.35e+00 | TR length: 5.00e-02 | num. restarts: 0/5 | num. successes: 1/10
2024-01-12 21:57:22,980 - INFO - [Restart 0] 292) Best value: -2.21e+00 | TR length: 5.00e-02 | num. restarts: 0/5 | num. successes: 2/10
2024-01-12 21:57:23,642 - INFO - [Restart 0] 296) Best value: -2.02e+00 | TR length: 5.00e-02 | num. restarts: 0/5 | num. successes: 3/10
2024-01-12 21:57:24,301 - INFO - [Restart 0] 300) Best value: -2.02e+00 | TR length: 5.00e-02 | num. restarts: 1/5 | num. successes: 0/10
2024-01-12 21:57:24,883 - INFO - [Restart 0] 304) Best value: -2.02e+00 | TR length: 5.00e-02 | num. restarts: 2/5 | num. successes: 0/10
2024-01-12 21:57:25,513 - INFO - [Restart 0] 308) Best value: -2.02e+00 | TR length: 5.00e-02 | num. restarts: 3/5 | num. successes: 0/10
2024-01-12 21:57:26,133 - INFO - [Restart 0] 312) Best value: -1.91e+00 | TR length: 5.00e-02 | num. restarts: 0/5 | num. successes: 1/10
2024-01-12 21:57:26,696 - INFO - [Restart 0] 316) Best value: -1.91e+00 | TR length: 5.00e-02 | num. restarts: 1/5 | num. successes: 0/10
2024-01-12 21:57:27,293 - INFO - [Restart 0] 320) Best value: -1.91e+00 | TR length: 5.00e-02 | num. restarts: 2/5 | num. successes: 0/10
2024-01-12 21:57:27,853 - INFO - [Restart 0] 324) Best value: -1.82e+00 | TR length: 5.00e-02 | num. restarts: 0/5 | num. successes: 1/10
2024-01-12 21:57:28,452 - INFO - [Restart 0] 328) Best value: -1.82e+00 | TR length: 5.00e-02 | num. restarts: 1/5 | num. successes: 0/10
2024-01-12 21:57:29,068 - INFO - [Restart 0] 332) Best value: -1.82e+00 | TR length: 5.00e-02 | num. restarts: 2/5 | num. successes: 0/10
2024-01-12 21:57:29,704 - INFO - [Restart 0] 336) Best value: -1.82e+00 | TR length: 5.00e-02 | num. restarts: 3/5 | num. successes: 0/10
2024-01-12 21:57:30,264 - INFO - [Restart 0] 340) Best value: -1.82e+00 | TR length: 5.00e-02 | num. restarts: 4/5 | num. successes: 0/10
2024-01-12 21:57:30,940 - INFO - [Restart 0] 344) Best value: -1.82e+00 | TR length: 2.50e-02 | num. restarts: 0/5 | num. successes: 0/10
2024-01-12 21:57:31,598 - INFO - [Restart 0] 348) Best value: -1.66e+00 | TR length: 2.50e-02 | num. restarts: 0/5 | num. successes: 1/10
2024-01-12 21:57:32,279 - INFO - [Restart 0] 352) Best value: -1.66e+00 | TR length: 2.50e-02 | num. restarts: 1/5 | num. successes: 0/10
2024-01-12 21:57:32,967 - INFO - [Restart 0] 356) Best value: -1.66e+00 | TR length: 2.50e-02 | num. restarts: 2/5 | num. successes: 0/10
2024-01-12 21:57:33,675 - INFO - [Restart 0] 360) Best value: -1.66e+00 | TR length: 2.50e-02 | num. restarts: 3/5 | num. successes: 0/10
2024-01-12 21:57:34,363 - INFO - [Restart 0] 364) Best value: -1.66e+00 | TR length: 2.50e-02 | num. restarts: 4/5 | num. successes: 0/10
2024-01-12 21:57:35,121 - INFO - [Restart 0] 368) Best value: -1.60e+00 | TR length: 2.50e-02 | num. restarts: 0/5 | num. successes: 1/10
2024-01-12 21:57:35,810 - INFO - [Restart 0] 372) Best value: -1.54e+00 | TR length: 2.50e-02 | num. restarts: 0/5 | num. successes: 2/10
2024-01-12 21:57:36,577 - INFO - [Restart 0] 376) Best value: -1.54e+00 | TR length: 2.50e-02 | num. restarts: 1/5 | num. successes: 0/10
2024-01-12 21:57:37,385 - INFO - [Restart 0] 380) Best value: -1.54e+00 | TR length: 2.50e-02 | num. restarts: 2/5 | num. successes: 0/10
2024-01-12 21:57:38,124 - INFO - [Restart 0] 384) Best value: -1.54e+00 | TR length: 2.50e-02 | num. restarts: 3/5 | num. successes: 0/10
2024-01-12 21:57:38,896 - INFO - [Restart 0] 388) Best value: -1.54e+00 | TR length: 2.50e-02 | num. restarts: 4/5 | num. successes: 0/10
2024-01-12 21:57:39,715 - INFO - [Restart 0] 392) Best value: -1.54e+00 | TR length: 1.25e-02 | num. restarts: 0/5 | num. successes: 0/10
2024-01-12 21:57:40,535 - INFO - [Restart 0] 396) Best value: -1.52e+00 | TR length: 1.25e-02 | num. restarts: 0/5 | num. successes: 1/10
2024-01-12 21:57:41,406 - INFO - [Restart 0] 400) Best value: -1.50e+00 | TR length: 1.25e-02 | num. restarts: 0/5 | num. successes: 2/10
2024-01-12 21:57:42,227 - INFO - [Restart 0] 404) Best value: -1.35e+00 | TR length: 1.25e-02 | num. restarts: 0/5 | num. successes: 3/10
2024-01-12 21:57:43,173 - INFO - [Restart 0] 408) Best value: -1.35e+00 | TR length: 1.25e-02 | num. restarts: 1/5 | num. successes: 0/10
2024-01-12 21:57:44,241 - INFO - [Restart 0] 412) Best value: -1.35e+00 | TR length: 1.25e-02 | num. restarts: 2/5 | num. successes: 0/10
2024-01-12 21:57:45,337 - INFO - [Restart 0] 416) Best value: -1.35e+00 | TR length: 1.25e-02 | num. restarts: 3/5 | num. successes: 0/10
2024-01-12 21:57:46,563 - INFO - [Restart 0] 420) Best value: -1.35e+00 | TR length: 1.25e-02 | num. restarts: 4/5 | num. successes: 0/10
2024-01-12 21:57:47,894 - INFO - [Restart 0] 424) Best value: -1.35e+00 | TR length: 6.25e-03 | num. restarts: 0/5 | num. successes: 0/10
2024-01-12 21:57:48,376 - INFO - [Restart 1] 468) Best value: -1.13e+01 | TR length: 8.00e-01 | num. restarts: 0/5 | num. successes: 1/10
2024-01-12 21:57:48,858 - INFO - [Restart 1] 472) Best value: -1.13e+01 | TR length: 8.00e-01 | num. restarts: 1/5 | num. successes: 0/10
2024-01-12 21:57:49,303 - INFO - [Restart 1] 476) Best value: -9.21e+00 | TR length: 8.00e-01 | num. restarts: 0/5 | num. successes: 1/10
2024-01-12 21:57:49,714 - INFO - [Restart 1] 480) Best value: -9.21e+00 | TR length: 8.00e-01 | num. restarts: 1/5 | num. successes: 0/10
2024-01-12 21:57:50,389 - INFO - [Restart 1] 484) Best value: -9.21e+00 | TR length: 8.00e-01 | num. restarts: 2/5 | num. successes: 0/10
2024-01-12 21:57:51,188 - INFO - [Restart 1] 488) Best value: -9.21e+00 | TR length: 8.00e-01 | num. restarts: 3/5 | num. successes: 0/10
2024-01-12 21:57:51,848 - INFO - [Restart 1] 492) Best value: -9.21e+00 | TR length: 8.00e-01 | num. restarts: 4/5 | num. successes: 0/10
2024-01-12 21:57:52,364 - INFO - [Restart 1] 496) Best value: -9.21e+00 | TR length: 4.00e-01 | num. restarts: 0/5 | num. successes: 0/10
2024-01-12 21:57:52,945 - INFO - [Restart 1] 500) Best value: -8.56e+00 | TR length: 4.00e-01 | num. restarts: 0/5 | num. successes: 1/10
2024-01-12 21:57:53,517 - INFO - [Restart 1] 504) Best value: -8.56e+00 | TR length: 4.00e-01 | num. restarts: 1/5 | num. successes: 0/10
2024-01-12 21:57:53,971 - INFO - [Restart 1] 508) Best value: -7.90e+00 | TR length: 4.00e-01 | num. restarts: 0/5 | num. successes: 1/10
2024-01-12 21:57:54,408 - INFO - [Restart 1] 512) Best value: -7.90e+00 | TR length: 4.00e-01 | num. restarts: 1/5 | num. successes: 0/10
2024-01-12 21:57:54,847 - INFO - [Restart 1] 516) Best value: -7.62e+00 | TR length: 4.00e-01 | num. restarts: 0/5 | num. successes: 1/10
2024-01-12 21:57:55,294 - INFO - [Restart 1] 520) Best value: -7.62e+00 | TR length: 4.00e-01 | num. restarts: 1/5 | num. successes: 0/10
2024-01-12 21:57:55,767 - INFO - [Restart 1] 524) Best value: -7.22e+00 | TR length: 4.00e-01 | num. restarts: 0/5 | num. successes: 1/10
2024-01-12 21:57:56,440 - INFO - [Restart 1] 528) Best value: -7.22e+00 | TR length: 4.00e-01 | num. restarts: 1/5 | num. successes: 0/10
2024-01-12 21:57:57,027 - INFO - [Restart 1] 532) Best value: -7.20e+00 | TR length: 4.00e-01 | num. restarts: 0/5 | num. successes: 1/10
2024-01-12 21:57:57,465 - INFO - [Restart 1] 536) Best value: -6.26e+00 | TR length: 4.00e-01 | num. restarts: 0/5 | num. successes: 2/10
2024-01-12 21:57:57,929 - INFO - [Restart 1] 540) Best value: -6.14e+00 | TR length: 4.00e-01 | num. restarts: 0/5 | num. successes: 3/10
2024-01-12 21:57:58,358 - INFO - [Restart 1] 544) Best value: -5.68e+00 | TR length: 4.00e-01 | num. restarts: 0/5 | num. successes: 4/10
2024-01-12 21:57:58,816 - INFO - [Restart 1] 548) Best value: -5.68e+00 | TR length: 4.00e-01 | num. restarts: 1/5 | num. successes: 0/10
2024-01-12 21:57:59,250 - INFO - [Restart 1] 552) Best value: -5.68e+00 | TR length: 4.00e-01 | num. restarts: 2/5 | num. successes: 0/10
2024-01-12 21:57:59,685 - INFO - [Restart 1] 556) Best value: -5.68e+00 | TR length: 4.00e-01 | num. restarts: 3/5 | num. successes: 0/10
2024-01-12 21:58:00,213 - INFO - [Restart 1] 560) Best value: -5.68e+00 | TR length: 4.00e-01 | num. restarts: 4/5 | num. successes: 0/10
2024-01-12 21:58:00,665 - INFO - [Restart 1] 564) Best value: -5.68e+00 | TR length: 2.00e-01 | num. restarts: 0/5 | num. successes: 0/10
2024-01-12 21:58:01,112 - INFO - [Restart 1] 568) Best value: -4.82e+00 | TR length: 2.00e-01 | num. restarts: 0/5 | num. successes: 1/10
2024-01-12 21:58:01,577 - INFO - [Restart 1] 572) Best value: -4.55e+00 | TR length: 2.00e-01 | num. restarts: 0/5 | num. successes: 2/10
2024-01-12 21:58:02,079 - INFO - [Restart 1] 576) Best value: -3.90e+00 | TR length: 2.00e-01 | num. restarts: 0/5 | num. successes: 3/10
2024-01-12 21:58:02,487 - INFO - [Restart 1] 580) Best value: -3.90e+00 | TR length: 2.00e-01 | num. restarts: 1/5 | num. successes: 0/10
2024-01-12 21:58:02,957 - INFO - [Restart 1] 584) Best value: -3.90e+00 | TR length: 2.00e-01 | num. restarts: 2/5 | num. successes: 0/10
2024-01-12 21:58:03,400 - INFO - [Restart 1] 588) Best value: -3.90e+00 | TR length: 2.00e-01 | num. restarts: 3/5 | num. successes: 0/10
2024-01-12 21:58:03,925 - INFO - [Restart 1] 592) Best value: -3.90e+00 | TR length: 2.00e-01 | num. restarts: 4/5 | num. successes: 0/10
2024-01-12 21:58:04,424 - INFO - [Restart 1] 596) Best value: -3.90e+00 | TR length: 1.00e-01 | num. restarts: 0/5 | num. successes: 0/10
2024-01-12 21:58:04,979 - INFO - [Restart 1] 600) Best value: -3.90e+00 | TR length: 1.00e-01 | num. restarts: 1/5 | num. successes: 0/10
2024-01-12 21:58:05,546 - INFO - [Restart 1] 604) Best value: -3.90e+00 | TR length: 1.00e-01 | num. restarts: 2/5 | num. successes: 0/10
2024-01-12 21:58:06,055 - INFO - [Restart 1] 608) Best value: -3.90e+00 | TR length: 1.00e-01 | num. restarts: 3/5 | num. successes: 0/10
2024-01-12 21:58:06,677 - INFO - [Restart 1] 612) Best value: -3.63e+00 | TR length: 1.00e-01 | num. restarts: 0/5 | num. successes: 1/10
2024-01-12 21:58:07,219 - INFO - [Restart 1] 616) Best value: -3.07e+00 | TR length: 1.00e-01 | num. restarts: 0/5 | num. successes: 2/10
2024-01-12 21:58:07,725 - INFO - [Restart 1] 620) Best value: -3.07e+00 | TR length: 1.00e-01 | num. restarts: 1/5 | num. successes: 0/10
2024-01-12 21:58:08,250 - INFO - [Restart 1] 624) Best value: -3.07e+00 | TR length: 1.00e-01 | num. restarts: 2/5 | num. successes: 0/10
2024-01-12 21:58:08,725 - INFO - [Restart 1] 628) Best value: -3.07e+00 | TR length: 1.00e-01 | num. restarts: 3/5 | num. successes: 0/10
2024-01-12 21:58:09,215 - INFO - [Restart 1] 632) Best value: -3.07e+00 | TR length: 1.00e-01 | num. restarts: 4/5 | num. successes: 0/10
2024-01-12 21:58:09,745 - INFO - [Restart 1] 636) Best value: -3.07e+00 | TR length: 5.00e-02 | num. restarts: 0/5 | num. successes: 0/10
2024-01-12 21:58:10,235 - INFO - [Restart 1] 640) Best value: -3.07e+00 | TR length: 5.00e-02 | num. restarts: 1/5 | num. successes: 0/10
2024-01-12 21:58:10,701 - INFO - [Restart 1] 644) Best value: -2.69e+00 | TR length: 5.00e-02 | num. restarts: 0/5 | num. successes: 1/10
2024-01-12 21:58:11,430 - INFO - [Restart 1] 648) Best value: -2.66e+00 | TR length: 5.00e-02 | num. restarts: 0/5 | num. successes: 2/10
2024-01-12 21:58:12,073 - INFO - [Restart 1] 652) Best value: -2.40e+00 | TR length: 5.00e-02 | num. restarts: 0/5 | num. successes: 3/10
2024-01-12 21:58:12,711 - INFO - [Restart 1] 656) Best value: -2.40e+00 | TR length: 5.00e-02 | num. restarts: 1/5 | num. successes: 0/10
2024-01-12 21:58:13,308 - INFO - [Restart 1] 660) Best value: -2.40e+00 | TR length: 5.00e-02 | num. restarts: 2/5 | num. successes: 0/10
2024-01-12 21:58:13,906 - INFO - [Restart 1] 664) Best value: -2.40e+00 | TR length: 5.00e-02 | num. restarts: 3/5 | num. successes: 0/10
2024-01-12 21:58:14,501 - INFO - [Restart 1] 668) Best value: -2.31e+00 | TR length: 5.00e-02 | num. restarts: 0/5 | num. successes: 1/10
2024-01-12 21:58:15,121 - INFO - [Restart 1] 672) Best value: -2.31e+00 | TR length: 5.00e-02 | num. restarts: 1/5 | num. successes: 0/10
2024-01-12 21:58:15,737 - INFO - [Restart 1] 676) Best value: -2.31e+00 | TR length: 5.00e-02 | num. restarts: 2/5 | num. successes: 0/10
2024-01-12 21:58:16,292 - INFO - [Restart 1] 680) Best value: -2.25e+00 | TR length: 5.00e-02 | num. restarts: 0/5 | num. successes: 1/10
2024-01-12 21:58:16,876 - INFO - [Restart 1] 684) Best value: -2.25e+00 | TR length: 5.00e-02 | num. restarts: 1/5 | num. successes: 0/10
2024-01-12 21:58:17,587 - INFO - [Restart 1] 688) Best value: -2.25e+00 | TR length: 5.00e-02 | num. restarts: 2/5 | num. successes: 0/10
2024-01-12 21:58:18,271 - INFO - [Restart 1] 692) Best value: -2.25e+00 | TR length: 5.00e-02 | num. restarts: 3/5 | num. successes: 0/10
2024-01-12 21:58:19,013 - INFO - [Restart 1] 696) Best value: -2.25e+00 | TR length: 5.00e-02 | num. restarts: 4/5 | num. successes: 0/10
2024-01-12 21:58:19,753 - INFO - [Restart 1] 700) Best value: -2.16e+00 | TR length: 5.00e-02 | num. restarts: 0/5 | num. successes: 1/10
2024-01-12 21:58:20,535 - INFO - [Restart 1] 704) Best value: -2.16e+00 | TR length: 5.00e-02 | num. restarts: 1/5 | num. successes: 0/10
2024-01-12 21:58:21,311 - INFO - [Restart 1] 708) Best value: -2.16e+00 | TR length: 5.00e-02 | num. restarts: 2/5 | num. successes: 0/10
2024-01-12 21:58:22,113 - INFO - [Restart 1] 712) Best value: -2.16e+00 | TR length: 5.00e-02 | num. restarts: 3/5 | num. successes: 0/10
2024-01-12 21:58:22,857 - INFO - [Restart 1] 716) Best value: -2.16e+00 | TR length: 5.00e-02 | num. restarts: 4/5 | num. successes: 0/10
2024-01-12 21:58:23,721 - INFO - [Restart 1] 720) Best value: -1.94e+00 | TR length: 5.00e-02 | num. restarts: 0/5 | num. successes: 1/10
2024-01-12 21:58:24,642 - INFO - [Restart 1] 724) Best value: -1.91e+00 | TR length: 5.00e-02 | num. restarts: 0/5 | num. successes: 2/10
2024-01-12 21:58:25,482 - INFO - [Restart 1] 728) Best value: -1.91e+00 | TR length: 5.00e-02 | num. restarts: 1/5 | num. successes: 0/10
2024-01-12 21:58:26,347 - INFO - [Restart 1] 732) Best value: -1.91e+00 | TR length: 5.00e-02 | num. restarts: 2/5 | num. successes: 0/10
2024-01-12 21:58:27,191 - INFO - [Restart 1] 736) Best value: -1.91e+00 | TR length: 5.00e-02 | num. restarts: 3/5 | num. successes: 0/10
2024-01-12 21:58:28,079 - INFO - [Restart 1] 740) Best value: -1.67e+00 | TR length: 5.00e-02 | num. restarts: 0/5 | num. successes: 1/10
2024-01-12 21:58:28,945 - INFO - [Restart 1] 744) Best value: -1.67e+00 | TR length: 5.00e-02 | num. restarts: 1/5 | num. successes: 0/10
2024-01-12 21:58:29,836 - INFO - [Restart 1] 748) Best value: -1.67e+00 | TR length: 5.00e-02 | num. restarts: 2/5 | num. successes: 0/10
2024-01-12 21:58:30,613 - INFO - [Restart 1] 752) Best value: -1.67e+00 | TR length: 5.00e-02 | num. restarts: 3/5 | num. successes: 0/10
2024-01-12 21:58:31,418 - INFO - [Restart 1] 756) Best value: -1.67e+00 | TR length: 5.00e-02 | num. restarts: 4/5 | num. successes: 0/10
2024-01-12 21:58:32,230 - INFO - [Restart 1] 760) Best value: -1.67e+00 | TR length: 2.50e-02 | num. restarts: 0/5 | num. successes: 0/10
2024-01-12 21:58:32,955 - INFO - [Restart 1] 764) Best value: -1.20e+00 | TR length: 2.50e-02 | num. restarts: 0/5 | num. successes: 1/10
2024-01-12 21:58:33,724 - INFO - [Restart 1] 768) Best value: -1.13e+00 | TR length: 2.50e-02 | num. restarts: 0/5 | num. successes: 2/10
2024-01-12 21:58:34,604 - INFO - [Restart 1] 772) Best value: -1.13e+00 | TR length: 2.50e-02 | num. restarts: 1/5 | num. successes: 0/10
2024-01-12 21:58:35,504 - INFO - [Restart 1] 776) Best value: -1.13e+00 | TR length: 2.50e-02 | num. restarts: 2/5 | num. successes: 0/10
2024-01-12 21:58:36,343 - INFO - [Restart 1] 780) Best value: -1.13e+00 | TR length: 2.50e-02 | num. restarts: 3/5 | num. successes: 0/10
2024-01-12 21:58:37,324 - INFO - [Restart 1] 784) Best value: -1.12e+00 | TR length: 2.50e-02 | num. restarts: 0/5 | num. successes: 1/10
2024-01-12 21:58:38,134 - INFO - [Restart 1] 788) Best value: -1.12e+00 | TR length: 2.50e-02 | num. restarts: 1/5 | num. successes: 0/10
2024-01-12 21:58:38,934 - INFO - [Restart 1] 792) Best value: -1.12e+00 | TR length: 2.50e-02 | num. restarts: 2/5 | num. successes: 0/10
2024-01-12 21:58:39,650 - INFO - [Restart 1] 796) Best value: -1.12e+00 | TR length: 2.50e-02 | num. restarts: 3/5 | num. successes: 0/10
2024-01-12 21:58:40,413 - INFO - [Restart 1] 800) Best value: -1.12e+00 | TR length: 2.50e-02 | num. restarts: 4/5 | num. successes: 0/10
2024-01-12 21:58:41,133 - INFO - [Restart 1] 804) Best value: -1.02e+00 | TR length: 2.50e-02 | num. restarts: 0/5 | num. successes: 1/10
2024-01-12 21:58:41,837 - INFO - [Restart 1] 808) Best value: -1.02e+00 | TR length: 2.50e-02 | num. restarts: 1/5 | num. successes: 0/10
2024-01-12 21:58:42,557 - INFO - [Restart 1] 812) Best value: -1.02e+00 | TR length: 2.50e-02 | num. restarts: 2/5 | num. successes: 0/10
2024-01-12 21:58:43,387 - INFO - [Restart 1] 816) Best value: -8.22e-01 | TR length: 2.50e-02 | num. restarts: 0/5 | num. successes: 1/10
2024-01-12 21:58:44,289 - INFO - [Restart 1] 820) Best value: -8.22e-01 | TR length: 2.50e-02 | num. restarts: 1/5 | num. successes: 0/10
2024-01-12 21:58:45,030 - INFO - [Restart 1] 824) Best value: -8.22e-01 | TR length: 2.50e-02 | num. restarts: 2/5 | num. successes: 0/10
2024-01-12 21:58:45,807 - INFO - [Restart 1] 828) Best value: -8.22e-01 | TR length: 2.50e-02 | num. restarts: 3/5 | num. successes: 0/10
2024-01-12 21:58:46,666 - INFO - [Restart 1] 832) Best value: -8.22e-01 | TR length: 2.50e-02 | num. restarts: 4/5 | num. successes: 0/10
2024-01-12 21:58:47,450 - INFO - [Restart 1] 836) Best value: -8.22e-01 | TR length: 1.25e-02 | num. restarts: 0/5 | num. successes: 0/10
2024-01-12 21:58:48,285 - INFO - [Restart 1] 840) Best value: -8.22e-01 | TR length: 1.25e-02 | num. restarts: 1/5 | num. successes: 0/10
2024-01-12 21:58:49,088 - INFO - [Restart 1] 844) Best value: -8.22e-01 | TR length: 1.25e-02 | num. restarts: 2/5 | num. successes: 0/10
2024-01-12 21:58:50,008 - INFO - [Restart 1] 848) Best value: -8.22e-01 | TR length: 1.25e-02 | num. restarts: 3/5 | num. successes: 0/10
2024-01-12 21:58:50,805 - INFO - [Restart 1] 852) Best value: -8.22e-01 | TR length: 1.25e-02 | num. restarts: 4/5 | num. successes: 0/10
2024-01-12 21:58:51,616 - INFO - [Restart 1] 856) Best value: -8.22e-01 | TR length: 6.25e-03 | num. restarts: 0/5 | num. successes: 0/10
2024-01-12 21:58:52,034 - INFO - [Restart 2] 900) Best value: -1.10e+01 | TR length: 8.00e-01 | num. restarts: 0/5 | num. successes: 1/10
2024-01-12 21:58:52,396 - INFO - [Restart 2] 904) Best value: -1.10e+01 | TR length: 8.00e-01 | num. restarts: 1/5 | num. successes: 0/10
2024-01-12 21:58:52,809 - INFO - [Restart 2] 908) Best value: -1.10e+01 | TR length: 8.00e-01 | num. restarts: 2/5 | num. successes: 0/10
2024-01-12 21:58:53,279 - INFO - [Restart 2] 912) Best value: -1.10e+01 | TR length: 8.00e-01 | num. restarts: 3/5 | num. successes: 0/10
2024-01-12 21:58:53,813 - INFO - [Restart 2] 916) Best value: -1.10e+01 | TR length: 8.00e-01 | num. restarts: 4/5 | num. successes: 0/10
2024-01-12 21:58:54,956 - INFO - [Restart 2] 920) Best value: -9.69e+00 | TR length: 8.00e-01 | num. restarts: 0/5 | num. successes: 1/10
2024-01-12 21:58:55,487 - INFO - [Restart 2] 924) Best value: -8.77e+00 | TR length: 8.00e-01 | num. restarts: 0/5 | num. successes: 2/10
2024-01-12 21:58:56,359 - INFO - [Restart 2] 928) Best value: -8.77e+00 | TR length: 8.00e-01 | num. restarts: 1/5 | num. successes: 0/10
2024-01-12 21:58:56,835 - INFO - [Restart 2] 932) Best value: -8.77e+00 | TR length: 8.00e-01 | num. restarts: 2/5 | num. successes: 0/10
2024-01-12 21:58:57,434 - INFO - [Restart 2] 936) Best value: -8.77e+00 | TR length: 8.00e-01 | num. restarts: 3/5 | num. successes: 0/10
2024-01-12 21:58:58,141 - INFO - [Restart 2] 940) Best value: -7.52e+00 | TR length: 8.00e-01 | num. restarts: 0/5 | num. successes: 1/10
2024-01-12 21:58:58,727 - INFO - [Restart 2] 944) Best value: -7.52e+00 | TR length: 8.00e-01 | num. restarts: 1/5 | num. successes: 0/10
2024-01-12 21:58:59,345 - INFO - [Restart 2] 948) Best value: -7.52e+00 | TR length: 8.00e-01 | num. restarts: 2/5 | num. successes: 0/10
2024-01-12 21:59:00,035 - INFO - [Restart 2] 952) Best value: -7.52e+00 | TR length: 8.00e-01 | num. restarts: 3/5 | num. successes: 0/10
2024-01-12 21:59:00,676 - INFO - [Restart 2] 956) Best value: -7.52e+00 | TR length: 8.00e-01 | num. restarts: 4/5 | num. successes: 0/10
2024-01-12 21:59:01,202 - INFO - [Restart 2] 960) Best value: -7.52e+00 | TR length: 4.00e-01 | num. restarts: 0/5 | num. successes: 0/10
2024-01-12 21:59:01,767 - INFO - [Restart 2] 964) Best value: -6.85e+00 | TR length: 4.00e-01 | num. restarts: 0/5 | num. successes: 1/10
2024-01-12 21:59:02,234 - INFO - [Restart 2] 968) Best value: -5.94e+00 | TR length: 4.00e-01 | num. restarts: 0/5 | num. successes: 2/10
2024-01-12 21:59:02,681 - INFO - [Restart 2] 972) Best value: -5.94e+00 | TR length: 4.00e-01 | num. restarts: 1/5 | num. successes: 0/10
2024-01-12 21:59:03,110 - INFO - [Restart 2] 976) Best value: -5.94e+00 | TR length: 4.00e-01 | num. restarts: 2/5 | num. successes: 0/10
2024-01-12 21:59:03,498 - INFO - [Restart 2] 980) Best value: -5.94e+00 | TR length: 4.00e-01 | num. restarts: 3/5 | num. successes: 0/10
2024-01-12 21:59:03,939 - INFO - [Restart 2] 984) Best value: -5.94e+00 | TR length: 4.00e-01 | num. restarts: 4/5 | num. successes: 0/10
2024-01-12 21:59:04,321 - INFO - [Restart 2] 988) Best value: -5.94e+00 | TR length: 2.00e-01 | num. restarts: 0/5 | num. successes: 0/10
2024-01-12 21:59:04,735 - INFO - [Restart 2] 992) Best value: -5.20e+00 | TR length: 2.00e-01 | num. restarts: 0/5 | num. successes: 1/10
2024-01-12 21:59:05,154 - INFO - [Restart 2] 996) Best value: -4.39e+00 | TR length: 2.00e-01 | num. restarts: 0/5 | num. successes: 2/10
2024-01-12 21:59:05,578 - INFO - [Restart 2] 1000) Best value: -4.39e+00 | TR length: 2.00e-01 | num. restarts: 1/5 | num. successes: 0/10
2024-01-12 21:59:05,579 - INFO - --------------------------------------------------
2024-01-12 21:59:05,579 - INFO - Best function value: -0.821800216992465
2024-01-12 21:59:05,579 - INFO - Elapsed time: 135.98 seconds
