2024-01-13 15:02:21,593 - INFO - Start experiment with plain-TuRBO: turbo_rosenbrock20d_1000
2024-01-13 15:02:21,593 - INFO - ==================================================
2024-01-13 15:02:21,594 - INFO - Config:
2024-01-13 15:02:21,594 - INFO - obj_func: Rosenbrock()
2024-01-13 15:02:21,603 - INFO - bounds: tensor([[-10., -10., -10., -10., -10., -10., -10., -10., -10., -10., -10., -10.,
         -10., -10., -10., -10., -10., -10., -10., -10.],
        [10., 10., 10., 10., 10., 10., 10., 10., 10., 10., 10., 10., 10., 10.,
         10., 10., 10., 10., 10., 10.]], device='cuda:0', dtype=torch.float64)
2024-01-13 15:02:21,604 - INFO - batch_size: 4
2024-01-13 15:02:21,604 - INFO - n_init: 40
2024-01-13 15:02:21,604 - INFO - num_evals: 1000
2024-01-13 15:02:21,604 - INFO - seed: 0
2024-01-13 15:02:21,604 - INFO - acqf_func: ts
2024-01-13 15:02:21,604 - INFO - max_cholesky_size: 2000
2024-01-13 15:02:21,604 - INFO - ==================================================
2024-01-13 15:02:23,694 - INFO - [Restart 0] 44) Best value: -1.60e+06 | TR length: 8.00e-01 | num. restarts: 0/5 | num. successes: 1/10
2024-01-13 15:02:24,102 - INFO - [Restart 0] 48) Best value: -1.60e+06 | TR length: 8.00e-01 | num. restarts: 1/5 | num. successes: 0/10
2024-01-13 15:02:24,605 - INFO - [Restart 0] 52) Best value: -1.41e+06 | TR length: 8.00e-01 | num. restarts: 0/5 | num. successes: 1/10
2024-01-13 15:02:25,317 - INFO - [Restart 0] 56) Best value: -1.41e+06 | TR length: 8.00e-01 | num. restarts: 1/5 | num. successes: 0/10
2024-01-13 15:02:25,738 - INFO - [Restart 0] 60) Best value: -1.41e+06 | TR length: 8.00e-01 | num. restarts: 2/5 | num. successes: 0/10
2024-01-13 15:02:26,181 - INFO - [Restart 0] 64) Best value: -1.41e+06 | TR length: 8.00e-01 | num. restarts: 3/5 | num. successes: 0/10
2024-01-13 15:02:26,569 - INFO - [Restart 0] 68) Best value: -1.41e+06 | TR length: 8.00e-01 | num. restarts: 4/5 | num. successes: 0/10
2024-01-13 15:02:27,211 - INFO - [Restart 0] 72) Best value: -1.15e+06 | TR length: 8.00e-01 | num. restarts: 0/5 | num. successes: 1/10
2024-01-13 15:02:27,950 - INFO - [Restart 0] 76) Best value: -5.44e+05 | TR length: 8.00e-01 | num. restarts: 0/5 | num. successes: 2/10
2024-01-13 15:02:28,568 - INFO - [Restart 0] 80) Best value: -5.44e+05 | TR length: 8.00e-01 | num. restarts: 1/5 | num. successes: 0/10
2024-01-13 15:02:29,346 - INFO - [Restart 0] 84) Best value: -5.44e+05 | TR length: 8.00e-01 | num. restarts: 2/5 | num. successes: 0/10
2024-01-13 15:02:30,195 - INFO - [Restart 0] 88) Best value: -5.44e+05 | TR length: 8.00e-01 | num. restarts: 3/5 | num. successes: 0/10
2024-01-13 15:02:31,006 - INFO - [Restart 0] 92) Best value: -5.44e+05 | TR length: 8.00e-01 | num. restarts: 4/5 | num. successes: 0/10
2024-01-13 15:02:31,669 - INFO - [Restart 0] 96) Best value: -4.72e+05 | TR length: 8.00e-01 | num. restarts: 0/5 | num. successes: 1/10
2024-01-13 15:02:32,409 - INFO - [Restart 0] 100) Best value: -4.72e+05 | TR length: 8.00e-01 | num. restarts: 1/5 | num. successes: 0/10
2024-01-13 15:02:33,264 - INFO - [Restart 0] 104) Best value: -4.22e+05 | TR length: 8.00e-01 | num. restarts: 0/5 | num. successes: 1/10
2024-01-13 15:02:33,837 - INFO - [Restart 0] 108) Best value: -4.22e+05 | TR length: 8.00e-01 | num. restarts: 1/5 | num. successes: 0/10
2024-01-13 15:02:34,400 - INFO - [Restart 0] 112) Best value: -4.22e+05 | TR length: 8.00e-01 | num. restarts: 2/5 | num. successes: 0/10
2024-01-13 15:02:34,889 - INFO - [Restart 0] 116) Best value: -4.22e+05 | TR length: 8.00e-01 | num. restarts: 3/5 | num. successes: 0/10
2024-01-13 15:02:35,418 - INFO - [Restart 0] 120) Best value: -4.22e+05 | TR length: 8.00e-01 | num. restarts: 4/5 | num. successes: 0/10
2024-01-13 15:02:35,993 - INFO - [Restart 0] 124) Best value: -4.22e+05 | TR length: 4.00e-01 | num. restarts: 0/5 | num. successes: 0/10
2024-01-13 15:02:36,407 - INFO - [Restart 0] 128) Best value: -2.92e+05 | TR length: 4.00e-01 | num. restarts: 0/5 | num. successes: 1/10
2024-01-13 15:02:36,908 - INFO - [Restart 0] 132) Best value: -1.37e+05 | TR length: 4.00e-01 | num. restarts: 0/5 | num. successes: 2/10
2024-01-13 15:02:37,396 - INFO - [Restart 0] 136) Best value: -5.15e+04 | TR length: 4.00e-01 | num. restarts: 0/5 | num. successes: 3/10
2024-01-13 15:02:37,855 - INFO - [Restart 0] 140) Best value: -5.15e+04 | TR length: 4.00e-01 | num. restarts: 1/5 | num. successes: 0/10
2024-01-13 15:02:38,288 - INFO - [Restart 0] 144) Best value: -5.15e+04 | TR length: 4.00e-01 | num. restarts: 2/5 | num. successes: 0/10
2024-01-13 15:02:38,759 - INFO - [Restart 0] 148) Best value: -5.15e+04 | TR length: 4.00e-01 | num. restarts: 3/5 | num. successes: 0/10
2024-01-13 15:02:39,250 - INFO - [Restart 0] 152) Best value: -5.15e+04 | TR length: 4.00e-01 | num. restarts: 4/5 | num. successes: 0/10
2024-01-13 15:02:39,692 - INFO - [Restart 0] 156) Best value: -5.15e+04 | TR length: 2.00e-01 | num. restarts: 0/5 | num. successes: 0/10
2024-01-13 15:02:40,160 - INFO - [Restart 0] 160) Best value: -2.36e+04 | TR length: 2.00e-01 | num. restarts: 0/5 | num. successes: 1/10
2024-01-13 15:02:40,751 - INFO - [Restart 0] 164) Best value: -1.13e+04 | TR length: 2.00e-01 | num. restarts: 0/5 | num. successes: 2/10
2024-01-13 15:02:41,509 - INFO - [Restart 0] 168) Best value: -1.13e+04 | TR length: 2.00e-01 | num. restarts: 1/5 | num. successes: 0/10
2024-01-13 15:02:42,053 - INFO - [Restart 0] 172) Best value: -9.29e+03 | TR length: 2.00e-01 | num. restarts: 0/5 | num. successes: 1/10
2024-01-13 15:02:42,691 - INFO - [Restart 0] 176) Best value: -9.29e+03 | TR length: 2.00e-01 | num. restarts: 1/5 | num. successes: 0/10
2024-01-13 15:02:43,356 - INFO - [Restart 0] 180) Best value: -9.29e+03 | TR length: 2.00e-01 | num. restarts: 2/5 | num. successes: 0/10
2024-01-13 15:02:43,940 - INFO - [Restart 0] 184) Best value: -9.29e+03 | TR length: 2.00e-01 | num. restarts: 3/5 | num. successes: 0/10
2024-01-13 15:02:44,443 - INFO - [Restart 0] 188) Best value: -9.29e+03 | TR length: 2.00e-01 | num. restarts: 4/5 | num. successes: 0/10
2024-01-13 15:02:45,041 - INFO - [Restart 0] 192) Best value: -9.29e+03 | TR length: 1.00e-01 | num. restarts: 0/5 | num. successes: 0/10
2024-01-13 15:02:45,661 - INFO - [Restart 0] 196) Best value: -8.62e+03 | TR length: 1.00e-01 | num. restarts: 0/5 | num. successes: 1/10
2024-01-13 15:02:46,236 - INFO - [Restart 0] 200) Best value: -8.62e+03 | TR length: 1.00e-01 | num. restarts: 1/5 | num. successes: 0/10
2024-01-13 15:02:46,893 - INFO - [Restart 0] 204) Best value: -8.62e+03 | TR length: 1.00e-01 | num. restarts: 2/5 | num. successes: 0/10
2024-01-13 15:02:47,666 - INFO - [Restart 0] 208) Best value: -5.69e+03 | TR length: 1.00e-01 | num. restarts: 0/5 | num. successes: 1/10
2024-01-13 15:02:48,244 - INFO - [Restart 0] 212) Best value: -5.69e+03 | TR length: 1.00e-01 | num. restarts: 1/5 | num. successes: 0/10
2024-01-13 15:02:48,748 - INFO - [Restart 0] 216) Best value: -5.69e+03 | TR length: 1.00e-01 | num. restarts: 2/5 | num. successes: 0/10
2024-01-13 15:02:49,329 - INFO - [Restart 0] 220) Best value: -5.69e+03 | TR length: 1.00e-01 | num. restarts: 3/5 | num. successes: 0/10
2024-01-13 15:02:49,971 - INFO - [Restart 0] 224) Best value: -5.69e+03 | TR length: 1.00e-01 | num. restarts: 4/5 | num. successes: 0/10
2024-01-13 15:02:50,665 - INFO - [Restart 0] 228) Best value: -4.28e+03 | TR length: 1.00e-01 | num. restarts: 0/5 | num. successes: 1/10
2024-01-13 15:02:51,322 - INFO - [Restart 0] 232) Best value: -3.08e+03 | TR length: 1.00e-01 | num. restarts: 0/5 | num. successes: 2/10
2024-01-13 15:02:52,052 - INFO - [Restart 0] 236) Best value: -3.08e+03 | TR length: 1.00e-01 | num. restarts: 1/5 | num. successes: 0/10
2024-01-13 15:02:52,550 - INFO - [Restart 0] 240) Best value: -3.08e+03 | TR length: 1.00e-01 | num. restarts: 2/5 | num. successes: 0/10
2024-01-13 15:02:53,037 - INFO - [Restart 0] 244) Best value: -3.08e+03 | TR length: 1.00e-01 | num. restarts: 3/5 | num. successes: 0/10
2024-01-13 15:02:53,579 - INFO - [Restart 0] 248) Best value: -3.08e+03 | TR length: 1.00e-01 | num. restarts: 4/5 | num. successes: 0/10
2024-01-13 15:02:54,107 - INFO - [Restart 0] 252) Best value: -3.08e+03 | TR length: 5.00e-02 | num. restarts: 0/5 | num. successes: 0/10
2024-01-13 15:02:54,645 - INFO - [Restart 0] 256) Best value: -2.09e+03 | TR length: 5.00e-02 | num. restarts: 0/5 | num. successes: 1/10
2024-01-13 15:02:55,106 - INFO - [Restart 0] 260) Best value: -1.35e+03 | TR length: 5.00e-02 | num. restarts: 0/5 | num. successes: 2/10
2024-01-13 15:02:55,644 - INFO - [Restart 0] 264) Best value: -1.35e+03 | TR length: 5.00e-02 | num. restarts: 1/5 | num. successes: 0/10
2024-01-13 15:02:56,207 - INFO - [Restart 0] 268) Best value: -1.35e+03 | TR length: 5.00e-02 | num. restarts: 2/5 | num. successes: 0/10
2024-01-13 15:02:56,798 - INFO - [Restart 0] 272) Best value: -1.35e+03 | TR length: 5.00e-02 | num. restarts: 3/5 | num. successes: 0/10
2024-01-13 15:02:57,470 - INFO - [Restart 0] 276) Best value: -1.35e+03 | TR length: 5.00e-02 | num. restarts: 4/5 | num. successes: 0/10
2024-01-13 15:02:58,289 - INFO - [Restart 0] 280) Best value: -1.35e+03 | TR length: 2.50e-02 | num. restarts: 0/5 | num. successes: 0/10
2024-01-13 15:02:58,936 - INFO - [Restart 0] 284) Best value: -1.03e+03 | TR length: 2.50e-02 | num. restarts: 0/5 | num. successes: 1/10
2024-01-13 15:02:59,667 - INFO - [Restart 0] 288) Best value: -1.03e+03 | TR length: 2.50e-02 | num. restarts: 1/5 | num. successes: 0/10
2024-01-13 15:03:00,289 - INFO - [Restart 0] 292) Best value: -1.01e+03 | TR length: 2.50e-02 | num. restarts: 0/5 | num. successes: 1/10
2024-01-13 15:03:00,900 - INFO - [Restart 0] 296) Best value: -9.92e+02 | TR length: 2.50e-02 | num. restarts: 0/5 | num. successes: 2/10
2024-01-13 15:03:01,642 - INFO - [Restart 0] 300) Best value: -9.92e+02 | TR length: 2.50e-02 | num. restarts: 1/5 | num. successes: 0/10
2024-01-13 15:03:02,412 - INFO - [Restart 0] 304) Best value: -9.92e+02 | TR length: 2.50e-02 | num. restarts: 2/5 | num. successes: 0/10
2024-01-13 15:03:03,161 - INFO - [Restart 0] 308) Best value: -8.25e+02 | TR length: 2.50e-02 | num. restarts: 0/5 | num. successes: 1/10
2024-01-13 15:03:03,898 - INFO - [Restart 0] 312) Best value: -7.16e+02 | TR length: 2.50e-02 | num. restarts: 0/5 | num. successes: 2/10
2024-01-13 15:03:04,686 - INFO - [Restart 0] 316) Best value: -7.16e+02 | TR length: 2.50e-02 | num. restarts: 1/5 | num. successes: 0/10
2024-01-13 15:03:05,428 - INFO - [Restart 0] 320) Best value: -5.67e+02 | TR length: 2.50e-02 | num. restarts: 0/5 | num. successes: 1/10
2024-01-13 15:03:06,247 - INFO - [Restart 0] 324) Best value: -5.67e+02 | TR length: 2.50e-02 | num. restarts: 1/5 | num. successes: 0/10
2024-01-13 15:03:07,072 - INFO - [Restart 0] 328) Best value: -5.67e+02 | TR length: 2.50e-02 | num. restarts: 2/5 | num. successes: 0/10
2024-01-13 15:03:07,918 - INFO - [Restart 0] 332) Best value: -5.21e+02 | TR length: 2.50e-02 | num. restarts: 0/5 | num. successes: 1/10
2024-01-13 15:03:08,746 - INFO - [Restart 0] 336) Best value: -5.21e+02 | TR length: 2.50e-02 | num. restarts: 1/5 | num. successes: 0/10
2024-01-13 15:03:09,550 - INFO - [Restart 0] 340) Best value: -5.21e+02 | TR length: 2.50e-02 | num. restarts: 2/5 | num. successes: 0/10
2024-01-13 15:03:10,534 - INFO - [Restart 0] 344) Best value: -5.21e+02 | TR length: 2.50e-02 | num. restarts: 3/5 | num. successes: 0/10
2024-01-13 15:03:11,489 - INFO - [Restart 0] 348) Best value: -5.21e+02 | TR length: 2.50e-02 | num. restarts: 4/5 | num. successes: 0/10
2024-01-13 15:03:12,465 - INFO - [Restart 0] 352) Best value: -5.21e+02 | TR length: 1.25e-02 | num. restarts: 0/5 | num. successes: 0/10
2024-01-13 15:03:13,349 - INFO - [Restart 0] 356) Best value: -4.98e+02 | TR length: 1.25e-02 | num. restarts: 0/5 | num. successes: 1/10
2024-01-13 15:03:14,431 - INFO - [Restart 0] 360) Best value: -4.83e+02 | TR length: 1.25e-02 | num. restarts: 0/5 | num. successes: 2/10
2024-01-13 15:03:15,422 - INFO - [Restart 0] 364) Best value: -4.83e+02 | TR length: 1.25e-02 | num. restarts: 1/5 | num. successes: 0/10
2024-01-13 15:03:16,584 - INFO - [Restart 0] 368) Best value: -4.58e+02 | TR length: 1.25e-02 | num. restarts: 0/5 | num. successes: 1/10
2024-01-13 15:03:17,580 - INFO - [Restart 0] 372) Best value: -4.58e+02 | TR length: 1.25e-02 | num. restarts: 1/5 | num. successes: 0/10
2024-01-13 15:03:18,711 - INFO - [Restart 0] 376) Best value: -4.58e+02 | TR length: 1.25e-02 | num. restarts: 2/5 | num. successes: 0/10
2024-01-13 15:03:19,858 - INFO - [Restart 0] 380) Best value: -3.79e+02 | TR length: 1.25e-02 | num. restarts: 0/5 | num. successes: 1/10
2024-01-13 15:03:20,982 - INFO - [Restart 0] 384) Best value: -3.73e+02 | TR length: 1.25e-02 | num. restarts: 0/5 | num. successes: 2/10
2024-01-13 15:03:22,237 - INFO - [Restart 0] 388) Best value: -3.38e+02 | TR length: 1.25e-02 | num. restarts: 0/5 | num. successes: 3/10
2024-01-13 15:03:23,601 - INFO - [Restart 0] 392) Best value: -2.77e+02 | TR length: 1.25e-02 | num. restarts: 0/5 | num. successes: 4/10
2024-01-13 15:03:24,901 - INFO - [Restart 0] 396) Best value: -2.56e+02 | TR length: 1.25e-02 | num. restarts: 0/5 | num. successes: 5/10
2024-01-13 15:03:26,124 - INFO - [Restart 0] 400) Best value: -2.48e+02 | TR length: 1.25e-02 | num. restarts: 0/5 | num. successes: 6/10
2024-01-13 15:03:27,236 - INFO - [Restart 0] 404) Best value: -2.48e+02 | TR length: 1.25e-02 | num. restarts: 1/5 | num. successes: 0/10
2024-01-13 15:03:28,424 - INFO - [Restart 0] 408) Best value: -2.43e+02 | TR length: 1.25e-02 | num. restarts: 0/5 | num. successes: 1/10
2024-01-13 15:03:29,505 - INFO - [Restart 0] 412) Best value: -2.43e+02 | TR length: 1.25e-02 | num. restarts: 1/5 | num. successes: 0/10
2024-01-13 15:03:31,099 - INFO - [Restart 0] 416) Best value: -2.43e+02 | TR length: 1.25e-02 | num. restarts: 2/5 | num. successes: 0/10
2024-01-13 15:03:32,284 - INFO - [Restart 0] 420) Best value: -2.24e+02 | TR length: 1.25e-02 | num. restarts: 0/5 | num. successes: 1/10
2024-01-13 15:03:33,361 - INFO - [Restart 0] 424) Best value: -1.98e+02 | TR length: 1.25e-02 | num. restarts: 0/5 | num. successes: 2/10
2024-01-13 15:03:34,394 - INFO - [Restart 0] 428) Best value: -1.98e+02 | TR length: 1.25e-02 | num. restarts: 1/5 | num. successes: 0/10
2024-01-13 15:03:35,509 - INFO - [Restart 0] 432) Best value: -1.97e+02 | TR length: 1.25e-02 | num. restarts: 0/5 | num. successes: 1/10
2024-01-13 15:03:36,668 - INFO - [Restart 0] 436) Best value: -1.97e+02 | TR length: 1.25e-02 | num. restarts: 1/5 | num. successes: 0/10
2024-01-13 15:03:37,744 - INFO - [Restart 0] 440) Best value: -1.87e+02 | TR length: 1.25e-02 | num. restarts: 0/5 | num. successes: 1/10
2024-01-13 15:03:39,173 - INFO - [Restart 0] 444) Best value: -1.70e+02 | TR length: 1.25e-02 | num. restarts: 0/5 | num. successes: 2/10
2024-01-13 15:03:40,460 - INFO - [Restart 0] 448) Best value: -1.70e+02 | TR length: 1.25e-02 | num. restarts: 1/5 | num. successes: 0/10
2024-01-13 15:03:41,547 - INFO - [Restart 0] 452) Best value: -1.63e+02 | TR length: 1.25e-02 | num. restarts: 0/5 | num. successes: 1/10
2024-01-13 15:03:42,981 - INFO - [Restart 0] 456) Best value: -1.46e+02 | TR length: 1.25e-02 | num. restarts: 0/5 | num. successes: 2/10
2024-01-13 15:03:44,196 - INFO - [Restart 0] 460) Best value: -1.40e+02 | TR length: 1.25e-02 | num. restarts: 0/5 | num. successes: 3/10
2024-01-13 15:03:45,758 - INFO - [Restart 0] 464) Best value: -1.40e+02 | TR length: 1.25e-02 | num. restarts: 1/5 | num. successes: 0/10
2024-01-13 15:03:46,930 - INFO - [Restart 0] 468) Best value: -1.40e+02 | TR length: 1.25e-02 | num. restarts: 2/5 | num. successes: 0/10
2024-01-13 15:03:48,615 - INFO - [Restart 0] 472) Best value: -1.39e+02 | TR length: 1.25e-02 | num. restarts: 0/5 | num. successes: 1/10
2024-01-13 15:03:50,078 - INFO - [Restart 0] 476) Best value: -1.39e+02 | TR length: 1.25e-02 | num. restarts: 1/5 | num. successes: 0/10
2024-01-13 15:03:51,112 - INFO - [Restart 0] 480) Best value: -1.39e+02 | TR length: 1.25e-02 | num. restarts: 2/5 | num. successes: 0/10
2024-01-13 15:03:52,280 - INFO - [Restart 0] 484) Best value: -1.39e+02 | TR length: 1.25e-02 | num. restarts: 3/5 | num. successes: 0/10
2024-01-13 15:03:53,940 - INFO - [Restart 0] 488) Best value: -1.39e+02 | TR length: 1.25e-02 | num. restarts: 4/5 | num. successes: 0/10
2024-01-13 15:03:55,215 - INFO - [Restart 0] 492) Best value: -1.39e+02 | TR length: 1.25e-02 | num. restarts: 0/5 | num. successes: 1/10
2024-01-13 15:03:55,848 - INFO - [Restart 0] 496) Best value: -1.38e+02 | TR length: 1.25e-02 | num. restarts: 0/5 | num. successes: 2/10
2024-01-13 15:03:57,109 - INFO - [Restart 0] 500) Best value: -1.38e+02 | TR length: 1.25e-02 | num. restarts: 1/5 | num. successes: 0/10
2024-01-13 15:03:58,425 - INFO - [Restart 0] 504) Best value: -1.38e+02 | TR length: 1.25e-02 | num. restarts: 2/5 | num. successes: 0/10
2024-01-13 15:03:59,816 - INFO - [Restart 0] 508) Best value: -1.38e+02 | TR length: 1.25e-02 | num. restarts: 3/5 | num. successes: 0/10
2024-01-13 15:04:01,135 - INFO - [Restart 0] 512) Best value: -1.38e+02 | TR length: 1.25e-02 | num. restarts: 4/5 | num. successes: 0/10
2024-01-13 15:04:02,296 - INFO - [Restart 0] 516) Best value: -1.38e+02 | TR length: 6.25e-03 | num. restarts: 0/5 | num. successes: 0/10
2024-01-13 15:04:02,734 - INFO - [Restart 1] 560) Best value: -1.89e+06 | TR length: 8.00e-01 | num. restarts: 0/5 | num. successes: 1/10
2024-01-13 15:04:03,178 - INFO - [Restart 1] 564) Best value: -1.89e+06 | TR length: 8.00e-01 | num. restarts: 1/5 | num. successes: 0/10
2024-01-13 15:04:03,553 - INFO - [Restart 1] 568) Best value: -1.41e+06 | TR length: 8.00e-01 | num. restarts: 0/5 | num. successes: 1/10
2024-01-13 15:04:03,929 - INFO - [Restart 1] 572) Best value: -1.26e+06 | TR length: 8.00e-01 | num. restarts: 0/5 | num. successes: 2/10
2024-01-13 15:04:04,341 - INFO - [Restart 1] 576) Best value: -1.26e+06 | TR length: 8.00e-01 | num. restarts: 1/5 | num. successes: 0/10
2024-01-13 15:04:04,724 - INFO - [Restart 1] 580) Best value: -1.26e+06 | TR length: 8.00e-01 | num. restarts: 2/5 | num. successes: 0/10
2024-01-13 15:04:05,148 - INFO - [Restart 1] 584) Best value: -1.04e+06 | TR length: 8.00e-01 | num. restarts: 0/5 | num. successes: 1/10
2024-01-13 15:04:05,628 - INFO - [Restart 1] 588) Best value: -1.04e+06 | TR length: 8.00e-01 | num. restarts: 1/5 | num. successes: 0/10
2024-01-13 15:04:06,228 - INFO - [Restart 1] 592) Best value: -6.42e+05 | TR length: 8.00e-01 | num. restarts: 0/5 | num. successes: 1/10
2024-01-13 15:04:06,691 - INFO - [Restart 1] 596) Best value: -6.42e+05 | TR length: 8.00e-01 | num. restarts: 1/5 | num. successes: 0/10
2024-01-13 15:04:07,120 - INFO - [Restart 1] 600) Best value: -6.42e+05 | TR length: 8.00e-01 | num. restarts: 2/5 | num. successes: 0/10
2024-01-13 15:04:07,643 - INFO - [Restart 1] 604) Best value: -6.42e+05 | TR length: 8.00e-01 | num. restarts: 3/5 | num. successes: 0/10
2024-01-13 15:04:08,195 - INFO - [Restart 1] 608) Best value: -6.42e+05 | TR length: 8.00e-01 | num. restarts: 4/5 | num. successes: 0/10
2024-01-13 15:04:08,673 - INFO - [Restart 1] 612) Best value: -6.16e+05 | TR length: 8.00e-01 | num. restarts: 0/5 | num. successes: 1/10
2024-01-13 15:04:09,132 - INFO - [Restart 1] 616) Best value: -2.08e+05 | TR length: 8.00e-01 | num. restarts: 0/5 | num. successes: 2/10
2024-01-13 15:04:09,581 - INFO - [Restart 1] 620) Best value: -2.08e+05 | TR length: 8.00e-01 | num. restarts: 1/5 | num. successes: 0/10
2024-01-13 15:04:09,990 - INFO - [Restart 1] 624) Best value: -2.08e+05 | TR length: 8.00e-01 | num. restarts: 2/5 | num. successes: 0/10
2024-01-13 15:04:10,392 - INFO - [Restart 1] 628) Best value: -2.08e+05 | TR length: 8.00e-01 | num. restarts: 3/5 | num. successes: 0/10
2024-01-13 15:04:10,853 - INFO - [Restart 1] 632) Best value: -2.08e+05 | TR length: 8.00e-01 | num. restarts: 4/5 | num. successes: 0/10
2024-01-13 15:04:11,433 - INFO - [Restart 1] 636) Best value: -2.08e+05 | TR length: 4.00e-01 | num. restarts: 0/5 | num. successes: 0/10
2024-01-13 15:04:11,965 - INFO - [Restart 1] 640) Best value: -4.88e+04 | TR length: 4.00e-01 | num. restarts: 0/5 | num. successes: 1/10
2024-01-13 15:04:12,684 - INFO - [Restart 1] 644) Best value: -4.88e+04 | TR length: 4.00e-01 | num. restarts: 1/5 | num. successes: 0/10
2024-01-13 15:04:13,351 - INFO - [Restart 1] 648) Best value: -4.88e+04 | TR length: 4.00e-01 | num. restarts: 2/5 | num. successes: 0/10
2024-01-13 15:04:14,127 - INFO - [Restart 1] 652) Best value: -4.88e+04 | TR length: 4.00e-01 | num. restarts: 3/5 | num. successes: 0/10
2024-01-13 15:04:14,966 - INFO - [Restart 1] 656) Best value: -4.88e+04 | TR length: 4.00e-01 | num. restarts: 4/5 | num. successes: 0/10
2024-01-13 15:04:15,560 - INFO - [Restart 1] 660) Best value: -4.88e+04 | TR length: 2.00e-01 | num. restarts: 0/5 | num. successes: 0/10
2024-01-13 15:04:16,198 - INFO - [Restart 1] 664) Best value: -2.02e+04 | TR length: 2.00e-01 | num. restarts: 0/5 | num. successes: 1/10
2024-01-13 15:04:17,014 - INFO - [Restart 1] 668) Best value: -2.02e+04 | TR length: 2.00e-01 | num. restarts: 1/5 | num. successes: 0/10
2024-01-13 15:04:17,804 - INFO - [Restart 1] 672) Best value: -1.63e+04 | TR length: 2.00e-01 | num. restarts: 0/5 | num. successes: 1/10
2024-01-13 15:04:18,454 - INFO - [Restart 1] 676) Best value: -1.63e+04 | TR length: 2.00e-01 | num. restarts: 1/5 | num. successes: 0/10
2024-01-13 15:04:19,161 - INFO - [Restart 1] 680) Best value: -7.04e+03 | TR length: 2.00e-01 | num. restarts: 0/5 | num. successes: 1/10
2024-01-13 15:04:19,978 - INFO - [Restart 1] 684) Best value: -7.04e+03 | TR length: 2.00e-01 | num. restarts: 1/5 | num. successes: 0/10
2024-01-13 15:04:20,555 - INFO - [Restart 1] 688) Best value: -7.04e+03 | TR length: 2.00e-01 | num. restarts: 2/5 | num. successes: 0/10
2024-01-13 15:04:21,159 - INFO - [Restart 1] 692) Best value: -6.50e+03 | TR length: 2.00e-01 | num. restarts: 0/5 | num. successes: 1/10
2024-01-13 15:04:21,698 - INFO - [Restart 1] 696) Best value: -6.50e+03 | TR length: 2.00e-01 | num. restarts: 1/5 | num. successes: 0/10
2024-01-13 15:04:22,317 - INFO - [Restart 1] 700) Best value: -6.50e+03 | TR length: 2.00e-01 | num. restarts: 2/5 | num. successes: 0/10
2024-01-13 15:04:22,915 - INFO - [Restart 1] 704) Best value: -6.50e+03 | TR length: 2.00e-01 | num. restarts: 3/5 | num. successes: 0/10
2024-01-13 15:04:23,459 - INFO - [Restart 1] 708) Best value: -6.50e+03 | TR length: 2.00e-01 | num. restarts: 4/5 | num. successes: 0/10
2024-01-13 15:04:24,010 - INFO - [Restart 1] 712) Best value: -6.50e+03 | TR length: 1.00e-01 | num. restarts: 0/5 | num. successes: 0/10
2024-01-13 15:04:24,760 - INFO - [Restart 1] 716) Best value: -6.50e+03 | TR length: 1.00e-01 | num. restarts: 1/5 | num. successes: 0/10
2024-01-13 15:04:25,477 - INFO - [Restart 1] 720) Best value: -6.50e+03 | TR length: 1.00e-01 | num. restarts: 2/5 | num. successes: 0/10
2024-01-13 15:04:26,081 - INFO - [Restart 1] 724) Best value: -4.61e+03 | TR length: 1.00e-01 | num. restarts: 0/5 | num. successes: 1/10
2024-01-13 15:04:26,931 - INFO - [Restart 1] 728) Best value: -4.18e+03 | TR length: 1.00e-01 | num. restarts: 0/5 | num. successes: 2/10
2024-01-13 15:04:27,838 - INFO - [Restart 1] 732) Best value: -4.18e+03 | TR length: 1.00e-01 | num. restarts: 1/5 | num. successes: 0/10
2024-01-13 15:04:28,423 - INFO - [Restart 1] 736) Best value: -4.18e+03 | TR length: 1.00e-01 | num. restarts: 2/5 | num. successes: 0/10
2024-01-13 15:04:29,074 - INFO - [Restart 1] 740) Best value: -2.77e+03 | TR length: 1.00e-01 | num. restarts: 0/5 | num. successes: 1/10
2024-01-13 15:04:29,811 - INFO - [Restart 1] 744) Best value: -2.77e+03 | TR length: 1.00e-01 | num. restarts: 1/5 | num. successes: 0/10
2024-01-13 15:04:30,690 - INFO - [Restart 1] 748) Best value: -2.77e+03 | TR length: 1.00e-01 | num. restarts: 2/5 | num. successes: 0/10
2024-01-13 15:04:31,605 - INFO - [Restart 1] 752) Best value: -2.77e+03 | TR length: 1.00e-01 | num. restarts: 3/5 | num. successes: 0/10
2024-01-13 15:04:32,593 - INFO - [Restart 1] 756) Best value: -2.77e+03 | TR length: 1.00e-01 | num. restarts: 4/5 | num. successes: 0/10
2024-01-13 15:04:33,466 - INFO - [Restart 1] 760) Best value: -2.77e+03 | TR length: 5.00e-02 | num. restarts: 0/5 | num. successes: 0/10
2024-01-13 15:04:34,347 - INFO - [Restart 1] 764) Best value: -2.77e+03 | TR length: 5.00e-02 | num. restarts: 1/5 | num. successes: 0/10
2024-01-13 15:04:35,011 - INFO - [Restart 1] 768) Best value: -2.55e+03 | TR length: 5.00e-02 | num. restarts: 0/5 | num. successes: 1/10
2024-01-13 15:04:35,640 - INFO - [Restart 1] 772) Best value: -2.13e+03 | TR length: 5.00e-02 | num. restarts: 0/5 | num. successes: 2/10
2024-01-13 15:04:36,240 - INFO - [Restart 1] 776) Best value: -1.93e+03 | TR length: 5.00e-02 | num. restarts: 0/5 | num. successes: 3/10
2024-01-13 15:04:36,944 - INFO - [Restart 1] 780) Best value: -1.93e+03 | TR length: 5.00e-02 | num. restarts: 1/5 | num. successes: 0/10
2024-01-13 15:04:37,648 - INFO - [Restart 1] 784) Best value: -1.56e+03 | TR length: 5.00e-02 | num. restarts: 0/5 | num. successes: 1/10
2024-01-13 15:04:38,383 - INFO - [Restart 1] 788) Best value: -1.45e+03 | TR length: 5.00e-02 | num. restarts: 0/5 | num. successes: 2/10
2024-01-13 15:04:39,094 - INFO - [Restart 1] 792) Best value: -7.14e+02 | TR length: 5.00e-02 | num. restarts: 0/5 | num. successes: 3/10
2024-01-13 15:04:39,812 - INFO - [Restart 1] 796) Best value: -7.14e+02 | TR length: 5.00e-02 | num. restarts: 1/5 | num. successes: 0/10
2024-01-13 15:04:40,577 - INFO - [Restart 1] 800) Best value: -7.14e+02 | TR length: 5.00e-02 | num. restarts: 2/5 | num. successes: 0/10
2024-01-13 15:04:41,296 - INFO - [Restart 1] 804) Best value: -7.14e+02 | TR length: 5.00e-02 | num. restarts: 3/5 | num. successes: 0/10
2024-01-13 15:04:41,983 - INFO - [Restart 1] 808) Best value: -7.14e+02 | TR length: 5.00e-02 | num. restarts: 4/5 | num. successes: 0/10
2024-01-13 15:04:42,793 - INFO - [Restart 1] 812) Best value: -7.14e+02 | TR length: 2.50e-02 | num. restarts: 0/5 | num. successes: 0/10
2024-01-13 15:04:43,622 - INFO - [Restart 1] 816) Best value: -5.26e+02 | TR length: 2.50e-02 | num. restarts: 0/5 | num. successes: 1/10
2024-01-13 15:04:44,337 - INFO - [Restart 1] 820) Best value: -5.26e+02 | TR length: 2.50e-02 | num. restarts: 1/5 | num. successes: 0/10
2024-01-13 15:04:45,123 - INFO - [Restart 1] 824) Best value: -5.26e+02 | TR length: 2.50e-02 | num. restarts: 2/5 | num. successes: 0/10
2024-01-13 15:04:46,261 - INFO - [Restart 1] 828) Best value: -5.17e+02 | TR length: 2.50e-02 | num. restarts: 0/5 | num. successes: 1/10
2024-01-13 15:04:47,403 - INFO - [Restart 1] 832) Best value: -5.17e+02 | TR length: 2.50e-02 | num. restarts: 1/5 | num. successes: 0/10
2024-01-13 15:04:48,340 - INFO - [Restart 1] 836) Best value: -5.17e+02 | TR length: 2.50e-02 | num. restarts: 2/5 | num. successes: 0/10
2024-01-13 15:04:49,384 - INFO - [Restart 1] 840) Best value: -5.10e+02 | TR length: 2.50e-02 | num. restarts: 0/5 | num. successes: 1/10
2024-01-13 15:04:50,399 - INFO - [Restart 1] 844) Best value: -5.10e+02 | TR length: 2.50e-02 | num. restarts: 1/5 | num. successes: 0/10
2024-01-13 15:04:51,448 - INFO - [Restart 1] 848) Best value: -4.74e+02 | TR length: 2.50e-02 | num. restarts: 0/5 | num. successes: 1/10
2024-01-13 15:04:52,504 - INFO - [Restart 1] 852) Best value: -4.73e+02 | TR length: 2.50e-02 | num. restarts: 0/5 | num. successes: 2/10
2024-01-13 15:04:53,609 - INFO - [Restart 1] 856) Best value: -4.21e+02 | TR length: 2.50e-02 | num. restarts: 0/5 | num. successes: 3/10
2024-01-13 15:04:54,562 - INFO - [Restart 1] 860) Best value: -4.21e+02 | TR length: 2.50e-02 | num. restarts: 1/5 | num. successes: 0/10
2024-01-13 15:04:55,713 - INFO - [Restart 1] 864) Best value: -4.05e+02 | TR length: 2.50e-02 | num. restarts: 0/5 | num. successes: 1/10
2024-01-13 15:04:56,895 - INFO - [Restart 1] 868) Best value: -4.05e+02 | TR length: 2.50e-02 | num. restarts: 1/5 | num. successes: 0/10
2024-01-13 15:04:58,108 - INFO - [Restart 1] 872) Best value: -3.62e+02 | TR length: 2.50e-02 | num. restarts: 0/5 | num. successes: 1/10
2024-01-13 15:04:59,462 - INFO - [Restart 1] 876) Best value: -3.62e+02 | TR length: 2.50e-02 | num. restarts: 1/5 | num. successes: 0/10
2024-01-13 15:05:00,713 - INFO - [Restart 1] 880) Best value: -3.62e+02 | TR length: 2.50e-02 | num. restarts: 2/5 | num. successes: 0/10
2024-01-13 15:05:01,917 - INFO - [Restart 1] 884) Best value: -3.62e+02 | TR length: 2.50e-02 | num. restarts: 3/5 | num. successes: 0/10
2024-01-13 15:05:03,099 - INFO - [Restart 1] 888) Best value: -3.62e+02 | TR length: 2.50e-02 | num. restarts: 4/5 | num. successes: 0/10
2024-01-13 15:05:04,279 - INFO - [Restart 1] 892) Best value: -3.62e+02 | TR length: 1.25e-02 | num. restarts: 0/5 | num. successes: 0/10
2024-01-13 15:05:05,508 - INFO - [Restart 1] 896) Best value: -3.59e+02 | TR length: 1.25e-02 | num. restarts: 0/5 | num. successes: 1/10
2024-01-13 15:05:06,674 - INFO - [Restart 1] 900) Best value: -3.54e+02 | TR length: 1.25e-02 | num. restarts: 0/5 | num. successes: 2/10
2024-01-13 15:05:07,848 - INFO - [Restart 1] 904) Best value: -3.33e+02 | TR length: 1.25e-02 | num. restarts: 0/5 | num. successes: 3/10
2024-01-13 15:05:08,991 - INFO - [Restart 1] 908) Best value: -3.23e+02 | TR length: 1.25e-02 | num. restarts: 0/5 | num. successes: 4/10
2024-01-13 15:05:10,258 - INFO - [Restart 1] 912) Best value: -3.23e+02 | TR length: 1.25e-02 | num. restarts: 1/5 | num. successes: 0/10
2024-01-13 15:05:11,452 - INFO - [Restart 1] 916) Best value: -3.23e+02 | TR length: 1.25e-02 | num. restarts: 2/5 | num. successes: 0/10
2024-01-13 15:05:12,564 - INFO - [Restart 1] 920) Best value: -3.07e+02 | TR length: 1.25e-02 | num. restarts: 0/5 | num. successes: 1/10
2024-01-13 15:05:14,087 - INFO - [Restart 1] 924) Best value: -3.07e+02 | TR length: 1.25e-02 | num. restarts: 1/5 | num. successes: 0/10
2024-01-13 15:05:15,505 - INFO - [Restart 1] 928) Best value: -3.07e+02 | TR length: 1.25e-02 | num. restarts: 2/5 | num. successes: 0/10
2024-01-13 15:05:17,277 - INFO - [Restart 1] 932) Best value: -3.07e+02 | TR length: 1.25e-02 | num. restarts: 3/5 | num. successes: 0/10
2024-01-13 15:05:18,948 - INFO - [Restart 1] 936) Best value: -2.94e+02 | TR length: 1.25e-02 | num. restarts: 0/5 | num. successes: 1/10
2024-01-13 15:05:20,636 - INFO - [Restart 1] 940) Best value: -2.94e+02 | TR length: 1.25e-02 | num. restarts: 1/5 | num. successes: 0/10
2024-01-13 15:05:22,286 - INFO - [Restart 1] 944) Best value: -2.94e+02 | TR length: 1.25e-02 | num. restarts: 2/5 | num. successes: 0/10
2024-01-13 15:05:23,645 - INFO - [Restart 1] 948) Best value: -2.94e+02 | TR length: 1.25e-02 | num. restarts: 3/5 | num. successes: 0/10
2024-01-13 15:05:24,863 - INFO - [Restart 1] 952) Best value: -2.52e+02 | TR length: 1.25e-02 | num. restarts: 0/5 | num. successes: 1/10
2024-01-13 15:05:26,544 - INFO - [Restart 1] 956) Best value: -2.52e+02 | TR length: 1.25e-02 | num. restarts: 1/5 | num. successes: 0/10
2024-01-13 15:05:28,144 - INFO - [Restart 1] 960) Best value: -2.52e+02 | TR length: 1.25e-02 | num. restarts: 2/5 | num. successes: 0/10
2024-01-13 15:05:29,479 - INFO - [Restart 1] 964) Best value: -2.41e+02 | TR length: 1.25e-02 | num. restarts: 0/5 | num. successes: 1/10
2024-01-13 15:05:30,746 - INFO - [Restart 1] 968) Best value: -2.41e+02 | TR length: 1.25e-02 | num. restarts: 1/5 | num. successes: 0/10
2024-01-13 15:05:32,489 - INFO - [Restart 1] 972) Best value: -2.26e+02 | TR length: 1.25e-02 | num. restarts: 0/5 | num. successes: 1/10
2024-01-13 15:05:34,253 - INFO - [Restart 1] 976) Best value: -2.22e+02 | TR length: 1.25e-02 | num. restarts: 0/5 | num. successes: 2/10
2024-01-13 15:05:35,893 - INFO - [Restart 1] 980) Best value: -2.22e+02 | TR length: 1.25e-02 | num. restarts: 1/5 | num. successes: 0/10
2024-01-13 15:05:37,666 - INFO - [Restart 1] 984) Best value: -2.22e+02 | TR length: 1.25e-02 | num. restarts: 2/5 | num. successes: 0/10
2024-01-13 15:05:39,656 - INFO - [Restart 1] 988) Best value: -2.18e+02 | TR length: 1.25e-02 | num. restarts: 0/5 | num. successes: 1/10
2024-01-13 15:05:41,327 - INFO - [Restart 1] 992) Best value: -2.08e+02 | TR length: 1.25e-02 | num. restarts: 0/5 | num. successes: 2/10
2024-01-13 15:05:43,125 - INFO - [Restart 1] 996) Best value: -2.08e+02 | TR length: 1.25e-02 | num. restarts: 1/5 | num. successes: 0/10
2024-01-13 15:05:44,721 - INFO - [Restart 1] 1000) Best value: -2.08e+02 | TR length: 1.25e-02 | num. restarts: 2/5 | num. successes: 0/10
2024-01-13 15:05:44,721 - INFO - --------------------------------------------------
2024-01-13 15:05:44,722 - INFO - Best function value: -138.05423124136252
2024-01-13 15:05:44,722 - INFO - Elapsed time: 203.12 seconds
