-16.364330291748047, [0.5606840710368228, 8.680822523363886]
-18.123062133789062, [9.169849935050848, 7.418646264137141]
-14.57840633392334, [5.77829132517626, -4.305364472192771]
-10.047110557556152, [-3.510874232052023, -0.7666408771804258]
-14.927363395690918, [-4.931522058001344, 7.921255155070488]
-8.369961738586426, [-1.2270793181096962, -2.8555682202895682]
-15.210601806640625, [-4.0600052849687485, 8.93385963433108]
-10.52981948852539, [-0.7377257610993961, 4.174954055605673]
-13.827743530273438, [6.192077126391306, -3.1929938043078323]
-9.164532661437988, [-3.1491724855861474, 0.5123511870196715]
-17.28378677368164, [7.778430284519851, 6.570764217111229]
-12.843720436096191, [6.971804553979634, -0.1080940751519801]
-11.620774269104004, [-2.7299464021269575, -4.165712939450259]
-7.299099922180176, [-1.6388223854515487, 1.3263828605331343]
-15.561667442321777, [4.156001890130904, 7.318159157525249]
-17.400005340576172, [9.568949856675905, 4.89581394853043]
-10.343644142150879, [3.9001411977985097, -1.737236382194269]
-15.847648620605469, [8.802848593549419, 2.210782159546894]
-11.24838924407959, [1.0070010646754648, -4.669014821274821]
-11.049525260925293, [3.3056583340016523, 3.1362306502168558]
-18.2315673828125, [8.287100284025389, 8.334272403445807]
-10.456003189086914, [-1.3553554494082753, 3.468425676294098]
-9.487525939941406, [-3.0043747181349634, 2.82505303724143]
-15.1638822555542, [7.719445812635527, -0.27293322163976974]
-11.003426551818848, [-2.263288457131666, -3.744489882415419]
-13.474771499633789, [6.299089462455257, 2.033979529789704]
-12.893062591552734, [7.0706683390847385, 0.9526616998607293]
-7.100934982299805, [-0.351083081620974, -2.1666705183274826]
-12.381714820861816, [4.882689752377736, -2.7033309004495374]
-17.78112030029297, [9.898418289313582, 5.505549492889845]
-12.890166282653809, [-0.11085009871050566, 6.938693597456952]
-16.486011505126953, [1.985736287694813, 9.402069201559893]
-13.175958633422852, [-4.510423985531163, 3.9455153597688106]
-17.013355255126953, [2.4290098945068177, 9.919710426716241]
-8.755579948425293, [2.6693827737513516, -1.2513315931898763]
-13.371575355529785, [3.193726874108382, 5.302105501055825]
-12.97698974609375, [5.321696100927904, 1.385678452181562]
-11.750591278076172, [0.9005581078174183, 5.975170501130014]
-11.3568754196167, [4.587615846922379, -0.9501127861990888]
-12.138869285583496, [1.4006644437781954, 4.5954352691629605]
-10.088318824768066, [-0.6993674633053111, 4.022565160761189]
-8.989286422729492, [-2.6334242836861064, 1.9296897580736676]
-10.284587860107422, [-3.978438659274971, 1.7446711019424583]
-11.349453926086426, [-4.305347749143392, -0.5876469590175333]
-6.633328437805176, [-1.192233751410047, -2.0832328110629064]
-9.548677444458008, [-3.248944438857425, -0.5218026807979186]
-9.883614540100098, [-0.7282380739344916, -3.9554092540840244]
-8.238154411315918, [-2.2147438163303104, 2.1386453023889525]
-10.554421424865723, [-1.5285308215204196, 3.422584012952413]
-10.765602111816406, [0.014773853228021494, 4.369030118623641]
-10.974321365356445, [-0.8058323570670769, 4.939638739476095]
-8.145833969116211, [0.7803581421174641, -2.4555353271759657]
-9.941349983215332, [-2.712626121949163, -2.9420621485799323]
-7.715837478637695, [0.11045874497804675, -3.1157822103052073]
-7.255805015563965, [-1.7653339078307564, -1.9851515671088222]
-7.704702377319336, [-0.037790805671114924, 2.508240267461275]
-11.402756690979004, [-2.7187825059635244, 4.104867809600314]
-8.373087882995605, [-2.933803967433434, 0.6814314487294624]
-13.299176216125488, [-4.8567293591197, -3.4831514317279897]
-9.500762939453125, [-0.5321453403509082, -3.236181958742911]
-6.133732795715332, [0.8410151718351386, -2.0818499986481456]
-10.911786079406738, [-2.2828406383045667, 3.836527376929496]
-9.600166320800781, [-0.01738579748279534, 3.60212327276097]
-8.356030464172363, [0.7833302123548833, -2.6010502596123963]
-9.044748306274414, [-0.8517419143084695, -3.2689622789878943]
-11.200289726257324, [-2.963225477956138, 4.207195740425462]
-13.096481323242188, [-4.000717099028428, 4.441552935772052]
-6.660943031311035, [-0.5868149678760872, -1.7490646675991712]
-9.498756408691406, [-1.1214796028068221, -3.3467125671639675]
-10.343223571777344, [-3.951410598024351, 1.325509666099407]
-7.70419979095459, [2.966608882486727, -0.8304477680440554]
-6.611056327819824, [0.6507847302071719, -1.7549219671862692]
-3.0313234329223633, [-0.03954242463925706, 0.475054352459491]
-4.804665565490723, [1.0547597376182214, 0.5158522164329007]
-3.161166191101074, [-0.7331137171580107, 0.04672380045338631]
-3.4112939834594727, [0.11654161087682535, -0.6067684011100036]
-2.6663103103637695, [-0.9035413576924034, -0.03728500719143035]
-2.726895332336426, [-0.37737078127830603, 0.09258207082682013]
-3.1435346603393555, [-0.5094703390193027, 0.05414761625888964]
-4.081784248352051, [-0.32865068156217614, -0.841191286641501]
-1.3744211196899414, [-0.08866632829040899, 0.17845899027193646]
-3.1984434127807617, [-0.49087008244097774, -0.10961794547404402]
-3.0355424880981445, [-0.016903883163618794, 0.7687288422036742]
-4.434269905090332, [0.9048740125485786, 0.6896781171824529]
-3.983382225036621, [-0.7902510231619715, 0.29546772942564736]
-1.3937349319458008, [-0.024601278981323027, -0.2031193551037065]
-3.5236501693725586, [-0.16808567962962329, 0.5749959576798016]
-4.062125205993652, [0.35714552700654156, 0.5666405163130905]
-3.2863569259643555, [-0.13903135572213365, -0.49568720487662166]
-3.2359704971313477, [-0.15124439822905256, 0.4657769773247802]
-3.1691389083862305, [-0.40413149574133733, 0.1966356742607438]
-3.2812070846557617, [-0.6260704505867398, -0.04645458810227954]
-3.143069267272949, [0.2648704009220104, 0.33319026523711326]
-0.6953439712524414, [-0.10826763021550345, 0.05437568573006768]
-2.4488325119018555, [0.19555455173581926, -0.25606323866722036]
-2.2136545181274414, [-0.3111123595622374, -0.00945131610061889]
-3.8352479934692383, [-0.5967243078515354, 0.2603134236772302]
-2.9853010177612305, [-0.2769823099570523, 0.2845657765699201]
-2.5575132369995117, [0.060793029922508346, 0.3580107495073177]
-2.172572135925293, [0.2851892124137052, 0.08770882037037087]
-3.114701271057129, [-0.3611936076487483, 0.22819939749150375]
-1.9146108627319336, [0.26820847192805086, 0.02121997792707031]
-0.509953498840332, [-0.021156848766294978, -0.09506125965758461]
-2.2667531967163086, [0.19771794787628583, -0.22326488287345292]
-1.043288230895996, [-0.07642963699171812, -0.14285469125540207]
-1.385807991027832, [-0.018359539958519022, -0.20298701458302304]
-1.5822248458862305, [0.1914081904173619, -0.11182448392305488]
-0.4791574478149414, [0.05204411236032058, -0.07688249473189757]
-0.37259387969970703, [-0.05677934215398661, -0.05266738100208901]
-0.8055963516235352, [-0.1353346253410157, -0.00600288745689781]
-0.1360635757446289, [-0.024654654035638046, 0.026239574850324132]
-0.3815183639526367, [-0.0697642322915275, 0.036764090250860804]
-0.47885799407958984, [0.05528519409582433, 0.07450695207780456]
-0.48875904083251953, [-0.06912348440627358, -0.0638625825968937]
-0.15418338775634766, [-0.008733714014634408, -0.03882157162050248]
-10.057682991027832, [-4.037773060181049, 0.715918078121959]
-17.74565887451172, [4.6316783099355785, 9.690334734788017]
-16.163352966308594, [5.757715393717627, 7.900202268866073]
-13.849268913269043, [5.494440044253116, 2.588789215858366]
-16.283329010009766, [-3.4507490973313724, 8.190905141661396]
-10.413355827331543, [0.9192556175230227, 4.993872294917363]
-13.94702434539795, [-0.707543162585349, 6.3444798271696445]
-12.478425979614258, [-4.561154118459293, 2.304846379557876]
-10.113117218017578, [1.8346941411133617, -3.8285684359927834]
-14.575835227966309, [-2.1584695406053833, 7.256338499456859]
-11.407958030700684, [3.7494489516110203, -3.158071045932725]
-14.212048530578613, [-0.4596173087465818, 6.387810792250448]
-13.49455451965332, [-3.5767218710833477, 4.697445773480574]
-3.274306297302246, [0.9978737289778108, -0.16775336005698183]
-17.307498931884766, [8.030570878703028, 7.380378581996672]
-16.43054962158203, [7.488635269860149, -4.37855845451767]
-14.799493789672852, [-1.9186193650159495, 8.194345762908293]
-7.447890281677246, [-2.409233365234562, 0.05864451614220201]
-8.963479995727539, [-0.3092389196678633, -3.1812363723577426]
-17.082412719726562, [-3.696428332181397, 9.281967337569101]
-8.13078784942627, [1.9530724097505745, -2.273794048016886]
-9.216534614562988, [-1.7437215509965078, -2.5944010733653644]
-6.279969215393066, [1.6029307034289024, 0.9171434463661852]
-12.328837394714355, [0.618713371150637, 5.188235168280171]
-16.502235412597656, [-4.427547334854627, 7.667609694693395]
-7.71597957611084, [-2.120895991433085, -2.1457347323279414]
-15.248204231262207, [-0.46580727372194985, 7.372020335773206]
-12.574678421020508, [2.6366615079372844, -4.86098353990538]
-16.902957916259766, [9.599108019070993, 2.8847715359573485]
-14.264007568359375, [-4.50029822375397, -4.6069188686955105]
-3.247391700744629, [-0.6043355196879308, 0.000681670826763181]
-3.6328554153442383, [-1.1221009830753759, 0.12586496989975515]
-3.448122978210449, [0.6595134179363411, 0.1272629986231486]
-3.462519645690918, [-0.18494778387289745, 1.0261222559639647]
-3.4248552322387695, [0.13376239885099306, 0.5739756643638048]
-3.0000600814819336, [-0.02337386413438214, -0.4692524990124678]
-1.7697439193725586, [-0.22170839887279659, 0.10294248648668258]
-3.1393232345581055, [0.16608437263566778, 0.4236091449411097]
-0.37291431427001953, [0.07508113686986473, 0.019856299677032396]
-7.387024879455566, [-1.2230028591876247, 2.190701236108281]
-2.669550895690918, [-0.22015526947356534, -0.2739386996860178]
-1.5524015426635742, [-0.20160879933026443, 0.08774650166715414]
-0.944127082824707, [-0.07061198650525746, -0.13314401265593823]
-3.150750160217285, [-0.005972886216978779, 0.5283663420899689]
-2.0697145462036133, [0.14569440599415806, -0.23589810947169454]
-3.744317054748535, [-0.7685523237408471, -0.23221702683527035]
-3.2411718368530273, [-0.35433699983523415, -0.26846984453653455]
-3.7399988174438477, [0.3482257227034644, -0.4272500040880427]
-2.188570976257324, [0.160573556275863, -0.24260840202173828]
-3.02268123626709, [-0.47850806412423186, 0.00498375456407274]
-3.258427619934082, [0.026191603071847425, 0.6092118898515526]
-2.738142967224121, [-0.14148443259833066, -0.35030120995148817]
-2.6974401473999023, [-0.15753309550537775, -0.3310039790619719]
-2.4469003677368164, [-0.2682715924355117, -0.18078563371524314]
-2.218111991882324, [0.3115300614209202, 0.013534592507245868]
-2.1608686447143555, [0.23706159780728786, 0.16217577684168383]
-1.2984819412231445, [-0.09759042725261313, -0.16325505942512297]
-0.36072254180908203, [-0.03303506734954631, 0.06813951220110681]
-1.3555021286010742, [-0.20037496543937916, -0.0042623943109889595]
-0.6808099746704102, [0.11954496546568372, -0.009776312766636153]
-1.7811994552612305, [-0.0009207170501035478, 0.2521372245670559]
-0.859980583190918, [0.10332406750047429, -0.09510667971426567]
-0.1988229751586914, [0.042134546645782756, -0.0240318753847637]
-0.31795215606689453, [-0.018559718329434816, 0.06655827027882744]
-0.5954179763793945, [-0.02013573165828042, -0.10698116477110986]
-0.039147377014160156, [-0.012026106403355108, -0.0030063950508534276]
-0.09017658233642578, [0.024685719620110902, -0.0071387089279459914]
-0.18036937713623047, [0.03696831176885951, -0.025626055402147685]
-0.25200557708740234, [0.042070037343510336, 0.04001195689851045]
-0.1771230697631836, [0.027777938763661858, -0.03457078369678879]
-1.7617483139038086, [-0.10799031812934601, -0.21772176923515607]
-0.5277566909790039, [-0.09169356134682827, -0.03898287915362708]
-0.36145877838134766, [-0.011361111133208368, -0.07509395789189721]
-1.103316307067871, [0.09218388790129506, -0.14087995564468425]
-0.7724618911743164, [0.04308332604221876, -0.12361592493021423]
-2.062647819519043, [0.22720337445008099, 0.15573975869065748]
-2.3854894638061523, [-0.2149902421103458, -0.22712470064192525]
-1.359654426574707, [-0.16319635775443952, -0.1095679143935282]
-2.490859031677246, [0.2218860894281569, -0.23923859894609578]
-0.738337516784668, [-0.12666608352200315, 0.011160276701599303]
-1.8988676071166992, [-0.23622840194449995, -0.10806229998733698]
-1.792292594909668, [0.15053001225394347, -0.19154930848275376]
-2.6998395919799805, [-0.21647518208137717, -0.2830709298560745]
-0.9181985855102539, [-0.10651274889153228, -0.10150074944051024]
-1.2132844924926758, [-0.05770569909272005, -0.17295931459573577]
