2024-01-12 22:16:23,849 - INFO - [44 in node 3] Best value: -1270946.925 | TR length: 0.800 | num. failures: 0/5 | num. successes: 1/10
2024-01-12 22:16:24,212 - INFO - [48 in node 3] Best value: -1051626.133 | TR length: 0.800 | num. failures: 0/5 | num. successes: 2/10
2024-01-12 22:16:24,661 - INFO - [52 in node 3] Best value: -1051626.133 | TR length: 0.800 | num. failures: 1/5 | num. successes: 0/10
2024-01-12 22:16:25,136 - INFO - [56 in node 3] Best value: -1051626.133 | TR length: 0.800 | num. failures: 2/5 | num. successes: 0/10
2024-01-12 22:16:25,614 - INFO - [60 in node 3] Best value: -1032646.462 | TR length: 0.800 | num. failures: 0/5 | num. successes: 1/10
2024-01-12 22:16:26,100 - INFO - [64 in node 3] Best value: -1032646.462 | TR length: 0.800 | num. failures: 1/5 | num. successes: 0/10
2024-01-12 22:16:26,537 - INFO - [68 in node 3] Best value: -1032646.462 | TR length: 0.800 | num. failures: 2/5 | num. successes: 0/10
2024-01-12 22:16:26,985 - INFO - [72 in node 3] Best value: -1032646.462 | TR length: 0.800 | num. failures: 3/5 | num. successes: 0/10
2024-01-12 22:16:27,574 - INFO - [76 in node 3] Best value: -1032646.462 | TR length: 0.800 | num. failures: 4/5 | num. successes: 0/10
2024-01-12 22:16:28,044 - INFO - [80 in node 3] Best value: -1032646.462 | TR length: 0.400 | num. failures: 0/5 | num. successes: 0/10
2024-01-12 22:16:28,529 - INFO - [84 in node 3] Best value: -766535.706 | TR length: 0.400 | num. failures: 0/5 | num. successes: 1/10
2024-01-12 22:16:28,963 - INFO - [88 in node 3] Best value: -766535.706 | TR length: 0.400 | num. failures: 1/5 | num. successes: 0/10
2024-01-12 22:16:29,457 - INFO - [92 in node 3] Best value: -737300.588 | TR length: 0.400 | num. failures: 0/5 | num. successes: 1/10
2024-01-12 22:16:29,915 - INFO - [96 in node 3] Best value: -490022.720 | TR length: 0.400 | num. failures: 0/5 | num. successes: 2/10
2024-01-12 22:16:30,385 - INFO - [100 in node 3] Best value: -437638.452 | TR length: 0.400 | num. failures: 0/5 | num. successes: 3/10
2024-01-12 22:16:30,860 - INFO - [104 in node 3] Best value: -239281.444 | TR length: 0.400 | num. failures: 0/5 | num. successes: 4/10
2024-01-12 22:16:31,306 - INFO - [108 in node 3] Best value: -171540.942 | TR length: 0.400 | num. failures: 0/5 | num. successes: 5/10
2024-01-12 22:16:31,774 - INFO - [112 in node 3] Best value: -160197.007 | TR length: 0.400 | num. failures: 0/5 | num. successes: 6/10
2024-01-12 22:16:32,294 - INFO - [116 in node 3] Best value: -105750.582 | TR length: 0.400 | num. failures: 0/5 | num. successes: 7/10
2024-01-12 22:16:32,822 - INFO - [120 in node 3] Best value: -93494.544 | TR length: 0.400 | num. failures: 0/5 | num. successes: 8/10
2024-01-12 22:16:33,341 - INFO - [124 in node 3] Best value: -93494.544 | TR length: 0.400 | num. failures: 1/5 | num. successes: 0/10
2024-01-12 22:16:33,871 - INFO - [128 in node 3] Best value: -93494.544 | TR length: 0.400 | num. failures: 2/5 | num. successes: 0/10
2024-01-12 22:16:34,350 - INFO - [132 in node 3] Best value: -81871.949 | TR length: 0.400 | num. failures: 0/5 | num. successes: 1/10
2024-01-12 22:16:34,901 - INFO - [136 in node 3] Best value: -70937.088 | TR length: 0.400 | num. failures: 0/5 | num. successes: 2/10
2024-01-12 22:16:35,501 - INFO - [140 in node 3] Best value: -41683.233 | TR length: 0.400 | num. failures: 0/5 | num. successes: 3/10
2024-01-12 22:16:36,163 - INFO - [144 in node 3] Best value: -24776.103 | TR length: 0.400 | num. failures: 0/5 | num. successes: 4/10
2024-01-12 22:16:36,748 - INFO - [148 in node 3] Best value: -22093.083 | TR length: 0.400 | num. failures: 0/5 | num. successes: 5/10
2024-01-12 22:16:37,306 - INFO - [152 in node 3] Best value: -22093.083 | TR length: 0.400 | num. failures: 1/5 | num. successes: 0/10
2024-01-12 22:16:37,987 - INFO - [156 in node 3] Best value: -22093.083 | TR length: 0.400 | num. failures: 2/5 | num. successes: 0/10
2024-01-12 22:16:38,595 - INFO - [160 in node 3] Best value: -22093.083 | TR length: 0.400 | num. failures: 3/5 | num. successes: 0/10
2024-01-12 22:16:39,199 - INFO - [164 in node 3] Best value: -22093.083 | TR length: 0.400 | num. failures: 4/5 | num. successes: 0/10
2024-01-12 22:16:39,915 - INFO - [168 in node 3] Best value: -22093.083 | TR length: 0.200 | num. failures: 0/5 | num. successes: 0/10
2024-01-12 22:16:40,826 - INFO - [172 in node 3] Best value: -22093.083 | TR length: 0.200 | num. failures: 1/5 | num. successes: 0/10
2024-01-12 22:16:41,720 - INFO - [176 in node 3] Best value: -15217.957 | TR length: 0.200 | num. failures: 0/5 | num. successes: 1/10
2024-01-12 22:16:42,431 - INFO - [180 in node 3] Best value: -15217.957 | TR length: 0.200 | num. failures: 1/5 | num. successes: 0/10
2024-01-12 22:16:43,023 - INFO - [184 in node 3] Best value: -15217.957 | TR length: 0.200 | num. failures: 2/5 | num. successes: 0/10
2024-01-12 22:16:43,562 - INFO - [188 in node 3] Best value: -12781.660 | TR length: 0.200 | num. failures: 0/5 | num. successes: 1/10
2024-01-12 22:16:44,130 - INFO - [192 in node 3] Best value: -10187.050 | TR length: 0.200 | num. failures: 0/5 | num. successes: 2/10
2024-01-12 22:16:44,708 - INFO - [196 in node 3] Best value: -9897.818 | TR length: 0.200 | num. failures: 0/5 | num. successes: 3/10
2024-01-12 22:16:45,349 - INFO - [200 in node 3] Best value: -9897.818 | TR length: 0.200 | num. failures: 1/5 | num. successes: 0/10
2024-01-12 22:16:45,954 - INFO - [204 in node 3] Best value: -7522.016 | TR length: 0.200 | num. failures: 0/5 | num. successes: 1/10
2024-01-12 22:16:46,547 - INFO - [208 in node 3] Best value: -7522.016 | TR length: 0.200 | num. failures: 1/5 | num. successes: 0/10
2024-01-12 22:16:47,237 - INFO - [212 in node 3] Best value: -7522.016 | TR length: 0.200 | num. failures: 2/5 | num. successes: 0/10
2024-01-12 22:16:48,020 - INFO - [216 in node 3] Best value: -7522.016 | TR length: 0.200 | num. failures: 3/5 | num. successes: 0/10
2024-01-12 22:16:48,870 - INFO - [220 in node 3] Best value: -6930.242 | TR length: 0.200 | num. failures: 0/5 | num. successes: 1/10
2024-01-12 22:16:49,671 - INFO - [224 in node 3] Best value: -6930.242 | TR length: 0.200 | num. failures: 1/5 | num. successes: 0/10
2024-01-12 22:16:50,441 - INFO - [228 in node 3] Best value: -6930.242 | TR length: 0.200 | num. failures: 2/5 | num. successes: 0/10
2024-01-12 22:16:51,460 - INFO - [232 in node 3] Best value: -6930.242 | TR length: 0.200 | num. failures: 3/5 | num. successes: 0/10
2024-01-12 22:16:52,293 - INFO - [236 in node 3] Best value: -6930.242 | TR length: 0.200 | num. failures: 4/5 | num. successes: 0/10
2024-01-12 22:16:52,971 - INFO - [240 in node 3] Best value: -6930.242 | TR length: 0.100 | num. failures: 0/5 | num. successes: 0/10
2024-01-12 22:16:53,743 - INFO - [244 in node 3] Best value: -6930.242 | TR length: 0.100 | num. failures: 1/5 | num. successes: 0/10
2024-01-12 22:16:54,338 - INFO - [248 in node 3] Best value: -5173.056 | TR length: 0.100 | num. failures: 0/5 | num. successes: 1/10
2024-01-12 22:16:55,055 - INFO - [252 in node 3] Best value: -2807.684 | TR length: 0.100 | num. failures: 0/5 | num. successes: 2/10
2024-01-12 22:16:55,898 - INFO - [256 in node 3] Best value: -2311.358 | TR length: 0.100 | num. failures: 0/5 | num. successes: 3/10
2024-01-12 22:16:56,593 - INFO - [260 in node 3] Best value: -2311.358 | TR length: 0.100 | num. failures: 1/5 | num. successes: 0/10
2024-01-12 22:16:57,377 - INFO - [264 in node 3] Best value: -2311.358 | TR length: 0.100 | num. failures: 2/5 | num. successes: 0/10
2024-01-12 22:16:58,165 - INFO - [268 in node 3] Best value: -2311.358 | TR length: 0.100 | num. failures: 3/5 | num. successes: 0/10
2024-01-12 22:16:59,095 - INFO - [272 in node 3] Best value: -1762.608 | TR length: 0.100 | num. failures: 0/5 | num. successes: 1/10
2024-01-12 22:17:00,036 - INFO - [276 in node 3] Best value: -1762.608 | TR length: 0.100 | num. failures: 1/5 | num. successes: 0/10
2024-01-12 22:17:01,056 - INFO - [280 in node 3] Best value: -1000.756 | TR length: 0.100 | num. failures: 0/5 | num. successes: 1/10
2024-01-12 22:17:01,852 - INFO - [284 in node 3] Best value: -1000.756 | TR length: 0.100 | num. failures: 1/5 | num. successes: 0/10
2024-01-12 22:17:02,794 - INFO - [288 in node 3] Best value: -1000.756 | TR length: 0.100 | num. failures: 2/5 | num. successes: 0/10
2024-01-12 22:17:03,746 - INFO - [292 in node 3] Best value: -967.348 | TR length: 0.100 | num. failures: 0/5 | num. successes: 1/10
2024-01-12 22:17:04,572 - INFO - [296 in node 3] Best value: -967.348 | TR length: 0.100 | num. failures: 1/5 | num. successes: 0/10
2024-01-12 22:17:05,500 - INFO - [300 in node 3] Best value: -967.348 | TR length: 0.100 | num. failures: 2/5 | num. successes: 0/10
2024-01-12 22:17:06,398 - INFO - [304 in node 3] Best value: -967.348 | TR length: 0.100 | num. failures: 3/5 | num. successes: 0/10
2024-01-12 22:17:07,362 - INFO - [308 in node 3] Best value: -967.348 | TR length: 0.100 | num. failures: 4/5 | num. successes: 0/10
2024-01-12 22:17:08,167 - INFO - [312 in node 3] Best value: -967.348 | TR length: 0.050 | num. failures: 0/5 | num. successes: 0/10
2024-01-12 22:17:08,904 - INFO - [316 in node 3] Best value: -967.348 | TR length: 0.050 | num. failures: 1/5 | num. successes: 0/10
2024-01-12 22:17:09,649 - INFO - [320 in node 3] Best value: -967.348 | TR length: 0.050 | num. failures: 2/5 | num. successes: 0/10
2024-01-12 22:17:10,538 - INFO - [324 in node 3] Best value: -967.348 | TR length: 0.050 | num. failures: 3/5 | num. successes: 0/10
2024-01-12 22:17:11,416 - INFO - [328 in node 3] Best value: -963.537 | TR length: 0.050 | num. failures: 0/5 | num. successes: 1/10
2024-01-12 22:17:12,173 - INFO - [332 in node 3] Best value: -963.537 | TR length: 0.050 | num. failures: 1/5 | num. successes: 0/10
2024-01-12 22:17:13,023 - INFO - [336 in node 3] Best value: -885.797 | TR length: 0.050 | num. failures: 0/5 | num. successes: 1/10
2024-01-12 22:17:13,832 - INFO - [340 in node 3] Best value: -785.195 | TR length: 0.050 | num. failures: 0/5 | num. successes: 2/10
2024-01-12 22:17:14,571 - INFO - [344 in node 3] Best value: -785.195 | TR length: 0.050 | num. failures: 1/5 | num. successes: 0/10
2024-01-12 22:17:15,439 - INFO - [348 in node 3] Best value: -592.821 | TR length: 0.050 | num. failures: 0/5 | num. successes: 1/10
2024-01-12 22:17:16,158 - INFO - [352 in node 3] Best value: -592.821 | TR length: 0.050 | num. failures: 1/5 | num. successes: 0/10
2024-01-12 22:17:16,921 - INFO - [356 in node 3] Best value: -592.821 | TR length: 0.050 | num. failures: 2/5 | num. successes: 0/10
2024-01-12 22:17:17,726 - INFO - [360 in node 3] Best value: -592.821 | TR length: 0.050 | num. failures: 3/5 | num. successes: 0/10
2024-01-12 22:17:18,579 - INFO - [364 in node 3] Best value: -542.896 | TR length: 0.050 | num. failures: 0/5 | num. successes: 1/10
2024-01-12 22:17:19,492 - INFO - [368 in node 3] Best value: -479.777 | TR length: 0.050 | num. failures: 0/5 | num. successes: 2/10
2024-01-12 22:17:20,305 - INFO - [372 in node 3] Best value: -479.777 | TR length: 0.050 | num. failures: 1/5 | num. successes: 0/10
2024-01-12 22:17:21,208 - INFO - [376 in node 3] Best value: -479.777 | TR length: 0.050 | num. failures: 2/5 | num. successes: 0/10
2024-01-12 22:17:22,061 - INFO - [380 in node 3] Best value: -479.777 | TR length: 0.050 | num. failures: 3/5 | num. successes: 0/10
2024-01-12 22:17:22,823 - INFO - [384 in node 3] Best value: -479.777 | TR length: 0.050 | num. failures: 4/5 | num. successes: 0/10
2024-01-12 22:17:23,611 - INFO - [388 in node 3] Best value: -479.777 | TR length: 0.025 | num. failures: 0/5 | num. successes: 0/10
2024-01-12 22:17:24,451 - INFO - [392 in node 3] Best value: -479.777 | TR length: 0.025 | num. failures: 1/5 | num. successes: 0/10
2024-01-12 22:17:25,241 - INFO - [396 in node 3] Best value: -434.181 | TR length: 0.025 | num. failures: 0/5 | num. successes: 1/10
2024-01-12 22:17:26,259 - INFO - [400 in node 3] Best value: -383.697 | TR length: 0.025 | num. failures: 0/5 | num. successes: 2/10
2024-01-12 22:17:27,090 - INFO - [404 in node 3] Best value: -383.697 | TR length: 0.025 | num. failures: 1/5 | num. successes: 0/10
2024-01-12 22:17:28,035 - INFO - [408 in node 3] Best value: -376.700 | TR length: 0.025 | num. failures: 0/5 | num. successes: 1/10
2024-01-12 22:17:29,086 - INFO - [412 in node 3] Best value: -376.700 | TR length: 0.025 | num. failures: 1/5 | num. successes: 0/10
2024-01-12 22:17:30,230 - INFO - [416 in node 3] Best value: -302.822 | TR length: 0.025 | num. failures: 0/5 | num. successes: 1/10
2024-01-12 22:17:31,306 - INFO - [420 in node 3] Best value: -302.822 | TR length: 0.025 | num. failures: 1/5 | num. successes: 0/10
2024-01-12 22:17:32,448 - INFO - [424 in node 3] Best value: -265.993 | TR length: 0.025 | num. failures: 0/5 | num. successes: 1/10
2024-01-12 22:17:33,521 - INFO - [428 in node 3] Best value: -265.993 | TR length: 0.025 | num. failures: 1/5 | num. successes: 0/10
2024-01-12 22:17:34,684 - INFO - [432 in node 3] Best value: -265.993 | TR length: 0.025 | num. failures: 2/5 | num. successes: 0/10
2024-01-12 22:17:35,692 - INFO - [436 in node 3] Best value: -264.981 | TR length: 0.025 | num. failures: 0/5 | num. successes: 1/10
2024-01-12 22:17:36,810 - INFO - [440 in node 3] Best value: -261.336 | TR length: 0.025 | num. failures: 0/5 | num. successes: 2/10
2024-01-12 22:17:37,967 - INFO - [444 in node 3] Best value: -261.336 | TR length: 0.025 | num. failures: 1/5 | num. successes: 0/10
2024-01-12 22:17:39,161 - INFO - [448 in node 3] Best value: -261.336 | TR length: 0.025 | num. failures: 2/5 | num. successes: 0/10
2024-01-12 22:17:40,183 - INFO - [452 in node 3] Best value: -221.263 | TR length: 0.025 | num. failures: 0/5 | num. successes: 1/10
2024-01-12 22:17:41,447 - INFO - [456 in node 3] Best value: -221.263 | TR length: 0.025 | num. failures: 1/5 | num. successes: 0/10
2024-01-12 22:17:42,547 - INFO - [460 in node 3] Best value: -221.263 | TR length: 0.025 | num. failures: 2/5 | num. successes: 0/10
2024-01-12 22:17:43,733 - INFO - [464 in node 3] Best value: -219.104 | TR length: 0.025 | num. failures: 0/5 | num. successes: 1/10
2024-01-12 22:17:44,923 - INFO - [468 in node 3] Best value: -182.849 | TR length: 0.025 | num. failures: 0/5 | num. successes: 2/10
2024-01-12 22:17:46,276 - INFO - [472 in node 3] Best value: -182.849 | TR length: 0.025 | num. failures: 1/5 | num. successes: 0/10
2024-01-12 22:17:47,689 - INFO - [476 in node 3] Best value: -182.849 | TR length: 0.025 | num. failures: 2/5 | num. successes: 0/10
2024-01-12 22:17:49,156 - INFO - [480 in node 3] Best value: -182.849 | TR length: 0.025 | num. failures: 3/5 | num. successes: 0/10
2024-01-12 22:17:50,497 - INFO - [484 in node 3] Best value: -182.849 | TR length: 0.025 | num. failures: 4/5 | num. successes: 0/10
2024-01-12 22:17:51,955 - INFO - [488 in node 3] Best value: -157.777 | TR length: 0.025 | num. failures: 0/5 | num. successes: 1/10
2024-01-12 22:17:53,356 - INFO - [492 in node 3] Best value: -157.777 | TR length: 0.025 | num. failures: 1/5 | num. successes: 0/10
2024-01-12 22:17:54,759 - INFO - [496 in node 3] Best value: -157.777 | TR length: 0.025 | num. failures: 2/5 | num. successes: 0/10
2024-01-12 22:17:56,175 - INFO - [500 in node 3] Best value: -157.777 | TR length: 0.025 | num. failures: 3/5 | num. successes: 0/10
2024-01-12 22:17:57,443 - INFO - [504 in node 3] Best value: -127.895 | TR length: 0.025 | num. failures: 0/5 | num. successes: 1/10
2024-01-12 22:17:58,662 - INFO - [508 in node 3] Best value: -127.895 | TR length: 0.025 | num. failures: 1/5 | num. successes: 0/10
2024-01-12 22:17:59,929 - INFO - [512 in node 3] Best value: -127.895 | TR length: 0.025 | num. failures: 2/5 | num. successes: 0/10
2024-01-12 22:18:01,141 - INFO - [516 in node 3] Best value: -127.895 | TR length: 0.025 | num. failures: 3/5 | num. successes: 0/10
2024-01-12 22:18:02,429 - INFO - [520 in node 3] Best value: -127.895 | TR length: 0.025 | num. failures: 4/5 | num. successes: 0/10
2024-01-12 22:18:03,805 - INFO - [524 in node 3] Best value: -115.042 | TR length: 0.025 | num. failures: 0/5 | num. successes: 1/10
2024-01-12 22:18:05,317 - INFO - [528 in node 3] Best value: -115.042 | TR length: 0.025 | num. failures: 1/5 | num. successes: 0/10
2024-01-12 22:18:06,762 - INFO - [532 in node 3] Best value: -115.042 | TR length: 0.025 | num. failures: 2/5 | num. successes: 0/10
2024-01-12 22:18:08,481 - INFO - [536 in node 3] Best value: -115.042 | TR length: 0.025 | num. failures: 3/5 | num. successes: 0/10
2024-01-12 22:18:09,914 - INFO - [540 in node 3] Best value: -115.042 | TR length: 0.025 | num. failures: 4/5 | num. successes: 0/10
2024-01-12 22:18:11,560 - INFO - [544 in node 3] Best value: -115.042 | TR length: 0.013 | num. failures: 0/5 | num. successes: 0/10
2024-01-12 22:18:13,319 - INFO - [548 in node 3] Best value: -102.351 | TR length: 0.013 | num. failures: 0/5 | num. successes: 1/10
2024-01-12 22:18:15,058 - INFO - [552 in node 3] Best value: -97.516 | TR length: 0.013 | num. failures: 0/5 | num. successes: 2/10
2024-01-12 22:18:16,465 - INFO - [556 in node 3] Best value: -97.516 | TR length: 0.013 | num. failures: 1/5 | num. successes: 0/10
2024-01-12 22:18:18,010 - INFO - [560 in node 3] Best value: -69.877 | TR length: 0.013 | num. failures: 0/5 | num. successes: 1/10
2024-01-12 22:18:19,661 - INFO - [564 in node 3] Best value: -69.877 | TR length: 0.013 | num. failures: 1/5 | num. successes: 0/10
2024-01-12 22:18:21,400 - INFO - [568 in node 3] Best value: -69.877 | TR length: 0.013 | num. failures: 2/5 | num. successes: 0/10
2024-01-12 22:18:23,127 - INFO - [572 in node 3] Best value: -69.877 | TR length: 0.013 | num. failures: 3/5 | num. successes: 0/10
2024-01-12 22:18:24,831 - INFO - [576 in node 3] Best value: -69.877 | TR length: 0.013 | num. failures: 4/5 | num. successes: 0/10
2024-01-12 22:18:26,800 - INFO - [580 in node 3] Best value: -69.276 | TR length: 0.013 | num. failures: 0/5 | num. successes: 1/10
2024-01-12 22:18:29,201 - INFO - [584 in node 3] Best value: -69.276 | TR length: 0.013 | num. failures: 1/5 | num. successes: 0/10
2024-01-12 22:18:31,458 - INFO - [588 in node 3] Best value: -69.276 | TR length: 0.013 | num. failures: 2/5 | num. successes: 0/10
2024-01-12 22:18:33,563 - INFO - [592 in node 3] Best value: -66.115 | TR length: 0.013 | num. failures: 0/5 | num. successes: 1/10
2024-01-12 22:18:35,768 - INFO - [596 in node 3] Best value: -66.115 | TR length: 0.013 | num. failures: 1/5 | num. successes: 0/10
2024-01-12 22:18:38,056 - INFO - [600 in node 3] Best value: -66.115 | TR length: 0.013 | num. failures: 2/5 | num. successes: 0/10
2024-01-12 22:18:39,986 - INFO - [604 in node 3] Best value: -53.229 | TR length: 0.013 | num. failures: 0/5 | num. successes: 1/10
2024-01-12 22:18:42,190 - INFO - [608 in node 3] Best value: -53.229 | TR length: 0.013 | num. failures: 1/5 | num. successes: 0/10
2024-01-12 22:18:44,057 - INFO - [612 in node 3] Best value: -53.229 | TR length: 0.013 | num. failures: 2/5 | num. successes: 0/10
2024-01-12 22:18:46,255 - INFO - [616 in node 3] Best value: -53.229 | TR length: 0.013 | num. failures: 3/5 | num. successes: 0/10
2024-01-12 22:18:48,284 - INFO - [620 in node 3] Best value: -53.229 | TR length: 0.013 | num. failures: 4/5 | num. successes: 0/10
2024-01-12 22:18:50,677 - INFO - [624 in node 3] Best value: -53.229 | TR length: 0.006 | num. failures: 0/5 | num. successes: 0/10
2024-01-12 22:18:50,677 - INFO - [TuRBO] Local Modelling converges (TR length below threshold) after 624 evaluations
2024-01-12 22:18:52,022 - INFO - [44 in node 59] Best value: -119497.963 | TR length: 0.800 | num. failures: 0/5 | num. successes: 1/10
2024-01-12 22:18:52,431 - INFO - [48 in node 59] Best value: -119497.963 | TR length: 0.800 | num. failures: 1/5 | num. successes: 0/10
2024-01-12 22:18:52,910 - INFO - [52 in node 59] Best value: -119497.963 | TR length: 0.800 | num. failures: 2/5 | num. successes: 0/10
2024-01-12 22:18:53,317 - INFO - [56 in node 59] Best value: -119497.963 | TR length: 0.800 | num. failures: 3/5 | num. successes: 0/10
2024-01-12 22:18:53,739 - INFO - [60 in node 59] Best value: -119497.963 | TR length: 0.800 | num. failures: 4/5 | num. successes: 0/10
2024-01-12 22:18:54,150 - INFO - [64 in node 59] Best value: -119497.963 | TR length: 0.400 | num. failures: 0/5 | num. successes: 0/10
2024-01-12 22:18:54,757 - INFO - [68 in node 59] Best value: -107801.935 | TR length: 0.400 | num. failures: 0/5 | num. successes: 1/10
2024-01-12 22:18:55,076 - INFO - [72 in node 59] Best value: -47791.161 | TR length: 0.400 | num. failures: 0/5 | num. successes: 2/10
2024-01-12 22:18:55,547 - INFO - [76 in node 59] Best value: -47791.161 | TR length: 0.400 | num. failures: 1/5 | num. successes: 0/10
2024-01-12 22:18:56,003 - INFO - [80 in node 59] Best value: -47791.161 | TR length: 0.400 | num. failures: 2/5 | num. successes: 0/10
2024-01-12 22:18:56,798 - INFO - [84 in node 59] Best value: -47791.161 | TR length: 0.400 | num. failures: 3/5 | num. successes: 0/10
2024-01-12 22:18:57,631 - INFO - [88 in node 59] Best value: -47791.161 | TR length: 0.400 | num. failures: 4/5 | num. successes: 0/10
2024-01-12 22:18:58,719 - INFO - [92 in node 59] Best value: -47791.161 | TR length: 0.200 | num. failures: 0/5 | num. successes: 0/10
2024-01-12 22:18:59,418 - INFO - [96 in node 59] Best value: -7065.665 | TR length: 0.200 | num. failures: 0/5 | num. successes: 1/10
2024-01-12 22:19:00,083 - INFO - [100 in node 59] Best value: -7065.665 | TR length: 0.200 | num. failures: 1/5 | num. successes: 0/10
2024-01-12 22:19:00,641 - INFO - [104 in node 59] Best value: -6584.760 | TR length: 0.200 | num. failures: 0/5 | num. successes: 1/10
2024-01-12 22:19:01,663 - INFO - [108 in node 59] Best value: -6584.760 | TR length: 0.200 | num. failures: 1/5 | num. successes: 0/10
2024-01-12 22:19:02,290 - INFO - [112 in node 59] Best value: -4645.983 | TR length: 0.200 | num. failures: 0/5 | num. successes: 1/10
2024-01-12 22:19:03,520 - INFO - [116 in node 59] Best value: -4033.213 | TR length: 0.200 | num. failures: 0/5 | num. successes: 2/10
2024-01-12 22:19:03,921 - INFO - [120 in node 59] Best value: -4033.213 | TR length: 0.200 | num. failures: 1/5 | num. successes: 0/10
2024-01-12 22:19:04,576 - INFO - [124 in node 59] Best value: -4033.213 | TR length: 0.200 | num. failures: 2/5 | num. successes: 0/10
2024-01-12 22:19:04,946 - INFO - [128 in node 59] Best value: -4033.213 | TR length: 0.200 | num. failures: 3/5 | num. successes: 0/10
2024-01-12 22:19:05,351 - INFO - [132 in node 59] Best value: -4033.213 | TR length: 0.200 | num. failures: 4/5 | num. successes: 0/10
2024-01-12 22:19:06,000 - INFO - [136 in node 59] Best value: -4033.213 | TR length: 0.100 | num. failures: 0/5 | num. successes: 0/10
2024-01-12 22:19:06,650 - INFO - [140 in node 59] Best value: -911.263 | TR length: 0.100 | num. failures: 0/5 | num. successes: 1/10
2024-01-12 22:19:07,336 - INFO - [144 in node 59] Best value: -911.263 | TR length: 0.100 | num. failures: 1/5 | num. successes: 0/10
2024-01-12 22:19:08,026 - INFO - [148 in node 59] Best value: -911.263 | TR length: 0.100 | num. failures: 2/5 | num. successes: 0/10
2024-01-12 22:19:08,750 - INFO - [152 in node 59] Best value: -911.263 | TR length: 0.100 | num. failures: 3/5 | num. successes: 0/10
2024-01-12 22:19:09,497 - INFO - [156 in node 59] Best value: -911.263 | TR length: 0.100 | num. failures: 4/5 | num. successes: 0/10
2024-01-12 22:19:10,365 - INFO - [160 in node 59] Best value: -638.294 | TR length: 0.100 | num. failures: 0/5 | num. successes: 1/10
2024-01-12 22:19:11,138 - INFO - [164 in node 59] Best value: -638.294 | TR length: 0.100 | num. failures: 1/5 | num. successes: 0/10
2024-01-12 22:19:11,767 - INFO - [168 in node 59] Best value: -487.378 | TR length: 0.100 | num. failures: 0/5 | num. successes: 1/10
2024-01-12 22:19:12,597 - INFO - [172 in node 59] Best value: -487.378 | TR length: 0.100 | num. failures: 1/5 | num. successes: 0/10
2024-01-12 22:19:13,336 - INFO - [176 in node 59] Best value: -487.378 | TR length: 0.100 | num. failures: 2/5 | num. successes: 0/10
2024-01-12 22:19:14,166 - INFO - [180 in node 59] Best value: -487.378 | TR length: 0.100 | num. failures: 3/5 | num. successes: 0/10
2024-01-12 22:19:14,926 - INFO - [184 in node 59] Best value: -487.378 | TR length: 0.100 | num. failures: 4/5 | num. successes: 0/10
2024-01-12 22:19:15,885 - INFO - [188 in node 59] Best value: -487.378 | TR length: 0.050 | num. failures: 0/5 | num. successes: 0/10
2024-01-12 22:19:16,487 - INFO - [192 in node 59] Best value: -223.531 | TR length: 0.050 | num. failures: 0/5 | num. successes: 1/10
2024-01-12 22:19:17,287 - INFO - [196 in node 59] Best value: -201.608 | TR length: 0.050 | num. failures: 0/5 | num. successes: 2/10
2024-01-12 22:19:18,250 - INFO - [200 in node 59] Best value: -201.608 | TR length: 0.050 | num. failures: 1/5 | num. successes: 0/10
2024-01-12 22:19:19,196 - INFO - [204 in node 59] Best value: -201.608 | TR length: 0.050 | num. failures: 2/5 | num. successes: 0/10
2024-01-12 22:19:20,019 - INFO - [208 in node 59] Best value: -201.608 | TR length: 0.050 | num. failures: 3/5 | num. successes: 0/10
2024-01-12 22:19:20,733 - INFO - [212 in node 59] Best value: -201.608 | TR length: 0.050 | num. failures: 4/5 | num. successes: 0/10
2024-01-12 22:19:21,699 - INFO - [216 in node 59] Best value: -201.608 | TR length: 0.025 | num. failures: 0/5 | num. successes: 0/10
2024-01-12 22:19:22,423 - INFO - [220 in node 59] Best value: -117.159 | TR length: 0.025 | num. failures: 0/5 | num. successes: 1/10
2024-01-12 22:19:23,346 - INFO - [224 in node 59] Best value: -90.704 | TR length: 0.025 | num. failures: 0/5 | num. successes: 2/10
2024-01-12 22:19:24,179 - INFO - [228 in node 59] Best value: -90.704 | TR length: 0.025 | num. failures: 1/5 | num. successes: 0/10
2024-01-12 22:19:25,122 - INFO - [232 in node 59] Best value: -72.273 | TR length: 0.025 | num. failures: 0/5 | num. successes: 1/10
2024-01-12 22:19:25,698 - INFO - [236 in node 59] Best value: -72.273 | TR length: 0.025 | num. failures: 1/5 | num. successes: 0/10
2024-01-12 22:19:26,565 - INFO - [240 in node 59] Best value: -72.273 | TR length: 0.025 | num. failures: 2/5 | num. successes: 0/10
2024-01-12 22:19:27,306 - INFO - [244 in node 59] Best value: -72.273 | TR length: 0.025 | num. failures: 3/5 | num. successes: 0/10
2024-01-12 22:19:28,011 - INFO - [248 in node 59] Best value: -72.273 | TR length: 0.025 | num. failures: 4/5 | num. successes: 0/10
2024-01-12 22:19:28,778 - INFO - [252 in node 59] Best value: -72.273 | TR length: 0.013 | num. failures: 0/5 | num. successes: 0/10
2024-01-12 22:19:29,509 - INFO - [256 in node 59] Best value: -59.025 | TR length: 0.013 | num. failures: 0/5 | num. successes: 1/10
2024-01-12 22:19:30,238 - INFO - [260 in node 59] Best value: -55.719 | TR length: 0.013 | num. failures: 0/5 | num. successes: 2/10
2024-01-12 22:19:31,011 - INFO - [264 in node 59] Best value: -55.719 | TR length: 0.013 | num. failures: 1/5 | num. successes: 0/10
2024-01-12 22:19:31,922 - INFO - [268 in node 59] Best value: -50.950 | TR length: 0.013 | num. failures: 0/5 | num. successes: 1/10
2024-01-12 22:19:32,771 - INFO - [272 in node 59] Best value: -50.950 | TR length: 0.013 | num. failures: 1/5 | num. successes: 0/10
2024-01-12 22:19:33,604 - INFO - [276 in node 59] Best value: -50.930 | TR length: 0.013 | num. failures: 0/5 | num. successes: 1/10
2024-01-12 22:19:33,958 - INFO - [280 in node 59] Best value: -46.077 | TR length: 0.013 | num. failures: 0/5 | num. successes: 2/10
2024-01-12 22:19:34,884 - INFO - [284 in node 59] Best value: -46.077 | TR length: 0.013 | num. failures: 1/5 | num. successes: 0/10
2024-01-12 22:19:35,878 - INFO - [288 in node 59] Best value: -46.077 | TR length: 0.013 | num. failures: 2/5 | num. successes: 0/10
2024-01-12 22:19:36,878 - INFO - [292 in node 59] Best value: -44.487 | TR length: 0.013 | num. failures: 0/5 | num. successes: 1/10
2024-01-12 22:19:37,909 - INFO - [296 in node 59] Best value: -44.487 | TR length: 0.013 | num. failures: 1/5 | num. successes: 0/10
2024-01-12 22:19:38,324 - INFO - [300 in node 59] Best value: -44.487 | TR length: 0.013 | num. failures: 2/5 | num. successes: 0/10
2024-01-12 22:19:39,427 - INFO - [304 in node 59] Best value: -44.487 | TR length: 0.013 | num. failures: 3/5 | num. successes: 0/10
2024-01-12 22:19:40,374 - INFO - [308 in node 59] Best value: -44.487 | TR length: 0.013 | num. failures: 4/5 | num. successes: 0/10
2024-01-12 22:19:41,306 - INFO - [312 in node 59] Best value: -44.487 | TR length: 0.006 | num. failures: 0/5 | num. successes: 0/10
2024-01-12 22:19:41,306 - INFO - [TuRBO] Local Modelling converges (TR length below threshold) after 312 evaluations
2024-01-12 22:19:42,240 - INFO - --------------------------------------------------
2024-01-12 22:19:42,243 - INFO - Best X: tensor([0.4067, 0.4043, 0.3920, 0.3818, 0.3545, 0.3527, 0.3391, 0.3341, 0.3354,
        0.3238, 0.3335, 0.3365, 0.3445, 0.3451, 0.3332, 0.3339, 0.3232, 0.3438,
        0.3331, 0.3426], device='cuda:0', dtype=torch.float64)
2024-01-12 22:19:42,243 - INFO - Best Y: -43.863895903707125
2024-01-12 22:19:42,244 - INFO - Elapsed time: 200.52 seconds
